Log file open, 03/16/17 09:54:16
LogInit:Display: Running engine for game: IsekaiLife
LogPlatformFile: Not using cached read wrapper
LogInit:Display: RandInit(1347510343) SRandInit(1347510343).
LogTaskGraph: Started task graph with 5 named threads and 8 total threads with 1 sets of task threads.
LogStats: Stats thread started at 0.076466
LogInit: Using libcurl 7.47.1
LogInit:  - built for x86_64-pc-win32
LogInit:  - supports SSL with OpenSSL/1.0.2g
LogInit:  - supports HTTP deflate (compression) using libz 1.2.8
LogInit:  - other features:
LogInit:      CURL_VERSION_SSL
LogInit:      CURL_VERSION_LIBZ
LogInit:      CURL_VERSION_IPV6
LogInit:      CURL_VERSION_ASYNCHDNS
LogInit:      CURL_VERSION_LARGEFILE
LogInit:      CURL_VERSION_IDN
LogInit:  CurlRequestOptions (configurable via config and command line):
LogInit:  - bVerifyPeer = false  - Libcurl will NOT verify peer certificate
LogInit:  - bUseHttpProxy = false  - Libcurl will NOT use HTTP proxy
LogInit:  - bDontReuseConnections = false  - Libcurl will reuse connections
LogInit:  - CertBundlePath = nullptr  - Libcurl will use whatever was configured at build time.
LogInit: Build: ++UE4+Release-4.15-CL-3299760
LogInit: Engine Version: 4.15.0-3299760+++UE4+Release-4.15
LogInit: Compatible Engine Version: 4.15.0-3299760+++UE4+Release-4.15
LogInit: Net CL: 3299760
LogDevObjectVersion: Number of dev versions registered: 14
LogDevObjectVersion:   Dev-Blueprints (B0D832E4-1F89-4F0D-ACCF-7EB736FD4AA2): 8
LogDevObjectVersion:   Dev-Build (E1C64328-A22C-4D53-A36C-8E866417BD8C): 0
LogDevObjectVersion:   Dev-Core (375EC13C-06E4-48FB-B500-84F0262A717E): 2
LogDevObjectVersion:   Dev-Editor (E4B068ED-F494-42E9-A231-DA0B2E46BB41): 14
LogDevObjectVersion:   Dev-Framework (CFFC743F-43B0-4480-9391-14DF171D2073): 22
LogDevObjectVersion:   Dev-Mobile (B02B49B5-BB20-44E9-A304-32B752E40360): 0
LogDevObjectVersion:   Dev-Networking (A4E4105C-59A1-49B5-A7C5-40C4547EDFEE): 0
LogDevObjectVersion:   Dev-Online (39C831C9-5AE6-47DC-9A44-9C173E1C8E7C): 0
LogDevObjectVersion:   Dev-Physics (78F01B33-EBEA-4F98-B9B4-84EACCB95AA2): 0
LogDevObjectVersion:   Dev-Platform (6631380F-2D4D-43E0-8009-CF276956A95A): 0
LogDevObjectVersion:   Dev-Rendering (12F88B9F-8875-4AFC-A67C-D90C383ABD29): 12
LogDevObjectVersion:   Dev-Sequencer (7B5AE74C-D270-4C10-A958-57980B212A5A): 3
LogDevObjectVersion:   Dev-VR (D7296918-1DD6-4BDD-9DE2-64A83CC13884): 0
LogDevObjectVersion:   Dev-LoadTimes (C2A15278-BFE7-4AFE-6C17-90FF531DF755): 1
LogInit: Compiled (64-bit): Feb 14 2017 02:04:14
LogInit: Compiled with Visual C++: 19.00.23026.00
LogInit: Build Configuration: Development
LogInit: Branch Name: ++UE4+Release-4.15
LogInit: Command line: -EpicPortal 
LogInit: Base directory: C:/Program Files/Epic Games/UE_4.15/Engine/Binaries/Win64/
LogInit: Installed Engine Build: 1
LogInit: Presizing for max 8388607 objects, including 0 objects not considered by GC, pre-allocating 0 bytes for permanent pool.
LogInit: Object subsystem initialized
[2017.03.16-08.54.16:767][  0]LogInit: Selected Device Profile: [Windows]
[2017.03.16-08.54.16:767][  0]LogInit: Applying CVar settings loaded from the selected device profile: [Windows]
[2017.03.16-08.54.16:802][  0]LogInit: Computer: DESKTOP-IJKOIIJ
[2017.03.16-08.54.16:802][  0]LogInit: User: Aratim
[2017.03.16-08.54.16:802][  0]LogInit: CPU Page size=65536, Cores=4
[2017.03.16-08.54.16:802][  0]LogInit: High frequency timer resolution =3.417980 MHz
[2017.03.16-08.54.16:802][  0]LogMemory: Memory total: Physical=8.0GB (8GB approx)
[2017.03.16-08.54.16:802][  0]LogMemory: Platform Memory Stats for Windows
[2017.03.16-08.54.16:802][  0]LogMemory: Process Physical Memory: 262.67 MB used, 262.67 MB peak
[2017.03.16-08.54.16:802][  0]LogMemory: Process Virtual Memory: 262.46 MB used, 262.46 MB peak
[2017.03.16-08.54.16:802][  0]LogMemory: Physical Memory: 3815.20 MB used,  4325.66 MB free, 8140.85 MB total
[2017.03.16-08.54.16:802][  0]LogMemory: Virtual Memory: 643.54 MB used,  4325.66 MB free, 134217728.00 MB total
[2017.03.16-08.54.16:867][  0]LogTextLocalizationManager: No translations for ('fr-FR') exist, falling back to 'en' for localization and internationalization data.
[2017.03.16-08.54.17:400][  0]LogD3D11RHI: D3D11 adapters:
[2017.03.16-08.54.17:889][  0]LogD3D11RHI:    0. 'NVIDIA GeForce GTX 1060 6GB' (Feature Level 11_0)
[2017.03.16-08.54.17:889][  0]LogD3D11RHI:       6084/0/4070 MB DedicatedVideo/DedicatedSystem/SharedSystem, Outputs:1, VendorId:0x10de
[2017.03.16-08.54.17:890][  0]LogD3D11RHI:    1. 'Microsoft Basic Render Driver' (Feature Level 11_0)
[2017.03.16-08.54.17:890][  0]LogD3D11RHI:       0/0/4070 MB DedicatedVideo/DedicatedSystem/SharedSystem, Outputs:0, VendorId:0x1414
[2017.03.16-08.54.17:890][  0]LogD3D11RHI: Chosen D3D11 Adapter: 0
[2017.03.16-08.54.17:893][  0]LogD3D11RHI: Creating new Direct3DDevice
[2017.03.16-08.54.17:893][  0]LogD3D11RHI:     GPU DeviceId: 0x1c03 (for the marketing name, search the web for "GPU Device Id")
[2017.03.16-08.54.17:893][  0]LogWindows: EnumDisplayDevices:
[2017.03.16-08.54.17:893][  0]LogWindows:    0. 'NVIDIA GeForce GTX 1060 6GB' (P:1 D:1)
[2017.03.16-08.54.17:893][  0]LogWindows:    1. 'NVIDIA GeForce GTX 1060 6GB' (P:0 D:0)
[2017.03.16-08.54.17:893][  0]LogWindows:    2. 'NVIDIA GeForce GTX 1060 6GB' (P:0 D:0)
[2017.03.16-08.54.17:893][  0]LogWindows:    3. 'NVIDIA GeForce GTX 1060 6GB' (P:0 D:0)
[2017.03.16-08.54.17:893][  0]LogWindows: DebugString: FoundDriverCount:4 
[2017.03.16-08.54.17:893][  0]LogD3D11RHI:     Adapter Name: NVIDIA GeForce GTX 1060 6GB
[2017.03.16-08.54.17:893][  0]LogD3D11RHI:   Driver Version: 378.66 (internal:21.21.13.7866, unified:378.66)
[2017.03.16-08.54.17:893][  0]LogD3D11RHI:      Driver Date: 2-9-2017
[2017.03.16-08.54.17:894][  0]LogRHI: Texture pool is 1361 MB (70% of 1945 MB)
[2017.03.16-08.54.18:365][  0]LogD3D11RHI: Async texture creation enabled
[2017.03.16-08.54.18:392][  0]LogD3D11RHI: GPU Timing Frequency: 1000.000000 (Debug: 2 1)
[2017.03.16-08.54.18:439][  0]LogShaderCompilers: Guid format shader working directory is -10 characters bigger than the processId version (X:/Aratim/Documents/GitHub/ProjetInfoSolo/IsekaiLife 4.15/Intermediate/Shaders/WorkingDirectory/6028/).
[2017.03.16-08.54.18:439][  0]LogShaderCompilers: Cleaned the shader compiler working directory 'C:/Users/Aratim/AppData/Local/Temp/UnrealShaderWorkingDir/2598903043464D6A20FB31A4AA0D856C/'.
[2017.03.16-08.54.18:439][  0]LogShaderCompilers:Display: Using Local Shader Compiler.
[2017.03.16-08.54.19:341][  0]LogTemp:Display: Loaded TP AllDesktopTargetPlatform
[2017.03.16-08.54.19:390][  0]LogTemp:Display: Loaded TP MacClientTargetPlatform
[2017.03.16-08.54.19:435][  0]LogTemp:Display: Loaded TP MacNoEditorTargetPlatform
[2017.03.16-08.54.19:480][  0]LogTemp:Display: Loaded TP MacServerTargetPlatform
[2017.03.16-08.54.19:525][  0]LogTemp:Display: Loaded TP MacTargetPlatform
[2017.03.16-08.54.19:571][  0]LogTemp:Display: Loaded TP WindowsClientTargetPlatform
[2017.03.16-08.54.19:616][  0]LogTemp:Display: Loaded TP WindowsNoEditorTargetPlatform
[2017.03.16-08.54.19:660][  0]LogTemp:Display: Loaded TP WindowsServerTargetPlatform
[2017.03.16-08.54.19:697][  0]LogTemp:Display: Loaded TP WindowsTargetPlatform
[2017.03.16-08.54.19:741][  0]LogTemp:Display: Loaded TP AndroidTargetPlatform
[2017.03.16-08.54.19:785][  0]LogTemp:Display: Loaded TP Android_ASTCTargetPlatform
[2017.03.16-08.54.19:829][  0]LogTemp:Display: Loaded TP Android_ATCTargetPlatform
[2017.03.16-08.54.19:873][  0]LogTemp:Display: Loaded TP Android_DXTTargetPlatform
[2017.03.16-08.54.19:916][  0]LogTemp:Display: Loaded TP Android_ETC1TargetPlatform
[2017.03.16-08.54.19:960][  0]LogTemp:Display: Loaded TP Android_ETC2TargetPlatform
[2017.03.16-08.54.20:049][  0]LogTemp:Display: Loaded TP Android_MultiTargetPlatform
[2017.03.16-08.54.20:049][  0]LogTemp:Display: Loaded TP Android_PVRTCTargetPlatform
[2017.03.16-08.54.20:079][  0]LogTemp:Display: Loaded TP HTML5TargetPlatform
[2017.03.16-08.54.20:164][  0]LogTemp:Display: Loaded TP IOSTargetPlatform
[2017.03.16-08.54.20:194][  0]LogTemp:Display: Loaded TP TVOSTargetPlatform
[2017.03.16-08.54.20:239][  0]LogTemp:Display: Loaded TP LinuxClientTargetPlatform
[2017.03.16-08.54.20:284][  0]LogTemp:Display: Loaded TP LinuxNoEditorTargetPlatform
[2017.03.16-08.54.20:328][  0]LogTemp:Display: Loaded TP LinuxServerTargetPlatform
[2017.03.16-08.54.20:372][  0]LogTemp:Display: Loaded TP LinuxTargetPlatform
[2017.03.16-08.54.20:372][  0]LogTargetPlatformManager:Display: Building Assets For Windows
[2017.03.16-08.54.20:727][  0]LogDerivedDataCache:Display: Max Cache Size: 512 MB
[2017.03.16-08.54.20:777][  0]LogDerivedDataCache: Loaded boot cache 0.05s 50MB C:/Users/Aratim/AppData/Local/UnrealEngine/4.15/DerivedDataCache/Boot.ddc.
[2017.03.16-08.54.20:777][  0]LogDerivedDataCache:Display: Loaded Boot cache: C:/Users/Aratim/AppData/Local/UnrealEngine/4.15/DerivedDataCache/Boot.ddc
[2017.03.16-08.54.20:777][  0]LogDerivedDataCache: FDerivedDataBackendGraph:  Pak pak cache file X:/Aratim/Documents/GitHub/ProjetInfoSolo/IsekaiLife 4.15/DerivedDataCache/DDC.ddp not found, will not use a pak cache.
[2017.03.16-08.54.20:777][  0]LogDerivedDataCache: Unable to find inner node Pak for hierarchical cache Hierarchy.
[2017.03.16-08.54.20:777][  0]LogDerivedDataCache: FDerivedDataBackendGraph:  CompressedPak pak cache file X:/Aratim/Documents/GitHub/ProjetInfoSolo/IsekaiLife 4.15/DerivedDataCache/Compressed.ddp not found, will not use a pak cache.
[2017.03.16-08.54.20:777][  0]LogDerivedDataCache: Unable to find inner node CompressedPak for hierarchical cache Hierarchy.
[2017.03.16-08.54.20:793][  0]LogDerivedDataCache:Display: Pak cache opened for reading ../../../Engine/DerivedDataCache/Compressed.ddp.
[2017.03.16-08.54.20:805][  0]LogDerivedDataCache: Using Local data cache path C:/Users/Aratim/AppData/Local/UnrealEngine/Common/DerivedDataCache: Writable
[2017.03.16-08.54.20:812][  0]LogSlate: Using Freetype 2.6.0
[2017.03.16-08.54.20:812][  0]LogSlate: SlateFontCache - WITH_FREETYPE: 1, WITH_HARFBUZZ: 1
[2017.03.16-08.54.20:812][  0]LogSlate: SlateFontCache - WITH_FREETYPE: 1, WITH_HARFBUZZ: 1
[2017.03.16-08.54.21:015][  0]LogInit: Selected Device Profile: [Windows]
[2017.03.16-08.54.21:018][  0]LogContentStreaming: Texture pool size is 0.00 MB
[2017.03.16-08.54.21:187][  0]LogMeshUtilities: Using QuadricMeshReduction for automatic static mesh reduction
[2017.03.16-08.54.21:221][  0]LogSimplygon: Simplygon DLL not present - disabling.
[2017.03.16-08.54.21:259][  0]LogMeshUtilities: Using SimplygonSwarm for distributed automatic mesh merging
[2017.03.16-08.54.21:259][  0]LogMeshUtilities: No automatic skeletal mesh reduction module available
[2017.03.16-08.54.21:259][  0]LogMeshUtilities: No automatic mesh merging module available
[2017.03.16-08.54.21:745][  0]LogNetVersion: GetLocalNetworkVersion: CL: 3299760, ProjectName: isekailife, ProjectVersion: , EngineNetworkVersion: 2, GameNetworkVersion: 0, NetworkChecksum: 721096836
[2017.03.16-08.54.21:786][  0]LogAssetRegistry: FAssetRegistry took 0.0211 seconds to start up
[2017.03.16-08.54.21:817][  0]LogPackageLocalizationCache: Processed 3 localized package path(s) for 1 prioritized culture(s) in 0.012292 seconds
[2017.03.16-08.54.21:823][  0]LogUObjectArray: 32475 objects as part of root set at end of initial load.
[2017.03.16-08.54.21:823][  0]LogUObjectAllocator: 7073368 out of 0 bytes used by permanent object pool.
[2017.03.16-08.54.21:823][  0]LogUObjectArray: CloseDisregardForGC: 0/0 objects in disregard for GC pool
[2017.03.16-08.54.21:874][  0]LogInit: WinSock: version 1.1 (2.2), MaxSocks=32767, MaxUdp=65467
[2017.03.16-08.54.23:167][  0]LogTcpMessaging: Initializing TcpMessaging bridge
[2017.03.16-08.54.23:202][  0]LogUdpMessaging: Initializing bridge on interface 0.0.0.0:0 to multicast group 230.0.0.1:6666.
[2017.03.16-08.54.23:660][  0]LogMaterial: Uniform references updated for custom material expression Custom.
[2017.03.16-08.54.23:962][  0]SourceControl: Info Source control is disabled
[2017.03.16-08.54.23:963][  0]SourceControl: Info Source control is disabled
[2017.03.16-08.54.24:001][  0]SourceControl: Info Source control is disabled
[2017.03.16-08.54.24:040][  0]SourceControl: Info Source control is disabled
[2017.03.16-08.54.25:052][  0]LogEngine: Initializing Engine...
[2017.03.16-08.54.25:053][  0]LogHMD: Failed to initialize OpenVR with code 110
[2017.03.16-08.54.25:243][  0]LogAIModule: Creating AISystem for world Untitled
[2017.03.16-08.54.25:250][  0]LogInit: XAudio2 using 'Haut-parleurs (2- USB Audio Device)' : 2 channels at 44.1 kHz using 16 bits per sample (channel mask 0x3)
[2017.03.16-08.54.25:258][  0]LogInit: FAudioDevice initialized.
[2017.03.16-08.54.25:287][  0]LogDerivedDataCache: Saved boot cache 0.03s 50MB C:/Users/Aratim/AppData/Local/UnrealEngine/4.15/DerivedDataCache/Boot.ddc.
[2017.03.16-08.54.25:297][  0]LogInit: Texture streaming: Enabled
[2017.03.16-08.54.25:374][  0]LogEngineSessionManager: EngineSessionManager initialized
[2017.03.16-08.54.25:446][  0]LogInit: Transaction tracking system initialized
[2017.03.16-08.54.25:727][  0]BlueprintLog: New page: Editor Load
[2017.03.16-08.54.26:433][  0]LocalizationService: Info Localization service is disabled
[2017.03.16-08.54.26:980][  0]LogConsoleResponse:Display: 
[2017.03.16-08.54.27:093][  0]LogCook:Display: Max memory allowance for cook 16384mb min free memory 0mb
[2017.03.16-08.54.27:093][  0]LogCook:Display: Mobile HDR setting 1
[2017.03.16-08.54.27:114][  0]LogFileCache: Scanning file cache for directory 'X:/Aratim/Documents/GitHub/ProjetInfoSolo/IsekaiLife 4.15/Content/' took 0.02s
[2017.03.16-08.54.27:938][  0]SourceControl: Info Source control is disabled
[2017.03.16-08.54.27:938][  0]Cmd: MAP LOAD FILE="X:/Aratim/Documents/GitHub/ProjetInfoSolo/IsekaiLife 4.15/Content/ThirdPersonBP/Maps/ThirdPersonExampleMap.umap" TEMPLATE=0 SHOWPROGRESS=1 FEATURELEVEL=3
[2017.03.16-08.54.27:974][  0]LightingResults: New page: Lighting Build
[2017.03.16-08.54.28:006][  0]MapCheck: New page: Map Check
[2017.03.16-08.54.28:006][  0]LightingResults: New page: Lighting Build
[2017.03.16-08.54.29:971][  0]LogClass:Warning: Enum '/Game/InventorySystem/Blueprints/Enums/E_ItemCategories.E_ItemCategories' was upgraded to use FText to store its display name data. Please re-save this asset to avoid issues with localization and determinstic cooking.
[2017.03.16-08.54.30:468][  0]LogAIModule: Creating AISystem for world ThirdPersonExampleMap
[2017.03.16-08.54.30:482][  0]LogEditorServer: Finished looking for orphan Actors (0.000 secs)
[2017.03.16-08.54.30:483][  0]Cmd: MAP CHECKDEP NOCLEARLOG
[2017.03.16-08.54.30:524][  0]MapCheck: Info Map check complete: 0 Error(s), 0 Warning(s), took 40.77ms to complete.
[2017.03.16-08.54.30:524][  0]LogFileHelpers: Loading map 'ThirdPersonExampleMap' took 2.586
[2017.03.16-08.54.30:608][  0]LogWindowsTextInputMethodSystem:Display: IME system now deactivated.
[2017.03.16-08.54.30:781][  0]LogCollectionManager: Loaded 0 collections in 0.001498 seconds
[2017.03.16-08.54.30:891][  0]LogFileCache: Scanning file cache for directory 'X:/Aratim/Documents/GitHub/ProjetInfoSolo/IsekaiLife 4.15/Saved/Collections/' took 0.01s
[2017.03.16-08.54.30:891][  0]LogFileCache: Scanning file cache for directory 'X:/Aratim/Documents/GitHub/ProjetInfoSolo/IsekaiLife 4.15/Content/Developers/Aratim/Collections/' took 0.01s
[2017.03.16-08.54.30:891][  0]LogFileCache: Scanning file cache for directory 'X:/Aratim/Documents/GitHub/ProjetInfoSolo/IsekaiLife 4.15/Content/Collections/' took 0.01s
[2017.03.16-08.54.30:891][  0]LogCollectionManager: Rebuilt the GUID cache for 0 collections in 0.000001 seconds
[2017.03.16-08.54.30:902][  0]LogContentBrowser: Native class hierarchy populated in 0.0089 seconds. Added 2244 classes and 450 folders.
[2017.03.16-08.54.30:909][  0]LogStats: UGameplayTagsManager::ConstructGameplayTagTree: Construct from data asset -  0.000 s
[2017.03.16-08.54.30:910][  0]LogStats: UGameplayTagsManager::ConstructGameplayTagTree: GameplayTagTreeChangedEvent.Broadcast -  0.000 s
[2017.03.16-08.54.30:966][  0]LogContentBrowser: Native class hierarchy updated for 'WidgetCarousel' in 0.0004 seconds. Added 0 classes and 0 folders.
[2017.03.16-08.54.31:278][  0]LogContentBrowser: Native class hierarchy updated for 'AddContentDialog' in 0.0005 seconds. Added 0 classes and 0 folders.
[2017.03.16-08.54.31:322][  0]LogContentBrowser: Native class hierarchy updated for 'SceneOutliner' in 0.0005 seconds. Added 1 classes and 2 folders.
[2017.03.16-08.54.31:408][  0]LogCrashTracker: Crashtracker disabled due to settings.
[2017.03.16-08.54.31:416][  0]LogUObjectGlobals:Warning: Failed to find object 'Class None.'
[2017.03.16-08.54.31:476][  0]LogContentBrowser: Native class hierarchy updated for 'HierarchicalLODOutliner' in 0.0005 seconds. Added 1 classes and 2 folders.
[2017.03.16-08.54.31:476][  0]LogLoad: (Engine Initialization) Total time: 16.74 seconds
[2017.03.16-08.54.31:476][  0]LogLoad: (Engine Initialization) Total Blueprint compile time: 0.33 seconds
[2017.03.16-08.54.31:476][  0]LogExternalProfiler: Found external profiler: VSPerf
[2017.03.16-08.54.31:476][  0]LogExternalProfiler: Using external profiler: VSPerf
[2017.03.16-08.54.31:485][  0]LogOcInput: OculusInput pre-init called
[2017.03.16-08.54.31:510][  0]LogContentStreaming: Texture pool size now 1000 MB
[2017.03.16-08.54.31:511][  0]LogSlate: Took 0.000185 seconds to synchronously load lazily loaded font '../../../Engine/Content/Slate/Fonts/Roboto-Regular.ttf' (155K)
[2017.03.16-08.54.31:515][  0]LogSlate: Took 0.000297 seconds to synchronously load lazily loaded font '../../../Engine/Content/Slate/Fonts/Roboto-Bold.ttf' (160K)
[2017.03.16-08.54.31:528][  0]LogSlate: Took 0.004846 seconds to synchronously load lazily loaded font '../../../Engine/Content/Editor/Slate/Fonts/FontAwesome.ttf' (139K)
[2017.03.16-08.54.31:691][  0]LogSlate: Took 0.004632 seconds to synchronously load lazily loaded font '../../../Engine/Content/Slate/Fonts/Roboto-Light.ttf' (159K)
[2017.03.16-08.54.31:722][  1]LogAssetRegistry: Asset discovery search completed in 9.9573 seconds
[2017.03.16-08.54.31:722][  1]LogCollectionManager: Rebuilt the object cache for 0 collections in 0.000004 seconds (found 0 objects)
[2017.03.16-08.54.31:722][  1]LogCollectionManager: Fixed up redirectors for 0 collections in 0.000015 seconds (updated 0 objects)
[2017.03.16-08.54.31:752][  2]LogRenderer: Reallocating scene render targets to support 808x368 NumSamples 1 (Frame:2).
[2017.03.16-08.54.32:504][ 77]LogSlate: Took 0.000242 seconds to synchronously load lazily loaded font '../../../Engine/Content/Slate/Fonts/Roboto-Light.ttf' (159K)
[2017.03.16-08.54.36:439][525]LogSlate: Took 0.000131 seconds to synchronously load lazily loaded font '../../../Engine/Content/Slate/Fonts/Roboto-Light.ttf' (159K)
[2017.03.16-08.54.36:920][525]LogContentBrowser: Native class hierarchy updated for 'BlueprintGraph' in 0.0007 seconds. Added 112 classes and 0 folders.
[2017.03.16-08.54.37:643][525]LogSlate: Took 0.003646 seconds to synchronously load lazily loaded font '../../../Engine/Content/Editor/Slate/Fonts/Roboto-BoldCondensed.ttf' (158K)
[2017.03.16-08.58.48:801][140]LogSlate: Took 0.004118 seconds to synchronously load lazily loaded font '../../../Engine/Content/Editor/Slate/Fonts/Roboto-Italic.ttf' (157K)
[2017.03.16-09.00.39:408][913]BlueprintLog: New page: Compile ThrowWidget
[2017.03.16-09.00.40:957][ 72]Cmd: OBJ SAVEPACKAGE PACKAGE="/Game/InventorySystem/Widgets/ThrowWidget" FILE="X:/Aratim/Documents/GitHub/ProjetInfoSolo/IsekaiLife 4.15/Content/InventorySystem/Widgets/ThrowWidget.uasset" SILENT=true
[2017.03.16-09.00.41:009][ 72]LogSavePackage: Save=19.03ms
[2017.03.16-09.00.41:009][ 72]LogSavePackage: Moving 'X:/Aratim/Documents/GitHub/ProjetInfoSolo/IsekaiLife 4.15/Saved/ThrowWidgetA8875A70446BAA8ADEFD0999AC8DE551.tmp' to 'X:/Aratim/Documents/GitHub/ProjetInfoSolo/IsekaiLife 4.15/Content/InventorySystem/Widgets/ThrowWidget.uasset'
[2017.03.16-09.00.41:013][ 72]LogSavePackage:Display: Finished SavePackage X:/Aratim/Documents/GitHub/ProjetInfoSolo/IsekaiLife 4.15/Content/InventorySystem/Widgets/ThrowWidget.uasset
[2017.03.16-09.03.06:126][110]Cmd: OBJ SAVEPACKAGE PACKAGE="/Game/InventorySystem/Widgets/ThrowWidget" FILE="X:/Aratim/Documents/GitHub/ProjetInfoSolo/IsekaiLife 4.15/Content/InventorySystem/Widgets/ThrowWidget.uasset" SILENT=true
[2017.03.16-09.03.06:151][110]LogSavePackage: Save=21.68ms
[2017.03.16-09.03.06:151][110]LogSavePackage: Moving 'X:/Aratim/Documents/GitHub/ProjetInfoSolo/IsekaiLife 4.15/Saved/ThrowWidget9FEB2A0B4EABCCFF44512B877A698FE8.tmp' to 'X:/Aratim/Documents/GitHub/ProjetInfoSolo/IsekaiLife 4.15/Content/InventorySystem/Widgets/ThrowWidget.uasset'
[2017.03.16-09.03.06:153][110]LogSavePackage:Display: Finished SavePackage X:/Aratim/Documents/GitHub/ProjetInfoSolo/IsekaiLife 4.15/Content/InventorySystem/Widgets/ThrowWidget.uasset
[2017.03.16-09.06.25:667][ 40]BlueprintLog: New page: Compile ThrowWidget
[2017.03.16-09.06.26:169][ 86]Cmd: OBJ SAVEPACKAGE PACKAGE="/Game/InventorySystem/Widgets/ThrowWidget" FILE="X:/Aratim/Documents/GitHub/ProjetInfoSolo/IsekaiLife 4.15/Content/InventorySystem/Widgets/ThrowWidget.uasset" SILENT=true
[2017.03.16-09.06.26:199][ 86]LogSavePackage: Save=25.05ms
[2017.03.16-09.06.26:199][ 86]LogSavePackage: Moving 'X:/Aratim/Documents/GitHub/ProjetInfoSolo/IsekaiLife 4.15/Saved/ThrowWidget650A0E904B20A01DD3ECE89854E8CCC3.tmp' to 'X:/Aratim/Documents/GitHub/ProjetInfoSolo/IsekaiLife 4.15/Content/InventorySystem/Widgets/ThrowWidget.uasset'
[2017.03.16-09.06.26:200][ 86]LogSavePackage:Display: Finished SavePackage X:/Aratim/Documents/GitHub/ProjetInfoSolo/IsekaiLife 4.15/Content/InventorySystem/Widgets/ThrowWidget.uasset
[2017.03.16-09.09.29:459][280]BlueprintLog: New page: Compile ThrowWidget
[2017.03.16-09.09.29:978][326]Cmd: OBJ SAVEPACKAGE PACKAGE="/Game/InventorySystem/Widgets/ThrowWidget" FILE="X:/Aratim/Documents/GitHub/ProjetInfoSolo/IsekaiLife 4.15/Content/InventorySystem/Widgets/ThrowWidget.uasset" SILENT=true
[2017.03.16-09.09.30:012][326]LogSavePackage: Save=32.30ms
[2017.03.16-09.09.30:012][326]LogSavePackage: Moving 'X:/Aratim/Documents/GitHub/ProjetInfoSolo/IsekaiLife 4.15/Saved/ThrowWidget21ABEB9F466B9C960E3D909F267EDBB2.tmp' to 'X:/Aratim/Documents/GitHub/ProjetInfoSolo/IsekaiLife 4.15/Content/InventorySystem/Widgets/ThrowWidget.uasset'
[2017.03.16-09.09.30:013][326]LogSavePackage:Display: Finished SavePackage X:/Aratim/Documents/GitHub/ProjetInfoSolo/IsekaiLife 4.15/Content/InventorySystem/Widgets/ThrowWidget.uasset
[2017.03.16-09.10.35:758][582]LogFileHelpers: Editor autosave (incl. sublevels) for '/Game/ThirdPersonBP/Maps/ThirdPersonExampleMap' took 0.015
[2017.03.16-09.10.35:760][582]OBJ SavePackage: Generating thumbnails for [0] asset(s) in package [/Game/InventorySystem/Widgets/ThrowWidget] ([1] browsable assets)...
[2017.03.16-09.10.35:760][582]OBJ SavePackage: Finished generating thumbnails for package [/Game/InventorySystem/Widgets/ThrowWidget]
[2017.03.16-09.10.35:792][582]LogSavePackage: Save=31.22ms
[2017.03.16-09.10.35:793][582]LogSavePackage: Moving 'X:/Aratim/Documents/GitHub/ProjetInfoSolo/IsekaiLife 4.15/Saved/ThrowWidget_Auto1EC65CEE9420FAEE83A440A81EB952299.tmp' to 'X:/Aratim/Documents/GitHub/ProjetInfoSolo/IsekaiLife 4.15/Saved/Autosaves/Game/InventorySystem/Widgets/ThrowWidget_Auto1.uasset'
[2017.03.16-09.10.35:793][582]LogSavePackage:Display: Finished SavePackage X:/Aratim/Documents/GitHub/ProjetInfoSolo/IsekaiLife 4.15/Saved/Autosaves/Game/InventorySystem/Widgets/ThrowWidget_Auto1.uasset
[2017.03.16-09.10.35:793][582]LogFileHelpers: Auto-saving content packages took 0.034
[2017.03.16-09.16.39:401][218]BlueprintLog: New page: Compile ThrowWidget
[2017.03.16-09.16.39:978][270]Cmd: OBJ SAVEPACKAGE PACKAGE="/Game/InventorySystem/Widgets/ThrowWidget" FILE="X:/Aratim/Documents/GitHub/ProjetInfoSolo/IsekaiLife 4.15/Content/InventorySystem/Widgets/ThrowWidget.uasset" SILENT=true
[2017.03.16-09.16.40:044][270]LogSavePackage: Save=61.64ms
[2017.03.16-09.16.40:044][270]LogSavePackage: Moving 'X:/Aratim/Documents/GitHub/ProjetInfoSolo/IsekaiLife 4.15/Saved/ThrowWidgetDD952559482C955BB026C0B0D048FC30.tmp' to 'X:/Aratim/Documents/GitHub/ProjetInfoSolo/IsekaiLife 4.15/Content/InventorySystem/Widgets/ThrowWidget.uasset'
[2017.03.16-09.16.40:046][270]LogSavePackage:Display: Finished SavePackage X:/Aratim/Documents/GitHub/ProjetInfoSolo/IsekaiLife 4.15/Content/InventorySystem/Widgets/ThrowWidget.uasset
[2017.03.16-09.21.39:135][799]BlueprintLog: New page: Compile ThrowWidget
[2017.03.16-09.21.39:639][829]Cmd: OBJ SAVEPACKAGE PACKAGE="/Game/InventorySystem/Widgets/ThrowWidget" FILE="X:/Aratim/Documents/GitHub/ProjetInfoSolo/IsekaiLife 4.15/Content/InventorySystem/Widgets/ThrowWidget.uasset" SILENT=true
[2017.03.16-09.21.39:691][829]LogSavePackage: Save=46.90ms
[2017.03.16-09.21.39:691][829]LogSavePackage: Moving 'X:/Aratim/Documents/GitHub/ProjetInfoSolo/IsekaiLife 4.15/Saved/ThrowWidgetC37E2208403E64FE03E8B9A9A0A22001.tmp' to 'X:/Aratim/Documents/GitHub/ProjetInfoSolo/IsekaiLife 4.15/Content/InventorySystem/Widgets/ThrowWidget.uasset'
[2017.03.16-09.21.39:692][829]LogSavePackage:Display: Finished SavePackage X:/Aratim/Documents/GitHub/ProjetInfoSolo/IsekaiLife 4.15/Content/InventorySystem/Widgets/ThrowWidget.uasset
[2017.03.16-09.25.50:749][ 44]BlueprintLog: New page: Compile ThrowWidget
[2017.03.16-09.25.51:243][ 85]Cmd: OBJ SAVEPACKAGE PACKAGE="/Game/InventorySystem/Widgets/ThrowWidget" FILE="X:/Aratim/Documents/GitHub/ProjetInfoSolo/IsekaiLife 4.15/Content/InventorySystem/Widgets/ThrowWidget.uasset" SILENT=true
[2017.03.16-09.25.51:294][ 85]LogSavePackage: Save=50.12ms
[2017.03.16-09.25.51:294][ 85]LogSavePackage: Moving 'X:/Aratim/Documents/GitHub/ProjetInfoSolo/IsekaiLife 4.15/Saved/ThrowWidget3844EFF24B9F9704A7E6B8AF3A8B0E6E.tmp' to 'X:/Aratim/Documents/GitHub/ProjetInfoSolo/IsekaiLife 4.15/Content/InventorySystem/Widgets/ThrowWidget.uasset'
[2017.03.16-09.25.51:295][ 85]LogSavePackage:Display: Finished SavePackage X:/Aratim/Documents/GitHub/ProjetInfoSolo/IsekaiLife 4.15/Content/InventorySystem/Widgets/ThrowWidget.uasset
[2017.03.16-09.25.52:487][220]LogRenderer: Reallocating scene render targets to support 1208x576 NumSamples 1 (Frame:704).
[2017.03.16-09.27.10:445][128]BlueprintLog: New page: Compile MainWidget
[2017.03.16-09.27.11:607][231]Cmd: OBJ SAVEPACKAGE PACKAGE="/Game/InventorySystem/Widgets/MainWidget" FILE="X:/Aratim/Documents/GitHub/ProjetInfoSolo/IsekaiLife 4.15/Content/InventorySystem/Widgets/MainWidget.uasset" SILENT=true
[2017.03.16-09.27.11:629][231]LogSavePackage: Save=17.33ms
[2017.03.16-09.27.11:629][231]LogSavePackage: Moving 'X:/Aratim/Documents/GitHub/ProjetInfoSolo/IsekaiLife 4.15/Saved/MainWidget6C40E38E469FE8A68A08709041FB4CBC.tmp' to 'X:/Aratim/Documents/GitHub/ProjetInfoSolo/IsekaiLife 4.15/Content/InventorySystem/Widgets/MainWidget.uasset'
[2017.03.16-09.27.11:630][231]LogSavePackage:Display: Finished SavePackage X:/Aratim/Documents/GitHub/ProjetInfoSolo/IsekaiLife 4.15/Content/InventorySystem/Widgets/MainWidget.uasset
[2017.03.16-09.29.07:920][950]BlueprintLog: New page: Compile MainWidget
[2017.03.16-09.29.08:423][995]Cmd: OBJ SAVEPACKAGE PACKAGE="/Game/InventorySystem/Widgets/MainWidget" FILE="X:/Aratim/Documents/GitHub/ProjetInfoSolo/IsekaiLife 4.15/Content/InventorySystem/Widgets/MainWidget.uasset" SILENT=true
[2017.03.16-09.29.08:442][995]LogSavePackage: Save=17.86ms
[2017.03.16-09.29.08:442][995]LogSavePackage: Moving 'X:/Aratim/Documents/GitHub/ProjetInfoSolo/IsekaiLife 4.15/Saved/MainWidget0EA993C44F4031A0AE1E7292C1802D92.tmp' to 'X:/Aratim/Documents/GitHub/ProjetInfoSolo/IsekaiLife 4.15/Content/InventorySystem/Widgets/MainWidget.uasset'
[2017.03.16-09.29.08:444][995]LogSavePackage:Display: Finished SavePackage X:/Aratim/Documents/GitHub/ProjetInfoSolo/IsekaiLife 4.15/Content/InventorySystem/Widgets/MainWidget.uasset
[2017.03.16-09.29.35:668][143]LogSlate: Took 0.023761 seconds to synchronously load lazily loaded font '../../../Engine/Content/Slate/Fonts/DroidSansFallback.ttf' (3848K)
[2017.03.16-09.34.15:454][ 41]LogFileHelpers: Editor autosave (incl. sublevels) for '/Game/ThirdPersonBP/Maps/ThirdPersonExampleMap' took 0.021
[2017.03.16-09.34.15:455][ 41]OBJ SavePackage: Generating thumbnails for [0] asset(s) in package [/Game/InventorySystem/Widgets/ActionMenu] ([1] browsable assets)...
[2017.03.16-09.34.15:455][ 41]OBJ SavePackage: Finished generating thumbnails for package [/Game/InventorySystem/Widgets/ActionMenu]
[2017.03.16-09.34.15:498][ 41]LogSavePackage: Save=37.41ms
[2017.03.16-09.34.15:498][ 41]LogSavePackage: Moving 'X:/Aratim/Documents/GitHub/ProjetInfoSolo/IsekaiLife 4.15/Saved/ActionMenu_Auto2FB001D4F4279C99091DF048A9B0A6272.tmp' to 'X:/Aratim/Documents/GitHub/ProjetInfoSolo/IsekaiLife 4.15/Saved/Autosaves/Game/InventorySystem/Widgets/ActionMenu_Auto2.uasset'
[2017.03.16-09.34.15:498][ 41]LogSavePackage:Display: Finished SavePackage X:/Aratim/Documents/GitHub/ProjetInfoSolo/IsekaiLife 4.15/Saved/Autosaves/Game/InventorySystem/Widgets/ActionMenu_Auto2.uasset
[2017.03.16-09.34.15:498][ 41]LogFileHelpers: Auto-saving content packages took 0.043
[2017.03.16-09.34.54:626][974]BlueprintLog: New page: Compile ActionMenu
[2017.03.16-09.34.55:142][ 16]Cmd: OBJ SAVEPACKAGE PACKAGE="/Game/InventorySystem/Widgets/ActionMenu" FILE="X:/Aratim/Documents/GitHub/ProjetInfoSolo/IsekaiLife 4.15/Content/InventorySystem/Widgets/ActionMenu.uasset" SILENT=true
[2017.03.16-09.34.55:243][ 16]LogSavePackage: Save=99.02ms
[2017.03.16-09.34.55:243][ 16]LogSavePackage: Moving 'X:/Aratim/Documents/GitHub/ProjetInfoSolo/IsekaiLife 4.15/Saved/ActionMenu5791156B4967F874E00C5CA743B07FFA.tmp' to 'X:/Aratim/Documents/GitHub/ProjetInfoSolo/IsekaiLife 4.15/Content/InventorySystem/Widgets/ActionMenu.uasset'
[2017.03.16-09.34.55:248][ 16]LogSavePackage:Display: Finished SavePackage X:/Aratim/Documents/GitHub/ProjetInfoSolo/IsekaiLife 4.15/Content/InventorySystem/Widgets/ActionMenu.uasset
[2017.03.16-09.37.05:967][795]BlueprintLog: New page: Compile ThrowWidget
[2017.03.16-09.37.06:440][828]Cmd: OBJ SAVEPACKAGE PACKAGE="/Game/InventorySystem/Widgets/ThrowWidget" FILE="X:/Aratim/Documents/GitHub/ProjetInfoSolo/IsekaiLife 4.15/Content/InventorySystem/Widgets/ThrowWidget.uasset" SILENT=true
[2017.03.16-09.37.06:496][828]LogSavePackage: Save=50.72ms
[2017.03.16-09.37.06:496][828]LogSavePackage: Moving 'X:/Aratim/Documents/GitHub/ProjetInfoSolo/IsekaiLife 4.15/Saved/ThrowWidgetFC4FFD734FB0C1F5F10CD48248FDC003.tmp' to 'X:/Aratim/Documents/GitHub/ProjetInfoSolo/IsekaiLife 4.15/Content/InventorySystem/Widgets/ThrowWidget.uasset'
[2017.03.16-09.37.06:498][828]LogSavePackage:Display: Finished SavePackage X:/Aratim/Documents/GitHub/ProjetInfoSolo/IsekaiLife 4.15/Content/InventorySystem/Widgets/ThrowWidget.uasset
[2017.03.16-09.39.34:831][605]BlueprintLog: New page: Compile BP_Inventory
[2017.03.16-09.39.35:709][638]LogSavePackage: Save=154.81ms
[2017.03.16-09.39.35:709][638]LogSavePackage: Moving 'X:/Aratim/Documents/GitHub/ProjetInfoSolo/IsekaiLife 4.15/Saved/BP_Inventory087A368A4FCFF7895844F7BD72295280.tmp' to 'X:/Aratim/Documents/GitHub/ProjetInfoSolo/IsekaiLife 4.15/Content/InventorySystem/Blueprints/BP_Inventory.uasset'
[2017.03.16-09.39.35:710][638]LogSavePackage:Display: Finished SavePackage X:/Aratim/Documents/GitHub/ProjetInfoSolo/IsekaiLife 4.15/Content/InventorySystem/Blueprints/BP_Inventory.uasset
[2017.03.16-09.39.46:768][790]LogTemp: Repeting last play command: Selected Viewport
[2017.03.16-09.39.46:787][790]LogBlueprintUserMessages: Early PlayInEditor Detection: Level '/Game/ThirdPersonBP/Maps/ThirdPersonExampleMap.ThirdPersonExampleMap:PersistentLevel' has LevelScriptBlueprint '/Game/ThirdPersonBP/Maps/ThirdPersonExampleMap.ThirdPersonExampleMap:PersistentLevel.ThirdPersonExampleMap' with GeneratedClass '/Game/ThirdPersonBP/Maps/ThirdPersonExampleMap.ThirdPersonExampleMap_C' with ClassGeneratedBy '/Game/ThirdPersonBP/Maps/ThirdPersonExampleMap.ThirdPersonExampleMap:PersistentLevel.ThirdPersonExampleMap'
[2017.03.16-09.39.46:787][790]LogPlayLevel: PlayLevel: No blueprints needed recompiling
[2017.03.16-09.39.46:793][790]PIE: New page: PIE session: ThirdPersonExampleMap (Mar 16, 2017, 11:39:46 AM)
[2017.03.16-09.39.46:794][790]LogPlayLevel: Creating play world package: /Game/ThirdPersonBP/Maps/UEDPIE_0_ThirdPersonExampleMap
[2017.03.16-09.39.46:821][790]LogPlayLevel: PIE: StaticDuplicateObject took: (0.027181s)
[2017.03.16-09.39.46:822][790]LogAIModule: Creating AISystem for world ThirdPersonExampleMap
[2017.03.16-09.39.46:822][790]LogPlayLevel: PIE: World Init took: (0.001078s)
[2017.03.16-09.39.46:822][790]LogPlayLevel: PIE: Created PIE world by copying editor world from /Game/ThirdPersonBP/Maps/ThirdPersonExampleMap.ThirdPersonExampleMap to /Game/ThirdPersonBP/Maps/UEDPIE_0_ThirdPersonExampleMap.ThirdPersonExampleMap (0.028962s)
[2017.03.16-09.39.46:853][790]LogInit: XAudio2 using 'Haut-parleurs (2- USB Audio Device)' : 2 channels at 44.1 kHz using 16 bits per sample (channel mask 0x3)
[2017.03.16-09.39.46:859][790]LogInit: FAudioDevice initialized.
[2017.03.16-09.39.47:015][790]LogBlueprint:Warning: [Compiler ThirdPersonCharacter] Warning InputAction Event references unknown Action 'ResetVR' for  InputAction ResetVR
[2017.03.16-09.39.47:024][790]LogBlueprint:Warning: [Compiler ThirdPersonCharacter] Warning [2732.29] Compile of ThirdPersonCharacter successful, but with 1 Warning(s) [in 19 ms] (/Game/ThirdPersonBP/Blueprints/ThirdPersonCharacter.ThirdPersonCharacter)
[2017.03.16-09.39.47:024][790]LogBlueprint:Warning: [Compiler ThirdPersonCharacter] Warning [2732.29] Compile of ThirdPersonCharacter successful, but with 2 Warning(s) [in 0 ms] (/Game/ThirdPersonBP/Blueprints/ThirdPersonCharacter.ThirdPersonCharacter)
[2017.03.16-09.39.47:025][790]LogBlueprint:Warning: [Compiler ThirdPersonCharacter] Warning [2732.29] Compile of ThirdPersonCharacter successful, but with 3 Warning(s) [in 0 ms] (/Game/ThirdPersonBP/Blueprints/ThirdPersonCharacter.ThirdPersonCharacter)
[2017.03.16-09.39.47:039][790]LogBlueprint:Warning: [Compiler ThirdPersonCharacter] Warning InputAction Event references unknown Action 'ResetVR' for  InputAction ResetVR
[2017.03.16-09.39.47:048][790]LogBlueprint:Warning: [Compiler ThirdPersonCharacter] Warning [2732.31] Compile of ThirdPersonCharacter successful, but with 1 Warning(s) [in 18 ms] (/Game/ThirdPersonBP/Blueprints/ThirdPersonCharacter.ThirdPersonCharacter)
[2017.03.16-09.39.47:048][790]LogBlueprint:Warning: [Compiler ThirdPersonCharacter] Warning [2732.31] Compile of ThirdPersonCharacter successful, but with 2 Warning(s) [in 0 ms] (/Game/ThirdPersonBP/Blueprints/ThirdPersonCharacter.ThirdPersonCharacter)
[2017.03.16-09.39.47:048][790]LogBlueprint:Warning: [Compiler ThirdPersonCharacter] Warning [2732.31] Compile of ThirdPersonCharacter successful, but with 3 Warning(s) [in 0 ms] (/Game/ThirdPersonBP/Blueprints/ThirdPersonCharacter.ThirdPersonCharacter)
[2017.03.16-09.39.47:078][790]LogLoad: Game class is 'ThirdPersonGameMode_C'
[2017.03.16-09.39.47:085][790]LogWorld: Bringing World /Game/ThirdPersonBP/Maps/UEDPIE_0_ThirdPersonExampleMap.ThirdPersonExampleMap up for play (max tick rate 0) at 2017.03.16-10.39.47
[2017.03.16-09.39.47:088][790]LogWorld: Bringing up level for play took: 0.007536
[2017.03.16-09.39.47:152][790]LogContentBrowser: Native class hierarchy updated for 'MovieSceneCapture' in 0.0013 seconds. Added 11 classes and 0 folders.
[2017.03.16-09.39.47:172][790]PIE: Info Play in editor start time for /Game/ThirdPersonBP/Maps/UEDPIE_0_ThirdPersonExampleMap 0.194
[2017.03.16-09.39.47:172][790]LogBlueprintUserMessages: Late PlayInEditor Detection: Level '/Game/ThirdPersonBP/Maps/ThirdPersonExampleMap.ThirdPersonExampleMap:PersistentLevel' has LevelScriptBlueprint '/Game/ThirdPersonBP/Maps/ThirdPersonExampleMap.ThirdPersonExampleMap:PersistentLevel.ThirdPersonExampleMap' with GeneratedClass '/Game/ThirdPersonBP/Maps/ThirdPersonExampleMap.ThirdPersonExampleMap_C' with ClassGeneratedBy '/Game/ThirdPersonBP/Maps/ThirdPersonExampleMap.ThirdPersonExampleMap:PersistentLevel.ThirdPersonExampleMap'
[2017.03.16-09.39.47:212][790]LogRenderer: Reallocating scene render targets to support 1292x756 NumSamples 1 (Frame:2493).
[2017.03.16-09.40.47:946][890]LogBlueprintUserMessages: Early EndPlayMap Detection: Level '/Game/ThirdPersonBP/Maps/ThirdPersonExampleMap.ThirdPersonExampleMap:PersistentLevel' has LevelScriptBlueprint '/Game/ThirdPersonBP/Maps/ThirdPersonExampleMap.ThirdPersonExampleMap:PersistentLevel.ThirdPersonExampleMap' with GeneratedClass '/Game/ThirdPersonBP/Maps/ThirdPersonExampleMap.ThirdPersonExampleMap_C' with ClassGeneratedBy '/Game/ThirdPersonBP/Maps/ThirdPersonExampleMap.ThirdPersonExampleMap:PersistentLevel.ThirdPersonExampleMap'
[2017.03.16-09.40.47:990][890]LogBlueprintUserMessages: Late EndPlayMap Detection: Level '/Game/ThirdPersonBP/Maps/ThirdPersonExampleMap.ThirdPersonExampleMap:PersistentLevel' has LevelScriptBlueprint '/Game/ThirdPersonBP/Maps/ThirdPersonExampleMap.ThirdPersonExampleMap:PersistentLevel.ThirdPersonExampleMap' with GeneratedClass '/Game/ThirdPersonBP/Maps/ThirdPersonExampleMap.ThirdPersonExampleMap_C' with ClassGeneratedBy '/Game/ThirdPersonBP/Maps/ThirdPersonExampleMap.ThirdPersonExampleMap:PersistentLevel.ThirdPersonExampleMap'
[2017.03.16-09.42.48:027][237]BlueprintLog: New page: Compile BP_Inventory
[2017.03.16-09.42.48:832][290]LogSavePackage: Save=110.81ms
[2017.03.16-09.42.48:832][290]LogSavePackage: Moving 'X:/Aratim/Documents/GitHub/ProjetInfoSolo/IsekaiLife 4.15/Saved/BP_Inventory7358A0BE474C898AC8B3C1B68CB50369.tmp' to 'X:/Aratim/Documents/GitHub/ProjetInfoSolo/IsekaiLife 4.15/Content/InventorySystem/Blueprints/BP_Inventory.uasset'
[2017.03.16-09.42.48:834][290]LogSavePackage:Display: Finished SavePackage X:/Aratim/Documents/GitHub/ProjetInfoSolo/IsekaiLife 4.15/Content/InventorySystem/Blueprints/BP_Inventory.uasset
[2017.03.16-09.42.50:189][449]LogTemp: Repeting last play command: Selected Viewport
[2017.03.16-09.42.50:207][449]LogBlueprintUserMessages: Early PlayInEditor Detection: Level '/Game/ThirdPersonBP/Maps/ThirdPersonExampleMap.ThirdPersonExampleMap:PersistentLevel' has LevelScriptBlueprint '/Game/ThirdPersonBP/Maps/ThirdPersonExampleMap.ThirdPersonExampleMap:PersistentLevel.ThirdPersonExampleMap' with GeneratedClass '/Game/ThirdPersonBP/Maps/ThirdPersonExampleMap.ThirdPersonExampleMap_C' with ClassGeneratedBy '/Game/ThirdPersonBP/Maps/ThirdPersonExampleMap.ThirdPersonExampleMap:PersistentLevel.ThirdPersonExampleMap'
[2017.03.16-09.42.50:207][449]LogPlayLevel: PlayLevel: No blueprints needed recompiling
[2017.03.16-09.42.50:207][449]PIE: New page: PIE session: ThirdPersonExampleMap (Mar 16, 2017, 11:42:50 AM)
[2017.03.16-09.42.50:207][449]LogPlayLevel: Creating play world package: /Game/ThirdPersonBP/Maps/UEDPIE_0_ThirdPersonExampleMap
[2017.03.16-09.42.50:229][449]LogPlayLevel: PIE: StaticDuplicateObject took: (0.022067s)
[2017.03.16-09.42.50:230][449]LogAIModule: Creating AISystem for world ThirdPersonExampleMap
[2017.03.16-09.42.50:230][449]LogPlayLevel: PIE: World Init took: (0.000901s)
[2017.03.16-09.42.50:230][449]LogPlayLevel: PIE: Created PIE world by copying editor world from /Game/ThirdPersonBP/Maps/ThirdPersonExampleMap.ThirdPersonExampleMap to /Game/ThirdPersonBP/Maps/UEDPIE_0_ThirdPersonExampleMap.ThirdPersonExampleMap (0.023210s)
[2017.03.16-09.42.50:258][449]LogInit: XAudio2 using 'Haut-parleurs (2- USB Audio Device)' : 2 channels at 44.1 kHz using 16 bits per sample (channel mask 0x3)
[2017.03.16-09.42.50:264][449]LogInit: FAudioDevice initialized.
[2017.03.16-09.42.50:300][449]LogLoad: Game class is 'ThirdPersonGameMode_C'
[2017.03.16-09.42.50:305][449]LogWorld: Bringing World /Game/ThirdPersonBP/Maps/UEDPIE_0_ThirdPersonExampleMap.ThirdPersonExampleMap up for play (max tick rate 0) at 2017.03.16-10.42.50
[2017.03.16-09.42.50:306][449]LogWorld: Bringing up level for play took: 0.003709
[2017.03.16-09.42.50:330][449]PIE: Info Play in editor start time for /Game/ThirdPersonBP/Maps/UEDPIE_0_ThirdPersonExampleMap -0.647
[2017.03.16-09.42.50:331][449]LogBlueprintUserMessages: Late PlayInEditor Detection: Level '/Game/ThirdPersonBP/Maps/ThirdPersonExampleMap.ThirdPersonExampleMap:PersistentLevel' has LevelScriptBlueprint '/Game/ThirdPersonBP/Maps/ThirdPersonExampleMap.ThirdPersonExampleMap:PersistentLevel.ThirdPersonExampleMap' with GeneratedClass '/Game/ThirdPersonBP/Maps/ThirdPersonExampleMap.ThirdPersonExampleMap_C' with ClassGeneratedBy '/Game/ThirdPersonBP/Maps/ThirdPersonExampleMap.ThirdPersonExampleMap:PersistentLevel.ThirdPersonExampleMap'
[2017.03.16-09.43.57:920][520]LogBlueprintUserMessages: Early EndPlayMap Detection: Level '/Game/ThirdPersonBP/Maps/ThirdPersonExampleMap.ThirdPersonExampleMap:PersistentLevel' has LevelScriptBlueprint '/Game/ThirdPersonBP/Maps/ThirdPersonExampleMap.ThirdPersonExampleMap:PersistentLevel.ThirdPersonExampleMap' with GeneratedClass '/Game/ThirdPersonBP/Maps/ThirdPersonExampleMap.ThirdPersonExampleMap_C' with ClassGeneratedBy '/Game/ThirdPersonBP/Maps/ThirdPersonExampleMap.ThirdPersonExampleMap:PersistentLevel.ThirdPersonExampleMap'
[2017.03.16-09.43.57:961][520]LogBlueprintUserMessages: Late EndPlayMap Detection: Level '/Game/ThirdPersonBP/Maps/ThirdPersonExampleMap.ThirdPersonExampleMap:PersistentLevel' has LevelScriptBlueprint '/Game/ThirdPersonBP/Maps/ThirdPersonExampleMap.ThirdPersonExampleMap:PersistentLevel.ThirdPersonExampleMap' with GeneratedClass '/Game/ThirdPersonBP/Maps/ThirdPersonExampleMap.ThirdPersonExampleMap_C' with ClassGeneratedBy '/Game/ThirdPersonBP/Maps/ThirdPersonExampleMap.ThirdPersonExampleMap:PersistentLevel.ThirdPersonExampleMap'
[2017.03.16-09.44.18:819][979]BlueprintLog: New page: Compile MainWidget
[2017.03.16-09.44.19:732][ 64]LogTemp: Repeting last play command: Selected Viewport
[2017.03.16-09.44.19:761][ 64]LogBlueprintUserMessages: Early PlayInEditor Detection: Level '/Game/ThirdPersonBP/Maps/ThirdPersonExampleMap.ThirdPersonExampleMap:PersistentLevel' has LevelScriptBlueprint '/Game/ThirdPersonBP/Maps/ThirdPersonExampleMap.ThirdPersonExampleMap:PersistentLevel.ThirdPersonExampleMap' with GeneratedClass '/Game/ThirdPersonBP/Maps/ThirdPersonExampleMap.ThirdPersonExampleMap_C' with ClassGeneratedBy '/Game/ThirdPersonBP/Maps/ThirdPersonExampleMap.ThirdPersonExampleMap:PersistentLevel.ThirdPersonExampleMap'
[2017.03.16-09.44.19:761][ 64]LogPlayLevel: PlayLevel: No blueprints needed recompiling
[2017.03.16-09.44.19:761][ 64]PIE: New page: PIE session: ThirdPersonExampleMap (Mar 16, 2017, 11:44:19 AM)
[2017.03.16-09.44.19:761][ 64]LogPlayLevel: Creating play world package: /Game/ThirdPersonBP/Maps/UEDPIE_0_ThirdPersonExampleMap
[2017.03.16-09.44.19:779][ 64]LogPlayLevel: PIE: StaticDuplicateObject took: (0.018121s)
[2017.03.16-09.44.19:780][ 64]LogAIModule: Creating AISystem for world ThirdPersonExampleMap
[2017.03.16-09.44.19:780][ 64]LogPlayLevel: PIE: World Init took: (0.001035s)
[2017.03.16-09.44.19:781][ 64]LogPlayLevel: PIE: Created PIE world by copying editor world from /Game/ThirdPersonBP/Maps/ThirdPersonExampleMap.ThirdPersonExampleMap to /Game/ThirdPersonBP/Maps/UEDPIE_0_ThirdPersonExampleMap.ThirdPersonExampleMap (0.019409s)
[2017.03.16-09.44.19:807][ 64]LogInit: XAudio2 using 'Haut-parleurs (2- USB Audio Device)' : 2 channels at 44.1 kHz using 16 bits per sample (channel mask 0x3)
[2017.03.16-09.44.19:812][ 64]LogInit: FAudioDevice initialized.
[2017.03.16-09.44.19:848][ 64]LogLoad: Game class is 'ThirdPersonGameMode_C'
[2017.03.16-09.44.19:852][ 64]LogWorld: Bringing World /Game/ThirdPersonBP/Maps/UEDPIE_0_ThirdPersonExampleMap.ThirdPersonExampleMap up for play (max tick rate 0) at 2017.03.16-10.44.19
[2017.03.16-09.44.19:853][ 64]LogWorld: Bringing up level for play took: 0.003424
[2017.03.16-09.44.19:878][ 64]PIE: Info Play in editor start time for /Game/ThirdPersonBP/Maps/UEDPIE_0_ThirdPersonExampleMap 0.901
[2017.03.16-09.44.19:879][ 64]LogBlueprintUserMessages: Late PlayInEditor Detection: Level '/Game/ThirdPersonBP/Maps/ThirdPersonExampleMap.ThirdPersonExampleMap:PersistentLevel' has LevelScriptBlueprint '/Game/ThirdPersonBP/Maps/ThirdPersonExampleMap.ThirdPersonExampleMap:PersistentLevel.ThirdPersonExampleMap' with GeneratedClass '/Game/ThirdPersonBP/Maps/ThirdPersonExampleMap.ThirdPersonExampleMap_C' with ClassGeneratedBy '/Game/ThirdPersonBP/Maps/ThirdPersonExampleMap.ThirdPersonExampleMap:PersistentLevel.ThirdPersonExampleMap'
[2017.03.16-09.44.48:680][247]LogBlueprintUserMessages: Early EndPlayMap Detection: Level '/Game/ThirdPersonBP/Maps/ThirdPersonExampleMap.ThirdPersonExampleMap:PersistentLevel' has LevelScriptBlueprint '/Game/ThirdPersonBP/Maps/ThirdPersonExampleMap.ThirdPersonExampleMap:PersistentLevel.ThirdPersonExampleMap' with GeneratedClass '/Game/ThirdPersonBP/Maps/ThirdPersonExampleMap.ThirdPersonExampleMap_C' with ClassGeneratedBy '/Game/ThirdPersonBP/Maps/ThirdPersonExampleMap.ThirdPersonExampleMap:PersistentLevel.ThirdPersonExampleMap'
[2017.03.16-09.44.48:723][247]LogBlueprintUserMessages: Late EndPlayMap Detection: Level '/Game/ThirdPersonBP/Maps/ThirdPersonExampleMap.ThirdPersonExampleMap:PersistentLevel' has LevelScriptBlueprint '/Game/ThirdPersonBP/Maps/ThirdPersonExampleMap.ThirdPersonExampleMap:PersistentLevel.ThirdPersonExampleMap' with GeneratedClass '/Game/ThirdPersonBP/Maps/ThirdPersonExampleMap.ThirdPersonExampleMap_C' with ClassGeneratedBy '/Game/ThirdPersonBP/Maps/ThirdPersonExampleMap.ThirdPersonExampleMap:PersistentLevel.ThirdPersonExampleMap'
[2017.03.16-09.45.42:603][663]BlueprintLog: New page: Compile MainWidget
[2017.03.16-09.45.43:259][717]Cmd: OBJ SAVEPACKAGE PACKAGE="/Game/InventorySystem/Widgets/MainWidget" FILE="X:/Aratim/Documents/GitHub/ProjetInfoSolo/IsekaiLife 4.15/Content/InventorySystem/Widgets/MainWidget.uasset" SILENT=true
[2017.03.16-09.45.43:282][717]LogSavePackage: Save=17.75ms
[2017.03.16-09.45.43:282][717]LogSavePackage: Moving 'X:/Aratim/Documents/GitHub/ProjetInfoSolo/IsekaiLife 4.15/Saved/MainWidgetCA8541A042601566511081B3FFBA3874.tmp' to 'X:/Aratim/Documents/GitHub/ProjetInfoSolo/IsekaiLife 4.15/Content/InventorySystem/Widgets/MainWidget.uasset'
[2017.03.16-09.45.43:284][717]LogSavePackage:Display: Finished SavePackage X:/Aratim/Documents/GitHub/ProjetInfoSolo/IsekaiLife 4.15/Content/InventorySystem/Widgets/MainWidget.uasset
[2017.03.16-09.45.47:600][ 37]LogTemp: Repeting last play command: Selected Viewport
[2017.03.16-09.45.47:618][ 37]LogBlueprintUserMessages: Early PlayInEditor Detection: Level '/Game/ThirdPersonBP/Maps/ThirdPersonExampleMap.ThirdPersonExampleMap:PersistentLevel' has LevelScriptBlueprint '/Game/ThirdPersonBP/Maps/ThirdPersonExampleMap.ThirdPersonExampleMap:PersistentLevel.ThirdPersonExampleMap' with GeneratedClass '/Game/ThirdPersonBP/Maps/ThirdPersonExampleMap.ThirdPersonExampleMap_C' with ClassGeneratedBy '/Game/ThirdPersonBP/Maps/ThirdPersonExampleMap.ThirdPersonExampleMap:PersistentLevel.ThirdPersonExampleMap'
[2017.03.16-09.45.47:618][ 37]LogPlayLevel: PlayLevel: No blueprints needed recompiling
[2017.03.16-09.45.47:618][ 37]PIE: New page: PIE session: ThirdPersonExampleMap (Mar 16, 2017, 11:45:47 AM)
[2017.03.16-09.45.47:618][ 37]LogPlayLevel: Creating play world package: /Game/ThirdPersonBP/Maps/UEDPIE_0_ThirdPersonExampleMap
[2017.03.16-09.45.47:637][ 37]LogPlayLevel: PIE: StaticDuplicateObject took: (0.018594s)
[2017.03.16-09.45.47:638][ 37]LogAIModule: Creating AISystem for world ThirdPersonExampleMap
[2017.03.16-09.45.47:638][ 37]LogPlayLevel: PIE: World Init took: (0.000850s)
[2017.03.16-09.45.47:638][ 37]LogPlayLevel: PIE: Created PIE world by copying editor world from /Game/ThirdPersonBP/Maps/ThirdPersonExampleMap.ThirdPersonExampleMap to /Game/ThirdPersonBP/Maps/UEDPIE_0_ThirdPersonExampleMap.ThirdPersonExampleMap (0.019698s)
[2017.03.16-09.45.47:664][ 37]LogInit: XAudio2 using 'Haut-parleurs (2- USB Audio Device)' : 2 channels at 44.1 kHz using 16 bits per sample (channel mask 0x3)
[2017.03.16-09.45.47:670][ 37]LogInit: FAudioDevice initialized.
[2017.03.16-09.45.47:704][ 37]LogLoad: Game class is 'ThirdPersonGameMode_C'
[2017.03.16-09.45.47:707][ 37]LogWorld: Bringing World /Game/ThirdPersonBP/Maps/UEDPIE_0_ThirdPersonExampleMap.ThirdPersonExampleMap up for play (max tick rate 0) at 2017.03.16-10.45.47
[2017.03.16-09.45.47:707][ 37]LogWorld: Bringing up level for play took: 0.001950
[2017.03.16-09.45.47:719][ 37]PIE: Info Play in editor start time for /Game/ThirdPersonBP/Maps/UEDPIE_0_ThirdPersonExampleMap 0.742
[2017.03.16-09.45.47:719][ 37]LogBlueprintUserMessages: Late PlayInEditor Detection: Level '/Game/ThirdPersonBP/Maps/ThirdPersonExampleMap.ThirdPersonExampleMap:PersistentLevel' has LevelScriptBlueprint '/Game/ThirdPersonBP/Maps/ThirdPersonExampleMap.ThirdPersonExampleMap:PersistentLevel.ThirdPersonExampleMap' with GeneratedClass '/Game/ThirdPersonBP/Maps/ThirdPersonExampleMap.ThirdPersonExampleMap_C' with ClassGeneratedBy '/Game/ThirdPersonBP/Maps/ThirdPersonExampleMap.ThirdPersonExampleMap:PersistentLevel.ThirdPersonExampleMap'
[2017.03.16-09.45.56:205][969]LogBlueprintUserMessages: Early EndPlayMap Detection: Level '/Game/ThirdPersonBP/Maps/ThirdPersonExampleMap.ThirdPersonExampleMap:PersistentLevel' has LevelScriptBlueprint '/Game/ThirdPersonBP/Maps/ThirdPersonExampleMap.ThirdPersonExampleMap:PersistentLevel.ThirdPersonExampleMap' with GeneratedClass '/Game/ThirdPersonBP/Maps/ThirdPersonExampleMap.ThirdPersonExampleMap_C' with ClassGeneratedBy '/Game/ThirdPersonBP/Maps/ThirdPersonExampleMap.ThirdPersonExampleMap:PersistentLevel.ThirdPersonExampleMap'
[2017.03.16-09.45.56:245][969]LogBlueprintUserMessages: Late EndPlayMap Detection: Level '/Game/ThirdPersonBP/Maps/ThirdPersonExampleMap.ThirdPersonExampleMap:PersistentLevel' has LevelScriptBlueprint '/Game/ThirdPersonBP/Maps/ThirdPersonExampleMap.ThirdPersonExampleMap:PersistentLevel.ThirdPersonExampleMap' with GeneratedClass '/Game/ThirdPersonBP/Maps/ThirdPersonExampleMap.ThirdPersonExampleMap_C' with ClassGeneratedBy '/Game/ThirdPersonBP/Maps/ThirdPersonExampleMap.ThirdPersonExampleMap:PersistentLevel.ThirdPersonExampleMap'
[2017.03.16-09.46.05:871][115]LogTemp: Repeting last play command: Selected Viewport
[2017.03.16-09.46.05:889][115]LogBlueprintUserMessages: Early PlayInEditor Detection: Level '/Game/ThirdPersonBP/Maps/ThirdPersonExampleMap.ThirdPersonExampleMap:PersistentLevel' has LevelScriptBlueprint '/Game/ThirdPersonBP/Maps/ThirdPersonExampleMap.ThirdPersonExampleMap:PersistentLevel.ThirdPersonExampleMap' with GeneratedClass '/Game/ThirdPersonBP/Maps/ThirdPersonExampleMap.ThirdPersonExampleMap_C' with ClassGeneratedBy '/Game/ThirdPersonBP/Maps/ThirdPersonExampleMap.ThirdPersonExampleMap:PersistentLevel.ThirdPersonExampleMap'
[2017.03.16-09.46.05:889][115]BlueprintLog: New page: Pre-Play auto-recompile
[2017.03.16-09.46.05:889][115]LogPlayLevel: [PlayLevel] Compiling MainWidget before play...
[2017.03.16-09.46.06:033][115]LogPlayLevel: PlayLevel: Blueprint regeneration took 144 ms (1 blueprints)
[2017.03.16-09.46.06:033][115]PIE: New page: PIE session: ThirdPersonExampleMap (Mar 16, 2017, 11:46:06 AM)
[2017.03.16-09.46.06:034][115]LogPlayLevel: Creating play world package: /Game/ThirdPersonBP/Maps/UEDPIE_0_ThirdPersonExampleMap
[2017.03.16-09.46.06:052][115]LogPlayLevel: PIE: StaticDuplicateObject took: (0.018220s)
[2017.03.16-09.46.06:052][115]LogAIModule: Creating AISystem for world ThirdPersonExampleMap
[2017.03.16-09.46.06:053][115]LogPlayLevel: PIE: World Init took: (0.000915s)
[2017.03.16-09.46.06:053][115]LogPlayLevel: PIE: Created PIE world by copying editor world from /Game/ThirdPersonBP/Maps/ThirdPersonExampleMap.ThirdPersonExampleMap to /Game/ThirdPersonBP/Maps/UEDPIE_0_ThirdPersonExampleMap.ThirdPersonExampleMap (0.019423s)
[2017.03.16-09.46.06:079][115]LogInit: XAudio2 using 'Haut-parleurs (2- USB Audio Device)' : 2 channels at 44.1 kHz using 16 bits per sample (channel mask 0x3)
[2017.03.16-09.46.06:085][115]LogInit: FAudioDevice initialized.
[2017.03.16-09.46.06:120][115]LogLoad: Game class is 'ThirdPersonGameMode_C'
[2017.03.16-09.46.06:122][115]LogWorld: Bringing World /Game/ThirdPersonBP/Maps/UEDPIE_0_ThirdPersonExampleMap.ThirdPersonExampleMap up for play (max tick rate 0) at 2017.03.16-10.46.06
[2017.03.16-09.46.06:123][115]LogWorld: Bringing up level for play took: 0.002170
[2017.03.16-09.46.06:134][115]PIE: Info Play in editor start time for /Game/ThirdPersonBP/Maps/UEDPIE_0_ThirdPersonExampleMap 1.157
[2017.03.16-09.46.06:135][115]LogBlueprintUserMessages: Late PlayInEditor Detection: Level '/Game/ThirdPersonBP/Maps/ThirdPersonExampleMap.ThirdPersonExampleMap:PersistentLevel' has LevelScriptBlueprint '/Game/ThirdPersonBP/Maps/ThirdPersonExampleMap.ThirdPersonExampleMap:PersistentLevel.ThirdPersonExampleMap' with GeneratedClass '/Game/ThirdPersonBP/Maps/ThirdPersonExampleMap.ThirdPersonExampleMap_C' with ClassGeneratedBy '/Game/ThirdPersonBP/Maps/ThirdPersonExampleMap.ThirdPersonExampleMap:PersistentLevel.ThirdPersonExampleMap'
[2017.03.16-09.46.15:519][146]LogBlueprintUserMessages: Early EndPlayMap Detection: Level '/Game/ThirdPersonBP/Maps/ThirdPersonExampleMap.ThirdPersonExampleMap:PersistentLevel' has LevelScriptBlueprint '/Game/ThirdPersonBP/Maps/ThirdPersonExampleMap.ThirdPersonExampleMap:PersistentLevel.ThirdPersonExampleMap' with GeneratedClass '/Game/ThirdPersonBP/Maps/ThirdPersonExampleMap.ThirdPersonExampleMap_C' with ClassGeneratedBy '/Game/ThirdPersonBP/Maps/ThirdPersonExampleMap.ThirdPersonExampleMap:PersistentLevel.ThirdPersonExampleMap'
[2017.03.16-09.46.15:561][146]LogBlueprintUserMessages: Late EndPlayMap Detection: Level '/Game/ThirdPersonBP/Maps/ThirdPersonExampleMap.ThirdPersonExampleMap:PersistentLevel' has LevelScriptBlueprint '/Game/ThirdPersonBP/Maps/ThirdPersonExampleMap.ThirdPersonExampleMap:PersistentLevel.ThirdPersonExampleMap' with GeneratedClass '/Game/ThirdPersonBP/Maps/ThirdPersonExampleMap.ThirdPersonExampleMap_C' with ClassGeneratedBy '/Game/ThirdPersonBP/Maps/ThirdPersonExampleMap.ThirdPersonExampleMap:PersistentLevel.ThirdPersonExampleMap'
[2017.03.16-09.47.04:872][722]BlueprintLog: New page: Compile MainWidget
[2017.03.16-09.47.06:218][859]Cmd: OBJ SAVEPACKAGE PACKAGE="/Game/InventorySystem/Widgets/MainWidget" FILE="X:/Aratim/Documents/GitHub/ProjetInfoSolo/IsekaiLife 4.15/Content/InventorySystem/Widgets/MainWidget.uasset" SILENT=true
[2017.03.16-09.47.06:238][859]LogSavePackage: Save=18.14ms
[2017.03.16-09.47.06:238][859]LogSavePackage: Moving 'X:/Aratim/Documents/GitHub/ProjetInfoSolo/IsekaiLife 4.15/Saved/MainWidgetF125A5E24E2B40A7838916904D91D930.tmp' to 'X:/Aratim/Documents/GitHub/ProjetInfoSolo/IsekaiLife 4.15/Content/InventorySystem/Widgets/MainWidget.uasset'
[2017.03.16-09.47.06:239][859]LogSavePackage:Display: Finished SavePackage X:/Aratim/Documents/GitHub/ProjetInfoSolo/IsekaiLife 4.15/Content/InventorySystem/Widgets/MainWidget.uasset
[2017.03.16-09.47.07:083][960]LogTemp: Repeting last play command: Selected Viewport
[2017.03.16-09.47.07:102][960]LogBlueprintUserMessages: Early PlayInEditor Detection: Level '/Game/ThirdPersonBP/Maps/ThirdPersonExampleMap.ThirdPersonExampleMap:PersistentLevel' has LevelScriptBlueprint '/Game/ThirdPersonBP/Maps/ThirdPersonExampleMap.ThirdPersonExampleMap:PersistentLevel.ThirdPersonExampleMap' with GeneratedClass '/Game/ThirdPersonBP/Maps/ThirdPersonExampleMap.ThirdPersonExampleMap_C' with ClassGeneratedBy '/Game/ThirdPersonBP/Maps/ThirdPersonExampleMap.ThirdPersonExampleMap:PersistentLevel.ThirdPersonExampleMap'
[2017.03.16-09.47.07:102][960]LogPlayLevel: PlayLevel: No blueprints needed recompiling
[2017.03.16-09.47.07:102][960]PIE: New page: PIE session: ThirdPersonExampleMap (Mar 16, 2017, 11:47:07 AM)
[2017.03.16-09.47.07:102][960]LogPlayLevel: Creating play world package: /Game/ThirdPersonBP/Maps/UEDPIE_0_ThirdPersonExampleMap
[2017.03.16-09.47.07:121][960]LogPlayLevel: PIE: StaticDuplicateObject took: (0.019099s)
[2017.03.16-09.47.07:122][960]LogAIModule: Creating AISystem for world ThirdPersonExampleMap
[2017.03.16-09.47.07:123][960]LogPlayLevel: PIE: World Init took: (0.001015s)
[2017.03.16-09.47.07:123][960]LogPlayLevel: PIE: Created PIE world by copying editor world from /Game/ThirdPersonBP/Maps/ThirdPersonExampleMap.ThirdPersonExampleMap to /Game/ThirdPersonBP/Maps/UEDPIE_0_ThirdPersonExampleMap.ThirdPersonExampleMap (0.020343s)
[2017.03.16-09.47.07:149][960]LogInit: XAudio2 using 'Haut-parleurs (2- USB Audio Device)' : 2 channels at 44.1 kHz using 16 bits per sample (channel mask 0x3)
[2017.03.16-09.47.07:154][960]LogInit: FAudioDevice initialized.
[2017.03.16-09.47.07:189][960]LogLoad: Game class is 'ThirdPersonGameMode_C'
[2017.03.16-09.47.07:191][960]LogWorld: Bringing World /Game/ThirdPersonBP/Maps/UEDPIE_0_ThirdPersonExampleMap.ThirdPersonExampleMap up for play (max tick rate 0) at 2017.03.16-10.47.07
[2017.03.16-09.47.07:192][960]LogWorld: Bringing up level for play took: 0.002039
[2017.03.16-09.47.07:204][960]PIE: Info Play in editor start time for /Game/ThirdPersonBP/Maps/UEDPIE_0_ThirdPersonExampleMap 0.227
[2017.03.16-09.47.07:204][960]LogBlueprintUserMessages: Late PlayInEditor Detection: Level '/Game/ThirdPersonBP/Maps/ThirdPersonExampleMap.ThirdPersonExampleMap:PersistentLevel' has LevelScriptBlueprint '/Game/ThirdPersonBP/Maps/ThirdPersonExampleMap.ThirdPersonExampleMap:PersistentLevel.ThirdPersonExampleMap' with GeneratedClass '/Game/ThirdPersonBP/Maps/ThirdPersonExampleMap.ThirdPersonExampleMap_C' with ClassGeneratedBy '/Game/ThirdPersonBP/Maps/ThirdPersonExampleMap.ThirdPersonExampleMap:PersistentLevel.ThirdPersonExampleMap'
[2017.03.16-09.47.27:633][196]LogBlueprintUserMessages: [BP_ItemHealthPotion_C_0] You used Health potion
[2017.03.16-09.47.28:475][287]LogBlueprintUserMessages: [BP_ItemHealthPotion_C_1] You used Health potion
[2017.03.16-09.47.29:187][363]LogBlueprintUserMessages: [BP_ItemHealthPotion_C_2] You used Health potion
[2017.03.16-09.47.29:866][436]LogBlueprintUserMessages: [BP_ItemHealthPotion_C_3] You used Health potion
[2017.03.16-09.47.32:895][769]LogBlueprintUserMessages: Early EndPlayMap Detection: Level '/Game/ThirdPersonBP/Maps/ThirdPersonExampleMap.ThirdPersonExampleMap:PersistentLevel' has LevelScriptBlueprint '/Game/ThirdPersonBP/Maps/ThirdPersonExampleMap.ThirdPersonExampleMap:PersistentLevel.ThirdPersonExampleMap' with GeneratedClass '/Game/ThirdPersonBP/Maps/ThirdPersonExampleMap.ThirdPersonExampleMap_C' with ClassGeneratedBy '/Game/ThirdPersonBP/Maps/ThirdPersonExampleMap.ThirdPersonExampleMap:PersistentLevel.ThirdPersonExampleMap'
[2017.03.16-09.47.32:938][769]LogBlueprintUserMessages: Late EndPlayMap Detection: Level '/Game/ThirdPersonBP/Maps/ThirdPersonExampleMap.ThirdPersonExampleMap:PersistentLevel' has LevelScriptBlueprint '/Game/ThirdPersonBP/Maps/ThirdPersonExampleMap.ThirdPersonExampleMap:PersistentLevel.ThirdPersonExampleMap' with GeneratedClass '/Game/ThirdPersonBP/Maps/ThirdPersonExampleMap.ThirdPersonExampleMap_C' with ClassGeneratedBy '/Game/ThirdPersonBP/Maps/ThirdPersonExampleMap.ThirdPersonExampleMap:PersistentLevel.ThirdPersonExampleMap'
[2017.03.16-09.48.32:907][896]LogSavePackage: Save=167.96ms
[2017.03.16-09.48.32:907][896]LogSavePackage: Moving 'X:/Aratim/Documents/GitHub/ProjetInfoSolo/IsekaiLife 4.15/Saved/ThirdPersonExampleMap34B9938744A44D01A744E7B34C65ECCF.tmp' to 'X:/Aratim/Documents/GitHub/ProjetInfoSolo/IsekaiLife 4.15/Content/ThirdPersonBP/Maps/ThirdPersonExampleMap.umap'
[2017.03.16-09.48.32:909][896]LogSavePackage:Display: Finished SavePackage X:/Aratim/Documents/GitHub/ProjetInfoSolo/IsekaiLife 4.15/Content/ThirdPersonBP/Maps/ThirdPersonExampleMap.umap
[2017.03.16-09.48.33:158][896]LogSavePackage: Save=168.66ms
[2017.03.16-09.48.33:158][896]LogSavePackage: Moving 'X:/Aratim/Documents/GitHub/ProjetInfoSolo/IsekaiLife 4.15/Saved/ThirdPersonExampleMap_BuiltDataACBE58E34A6129AAD5EC9991176C97C1.tmp' to 'X:/Aratim/Documents/GitHub/ProjetInfoSolo/IsekaiLife 4.15/Content/ThirdPersonBP/Maps/ThirdPersonExampleMap_BuiltData.uasset'
[2017.03.16-09.48.33:159][896]LogSavePackage:Display: Finished SavePackage X:/Aratim/Documents/GitHub/ProjetInfoSolo/IsekaiLife 4.15/Content/ThirdPersonBP/Maps/ThirdPersonExampleMap_BuiltData.uasset
[2017.03.16-12.00.01:362][101]LogD3D11RHI:Error: Direct3DDevice->CreateBuffer(&Desc, NULL, UniformBufferResource.GetInitReference()) failed 
 at D:\Build\++UE4+Release-4.15+Compile\Sync\Engine\Source\Runtime\Windows\D3D11RHI\Private\D3D11UniformBuffer.cpp:159 
 with error DXGI_ERROR_DEVICE_REMOVED DXGI_ERROR_DEVICE_REMOVED
[2017.03.16-12.00.01:377][102]LogWindows: Windows GetLastError: L’opération a réussi. (0)
