Log file open, 04/20/17 09:42:43
LogInit:Display: Running engine for game: IsekaiLife
LogPlatformFile: Not using cached read wrapper
LogInit:Display: RandInit(1451546227) SRandInit(1451546227).
LogTaskGraph: Started task graph with 5 named threads and 8 total threads with 1 sets of task threads.
LogStats: Stats thread started at 0.071290
LogInit: Using libcurl 7.47.1
LogInit:  - built for x86_64-pc-win32
LogInit:  - supports SSL with OpenSSL/1.0.2g
LogInit:  - supports HTTP deflate (compression) using libz 1.2.8
LogInit:  - other features:
LogInit:      CURL_VERSION_SSL
LogInit:      CURL_VERSION_LIBZ
LogInit:      CURL_VERSION_IPV6
LogInit:      CURL_VERSION_ASYNCHDNS
LogInit:      CURL_VERSION_LARGEFILE
LogInit:      CURL_VERSION_IDN
LogInit:  CurlRequestOptions (configurable via config and command line):
LogInit:  - bVerifyPeer = false  - Libcurl will NOT verify peer certificate
LogInit:  - bUseHttpProxy = false  - Libcurl will NOT use HTTP proxy
LogInit:  - bDontReuseConnections = false  - Libcurl will reuse connections
LogInit:  - CertBundlePath = nullptr  - Libcurl will use whatever was configured at build time.
LogInit: Build: ++UE4+Release-4.15-CL-3348071
LogInit: Engine Version: 4.15.1-3348071+++UE4+Release-4.15
LogInit: Compatible Engine Version: 4.15.0-3299760+++UE4+Release-4.15
LogInit: Net CL: 3299760
LogDevObjectVersion: Number of dev versions registered: 14
LogDevObjectVersion:   Dev-Blueprints (B0D832E4-1F89-4F0D-ACCF-7EB736FD4AA2): 8
LogDevObjectVersion:   Dev-Build (E1C64328-A22C-4D53-A36C-8E866417BD8C): 0
LogDevObjectVersion:   Dev-Core (375EC13C-06E4-48FB-B500-84F0262A717E): 2
LogDevObjectVersion:   Dev-Editor (E4B068ED-F494-42E9-A231-DA0B2E46BB41): 14
LogDevObjectVersion:   Dev-Framework (CFFC743F-43B0-4480-9391-14DF171D2073): 22
LogDevObjectVersion:   Dev-Mobile (B02B49B5-BB20-44E9-A304-32B752E40360): 0
LogDevObjectVersion:   Dev-Networking (A4E4105C-59A1-49B5-A7C5-40C4547EDFEE): 0
LogDevObjectVersion:   Dev-Online (39C831C9-5AE6-47DC-9A44-9C173E1C8E7C): 0
LogDevObjectVersion:   Dev-Physics (78F01B33-EBEA-4F98-B9B4-84EACCB95AA2): 0
LogDevObjectVersion:   Dev-Platform (6631380F-2D4D-43E0-8009-CF276956A95A): 0
LogDevObjectVersion:   Dev-Rendering (12F88B9F-8875-4AFC-A67C-D90C383ABD29): 12
LogDevObjectVersion:   Dev-Sequencer (7B5AE74C-D270-4C10-A958-57980B212A5A): 3
LogDevObjectVersion:   Dev-VR (D7296918-1DD6-4BDD-9DE2-64A83CC13884): 0
LogDevObjectVersion:   Dev-LoadTimes (C2A15278-BFE7-4AFE-6C17-90FF531DF755): 1
LogInit: Compiled (64-bit): Mar 15 2017 16:52:47
LogInit: Compiled with Visual C++: 19.00.23026.00
LogInit: Build Configuration: Development
LogInit: Branch Name: ++UE4+Release-4.15
LogInit: Command line:  
LogInit: Base directory: C:/Program Files/Epic Games/UE_4.15/Engine/Binaries/Win64/
LogInit: Installed Engine Build: 1
LogInit: Presizing for max 8388607 objects, including 0 objects not considered by GC, pre-allocating 0 bytes for permanent pool.
LogInit: Object subsystem initialized
[2017.04.20-07.42.44:249][  0]LogInit: Selected Device Profile: [Windows]
[2017.04.20-07.42.44:249][  0]LogInit: Applying CVar settings loaded from the selected device profile: [Windows]
[2017.04.20-07.42.44:258][  0]LogInit: Computer: DESKTOP-IJKOIIJ
[2017.04.20-07.42.44:258][  0]LogInit: User: Aratim
[2017.04.20-07.42.44:258][  0]LogInit: CPU Page size=65536, Cores=4
[2017.04.20-07.42.44:258][  0]LogInit: High frequency timer resolution =3.417988 MHz
[2017.04.20-07.42.44:258][  0]LogMemory: Memory total: Physical=8.0GB (8GB approx)
[2017.04.20-07.42.44:258][  0]LogMemory: Platform Memory Stats for Windows
[2017.04.20-07.42.44:258][  0]LogMemory: Process Physical Memory: 263.07 MB used, 263.07 MB peak
[2017.04.20-07.42.44:258][  0]LogMemory: Process Virtual Memory: 262.48 MB used, 262.48 MB peak
[2017.04.20-07.42.44:258][  0]LogMemory: Physical Memory: 2995.81 MB used,  5145.04 MB free, 8140.85 MB total
[2017.04.20-07.42.44:258][  0]LogMemory: Virtual Memory: 644.41 MB used,  5145.04 MB free, 134217728.00 MB total
[2017.04.20-07.42.44:325][  0]LogTextLocalizationManager: No translations for ('fr-FR') exist, falling back to 'en' for localization and internationalization data.
[2017.04.20-07.42.44:844][  0]LogD3D11RHI: D3D11 adapters:
[2017.04.20-07.42.45:328][  0]LogD3D11RHI:    0. 'NVIDIA GeForce GTX 1060 6GB' (Feature Level 11_0)
[2017.04.20-07.42.45:328][  0]LogD3D11RHI:       6084/0/4070 MB DedicatedVideo/DedicatedSystem/SharedSystem, Outputs:1, VendorId:0x10de
[2017.04.20-07.42.45:329][  0]LogD3D11RHI:    1. 'Microsoft Basic Render Driver' (Feature Level 11_0)
[2017.04.20-07.42.45:329][  0]LogD3D11RHI:       0/0/4070 MB DedicatedVideo/DedicatedSystem/SharedSystem, Outputs:0, VendorId:0x1414
[2017.04.20-07.42.45:329][  0]LogD3D11RHI: Chosen D3D11 Adapter: 0
[2017.04.20-07.42.45:332][  0]LogD3D11RHI: Creating new Direct3DDevice
[2017.04.20-07.42.45:332][  0]LogD3D11RHI:     GPU DeviceId: 0x1c03 (for the marketing name, search the web for "GPU Device Id")
[2017.04.20-07.42.45:332][  0]LogWindows: EnumDisplayDevices:
[2017.04.20-07.42.45:332][  0]LogWindows:    0. 'NVIDIA GeForce GTX 1060 6GB' (P:1 D:1)
[2017.04.20-07.42.45:332][  0]LogWindows:    1. 'NVIDIA GeForce GTX 1060 6GB' (P:0 D:0)
[2017.04.20-07.42.45:332][  0]LogWindows:    2. 'NVIDIA GeForce GTX 1060 6GB' (P:0 D:0)
[2017.04.20-07.42.45:333][  0]LogWindows:    3. 'NVIDIA GeForce GTX 1060 6GB' (P:0 D:0)
[2017.04.20-07.42.45:333][  0]LogWindows: DebugString: FoundDriverCount:4 
[2017.04.20-07.42.45:333][  0]LogD3D11RHI:     Adapter Name: NVIDIA GeForce GTX 1060 6GB
[2017.04.20-07.42.45:333][  0]LogD3D11RHI:   Driver Version: 381.65 (internal:22.21.13.8165, unified:381.65)
[2017.04.20-07.42.45:333][  0]LogD3D11RHI:      Driver Date: 3-31-2017
[2017.04.20-07.42.45:333][  0]LogRHI: Texture pool is 1361 MB (70% of 1945 MB)
[2017.04.20-07.42.45:799][  0]LogD3D11RHI: Async texture creation enabled
[2017.04.20-07.42.45:826][  0]LogD3D11RHI: GPU Timing Frequency: 1000.000000 (Debug: 2 1)
[2017.04.20-07.42.45:875][  0]LogShaderCompilers: Guid format shader working directory is -10 characters bigger than the processId version (X:/Aratim/Documents/GitHub/ProjetInfoSolo/IsekaiLife 4.15/Intermediate/Shaders/WorkingDirectory/5740/).
[2017.04.20-07.42.45:875][  0]LogShaderCompilers: Cleaned the shader compiler working directory 'C:/Users/Aratim/AppData/Local/Temp/UnrealShaderWorkingDir/E6463A0E4715B7680168EE8EBF4A212E/'.
[2017.04.20-07.42.45:875][  0]LogShaderCompilers:Display: Using Local Shader Compiler.
[2017.04.20-07.42.46:809][  0]LogTemp:Display: Loaded TP AllDesktopTargetPlatform
[2017.04.20-07.42.46:855][  0]LogTemp:Display: Loaded TP MacClientTargetPlatform
[2017.04.20-07.42.46:900][  0]LogTemp:Display: Loaded TP MacNoEditorTargetPlatform
[2017.04.20-07.42.46:945][  0]LogTemp:Display: Loaded TP MacServerTargetPlatform
[2017.04.20-07.42.46:990][  0]LogTemp:Display: Loaded TP MacTargetPlatform
[2017.04.20-07.42.47:034][  0]LogTemp:Display: Loaded TP WindowsClientTargetPlatform
[2017.04.20-07.42.47:079][  0]LogTemp:Display: Loaded TP WindowsNoEditorTargetPlatform
[2017.04.20-07.42.47:123][  0]LogTemp:Display: Loaded TP WindowsServerTargetPlatform
[2017.04.20-07.42.47:159][  0]LogTemp:Display: Loaded TP WindowsTargetPlatform
[2017.04.20-07.42.47:203][  0]LogTemp:Display: Loaded TP AndroidTargetPlatform
[2017.04.20-07.42.47:246][  0]LogTemp:Display: Loaded TP Android_ASTCTargetPlatform
[2017.04.20-07.42.47:290][  0]LogTemp:Display: Loaded TP Android_ATCTargetPlatform
[2017.04.20-07.42.47:334][  0]LogTemp:Display: Loaded TP Android_DXTTargetPlatform
[2017.04.20-07.42.47:377][  0]LogTemp:Display: Loaded TP Android_ETC1TargetPlatform
[2017.04.20-07.42.47:420][  0]LogTemp:Display: Loaded TP Android_ETC2TargetPlatform
[2017.04.20-07.42.47:510][  0]LogTemp:Display: Loaded TP Android_MultiTargetPlatform
[2017.04.20-07.42.47:510][  0]LogTemp:Display: Loaded TP Android_PVRTCTargetPlatform
[2017.04.20-07.42.47:540][  0]LogTemp:Display: Loaded TP HTML5TargetPlatform
[2017.04.20-07.42.47:622][  0]LogTemp:Display: Loaded TP IOSTargetPlatform
[2017.04.20-07.42.47:651][  0]LogTemp:Display: Loaded TP TVOSTargetPlatform
[2017.04.20-07.42.47:694][  0]LogTemp:Display: Loaded TP LinuxClientTargetPlatform
[2017.04.20-07.42.47:738][  0]LogTemp:Display: Loaded TP LinuxNoEditorTargetPlatform
[2017.04.20-07.42.47:781][  0]LogTemp:Display: Loaded TP LinuxServerTargetPlatform
[2017.04.20-07.42.47:825][  0]LogTemp:Display: Loaded TP LinuxTargetPlatform
[2017.04.20-07.42.47:825][  0]LogTargetPlatformManager:Display: Building Assets For Windows
[2017.04.20-07.42.48:175][  0]LogDerivedDataCache:Display: Max Cache Size: 512 MB
[2017.04.20-07.42.48:226][  0]LogDerivedDataCache: Loaded boot cache 0.05s 50MB C:/Users/Aratim/AppData/Local/UnrealEngine/4.15/DerivedDataCache/Boot.ddc.
[2017.04.20-07.42.48:226][  0]LogDerivedDataCache:Display: Loaded Boot cache: C:/Users/Aratim/AppData/Local/UnrealEngine/4.15/DerivedDataCache/Boot.ddc
[2017.04.20-07.42.48:226][  0]LogDerivedDataCache: FDerivedDataBackendGraph:  Pak pak cache file X:/Aratim/Documents/GitHub/ProjetInfoSolo/IsekaiLife 4.15/DerivedDataCache/DDC.ddp not found, will not use a pak cache.
[2017.04.20-07.42.48:226][  0]LogDerivedDataCache: Unable to find inner node Pak for hierarchical cache Hierarchy.
[2017.04.20-07.42.48:226][  0]LogDerivedDataCache: FDerivedDataBackendGraph:  CompressedPak pak cache file X:/Aratim/Documents/GitHub/ProjetInfoSolo/IsekaiLife 4.15/DerivedDataCache/Compressed.ddp not found, will not use a pak cache.
[2017.04.20-07.42.48:226][  0]LogDerivedDataCache: Unable to find inner node CompressedPak for hierarchical cache Hierarchy.
[2017.04.20-07.42.48:242][  0]LogDerivedDataCache:Display: Pak cache opened for reading ../../../Engine/DerivedDataCache/Compressed.ddp.
[2017.04.20-07.42.48:254][  0]LogDerivedDataCache: Using Local data cache path C:/Users/Aratim/AppData/Local/UnrealEngine/Common/DerivedDataCache: Writable
[2017.04.20-07.42.48:262][  0]LogSlate: Using Freetype 2.6.0
[2017.04.20-07.42.48:262][  0]LogSlate: SlateFontCache - WITH_FREETYPE: 1, WITH_HARFBUZZ: 1
[2017.04.20-07.42.48:262][  0]LogSlate: SlateFontCache - WITH_FREETYPE: 1, WITH_HARFBUZZ: 1
[2017.04.20-07.42.48:480][  0]LogInit: Selected Device Profile: [Windows]
[2017.04.20-07.42.48:483][  0]LogContentStreaming: Texture pool size is 0.00 MB
[2017.04.20-07.42.48:655][  0]LogMeshUtilities: Using QuadricMeshReduction for automatic static mesh reduction
[2017.04.20-07.42.48:689][  0]LogSimplygon: Simplygon DLL not present - disabling.
[2017.04.20-07.42.48:726][  0]LogMeshUtilities: Using SimplygonSwarm for distributed automatic mesh merging
[2017.04.20-07.42.48:726][  0]LogMeshUtilities: No automatic skeletal mesh reduction module available
[2017.04.20-07.42.48:726][  0]LogMeshUtilities: No automatic mesh merging module available
[2017.04.20-07.42.49:183][  0]LogNetVersion: GetLocalNetworkVersion: CL: 3299760, ProjectName: isekailife, ProjectVersion: , EngineNetworkVersion: 2, GameNetworkVersion: 0, NetworkChecksum: 721096836
[2017.04.20-07.42.49:225][  0]LogAssetRegistry: FAssetRegistry took 0.0218 seconds to start up
[2017.04.20-07.42.49:256][  0]LogPackageLocalizationCache: Processed 3 localized package path(s) for 1 prioritized culture(s) in 0.012588 seconds
[2017.04.20-07.42.49:262][  0]LogUObjectArray: 32493 objects as part of root set at end of initial load.
[2017.04.20-07.42.49:262][  0]LogUObjectAllocator: 7077024 out of 0 bytes used by permanent object pool.
[2017.04.20-07.42.49:262][  0]LogUObjectArray: CloseDisregardForGC: 0/0 objects in disregard for GC pool
[2017.04.20-07.42.49:320][  0]LogInit: WinSock: version 1.1 (2.2), MaxSocks=32767, MaxUdp=65467
[2017.04.20-07.42.50:671][  0]LogTcpMessaging: Initializing TcpMessaging bridge
[2017.04.20-07.42.50:707][  0]LogUdpMessaging: Initializing bridge on interface 0.0.0.0:0 to multicast group 230.0.0.1:6666.
[2017.04.20-07.42.51:158][  0]LogMaterial: Uniform references updated for custom material expression Custom.
[2017.04.20-07.42.51:473][  0]SourceControl: Info Source control is disabled
[2017.04.20-07.42.51:474][  0]SourceControl: Info Source control is disabled
[2017.04.20-07.42.51:513][  0]SourceControl: Info Source control is disabled
[2017.04.20-07.42.51:550][  0]SourceControl: Info Source control is disabled
[2017.04.20-07.42.52:602][  0]LogEngine: Initializing Engine...
[2017.04.20-07.42.52:602][  0]LogHMD: Failed to initialize OpenVR with code 110
[2017.04.20-07.42.52:801][  0]LogAIModule: Creating AISystem for world Untitled
[2017.04.20-07.42.52:808][  0]LogInit: XAudio2 using 'Haut-parleurs (2- USB Audio Device)' : 2 channels at 44.1 kHz using 16 bits per sample (channel mask 0x3)
[2017.04.20-07.42.52:822][  0]LogInit: FAudioDevice initialized.
[2017.04.20-07.42.52:853][  0]LogDerivedDataCache: Saved boot cache 0.03s 50MB C:/Users/Aratim/AppData/Local/UnrealEngine/4.15/DerivedDataCache/Boot.ddc.
[2017.04.20-07.42.52:863][  0]LogInit: Texture streaming: Enabled
[2017.04.20-07.42.52:942][  0]LogEngineSessionManager: EngineSessionManager initialized
[2017.04.20-07.42.52:943][  0]LogEngineSessionManager: EngineSessionManager sent abnormal shutdown report. Type=Crashed, SessionId={EFFFDFD6-49D3-315C-20BF-B98D90F73679}
[2017.04.20-07.42.53:014][  0]LogInit: Transaction tracking system initialized
[2017.04.20-07.42.53:291][  0]BlueprintLog: New page: Editor Load
[2017.04.20-07.42.54:021][  0]LocalizationService: Info Localization service is disabled
[2017.04.20-07.42.54:580][  0]LogConsoleResponse:Display: 
[2017.04.20-07.42.54:689][  0]LogCook:Display: Max memory allowance for cook 16384mb min free memory 0mb
[2017.04.20-07.42.54:689][  0]LogCook:Display: Mobile HDR setting 1
[2017.04.20-07.42.54:712][  0]LogFileCache: Scanning file cache for directory 'X:/Aratim/Documents/GitHub/ProjetInfoSolo/IsekaiLife 4.15/Content/' took 0.03s
[2017.04.20-07.42.55:654][  0]SourceControl: Info Source control is disabled
[2017.04.20-07.42.55:721][  0]LogSlate: Took 0.000171 seconds to synchronously load lazily loaded font '../../../Engine/Content/Slate/Fonts/Roboto-Regular.ttf' (155K)
[2017.04.20-07.44.37:495][  0]LogWindowsTextInputMethodSystem:Display: IME system now deactivated.
[2017.04.20-07.44.37:505][  0]LogWindowsTextInputMethodSystem:Display: IME system now deactivated.
[2017.04.20-07.44.45:200][  0]LogWindowsTextInputMethodSystem:Display: IME system now deactivated.
[2017.04.20-07.44.45:305][  0]LogWindowsTextInputMethodSystem:Display: IME system now deactivated.
[2017.04.20-07.44.45:306][  0]Cmd: MAP LOAD FILE="X:/Aratim/Documents/GitHub/ProjetInfoSolo/IsekaiLife 4.15/Content/ThirdPersonBP/Maps/ThirdPersonExampleMap.umap" TEMPLATE=0 SHOWPROGRESS=1 FEATURELEVEL=3
[2017.04.20-07.44.45:307][  0]LightingResults: New page: Lighting Build
[2017.04.20-07.44.45:352][  0]MapCheck: New page: Map Check
[2017.04.20-07.44.45:352][  0]LightingResults: New page: Lighting Build
[2017.04.20-07.44.45:756][  0]LogProperty:Error: UStructProperty::Serialize Loading: Property 'StructProperty /Game/QuestSystem/Widgets/QuestWidget.QuestWidget_C:GenerateSubWidget.CallFunc_Array_Get_Item'. Unknown structure.
[2017.04.20-07.44.47:790][  0]LogSpawn:Warning: UWorld::DestroyActor: World has no context! World: ThirdPersonExampleMap, Actor: /Game/ThirdPersonBP/Maps/ThirdPersonExampleMap.ThirdPersonExampleMap:PersistentLevel.DESTROYED_MapCapture_C_CHILDACTOR_49
[2017.04.20-07.44.48:819][  0]LogAIModule: Creating AISystem for world ThirdPersonExampleMap
[2017.04.20-07.44.48:859][  0]LogEditorServer: Finished looking for orphan Actors (0.000 secs)
[2017.04.20-07.44.48:860][  0]Cmd: MAP CHECKDEP NOCLEARLOG
[2017.04.20-07.44.48:925][  0]MapCheck: Info Map check complete: 0 Error(s), 0 Warning(s), took 65.094ms to complete.
[2017.04.20-07.44.48:925][  0]LogFileHelpers: Loading map 'ThirdPersonExampleMap' took 3.619
[2017.04.20-07.44.49:032][  0]LogStats:Warning: MetaData mismatch. Did you assign a stat to two groups? New //STATGROUP_Threads//SplashScreenThread///Thread_19b8_0///####STATCAT_Advanced#### old //STATGROUP_Threads//SplashScreenThread///Thread_1a30_0///####STATCAT_Advanced####
[2017.04.20-07.44.49:032][  0]LogCollectionManager: Loaded 0 collections in 0.001495 seconds
[2017.04.20-07.44.49:102][  0]LogFileCache: Scanning file cache for directory 'X:/Aratim/Documents/GitHub/ProjetInfoSolo/IsekaiLife 4.15/Saved/Collections/' took 0.01s
[2017.04.20-07.44.49:102][  0]LogFileCache: Scanning file cache for directory 'X:/Aratim/Documents/GitHub/ProjetInfoSolo/IsekaiLife 4.15/Content/Developers/Aratim/Collections/' took 0.01s
[2017.04.20-07.44.49:102][  0]LogFileCache: Scanning file cache for directory 'X:/Aratim/Documents/GitHub/ProjetInfoSolo/IsekaiLife 4.15/Content/Collections/' took 0.01s
[2017.04.20-07.44.49:102][  0]LogCollectionManager: Rebuilt the GUID cache for 0 collections in 0.000001 seconds
[2017.04.20-07.44.49:110][  0]LogContentBrowser: Native class hierarchy populated in 0.0076 seconds. Added 2245 classes and 453 folders.
[2017.04.20-07.44.49:114][  0]LogStats: UGameplayTagsManager::ConstructGameplayTagTree: Construct from data asset -  0.000 s
[2017.04.20-07.44.49:114][  0]LogStats: UGameplayTagsManager::ConstructGameplayTagTree: GameplayTagTreeChangedEvent.Broadcast -  0.000 s
[2017.04.20-07.44.49:164][  0]LogContentBrowser: Native class hierarchy updated for 'WidgetCarousel' in 0.0004 seconds. Added 0 classes and 0 folders.
[2017.04.20-07.44.49:200][  0]LogContentBrowser: Native class hierarchy updated for 'AddContentDialog' in 0.0004 seconds. Added 0 classes and 0 folders.
[2017.04.20-07.44.49:237][  0]LogContentBrowser: Native class hierarchy updated for 'SceneOutliner' in 0.0004 seconds. Added 1 classes and 2 folders.
[2017.04.20-07.44.49:278][  0]LogCrashTracker: Crashtracker disabled due to settings.
[2017.04.20-07.44.49:284][  0]LogUObjectGlobals:Warning: Failed to find object 'Class None.'
[2017.04.20-07.44.49:343][  0]LogContentBrowser: Native class hierarchy updated for 'HierarchicalLODOutliner' in 0.0005 seconds. Added 1 classes and 2 folders.
[2017.04.20-07.44.49:344][  0]LogLoad: (Engine Initialization) Total time: 126.72 seconds
[2017.04.20-07.44.49:344][  0]LogLoad: (Engine Initialization) Total Blueprint compile time: 1.51 seconds
[2017.04.20-07.44.49:344][  0]LogExternalProfiler: Found external profiler: VSPerf
[2017.04.20-07.44.49:344][  0]LogExternalProfiler: Using external profiler: VSPerf
[2017.04.20-07.44.49:353][  0]LogOcInput: OculusInput pre-init called
[2017.04.20-07.44.49:378][  0]LogContentStreaming: Texture pool size now 1000 MB
[2017.04.20-07.44.49:379][  0]LogSlate: Took 0.000180 seconds to synchronously load lazily loaded font '../../../Engine/Content/Slate/Fonts/Roboto-Bold.ttf' (160K)
[2017.04.20-07.44.49:383][  0]LogSlate: Took 0.000124 seconds to synchronously load lazily loaded font '../../../Engine/Content/Editor/Slate/Fonts/FontAwesome.ttf' (139K)
[2017.04.20-07.44.49:522][  0]LogSlate: Took 0.000158 seconds to synchronously load lazily loaded font '../../../Engine/Content/Slate/Fonts/Roboto-Light.ttf' (159K)
[2017.04.20-07.44.49:547][  0]LogRenderer: Reallocating scene render targets to support 300x300 NumSamples 1 (Frame:2).
[2017.04.20-07.44.49:562][  0]LogRenderer: Reallocating scene render targets to support 1208x576 NumSamples 1 (Frame:2).
[2017.04.20-07.44.49:689][  3]LogAssetRegistry: Asset discovery search completed in 120.4855 seconds
[2017.04.20-07.44.49:689][  3]LogCollectionManager: Rebuilt the object cache for 0 collections in 0.000005 seconds (found 0 objects)
[2017.04.20-07.44.49:689][  3]LogCollectionManager: Fixed up redirectors for 0 collections in 0.000020 seconds (updated 0 objects)
[2017.04.20-07.44.50:383][ 80]LogSlate: Took 0.000187 seconds to synchronously load lazily loaded font '../../../Engine/Content/Slate/Fonts/Roboto-Light.ttf' (159K)
[2017.04.20-07.44.55:769][720]LogSlate: Took 0.000173 seconds to synchronously load lazily loaded font '../../../Engine/Content/Slate/Fonts/Roboto-Light.ttf' (159K)
[2017.04.20-07.44.56:153][720]LogContentBrowser: Native class hierarchy updated for 'BlueprintGraph' in 0.0008 seconds. Added 112 classes and 0 folders.
[2017.04.20-07.44.56:803][720]LogSlate: Took 0.000134 seconds to synchronously load lazily loaded font '../../../Engine/Content/Editor/Slate/Fonts/Roboto-BoldCondensed.ttf' (158K)
[2017.04.20-07.44.58:759][948]LogSlate: Took 0.002433 seconds to synchronously load lazily loaded font '../../../Engine/Content/Slate/Fonts/DroidSansFallback.ttf' (3848K)
[2017.04.20-07.45.17:183][122]LogTemp: Repeting last play command: Selected Viewport
[2017.04.20-07.45.17:211][122]LogBlueprintUserMessages: Early PlayInEditor Detection: Level '/Game/ThirdPersonBP/Maps/ThirdPersonExampleMap.ThirdPersonExampleMap:PersistentLevel' has LevelScriptBlueprint '/Game/ThirdPersonBP/Maps/ThirdPersonExampleMap.ThirdPersonExampleMap:PersistentLevel.ThirdPersonExampleMap' with GeneratedClass '/Game/ThirdPersonBP/Maps/ThirdPersonExampleMap.ThirdPersonExampleMap_C' with ClassGeneratedBy '/Game/ThirdPersonBP/Maps/ThirdPersonExampleMap.ThirdPersonExampleMap:PersistentLevel.ThirdPersonExampleMap'
[2017.04.20-07.45.17:212][122]LogPlayLevel: PlayLevel: No blueprints needed recompiling
[2017.04.20-07.45.17:217][122]PIE: New page: PIE session: ThirdPersonExampleMap (Apr 20, 2017, 11:45:17 AM)
[2017.04.20-07.45.17:218][122]LogPlayLevel: Creating play world package: /Game/ThirdPersonBP/Maps/UEDPIE_0_ThirdPersonExampleMap
[2017.04.20-07.45.17:244][122]LogPlayLevel: PIE: StaticDuplicateObject took: (0.026797s)
[2017.04.20-07.45.17:245][122]LogAIModule: Creating AISystem for world ThirdPersonExampleMap
[2017.04.20-07.45.17:246][122]LogPlayLevel: PIE: World Init took: (0.001124s)
[2017.04.20-07.45.17:246][122]LogPlayLevel: PIE: Created PIE world by copying editor world from /Game/ThirdPersonBP/Maps/ThirdPersonExampleMap.ThirdPersonExampleMap to /Game/ThirdPersonBP/Maps/UEDPIE_0_ThirdPersonExampleMap.ThirdPersonExampleMap (0.029073s)
[2017.04.20-07.45.17:325][122]LogInit: XAudio2 using 'Haut-parleurs (2- USB Audio Device)' : 2 channels at 44.1 kHz using 16 bits per sample (channel mask 0x3)
[2017.04.20-07.45.17:331][122]LogInit: FAudioDevice initialized.
[2017.04.20-07.45.17:552][122]LogBlueprint:Warning: [Compiler ThirdPersonCharacter] Warning InputAction Event references unknown Action 'ResetVR' for  InputAction ResetVR
[2017.04.20-07.45.17:568][122]LogBlueprint:Warning: [Compiler ThirdPersonCharacter] Warning [0154.94] Compile of ThirdPersonCharacter successful, but with 1 Warning(s) [in 33 ms] (/Game/ThirdPersonBP/Blueprints/ThirdPersonCharacter.ThirdPersonCharacter)
[2017.04.20-07.45.17:568][122]LogBlueprint:Warning: [Compiler ThirdPersonCharacter] Warning [0154.94] Compile of ThirdPersonCharacter successful, but with 2 Warning(s) [in 0 ms] (/Game/ThirdPersonBP/Blueprints/ThirdPersonCharacter.ThirdPersonCharacter)
[2017.04.20-07.45.17:568][122]LogBlueprint:Warning: [Compiler ThirdPersonCharacter] Warning [0154.94] Compile of ThirdPersonCharacter successful, but with 3 Warning(s) [in 0 ms] (/Game/ThirdPersonBP/Blueprints/ThirdPersonCharacter.ThirdPersonCharacter)
[2017.04.20-07.45.17:636][122]LogBlueprint:Warning: [Compiler ThirdPersonCharacter] Warning InputAction Event references unknown Action 'ResetVR' for  InputAction ResetVR
[2017.04.20-07.45.17:645][122]LogBlueprint:Warning: [Compiler ThirdPersonCharacter] Warning [0155.02] Compile of ThirdPersonCharacter successful, but with 1 Warning(s) [in 19 ms] (/Game/ThirdPersonBP/Blueprints/ThirdPersonCharacter.ThirdPersonCharacter)
[2017.04.20-07.45.17:645][122]LogBlueprint:Warning: [Compiler ThirdPersonCharacter] Warning [0155.02] Compile of ThirdPersonCharacter successful, but with 2 Warning(s) [in 0 ms] (/Game/ThirdPersonBP/Blueprints/ThirdPersonCharacter.ThirdPersonCharacter)
[2017.04.20-07.45.17:645][122]LogBlueprint:Warning: [Compiler ThirdPersonCharacter] Warning [0155.02] Compile of ThirdPersonCharacter successful, but with 3 Warning(s) [in 0 ms] (/Game/ThirdPersonBP/Blueprints/ThirdPersonCharacter.ThirdPersonCharacter)
[2017.04.20-07.45.17:673][122]LogLoad: Game class is 'ThirdPersonGameMode_C'
[2017.04.20-07.45.17:686][122]LogWorld: Bringing World /Game/ThirdPersonBP/Maps/UEDPIE_0_ThirdPersonExampleMap.ThirdPersonExampleMap up for play (max tick rate 0) at 2017.04.20-09.45.17
[2017.04.20-07.45.17:709][122]LogWorld: Bringing up level for play took: 0.033222
[2017.04.20-07.45.17:812][122]LogContentBrowser: Native class hierarchy updated for 'MovieSceneCapture' in 0.0011 seconds. Added 11 classes and 0 folders.
[2017.04.20-07.45.17:818][122]LogStreaming:Warning: Failed to read file 'X:/Aratim/Documents/GitHub/ProjetInfoSolo/IsekaiLife 4.15/Saved//SaveGames/MyCharSave.sav' error.
[2017.04.20-07.45.17:820][122]LogStreaming:Warning: Failed to read file 'X:/Aratim/Documents/GitHub/ProjetInfoSolo/IsekaiLife 4.15/Saved//SaveGames/InventorySave.sav' error.
[2017.04.20-07.45.17:874][122]LogStreaming:Warning: Failed to read file 'X:/Aratim/Documents/GitHub/ProjetInfoSolo/IsekaiLife 4.15/Saved//SaveGames/InventorySave.sav' error.
[2017.04.20-07.45.17:888][122]PIE: Info Play in editor start time for /Game/ThirdPersonBP/Maps/UEDPIE_0_ThirdPersonExampleMap 0.636
[2017.04.20-07.45.17:889][122]LogBlueprintUserMessages: Late PlayInEditor Detection: Level '/Game/ThirdPersonBP/Maps/ThirdPersonExampleMap.ThirdPersonExampleMap:PersistentLevel' has LevelScriptBlueprint '/Game/ThirdPersonBP/Maps/ThirdPersonExampleMap.ThirdPersonExampleMap:PersistentLevel.ThirdPersonExampleMap' with GeneratedClass '/Game/ThirdPersonBP/Maps/ThirdPersonExampleMap.ThirdPersonExampleMap_C' with ClassGeneratedBy '/Game/ThirdPersonBP/Maps/ThirdPersonExampleMap.ThirdPersonExampleMap:PersistentLevel.ThirdPersonExampleMap'
[2017.04.20-07.45.23:453][764]LogScriptCore:Warning: Script Msg: Attempted to access index 0 from array SubGoalWidgets of length 0!
[2017.04.20-07.45.26:127][ 85]LogBlueprintUserMessages: Early EndPlayMap Detection: Level '/Game/ThirdPersonBP/Maps/ThirdPersonExampleMap.ThirdPersonExampleMap:PersistentLevel' has LevelScriptBlueprint '/Game/ThirdPersonBP/Maps/ThirdPersonExampleMap.ThirdPersonExampleMap:PersistentLevel.ThirdPersonExampleMap' with GeneratedClass '/Game/ThirdPersonBP/Maps/ThirdPersonExampleMap.ThirdPersonExampleMap_C' with ClassGeneratedBy '/Game/ThirdPersonBP/Maps/ThirdPersonExampleMap.ThirdPersonExampleMap:PersistentLevel.ThirdPersonExampleMap'
[2017.04.20-07.45.26:177][ 85]LogBlueprintUserMessages: Late EndPlayMap Detection: Level '/Game/ThirdPersonBP/Maps/ThirdPersonExampleMap.ThirdPersonExampleMap:PersistentLevel' has LevelScriptBlueprint '/Game/ThirdPersonBP/Maps/ThirdPersonExampleMap.ThirdPersonExampleMap:PersistentLevel.ThirdPersonExampleMap' with GeneratedClass '/Game/ThirdPersonBP/Maps/ThirdPersonExampleMap.ThirdPersonExampleMap_C' with ClassGeneratedBy '/Game/ThirdPersonBP/Maps/ThirdPersonExampleMap.ThirdPersonExampleMap:PersistentLevel.ThirdPersonExampleMap'
[2017.04.20-07.46.56:231][338]LogWindows: Windows GetLastError: L’opération a réussi. (0)
