Log file open, 03/10/17 10:35:57
LogInit:Display: Running engine for game: IsekaiLife
LogPlatformFile: Not using cached read wrapper
LogInit:Display: RandInit(-1062803522) SRandInit(-1062803522).
LogTaskGraph: Started task graph with 5 named threads and 8 total threads with 1 sets of task threads.
LogStats: Stats thread started at 0.079084
LogPluginManager: Loaded Plugin Paper2D, From C:/Program Files (x86)/Epic Games/4.14/Engine/Plugins/2D/Paper2D/Paper2D.uplugin
LogPluginManager: Loaded Plugin LightPropagationVolume, From C:/Program Files (x86)/Epic Games/4.14/Engine/Plugins/Blendables/LightPropagationVolume/LightPropagationVolume.uplugin
LogPluginManager: Loaded Plugin BlankPlugin, From C:/Program Files (x86)/Epic Games/4.14/Engine/Plugins/Developer/BlankPlugin/BlankPlugin.uplugin
LogPluginManager: Loaded Plugin CodeLiteSourceCodeAccess, From C:/Program Files (x86)/Epic Games/4.14/Engine/Plugins/Developer/CodeLiteSourceCodeAccess/CodeLiteSourceCodeAccess.uplugin
LogPluginManager: Loaded Plugin GitSourceControl, From C:/Program Files (x86)/Epic Games/4.14/Engine/Plugins/Developer/GitSourceControl/GitSourceControl.uplugin
LogPluginManager: Loaded Plugin KDevelopSourceCodeAccess, From C:/Program Files (x86)/Epic Games/4.14/Engine/Plugins/Developer/KDevelopSourceCodeAccess/KDevelopSourceCodeAccess.uplugin
LogPluginManager: Loaded Plugin NullSourceCodeAccess, From C:/Program Files (x86)/Epic Games/4.14/Engine/Plugins/Developer/NullSourceCodeAccess/NullSourceCodeAccess.uplugin
LogPluginManager: Loaded Plugin OneSkyLocalizationService, From C:/Program Files (x86)/Epic Games/4.14/Engine/Plugins/Developer/OneSkyLocalizationService/OneSkyLocalizationService.uplugin
LogPluginManager: Loaded Plugin PerforceSourceControl, From C:/Program Files (x86)/Epic Games/4.14/Engine/Plugins/Developer/PerforceSourceControl/PerforceSourceControl.uplugin
LogPluginManager: Loaded Plugin SubversionSourceControl, From C:/Program Files (x86)/Epic Games/4.14/Engine/Plugins/Developer/SubversionSourceControl/SubversionSourceControl.uplugin
LogPluginManager: Loaded Plugin UObjectPlugin, From C:/Program Files (x86)/Epic Games/4.14/Engine/Plugins/Developer/UObjectPlugin/UObjectPlugin.uplugin
LogPluginManager: Loaded Plugin VisualStudioSourceCodeAccess, From C:/Program Files (x86)/Epic Games/4.14/Engine/Plugins/Developer/VisualStudioSourceCodeAccess/VisualStudioSourceCodeAccess.uplugin
LogPluginManager: Loaded Plugin XCodeSourceCodeAccess, From C:/Program Files (x86)/Epic Games/4.14/Engine/Plugins/Developer/XCodeSourceCodeAccess/XCodeSourceCodeAccess.uplugin
LogPluginManager: Loaded Plugin AudioCapture, From C:/Program Files (x86)/Epic Games/4.14/Engine/Plugins/Editor/AudioCapture/AudioCapture.uplugin
LogPluginManager: Loaded Plugin EpicSurvey, From C:/Program Files (x86)/Epic Games/4.14/Engine/Plugins/Editor/EpicSurvey/EpicSurvey.uplugin
LogPluginManager: Loaded Plugin MacGraphicsSwitching, From C:/Program Files (x86)/Epic Games/4.14/Engine/Plugins/Editor/MacGraphicsSwitching/MacGraphicsSwitching.uplugin
LogPluginManager: Loaded Plugin MobileLauncherProfileWizard, From C:/Program Files (x86)/Epic Games/4.14/Engine/Plugins/Editor/MobileLauncherProfileWizard/MobileLauncherProfileWizard.uplugin
LogPluginManager: Loaded Plugin PluginBrowser, From C:/Program Files (x86)/Epic Games/4.14/Engine/Plugins/Editor/PluginBrowser/PluginBrowser.uplugin
LogPluginManager: Loaded Plugin SpeedTreeImporter, From C:/Program Files (x86)/Epic Games/4.14/Engine/Plugins/Editor/SpeedTreeImporter/SpeedTreeImporter.uplugin
LogPluginManager: Loaded Plugin SuperSearchEditor, From C:/Program Files (x86)/Epic Games/4.14/Engine/Plugins/Editor/SuperSearchEditor/SuperSearchEditor.uplugin
LogPluginManager: Loaded Plugin AlembicImporter, From C:/Program Files (x86)/Epic Games/4.14/Engine/Plugins/Experimental/AlembicImporter/AlembicImporter.uplugin
LogPluginManager: Loaded Plugin BlueprintStats, From C:/Program Files (x86)/Epic Games/4.14/Engine/Plugins/Experimental/BlueprintStats/BlueprintStats.uplugin
LogPluginManager: Loaded Plugin CharacterAI, From C:/Program Files (x86)/Epic Games/4.14/Engine/Plugins/Experimental/CharacterAI/CharacterAI.uplugin
LogPluginManager: Loaded Plugin CodeEditor, From C:/Program Files (x86)/Epic Games/4.14/Engine/Plugins/Experimental/CodeEditor/CodeEditor.uplugin
LogPluginManager: Loaded Plugin CodeView, From C:/Program Files (x86)/Epic Games/4.14/Engine/Plugins/Experimental/CodeView/CodeView.uplugin
LogPluginManager: Loaded Plugin HTML5Networking, From C:/Program Files (x86)/Epic Games/4.14/Engine/Plugins/Experimental/HTML5Networking/HTML5Networking.uplugin
LogPluginManager: Loaded Plugin OSVR, From C:/Program Files (x86)/Epic Games/4.14/Engine/Plugins/Experimental/OSVR/OSVR.uplugin
LogPluginManager: Loaded Plugin Phya, From C:/Program Files (x86)/Epic Games/4.14/Engine/Plugins/Experimental/Phya/Phya.uplugin
LogPluginManager: Loaded Plugin SignificanceManager, From C:/Program Files (x86)/Epic Games/4.14/Engine/Plugins/Experimental/SignificanceManager/SignificanceManager.uplugin
LogPluginManager: Loaded Plugin SimpleHMD, From C:/Program Files (x86)/Epic Games/4.14/Engine/Plugins/Experimental/SimpleHMD/SimpleHMD.uplugin
LogPluginManager: Loaded Plugin StereoPanorama, From C:/Program Files (x86)/Epic Games/4.14/Engine/Plugins/Experimental/StereoPanorama/StereoPanorama.uplugin
LogPluginManager: Loaded Plugin StructBox, From C:/Program Files (x86)/Epic Games/4.14/Engine/Plugins/Experimental/StructBox/StructBox.uplugin
LogPluginManager: Loaded Plugin AndroidMedia, From C:/Program Files (x86)/Epic Games/4.14/Engine/Plugins/Media/AndroidMedia/AndroidMedia.uplugin
LogPluginManager: Loaded Plugin AvfMedia, From C:/Program Files (x86)/Epic Games/4.14/Engine/Plugins/Media/AvfMedia/AvfMedia.uplugin
LogPluginManager: Loaded Plugin MediaPlayerEditor, From C:/Program Files (x86)/Epic Games/4.14/Engine/Plugins/Media/MediaPlayerEditor/MediaPlayerEditor.uplugin
LogPluginManager: Loaded Plugin WmfMedia, From C:/Program Files (x86)/Epic Games/4.14/Engine/Plugins/Media/WmfMedia/WmfMedia.uplugin
LogPluginManager: Loaded Plugin MessagingDebugger, From C:/Program Files (x86)/Epic Games/4.14/Engine/Plugins/Messaging/MessagingDebugger/MessagingDebugger.uplugin
LogPluginManager: Loaded Plugin TcpMessaging, From C:/Program Files (x86)/Epic Games/4.14/Engine/Plugins/Messaging/TcpMessaging/TcpMessaging.uplugin
LogPluginManager: Loaded Plugin UdpMessaging, From C:/Program Files (x86)/Epic Games/4.14/Engine/Plugins/Messaging/UdpMessaging/UdpMessaging.uplugin
LogPluginManager: Loaded Plugin LevelSequenceEditor, From C:/Program Files (x86)/Epic Games/4.14/Engine/Plugins/MovieScene/LevelSequenceEditor/LevelSequenceEditor.uplugin
LogPluginManager: Loaded Plugin MatineeToLevelSequence, From C:/Program Files (x86)/Epic Games/4.14/Engine/Plugins/MovieScene/MatineeToLevelSequence/MatineeToLevelSequence.uplugin
LogPluginManager: Loaded Plugin NetcodeUnitTest, From C:/Program Files (x86)/Epic Games/4.14/Engine/Plugins/NetcodeUnitTest/NetcodeUnitTest/NetcodeUnitTest.uplugin
LogPluginManager: Loaded Plugin NUTUnrealEngine4, From C:/Program Files (x86)/Epic Games/4.14/Engine/Plugins/NetcodeUnitTest/NUTUnrealEngine4/NUTUnrealEngine4.uplugin
LogPluginManager: Loaded Plugin OnlineSubsystemGameCircle, From C:/Program Files (x86)/Epic Games/4.14/Engine/Plugins/Online/Android/OnlineSubsystemGameCircle/OnlineSubsystemGameCircle.uplugin
LogPluginManager: Loaded Plugin OnlineSubsystemGooglePlay, From C:/Program Files (x86)/Epic Games/4.14/Engine/Plugins/Online/Android/OnlineSubsystemGooglePlay/OnlineSubsystemGooglePlay.uplugin
LogPluginManager: Loaded Plugin OnlineSubsystemIOS, From C:/Program Files (x86)/Epic Games/4.14/Engine/Plugins/Online/IOS/OnlineSubsystemIOS/OnlineSubsystemIOS.uplugin
LogPluginManager: Loaded Plugin OnlineFramework, From C:/Program Files (x86)/Epic Games/4.14/Engine/Plugins/Online/OnlineFramework/OnlineFramework.uplugin
LogPluginManager: Loaded Plugin OnlineSubsystem, From C:/Program Files (x86)/Epic Games/4.14/Engine/Plugins/Online/OnlineSubsystem/OnlineSubsystem.uplugin
LogPluginManager: Loaded Plugin OnlineSubsystemAmazon, From C:/Program Files (x86)/Epic Games/4.14/Engine/Plugins/Online/OnlineSubsystemAmazon/OnlineSubsystemAmazon.uplugin
LogPluginManager: Loaded Plugin OnlineSubsystemFacebook, From C:/Program Files (x86)/Epic Games/4.14/Engine/Plugins/Online/OnlineSubsystemFacebook/OnlineSubsystemFacebook.uplugin
LogPluginManager: Loaded Plugin OnlineSubsystemNull, From C:/Program Files (x86)/Epic Games/4.14/Engine/Plugins/Online/OnlineSubsystemNull/OnlineSubsystemNull.uplugin
LogPluginManager: Loaded Plugin OnlineSubsystemOculus, From C:/Program Files (x86)/Epic Games/4.14/Engine/Plugins/Online/OnlineSubsystemOculus/OnlineSubsystemOculus.uplugin
LogPluginManager: Loaded Plugin OnlineSubsystemSteam, From C:/Program Files (x86)/Epic Games/4.14/Engine/Plugins/Online/OnlineSubsystemSteam/OnlineSubsystemSteam.uplugin
LogPluginManager: Loaded Plugin OnlineSubsystemUtils, From C:/Program Files (x86)/Epic Games/4.14/Engine/Plugins/Online/OnlineSubsystemUtils/OnlineSubsystemUtils.uplugin
LogPluginManager: Loaded Plugin IOSTapJoy, From C:/Program Files (x86)/Epic Games/4.14/Engine/Plugins/Runtime/Advertising/IOSTapJoy/IOSTapJoy.uplugin
LogPluginManager: Loaded Plugin AnalyticsBlueprintLibrary, From C:/Program Files (x86)/Epic Games/4.14/Engine/Plugins/Runtime/Analytics/AnalyticsBlueprintLibrary/AnalyticsBlueprintLibrary.uplugin
LogPluginManager: Loaded Plugin AnalyticsMulticast, From C:/Program Files (x86)/Epic Games/4.14/Engine/Plugins/Runtime/Analytics/AnalyticsMulticast/AnalyticsMulticast.uplugin
LogPluginManager: Loaded Plugin Apsalar, From C:/Program Files (x86)/Epic Games/4.14/Engine/Plugins/Runtime/Analytics/Apsalar/Apsalar.uplugin
LogPluginManager: Loaded Plugin FileLogging, From C:/Program Files (x86)/Epic Games/4.14/Engine/Plugins/Runtime/Analytics/FileLogging/FileLogging.uplugin
LogPluginManager: Loaded Plugin Flurry, From C:/Program Files (x86)/Epic Games/4.14/Engine/Plugins/Runtime/Analytics/Flurry/Flurry.uplugin
LogPluginManager: Loaded Plugin AndroidDeviceProfileSelector, From C:/Program Files (x86)/Epic Games/4.14/Engine/Plugins/Runtime/AndroidDeviceProfileSelector/AndroidDeviceProfileSelector.uplugin
LogPluginManager: Loaded Plugin AndroidMoviePlayer, From C:/Program Files (x86)/Epic Games/4.14/Engine/Plugins/Runtime/AndroidMoviePlayer/AndroidMoviePlayer.uplugin
LogPluginManager: Loaded Plugin AppleMoviePlayer, From C:/Program Files (x86)/Epic Games/4.14/Engine/Plugins/Runtime/AppleMoviePlayer/AppleMoviePlayer.uplugin
LogPluginManager: Loaded Plugin ArchVisCharacter, From C:/Program Files (x86)/Epic Games/4.14/Engine/Plugins/Runtime/ArchVisCharacter/ArchVisCharacter.uplugin
LogPluginManager: Loaded Plugin CableComponent, From C:/Program Files (x86)/Epic Games/4.14/Engine/Plugins/Runtime/CableComponent/CableComponent.uplugin
LogPluginManager: Loaded Plugin CustomMeshComponent, From C:/Program Files (x86)/Epic Games/4.14/Engine/Plugins/Runtime/CustomMeshComponent/CustomMeshComponent.uplugin
LogPluginManager: Loaded Plugin ExampleDeviceProfileSelector, From C:/Program Files (x86)/Epic Games/4.14/Engine/Plugins/Runtime/ExampleDeviceProfileSelector/ExampleDeviceProfileSelector.uplugin
LogPluginManager: Loaded Plugin GearVR, From C:/Program Files (x86)/Epic Games/4.14/Engine/Plugins/Runtime/GearVR/GearVR.uplugin
LogPluginManager: Loaded Plugin GoogleVRController, From C:/Program Files (x86)/Epic Games/4.14/Engine/Plugins/Runtime/GoogleVR/GoogleVRController/GoogleVRController.uplugin
LogPluginManager: Loaded Plugin GoogleVRHMD, From C:/Program Files (x86)/Epic Games/4.14/Engine/Plugins/Runtime/GoogleVR/GoogleVRHMD/GoogleVRHMD.uplugin
LogPluginManager: Loaded Plugin IOSDeviceProfileSelector, From C:/Program Files (x86)/Epic Games/4.14/Engine/Plugins/Runtime/IOSDeviceProfileSelector/IOSDeviceProfileSelector.uplugin
LogPluginManager: Loaded Plugin LeapMotion, From C:/Program Files (x86)/Epic Games/4.14/Engine/Plugins/Runtime/LeapMotion/LeapMotion.uplugin
LogPluginManager: Loaded Plugin LinuxDeviceProfileSelector, From C:/Program Files (x86)/Epic Games/4.14/Engine/Plugins/Runtime/LinuxDeviceProfileSelector/LinuxDeviceProfileSelector.uplugin
LogPluginManager: Loaded Plugin MIDIDevice, From C:/Program Files (x86)/Epic Games/4.14/Engine/Plugins/Runtime/MIDIDevice/MIDIDevice.uplugin
LogPluginManager: Loaded Plugin MobilePatchingUtils, From C:/Program Files (x86)/Epic Games/4.14/Engine/Plugins/Runtime/MobilePatchingUtils/MobilePatchingUtils.uplugin
LogPluginManager: Loaded Plugin Ansel, From C:/Program Files (x86)/Epic Games/4.14/Engine/Plugins/Runtime/Nvidia/Ansel/Ansel.uplugin
LogPluginManager: Loaded Plugin OculusAudio, From C:/Program Files (x86)/Epic Games/4.14/Engine/Plugins/Runtime/OculusAudio/OculusAudio.uplugin
LogPluginManager: Loaded Plugin OculusInput, From C:/Program Files (x86)/Epic Games/4.14/Engine/Plugins/Runtime/OculusInput/OculusInput.uplugin
LogPluginManager: Loaded Plugin OculusLibrary, From C:/Program Files (x86)/Epic Games/4.14/Engine/Plugins/Runtime/OculusLibrary/OculusLibrary.uplugin
LogPluginManager: Loaded Plugin OculusRift, From C:/Program Files (x86)/Epic Games/4.14/Engine/Plugins/Runtime/OculusRift/OculusRift.uplugin
LogPluginManager: Loaded Plugin Oodle, From C:/Program Files (x86)/Epic Games/4.14/Engine/Plugins/Runtime/PacketHandlers/CompressionComponents/Oodle/Oodle.uplugin
LogPluginManager: Loaded Plugin ProceduralMeshComponent, From C:/Program Files (x86)/Epic Games/4.14/Engine/Plugins/Runtime/ProceduralMeshComponent/ProceduralMeshComponent.uplugin
LogPluginManager: Loaded Plugin SoundMod, From C:/Program Files (x86)/Epic Games/4.14/Engine/Plugins/Runtime/SoundMod/SoundMod.uplugin
LogPluginManager: Loaded Plugin SoundVisualizations, From C:/Program Files (x86)/Epic Games/4.14/Engine/Plugins/Runtime/SoundVisualizations/SoundVisualizations.uplugin
LogPluginManager: Loaded Plugin SteamController, From C:/Program Files (x86)/Epic Games/4.14/Engine/Plugins/Runtime/Steam/SteamController/SteamController.uplugin
LogPluginManager: Loaded Plugin SteamVR, From C:/Program Files (x86)/Epic Games/4.14/Engine/Plugins/Runtime/Steam/SteamVR/SteamVR.uplugin
LogPluginManager: Loaded Plugin WebBrowserWidget, From C:/Program Files (x86)/Epic Games/4.14/Engine/Plugins/Runtime/WebBrowserWidget/WebBrowserWidget.uplugin
LogPluginManager: Loaded Plugin WindowsDeviceProfileSelector, From C:/Program Files (x86)/Epic Games/4.14/Engine/Plugins/Runtime/WindowsDeviceProfileSelector/WindowsDeviceProfileSelector.uplugin
LogPluginManager: Loaded Plugin WindowsMoviePlayer, From C:/Program Files (x86)/Epic Games/4.14/Engine/Plugins/Runtime/WindowsMoviePlayer/WindowsMoviePlayer.uplugin
LogPluginManager: Loaded Plugin ScriptPlugin, From C:/Program Files (x86)/Epic Games/4.14/Engine/Plugins/ScriptPlugin/ScriptPlugin.uplugin
LogPluginManager: Loaded Plugin SlateRemote, From C:/Program Files (x86)/Epic Games/4.14/Engine/Plugins/Slate/SlateRemote/SlateRemote.uplugin
LogPluginManager: Loaded Plugin EditorTests, From C:/Program Files (x86)/Epic Games/4.14/Engine/Plugins/Tests/EditorTests/EditorTests.uplugin
LogPluginManager: Loaded Plugin FbxAutomationTestBuilder, From C:/Program Files (x86)/Epic Games/4.14/Engine/Plugins/Tests/FbxAutomationTestBuilder/FbxAutomationTestBuilder.uplugin
LogPluginManager: Loaded Plugin FunctionalTestingEditor, From C:/Program Files (x86)/Epic Games/4.14/Engine/Plugins/Tests/FunctionalTestingEditor/FunctionalTestingEditor.uplugin
LogPluginManager: Loaded Plugin RuntimeTests, From C:/Program Files (x86)/Epic Games/4.14/Engine/Plugins/Tests/RuntimeTests/RuntimeTests.uplugin
LogPluginManager: Loaded Plugin ScreenshotTools, From C:/Program Files (x86)/Epic Games/4.14/Engine/Plugins/Tests/ScreenshotTools/ScreenshotTools.uplugin
LogInit: Using libcurl 7.47.1
LogInit:  - built for x86_64-pc-win32
LogInit:  - supports SSL with OpenSSL/1.0.2g
LogInit:  - supports HTTP deflate (compression) using libz 1.2.8
LogInit:  - other features:
LogInit:      CURL_VERSION_SSL
LogInit:      CURL_VERSION_LIBZ
LogInit:      CURL_VERSION_IPV6
LogInit:      CURL_VERSION_ASYNCHDNS
LogInit:      CURL_VERSION_LARGEFILE
LogInit:      CURL_VERSION_IDN
LogInit:  CurlRequestOptions (configurable via config and command line):
LogInit:  - bVerifyPeer = false  - Libcurl will NOT verify peer certificate
LogInit:  - bUseHttpProxy = false  - Libcurl will NOT use HTTP proxy
LogInit:  - bDontReuseConnections = false  - Libcurl will reuse connections
LogInit:  - CertBundlePath = nullptr  - Libcurl will use whatever was configured at build time.
LogInit: Build: ++UE4+Release-4.14-CL-3249277
LogInit: Engine Version: 4.14.3-3249277+++UE4+Release-4.14
LogInit: Compatible Engine Version: 4.14.0-3195953+++UE4+Release-4.14
LogInit: Net CL: 3195953
LogDevObjectVersion: Number of dev versions registered: 13
LogDevObjectVersion:   Dev-Blueprints (B0D832E4-1F89-4F0D-ACCF-7EB736FD4AA2): 7
LogDevObjectVersion:   Dev-Build (E1C64328-A22C-4D53-A36C-8E866417BD8C): 0
LogDevObjectVersion:   Dev-Core (375EC13C-06E4-48FB-B500-84F0262A717E): 1
LogDevObjectVersion:   Dev-Editor (E4B068ED-F494-42E9-A231-DA0B2E46BB41): 8
LogDevObjectVersion:   Dev-Framework (CFFC743F-43B0-4480-9391-14DF171D2073): 17
LogDevObjectVersion:   Dev-Mobile (B02B49B5-BB20-44E9-A304-32B752E40360): 0
LogDevObjectVersion:   Dev-Networking (A4E4105C-59A1-49B5-A7C5-40C4547EDFEE): 0
LogDevObjectVersion:   Dev-Online (39C831C9-5AE6-47DC-9A44-9C173E1C8E7C): 0
LogDevObjectVersion:   Dev-Physics (78F01B33-EBEA-4F98-B9B4-84EACCB95AA2): 0
LogDevObjectVersion:   Dev-Platform (6631380F-2D4D-43E0-8009-CF276956A95A): 0
LogDevObjectVersion:   Dev-Rendering (12F88B9F-8875-4AFC-A67C-D90C383ABD29): 12
LogDevObjectVersion:   Dev-Sequencer (7B5AE74C-D270-4C10-A958-57980B212A5A): 1
LogDevObjectVersion:   Dev-VR (D7296918-1DD6-4BDD-9DE2-64A83CC13884): 0
LogInit: Compiled (64-bit): Jan  6 2017 10:49:43
LogInit: Compiled with Visual C++: 19.00.23026.00
LogInit: Build Configuration: Development
LogInit: Branch Name: ++UE4+Release-4.14
LogInit: Command line: -EpicPortal 
LogInit: Base directory: C:/Program Files (x86)/Epic Games/4.14/Engine/Binaries/Win64/
LogInit: Installed Engine Build: 1
LogInit: Presizing for max 8388607 objects, including 0 objects not considered by GC, pre-allocating 0 bytes for permanent pool.
LogInit: Object subsystem initialized
[2017.03.10-09.35.58:378][  0]LogInit: Selected Device Profile: [Windows]
[2017.03.10-09.35.58:378][  0]LogInit: Applying CVar settings loaded from the selected device profile: [Windows]
[2017.03.10-09.35.58:424][  0]LogInit: Computer: DESKTOP-IJKOIIJ
[2017.03.10-09.35.58:424][  0]LogInit: User: Aratim
[2017.03.10-09.35.58:424][  0]LogInit: CPU Page size=65536, Cores=4
[2017.03.10-09.35.58:424][  0]LogInit: High frequency timer resolution =3.417980 MHz
[2017.03.10-09.35.58:425][  0]LogMemory: Memory total: Physical=8.0GB (8GB approx)
[2017.03.10-09.35.58:425][  0]LogMemory: Platform Memory Stats for Windows
[2017.03.10-09.35.58:425][  0]LogMemory: Process Physical Memory: 264.00 MB used, 264.00 MB peak
[2017.03.10-09.35.58:425][  0]LogMemory: Process Virtual Memory: 262.63 MB used, 262.63 MB peak
[2017.03.10-09.35.58:425][  0]LogMemory: Physical Memory: 3577.02 MB used,  4563.83 MB free, 8140.85 MB total
[2017.03.10-09.35.58:425][  0]LogMemory: Virtual Memory: 675.70 MB used,  4563.83 MB free, 134217728.00 MB total
[2017.03.10-09.35.58:463][  0]LogTextLocalizationManager: No translations for ('fr-FR') exist, falling back to 'en' for localization and internationalization data.
[2017.03.10-09.35.58:988][  0]LogD3D11RHI: D3D11 adapters:
[2017.03.10-09.35.59:486][  0]LogD3D11RHI:    0. 'NVIDIA GeForce GTX 1060 6GB' (Feature Level 11_0)
[2017.03.10-09.35.59:486][  0]LogD3D11RHI:       6084/0/4070 MB DedicatedVideo/DedicatedSystem/SharedSystem, Outputs:1, VendorId:0x10de
[2017.03.10-09.35.59:487][  0]LogD3D11RHI:    1. 'Microsoft Basic Render Driver' (Feature Level 11_0)
[2017.03.10-09.35.59:487][  0]LogD3D11RHI:       0/0/4070 MB DedicatedVideo/DedicatedSystem/SharedSystem, Outputs:0, VendorId:0x1414
[2017.03.10-09.35.59:487][  0]LogD3D11RHI: Chosen D3D11 Adapter: 0
[2017.03.10-09.35.59:490][  0]LogD3D11RHI: Creating new Direct3DDevice
[2017.03.10-09.35.59:490][  0]LogD3D11RHI:     GPU DeviceId: 0x1c03 (for the marketing name, search the web for "GPU Device Id")
[2017.03.10-09.35.59:490][  0]LogWindows: EnumDisplayDevices:
[2017.03.10-09.35.59:490][  0]LogWindows:    0. 'NVIDIA GeForce GTX 1060 6GB' (P:1 D:1)
[2017.03.10-09.35.59:490][  0]LogWindows:    1. 'NVIDIA GeForce GTX 1060 6GB' (P:0 D:0)
[2017.03.10-09.35.59:490][  0]LogWindows:    2. 'NVIDIA GeForce GTX 1060 6GB' (P:0 D:0)
[2017.03.10-09.35.59:490][  0]LogWindows:    3. 'NVIDIA GeForce GTX 1060 6GB' (P:0 D:0)
[2017.03.10-09.35.59:491][  0]LogWindows: DebugString: FoundDriverCount:4 
[2017.03.10-09.35.59:491][  0]LogD3D11RHI:     Adapter Name: NVIDIA GeForce GTX 1060 6GB
[2017.03.10-09.35.59:491][  0]LogD3D11RHI:   Driver Version: 378.66 (internal:21.21.13.7866, unified:378.66)
[2017.03.10-09.35.59:491][  0]LogD3D11RHI:      Driver Date: 2-9-2017
[2017.03.10-09.35.59:491][  0]LogRHI: Texture pool is 1361 MB (70% of 1945 MB)
[2017.03.10-09.35.59:951][  0]LogD3D11RHI: Async texture creation enabled
[2017.03.10-09.35.59:976][  0]LogD3D11RHI: GPU Timing Frequency: 1000.000000 (Debug: 2 1)
[2017.03.10-09.35.59:976][  0]LogShaderCompilers: Guid format shader working directory is -6 characters bigger than the processId version (X:/Aratim/Documents/GitHub/ProjetInfoSolo/IsekaiLife/Intermediate/Shaders/WorkingDirectory/10608/).
[2017.03.10-09.35.59:977][  0]LogShaderCompilers: Cleaned the shader compiler working directory 'C:/Users/Aratim/AppData/Local/Temp/UnrealShaderWorkingDir/10F9053B46100FCAA4B02CB44C387FC8/'.
[2017.03.10-09.35.59:977][  0]LogShaderCompilers:Display: Using Local Shader Compiler.
[2017.03.10-09.36.00:832][  0]LogTemp:Display: Loaded TP AllDesktopTargetPlatform
[2017.03.10-09.36.00:877][  0]LogTemp:Display: Loaded TP MacClientTargetPlatform
[2017.03.10-09.36.00:920][  0]LogTemp:Display: Loaded TP MacNoEditorTargetPlatform
[2017.03.10-09.36.00:967][  0]LogTemp:Display: Loaded TP MacServerTargetPlatform
[2017.03.10-09.36.01:011][  0]LogTemp:Display: Loaded TP MacTargetPlatform
[2017.03.10-09.36.01:057][  0]LogTemp:Display: Loaded TP WindowsClientTargetPlatform
[2017.03.10-09.36.01:103][  0]LogTemp:Display: Loaded TP WindowsNoEditorTargetPlatform
[2017.03.10-09.36.01:147][  0]LogTemp:Display: Loaded TP WindowsServerTargetPlatform
[2017.03.10-09.36.01:184][  0]LogTemp:Display: Loaded TP WindowsTargetPlatform
[2017.03.10-09.36.01:225][  0]LogTemp:Display: Loaded TP AndroidTargetPlatform
[2017.03.10-09.36.01:269][  0]LogTemp:Display: Loaded TP Android_ASTCTargetPlatform
[2017.03.10-09.36.01:311][  0]LogTemp:Display: Loaded TP Android_ATCTargetPlatform
[2017.03.10-09.36.01:353][  0]LogTemp:Display: Loaded TP Android_DXTTargetPlatform
[2017.03.10-09.36.01:396][  0]LogTemp:Display: Loaded TP Android_ETC1TargetPlatform
[2017.03.10-09.36.01:438][  0]LogTemp:Display: Loaded TP Android_ETC2TargetPlatform
[2017.03.10-09.36.01:524][  0]LogTemp:Display: Loaded TP Android_MultiTargetPlatform
[2017.03.10-09.36.01:524][  0]LogTemp:Display: Loaded TP Android_PVRTCTargetPlatform
[2017.03.10-09.36.01:554][  0]LogTemp:Display: Loaded TP HTML5TargetPlatform
[2017.03.10-09.36.01:624][  0]LogTemp:Display: Loaded TP IOSTargetPlatform
[2017.03.10-09.36.01:652][  0]LogTemp:Display: Loaded TP TVOSTargetPlatform
[2017.03.10-09.36.01:695][  0]LogTemp:Display: Loaded TP LinuxClientTargetPlatform
[2017.03.10-09.36.01:736][  0]LogTemp:Display: Loaded TP LinuxNoEditorTargetPlatform
[2017.03.10-09.36.01:779][  0]LogTemp:Display: Loaded TP LinuxServerTargetPlatform
[2017.03.10-09.36.01:821][  0]LogTemp:Display: Loaded TP LinuxTargetPlatform
[2017.03.10-09.36.01:821][  0]LogTargetPlatformManager:Display: Building Assets For Windows
[2017.03.10-09.36.02:155][  0]LogDerivedDataCache:Display: Max Cache Size: 512 MB
[2017.03.10-09.36.02:204][  0]LogDerivedDataCache: Loaded boot cache 0.05s 50MB C:/Users/Aratim/AppData/Local/UnrealEngine/4.14/DerivedDataCache/Boot.ddc.
[2017.03.10-09.36.02:204][  0]LogDerivedDataCache:Display: Loaded Boot cache: C:/Users/Aratim/AppData/Local/UnrealEngine/4.14/DerivedDataCache/Boot.ddc
[2017.03.10-09.36.02:204][  0]LogDerivedDataCache: FDerivedDataBackendGraph:  Pak pak cache file X:/Aratim/Documents/GitHub/ProjetInfoSolo/IsekaiLife/DerivedDataCache/DDC.ddp not found, will not use a pak cache.
[2017.03.10-09.36.02:204][  0]LogDerivedDataCache: Unable to find inner node Pak for hierarchical cache Hierarchy.
[2017.03.10-09.36.02:204][  0]LogDerivedDataCache: FDerivedDataBackendGraph:  CompressedPak pak cache file X:/Aratim/Documents/GitHub/ProjetInfoSolo/IsekaiLife/DerivedDataCache/Compressed.ddp not found, will not use a pak cache.
[2017.03.10-09.36.02:204][  0]LogDerivedDataCache: Unable to find inner node CompressedPak for hierarchical cache Hierarchy.
[2017.03.10-09.36.02:218][  0]LogDerivedDataCache:Display: Pak cache opened for reading ../../../Engine/DerivedDataCache/Compressed.ddp.
[2017.03.10-09.36.02:231][  0]LogDerivedDataCache: Using Local data cache path C:/Users/Aratim/AppData/Local/UnrealEngine/Common/DerivedDataCache: Writable
[2017.03.10-09.36.02:391][  0]LogInit: Selected Device Profile: [Windows]
[2017.03.10-09.36.02:393][  0]LogContentStreaming: Texture pool size is 0.00 MB
[2017.03.10-09.36.02:562][  0]LogMeshUtilities: Using QuadricMeshReduction for automatic static mesh reduction
[2017.03.10-09.36.02:596][  0]LogSimplygon: Simplygon DLL not present - disabling.
[2017.03.10-09.36.02:635][  0]LogMeshUtilities: Using SimplygonSwarm for distributed automatic mesh merging
[2017.03.10-09.36.02:635][  0]LogMeshUtilities: No automatic skeletal mesh reduction module available
[2017.03.10-09.36.02:635][  0]LogMeshUtilities: No automatic mesh merging module available
[2017.03.10-09.36.03:061][  0]LogNetVersion: GetLocalNetworkVersion: CL: 3195953, ProjectName: isekailife, ProjectVersion: , EngineNetworkVersion: 2, GameNetworkVersion: 0, NetworkChecksum: 677534986
[2017.03.10-09.36.03:112][  0]LogAssetRegistry: FAssetRegistry took 0.0219 seconds to start up
[2017.03.10-09.36.03:142][  0]LogPackageLocalizationCache: Processed 3 localized package path(s) for 1 prioritized culture(s) in 0.010435 seconds
[2017.03.10-09.36.03:148][  0]LogUObjectArray: 31946 objects as part of root set at end of initial load.
[2017.03.10-09.36.03:148][  0]LogUObjectAllocator: 6935848 out of 0 bytes used by permanent object pool.
[2017.03.10-09.36.03:148][  0]LogUObjectArray: CloseDisregardForGC: 0/0 objects in disregard for GC pool
[2017.03.10-09.36.03:199][  0]LogInit: WinSock: version 1.1 (2.2), MaxSocks=32767, MaxUdp=65467
[2017.03.10-09.36.03:782][  0]LogSlate: Using Freetype 2.6.0
[2017.03.10-09.36.03:782][  0]LogSlate: SlateFontCache - WITH_FREETYPE: 1, WITH_HARFBUZZ: 1
[2017.03.10-09.36.03:782][  0]LogSlate: SlateFontCache - WITH_FREETYPE: 1, WITH_HARFBUZZ: 1
[2017.03.10-09.36.04:421][  0]LogTcpMessaging: Initializing TcpMessaging bridge
[2017.03.10-09.36.04:458][  0]LogUdpMessaging: Initializing bridge on interface 0.0.0.0:0 to multicast group 230.0.0.1:6666.
[2017.03.10-09.36.04:861][  0]LogMaterial: Uniform references updated for custom material expression Custom.
[2017.03.10-09.36.05:166][  0]SourceControl: Info Source control is disabled
[2017.03.10-09.36.05:167][  0]SourceControl: Info Source control is disabled
[2017.03.10-09.36.05:208][  0]SourceControl: Info Source control is disabled
[2017.03.10-09.36.05:245][  0]SourceControl: Info Source control is disabled
[2017.03.10-09.36.06:310][  0]LogEngine: Initializing Engine...
[2017.03.10-09.36.06:311][  0]LogHMD: Failed to initialize OpenVR with code 110
[2017.03.10-09.36.06:503][  0]LogAIModule: Creating AISystem for world Untitled
[2017.03.10-09.36.06:510][  0]LogInit: XAudio2 using 'Haut-parleurs (2- USB Audio Device)' : 2 channels at 44.1 kHz using 16 bits per sample (channel mask 0x3)
[2017.03.10-09.36.06:522][  0]LogInit: FAudioDevice initialized.
[2017.03.10-09.36.06:549][  0]LogDerivedDataCache: Saved boot cache 0.03s 50MB C:/Users/Aratim/AppData/Local/UnrealEngine/4.14/DerivedDataCache/Boot.ddc.
[2017.03.10-09.36.06:558][  0]LogInit: Texture streaming: Enabled
[2017.03.10-09.36.06:706][  0]LogWindowsTextInputMethodSystem:Display: IME system now deactivated.
[2017.03.10-09.36.06:766][  0]LogInit: Transaction tracking system initialized
[2017.03.10-09.36.07:051][  0]BlueprintLog: New page: Editor Load
[2017.03.10-09.36.07:780][  0]LocalizationService: Info Localization service is disabled
[2017.03.10-09.36.08:337][  0]LogConsoleResponse:Display: 
[2017.03.10-09.36.08:464][  0]LogCook:Display: Max memory allowance for cook 16384mb min free memory 0mb
[2017.03.10-09.36.08:464][  0]LogCook:Display: Mobile HDR setting 1
[2017.03.10-09.36.09:277][  0]LogFileCache: Scanning file cache for directory 'X:/Aratim/Documents/GitHub/ProjetInfoSolo/IsekaiLife/Content/' took 0.02s
[2017.03.10-09.36.09:315][  0]SourceControl: Info Source control is disabled
[2017.03.10-09.36.09:315][  0]Cmd: MAP LOAD FILE="X:/Aratim/Documents/GitHub/ProjetInfoSolo/IsekaiLife/Content/ThirdPersonBP/Maps/ThirdPersonExampleMap.umap" TEMPLATE=0 SHOWPROGRESS=1 FEATURELEVEL=3
[2017.03.10-09.36.09:316][  0]LightingResults: New page: Lighting Build
[2017.03.10-09.36.09:348][  0]MapCheck: New page: Map Check
[2017.03.10-09.36.09:348][  0]LightingResults: New page: Lighting Build
[2017.03.10-09.36.11:104][  0]LogAIModule: Creating AISystem for world ThirdPersonExampleMap
[2017.03.10-09.36.11:124][  0]LogEditorServer: Finished looking for orphan Actors (0.000 secs)
[2017.03.10-09.36.11:125][  0]Cmd: MAP CHECKDEP NOCLEARLOG
[2017.03.10-09.36.11:178][  0]MapCheck: Info Map check complete: 0 Error(s), 0 Warning(s), took 53.683ms to complete.
[2017.03.10-09.36.11:178][  0]LogFileHelpers: Loading map 'ThirdPersonExampleMap' took 1.863
[2017.03.10-09.36.11:451][  0]LogCollectionManager: Loaded 0 collections in 0.002483 seconds
[2017.03.10-09.36.11:542][  0]LogFileCache: Scanning file cache for directory 'X:/Aratim/Documents/GitHub/ProjetInfoSolo/IsekaiLife/Saved/Collections/' took 0.01s
[2017.03.10-09.36.11:542][  0]LogFileCache: Scanning file cache for directory 'X:/Aratim/Documents/GitHub/ProjetInfoSolo/IsekaiLife/Content/Developers/Aratim/Collections/' took 0.01s
[2017.03.10-09.36.11:542][  0]LogFileCache: Scanning file cache for directory 'X:/Aratim/Documents/GitHub/ProjetInfoSolo/IsekaiLife/Content/Collections/' took 0.01s
[2017.03.10-09.36.11:542][  0]LogCollectionManager: Rebuilt the GUID cache for 0 collections in 0.000001 seconds
[2017.03.10-09.36.11:555][  0]LogContentBrowser: Native class hierarchy populated in 0.0088 seconds. Added 2191 classes and 430 folders.
[2017.03.10-09.36.11:595][  0]LogStats: UGameplayTagsManager::ConstructGameplayTagTree: Construct from data asset -  0.000 s
[2017.03.10-09.36.11:595][  0]LogStats: UGameplayTagsManager::ConstructGameplayTagTree: GameplayTagTreeChangedEvent.Broadcast -  0.000 s
[2017.03.10-09.36.11:596][  0]LogContentBrowser: Native class hierarchy updated for 'GameplayTags' in 0.0006 seconds. Added 13 classes and 0 folders.
[2017.03.10-09.36.11:650][  0]LogContentBrowser: Native class hierarchy updated for 'WidgetCarousel' in 0.0004 seconds. Added 0 classes and 0 folders.
[2017.03.10-09.36.11:929][  0]LogContentBrowser: Native class hierarchy updated for 'AddContentDialog' in 0.0004 seconds. Added 0 classes and 0 folders.
[2017.03.10-09.36.11:949][  0]LogCrashTracker: Crashtracker disabled due to settings.
[2017.03.10-09.36.11:960][  0]LogUObjectGlobals:Warning: Failed to find object 'Class None.'
[2017.03.10-09.36.12:020][  0]LogContentBrowser: Native class hierarchy updated for 'HierarchicalLODOutliner' in 0.0005 seconds. Added 1 classes and 2 folders.
[2017.03.10-09.36.12:020][  0]LogLoad: (Engine Initialization) Total time: 15.58 seconds
[2017.03.10-09.36.12:020][  0]LogLoad: (Engine Initialization) Total Blueprint compile time: 0.13 seconds
[2017.03.10-09.36.12:020][  0]LogExternalProfiler: Found external profiler: VSPerf
[2017.03.10-09.36.12:020][  0]LogExternalProfiler: Using external profiler: VSPerf
[2017.03.10-09.36.12:029][  0]LogOcInput: OculusInput pre-init called
[2017.03.10-09.36.12:050][  0]LogContentStreaming: Texture pool size now 1000 MB
[2017.03.10-09.36.12:299][  0]LogRenderer: Reallocating scene render targets to support 1184x580 NumSamples 1 (Frame:2).
[2017.03.10-09.36.12:324][  1]LogAssetRegistry: Asset discovery search completed in 9.2336 seconds
[2017.03.10-09.36.12:324][  1]LogCollectionManager: Rebuilt the object cache for 0 collections in 0.000001 seconds (found 0 objects)
[2017.03.10-09.36.12:324][  1]LogCollectionManager: Fixed up redirectors for 0 collections in 0.000013 seconds (updated 0 objects)
[2017.03.10-09.36.20:958][967]LogContentBrowser: Native class hierarchy updated for 'BlueprintGraph' in 0.0007 seconds. Added 111 classes and 0 folders.
[2017.03.10-09.37.56:347][561]LogMetaData: Removing '/Game/InventorySystem/Blueprints/Structures/S_InventorySlot.S_InventorySlot' ref from Metadata '/Game/InventorySystem/Blueprints/Structures/NewUserDefinedStruct.PackageMetaData'
[2017.03.10-09.37.56:347][561]LogMetaData: Removing '/Game/InventorySystem/Blueprints/Structures/S_InventorySlot.S_InventorySlot:MemberVar_0_CF98366B4E065789E7FC6D95342868AB' ref from Metadata '/Game/InventorySystem/Blueprints/Structures/NewUserDefinedStruct.PackageMetaData'
[2017.03.10-09.37.56:367][561]LogSavePackage: Save=4.50ms
[2017.03.10-09.37.56:367][561]LogSavePackage: Moving 'X:/Aratim/Documents/GitHub/ProjetInfoSolo/IsekaiLife/Saved/S_InventorySlotFB89E1EF489CD5960C40B5A195F8ACAE.tmp' to 'X:/Aratim/Documents/GitHub/ProjetInfoSolo/IsekaiLife/Content/InventorySystem/Blueprints/Structures/S_InventorySlot.uasset'
[2017.03.10-09.37.56:369][561]LogSavePackage:Display: Finished SavePackage X:/Aratim/Documents/GitHub/ProjetInfoSolo/IsekaiLife/Content/InventorySystem/Blueprints/Structures/S_InventorySlot.uasset
[2017.03.10-09.38.44:002][901]LogSavePackage: Save=13.75ms
[2017.03.10-09.38.44:002][901]LogSavePackage: Moving 'X:/Aratim/Documents/GitHub/ProjetInfoSolo/IsekaiLife/Saved/S_InventorySlot178F5A5740F75C47BCE329832B708F24.tmp' to 'X:/Aratim/Documents/GitHub/ProjetInfoSolo/IsekaiLife/Content/InventorySystem/Blueprints/Structures/S_InventorySlot.uasset'
[2017.03.10-09.38.44:007][901]LogSavePackage:Display: Finished SavePackage X:/Aratim/Documents/GitHub/ProjetInfoSolo/IsekaiLife/Content/InventorySystem/Blueprints/Structures/S_InventorySlot.uasset
[2017.03.10-09.40.18:238][574]BlueprintLog: New page: Compile BP_Inventory
[2017.03.10-09.40.18:706][613]Cmd: OBJ SAVEPACKAGE PACKAGE="/Game/InventorySystem/Blueprints/BP_Inventory" FILE="X:/Aratim/Documents/GitHub/ProjetInfoSolo/IsekaiLife/Content/InventorySystem/Blueprints/BP_Inventory.uasset" SILENT=true
[2017.03.10-09.40.18:718][613]LogSavePackage: Save=9.39ms
[2017.03.10-09.40.18:718][613]LogSavePackage: Moving 'X:/Aratim/Documents/GitHub/ProjetInfoSolo/IsekaiLife/Saved/BP_Inventory96826E74422FE6C036301780D585D98C.tmp' to 'X:/Aratim/Documents/GitHub/ProjetInfoSolo/IsekaiLife/Content/InventorySystem/Blueprints/BP_Inventory.uasset'
[2017.03.10-09.40.18:719][613]LogSavePackage:Display: Finished SavePackage X:/Aratim/Documents/GitHub/ProjetInfoSolo/IsekaiLife/Content/InventorySystem/Blueprints/BP_Inventory.uasset
[2017.03.10-09.40.40:096][766]LogClass:Warning: Type mismatch in Slots of SKEL_BP_Inventory_C - Previous (StructProperty) Current(ArrayProperty) for package:  FObjectReader
[2017.03.10-09.40.42:387][ 39]BlueprintLog: New page: Compile BP_Inventory
[2017.03.10-09.40.43:238][124]Cmd: OBJ SAVEPACKAGE PACKAGE="/Game/InventorySystem/Blueprints/BP_Inventory" FILE="X:/Aratim/Documents/GitHub/ProjetInfoSolo/IsekaiLife/Content/InventorySystem/Blueprints/BP_Inventory.uasset" SILENT=true
[2017.03.10-09.40.43:251][124]LogSavePackage: Save=8.53ms
[2017.03.10-09.40.43:251][124]LogSavePackage: Moving 'X:/Aratim/Documents/GitHub/ProjetInfoSolo/IsekaiLife/Saved/BP_Inventory08818FE64A20D8F39B4B2886C975897A.tmp' to 'X:/Aratim/Documents/GitHub/ProjetInfoSolo/IsekaiLife/Content/InventorySystem/Blueprints/BP_Inventory.uasset'
[2017.03.10-09.40.43:252][124]LogSavePackage:Display: Finished SavePackage X:/Aratim/Documents/GitHub/ProjetInfoSolo/IsekaiLife/Content/InventorySystem/Blueprints/BP_Inventory.uasset
[2017.03.10-09.41.44:625][319]BlueprintLog: New page: Compile BP_Inventory
[2017.03.10-09.41.45:125][362]Cmd: OBJ SAVEPACKAGE PACKAGE="/Game/InventorySystem/Blueprints/BP_Inventory" FILE="X:/Aratim/Documents/GitHub/ProjetInfoSolo/IsekaiLife/Content/InventorySystem/Blueprints/BP_Inventory.uasset" SILENT=true
[2017.03.10-09.41.45:137][362]LogSavePackage: Save=10.55ms
[2017.03.10-09.41.45:137][362]LogSavePackage: Moving 'X:/Aratim/Documents/GitHub/ProjetInfoSolo/IsekaiLife/Saved/BP_Inventory4A0A208C4E861DD732878A8A13648CA2.tmp' to 'X:/Aratim/Documents/GitHub/ProjetInfoSolo/IsekaiLife/Content/InventorySystem/Blueprints/BP_Inventory.uasset'
[2017.03.10-09.41.45:138][362]LogSavePackage:Display: Finished SavePackage X:/Aratim/Documents/GitHub/ProjetInfoSolo/IsekaiLife/Content/InventorySystem/Blueprints/BP_Inventory.uasset
[2017.03.10-09.42.29:688][959]BlueprintLog: New page: Compile BP_Inventory
[2017.03.10-09.42.30:325][ 24]Cmd: OBJ SAVEPACKAGE PACKAGE="/Game/InventorySystem/Blueprints/BP_Inventory" FILE="X:/Aratim/Documents/GitHub/ProjetInfoSolo/IsekaiLife/Content/InventorySystem/Blueprints/BP_Inventory.uasset" SILENT=true
[2017.03.10-09.42.30:338][ 24]LogSavePackage: Save=11.38ms
[2017.03.10-09.42.30:338][ 24]LogSavePackage: Moving 'X:/Aratim/Documents/GitHub/ProjetInfoSolo/IsekaiLife/Saved/BP_InventoryF1B8913F4338ED2FE724AFB9EC18E665.tmp' to 'X:/Aratim/Documents/GitHub/ProjetInfoSolo/IsekaiLife/Content/InventorySystem/Blueprints/BP_Inventory.uasset'
[2017.03.10-09.42.30:339][ 24]LogSavePackage:Display: Finished SavePackage X:/Aratim/Documents/GitHub/ProjetInfoSolo/IsekaiLife/Content/InventorySystem/Blueprints/BP_Inventory.uasset
[2017.03.10-09.43.56:506][868]BlueprintLog: New page: Compile BP_Inventory
[2017.03.10-09.43.56:989][914]Cmd: OBJ SAVEPACKAGE PACKAGE="/Game/InventorySystem/Blueprints/BP_Inventory" FILE="X:/Aratim/Documents/GitHub/ProjetInfoSolo/IsekaiLife/Content/InventorySystem/Blueprints/BP_Inventory.uasset" SILENT=true
[2017.03.10-09.43.57:003][914]LogSavePackage: Save=12.66ms
[2017.03.10-09.43.57:003][914]LogSavePackage: Moving 'X:/Aratim/Documents/GitHub/ProjetInfoSolo/IsekaiLife/Saved/BP_Inventory4A2AB4DC4F2C3A33C7109A96F0DC8E51.tmp' to 'X:/Aratim/Documents/GitHub/ProjetInfoSolo/IsekaiLife/Content/InventorySystem/Blueprints/BP_Inventory.uasset'
[2017.03.10-09.43.57:004][914]LogSavePackage:Display: Finished SavePackage X:/Aratim/Documents/GitHub/ProjetInfoSolo/IsekaiLife/Content/InventorySystem/Blueprints/BP_Inventory.uasset
[2017.03.10-09.44.54:540][630]BlueprintLog: New page: Compile BP_Inventory
[2017.03.10-09.44.55:044][678]Cmd: OBJ SAVEPACKAGE PACKAGE="/Game/InventorySystem/Blueprints/BP_Inventory" FILE="X:/Aratim/Documents/GitHub/ProjetInfoSolo/IsekaiLife/Content/InventorySystem/Blueprints/BP_Inventory.uasset" SILENT=true
[2017.03.10-09.44.55:058][678]LogSavePackage: Save=12.33ms
[2017.03.10-09.44.55:058][678]LogSavePackage: Moving 'X:/Aratim/Documents/GitHub/ProjetInfoSolo/IsekaiLife/Saved/BP_Inventory4D3303D6485C5E04C3942986FF89A5D5.tmp' to 'X:/Aratim/Documents/GitHub/ProjetInfoSolo/IsekaiLife/Content/InventorySystem/Blueprints/BP_Inventory.uasset'
[2017.03.10-09.44.55:059][678]LogSavePackage:Display: Finished SavePackage X:/Aratim/Documents/GitHub/ProjetInfoSolo/IsekaiLife/Content/InventorySystem/Blueprints/BP_Inventory.uasset
[2017.03.10-09.47.17:626][473]BlueprintLog: New page: Compile BP_Inventory
[2017.03.10-09.47.18:287][540]Cmd: OBJ SAVEPACKAGE PACKAGE="/Game/InventorySystem/Blueprints/BP_Inventory" FILE="X:/Aratim/Documents/GitHub/ProjetInfoSolo/IsekaiLife/Content/InventorySystem/Blueprints/BP_Inventory.uasset" SILENT=true
[2017.03.10-09.47.18:310][540]LogSavePackage: Save=18.18ms
[2017.03.10-09.47.18:310][540]LogSavePackage: Moving 'X:/Aratim/Documents/GitHub/ProjetInfoSolo/IsekaiLife/Saved/BP_Inventory56642DFE4F67FA4FAA3FD2AD0988C546.tmp' to 'X:/Aratim/Documents/GitHub/ProjetInfoSolo/IsekaiLife/Content/InventorySystem/Blueprints/BP_Inventory.uasset'
[2017.03.10-09.47.18:312][540]LogSavePackage:Display: Finished SavePackage X:/Aratim/Documents/GitHub/ProjetInfoSolo/IsekaiLife/Content/InventorySystem/Blueprints/BP_Inventory.uasset
[2017.03.10-09.49.19:231][480]Cmd: OBJ SAVEPACKAGE PACKAGE="/Game/InventorySystem/Blueprints/BP_Inventory" FILE="X:/Aratim/Documents/GitHub/ProjetInfoSolo/IsekaiLife/Content/InventorySystem/Blueprints/BP_Inventory.uasset" SILENT=true
[2017.03.10-09.49.19:253][480]LogSavePackage: Save=19.52ms
[2017.03.10-09.49.19:253][480]LogSavePackage: Moving 'X:/Aratim/Documents/GitHub/ProjetInfoSolo/IsekaiLife/Saved/BP_InventoryE97C679844A45786B33ED0B248DB74A8.tmp' to 'X:/Aratim/Documents/GitHub/ProjetInfoSolo/IsekaiLife/Content/InventorySystem/Blueprints/BP_Inventory.uasset'
[2017.03.10-09.49.19:254][480]LogSavePackage:Display: Finished SavePackage X:/Aratim/Documents/GitHub/ProjetInfoSolo/IsekaiLife/Content/InventorySystem/Blueprints/BP_Inventory.uasset
[2017.03.10-09.51.12:666][465]BlueprintLog: New page: Compile BP_Inventory
[2017.03.10-09.51.13:667][571]Cmd: OBJ SAVEPACKAGE PACKAGE="/Game/InventorySystem/Blueprints/BP_Inventory" FILE="X:/Aratim/Documents/GitHub/ProjetInfoSolo/IsekaiLife/Content/InventorySystem/Blueprints/BP_Inventory.uasset" SILENT=true
[2017.03.10-09.51.13:690][571]LogSavePackage: Save=21.30ms
[2017.03.10-09.51.13:690][571]LogSavePackage: Moving 'X:/Aratim/Documents/GitHub/ProjetInfoSolo/IsekaiLife/Saved/BP_Inventory07C914244A1BE5DCA87549A4E5BEE9B2.tmp' to 'X:/Aratim/Documents/GitHub/ProjetInfoSolo/IsekaiLife/Content/InventorySystem/Blueprints/BP_Inventory.uasset'
[2017.03.10-09.51.13:691][571]LogSavePackage:Display: Finished SavePackage X:/Aratim/Documents/GitHub/ProjetInfoSolo/IsekaiLife/Content/InventorySystem/Blueprints/BP_Inventory.uasset
[2017.03.10-09.52.17:196][145]BlueprintLog: New page: Compile BP_Inventory
[2017.03.10-09.52.18:761][319]Cmd: OBJ SAVEPACKAGE PACKAGE="/Game/InventorySystem/Blueprints/BP_Inventory" FILE="X:/Aratim/Documents/GitHub/ProjetInfoSolo/IsekaiLife/Content/InventorySystem/Blueprints/BP_Inventory.uasset" SILENT=true
