Log file open, 03/09/17 19:40:54
LogInit:Display: Running engine for game: IsekaiLife
LogPlatformFile: Not using cached read wrapper
LogInit:Display: RandInit(57306898) SRandInit(57306898).
LogTaskGraph: Started task graph with 5 named threads and 8 total threads with 1 sets of task threads.
LogStats: Stats thread started at 0.080952
LogPluginManager: Loaded Plugin Paper2D, From C:/Program Files (x86)/Epic Games/4.14/Engine/Plugins/2D/Paper2D/Paper2D.uplugin
LogPluginManager: Loaded Plugin LightPropagationVolume, From C:/Program Files (x86)/Epic Games/4.14/Engine/Plugins/Blendables/LightPropagationVolume/LightPropagationVolume.uplugin
LogPluginManager: Loaded Plugin BlankPlugin, From C:/Program Files (x86)/Epic Games/4.14/Engine/Plugins/Developer/BlankPlugin/BlankPlugin.uplugin
LogPluginManager: Loaded Plugin CodeLiteSourceCodeAccess, From C:/Program Files (x86)/Epic Games/4.14/Engine/Plugins/Developer/CodeLiteSourceCodeAccess/CodeLiteSourceCodeAccess.uplugin
LogPluginManager: Loaded Plugin GitSourceControl, From C:/Program Files (x86)/Epic Games/4.14/Engine/Plugins/Developer/GitSourceControl/GitSourceControl.uplugin
LogPluginManager: Loaded Plugin KDevelopSourceCodeAccess, From C:/Program Files (x86)/Epic Games/4.14/Engine/Plugins/Developer/KDevelopSourceCodeAccess/KDevelopSourceCodeAccess.uplugin
LogPluginManager: Loaded Plugin NullSourceCodeAccess, From C:/Program Files (x86)/Epic Games/4.14/Engine/Plugins/Developer/NullSourceCodeAccess/NullSourceCodeAccess.uplugin
LogPluginManager: Loaded Plugin OneSkyLocalizationService, From C:/Program Files (x86)/Epic Games/4.14/Engine/Plugins/Developer/OneSkyLocalizationService/OneSkyLocalizationService.uplugin
LogPluginManager: Loaded Plugin PerforceSourceControl, From C:/Program Files (x86)/Epic Games/4.14/Engine/Plugins/Developer/PerforceSourceControl/PerforceSourceControl.uplugin
LogPluginManager: Loaded Plugin SubversionSourceControl, From C:/Program Files (x86)/Epic Games/4.14/Engine/Plugins/Developer/SubversionSourceControl/SubversionSourceControl.uplugin
LogPluginManager: Loaded Plugin UObjectPlugin, From C:/Program Files (x86)/Epic Games/4.14/Engine/Plugins/Developer/UObjectPlugin/UObjectPlugin.uplugin
LogPluginManager: Loaded Plugin VisualStudioSourceCodeAccess, From C:/Program Files (x86)/Epic Games/4.14/Engine/Plugins/Developer/VisualStudioSourceCodeAccess/VisualStudioSourceCodeAccess.uplugin
LogPluginManager: Loaded Plugin XCodeSourceCodeAccess, From C:/Program Files (x86)/Epic Games/4.14/Engine/Plugins/Developer/XCodeSourceCodeAccess/XCodeSourceCodeAccess.uplugin
LogPluginManager: Loaded Plugin AudioCapture, From C:/Program Files (x86)/Epic Games/4.14/Engine/Plugins/Editor/AudioCapture/AudioCapture.uplugin
LogPluginManager: Loaded Plugin EpicSurvey, From C:/Program Files (x86)/Epic Games/4.14/Engine/Plugins/Editor/EpicSurvey/EpicSurvey.uplugin
LogPluginManager: Loaded Plugin MacGraphicsSwitching, From C:/Program Files (x86)/Epic Games/4.14/Engine/Plugins/Editor/MacGraphicsSwitching/MacGraphicsSwitching.uplugin
LogPluginManager: Loaded Plugin MobileLauncherProfileWizard, From C:/Program Files (x86)/Epic Games/4.14/Engine/Plugins/Editor/MobileLauncherProfileWizard/MobileLauncherProfileWizard.uplugin
LogPluginManager: Loaded Plugin PluginBrowser, From C:/Program Files (x86)/Epic Games/4.14/Engine/Plugins/Editor/PluginBrowser/PluginBrowser.uplugin
LogPluginManager: Loaded Plugin SpeedTreeImporter, From C:/Program Files (x86)/Epic Games/4.14/Engine/Plugins/Editor/SpeedTreeImporter/SpeedTreeImporter.uplugin
LogPluginManager: Loaded Plugin SuperSearchEditor, From C:/Program Files (x86)/Epic Games/4.14/Engine/Plugins/Editor/SuperSearchEditor/SuperSearchEditor.uplugin
LogPluginManager: Loaded Plugin AlembicImporter, From C:/Program Files (x86)/Epic Games/4.14/Engine/Plugins/Experimental/AlembicImporter/AlembicImporter.uplugin
LogPluginManager: Loaded Plugin BlueprintStats, From C:/Program Files (x86)/Epic Games/4.14/Engine/Plugins/Experimental/BlueprintStats/BlueprintStats.uplugin
LogPluginManager: Loaded Plugin CharacterAI, From C:/Program Files (x86)/Epic Games/4.14/Engine/Plugins/Experimental/CharacterAI/CharacterAI.uplugin
LogPluginManager: Loaded Plugin CodeEditor, From C:/Program Files (x86)/Epic Games/4.14/Engine/Plugins/Experimental/CodeEditor/CodeEditor.uplugin
LogPluginManager: Loaded Plugin CodeView, From C:/Program Files (x86)/Epic Games/4.14/Engine/Plugins/Experimental/CodeView/CodeView.uplugin
LogPluginManager: Loaded Plugin HTML5Networking, From C:/Program Files (x86)/Epic Games/4.14/Engine/Plugins/Experimental/HTML5Networking/HTML5Networking.uplugin
LogPluginManager: Loaded Plugin OSVR, From C:/Program Files (x86)/Epic Games/4.14/Engine/Plugins/Experimental/OSVR/OSVR.uplugin
LogPluginManager: Loaded Plugin Phya, From C:/Program Files (x86)/Epic Games/4.14/Engine/Plugins/Experimental/Phya/Phya.uplugin
LogPluginManager: Loaded Plugin SignificanceManager, From C:/Program Files (x86)/Epic Games/4.14/Engine/Plugins/Experimental/SignificanceManager/SignificanceManager.uplugin
LogPluginManager: Loaded Plugin SimpleHMD, From C:/Program Files (x86)/Epic Games/4.14/Engine/Plugins/Experimental/SimpleHMD/SimpleHMD.uplugin
LogPluginManager: Loaded Plugin StereoPanorama, From C:/Program Files (x86)/Epic Games/4.14/Engine/Plugins/Experimental/StereoPanorama/StereoPanorama.uplugin
LogPluginManager: Loaded Plugin StructBox, From C:/Program Files (x86)/Epic Games/4.14/Engine/Plugins/Experimental/StructBox/StructBox.uplugin
LogPluginManager: Loaded Plugin AndroidMedia, From C:/Program Files (x86)/Epic Games/4.14/Engine/Plugins/Media/AndroidMedia/AndroidMedia.uplugin
LogPluginManager: Loaded Plugin AvfMedia, From C:/Program Files (x86)/Epic Games/4.14/Engine/Plugins/Media/AvfMedia/AvfMedia.uplugin
LogPluginManager: Loaded Plugin MediaPlayerEditor, From C:/Program Files (x86)/Epic Games/4.14/Engine/Plugins/Media/MediaPlayerEditor/MediaPlayerEditor.uplugin
LogPluginManager: Loaded Plugin WmfMedia, From C:/Program Files (x86)/Epic Games/4.14/Engine/Plugins/Media/WmfMedia/WmfMedia.uplugin
LogPluginManager: Loaded Plugin MessagingDebugger, From C:/Program Files (x86)/Epic Games/4.14/Engine/Plugins/Messaging/MessagingDebugger/MessagingDebugger.uplugin
LogPluginManager: Loaded Plugin TcpMessaging, From C:/Program Files (x86)/Epic Games/4.14/Engine/Plugins/Messaging/TcpMessaging/TcpMessaging.uplugin
LogPluginManager: Loaded Plugin UdpMessaging, From C:/Program Files (x86)/Epic Games/4.14/Engine/Plugins/Messaging/UdpMessaging/UdpMessaging.uplugin
LogPluginManager: Loaded Plugin LevelSequenceEditor, From C:/Program Files (x86)/Epic Games/4.14/Engine/Plugins/MovieScene/LevelSequenceEditor/LevelSequenceEditor.uplugin
LogPluginManager: Loaded Plugin MatineeToLevelSequence, From C:/Program Files (x86)/Epic Games/4.14/Engine/Plugins/MovieScene/MatineeToLevelSequence/MatineeToLevelSequence.uplugin
LogPluginManager: Loaded Plugin NetcodeUnitTest, From C:/Program Files (x86)/Epic Games/4.14/Engine/Plugins/NetcodeUnitTest/NetcodeUnitTest/NetcodeUnitTest.uplugin
LogPluginManager: Loaded Plugin NUTUnrealEngine4, From C:/Program Files (x86)/Epic Games/4.14/Engine/Plugins/NetcodeUnitTest/NUTUnrealEngine4/NUTUnrealEngine4.uplugin
LogPluginManager: Loaded Plugin OnlineSubsystemGameCircle, From C:/Program Files (x86)/Epic Games/4.14/Engine/Plugins/Online/Android/OnlineSubsystemGameCircle/OnlineSubsystemGameCircle.uplugin
LogPluginManager: Loaded Plugin OnlineSubsystemGooglePlay, From C:/Program Files (x86)/Epic Games/4.14/Engine/Plugins/Online/Android/OnlineSubsystemGooglePlay/OnlineSubsystemGooglePlay.uplugin
LogPluginManager: Loaded Plugin OnlineSubsystemIOS, From C:/Program Files (x86)/Epic Games/4.14/Engine/Plugins/Online/IOS/OnlineSubsystemIOS/OnlineSubsystemIOS.uplugin
LogPluginManager: Loaded Plugin OnlineFramework, From C:/Program Files (x86)/Epic Games/4.14/Engine/Plugins/Online/OnlineFramework/OnlineFramework.uplugin
LogPluginManager: Loaded Plugin OnlineSubsystem, From C:/Program Files (x86)/Epic Games/4.14/Engine/Plugins/Online/OnlineSubsystem/OnlineSubsystem.uplugin
LogPluginManager: Loaded Plugin OnlineSubsystemAmazon, From C:/Program Files (x86)/Epic Games/4.14/Engine/Plugins/Online/OnlineSubsystemAmazon/OnlineSubsystemAmazon.uplugin
LogPluginManager: Loaded Plugin OnlineSubsystemFacebook, From C:/Program Files (x86)/Epic Games/4.14/Engine/Plugins/Online/OnlineSubsystemFacebook/OnlineSubsystemFacebook.uplugin
LogPluginManager: Loaded Plugin OnlineSubsystemNull, From C:/Program Files (x86)/Epic Games/4.14/Engine/Plugins/Online/OnlineSubsystemNull/OnlineSubsystemNull.uplugin
LogPluginManager: Loaded Plugin OnlineSubsystemOculus, From C:/Program Files (x86)/Epic Games/4.14/Engine/Plugins/Online/OnlineSubsystemOculus/OnlineSubsystemOculus.uplugin
LogPluginManager: Loaded Plugin OnlineSubsystemSteam, From C:/Program Files (x86)/Epic Games/4.14/Engine/Plugins/Online/OnlineSubsystemSteam/OnlineSubsystemSteam.uplugin
LogPluginManager: Loaded Plugin OnlineSubsystemUtils, From C:/Program Files (x86)/Epic Games/4.14/Engine/Plugins/Online/OnlineSubsystemUtils/OnlineSubsystemUtils.uplugin
LogPluginManager: Loaded Plugin IOSTapJoy, From C:/Program Files (x86)/Epic Games/4.14/Engine/Plugins/Runtime/Advertising/IOSTapJoy/IOSTapJoy.uplugin
LogPluginManager: Loaded Plugin AnalyticsBlueprintLibrary, From C:/Program Files (x86)/Epic Games/4.14/Engine/Plugins/Runtime/Analytics/AnalyticsBlueprintLibrary/AnalyticsBlueprintLibrary.uplugin
LogPluginManager: Loaded Plugin AnalyticsMulticast, From C:/Program Files (x86)/Epic Games/4.14/Engine/Plugins/Runtime/Analytics/AnalyticsMulticast/AnalyticsMulticast.uplugin
LogPluginManager: Loaded Plugin Apsalar, From C:/Program Files (x86)/Epic Games/4.14/Engine/Plugins/Runtime/Analytics/Apsalar/Apsalar.uplugin
LogPluginManager: Loaded Plugin FileLogging, From C:/Program Files (x86)/Epic Games/4.14/Engine/Plugins/Runtime/Analytics/FileLogging/FileLogging.uplugin
LogPluginManager: Loaded Plugin Flurry, From C:/Program Files (x86)/Epic Games/4.14/Engine/Plugins/Runtime/Analytics/Flurry/Flurry.uplugin
LogPluginManager: Loaded Plugin AndroidDeviceProfileSelector, From C:/Program Files (x86)/Epic Games/4.14/Engine/Plugins/Runtime/AndroidDeviceProfileSelector/AndroidDeviceProfileSelector.uplugin
LogPluginManager: Loaded Plugin AndroidMoviePlayer, From C:/Program Files (x86)/Epic Games/4.14/Engine/Plugins/Runtime/AndroidMoviePlayer/AndroidMoviePlayer.uplugin
LogPluginManager: Loaded Plugin AppleMoviePlayer, From C:/Program Files (x86)/Epic Games/4.14/Engine/Plugins/Runtime/AppleMoviePlayer/AppleMoviePlayer.uplugin
LogPluginManager: Loaded Plugin ArchVisCharacter, From C:/Program Files (x86)/Epic Games/4.14/Engine/Plugins/Runtime/ArchVisCharacter/ArchVisCharacter.uplugin
LogPluginManager: Loaded Plugin CableComponent, From C:/Program Files (x86)/Epic Games/4.14/Engine/Plugins/Runtime/CableComponent/CableComponent.uplugin
LogPluginManager: Loaded Plugin CustomMeshComponent, From C:/Program Files (x86)/Epic Games/4.14/Engine/Plugins/Runtime/CustomMeshComponent/CustomMeshComponent.uplugin
LogPluginManager: Loaded Plugin ExampleDeviceProfileSelector, From C:/Program Files (x86)/Epic Games/4.14/Engine/Plugins/Runtime/ExampleDeviceProfileSelector/ExampleDeviceProfileSelector.uplugin
LogPluginManager: Loaded Plugin GearVR, From C:/Program Files (x86)/Epic Games/4.14/Engine/Plugins/Runtime/GearVR/GearVR.uplugin
LogPluginManager: Loaded Plugin GoogleVRController, From C:/Program Files (x86)/Epic Games/4.14/Engine/Plugins/Runtime/GoogleVR/GoogleVRController/GoogleVRController.uplugin
LogPluginManager: Loaded Plugin GoogleVRHMD, From C:/Program Files (x86)/Epic Games/4.14/Engine/Plugins/Runtime/GoogleVR/GoogleVRHMD/GoogleVRHMD.uplugin
LogPluginManager: Loaded Plugin IOSDeviceProfileSelector, From C:/Program Files (x86)/Epic Games/4.14/Engine/Plugins/Runtime/IOSDeviceProfileSelector/IOSDeviceProfileSelector.uplugin
LogPluginManager: Loaded Plugin LeapMotion, From C:/Program Files (x86)/Epic Games/4.14/Engine/Plugins/Runtime/LeapMotion/LeapMotion.uplugin
LogPluginManager: Loaded Plugin LinuxDeviceProfileSelector, From C:/Program Files (x86)/Epic Games/4.14/Engine/Plugins/Runtime/LinuxDeviceProfileSelector/LinuxDeviceProfileSelector.uplugin
LogPluginManager: Loaded Plugin MIDIDevice, From C:/Program Files (x86)/Epic Games/4.14/Engine/Plugins/Runtime/MIDIDevice/MIDIDevice.uplugin
LogPluginManager: Loaded Plugin MobilePatchingUtils, From C:/Program Files (x86)/Epic Games/4.14/Engine/Plugins/Runtime/MobilePatchingUtils/MobilePatchingUtils.uplugin
LogPluginManager: Loaded Plugin Ansel, From C:/Program Files (x86)/Epic Games/4.14/Engine/Plugins/Runtime/Nvidia/Ansel/Ansel.uplugin
LogPluginManager: Loaded Plugin OculusAudio, From C:/Program Files (x86)/Epic Games/4.14/Engine/Plugins/Runtime/OculusAudio/OculusAudio.uplugin
LogPluginManager: Loaded Plugin OculusInput, From C:/Program Files (x86)/Epic Games/4.14/Engine/Plugins/Runtime/OculusInput/OculusInput.uplugin
LogPluginManager: Loaded Plugin OculusLibrary, From C:/Program Files (x86)/Epic Games/4.14/Engine/Plugins/Runtime/OculusLibrary/OculusLibrary.uplugin
LogPluginManager: Loaded Plugin OculusRift, From C:/Program Files (x86)/Epic Games/4.14/Engine/Plugins/Runtime/OculusRift/OculusRift.uplugin
LogPluginManager: Loaded Plugin Oodle, From C:/Program Files (x86)/Epic Games/4.14/Engine/Plugins/Runtime/PacketHandlers/CompressionComponents/Oodle/Oodle.uplugin
LogPluginManager: Loaded Plugin ProceduralMeshComponent, From C:/Program Files (x86)/Epic Games/4.14/Engine/Plugins/Runtime/ProceduralMeshComponent/ProceduralMeshComponent.uplugin
LogPluginManager: Loaded Plugin SoundMod, From C:/Program Files (x86)/Epic Games/4.14/Engine/Plugins/Runtime/SoundMod/SoundMod.uplugin
LogPluginManager: Loaded Plugin SoundVisualizations, From C:/Program Files (x86)/Epic Games/4.14/Engine/Plugins/Runtime/SoundVisualizations/SoundVisualizations.uplugin
LogPluginManager: Loaded Plugin SteamController, From C:/Program Files (x86)/Epic Games/4.14/Engine/Plugins/Runtime/Steam/SteamController/SteamController.uplugin
LogPluginManager: Loaded Plugin SteamVR, From C:/Program Files (x86)/Epic Games/4.14/Engine/Plugins/Runtime/Steam/SteamVR/SteamVR.uplugin
LogPluginManager: Loaded Plugin WebBrowserWidget, From C:/Program Files (x86)/Epic Games/4.14/Engine/Plugins/Runtime/WebBrowserWidget/WebBrowserWidget.uplugin
LogPluginManager: Loaded Plugin WindowsDeviceProfileSelector, From C:/Program Files (x86)/Epic Games/4.14/Engine/Plugins/Runtime/WindowsDeviceProfileSelector/WindowsDeviceProfileSelector.uplugin
LogPluginManager: Loaded Plugin WindowsMoviePlayer, From C:/Program Files (x86)/Epic Games/4.14/Engine/Plugins/Runtime/WindowsMoviePlayer/WindowsMoviePlayer.uplugin
LogPluginManager: Loaded Plugin ScriptPlugin, From C:/Program Files (x86)/Epic Games/4.14/Engine/Plugins/ScriptPlugin/ScriptPlugin.uplugin
LogPluginManager: Loaded Plugin SlateRemote, From C:/Program Files (x86)/Epic Games/4.14/Engine/Plugins/Slate/SlateRemote/SlateRemote.uplugin
LogPluginManager: Loaded Plugin EditorTests, From C:/Program Files (x86)/Epic Games/4.14/Engine/Plugins/Tests/EditorTests/EditorTests.uplugin
LogPluginManager: Loaded Plugin FbxAutomationTestBuilder, From C:/Program Files (x86)/Epic Games/4.14/Engine/Plugins/Tests/FbxAutomationTestBuilder/FbxAutomationTestBuilder.uplugin
LogPluginManager: Loaded Plugin FunctionalTestingEditor, From C:/Program Files (x86)/Epic Games/4.14/Engine/Plugins/Tests/FunctionalTestingEditor/FunctionalTestingEditor.uplugin
LogPluginManager: Loaded Plugin RuntimeTests, From C:/Program Files (x86)/Epic Games/4.14/Engine/Plugins/Tests/RuntimeTests/RuntimeTests.uplugin
LogPluginManager: Loaded Plugin ScreenshotTools, From C:/Program Files (x86)/Epic Games/4.14/Engine/Plugins/Tests/ScreenshotTools/ScreenshotTools.uplugin
LogInit: Using libcurl 7.47.1
LogInit:  - built for x86_64-pc-win32
LogInit:  - supports SSL with OpenSSL/1.0.2g
LogInit:  - supports HTTP deflate (compression) using libz 1.2.8
LogInit:  - other features:
LogInit:      CURL_VERSION_SSL
LogInit:      CURL_VERSION_LIBZ
LogInit:      CURL_VERSION_IPV6
LogInit:      CURL_VERSION_ASYNCHDNS
LogInit:      CURL_VERSION_LARGEFILE
LogInit:      CURL_VERSION_IDN
LogInit:  CurlRequestOptions (configurable via config and command line):
LogInit:  - bVerifyPeer = false  - Libcurl will NOT verify peer certificate
LogInit:  - bUseHttpProxy = false  - Libcurl will NOT use HTTP proxy
LogInit:  - bDontReuseConnections = false  - Libcurl will reuse connections
LogInit:  - CertBundlePath = nullptr  - Libcurl will use whatever was configured at build time.
LogInit: Build: ++UE4+Release-4.14-CL-3249277
LogInit: Engine Version: 4.14.3-3249277+++UE4+Release-4.14
LogInit: Compatible Engine Version: 4.14.0-3195953+++UE4+Release-4.14
LogInit: Net CL: 3195953
LogDevObjectVersion: Number of dev versions registered: 13
LogDevObjectVersion:   Dev-Blueprints (B0D832E4-1F89-4F0D-ACCF-7EB736FD4AA2): 7
LogDevObjectVersion:   Dev-Build (E1C64328-A22C-4D53-A36C-8E866417BD8C): 0
LogDevObjectVersion:   Dev-Core (375EC13C-06E4-48FB-B500-84F0262A717E): 1
LogDevObjectVersion:   Dev-Editor (E4B068ED-F494-42E9-A231-DA0B2E46BB41): 8
LogDevObjectVersion:   Dev-Framework (CFFC743F-43B0-4480-9391-14DF171D2073): 17
LogDevObjectVersion:   Dev-Mobile (B02B49B5-BB20-44E9-A304-32B752E40360): 0
LogDevObjectVersion:   Dev-Networking (A4E4105C-59A1-49B5-A7C5-40C4547EDFEE): 0
LogDevObjectVersion:   Dev-Online (39C831C9-5AE6-47DC-9A44-9C173E1C8E7C): 0
LogDevObjectVersion:   Dev-Physics (78F01B33-EBEA-4F98-B9B4-84EACCB95AA2): 0
LogDevObjectVersion:   Dev-Platform (6631380F-2D4D-43E0-8009-CF276956A95A): 0
LogDevObjectVersion:   Dev-Rendering (12F88B9F-8875-4AFC-A67C-D90C383ABD29): 12
LogDevObjectVersion:   Dev-Sequencer (7B5AE74C-D270-4C10-A958-57980B212A5A): 1
LogDevObjectVersion:   Dev-VR (D7296918-1DD6-4BDD-9DE2-64A83CC13884): 0
LogInit: Compiled (64-bit): Jan  6 2017 10:49:43
LogInit: Compiled with Visual C++: 19.00.23026.00
LogInit: Build Configuration: Development
LogInit: Branch Name: ++UE4+Release-4.14
LogInit: Command line: -EpicPortal 
LogInit: Base directory: C:/Program Files (x86)/Epic Games/4.14/Engine/Binaries/Win64/
LogInit: Installed Engine Build: 1
LogInit: Presizing for max 8388607 objects, including 0 objects not considered by GC, pre-allocating 0 bytes for permanent pool.
LogInit: Object subsystem initialized
[2017.03.09-18.40.54:742][  0]LogInit: Selected Device Profile: [Windows]
[2017.03.09-18.40.54:742][  0]LogInit: Applying CVar settings loaded from the selected device profile: [Windows]
[2017.03.09-18.40.54:768][  0]LogInit: Computer: DESKTOP-IJKOIIJ
[2017.03.09-18.40.54:768][  0]LogInit: User: Aratim
[2017.03.09-18.40.54:768][  0]LogInit: CPU Page size=65536, Cores=4
[2017.03.09-18.40.54:768][  0]LogInit: High frequency timer resolution =3.417980 MHz
[2017.03.09-18.40.54:768][  0]LogMemory: Memory total: Physical=8.0GB (8GB approx)
[2017.03.09-18.40.54:768][  0]LogMemory: Platform Memory Stats for Windows
[2017.03.09-18.40.54:768][  0]LogMemory: Process Physical Memory: 264.08 MB used, 264.08 MB peak
[2017.03.09-18.40.54:768][  0]LogMemory: Process Virtual Memory: 262.75 MB used, 262.75 MB peak
[2017.03.09-18.40.54:768][  0]LogMemory: Physical Memory: 4547.39 MB used,  3593.46 MB free, 8140.85 MB total
[2017.03.09-18.40.54:768][  0]LogMemory: Virtual Memory: 675.70 MB used,  3593.46 MB free, 134217728.00 MB total
[2017.03.09-18.40.54:791][  0]LogTextLocalizationManager: No translations for ('fr-FR') exist, falling back to 'en' for localization and internationalization data.
[2017.03.09-18.40.55:309][  0]LogD3D11RHI: D3D11 adapters:
[2017.03.09-18.40.55:794][  0]LogD3D11RHI:    0. 'NVIDIA GeForce GTX 1060 6GB' (Feature Level 11_0)
[2017.03.09-18.40.55:794][  0]LogD3D11RHI:       6084/0/4070 MB DedicatedVideo/DedicatedSystem/SharedSystem, Outputs:1, VendorId:0x10de
[2017.03.09-18.40.55:797][  0]LogD3D11RHI:    1. 'Microsoft Basic Render Driver' (Feature Level 11_0)
[2017.03.09-18.40.55:797][  0]LogD3D11RHI:       0/0/4070 MB DedicatedVideo/DedicatedSystem/SharedSystem, Outputs:0, VendorId:0x1414
[2017.03.09-18.40.55:797][  0]LogD3D11RHI: Chosen D3D11 Adapter: 0
[2017.03.09-18.40.55:799][  0]LogD3D11RHI: Creating new Direct3DDevice
[2017.03.09-18.40.55:799][  0]LogD3D11RHI:     GPU DeviceId: 0x1c03 (for the marketing name, search the web for "GPU Device Id")
[2017.03.09-18.40.55:799][  0]LogWindows: EnumDisplayDevices:
[2017.03.09-18.40.55:799][  0]LogWindows:    0. 'NVIDIA GeForce GTX 1060 6GB' (P:1 D:1)
[2017.03.09-18.40.55:799][  0]LogWindows:    1. 'NVIDIA GeForce GTX 1060 6GB' (P:0 D:0)
[2017.03.09-18.40.55:800][  0]LogWindows:    2. 'NVIDIA GeForce GTX 1060 6GB' (P:0 D:0)
[2017.03.09-18.40.55:800][  0]LogWindows:    3. 'NVIDIA GeForce GTX 1060 6GB' (P:0 D:0)
[2017.03.09-18.40.55:800][  0]LogWindows: DebugString: FoundDriverCount:4 
[2017.03.09-18.40.55:800][  0]LogD3D11RHI:     Adapter Name: NVIDIA GeForce GTX 1060 6GB
[2017.03.09-18.40.55:800][  0]LogD3D11RHI:   Driver Version: 378.66 (internal:21.21.13.7866, unified:378.66)
[2017.03.09-18.40.55:800][  0]LogD3D11RHI:      Driver Date: 2-9-2017
[2017.03.09-18.40.55:800][  0]LogRHI: Texture pool is 1361 MB (70% of 1945 MB)
[2017.03.09-18.40.56:274][  0]LogD3D11RHI: Async texture creation enabled
[2017.03.09-18.40.56:299][  0]LogD3D11RHI: GPU Timing Frequency: 1000.000000 (Debug: 2 1)
[2017.03.09-18.40.56:299][  0]LogShaderCompilers: Guid format shader working directory is -5 characters bigger than the processId version (X:/Aratim/Documents/GitHub/ProjetInfoSolo/IsekaiLife/Intermediate/Shaders/WorkingDirectory/8364/).
[2017.03.09-18.40.56:300][  0]LogShaderCompilers: Cleaned the shader compiler working directory 'C:/Users/Aratim/AppData/Local/Temp/UnrealShaderWorkingDir/F55F2BA3425C16B22F21C69C2EB20DF3/'.
[2017.03.09-18.40.56:300][  0]LogShaderCompilers:Display: Using Local Shader Compiler.
[2017.03.09-18.40.57:155][  0]LogTemp:Display: Loaded TP AllDesktopTargetPlatform
[2017.03.09-18.40.57:198][  0]LogTemp:Display: Loaded TP MacClientTargetPlatform
[2017.03.09-18.40.57:242][  0]LogTemp:Display: Loaded TP MacNoEditorTargetPlatform
[2017.03.09-18.40.57:289][  0]LogTemp:Display: Loaded TP MacServerTargetPlatform
[2017.03.09-18.40.57:333][  0]LogTemp:Display: Loaded TP MacTargetPlatform
[2017.03.09-18.40.57:376][  0]LogTemp:Display: Loaded TP WindowsClientTargetPlatform
[2017.03.09-18.40.57:420][  0]LogTemp:Display: Loaded TP WindowsNoEditorTargetPlatform
[2017.03.09-18.40.57:463][  0]LogTemp:Display: Loaded TP WindowsServerTargetPlatform
[2017.03.09-18.40.57:498][  0]LogTemp:Display: Loaded TP WindowsTargetPlatform
[2017.03.09-18.40.57:541][  0]LogTemp:Display: Loaded TP AndroidTargetPlatform
[2017.03.09-18.40.57:584][  0]LogTemp:Display: Loaded TP Android_ASTCTargetPlatform
[2017.03.09-18.40.57:628][  0]LogTemp:Display: Loaded TP Android_ATCTargetPlatform
[2017.03.09-18.40.57:672][  0]LogTemp:Display: Loaded TP Android_DXTTargetPlatform
[2017.03.09-18.40.57:714][  0]LogTemp:Display: Loaded TP Android_ETC1TargetPlatform
[2017.03.09-18.40.57:757][  0]LogTemp:Display: Loaded TP Android_ETC2TargetPlatform
[2017.03.09-18.40.57:843][  0]LogTemp:Display: Loaded TP Android_MultiTargetPlatform
[2017.03.09-18.40.57:843][  0]LogTemp:Display: Loaded TP Android_PVRTCTargetPlatform
[2017.03.09-18.40.57:872][  0]LogTemp:Display: Loaded TP HTML5TargetPlatform
[2017.03.09-18.40.57:942][  0]LogTemp:Display: Loaded TP IOSTargetPlatform
[2017.03.09-18.40.57:970][  0]LogTemp:Display: Loaded TP TVOSTargetPlatform
[2017.03.09-18.40.58:013][  0]LogTemp:Display: Loaded TP LinuxClientTargetPlatform
[2017.03.09-18.40.58:055][  0]LogTemp:Display: Loaded TP LinuxNoEditorTargetPlatform
[2017.03.09-18.40.58:095][  0]LogTemp:Display: Loaded TP LinuxServerTargetPlatform
[2017.03.09-18.40.58:137][  0]LogTemp:Display: Loaded TP LinuxTargetPlatform
[2017.03.09-18.40.58:137][  0]LogTargetPlatformManager:Display: Building Assets For Windows
[2017.03.09-18.40.58:460][  0]LogDerivedDataCache:Display: Max Cache Size: 512 MB
[2017.03.09-18.40.58:507][  0]LogDerivedDataCache: Loaded boot cache 0.05s 50MB C:/Users/Aratim/AppData/Local/UnrealEngine/4.14/DerivedDataCache/Boot.ddc.
[2017.03.09-18.40.58:508][  0]LogDerivedDataCache:Display: Loaded Boot cache: C:/Users/Aratim/AppData/Local/UnrealEngine/4.14/DerivedDataCache/Boot.ddc
[2017.03.09-18.40.58:508][  0]LogDerivedDataCache: FDerivedDataBackendGraph:  Pak pak cache file X:/Aratim/Documents/GitHub/ProjetInfoSolo/IsekaiLife/DerivedDataCache/DDC.ddp not found, will not use a pak cache.
[2017.03.09-18.40.58:508][  0]LogDerivedDataCache: Unable to find inner node Pak for hierarchical cache Hierarchy.
[2017.03.09-18.40.58:508][  0]LogDerivedDataCache: FDerivedDataBackendGraph:  CompressedPak pak cache file X:/Aratim/Documents/GitHub/ProjetInfoSolo/IsekaiLife/DerivedDataCache/Compressed.ddp not found, will not use a pak cache.
[2017.03.09-18.40.58:508][  0]LogDerivedDataCache: Unable to find inner node CompressedPak for hierarchical cache Hierarchy.
[2017.03.09-18.40.58:522][  0]LogDerivedDataCache:Display: Pak cache opened for reading ../../../Engine/DerivedDataCache/Compressed.ddp.
[2017.03.09-18.40.58:533][  0]LogDerivedDataCache: Using Local data cache path C:/Users/Aratim/AppData/Local/UnrealEngine/Common/DerivedDataCache: Writable
[2017.03.09-18.40.58:696][  0]LogInit: Selected Device Profile: [Windows]
[2017.03.09-18.40.58:698][  0]LogContentStreaming: Texture pool size is 0.00 MB
[2017.03.09-18.40.58:861][  0]LogMeshUtilities: Using QuadricMeshReduction for automatic static mesh reduction
[2017.03.09-18.40.58:893][  0]LogSimplygon: Simplygon DLL not present - disabling.
[2017.03.09-18.40.58:932][  0]LogMeshUtilities: Using SimplygonSwarm for distributed automatic mesh merging
[2017.03.09-18.40.58:932][  0]LogMeshUtilities: No automatic skeletal mesh reduction module available
[2017.03.09-18.40.58:932][  0]LogMeshUtilities: No automatic mesh merging module available
[2017.03.09-18.40.59:359][  0]LogNetVersion: GetLocalNetworkVersion: CL: 3195953, ProjectName: isekailife, ProjectVersion: , EngineNetworkVersion: 2, GameNetworkVersion: 0, NetworkChecksum: 677534986
[2017.03.09-18.40.59:410][  0]LogAssetRegistry: FAssetRegistry took 0.0222 seconds to start up
[2017.03.09-18.40.59:437][  0]LogPackageLocalizationCache: Processed 3 localized package path(s) for 1 prioritized culture(s) in 0.010097 seconds
[2017.03.09-18.40.59:442][  0]LogUObjectArray: 31946 objects as part of root set at end of initial load.
[2017.03.09-18.40.59:442][  0]LogUObjectAllocator: 6935848 out of 0 bytes used by permanent object pool.
[2017.03.09-18.40.59:442][  0]LogUObjectArray: CloseDisregardForGC: 0/0 objects in disregard for GC pool
[2017.03.09-18.40.59:493][  0]LogInit: WinSock: version 1.1 (2.2), MaxSocks=32767, MaxUdp=65467
[2017.03.09-18.41.00:062][  0]LogSlate: Using Freetype 2.6.0
[2017.03.09-18.41.00:063][  0]LogSlate: SlateFontCache - WITH_FREETYPE: 1, WITH_HARFBUZZ: 1
[2017.03.09-18.41.00:063][  0]LogSlate: SlateFontCache - WITH_FREETYPE: 1, WITH_HARFBUZZ: 1
[2017.03.09-18.41.00:704][  0]LogTcpMessaging: Initializing TcpMessaging bridge
[2017.03.09-18.41.00:741][  0]LogUdpMessaging: Initializing bridge on interface 0.0.0.0:0 to multicast group 230.0.0.1:6666.
[2017.03.09-18.41.01:033][  0]LogMaterial: Uniform references updated for custom material expression Custom.
[2017.03.09-18.41.01:334][  0]SourceControl: Info Source control is disabled
[2017.03.09-18.41.01:335][  0]SourceControl: Info Source control is disabled
[2017.03.09-18.41.01:373][  0]SourceControl: Info Source control is disabled
[2017.03.09-18.41.01:410][  0]SourceControl: Info Source control is disabled
[2017.03.09-18.41.02:447][  0]LogEngine: Initializing Engine...
[2017.03.09-18.41.02:447][  0]LogHMD: Failed to initialize OpenVR with code 110
[2017.03.09-18.41.02:635][  0]LogAIModule: Creating AISystem for world Untitled
[2017.03.09-18.41.02:642][  0]LogInit: XAudio2 using 'Haut-parleurs (2- USB Audio Device)' : 2 channels at 44.1 kHz using 16 bits per sample (channel mask 0x3)
[2017.03.09-18.41.02:653][  0]LogInit: FAudioDevice initialized.
[2017.03.09-18.41.02:681][  0]LogDerivedDataCache: Saved boot cache 0.03s 50MB C:/Users/Aratim/AppData/Local/UnrealEngine/4.14/DerivedDataCache/Boot.ddc.
[2017.03.09-18.41.02:694][  0]LogInit: Texture streaming: Enabled
[2017.03.09-18.41.02:844][  0]LogWindowsTextInputMethodSystem:Display: IME system now deactivated.
[2017.03.09-18.41.02:882][  0]LogInit: Transaction tracking system initialized
[2017.03.09-18.41.03:166][  0]BlueprintLog: New page: Editor Load
[2017.03.09-18.41.03:886][  0]LocalizationService: Info Localization service is disabled
[2017.03.09-18.41.04:432][  0]LogConsoleResponse:Display: 
[2017.03.09-18.41.04:555][  0]LogCook:Display: Max memory allowance for cook 16384mb min free memory 0mb
[2017.03.09-18.41.04:555][  0]LogCook:Display: Mobile HDR setting 1
[2017.03.09-18.41.05:385][  0]LogFileCache: Scanning file cache for directory 'X:/Aratim/Documents/GitHub/ProjetInfoSolo/IsekaiLife/Content/' took 0.01s
[2017.03.09-18.41.05:385][  0]SourceControl: Info Source control is disabled
[2017.03.09-18.41.05:385][  0]Cmd: MAP LOAD FILE="X:/Aratim/Documents/GitHub/ProjetInfoSolo/IsekaiLife/Content/ThirdPersonBP/Maps/ThirdPersonExampleMap.umap" TEMPLATE=0 SHOWPROGRESS=1 FEATURELEVEL=3
[2017.03.09-18.41.05:386][  0]LightingResults: New page: Lighting Build
[2017.03.09-18.41.05:419][  0]MapCheck: New page: Map Check
[2017.03.09-18.41.05:419][  0]LightingResults: New page: Lighting Build
[2017.03.09-18.41.07:181][  0]LogAIModule: Creating AISystem for world ThirdPersonExampleMap
[2017.03.09-18.41.07:225][  0]LogEditorServer: Finished looking for orphan Actors (0.000 secs)
[2017.03.09-18.41.07:227][  0]Cmd: MAP CHECKDEP NOCLEARLOG
[2017.03.09-18.41.07:278][  0]MapCheck: Info Map check complete: 0 Error(s), 0 Warning(s), took 51.137ms to complete.
[2017.03.09-18.41.07:278][  0]LogFileHelpers: Loading map 'ThirdPersonExampleMap' took 1.893
[2017.03.09-18.41.07:642][  0]LogCollectionManager: Loaded 0 collections in 0.002394 seconds
[2017.03.09-18.41.07:744][  0]LogFileCache: Scanning file cache for directory 'X:/Aratim/Documents/GitHub/ProjetInfoSolo/IsekaiLife/Saved/Collections/' took 0.01s
[2017.03.09-18.41.07:744][  0]LogFileCache: Scanning file cache for directory 'X:/Aratim/Documents/GitHub/ProjetInfoSolo/IsekaiLife/Content/Developers/Aratim/Collections/' took 0.01s
[2017.03.09-18.41.07:744][  0]LogFileCache: Scanning file cache for directory 'X:/Aratim/Documents/GitHub/ProjetInfoSolo/IsekaiLife/Content/Collections/' took 0.01s
[2017.03.09-18.41.07:744][  0]LogCollectionManager: Rebuilt the GUID cache for 0 collections in 0.000001 seconds
[2017.03.09-18.41.07:757][  0]LogContentBrowser: Native class hierarchy populated in 0.0099 seconds. Added 2191 classes and 430 folders.
[2017.03.09-18.41.07:801][  0]LogStats: UGameplayTagsManager::ConstructGameplayTagTree: Construct from data asset -  0.000 s
[2017.03.09-18.41.07:801][  0]LogStats: UGameplayTagsManager::ConstructGameplayTagTree: GameplayTagTreeChangedEvent.Broadcast -  0.000 s
[2017.03.09-18.41.07:802][  0]LogContentBrowser: Native class hierarchy updated for 'GameplayTags' in 0.0005 seconds. Added 13 classes and 0 folders.
[2017.03.09-18.41.07:858][  0]LogContentBrowser: Native class hierarchy updated for 'WidgetCarousel' in 0.0004 seconds. Added 0 classes and 0 folders.
[2017.03.09-18.41.09:746][  0]LogContentBrowser: Native class hierarchy updated for 'AddContentDialog' in 0.0004 seconds. Added 0 classes and 0 folders.
[2017.03.09-18.41.09:767][  0]LogCrashTracker: Crashtracker disabled due to settings.
[2017.03.09-18.41.09:798][  0]LogUObjectGlobals:Warning: Failed to find object 'Class None.'
[2017.03.09-18.41.09:858][  0]LogContentBrowser: Native class hierarchy updated for 'HierarchicalLODOutliner' in 0.0004 seconds. Added 1 classes and 2 folders.
[2017.03.09-18.41.09:858][  0]LogLoad: (Engine Initialization) Total time: 16.94 seconds
[2017.03.09-18.41.09:858][  0]LogLoad: (Engine Initialization) Total Blueprint compile time: 0.18 seconds
[2017.03.09-18.41.09:858][  0]LogExternalProfiler: Found external profiler: VSPerf
[2017.03.09-18.41.09:858][  0]LogExternalProfiler: Using external profiler: VSPerf
[2017.03.09-18.41.09:867][  0]LogOcInput: OculusInput pre-init called
[2017.03.09-18.41.09:898][  0]LogContentStreaming: Texture pool size now 1000 MB
[2017.03.09-18.41.10:125][  0]LogRenderer: Reallocating scene render targets to support 1184x688 NumSamples 1 (Frame:2).
[2017.03.09-18.41.10:238][  1]LogAssetRegistry: Asset discovery search completed in 10.8495 seconds
[2017.03.09-18.41.10:238][  1]LogCollectionManager: Rebuilt the object cache for 0 collections in 0.000001 seconds (found 0 objects)
[2017.03.09-18.41.10:238][  1]LogCollectionManager: Fixed up redirectors for 0 collections in 0.000012 seconds (updated 0 objects)
[2017.03.09-18.41.42:203][339]LogSlate: Only BGRA pngs, bmps or icos are supported in by External Image Picker
[2017.03.09-18.41.42:248][340]LogTemp:Display: Executing iPhonePackager certificates Engine -bundlename com.YourCompany.IsekaiLife

[2017.03.09-18.41.42:248][340]LogTemp:Display: CWD: C:\Program Files (x86)\Epic Games\4.14\Engine\Binaries\DotNet\IOS

[2017.03.09-18.41.42:248][340]LogTemp:Display: Initial Dir: C:\Program Files (x86)\Epic Games\4.14

[2017.03.09-18.41.42:248][340]LogTemp:Display: Env CWD: C:\Program Files (x86)\Epic Games\4.14\Engine\Binaries\DotNet\IOS

[2017.03.09-18.41.42:248][340]LogTemp:Display: BranchPath = DESKTOP-IJKOIIJ/C/Program Files (x86)/Epic Games/4.14/Engine/Binaries --- GameBranchPath = DESKTOP-IJKOIIJ/C/Program Files (x86)/Epic Games/4.14/Engine/Binaries

[2017.03.09-18.41.42:256][341]LogTemp:Display: IPP ERROR: Application exception: System.IO.DirectoryNotFoundException: Impossible de trouver une partie du chemin d'acc?s 'C:\Users\Aratim\AppData\Local\Apple Computer\MobileDevice\Provisioning Profiles'.

[2017.03.09-18.41.42:256][341]LogTemp:Display:    ? System.IO.__Error.WinIOError(Int32 errorCode, String maybeFullPath)

[2017.03.09-18.41.42:256][341]LogTemp:Display:    ? System.IO.FileSystemEnumerableIterator`1.CommonInit()

[2017.03.09-18.41.42:256][341]LogTemp:Display:    ? System.IO.Directory.EnumerateFiles(String path, String searchPattern)

[2017.03.09-18.41.42:256][341]LogTemp:Display:    ? iPhonePackager.CodeSignatureBuilder.FindProvisions(String CFBundleIdentifier)

[2017.03.09-18.41.42:256][341]LogTemp:Display:    ? iPhonePackager.Program.Main(String[] args)

[2017.03.09-18.43.19:770][631]LogSavePackage: Save=111.15ms
[2017.03.09-18.43.19:770][631]LogSavePackage: Moving 'X:/Aratim/Documents/GitHub/ProjetInfoSolo/IsekaiLife/Saved/ThirdPersonExampleMap70E92A2B4F1EFBA7DA796BB9D2069DD4.tmp' to 'X:/Aratim/Documents/GitHub/ProjetInfoSolo/IsekaiLife/Content/ThirdPersonBP/Maps/ThirdPersonExampleMap.umap'
[2017.03.09-18.43.19:772][631]LogSavePackage:Display: Finished SavePackage X:/Aratim/Documents/GitHub/ProjetInfoSolo/IsekaiLife/Content/ThirdPersonBP/Maps/ThirdPersonExampleMap.umap
[2017.03.09-18.43.20:258][631]LogSavePackage: Save=269.14ms
[2017.03.09-18.43.20:258][631]LogSavePackage: Moving 'X:/Aratim/Documents/GitHub/ProjetInfoSolo/IsekaiLife/Saved/ThirdPersonExampleMap_BuiltDataD95D3983493C1BAB8BC0BDABB2EA3014.tmp' to 'X:/Aratim/Documents/GitHub/ProjetInfoSolo/IsekaiLife/Content/ThirdPersonBP/Maps/ThirdPersonExampleMap_BuiltData.uasset'
[2017.03.09-18.43.20:264][631]LogSavePackage:Display: Finished SavePackage X:/Aratim/Documents/GitHub/ProjetInfoSolo/IsekaiLife/Content/ThirdPersonBP/Maps/ThirdPersonExampleMap_BuiltData.uasset
[2017.03.09-18.44.34:530][401]LogContentBrowser: Native class hierarchy updated for 'BlueprintGraph' in 0.0012 seconds. Added 111 classes and 0 folders.
[2017.03.09-18.44.35:361][401]LogRenderer: Reallocating scene render targets to support 1280x712 NumSamples 1 (Frame:6544).
[2017.03.09-18.44.48:650][702]LogSlate:Warning: Prevented a slow task dialog from being summoned while a context menu was open
[2017.03.09-18.45.05:124][243]BlueprintLog: New page: Compile Ch_MyCharacter
[2017.03.09-18.45.05:839][296]Cmd: OBJ SAVEPACKAGE PACKAGE="/Game/Game/Character/Player/Ch_MyCharacter" FILE="X:/Aratim/Documents/GitHub/ProjetInfoSolo/IsekaiLife/Content/Game/Character/Player/Ch_MyCharacter.uasset" SILENT=true
[2017.03.09-18.45.05:863][296]LogSavePackage: Save=22.28ms
[2017.03.09-18.45.05:863][296]LogSavePackage: Moving 'X:/Aratim/Documents/GitHub/ProjetInfoSolo/IsekaiLife/Saved/Ch_MyCharacter4B567C8A415DA597C33C448B17587ABE.tmp' to 'X:/Aratim/Documents/GitHub/ProjetInfoSolo/IsekaiLife/Content/Game/Character/Player/Ch_MyCharacter.uasset'
[2017.03.09-18.45.05:866][296]LogSavePackage:Display: Finished SavePackage X:/Aratim/Documents/GitHub/ProjetInfoSolo/IsekaiLife/Content/Game/Character/Player/Ch_MyCharacter.uasset
[2017.03.09-18.45.19:959][627]BlueprintLog: New page: Compile Ch_MyCharacter
[2017.03.09-18.45.20:646][676]Cmd: OBJ SAVEPACKAGE PACKAGE="/Game/Game/Character/Player/Ch_MyCharacter" FILE="X:/Aratim/Documents/GitHub/ProjetInfoSolo/IsekaiLife/Content/Game/Character/Player/Ch_MyCharacter.uasset" SILENT=true
[2017.03.09-18.45.20:670][676]LogSavePackage: Save=19.49ms
[2017.03.09-18.45.20:670][676]LogSavePackage: Moving 'X:/Aratim/Documents/GitHub/ProjetInfoSolo/IsekaiLife/Saved/Ch_MyCharacterD5C6094849B812832F745490ED8F39F7.tmp' to 'X:/Aratim/Documents/GitHub/ProjetInfoSolo/IsekaiLife/Content/Game/Character/Player/Ch_MyCharacter.uasset'
[2017.03.09-18.45.20:672][676]LogSavePackage:Display: Finished SavePackage X:/Aratim/Documents/GitHub/ProjetInfoSolo/IsekaiLife/Content/Game/Character/Player/Ch_MyCharacter.uasset
[2017.03.09-18.47.21:966][921]BlueprintLog: New page: Compile Ch_MyCharacter
[2017.03.09-18.47.22:633][958]Cmd: OBJ SAVEPACKAGE PACKAGE="/Game/Game/Character/Player/Ch_MyCharacter" FILE="X:/Aratim/Documents/GitHub/ProjetInfoSolo/IsekaiLife/Content/Game/Character/Player/Ch_MyCharacter.uasset" SILENT=true
[2017.03.09-18.47.22:656][958]LogSavePackage: Save=21.85ms
[2017.03.09-18.47.22:656][958]LogSavePackage: Moving 'X:/Aratim/Documents/GitHub/ProjetInfoSolo/IsekaiLife/Saved/Ch_MyCharacter77AC9DF34B48F8407DF0C48CB9B24F43.tmp' to 'X:/Aratim/Documents/GitHub/ProjetInfoSolo/IsekaiLife/Content/Game/Character/Player/Ch_MyCharacter.uasset'
[2017.03.09-18.47.22:658][958]LogSavePackage:Display: Finished SavePackage X:/Aratim/Documents/GitHub/ProjetInfoSolo/IsekaiLife/Content/Game/Character/Player/Ch_MyCharacter.uasset
[2017.03.09-18.50.02:626][158]BlueprintLog: New page: Compile Ch_MyCharacter
[2017.03.09-18.50.03:293][210]Cmd: OBJ SAVEPACKAGE PACKAGE="/Game/Game/Character/Player/Ch_MyCharacter" FILE="X:/Aratim/Documents/GitHub/ProjetInfoSolo/IsekaiLife/Content/Game/Character/Player/Ch_MyCharacter.uasset" SILENT=true
[2017.03.09-18.50.03:322][210]LogSavePackage: Save=27.47ms
[2017.03.09-18.50.03:322][210]LogSavePackage: Moving 'X:/Aratim/Documents/GitHub/ProjetInfoSolo/IsekaiLife/Saved/Ch_MyCharacter9DF1AC7040F9FB9AA7FC68A02C8AD457.tmp' to 'X:/Aratim/Documents/GitHub/ProjetInfoSolo/IsekaiLife/Content/Game/Character/Player/Ch_MyCharacter.uasset'
[2017.03.09-18.50.03:324][210]LogSavePackage:Display: Finished SavePackage X:/Aratim/Documents/GitHub/ProjetInfoSolo/IsekaiLife/Content/Game/Character/Player/Ch_MyCharacter.uasset
[2017.03.09-18.53.07:717][605]BlueprintLog: New page: Compile Ch_MyCharacter
[2017.03.09-18.53.07:728][605]LogBlueprint:Warning: [Compiler Ch_MyCharacter] Warning Can't parse default value 'False' for  <None> . Property: BaseLookUpRate.
[2017.03.09-18.53.07:728][605]LogBlueprint:Warning: [Compiler Ch_MyCharacter] Warning Can't parse default value 'False' for  <None> . Property: BaseTurnRate.
[2017.03.09-18.53.07:929][605]BlueprintEditorCompileResults:Warning: Warning Can't parse default value 'False' for  <None> . Property: BaseLookUpRate.
[2017.03.09-18.53.07:929][605]BlueprintEditorCompileResults:Warning: Warning Can't parse default value 'False' for  <None> . Property: BaseTurnRate.
[2017.03.09-18.53.07:934][605]LogBlueprint:Warning: [Compiler Ch_MyCharacter] Warning [0734.99] Compile of Ch_MyCharacter successful, but with 2 Warning(s) [in 216 ms] (/Game/Game/Character/Player/Ch_MyCharacter.Ch_MyCharacter)
[2017.03.09-18.53.08:313][645]Cmd: OBJ SAVEPACKAGE PACKAGE="/Game/Game/Character/Player/Ch_MyCharacter" FILE="X:/Aratim/Documents/GitHub/ProjetInfoSolo/IsekaiLife/Content/Game/Character/Player/Ch_MyCharacter.uasset" SILENT=true
[2017.03.09-18.53.08:350][645]LogSavePackage: Save=31.68ms
[2017.03.09-18.53.08:350][645]LogSavePackage: Moving 'X:/Aratim/Documents/GitHub/ProjetInfoSolo/IsekaiLife/Saved/Ch_MyCharacter8029453F44217883F05E9F83F746E181.tmp' to 'X:/Aratim/Documents/GitHub/ProjetInfoSolo/IsekaiLife/Content/Game/Character/Player/Ch_MyCharacter.uasset'
[2017.03.09-18.53.08:354][645]LogSavePackage:Display: Finished SavePackage X:/Aratim/Documents/GitHub/ProjetInfoSolo/IsekaiLife/Content/Game/Character/Player/Ch_MyCharacter.uasset
[2017.03.09-18.53.40:132][541]BlueprintLog: New page: Compile Ch_MyCharacter
[2017.03.09-18.53.40:642][586]Cmd: OBJ SAVEPACKAGE PACKAGE="/Game/Game/Character/Player/Ch_MyCharacter" FILE="X:/Aratim/Documents/GitHub/ProjetInfoSolo/IsekaiLife/Content/Game/Character/Player/Ch_MyCharacter.uasset" SILENT=true
[2017.03.09-18.53.40:673][586]LogSavePackage: Save=29.59ms
[2017.03.09-18.53.40:673][586]LogSavePackage: Moving 'X:/Aratim/Documents/GitHub/ProjetInfoSolo/IsekaiLife/Saved/Ch_MyCharacter4326D9D6474E21FC0E7400AE56339383.tmp' to 'X:/Aratim/Documents/GitHub/ProjetInfoSolo/IsekaiLife/Content/Game/Character/Player/Ch_MyCharacter.uasset'
[2017.03.09-18.53.40:674][586]LogSavePackage:Display: Finished SavePackage X:/Aratim/Documents/GitHub/ProjetInfoSolo/IsekaiLife/Content/Game/Character/Player/Ch_MyCharacter.uasset
[2017.03.09-18.54.12:908][141]LogTemp: Dropped BaseLookUpRate on Category Input
[2017.03.09-18.54.46:457][ 96]LogTemp: Dropped MaxStamina on Category Attribut
[2017.03.09-18.54.59:542][526]BlueprintLog: New page: Compile Ch_MyCharacter
[2017.03.09-18.55.00:071][557]Cmd: OBJ SAVEPACKAGE PACKAGE="/Game/Game/Character/Player/Ch_MyCharacter" FILE="X:/Aratim/Documents/GitHub/ProjetInfoSolo/IsekaiLife/Content/Game/Character/Player/Ch_MyCharacter.uasset" SILENT=true
[2017.03.09-18.55.00:103][557]LogSavePackage: Save=31.01ms
[2017.03.09-18.55.00:103][557]LogSavePackage: Moving 'X:/Aratim/Documents/GitHub/ProjetInfoSolo/IsekaiLife/Saved/Ch_MyCharacter441946F14A9E8403B6CA3BBF0D5D80FD.tmp' to 'X:/Aratim/Documents/GitHub/ProjetInfoSolo/IsekaiLife/Content/Game/Character/Player/Ch_MyCharacter.uasset'
[2017.03.09-18.55.00:104][557]LogSavePackage:Display: Finished SavePackage X:/Aratim/Documents/GitHub/ProjetInfoSolo/IsekaiLife/Content/Game/Character/Player/Ch_MyCharacter.uasset
[2017.03.09-18.55.31:505][500]LogFileHelpers: Editor autosave (incl. sublevels) for '/Game/ThirdPersonBP/Maps/ThirdPersonExampleMap' took 0.013
[2017.03.09-18.55.31:508][500]OBJ SavePackage: Generating thumbnails for [1] asset(s) in package [/Game/Game/Character/Player/Ch_MyCharacter] ([1] browsable assets)...
[2017.03.09-18.55.31:525][500]OBJ SavePackage:     Rendered thumbnail for [Blueprint /Game/Game/Character/Player/Ch_MyCharacter.Ch_MyCharacter]
[2017.03.09-18.55.31:525][500]OBJ SavePackage: Finished generating thumbnails for package [/Game/Game/Character/Player/Ch_MyCharacter]
[2017.03.09-18.55.31:559][500]LogSavePackage: Save=32.48ms
[2017.03.09-18.55.31:559][500]LogSavePackage: Moving 'X:/Aratim/Documents/GitHub/ProjetInfoSolo/IsekaiLife/Saved/Ch_MyCharacter_Auto180FAC6B54347414F00FE0E8C07D2EEFE.tmp' to 'X:/Aratim/Documents/GitHub/ProjetInfoSolo/IsekaiLife/Saved/Autosaves/Game/Game/Character/Player/Ch_MyCharacter_Auto1.uasset'
[2017.03.09-18.55.31:559][500]LogSavePackage:Display: Finished SavePackage X:/Aratim/Documents/GitHub/ProjetInfoSolo/IsekaiLife/Saved/Autosaves/Game/Game/Character/Player/Ch_MyCharacter_Auto1.uasset
[2017.03.09-18.55.31:559][500]LogFileHelpers: Auto-saving content packages took 0.053
[2017.03.09-18.58.21:552][548]BlueprintLog: New page: Compile Ch_MyCharacter
[2017.03.09-18.58.22:133][602]Cmd: OBJ SAVEPACKAGE PACKAGE="/Game/Game/Character/Player/Ch_MyCharacter" FILE="X:/Aratim/Documents/GitHub/ProjetInfoSolo/IsekaiLife/Content/Game/Character/Player/Ch_MyCharacter.uasset" SILENT=true
[2017.03.09-18.58.22:167][602]LogSavePackage: Save=29.32ms
[2017.03.09-18.58.22:167][602]LogSavePackage: Moving 'X:/Aratim/Documents/GitHub/ProjetInfoSolo/IsekaiLife/Saved/Ch_MyCharacter9CC3FC514AFA7049C0A680A8ABF5328E.tmp' to 'X:/Aratim/Documents/GitHub/ProjetInfoSolo/IsekaiLife/Content/Game/Character/Player/Ch_MyCharacter.uasset'
[2017.03.09-18.58.22:168][602]LogSavePackage:Display: Finished SavePackage X:/Aratim/Documents/GitHub/ProjetInfoSolo/IsekaiLife/Content/Game/Character/Player/Ch_MyCharacter.uasset
[2017.03.09-18.58.26:649][137]LogEditorViewport: Clicking on Actor (LMB): ThirdPersonCharacter_C (ThirdPersonCharacter)
[2017.03.09-18.58.27:977][284]Cmd: DELETE
[2017.03.09-18.58.27:977][284]Cmd: ACTOR DELETE
[2017.03.09-18.58.27:986][284]LogEditorActor: Deleted Actor: ThirdPersonCharacter_C
[2017.03.09-18.58.28:051][284]LogEditorActor: Deleted 1 Actors (0.067 secs)
[2017.03.09-18.59.14:462][962]LogTemp: Repeting last play command: Selected Viewport
[2017.03.09-18.59.14:479][962]LogBlueprintUserMessages: Early PlayInEditor Detection: Level '/Game/ThirdPersonBP/Maps/ThirdPersonExampleMap.ThirdPersonExampleMap:PersistentLevel' has LevelScriptBlueprint '/Game/ThirdPersonBP/Maps/ThirdPersonExampleMap.ThirdPersonExampleMap:PersistentLevel.ThirdPersonExampleMap' with GeneratedClass '/Game/ThirdPersonBP/Maps/ThirdPersonExampleMap.ThirdPersonExampleMap_C' with ClassGeneratedBy '/Game/ThirdPersonBP/Maps/ThirdPersonExampleMap.ThirdPersonExampleMap:PersistentLevel.ThirdPersonExampleMap'
[2017.03.09-18.59.14:481][962]LogPlayLevel: PlayLevel: No blueprints needed recompiling
[2017.03.09-18.59.14:486][962]PIE: New page: PIE session: ThirdPersonExampleMap (Mar 9, 2017, 8:59:14 PM)
[2017.03.09-18.59.14:487][962]LogPlayLevel: Creating play world package: /Game/ThirdPersonBP/Maps/UEDPIE_0_ThirdPersonExampleMap
[2017.03.09-18.59.14:511][962]LogPlayLevel: PIE: StaticDuplicateObject took: (0.023742s)
[2017.03.09-18.59.14:511][962]LogAIModule: Creating AISystem for world ThirdPersonExampleMap
[2017.03.09-18.59.14:512][962]LogPlayLevel: PIE: World Init took: (0.001682s)
[2017.03.09-18.59.14:513][962]LogPlayLevel: PIE: Created PIE world by copying editor world from /Game/ThirdPersonBP/Maps/ThirdPersonExampleMap.ThirdPersonExampleMap to /Game/ThirdPersonBP/Maps/UEDPIE_0_ThirdPersonExampleMap.ThirdPersonExampleMap (0.026048s)
[2017.03.09-18.59.14:565][962]LogInit: XAudio2 using 'Haut-parleurs (2- USB Audio Device)' : 2 channels at 44.1 kHz using 16 bits per sample (channel mask 0x3)
[2017.03.09-18.59.14:570][962]LogInit: FAudioDevice initialized.
[2017.03.09-18.59.14:696][962]LogLoad: Game class is 'ThirdPersonGameMode_C'
[2017.03.09-18.59.14:720][962]LogWorld: Bringing World /Game/ThirdPersonBP/Maps/UEDPIE_0_ThirdPersonExampleMap.ThirdPersonExampleMap up for play (max tick rate 0) at 2017.03.09-19.59.14
[2017.03.09-18.59.14:724][962]LogWorld: Bringing up level for play took: 0.010909
[2017.03.09-18.59.14:874][962]LogContentBrowser: Native class hierarchy updated for 'MovieSceneCapture' in 0.0011 seconds. Added 11 classes and 0 folders.
[2017.03.09-18.59.14:879][962]PIE: Info Play in editor start time for /Game/ThirdPersonBP/Maps/UEDPIE_0_ThirdPersonExampleMap 1.195
[2017.03.09-18.59.14:879][962]LogBlueprintUserMessages: Late PlayInEditor Detection: Level '/Game/ThirdPersonBP/Maps/ThirdPersonExampleMap.ThirdPersonExampleMap:PersistentLevel' has LevelScriptBlueprint '/Game/ThirdPersonBP/Maps/ThirdPersonExampleMap.ThirdPersonExampleMap:PersistentLevel.ThirdPersonExampleMap' with GeneratedClass '/Game/ThirdPersonBP/Maps/ThirdPersonExampleMap.ThirdPersonExampleMap_C' with ClassGeneratedBy '/Game/ThirdPersonBP/Maps/ThirdPersonExampleMap.ThirdPersonExampleMap:PersistentLevel.ThirdPersonExampleMap'
[2017.03.09-18.59.40:012][811]LogBlueprintUserMessages: Early EndPlayMap Detection: Level '/Game/ThirdPersonBP/Maps/ThirdPersonExampleMap.ThirdPersonExampleMap:PersistentLevel' has LevelScriptBlueprint '/Game/ThirdPersonBP/Maps/ThirdPersonExampleMap.ThirdPersonExampleMap:PersistentLevel.ThirdPersonExampleMap' with GeneratedClass '/Game/ThirdPersonBP/Maps/ThirdPersonExampleMap.ThirdPersonExampleMap_C' with ClassGeneratedBy '/Game/ThirdPersonBP/Maps/ThirdPersonExampleMap.ThirdPersonExampleMap:PersistentLevel.ThirdPersonExampleMap'
[2017.03.09-18.59.40:175][811]LogBlueprintUserMessages: Late EndPlayMap Detection: Level '/Game/ThirdPersonBP/Maps/ThirdPersonExampleMap.ThirdPersonExampleMap:PersistentLevel' has LevelScriptBlueprint '/Game/ThirdPersonBP/Maps/ThirdPersonExampleMap.ThirdPersonExampleMap:PersistentLevel.ThirdPersonExampleMap' with GeneratedClass '/Game/ThirdPersonBP/Maps/ThirdPersonExampleMap.ThirdPersonExampleMap_C' with ClassGeneratedBy '/Game/ThirdPersonBP/Maps/ThirdPersonExampleMap.ThirdPersonExampleMap:PersistentLevel.ThirdPersonExampleMap'
[2017.03.09-19.02.23:666][  9]BlueprintLog: New page: Compile Ch_MyCharacter
[2017.03.09-19.02.24:244][ 59]Cmd: OBJ SAVEPACKAGE PACKAGE="/Game/Game/Character/Player/Ch_MyCharacter" FILE="X:/Aratim/Documents/GitHub/ProjetInfoSolo/IsekaiLife/Content/Game/Character/Player/Ch_MyCharacter.uasset" SILENT=true
[2017.03.09-19.02.24:275][ 59]LogSavePackage: Save=30.08ms
[2017.03.09-19.02.24:275][ 59]LogSavePackage: Moving 'X:/Aratim/Documents/GitHub/ProjetInfoSolo/IsekaiLife/Saved/Ch_MyCharacterE116C78A41B2014EECF08A81306E5BE0.tmp' to 'X:/Aratim/Documents/GitHub/ProjetInfoSolo/IsekaiLife/Content/Game/Character/Player/Ch_MyCharacter.uasset'
[2017.03.09-19.02.24:279][ 59]LogSavePackage:Display: Finished SavePackage X:/Aratim/Documents/GitHub/ProjetInfoSolo/IsekaiLife/Content/Game/Character/Player/Ch_MyCharacter.uasset
[2017.03.09-19.02.25:692][211]LogSavePackage: Save=92.99ms
[2017.03.09-19.02.25:692][211]LogSavePackage: Moving 'X:/Aratim/Documents/GitHub/ProjetInfoSolo/IsekaiLife/Saved/ThirdPersonExampleMap56B1C4D34BA66A79D8C3258A5EFEA2C0.tmp' to 'X:/Aratim/Documents/GitHub/ProjetInfoSolo/IsekaiLife/Content/ThirdPersonBP/Maps/ThirdPersonExampleMap.umap'
[2017.03.09-19.02.25:695][211]LogSavePackage:Display: Finished SavePackage X:/Aratim/Documents/GitHub/ProjetInfoSolo/IsekaiLife/Content/ThirdPersonBP/Maps/ThirdPersonExampleMap.umap
[2017.03.09-19.02.25:846][211]LogSavePackage: Save=103.43ms
[2017.03.09-19.02.25:846][211]LogSavePackage: Moving 'X:/Aratim/Documents/GitHub/ProjetInfoSolo/IsekaiLife/Saved/ThirdPersonExampleMap_BuiltData3BC521D54E76F0093F8AE3A3EA63BDE1.tmp' to 'X:/Aratim/Documents/GitHub/ProjetInfoSolo/IsekaiLife/Content/ThirdPersonBP/Maps/ThirdPersonExampleMap_BuiltData.uasset'
[2017.03.09-19.02.25:847][211]LogSavePackage:Display: Finished SavePackage X:/Aratim/Documents/GitHub/ProjetInfoSolo/IsekaiLife/Content/ThirdPersonBP/Maps/ThirdPersonExampleMap_BuiltData.uasset
[2017.03.09-19.02.35:407][962]LogTemp: Repeting last play command: Selected Viewport
[2017.03.09-19.02.35:422][962]LogBlueprintUserMessages: Early PlayInEditor Detection: Level '/Game/ThirdPersonBP/Maps/ThirdPersonExampleMap.ThirdPersonExampleMap:PersistentLevel' has LevelScriptBlueprint '/Game/ThirdPersonBP/Maps/ThirdPersonExampleMap.ThirdPersonExampleMap:PersistentLevel.ThirdPersonExampleMap' with GeneratedClass '/Game/ThirdPersonBP/Maps/ThirdPersonExampleMap.ThirdPersonExampleMap_C' with ClassGeneratedBy '/Game/ThirdPersonBP/Maps/ThirdPersonExampleMap.ThirdPersonExampleMap:PersistentLevel.ThirdPersonExampleMap'
[2017.03.09-19.02.35:422][962]LogPlayLevel: PlayLevel: No blueprints needed recompiling
[2017.03.09-19.02.35:422][962]PIE: New page: PIE session: ThirdPersonExampleMap (Mar 9, 2017, 9:02:35 PM)
[2017.03.09-19.02.35:422][962]LogPlayLevel: Creating play world package: /Game/ThirdPersonBP/Maps/UEDPIE_0_ThirdPersonExampleMap
[2017.03.09-19.02.35:444][962]LogPlayLevel: PIE: StaticDuplicateObject took: (0.021854s)
[2017.03.09-19.02.35:445][962]LogAIModule: Creating AISystem for world ThirdPersonExampleMap
[2017.03.09-19.02.35:445][962]LogPlayLevel: PIE: World Init took: (0.000990s)
[2017.03.09-19.02.35:445][962]LogPlayLevel: PIE: Created PIE world by copying editor world from /Game/ThirdPersonBP/Maps/ThirdPersonExampleMap.ThirdPersonExampleMap to /Game/ThirdPersonBP/Maps/UEDPIE_0_ThirdPersonExampleMap.ThirdPersonExampleMap (0.023141s)
[2017.03.09-19.02.35:494][962]LogInit: XAudio2 using 'Haut-parleurs (2- USB Audio Device)' : 2 channels at 44.1 kHz using 16 bits per sample (channel mask 0x3)
[2017.03.09-19.02.35:499][962]LogInit: FAudioDevice initialized.
[2017.03.09-19.02.35:533][962]LogLoad: Game class is 'ThirdPersonGameMode_C'
[2017.03.09-19.02.35:539][962]LogWorld: Bringing World /Game/ThirdPersonBP/Maps/UEDPIE_0_ThirdPersonExampleMap.ThirdPersonExampleMap up for play (max tick rate 0) at 2017.03.09-20.02.35
[2017.03.09-19.02.35:540][962]LogWorld: Bringing up level for play took: 0.003910
[2017.03.09-19.02.35:542][962]PIE: Info Play in editor start time for /Game/ThirdPersonBP/Maps/UEDPIE_0_ThirdPersonExampleMap -0.149
[2017.03.09-19.02.35:543][962]LogBlueprintUserMessages: Late PlayInEditor Detection: Level '/Game/ThirdPersonBP/Maps/ThirdPersonExampleMap.ThirdPersonExampleMap:PersistentLevel' has LevelScriptBlueprint '/Game/ThirdPersonBP/Maps/ThirdPersonExampleMap.ThirdPersonExampleMap:PersistentLevel.ThirdPersonExampleMap' with GeneratedClass '/Game/ThirdPersonBP/Maps/ThirdPersonExampleMap.ThirdPersonExampleMap_C' with ClassGeneratedBy '/Game/ThirdPersonBP/Maps/ThirdPersonExampleMap.ThirdPersonExampleMap:PersistentLevel.ThirdPersonExampleMap'
[2017.03.09-19.02.42:338][772]LogBlueprintUserMessages: Early EndPlayMap Detection: Level '/Game/ThirdPersonBP/Maps/ThirdPersonExampleMap.ThirdPersonExampleMap:PersistentLevel' has LevelScriptBlueprint '/Game/ThirdPersonBP/Maps/ThirdPersonExampleMap.ThirdPersonExampleMap:PersistentLevel.ThirdPersonExampleMap' with GeneratedClass '/Game/ThirdPersonBP/Maps/ThirdPersonExampleMap.ThirdPersonExampleMap_C' with ClassGeneratedBy '/Game/ThirdPersonBP/Maps/ThirdPersonExampleMap.ThirdPersonExampleMap:PersistentLevel.ThirdPersonExampleMap'
[2017.03.09-19.02.42:407][772]LogBlueprintUserMessages: Late EndPlayMap Detection: Level '/Game/ThirdPersonBP/Maps/ThirdPersonExampleMap.ThirdPersonExampleMap:PersistentLevel' has LevelScriptBlueprint '/Game/ThirdPersonBP/Maps/ThirdPersonExampleMap.ThirdPersonExampleMap:PersistentLevel.ThirdPersonExampleMap' with GeneratedClass '/Game/ThirdPersonBP/Maps/ThirdPersonExampleMap.ThirdPersonExampleMap_C' with ClassGeneratedBy '/Game/ThirdPersonBP/Maps/ThirdPersonExampleMap.ThirdPersonExampleMap:PersistentLevel.ThirdPersonExampleMap'
[2017.03.09-19.02.43:079][840]Cmd: SELECT NONE
[2017.03.09-19.05.22:631][292]Cmd: QUIT_EDITOR
[2017.03.09-19.05.23:473][292]LogWindowsTextInputMethodSystem:Display: IME system now deactivated.
[2017.03.09-19.05.23:497][292]LogExit: Preparing to exit.
[2017.03.09-19.05.24:328][292]LogExit: Editor shut down
[2017.03.09-19.05.24:328][292]LogExit: Transaction tracking system shut down
[2017.03.09-19.05.24:414][292]LogObj: Freed 0b from 0 cluster array pools.
[2017.03.09-19.05.24:414][292]LogExit: Object subsystem successfully closed.
[2017.03.09-19.05.24:428][292]LogD3D11RHI: Shutdown
[2017.03.09-19.05.24:428][292]LogD3D11RHI: CleanupD3DDevice
[2017.03.09-19.05.24:507][292]LogD3D11RHI: ~FD3D11DynamicRHI
[2017.03.09-19.05.24:519][292]LogHttp:Display: Http module shutting down, but needs to wait on 1 outstanding Http requests:
[2017.03.09-19.05.24:519][292]LogHttp:Display: 	verb=[POST] url=[https://datarouter.ol.epicgames.com/datarouter/api/v1/public/data?SessionID=%7BD995B3BD-4CB0-AC0B-39E7-B7A0111FD03E%7D&AppID=UEEditor.Rocket.Release&AppVersion=4.14.3-3249277%2B%2B%2BUE4%2BRelease-4.14&UserID=8c302d144559193dacf57282e4537a6d%7C1d93bd08b07d44d8aee1421bc67e0dd5%7C2f678aea-a734-4285-a967-b3de143619f5&AppEnvironment=datacollector-binary&UploadType=eteventstream] status=Processing
[2017.03.09-19.05.24:550][292]LogModuleManager: Shutting down and abandoning module MovieSceneCapture (245)
[2017.03.09-19.05.24:550][292]LogModuleManager: Shutting down and abandoning module BlueprintGraph (244)
[2017.03.09-19.05.24:550][292]LogModuleManager: Shutting down and abandoning module BlueprintProfiler (243)
[2017.03.09-19.05.24:553][292]LogModuleManager: Shutting down and abandoning module ExternalImagePicker (242)
[2017.03.09-19.05.24:553][292]LogModuleManager: Shutting down and abandoning module HierarchicalLODOutliner (241)
[2017.03.09-19.05.24:553][292]LogModuleManager: Shutting down and abandoning module CrashTracker (240)
[2017.03.09-19.05.24:553][292]LogModuleManager: Shutting down and abandoning module WidgetCarousel (239)
[2017.03.09-19.05.24:553][292]LogModuleManager: Shutting down and abandoning module AddContentDialog (238)
[2017.03.09-19.05.24:554][292]LogDirectoryWatcher: A directory notification for 'C:/Program Files (x86)/Epic Games/4.14/FeaturePacks/' was aborted.
[2017.03.09-19.05.24:557][292]LogModuleManager: Shutting down and abandoning module GameplayTags (237)
[2017.03.09-19.05.24:557][292]LogModuleManager: Shutting down and abandoning module EditorWidgets (236)
[2017.03.09-19.05.24:557][292]LogModuleManager: Shutting down and abandoning module CollectionManager (235)
[2017.03.09-19.05.24:557][292]LogDirectoryWatcher: A directory notification for 'X:/Aratim/Documents/GitHub/ProjetInfoSolo/IsekaiLife/Content/Collections/' was aborted.
[2017.03.09-19.05.24:558][292]LogDirectoryWatcher: A directory notification for 'X:/Aratim/Documents/GitHub/ProjetInfoSolo/IsekaiLife/Content/Developers/Aratim/Collections/' was aborted.
[2017.03.09-19.05.24:558][292]LogDirectoryWatcher: A directory notification for 'X:/Aratim/Documents/GitHub/ProjetInfoSolo/IsekaiLife/Saved/Collections/' was aborted.
[2017.03.09-19.05.24:558][292]LogModuleManager: Shutting down and abandoning module SceneOutliner (234)
[2017.03.09-19.05.24:558][292]LogModuleManager: Shutting down and abandoning module StatsViewer (233)
[2017.03.09-19.05.24:558][292]LogModuleManager: Shutting down and abandoning module FoliageEdit (232)
[2017.03.09-19.05.24:558][292]LogModuleManager: Shutting down and abandoning module LandscapeEditor (231)
[2017.03.09-19.05.24:559][292]LogModuleManager: Shutting down and abandoning module SceneDepthPickerMode (230)
[2017.03.09-19.05.24:559][292]LogModuleManager: Shutting down and abandoning module ActorPickerMode (229)
[2017.03.09-19.05.24:559][292]LogModuleManager: Shutting down and abandoning module GeometryMode (228)
[2017.03.09-19.05.24:559][292]LogModuleManager: Shutting down and abandoning module TextureAlignMode (227)
[2017.03.09-19.05.24:559][292]LogModuleManager: Shutting down and abandoning module BspMode (226)
[2017.03.09-19.05.24:559][292]LogModuleManager: Shutting down and abandoning module HardwareSurvey (225)
[2017.03.09-19.05.24:559][292]LogModuleManager: Shutting down and abandoning module SequenceRecorderSections (224)
[2017.03.09-19.05.24:560][292]LogModuleManager: Shutting down and abandoning module AutomationWorker (223)
[2017.03.09-19.05.24:560][292]LogModuleManager: Shutting down and abandoning module MatineeToLevelSequence (222)
[2017.03.09-19.05.24:560][292]LogModuleManager: Shutting down and abandoning module PlacementMode (221)
[2017.03.09-19.05.24:560][292]LogModuleManager: Shutting down and abandoning module LevelSequenceEditor (220)
[2017.03.09-19.05.24:561][292]LogModuleManager: Shutting down and abandoning module WmfMediaFactory (219)
[2017.03.09-19.05.24:561][292]LogModuleManager: Shutting down and abandoning module WmfMediaEditor (218)
[2017.03.09-19.05.24:561][292]LogModuleManager: Shutting down and abandoning module AvfMediaFactory (217)
[2017.03.09-19.05.24:561][292]LogModuleManager: Shutting down and abandoning module AvfMediaEditor (216)
[2017.03.09-19.05.24:561][292]LogModuleManager: Shutting down and abandoning module Media (215)
[2017.03.09-19.05.24:561][292]LogModuleManager: Shutting down and abandoning module AndroidMediaFactory (214)
[2017.03.09-19.05.24:561][292]LogModuleManager: Shutting down and abandoning module AndroidMediaEditor (213)
[2017.03.09-19.05.24:561][292]LogModuleManager: Shutting down and abandoning module CharacterAI (212)
[2017.03.09-19.05.24:561][292]LogModuleManager: Shutting down and abandoning module SequenceRecorder (211)
[2017.03.09-19.05.24:561][292]LogModuleManager: Shutting down and abandoning module AudioCapture (210)
[2017.03.09-19.05.24:561][292]LogModuleManager: Shutting down and abandoning module SmartSnapping (209)
[2017.03.09-19.05.24:561][292]LogModuleManager: Shutting down and abandoning module SessionServices (208)
[2017.03.09-19.05.24:561][292]LogModuleManager: Shutting down and abandoning module ViewportSnapping (207)
[2017.03.09-19.05.24:561][292]LogModuleManager: Shutting down and abandoning module ViewportInteraction (206)
[2017.03.09-19.05.24:561][292]LogModuleManager: Shutting down and abandoning module LogVisualizer (205)
[2017.03.09-19.05.24:561][292]LogModuleManager: Shutting down and abandoning module GameProjectGeneration (204)
[2017.03.09-19.05.24:561][292]LogModuleManager: Shutting down and abandoning module IntroTutorials (203)
[2017.03.09-19.05.24:562][292]LogModuleManager: Shutting down and abandoning module EditorLiveStreaming (202)
[2017.03.09-19.05.24:562][292]LogModuleManager: Shutting down and abandoning module IOSPlatformEditor (201)
[2017.03.09-19.05.24:562][292]LogModuleManager: Shutting down and abandoning module HTML5PlatformEditor (200)
[2017.03.09-19.05.24:562][292]LogModuleManager: Shutting down and abandoning module AndroidDeviceDetection (199)
[2017.03.09-19.05.24:764][292]LogModuleManager: Shutting down and abandoning module AndroidPlatformEditor (198)
[2017.03.09-19.05.24:764][292]LogModuleManager: Shutting down and abandoning module IOSRuntimeSettings (197)
[2017.03.09-19.05.24:764][292]LogModuleManager: Shutting down and abandoning module AndroidRuntimeSettings (196)
[2017.03.09-19.05.24:764][292]LogModuleManager: Shutting down and abandoning module InputBindingEditor (195)
[2017.03.09-19.05.24:764][292]LogModuleManager: Shutting down and abandoning module NiagaraEditor (194)
[2017.03.09-19.05.24:764][292]LogModuleManager: Shutting down and abandoning module MergeActors (193)
[2017.03.09-19.05.24:764][292]LogModuleManager: Shutting down and abandoning module SizeMap (192)
[2017.03.09-19.05.24:764][292]LogModuleManager: Shutting down and abandoning module TreeMap (191)
[2017.03.09-19.05.24:764][292]LogModuleManager: Shutting down and abandoning module ReferenceViewer (190)
[2017.03.09-19.05.24:764][292]LogModuleManager: Shutting down and abandoning module LocalizationService (189)
[2017.03.09-19.05.24:764][292]LogModuleManager: Shutting down and abandoning module LocalizationDashboard (188)
[2017.03.09-19.05.24:764][292]LogModuleManager: Shutting down and abandoning module HardwareTargeting (187)
[2017.03.09-19.05.24:764][292]LogModuleManager: Shutting down and abandoning module DeviceProfileEditor (186)
[2017.03.09-19.05.24:764][292]LogModuleManager: Shutting down and abandoning module UndoHistory (185)
[2017.03.09-19.05.24:764][292]LogModuleManager: Shutting down and abandoning module UserFeedback (184)
[2017.03.09-19.05.24:764][292]LogModuleManager: Shutting down and abandoning module XmlParser (183)
[2017.03.09-19.05.24:764][292]LogModuleManager: Shutting down and abandoning module Blutility (182)
[2017.03.09-19.05.24:764][292]LogModuleManager: Shutting down and abandoning module ProjectTargetPlatformEditor (181)
[2017.03.09-19.05.24:765][292]LogModuleManager: Shutting down and abandoning module ProjectSettingsViewer (180)
[2017.03.09-19.05.24:765][292]LogModuleManager: Shutting down and abandoning module EditorSettingsViewer (179)
[2017.03.09-19.05.24:765][292]LogModuleManager: Shutting down and abandoning module SettingsEditor (178)
[2017.03.09-19.05.24:765][292]LogModuleManager: Shutting down and abandoning module ProjectLauncher (177)
[2017.03.09-19.05.24:765][292]LogModuleManager: Shutting down and abandoning module SessionFrontend (176)
[2017.03.09-19.05.24:765][292]LogModuleManager: Shutting down and abandoning module ProfilerClient (175)
[2017.03.09-19.05.24:765][292]LogModuleManager: Shutting down and abandoning module TargetDeviceServices (174)
[2017.03.09-19.05.24:765][292]LogModuleManager: Shutting down and abandoning module DeviceManager (173)
[2017.03.09-19.05.24:809][292]LogModuleManager: Shutting down and abandoning module AutomationController (172)
[2017.03.09-19.05.24:809][292]LogModuleManager: Shutting down and abandoning module AutomationWindow (171)
[2017.03.09-19.05.24:809][292]LogModuleManager: Shutting down and abandoning module Layers (170)
[2017.03.09-19.05.24:813][292]LogModuleManager: Shutting down and abandoning module ComponentVisualizers (169)
[2017.03.09-19.05.24:813][292]LogModuleManager: Shutting down and abandoning module DetailCustomizations (168)
[2017.03.09-19.05.24:813][292]LogModuleManager: Shutting down and abandoning module PackagesDialog (167)
[2017.03.09-19.05.24:813][292]LogModuleManager: Shutting down and abandoning module AnimGraph (166)
[2017.03.09-19.05.24:813][292]LogModuleManager: Shutting down and abandoning module Persona (165)
[2017.03.09-19.05.24:813][292]LogModuleManager: Shutting down and abandoning module Kismet (164)
[2017.03.09-19.05.24:835][292]LogModuleManager: Shutting down and abandoning module GraphEditor (163)
[2017.03.09-19.05.24:835][292]LogModuleManager: Shutting down and abandoning module ClassViewer (162)
[2017.03.09-19.05.24:839][292]LogModuleManager: Shutting down and abandoning module Toolbox (161)
[2017.03.09-19.05.24:839][292]LogModuleManager: Shutting down and abandoning module ModuleUI (160)
[2017.03.09-19.05.24:839][292]LogModuleManager: Shutting down and abandoning module MovieSceneTools (159)
[2017.03.09-19.05.24:839][292]LogModuleManager: Shutting down and abandoning module OutputLog (158)
[2017.03.09-19.05.24:839][292]LogModuleManager: Shutting down and abandoning module GammaUI (157)
[2017.03.09-19.05.24:839][292]LogModuleManager: Shutting down and abandoning module Documentation (156)
[2017.03.09-19.05.24:839][292]LogModuleManager: Shutting down and abandoning module Niagara (155)
[2017.03.09-19.05.24:839][292]LogModuleManager: Shutting down and abandoning module StreamingPauseRendering (154)
[2017.03.09-19.05.24:839][292]LogModuleManager: Shutting down and abandoning module AnalyticsET (153)
[2017.03.09-19.05.24:839][292]LogModuleManager: Shutting down and abandoning module PortalServices (152)
[2017.03.09-19.05.24:839][292]LogModuleManager: Shutting down and abandoning module PortalRpc (151)
[2017.03.09-19.05.24:839][292]LogModuleManager: Shutting down and abandoning module MessagingRpc (150)
[2017.03.09-19.05.24:839][292]LogModuleManager: Shutting down and abandoning module GameplayDebugger (149)
[2017.03.09-19.05.24:840][292]LogModuleManager: Shutting down and abandoning module AITestSuite (148)
[2017.03.09-19.05.24:840][292]LogModuleManager: Shutting down and abandoning module AIModule (147)
[2017.03.09-19.05.24:840][292]LogModuleManager: Shutting down and abandoning module ProfilerService (146)
[2017.03.09-19.05.24:892][292]LogModuleManager: Shutting down and abandoning module TaskGraph (145)
[2017.03.09-19.05.24:892][292]LogModuleManager: Shutting down and abandoning module SlateRemote (144)
[2017.03.09-19.05.24:892][292]LogModuleManager: Shutting down and abandoning module SteamVRController (143)
[2017.03.09-19.05.24:892][292]LogModuleManager: Shutting down and abandoning module SteamVR (142)
[2017.03.09-19.05.24:892][292]LogModuleManager: Shutting down and abandoning module ProceduralMeshComponentEditor (141)
[2017.03.09-19.05.24:892][292]LogModuleManager: Shutting down and abandoning module ProceduralMeshComponent (140)
[2017.03.09-19.05.24:892][292]LogModuleManager: Shutting down and abandoning module OculusLibrary (139)
[2017.03.09-19.05.24:892][292]LogModuleManager: Shutting down and abandoning module OculusInput (138)
[2017.03.09-19.05.24:892][292]LogModuleManager: Shutting down and abandoning module MobilePatchingUtils (137)
[2017.03.09-19.05.24:892][292]LogModuleManager: Shutting down and abandoning module CustomMeshComponent (136)
[2017.03.09-19.05.24:892][292]LogModuleManager: Shutting down and abandoning module CableComponent (135)
[2017.03.09-19.05.24:892][292]LogModuleManager: Shutting down and abandoning module ArchVisCharacter (134)
[2017.03.09-19.05.24:892][292]LogModuleManager: Shutting down and abandoning module MediaPlayerEditor (132)
[2017.03.09-19.05.24:892][292]LogModuleManager: Shutting down and abandoning module HTML5Networking (131)
[2017.03.09-19.05.24:892][292]LogModuleManager: Shutting down and abandoning module GeometryCacheEd (130)
[2017.03.09-19.05.24:892][292]LogModuleManager: Shutting down and abandoning module GeometryCache (129)
[2017.03.09-19.05.24:892][292]LogModuleManager: Shutting down and abandoning module AlembicLibrary (128)
[2017.03.09-19.05.24:892][292]LogModuleManager: Shutting down and abandoning module AlembicImporter (127)
[2017.03.09-19.05.24:892][292]LogModuleManager: Shutting down and abandoning module SuperSearch (126)
[2017.03.09-19.05.24:892][292]LogModuleManager: Shutting down and abandoning module SuperSearchEditor (125)
[2017.03.09-19.05.24:892][292]LogModuleManager: Shutting down and abandoning module SpeedTreeImporter (124)
[2017.03.09-19.05.24:892][292]LogModuleManager: Shutting down and abandoning module PluginBrowser (123)
[2017.03.09-19.05.24:892][292]LogModuleManager: Shutting down and abandoning module MobileLauncherProfileWizard (122)
[2017.03.09-19.05.24:892][292]LogModuleManager: Shutting down and abandoning module EpicSurvey (121)
[2017.03.09-19.05.24:893][292]LogModuleManager: Shutting down and abandoning module DesktopPlatform (120)
[2017.03.09-19.05.24:893][292]LogModuleManager: Shutting down and abandoning module VisualStudioSourceCodeAccess (119)
[2017.03.09-19.05.24:893][292]LogModuleManager: Shutting down and abandoning module UObjectPlugin (118)
[2017.03.09-19.05.24:893][292]LogModuleManager: Shutting down and abandoning module SubversionSourceControl (117)
[2017.03.09-19.05.24:893][292]LogModuleManager: Shutting down and abandoning module PerforceSourceControl (116)
[2017.03.09-19.05.24:893][292]LogModuleManager: Shutting down and abandoning module SourceControl (115)
[2017.03.09-19.05.24:893][292]LogModuleManager: Shutting down and abandoning module GitSourceControl (114)
[2017.03.09-19.05.24:893][292]LogModuleManager: Shutting down and abandoning module LightPropagationVolumeEditor (113)
[2017.03.09-19.05.24:893][292]LogModuleManager: Shutting down and abandoning module PaperTiledImporter (112)
[2017.03.09-19.05.24:893][292]LogModuleManager: Shutting down and abandoning module PaperSpriteSheetImporter (111)
[2017.03.09-19.05.24:893][292]LogModuleManager: Shutting down and abandoning module MeshPaint (110)
[2017.03.09-19.05.24:893][292]LogModuleManager: Shutting down and abandoning module PixelInspectorModule (109)
[2017.03.09-19.05.24:893][292]LogModuleManager: Shutting down and abandoning module HotReload (108)
[2017.03.09-19.05.24:894][292]LogModuleManager: Shutting down and abandoning module MainFrame (107)
[2017.03.09-19.05.24:894][292]LogModuleManager: Shutting down and abandoning module LevelEditor (106)
[2017.03.09-19.05.24:896][292]LogModuleManager: Shutting down and abandoning module ContentBrowser (105)
[2017.03.09-19.05.24:897][292]LogModuleManager: Shutting down and abandoning module Paper2DEditor (104)
[2017.03.09-19.05.24:897][292]LogModuleManager: Shutting down and abandoning module UdpMessaging (103)
[2017.03.09-19.05.24:998][292]LogModuleManager: Shutting down and abandoning module TcpMessaging (102)
[2017.03.09-19.05.25:099][292]LogModuleManager: Shutting down and abandoning module LightPropagationVolumeRuntime (101)
[2017.03.09-19.05.25:099][292]LogModuleManager: Shutting down and abandoning module Paper2D (100)
[2017.03.09-19.05.25:099][292]LogModuleManager: Shutting down and abandoning module WindowsMoviePlayer (99)
[2017.03.09-19.05.25:099][292]LogModuleManager: Shutting down and abandoning module WmfMedia (98)
[2017.03.09-19.05.25:100][292]LogModuleManager: Shutting down and abandoning module MediaAssets (97)
[2017.03.09-19.05.25:100][292]LogModuleManager: Shutting down and abandoning module GameLiveStreaming (96)
[2017.03.09-19.05.25:100][292]LogModuleManager: Shutting down and abandoning module GameplayTagsEditor (95)
[2017.03.09-19.05.25:100][292]LogModuleManager: Shutting down and abandoning module VREditor (94)
[2017.03.09-19.05.25:100][292]LogModuleManager: Shutting down and abandoning module GameplayTasksEditor (93)
[2017.03.09-19.05.25:100][292]LogModuleManager: Shutting down and abandoning module BehaviorTreeEditor (92)
[2017.03.09-19.05.25:100][292]LogModuleManager: Shutting down and abandoning module FunctionalTesting (91)
[2017.03.09-19.05.25:100][292]LogModuleManager: Shutting down and abandoning module CollisionAnalyzer (90)
[2017.03.09-19.05.25:100][292]LogModuleManager: Shutting down and abandoning module Sequencer (89)
[2017.03.09-19.05.25:104][292]LogModuleManager: Shutting down and abandoning module WorkspaceMenuStructure (88)
[2017.03.09-19.05.25:104][292]LogModuleManager: Shutting down and abandoning module MessageLog (87)
[2017.03.09-19.05.25:104][292]LogModuleManager: Shutting down and abandoning module AssetTools (86)
[2017.03.09-19.05.25:104][292]LogModuleManager: Shutting down and abandoning module UMGEditor (85)
[2017.03.09-19.05.25:104][292]LogModuleManager: Shutting down and abandoning module UMG (84)
[2017.03.09-19.05.25:105][292]LogModuleManager: Shutting down and abandoning module SlateReflector (83)
[2017.03.09-19.05.25:105][292]LogModuleManager: Shutting down and abandoning module Slate (82)
[2017.03.09-19.05.25:105][292]LogModuleManager: Shutting down and abandoning module EditorStyle (81)
[2017.03.09-19.05.25:109][292]LogModuleManager: Shutting down and abandoning module SourceCodeAccess (80)
[2017.03.09-19.05.25:110][292]LogModuleManager: Shutting down and abandoning module HeadMountedDisplay (79)
[2017.03.09-19.05.25:110][292]LogModuleManager: Shutting down and abandoning module XAudio2 (78)
[2017.03.09-19.05.25:110][292]LogModuleManager: Shutting down and abandoning module Networking (76)
[2017.03.09-19.05.25:110][292]LogModuleManager: Shutting down and abandoning module Core (75)
[2017.03.09-19.05.25:110][292]LogModuleManager: Shutting down and abandoning module DirectoryWatcher (74)
[2017.03.09-19.05.25:110][292]LogDirectoryWatcher: A directory notification for '../../../Engine/Content/' was aborted.
[2017.03.09-19.05.25:110][292]LogDirectoryWatcher: A directory notification for 'X:/Aratim/Documents/GitHub/ProjetInfoSolo/IsekaiLife/Content/' was aborted.
[2017.03.09-19.05.25:110][292]LogDirectoryWatcher: A directory notification for '../../../Engine/Plugins/2D/Paper2D/Content/' was aborted.
[2017.03.09-19.05.25:110][292]LogModuleManager: Shutting down and abandoning module AssetRegistry (73)
[2017.03.09-19.05.25:276][292]LogModuleManager: Shutting down and abandoning module KismetCompiler (72)
[2017.03.09-19.05.25:276][292]LogModuleManager: Shutting down and abandoning module PhysXFormats (71)
[2017.03.09-19.05.25:276][292]LogModuleManager: Shutting down and abandoning module SimplygonSwarm (70)
[2017.03.09-19.05.25:276][292]LogModuleManager: Shutting down and abandoning module SimplygonMeshReduction (69)
[2017.03.09-19.05.25:276][292]LogModuleManager: Shutting down and abandoning module QuadricMeshReduction (68)
[2017.03.09-19.05.25:276][292]LogModuleManager: Shutting down and abandoning module PropertyEditor (67)
[2017.03.09-19.05.25:276][292]LogModuleManager: Shutting down and abandoning module MeshUtilities (66)
[2017.03.09-19.05.25:276][292]LogModuleManager: Shutting down and abandoning module DerivedDataCache (65)
[2017.03.09-19.05.25:345][292]LogDerivedDataCache: Shutdown
[2017.03.09-19.05.25:345][292]LogModuleManager: Shutting down and abandoning module VulkanShaderFormat (64)
[2017.03.09-19.05.25:345][292]LogModuleManager: Shutting down and abandoning module ShaderFormatOpenGL (63)
[2017.03.09-19.05.25:345][292]LogModuleManager: Shutting down and abandoning module ShaderFormatD3D (62)
[2017.03.09-19.05.25:345][292]LogModuleManager: Shutting down and abandoning module MetalShaderFormat (61)
[2017.03.09-19.05.25:345][292]LogModuleManager: Shutting down and abandoning module TextureFormatUncompressed (60)
[2017.03.09-19.05.25:345][292]LogModuleManager: Shutting down and abandoning module TextureFormatPVR (59)
[2017.03.09-19.05.25:345][292]LogModuleManager: Shutting down and abandoning module TextureFormatDXT (58)
[2017.03.09-19.05.25:345][292]LogModuleManager: Shutting down and abandoning module TextureFormatIntelISPCTexComp (57)
[2017.03.09-19.05.25:345][292]LogModuleManager: Shutting down and abandoning module ImageWrapper (56)
[2017.03.09-19.05.25:345][292]LogModuleManager: Shutting down and abandoning module TextureFormatASTC (55)
[2017.03.09-19.05.25:346][292]LogModuleManager: Shutting down and abandoning module TextureFormatAndroid (54)
[2017.03.09-19.05.25:346][292]LogModuleManager: Shutting down and abandoning module AudioFormatOpus (53)
[2017.03.09-19.05.25:346][292]LogModuleManager: Shutting down and abandoning module AudioFormatOgg (52)
[2017.03.09-19.05.25:346][292]LogModuleManager: Shutting down and abandoning module AudioFormatADPCM (51)
[2017.03.09-19.05.25:346][292]LogModuleManager: Shutting down and abandoning module LinuxTargetPlatform (50)
[2017.03.09-19.05.25:346][292]LogModuleManager: Shutting down and abandoning module LinuxServerTargetPlatform (49)
[2017.03.09-19.05.25:346][292]LogModuleManager: Shutting down and abandoning module LinuxNoEditorTargetPlatform (48)
[2017.03.09-19.05.25:346][292]LogModuleManager: Shutting down and abandoning module LinuxClientTargetPlatform (47)
[2017.03.09-19.05.25:346][292]LogModuleManager: Shutting down and abandoning module TVOSTargetPlatform (46)
[2017.03.09-19.05.25:346][292]LogModuleManager: Shutting down and abandoning module Messaging (45)
[2017.03.09-19.05.25:346][292]LogModuleManager: Shutting down and abandoning module IOSTargetPlatform (44)
[2017.03.09-19.05.25:346][292]LogModuleManager: Shutting down and abandoning module HTML5TargetPlatform (43)
[2017.03.09-19.05.25:346][292]LogModuleManager: Shutting down and abandoning module Android_PVRTCTargetPlatform (42)
[2017.03.09-19.05.25:346][292]LogModuleManager: Shutting down and abandoning module Android_MultiTargetPlatform (41)
[2017.03.09-19.05.25:346][292]LogModuleManager: Shutting down and abandoning module Android_ETC2TargetPlatform (40)
[2017.03.09-19.05.25:346][292]LogModuleManager: Shutting down and abandoning module Android_ETC1TargetPlatform (39)
[2017.03.09-19.05.25:346][292]LogModuleManager: Shutting down and abandoning module Android_DXTTargetPlatform (38)
[2017.03.09-19.05.25:346][292]LogModuleManager: Shutting down and abandoning module Android_ATCTargetPlatform (37)
[2017.03.09-19.05.25:346][292]LogModuleManager: Shutting down and abandoning module Android_ASTCTargetPlatform (36)
[2017.03.09-19.05.25:346][292]LogModuleManager: Shutting down and abandoning module AndroidTargetPlatform (35)
[2017.03.09-19.05.25:346][292]LogModuleManager: Shutting down and abandoning module WindowsTargetPlatform (34)
[2017.03.09-19.05.25:346][292]LogModuleManager: Shutting down and abandoning module WindowsServerTargetPlatform (33)
[2017.03.09-19.05.25:346][292]LogModuleManager: Shutting down and abandoning module WindowsNoEditorTargetPlatform (32)
[2017.03.09-19.05.25:346][292]LogModuleManager: Shutting down and abandoning module WindowsClientTargetPlatform (31)
[2017.03.09-19.05.25:346][292]LogModuleManager: Shutting down and abandoning module MacTargetPlatform (30)
[2017.03.09-19.05.25:346][292]LogModuleManager: Shutting down and abandoning module MacServerTargetPlatform (29)
[2017.03.09-19.05.25:346][292]LogModuleManager: Shutting down and abandoning module MacNoEditorTargetPlatform (28)
[2017.03.09-19.05.25:346][292]LogModuleManager: Shutting down and abandoning module MacClientTargetPlatform (27)
[2017.03.09-19.05.25:346][292]LogModuleManager: Shutting down and abandoning module AllDesktopTargetPlatform (26)
[2017.03.09-19.05.25:346][292]LogModuleManager: Shutting down and abandoning module TargetPlatform (25)
[2017.03.09-19.05.25:346][292]LogModuleManager: Shutting down and abandoning module InputCore (24)
[2017.03.09-19.05.25:346][292]LogModuleManager: Shutting down and abandoning module Settings (23)
[2017.03.09-19.05.25:347][292]LogModuleManager: Shutting down and abandoning module OculusRift (22)
[2017.03.09-19.05.25:347][292]LogModuleManager: Shutting down and abandoning module ExampleDeviceProfileSelector (21)
[2017.03.09-19.05.25:347][292]LogModuleManager: Shutting down and abandoning module OnlineBlueprintSupport (20)
[2017.03.09-19.05.25:347][292]LogModuleManager: Shutting down and abandoning module OnlineSubsystem (18)
[2017.03.09-19.05.25:347][292]LogOnline:Display: Unloading online subsystem: NULL
[2017.03.09-19.05.25:347][292]LogModuleManager: Shutting down and abandoning module SSL (17)
[2017.03.09-19.05.25:351][292]LogModuleManager: Shutting down and abandoning module HTTP (16)
[2017.03.09-19.05.25:351][292]LogModuleManager: Shutting down and abandoning module XMPP (15)
[2017.03.09-19.05.25:351][292]LogModuleManager: Shutting down and abandoning module TextureCompressor (14)
[2017.03.09-19.05.25:352][292]LogModuleManager: Shutting down and abandoning module ShaderCore (13)
[2017.03.09-19.05.25:352][292]LogModuleManager: Shutting down and abandoning module Landscape (12)
[2017.03.09-19.05.25:352][292]LogModuleManager: Shutting down and abandoning module SlateRHIRenderer (11)
[2017.03.09-19.05.25:357][292]LogModuleManager: Shutting down and abandoning module OpenGLDrv (10)
[2017.03.09-19.05.25:357][292]LogModuleManager: Shutting down and abandoning module D3D11RHI (9)
[2017.03.09-19.05.25:357][292]LogModuleManager: Shutting down and abandoning module AnimGraphRuntime (8)
[2017.03.09-19.05.25:357][292]LogModuleManager: Shutting down and abandoning module Renderer (7)
[2017.03.09-19.05.25:357][292]LogModuleManager: Shutting down and abandoning module Engine (6)
[2017.03.09-19.05.25:357][292]LogModuleManager: Shutting down and abandoning module CoreUObject (5)
[2017.03.09-19.05.25:357][292]LogModuleManager: Shutting down and abandoning module NetworkFile (4)
[2017.03.09-19.05.25:357][292]LogModuleManager: Shutting down and abandoning module StreamingFile (3)
[2017.03.09-19.05.25:357][292]LogModuleManager: Shutting down and abandoning module SandboxFile (2)
[2017.03.09-19.05.25:357][292]LogModuleManager: Shutting down and abandoning module PakFile (1)
[2017.03.09-19.05.25:362][292]LogExit: Exiting.
[2017.03.09-19.05.25:382][292]Log file closed, 03/09/17 20:05:25
