Log file open, 04/17/17 09:19:40
LogInit:Display: Running engine for game: IsekaiLife
LogPlatformFile: Not using cached read wrapper
LogInit:Display: RandInit(-173634750) SRandInit(-173634750).
LogTaskGraph: Started task graph with 5 named threads and 8 total threads with 1 sets of task threads.
LogStats: Stats thread started at 0.094755
LogInit: Using libcurl 7.47.1
LogInit:  - built for x86_64-pc-win32
LogInit:  - supports SSL with OpenSSL/1.0.2g
LogInit:  - supports HTTP deflate (compression) using libz 1.2.8
LogInit:  - other features:
LogInit:      CURL_VERSION_SSL
LogInit:      CURL_VERSION_LIBZ
LogInit:      CURL_VERSION_IPV6
LogInit:      CURL_VERSION_ASYNCHDNS
LogInit:      CURL_VERSION_LARGEFILE
LogInit:      CURL_VERSION_IDN
LogInit:  CurlRequestOptions (configurable via config and command line):
LogInit:  - bVerifyPeer = false  - Libcurl will NOT verify peer certificate
LogInit:  - bUseHttpProxy = false  - Libcurl will NOT use HTTP proxy
LogInit:  - bDontReuseConnections = false  - Libcurl will reuse connections
LogInit:  - CertBundlePath = nullptr  - Libcurl will use whatever was configured at build time.
LogInit: Build: ++UE4+Release-4.15-CL-3348071
LogInit: Engine Version: 4.15.1-3348071+++UE4+Release-4.15
LogInit: Compatible Engine Version: 4.15.0-3299760+++UE4+Release-4.15
LogInit: Net CL: 3299760
LogDevObjectVersion: Number of dev versions registered: 14
LogDevObjectVersion:   Dev-Blueprints (B0D832E4-1F89-4F0D-ACCF-7EB736FD4AA2): 8
LogDevObjectVersion:   Dev-Build (E1C64328-A22C-4D53-A36C-8E866417BD8C): 0
LogDevObjectVersion:   Dev-Core (375EC13C-06E4-48FB-B500-84F0262A717E): 2
LogDevObjectVersion:   Dev-Editor (E4B068ED-F494-42E9-A231-DA0B2E46BB41): 14
LogDevObjectVersion:   Dev-Framework (CFFC743F-43B0-4480-9391-14DF171D2073): 22
LogDevObjectVersion:   Dev-Mobile (B02B49B5-BB20-44E9-A304-32B752E40360): 0
LogDevObjectVersion:   Dev-Networking (A4E4105C-59A1-49B5-A7C5-40C4547EDFEE): 0
LogDevObjectVersion:   Dev-Online (39C831C9-5AE6-47DC-9A44-9C173E1C8E7C): 0
LogDevObjectVersion:   Dev-Physics (78F01B33-EBEA-4F98-B9B4-84EACCB95AA2): 0
LogDevObjectVersion:   Dev-Platform (6631380F-2D4D-43E0-8009-CF276956A95A): 0
LogDevObjectVersion:   Dev-Rendering (12F88B9F-8875-4AFC-A67C-D90C383ABD29): 12
LogDevObjectVersion:   Dev-Sequencer (7B5AE74C-D270-4C10-A958-57980B212A5A): 3
LogDevObjectVersion:   Dev-VR (D7296918-1DD6-4BDD-9DE2-64A83CC13884): 0
LogDevObjectVersion:   Dev-LoadTimes (C2A15278-BFE7-4AFE-6C17-90FF531DF755): 1
LogInit: Compiled (64-bit): Mar 15 2017 16:52:47
LogInit: Compiled with Visual C++: 19.00.23026.00
LogInit: Build Configuration: Development
LogInit: Branch Name: ++UE4+Release-4.15
LogInit: Command line:  
LogInit: Base directory: C:/Program Files/Epic Games/UE_4.15/Engine/Binaries/Win64/
LogInit: Installed Engine Build: 1
LogInit: Presizing for max 8388607 objects, including 0 objects not considered by GC, pre-allocating 0 bytes for permanent pool.
LogInit: Object subsystem initialized
[2017.04.17-07.19.41:154][  0]LogInit: Selected Device Profile: [Windows]
[2017.04.17-07.19.41:154][  0]LogInit: Applying CVar settings loaded from the selected device profile: [Windows]
[2017.04.17-07.19.41:199][  0]LogInit: Computer: DESKTOP-IJKOIIJ
[2017.04.17-07.19.41:199][  0]LogInit: User: Aratim
[2017.04.17-07.19.41:199][  0]LogInit: CPU Page size=65536, Cores=4
[2017.04.17-07.19.41:199][  0]LogInit: High frequency timer resolution =3.417988 MHz
[2017.04.17-07.19.41:199][  0]LogMemory: Memory total: Physical=8.0GB (8GB approx)
[2017.04.17-07.19.41:199][  0]LogMemory: Platform Memory Stats for Windows
[2017.04.17-07.19.41:199][  0]LogMemory: Process Physical Memory: 262.96 MB used, 262.96 MB peak
[2017.04.17-07.19.41:199][  0]LogMemory: Process Virtual Memory: 262.47 MB used, 262.47 MB peak
[2017.04.17-07.19.41:199][  0]LogMemory: Physical Memory: 3479.89 MB used,  4660.96 MB free, 8140.85 MB total
[2017.04.17-07.19.41:199][  0]LogMemory: Virtual Memory: 644.41 MB used,  4660.96 MB free, 134217728.00 MB total
[2017.04.17-07.19.41:325][  0]LogTextLocalizationManager: No translations for ('fr-FR') exist, falling back to 'en' for localization and internationalization data.
[2017.04.17-07.19.43:040][  0]LogD3D11RHI: D3D11 adapters:
[2017.04.17-07.19.43:531][  0]LogD3D11RHI:    0. 'NVIDIA GeForce GTX 1060 6GB' (Feature Level 11_0)
[2017.04.17-07.19.43:531][  0]LogD3D11RHI:       6084/0/4070 MB DedicatedVideo/DedicatedSystem/SharedSystem, Outputs:1, VendorId:0x10de
[2017.04.17-07.19.43:537][  0]LogD3D11RHI:    1. 'Microsoft Basic Render Driver' (Feature Level 11_0)
[2017.04.17-07.19.43:537][  0]LogD3D11RHI:       0/0/4070 MB DedicatedVideo/DedicatedSystem/SharedSystem, Outputs:0, VendorId:0x1414
[2017.04.17-07.19.43:537][  0]LogD3D11RHI: Chosen D3D11 Adapter: 0
[2017.04.17-07.19.43:540][  0]LogD3D11RHI: Creating new Direct3DDevice
[2017.04.17-07.19.43:540][  0]LogD3D11RHI:     GPU DeviceId: 0x1c03 (for the marketing name, search the web for "GPU Device Id")
[2017.04.17-07.19.43:540][  0]LogWindows: EnumDisplayDevices:
[2017.04.17-07.19.43:540][  0]LogWindows:    0. 'NVIDIA GeForce GTX 1060 6GB' (P:1 D:1)
[2017.04.17-07.19.43:541][  0]LogWindows:    1. 'NVIDIA GeForce GTX 1060 6GB' (P:0 D:0)
[2017.04.17-07.19.43:541][  0]LogWindows:    2. 'NVIDIA GeForce GTX 1060 6GB' (P:0 D:0)
[2017.04.17-07.19.43:541][  0]LogWindows:    3. 'NVIDIA GeForce GTX 1060 6GB' (P:0 D:0)
[2017.04.17-07.19.43:541][  0]LogWindows: DebugString: FoundDriverCount:4 
[2017.04.17-07.19.43:541][  0]LogD3D11RHI:     Adapter Name: NVIDIA GeForce GTX 1060 6GB
[2017.04.17-07.19.43:541][  0]LogD3D11RHI:   Driver Version: 378.92 (internal:21.21.13.7892, unified:378.92)
[2017.04.17-07.19.43:541][  0]LogD3D11RHI:      Driver Date: 3-16-2017
[2017.04.17-07.19.43:541][  0]LogRHI: Texture pool is 1361 MB (70% of 1945 MB)
[2017.04.17-07.19.44:010][  0]LogD3D11RHI: Async texture creation enabled
[2017.04.17-07.19.44:053][  0]LogD3D11RHI: GPU Timing Frequency: 1000.000000 (Debug: 2 1)
[2017.04.17-07.19.44:102][  0]LogShaderCompilers: Guid format shader working directory is -10 characters bigger than the processId version (X:/Aratim/Documents/GitHub/ProjetInfoSolo/IsekaiLife 4.15/Intermediate/Shaders/WorkingDirectory/1216/).
[2017.04.17-07.19.44:102][  0]LogShaderCompilers: Cleaned the shader compiler working directory 'C:/Users/Aratim/AppData/Local/Temp/UnrealShaderWorkingDir/502C6DD141B49023A266CC8D74C29A50/'.
[2017.04.17-07.19.44:102][  0]LogShaderCompilers:Display: Using Local Shader Compiler.
[2017.04.17-07.19.45:779][  0]LogTemp:Display: Loaded TP AllDesktopTargetPlatform
[2017.04.17-07.19.45:827][  0]LogTemp:Display: Loaded TP MacClientTargetPlatform
[2017.04.17-07.19.45:873][  0]LogTemp:Display: Loaded TP MacNoEditorTargetPlatform
[2017.04.17-07.19.45:919][  0]LogTemp:Display: Loaded TP MacServerTargetPlatform
[2017.04.17-07.19.45:969][  0]LogTemp:Display: Loaded TP MacTargetPlatform
[2017.04.17-07.19.46:020][  0]LogTemp:Display: Loaded TP WindowsClientTargetPlatform
[2017.04.17-07.19.46:067][  0]LogTemp:Display: Loaded TP WindowsNoEditorTargetPlatform
[2017.04.17-07.19.46:114][  0]LogTemp:Display: Loaded TP WindowsServerTargetPlatform
[2017.04.17-07.19.46:152][  0]LogTemp:Display: Loaded TP WindowsTargetPlatform
[2017.04.17-07.19.46:201][  0]LogTemp:Display: Loaded TP AndroidTargetPlatform
[2017.04.17-07.19.46:247][  0]LogTemp:Display: Loaded TP Android_ASTCTargetPlatform
[2017.04.17-07.19.46:293][  0]LogTemp:Display: Loaded TP Android_ATCTargetPlatform
[2017.04.17-07.19.46:339][  0]LogTemp:Display: Loaded TP Android_DXTTargetPlatform
[2017.04.17-07.19.46:384][  0]LogTemp:Display: Loaded TP Android_ETC1TargetPlatform
[2017.04.17-07.19.46:429][  0]LogTemp:Display: Loaded TP Android_ETC2TargetPlatform
[2017.04.17-07.19.46:519][  0]LogTemp:Display: Loaded TP Android_MultiTargetPlatform
[2017.04.17-07.19.46:519][  0]LogTemp:Display: Loaded TP Android_PVRTCTargetPlatform
[2017.04.17-07.19.46:550][  0]LogTemp:Display: Loaded TP HTML5TargetPlatform
[2017.04.17-07.19.46:639][  0]LogTemp:Display: Loaded TP IOSTargetPlatform
[2017.04.17-07.19.46:669][  0]LogTemp:Display: Loaded TP TVOSTargetPlatform
[2017.04.17-07.19.46:713][  0]LogTemp:Display: Loaded TP LinuxClientTargetPlatform
[2017.04.17-07.19.46:758][  0]LogTemp:Display: Loaded TP LinuxNoEditorTargetPlatform
[2017.04.17-07.19.46:804][  0]LogTemp:Display: Loaded TP LinuxServerTargetPlatform
[2017.04.17-07.19.46:849][  0]LogTemp:Display: Loaded TP LinuxTargetPlatform
[2017.04.17-07.19.46:849][  0]LogTargetPlatformManager:Display: Building Assets For Windows
[2017.04.17-07.19.47:248][  0]LogDerivedDataCache:Display: Max Cache Size: 512 MB
[2017.04.17-07.19.47:457][  0]LogDerivedDataCache: Loaded boot cache 0.21s 50MB C:/Users/Aratim/AppData/Local/UnrealEngine/4.15/DerivedDataCache/Boot.ddc.
[2017.04.17-07.19.47:457][  0]LogDerivedDataCache:Display: Loaded Boot cache: C:/Users/Aratim/AppData/Local/UnrealEngine/4.15/DerivedDataCache/Boot.ddc
[2017.04.17-07.19.47:457][  0]LogDerivedDataCache: FDerivedDataBackendGraph:  Pak pak cache file X:/Aratim/Documents/GitHub/ProjetInfoSolo/IsekaiLife 4.15/DerivedDataCache/DDC.ddp not found, will not use a pak cache.
[2017.04.17-07.19.47:457][  0]LogDerivedDataCache: Unable to find inner node Pak for hierarchical cache Hierarchy.
[2017.04.17-07.19.47:457][  0]LogDerivedDataCache: FDerivedDataBackendGraph:  CompressedPak pak cache file X:/Aratim/Documents/GitHub/ProjetInfoSolo/IsekaiLife 4.15/DerivedDataCache/Compressed.ddp not found, will not use a pak cache.
[2017.04.17-07.19.47:457][  0]LogDerivedDataCache: Unable to find inner node CompressedPak for hierarchical cache Hierarchy.
[2017.04.17-07.19.47:475][  0]LogDerivedDataCache:Display: Pak cache opened for reading ../../../Engine/DerivedDataCache/Compressed.ddp.
[2017.04.17-07.19.47:488][  0]LogDerivedDataCache: Using Local data cache path C:/Users/Aratim/AppData/Local/UnrealEngine/Common/DerivedDataCache: Writable
[2017.04.17-07.19.47:497][  0]LogSlate: Using Freetype 2.6.0
[2017.04.17-07.19.47:505][  0]LogSlate: SlateFontCache - WITH_FREETYPE: 1, WITH_HARFBUZZ: 1
[2017.04.17-07.19.47:505][  0]LogSlate: SlateFontCache - WITH_FREETYPE: 1, WITH_HARFBUZZ: 1
[2017.04.17-07.19.50:359][  0]LogInit: Selected Device Profile: [Windows]
[2017.04.17-07.19.50:375][  0]LogContentStreaming: Texture pool size is 0.00 MB
[2017.04.17-07.19.50:626][  0]LogMeshUtilities: Using QuadricMeshReduction for automatic static mesh reduction
[2017.04.17-07.19.50:663][  0]LogSimplygon: Simplygon DLL not present - disabling.
[2017.04.17-07.19.50:704][  0]LogMeshUtilities: Using SimplygonSwarm for distributed automatic mesh merging
[2017.04.17-07.19.50:705][  0]LogMeshUtilities: No automatic skeletal mesh reduction module available
[2017.04.17-07.19.50:705][  0]LogMeshUtilities: No automatic mesh merging module available
[2017.04.17-07.19.51:936][  0]LogNetVersion: GetLocalNetworkVersion: CL: 3299760, ProjectName: isekailife, ProjectVersion: , EngineNetworkVersion: 2, GameNetworkVersion: 0, NetworkChecksum: 721096836
[2017.04.17-07.19.51:990][  0]LogAssetRegistry: FAssetRegistry took 0.0247 seconds to start up
[2017.04.17-07.19.52:028][  0]LogPackageLocalizationCache: Processed 3 localized package path(s) for 1 prioritized culture(s) in 0.018418 seconds
[2017.04.17-07.19.52:035][  0]LogUObjectArray: 32493 objects as part of root set at end of initial load.
[2017.04.17-07.19.52:035][  0]LogUObjectAllocator: 7077032 out of 0 bytes used by permanent object pool.
[2017.04.17-07.19.52:035][  0]LogUObjectArray: CloseDisregardForGC: 0/0 objects in disregard for GC pool
[2017.04.17-07.19.52:094][  0]LogInit: WinSock: version 1.1 (2.2), MaxSocks=32767, MaxUdp=65467
[2017.04.17-07.19.54:946][  0]LogTcpMessaging: Initializing TcpMessaging bridge
[2017.04.17-07.19.54:987][  0]LogUdpMessaging: Initializing bridge on interface 0.0.0.0:0 to multicast group 230.0.0.1:6666.
[2017.04.17-07.19.55:546][  0]LogMaterial: Uniform references updated for custom material expression Custom.
[2017.04.17-07.19.55:975][  0]SourceControl: Info Source control is disabled
[2017.04.17-07.19.55:977][  0]SourceControl: Info Source control is disabled
[2017.04.17-07.19.56:027][  0]SourceControl: Info Source control is disabled
[2017.04.17-07.19.56:074][  0]SourceControl: Info Source control is disabled
[2017.04.17-07.19.57:365][  0]LogEngine: Initializing Engine...
[2017.04.17-07.19.57:368][  0]LogHMD: Failed to initialize OpenVR with code 110
[2017.04.17-07.19.57:707][  0]LogAIModule: Creating AISystem for world Untitled
[2017.04.17-07.19.57:740][  0]LogInit: XAudio2 using 'Haut-parleurs (2- USB Audio Device)' : 2 channels at 44.1 kHz using 16 bits per sample (channel mask 0x3)
[2017.04.17-07.19.57:754][  0]LogInit: FAudioDevice initialized.
[2017.04.17-07.19.57:783][  0]LogDerivedDataCache: Saved boot cache 0.03s 50MB C:/Users/Aratim/AppData/Local/UnrealEngine/4.15/DerivedDataCache/Boot.ddc.
[2017.04.17-07.19.57:791][  0]LogInit: Texture streaming: Enabled
[2017.04.17-07.19.57:882][  0]LogEngineSessionManager: EngineSessionManager initialized
[2017.04.17-07.19.57:976][  0]LogInit: Transaction tracking system initialized
[2017.04.17-07.19.58:278][  0]BlueprintLog: New page: Editor Load
[2017.04.17-07.19.59:148][  0]LocalizationService: Info Localization service is disabled
[2017.04.17-07.19.59:783][  0]LogConsoleResponse:Display: 
[2017.04.17-07.20.00:123][  0]LogCook:Display: Max memory allowance for cook 16384mb min free memory 0mb
[2017.04.17-07.20.00:123][  0]LogCook:Display: Mobile HDR setting 1
[2017.04.17-07.20.00:693][  0]LogFileCache: Scanning file cache for directory 'X:/Aratim/Documents/GitHub/ProjetInfoSolo/IsekaiLife 4.15/Content/' took 0.03s
[2017.04.17-07.20.01:185][  0]SourceControl: Info Source control is disabled
[2017.04.17-07.20.01:188][  0]Cmd: MAP LOAD FILE="X:/Aratim/Documents/GitHub/ProjetInfoSolo/IsekaiLife 4.15/Content/ThirdPersonBP/Maps/ThirdPersonExampleMap.umap" TEMPLATE=0 SHOWPROGRESS=1 FEATURELEVEL=3
[2017.04.17-07.20.01:218][  0]LightingResults: New page: Lighting Build
[2017.04.17-07.20.01:262][  0]MapCheck: New page: Map Check
[2017.04.17-07.20.01:262][  0]LightingResults: New page: Lighting Build
[2017.04.17-07.20.07:334][  0]LogAIModule: Creating AISystem for world ThirdPersonExampleMap
[2017.04.17-07.20.07:432][  0]LogEditorServer: Finished looking for orphan Actors (0.000 secs)
[2017.04.17-07.20.07:439][  0]Cmd: MAP CHECKDEP NOCLEARLOG
[2017.04.17-07.20.07:490][  0]MapCheck: Info Map check complete: 0 Error(s), 0 Warning(s), took 50.649ms to complete.
[2017.04.17-07.20.07:490][  0]LogFileHelpers: Loading map 'ThirdPersonExampleMap' took 6.305
[2017.04.17-07.20.07:585][  0]LogWindowsTextInputMethodSystem:Display: IME system now deactivated.
[2017.04.17-07.20.07:790][  0]LogCollectionManager: Loaded 0 collections in 0.001533 seconds
[2017.04.17-07.20.07:884][  0]LogFileCache: Scanning file cache for directory 'X:/Aratim/Documents/GitHub/ProjetInfoSolo/IsekaiLife 4.15/Saved/Collections/' took 0.01s
[2017.04.17-07.20.07:884][  0]LogFileCache: Scanning file cache for directory 'X:/Aratim/Documents/GitHub/ProjetInfoSolo/IsekaiLife 4.15/Content/Developers/Aratim/Collections/' took 0.01s
[2017.04.17-07.20.07:884][  0]LogFileCache: Scanning file cache for directory 'X:/Aratim/Documents/GitHub/ProjetInfoSolo/IsekaiLife 4.15/Content/Collections/' took 0.01s
[2017.04.17-07.20.07:884][  0]LogCollectionManager: Rebuilt the GUID cache for 0 collections in 0.000001 seconds
[2017.04.17-07.20.07:897][  0]LogContentBrowser: Native class hierarchy populated in 0.0100 seconds. Added 2245 classes and 453 folders.
[2017.04.17-07.20.07:908][  0]LogStats: UGameplayTagsManager::ConstructGameplayTagTree: Construct from data asset -  0.000 s
[2017.04.17-07.20.07:908][  0]LogStats: UGameplayTagsManager::ConstructGameplayTagTree: GameplayTagTreeChangedEvent.Broadcast -  0.000 s
[2017.04.17-07.20.07:964][  0]LogContentBrowser: Native class hierarchy updated for 'WidgetCarousel' in 0.0004 seconds. Added 0 classes and 0 folders.
[2017.04.17-07.20.08:301][  0]LogContentBrowser: Native class hierarchy updated for 'AddContentDialog' in 0.0009 seconds. Added 0 classes and 0 folders.
[2017.04.17-07.20.08:373][  0]LogContentBrowser: Native class hierarchy updated for 'SceneOutliner' in 0.0005 seconds. Added 1 classes and 2 folders.
[2017.04.17-07.20.08:455][  0]LogCrashTracker: Crashtracker disabled due to settings.
[2017.04.17-07.20.08:478][  0]LogUObjectGlobals:Warning: Failed to find object 'Class None.'
[2017.04.17-07.20.08:551][  0]LogContentBrowser: Native class hierarchy updated for 'HierarchicalLODOutliner' in 0.0005 seconds. Added 1 classes and 2 folders.
[2017.04.17-07.20.08:552][  0]LogLoad: (Engine Initialization) Total time: 29.65 seconds
[2017.04.17-07.20.08:552][  0]LogLoad: (Engine Initialization) Total Blueprint compile time: 1.48 seconds
[2017.04.17-07.20.08:552][  0]LogExternalProfiler: Found external profiler: VSPerf
[2017.04.17-07.20.08:552][  0]LogExternalProfiler: Using external profiler: VSPerf
[2017.04.17-07.20.08:565][  0]LogOcInput: OculusInput pre-init called
[2017.04.17-07.20.08:600][  0]LogContentStreaming: Texture pool size now 1000 MB
[2017.04.17-07.20.08:613][  0]LogSlate: Took 0.004554 seconds to synchronously load lazily loaded font '../../../Engine/Content/Slate/Fonts/Roboto-Regular.ttf' (155K)
[2017.04.17-07.20.08:622][  0]LogSlate: Took 0.004684 seconds to synchronously load lazily loaded font '../../../Engine/Content/Slate/Fonts/Roboto-Bold.ttf' (160K)
[2017.04.17-07.20.08:634][  0]LogSlate: Took 0.004724 seconds to synchronously load lazily loaded font '../../../Engine/Content/Editor/Slate/Fonts/FontAwesome.ttf' (139K)
[2017.04.17-07.20.08:830][  0]LogSlate: Took 0.004654 seconds to synchronously load lazily loaded font '../../../Engine/Content/Slate/Fonts/Roboto-Light.ttf' (159K)
[2017.04.17-07.20.08:868][  0]LogRenderer: Reallocating scene render targets to support 1208x576 NumSamples 1 (Frame:2).
[2017.04.17-07.20.09:007][  3]LogAssetRegistry: Asset discovery search completed in 17.0397 seconds
[2017.04.17-07.20.09:007][  3]LogCollectionManager: Rebuilt the object cache for 0 collections in 0.000005 seconds (found 0 objects)
[2017.04.17-07.20.09:007][  3]LogCollectionManager: Fixed up redirectors for 0 collections in 0.000018 seconds (updated 0 objects)
[2017.04.17-07.21.18:159][409]LogSlate: Took 0.000118 seconds to synchronously load lazily loaded font '../../../Engine/Content/Slate/Fonts/Roboto-Light.ttf' (159K)
[2017.04.17-07.21.18:201][409]LogMetaData: Removing '/Game/Game/Widget/MainWidget.MainWidget_C' ref from Metadata '/Game/InventorySystem/Widgets/MainWidget.PackageMetaData'
[2017.04.17-07.21.18:201][409]LogMetaData: Removing '/Game/Game/Widget/MainWidget.MainWidget:EventGraph.K2Node_Event_0' ref from Metadata '/Game/InventorySystem/Widgets/MainWidget.PackageMetaData'
[2017.04.17-07.21.18:201][409]LogMetaData: Removing '/Game/Game/Widget/MainWidget.MainWidget:EventGraph.K2Node_Event_1' ref from Metadata '/Game/InventorySystem/Widgets/MainWidget.PackageMetaData'
[2017.04.17-07.21.18:201][409]LogMetaData: Removing '/Game/Game/Widget/MainWidget.MainWidget:OnDrop.K2Node_FunctionResult_0' ref from Metadata '/Game/InventorySystem/Widgets/MainWidget.PackageMetaData'
[2017.04.17-07.21.18:201][409]LogMetaData: Removing '/Game/Game/Widget/MainWidget.MainWidget:OnDrop.K2Node_FunctionEntry_10' ref from Metadata '/Game/InventorySystem/Widgets/MainWidget.PackageMetaData'
[2017.04.17-07.21.18:201][409]LogMetaData: Removing '/Game/Game/Widget/MainWidget.MainWidget:AddItemToObtainedQueue.K2Node_FunctionEntry_36' ref from Metadata '/Game/InventorySystem/Widgets/MainWidget.PackageMetaData'
[2017.04.17-07.21.18:201][409]LogMetaData: Removing '/Game/Game/Widget/MainWidget.MainWidget:OnObtainMessageEnd.K2Node_FunctionEntry_63' ref from Metadata '/Game/InventorySystem/Widgets/MainWidget.PackageMetaData'
[2017.04.17-07.21.18:201][409]LogMetaData: Removing '/Game/Game/Widget/MainWidget.MainWidget_C:ExecuteUbergraph_MainWidget' ref from Metadata '/Game/InventorySystem/Widgets/MainWidget.PackageMetaData'
[2017.04.17-07.21.18:201][409]LogMetaData: Removing '/Game/Game/Widget/MainWidget.MainWidget_C:OnDrop' ref from Metadata '/Game/InventorySystem/Widgets/MainWidget.PackageMetaData'
[2017.04.17-07.21.18:201][409]LogMetaData: Removing '/Game/Game/Widget/MainWidget.MainWidget_C:Construct' ref from Metadata '/Game/InventorySystem/Widgets/MainWidget.PackageMetaData'
[2017.04.17-07.21.18:201][409]LogMetaData: Removing '/Game/Game/Widget/MainWidget.MainWidget_C:Canvas' ref from Metadata '/Game/InventorySystem/Widgets/MainWidget.PackageMetaData'
[2017.04.17-07.21.18:201][409]LogMetaData: Removing '/Game/Game/Widget/MainWidget.MainWidget_C:CraftingMenu_279' ref from Metadata '/Game/InventorySystem/Widgets/MainWidget.PackageMetaData'
[2017.04.17-07.21.18:201][409]LogMetaData: Removing '/Game/Game/Widget/MainWidget.MainWidget_C:EquipmentWindow' ref from Metadata '/Game/InventorySystem/Widgets/MainWidget.PackageMetaData'
[2017.04.17-07.21.18:201][409]LogMetaData: Removing '/Game/Game/Widget/MainWidget.MainWidget_C:HocketBar' ref from Metadata '/Game/InventorySystem/Widgets/MainWidget.PackageMetaData'
[2017.04.17-07.21.18:201][409]LogMetaData: Removing '/Game/Game/Widget/MainWidget.MainWidget_C:HP' ref from Metadata '/Game/InventorySystem/Widgets/MainWidget.PackageMetaData'
[2017.04.17-07.21.18:201][409]LogMetaData: Removing '/Game/Game/Widget/MainWidget.MainWidget_C:InventoryWidget' ref from Metadata '/Game/InventorySystem/Widgets/MainWidget.PackageMetaData'
[2017.04.17-07.21.18:201][409]LogMetaData: Removing '/Game/Game/Widget/MainWidget.MainWidget_C:MP' ref from Metadata '/Game/InventorySystem/Widgets/MainWidget.PackageMetaData'
[2017.04.17-07.21.18:201][409]LogMetaData: Removing '/Game/Game/Widget/MainWidget.MainWidget_C:ObtainedItemBorder' ref from Metadata '/Game/InventorySystem/Widgets/MainWidget.PackageMetaData'
[2017.04.17-07.21.18:201][409]LogMetaData: Removing '/Game/Game/Widget/MainWidget.MainWidget_C:STA' ref from Metadata '/Game/InventorySystem/Widgets/MainWidget.PackageMetaData'
[2017.04.17-07.21.18:201][409]LogMetaData: Removing '/Game/Game/Widget/MainWidget.MainWidget_C:StorageWidget_216' ref from Metadata '/Game/InventorySystem/Widgets/MainWidget.PackageMetaData'
[2017.04.17-07.21.18:201][409]LogMetaData: Removing '/Game/Game/Widget/MainWidget.MainWidget_C:ThrowWidget_86' ref from Metadata '/Game/InventorySystem/Widgets/MainWidget.PackageMetaData'
[2017.04.17-07.21.18:201][409]LogMetaData: Removing '/Game/Game/Widget/MainWidget.MainWidget_C:InventoryRef' ref from Metadata '/Game/InventorySystem/Widgets/MainWidget.PackageMetaData'
[2017.04.17-07.21.18:201][409]LogMetaData: Removing '/Game/Game/Widget/MainWidget.MainWidget_C:SlotsPerRow' ref from Metadata '/Game/InventorySystem/Widgets/MainWidget.PackageMetaData'
[2017.04.17-07.21.18:201][409]LogMetaData: Removing '/Game/Game/Widget/MainWidget.MainWidget_C:VisibleDuration' ref from Metadata '/Game/InventorySystem/Widgets/MainWidget.PackageMetaData'
[2017.04.17-07.21.18:201][409]LogMetaData: Removing '/Game/Game/Widget/MainWidget.MainWidget_C:ObtainedItemsQueue' ref from Metadata '/Game/InventorySystem/Widgets/MainWidget.PackageMetaData'
[2017.04.17-07.21.18:201][409]LogMetaData: Removing '/Game/Game/Widget/MainWidget.MainWidget_C:ShowHotkeys?' ref from Metadata '/Game/InventorySystem/Widgets/MainWidget.PackageMetaData'
[2017.04.17-07.21.18:201][409]LogMetaData: Removing '/Game/Game/Widget/MainWidget.MainWidget_C:Hotkeys' ref from Metadata '/Game/InventorySystem/Widgets/MainWidget.PackageMetaData'
[2017.04.17-07.21.18:201][409]LogMetaData: Removing '/Game/Game/Widget/MainWidget.MainWidget_C:HotkeyWidgets' ref from Metadata '/Game/InventorySystem/Widgets/MainWidget.PackageMetaData'
[2017.04.17-07.21.18:201][409]LogMetaData: Removing '/Game/Game/Widget/MainWidget.MainWidget:GenerateHotkeys.K2Node_FunctionEntry_48' ref from Metadata '/Game/InventorySystem/Widgets/MainWidget.PackageMetaData'
[2017.04.17-07.21.18:201][409]LogMetaData: Removing '/Game/Game/Widget/MainWidget.SKEL_MainWidget_C:HotkeyWidgets' ref from Metadata '/Game/InventorySystem/Widgets/MainWidget.PackageMetaData'
[2017.04.17-07.21.18:201][409]LogMetaData: Removing '/Game/Game/Widget/MainWidget.SKEL_MainWidget_C:Hotkeys' ref from Metadata '/Game/InventorySystem/Widgets/MainWidget.PackageMetaData'
[2017.04.17-07.21.18:201][409]LogMetaData: Removing '/Game/Game/Widget/MainWidget.SKEL_MainWidget_C:ShowHotkeys?' ref from Metadata '/Game/InventorySystem/Widgets/MainWidget.PackageMetaData'
[2017.04.17-07.21.18:201][409]LogMetaData: Removing '/Game/Game/Widget/MainWidget.SKEL_MainWidget_C:ObtainedItemsQueue' ref from Metadata '/Game/InventorySystem/Widgets/MainWidget.PackageMetaData'
[2017.04.17-07.21.18:201][409]LogMetaData: Removing '/Game/Game/Widget/MainWidget.SKEL_MainWidget_C:VisibleDuration' ref from Metadata '/Game/InventorySystem/Widgets/MainWidget.PackageMetaData'
[2017.04.17-07.21.18:201][409]LogMetaData: Removing '/Game/Game/Widget/MainWidget.SKEL_MainWidget_C:SlotsPerRow' ref from Metadata '/Game/InventorySystem/Widgets/MainWidget.PackageMetaData'
[2017.04.17-07.21.18:201][409]LogMetaData: Removing '/Game/Game/Widget/MainWidget.SKEL_MainWidget_C:InventoryRef' ref from Metadata '/Game/InventorySystem/Widgets/MainWidget.PackageMetaData'
[2017.04.17-07.21.18:201][409]LogMetaData: Removing '/Game/Game/Widget/MainWidget.SKEL_MainWidget_C:ThrowWidget_86' ref from Metadata '/Game/InventorySystem/Widgets/MainWidget.PackageMetaData'
[2017.04.17-07.21.18:201][409]LogMetaData: Removing '/Game/Game/Widget/MainWidget.SKEL_MainWidget_C:StorageWidget_216' ref from Metadata '/Game/InventorySystem/Widgets/MainWidget.PackageMetaData'
[2017.04.17-07.21.18:201][409]LogMetaData: Removing '/Game/Game/Widget/MainWidget.SKEL_MainWidget_C:STA' ref from Metadata '/Game/InventorySystem/Widgets/MainWidget.PackageMetaData'
[2017.04.17-07.21.18:201][409]LogMetaData: Removing '/Game/Game/Widget/MainWidget.SKEL_MainWidget_C:ObtainedItemBorder' ref from Metadata '/Game/InventorySystem/Widgets/MainWidget.PackageMetaData'
[2017.04.17-07.21.18:201][409]LogMetaData: Removing '/Game/Game/Widget/MainWidget.SKEL_MainWidget_C:MP' ref from Metadata '/Game/InventorySystem/Widgets/MainWidget.PackageMetaData'
[2017.04.17-07.21.18:201][409]LogMetaData: Removing '/Game/Game/Widget/MainWidget.SKEL_MainWidget_C:InventoryWidget' ref from Metadata '/Game/InventorySystem/Widgets/MainWidget.PackageMetaData'
[2017.04.17-07.21.18:201][409]LogMetaData: Removing '/Game/Game/Widget/MainWidget.SKEL_MainWidget_C:HP' ref from Metadata '/Game/InventorySystem/Widgets/MainWidget.PackageMetaData'
[2017.04.17-07.21.18:201][409]LogMetaData: Removing '/Game/Game/Widget/MainWidget.SKEL_MainWidget_C:HocketBar' ref from Metadata '/Game/InventorySystem/Widgets/MainWidget.PackageMetaData'
[2017.04.17-07.21.18:201][409]LogMetaData: Removing '/Game/Game/Widget/MainWidget.SKEL_MainWidget_C:EquipmentWindow' ref from Metadata '/Game/InventorySystem/Widgets/MainWidget.PackageMetaData'
[2017.04.17-07.21.18:201][409]LogMetaData: Removing '/Game/Game/Widget/MainWidget.SKEL_MainWidget_C:CraftingMenu_279' ref from Metadata '/Game/InventorySystem/Widgets/MainWidget.PackageMetaData'
[2017.04.17-07.21.18:201][409]LogMetaData: Removing '/Game/Game/Widget/MainWidget.SKEL_MainWidget_C:Canvas' ref from Metadata '/Game/InventorySystem/Widgets/MainWidget.PackageMetaData'
[2017.04.17-07.21.18:201][409]LogMetaData: Removing '/Game/Game/Widget/MainWidget.SKEL_MainWidget_C:Construct' ref from Metadata '/Game/InventorySystem/Widgets/MainWidget.PackageMetaData'
[2017.04.17-07.21.18:201][409]LogMetaData: Removing '/Game/Game/Widget/MainWidget.SKEL_MainWidget_C:OnDrop' ref from Metadata '/Game/InventorySystem/Widgets/MainWidget.PackageMetaData'
[2017.04.17-07.21.18:201][409]LogMetaData: Removing '/Game/Game/Widget/MainWidget.SKEL_MainWidget_C:ExecuteUbergraph_MainWidget' ref from Metadata '/Game/InventorySystem/Widgets/MainWidget.PackageMetaData'
[2017.04.17-07.21.18:201][409]LogMetaData: Removing '/Game/Game/Widget/MainWidget.SKEL_MainWidget_C' ref from Metadata '/Game/InventorySystem/Widgets/MainWidget.PackageMetaData'
[2017.04.17-07.21.18:269][409]Cmd: OBJ SAVEPACKAGE PACKAGE="/Game/Game/Widget/MainWidget" FILE="X:/Aratim/Documents/GitHub/ProjetInfoSolo/IsekaiLife 4.15/Content/Game/Widget/MainWidget.uasset" SILENT=true
[2017.04.17-07.21.18:338][409]LogSavePackage: Save=66.51ms
[2017.04.17-07.21.18:338][409]LogSavePackage: Moving 'X:/Aratim/Documents/GitHub/ProjetInfoSolo/IsekaiLife 4.15/Saved/MainWidget81836F284448567270B98BBA0744F7FF.tmp' to 'X:/Aratim/Documents/GitHub/ProjetInfoSolo/IsekaiLife 4.15/Content/Game/Widget/MainWidget.uasset'
[2017.04.17-07.21.18:342][409]LogSavePackage:Display: Finished SavePackage X:/Aratim/Documents/GitHub/ProjetInfoSolo/IsekaiLife 4.15/Content/Game/Widget/MainWidget.uasset
[2017.04.17-07.21.18:514][409]Cmd: OBJ SAVEPACKAGE PACKAGE="/Game/Game/Character/Player/Ch_MyCharacter" FILE="X:/Aratim/Documents/GitHub/ProjetInfoSolo/IsekaiLife 4.15/Content/Game/Character/Player/Ch_MyCharacter.uasset" SILENT=true
[2017.04.17-07.21.18:849][409]LogSavePackage: Save=164.62ms
[2017.04.17-07.21.18:849][409]LogSavePackage: Moving 'X:/Aratim/Documents/GitHub/ProjetInfoSolo/IsekaiLife 4.15/Saved/Ch_MyCharacterC97622584A3191D771CDFE93530641F4.tmp' to 'X:/Aratim/Documents/GitHub/ProjetInfoSolo/IsekaiLife 4.15/Content/Game/Character/Player/Ch_MyCharacter.uasset'
[2017.04.17-07.21.18:850][409]LogSavePackage:Display: Finished SavePackage X:/Aratim/Documents/GitHub/ProjetInfoSolo/IsekaiLife 4.15/Content/Game/Character/Player/Ch_MyCharacter.uasset
[2017.04.17-07.21.19:296][409]LogSavePackage: Save=394.40ms
[2017.04.17-07.21.19:296][409]LogSavePackage: Moving 'X:/Aratim/Documents/GitHub/ProjetInfoSolo/IsekaiLife 4.15/Saved/BP_InventoryC2184D424F9D156DFA8DE3B3468484D9.tmp' to 'X:/Aratim/Documents/GitHub/ProjetInfoSolo/IsekaiLife 4.15/Content/InventorySystem/Blueprints/BP_Inventory.uasset'
[2017.04.17-07.21.19:395][409]LogSavePackage:Display: Finished SavePackage X:/Aratim/Documents/GitHub/ProjetInfoSolo/IsekaiLife 4.15/Content/InventorySystem/Blueprints/BP_Inventory.uasset
[2017.04.17-07.21.19:403][409]Cmd: OBJ SAVEPACKAGE PACKAGE="/Game/InventorySystem/Blueprints/BP_Storage" FILE="X:/Aratim/Documents/GitHub/ProjetInfoSolo/IsekaiLife 4.15/Content/InventorySystem/Blueprints/BP_Storage.uasset" SILENT=true
[2017.04.17-07.21.19:624][409]LogSavePackage: Save=176.57ms
[2017.04.17-07.21.19:624][409]LogSavePackage: Moving 'X:/Aratim/Documents/GitHub/ProjetInfoSolo/IsekaiLife 4.15/Saved/BP_StorageE632DE424E965D50A467BFA7C686B54E.tmp' to 'X:/Aratim/Documents/GitHub/ProjetInfoSolo/IsekaiLife 4.15/Content/InventorySystem/Blueprints/BP_Storage.uasset'
[2017.04.17-07.21.19:625][409]LogSavePackage:Display: Finished SavePackage X:/Aratim/Documents/GitHub/ProjetInfoSolo/IsekaiLife 4.15/Content/InventorySystem/Blueprints/BP_Storage.uasset
[2017.04.17-07.21.19:628][409]Cmd: OBJ SAVEPACKAGE PACKAGE="/Game/InventorySystem/Widgets/ActionMenu" FILE="X:/Aratim/Documents/GitHub/ProjetInfoSolo/IsekaiLife 4.15/Content/InventorySystem/Widgets/ActionMenu.uasset" SILENT=true
[2017.04.17-07.21.19:706][409]LogSavePackage: Save=52.44ms
[2017.04.17-07.21.19:706][409]LogSavePackage: Moving 'X:/Aratim/Documents/GitHub/ProjetInfoSolo/IsekaiLife 4.15/Saved/ActionMenu212594DD499262573AFC48A6AF06511E.tmp' to 'X:/Aratim/Documents/GitHub/ProjetInfoSolo/IsekaiLife 4.15/Content/InventorySystem/Widgets/ActionMenu.uasset'
[2017.04.17-07.21.19:707][409]LogSavePackage:Display: Finished SavePackage X:/Aratim/Documents/GitHub/ProjetInfoSolo/IsekaiLife 4.15/Content/InventorySystem/Widgets/ActionMenu.uasset
[2017.04.17-07.21.19:710][409]Cmd: OBJ SAVEPACKAGE PACKAGE="/Game/InventorySystem/Widgets/InventorySlot" FILE="X:/Aratim/Documents/GitHub/ProjetInfoSolo/IsekaiLife 4.15/Content/InventorySystem/Widgets/InventorySlot.uasset" SILENT=true
[2017.04.17-07.21.19:829][409]LogSavePackage: Save=84.03ms
[2017.04.17-07.21.19:829][409]LogSavePackage: Moving 'X:/Aratim/Documents/GitHub/ProjetInfoSolo/IsekaiLife 4.15/Saved/InventorySlot94C87C11469B2C5CDC972DA58E66A714.tmp' to 'X:/Aratim/Documents/GitHub/ProjetInfoSolo/IsekaiLife 4.15/Content/InventorySystem/Widgets/InventorySlot.uasset'
[2017.04.17-07.21.19:831][409]LogSavePackage:Display: Finished SavePackage X:/Aratim/Documents/GitHub/ProjetInfoSolo/IsekaiLife 4.15/Content/InventorySystem/Widgets/InventorySlot.uasset
[2017.04.17-07.21.19:834][409]Cmd: OBJ SAVEPACKAGE PACKAGE="/Game/InventorySystem/Widgets/ObtainedItem" FILE="X:/Aratim/Documents/GitHub/ProjetInfoSolo/IsekaiLife 4.15/Content/InventorySystem/Widgets/ObtainedItem.uasset" SILENT=true
[2017.04.17-07.21.19:873][409]LogSavePackage: Save=30.41ms
[2017.04.17-07.21.19:873][409]LogSavePackage: Moving 'X:/Aratim/Documents/GitHub/ProjetInfoSolo/IsekaiLife 4.15/Saved/ObtainedItem49FC7A4B44AED30765D24A803D2E127C.tmp' to 'X:/Aratim/Documents/GitHub/ProjetInfoSolo/IsekaiLife 4.15/Content/InventorySystem/Widgets/ObtainedItem.uasset'
[2017.04.17-07.21.19:873][409]LogSavePackage:Display: Finished SavePackage X:/Aratim/Documents/GitHub/ProjetInfoSolo/IsekaiLife 4.15/Content/InventorySystem/Widgets/ObtainedItem.uasset
[2017.04.17-07.21.24:845][999]LogTemp: Repeting last play command: Selected Viewport
[2017.04.17-07.21.24:863][999]LogBlueprintUserMessages: Early PlayInEditor Detection: Level '/Game/ThirdPersonBP/Maps/ThirdPersonExampleMap.ThirdPersonExampleMap:PersistentLevel' has LevelScriptBlueprint '/Game/ThirdPersonBP/Maps/ThirdPersonExampleMap.ThirdPersonExampleMap:PersistentLevel.ThirdPersonExampleMap' with GeneratedClass '/Game/ThirdPersonBP/Maps/ThirdPersonExampleMap.ThirdPersonExampleMap_C' with ClassGeneratedBy '/Game/ThirdPersonBP/Maps/ThirdPersonExampleMap.ThirdPersonExampleMap:PersistentLevel.ThirdPersonExampleMap'
[2017.04.17-07.21.24:864][999]LogPlayLevel: PlayLevel: No blueprints needed recompiling
[2017.04.17-07.21.24:868][999]PIE: New page: PIE session: ThirdPersonExampleMap (Apr 17, 2017, 11:21:24 AM)
[2017.04.17-07.21.24:869][999]LogPlayLevel: Creating play world package: /Game/ThirdPersonBP/Maps/UEDPIE_0_ThirdPersonExampleMap
[2017.04.17-07.21.24:898][999]LogPlayLevel: PIE: StaticDuplicateObject took: (0.029257s)
[2017.04.17-07.21.24:899][999]LogAIModule: Creating AISystem for world ThirdPersonExampleMap
[2017.04.17-07.21.24:899][999]LogPlayLevel: PIE: World Init took: (0.001019s)
[2017.04.17-07.21.24:900][999]LogPlayLevel: PIE: Created PIE world by copying editor world from /Game/ThirdPersonBP/Maps/ThirdPersonExampleMap.ThirdPersonExampleMap to /Game/ThirdPersonBP/Maps/UEDPIE_0_ThirdPersonExampleMap.ThirdPersonExampleMap (0.030999s)
[2017.04.17-07.21.24:919][999]LogInit: XAudio2 using 'Haut-parleurs (2- USB Audio Device)' : 2 channels at 44.1 kHz using 16 bits per sample (channel mask 0x3)
[2017.04.17-07.21.24:925][999]LogInit: FAudioDevice initialized.
[2017.04.17-07.21.25:055][999]LogBlueprint:Warning: [Compiler ThirdPersonCharacter] Warning InputAction Event references unknown Action 'ResetVR' for  InputAction ResetVR
[2017.04.17-07.21.25:058][999]LogBlueprint:Warning: [Compiler ThirdPersonCharacter] Warning [0106.16] Compile of ThirdPersonCharacter successful, but with 1 Warning(s) [in 8 ms] (/Game/ThirdPersonBP/Blueprints/ThirdPersonCharacter.ThirdPersonCharacter)
[2017.04.17-07.21.25:058][999]LogBlueprint:Warning: [Compiler ThirdPersonCharacter] Warning [0106.16] Compile of ThirdPersonCharacter successful, but with 2 Warning(s) [in 0 ms] (/Game/ThirdPersonBP/Blueprints/ThirdPersonCharacter.ThirdPersonCharacter)
[2017.04.17-07.21.25:058][999]LogBlueprint:Warning: [Compiler ThirdPersonCharacter] Warning [0106.16] Compile of ThirdPersonCharacter successful, but with 3 Warning(s) [in 0 ms] (/Game/ThirdPersonBP/Blueprints/ThirdPersonCharacter.ThirdPersonCharacter)
[2017.04.17-07.21.25:066][999]LogBlueprint:Warning: [Compiler ThirdPersonCharacter] Warning InputAction Event references unknown Action 'ResetVR' for  InputAction ResetVR
[2017.04.17-07.21.25:069][999]LogBlueprint:Warning: [Compiler ThirdPersonCharacter] Warning [0106.17] Compile of ThirdPersonCharacter successful, but with 1 Warning(s) [in 6 ms] (/Game/ThirdPersonBP/Blueprints/ThirdPersonCharacter.ThirdPersonCharacter)
[2017.04.17-07.21.25:069][999]LogBlueprint:Warning: [Compiler ThirdPersonCharacter] Warning [0106.17] Compile of ThirdPersonCharacter successful, but with 2 Warning(s) [in 0 ms] (/Game/ThirdPersonBP/Blueprints/ThirdPersonCharacter.ThirdPersonCharacter)
[2017.04.17-07.21.25:069][999]LogBlueprint:Warning: [Compiler ThirdPersonCharacter] Warning [0106.17] Compile of ThirdPersonCharacter successful, but with 3 Warning(s) [in 0 ms] (/Game/ThirdPersonBP/Blueprints/ThirdPersonCharacter.ThirdPersonCharacter)
[2017.04.17-07.21.25:079][999]LogLoad: Game class is 'ThirdPersonGameMode_C'
[2017.04.17-07.21.25:090][999]LogWorld: Bringing World /Game/ThirdPersonBP/Maps/UEDPIE_0_ThirdPersonExampleMap.ThirdPersonExampleMap up for play (max tick rate 0) at 2017.04.17-09.21.25
[2017.04.17-07.21.25:104][999]LogWorld: Bringing up level for play took: 0.017556
[2017.04.17-07.21.25:148][999]LogContentBrowser: Native class hierarchy updated for 'MovieSceneCapture' in 0.0005 seconds. Added 11 classes and 0 folders.
[2017.04.17-07.21.25:152][999]LogStreaming:Warning: Failed to read file 'X:/Aratim/Documents/GitHub/ProjetInfoSolo/IsekaiLife 4.15/Saved//SaveGames/MyCharSave.sav' error.
[2017.04.17-07.21.25:153][999]LogStreaming:Warning: Failed to read file 'X:/Aratim/Documents/GitHub/ProjetInfoSolo/IsekaiLife 4.15/Saved//SaveGames/InventorySave.sav' error.
[2017.04.17-07.21.25:177][999]LogStreaming:Warning: Failed to read file 'X:/Aratim/Documents/GitHub/ProjetInfoSolo/IsekaiLife 4.15/Saved//SaveGames/InventorySave.sav' error.
[2017.04.17-07.21.25:178][999]PIE: Info Play in editor start time for /Game/ThirdPersonBP/Maps/UEDPIE_0_ThirdPersonExampleMap 0.585
[2017.04.17-07.21.25:179][999]LogBlueprintUserMessages: Late PlayInEditor Detection: Level '/Game/ThirdPersonBP/Maps/ThirdPersonExampleMap.ThirdPersonExampleMap:PersistentLevel' has LevelScriptBlueprint '/Game/ThirdPersonBP/Maps/ThirdPersonExampleMap.ThirdPersonExampleMap:PersistentLevel.ThirdPersonExampleMap' with GeneratedClass '/Game/ThirdPersonBP/Maps/ThirdPersonExampleMap.ThirdPersonExampleMap_C' with ClassGeneratedBy '/Game/ThirdPersonBP/Maps/ThirdPersonExampleMap.ThirdPersonExampleMap:PersistentLevel.ThirdPersonExampleMap'
[2017.04.17-07.21.30:008][569]LogScriptCore:Warning: Script Msg: Attempted to access index 0 from array NearbyPickupActor of length 0!
[2017.04.17-07.21.30:642][645]LogScriptCore:Warning: Script Msg: Attempted to access index 0 from array NearbyPickupActor of length 0!
[2017.04.17-07.21.31:068][696]LogScriptCore:Warning: Script Msg: Attempted to access index 0 from array NearbyPickupActor of length 0!
[2017.04.17-07.21.34:847][147]LogBlueprintUserMessages: Early EndPlayMap Detection: Level '/Game/ThirdPersonBP/Maps/ThirdPersonExampleMap.ThirdPersonExampleMap:PersistentLevel' has LevelScriptBlueprint '/Game/ThirdPersonBP/Maps/ThirdPersonExampleMap.ThirdPersonExampleMap:PersistentLevel.ThirdPersonExampleMap' with GeneratedClass '/Game/ThirdPersonBP/Maps/ThirdPersonExampleMap.ThirdPersonExampleMap_C' with ClassGeneratedBy '/Game/ThirdPersonBP/Maps/ThirdPersonExampleMap.ThirdPersonExampleMap:PersistentLevel.ThirdPersonExampleMap'
[2017.04.17-07.21.34:897][147]LogBlueprintUserMessages: Late EndPlayMap Detection: Level '/Game/ThirdPersonBP/Maps/ThirdPersonExampleMap.ThirdPersonExampleMap:PersistentLevel' has LevelScriptBlueprint '/Game/ThirdPersonBP/Maps/ThirdPersonExampleMap.ThirdPersonExampleMap:PersistentLevel.ThirdPersonExampleMap' with GeneratedClass '/Game/ThirdPersonBP/Maps/ThirdPersonExampleMap.ThirdPersonExampleMap_C' with ClassGeneratedBy '/Game/ThirdPersonBP/Maps/ThirdPersonExampleMap.ThirdPersonExampleMap:PersistentLevel.ThirdPersonExampleMap'
[2017.04.17-07.31.58:383][714]LogTexture:Display: Building textures: T_CharM_solid_D (DXT1, 2048X2048) - 126 MB total VRAM
[2017.04.17-07.32.01:270][714]LogTexture:Display: Building textures: T_CharM_solid_N (BC5, 2048X2048) - 129 MB total VRAM
[2017.04.17-07.32.01:923][714]LogTexture:Display: Building textures: T_CharM_solid_Mask (AutoDXT, 2048X2048) - 129 MB total VRAM
[2017.04.17-07.32.02:245][714]LogMaterial: Missing cached shader map for material M_Char_Solid, compiling. 
[2017.04.17-07.32.02:250][714]LogTemp:Display: Added material ShaderMap 0x0000023ABF1B0B80 with Material 0x0000023A8EFB5000 to ShaderMapsBeingCompiled
[2017.04.17-07.32.02:289][714]LogTemp:Display: Kicking off shader compilation for M_Char_Solid, GameThreadShaderMap 0x0000023ABF1B0B80
[2017.04.17-07.32.02:450][714]LogTexture:Display: Building textures: T_CharM_Shell_N (BC5, 2048X2048) - 129 MB total VRAM
[2017.04.17-07.32.03:098][714]LogTexture:Display: Building textures: T_CharM_Shell_Mask (DXT1, 2048X2048) - 129 MB total VRAM
[2017.04.17-07.32.03:652][714]LogTexture:Display: Building textures: T_CharM_Shell_D (DXT1, 2048X2048) - 129 MB total VRAM
[2017.04.17-07.32.06:882][714]LogTexture:Display: Building textures: T_CharM_Bladed_D (DXT1, 2048X2048) - 129 MB total VRAM
[2017.04.17-07.32.09:681][714]LogTexture:Display: Building textures: T_CharM_Bladed_MetalMask1 (AutoDXT, 2048X2048) - 132 MB total VRAM
[2017.04.17-07.32.10:245][714]LogTexture:Display: Building textures: T_CharM_Bladed_N (BC5, 2048X2048) - 132 MB total VRAM
[2017.04.17-07.32.10:780][714]LogSlate: Took 0.000325 seconds to synchronously load lazily loaded font '../../../Engine/Content/Slate/Fonts/Roboto-Regular.ttf' (155K)
[2017.04.17-07.32.10:965][714]LogTexture:Display: Building textures: T_CharM_Barbarous_D (DXT1, 2048X2048) - 137 MB total VRAM
[2017.04.17-07.32.14:969][714]LogTexture:Display: Building textures: T_CharM_Barbarous_MetalMask (DXT1, 2048X2048) - 137 MB total VRAM
[2017.04.17-07.32.15:279][714]LogTexture:Display: Building textures: T_CharM_Warrior_JewelMask (AutoDXT, 2048X2048) - 137 MB total VRAM
[2017.04.17-07.32.15:570][714]LogTexture:Display: Building textures: T_CharM_WarriorB_Mask (AutoDXT, 2048X2048) - 137 MB total VRAM
[2017.04.17-07.32.15:999][714]LogTexture:Display: Building textures: T_CharM_Warrior_N (BC5, 2048X2048) - 137 MB total VRAM
[2017.04.17-07.32.16:729][714]LogTexture:Display: Building textures: T_CharM_Warrior_D (DXT1, 2048X2048) - 137 MB total VRAM
[2017.04.17-07.32.20:781][714]LogTexture:Display: Building textures: T_CharM_Robo_N (BC5, 2048X2048) - 137 MB total VRAM
[2017.04.17-07.32.21:564][714]LogTexture:Display: Building textures: T_CharM_Robo_D (AutoDXT, 2048X2048) - 137 MB total VRAM
[2017.04.17-07.32.25:365][714]LogTexture:Display: Building textures: T_CharM_Robo_Mask (AutoDXT, 2048X2048) - 142 MB total VRAM
[2017.04.17-07.32.25:692][714]LogMaterial: Missing cached shader map for material M_Char_Robo, compiling. 
[2017.04.17-07.32.25:694][714]LogTemp:Display: Added material ShaderMap 0x0000023A8FB21D00 with Material 0x0000023A8EF92680 to ShaderMapsBeingCompiled
[2017.04.17-07.32.25:731][714]LogTemp:Display: Kicking off shader compilation for M_Char_Robo, GameThreadShaderMap 0x0000023A8FB21D00
[2017.04.17-07.32.25:886][714]LogTexture:Display: Building textures: T_CharM_Ram_N (BC5, 2048X2048) - 142 MB total VRAM
[2017.04.17-07.32.26:512][714]LogTexture:Display: Building textures: T_CharM_Ram_B_Mask (AutoDXT, 2048X2048) - 142 MB total VRAM
[2017.04.17-07.32.27:025][714]LogTexture:Display: Building textures: T_CharM_Ragged_Elite (DXT1, 2048X2048) - 142 MB total VRAM
[2017.04.17-07.32.31:911][714]LogTexture:Display: Building textures: T_CharM_Ragged_Elite_Mask (AutoDXT, 2048X2048) - 142 MB total VRAM
[2017.04.17-07.32.32:406][714]LogTexture:Display: Building textures: T_CharM_Ragged_N (BC5, 2048X2048) - 142 MB total VRAM
[2017.04.17-07.32.33:022][714]LogMaterial: Missing cached shader map for material M_Char_RaggedElite, compiling. 
[2017.04.17-07.32.33:023][714]LogTemp:Display: Added material ShaderMap 0x0000023ABF514480 with Material 0x0000023A8F785900 to ShaderMapsBeingCompiled
[2017.04.17-07.32.33:082][714]LogTemp:Display: Kicking off shader compilation for M_Char_RaggedElite, GameThreadShaderMap 0x0000023ABF514480
[2017.04.17-07.32.33:251][714]LogTexture:Display: Building textures: T_CharM_Ragged_D (DXT1, 2048X2048) - 148 MB total VRAM
[2017.04.17-07.32.36:125][714]LogTexture:Display: Building textures: CharM_Forge_N (BC5, 2048X2048) - 150 MB total VRAM
[2017.04.17-07.32.36:766][714]LogTexture:Display: Building textures: CharM_Forge_MetalMask (AutoDXT, 2048X2048) - 156 MB total VRAM
[2017.04.17-07.32.37:315][714]LogTexture:Display: Building textures: CharM_Forge_D (DXT1, 2048X2048) - 156 MB total VRAM
[2017.04.17-07.32.40:582][714]LogMaterial: Missing cached shader map for material M_Char_Forge, compiling. 
[2017.04.17-07.32.40:583][714]LogTemp:Display: Added material ShaderMap 0x0000023AB6BC1D00 with Material 0x0000023A8C2F5C00 to ShaderMapsBeingCompiled
[2017.04.17-07.32.40:635][714]LogTemp:Display: Kicking off shader compilation for M_Char_Forge, GameThreadShaderMap 0x0000023AB6BC1D00
[2017.04.17-07.32.40:639][714]LogMaterial: Missing cached shader map for material M_Char_Ragged, compiling. 
[2017.04.17-07.32.40:639][714]LogTemp:Display: Added material ShaderMap 0x0000023AB62B0480 with Material 0x0000023A8F76BA00 to ShaderMapsBeingCompiled
[2017.04.17-07.32.40:670][714]LogTemp:Display: Kicking off shader compilation for M_Char_Ragged, GameThreadShaderMap 0x0000023AB62B0480
[2017.04.17-07.32.40:901][714]LogTexture:Display: Building textures: T_CharM_Natural_N (AutoDXT, 2048X2048) - 158 MB total VRAM
[2017.04.17-07.32.44:356][714]LogTexture:Display: Building textures: T_CharM_Natural_Mask (AutoDXT, 2048X2048) - 161 MB total VRAM
[2017.04.17-07.32.44:833][714]LogTexture:Display: Building textures: T_CharM_Natural_D (DXT1, 2048X2048) - 161 MB total VRAM
[2017.04.17-07.32.47:544][714]LogMaterial: Missing cached shader map for material M_Char_Natural, compiling. 
[2017.04.17-07.32.47:545][714]LogTemp:Display: Added material ShaderMap 0x0000023B0E43E400 with Material 0x0000023A8EC60880 to ShaderMapsBeingCompiled
[2017.04.17-07.32.47:585][714]LogTemp:Display: Kicking off shader compilation for M_Char_Natural, GameThreadShaderMap 0x0000023B0E43E400
[2017.04.17-07.32.47:789][714]LogTexture:Display: Building textures: T_CharM_Horn_D (DXT1, 2048X2048) - 164 MB total VRAM
[2017.04.17-07.32.52:572][714]LogTexture:Display: Building textures: T_CharM_Barbarous_N (BC5, 2048X2048) - 164 MB total VRAM
[2017.04.17-07.32.53:204][714]LogMaterial: Missing cached shader map for material M_Char_Barbrous, compiling. 
[2017.04.17-07.32.53:205][714]LogTemp:Display: Added material ShaderMap 0x0000023AB8DBCB80 with Material 0x0000023A857A8D00 to ShaderMapsBeingCompiled
[2017.04.17-07.32.53:250][714]LogTemp:Display: Kicking off shader compilation for M_Char_Barbrous, GameThreadShaderMap 0x0000023AB8DBCB80
[2017.04.17-07.32.53:262][714]LogTexture:Display: Building textures: HDRI_Epic_Courtyard_Daylight (RGBA16F, 1024X512) - 169 MB total VRAM
[2017.04.17-07.33.00:915][714]LogMaterial: Missing cached shader map for material M_CycRoom_01, compiling. 
[2017.04.17-07.33.00:916][714]LogTemp:Display: Added material ShaderMap 0x0000023B0EC97200 with Material 0x0000023AF140EE00 to ShaderMapsBeingCompiled
[2017.04.17-07.33.00:944][714]LogTemp:Display: Kicking off shader compilation for M_CycRoom_01, GameThreadShaderMap 0x0000023B0EC97200
[2017.04.17-07.33.00:945][714]LogStaticMesh: Building static mesh SM_CycRoom_01...
[2017.04.17-07.33.00:983][714]LogStaticMesh: Built static mesh [0.04s] /Game/InfinityBladeWarriors/Maps/LevelContent/Architecture/SM_CycRoom_01.SM_CycRoom_01
[2017.04.17-07.33.01:002][714]LogStaticMesh: Building static mesh SM_1Meter_01...
[2017.04.17-07.33.01:041][714]LogStaticMesh: Built static mesh [0.04s] /Game/InfinityBladeWarriors/Maps/LevelContent/Architecture/SM_1Meter_01.SM_1Meter_01
[2017.04.17-07.33.01:314][714]LogTexture:Display: Building textures: T_CharM_WarriorB_D (DXT1, 2048X2048) - 185 MB total VRAM
[2017.04.17-07.33.04:882][714]LogMaterial: Missing cached shader map for material M_Char_Warrior_B, compiling. 
[2017.04.17-07.33.04:883][714]LogTemp:Display: Added material ShaderMap 0x0000023B11C56080 with Material 0x0000023AF1423880 to ShaderMapsBeingCompiled
[2017.04.17-07.33.04:913][714]LogTemp:Display: Kicking off shader compilation for M_Char_Warrior_B, GameThreadShaderMap 0x0000023B11C56080
[2017.04.17-07.33.04:972][714]LogTexture:Display: Building textures: T_CharM_Tusk_Mask (AutoDXT, 2048X2048) - 185 MB total VRAM
[2017.04.17-07.33.05:372][714]LogTexture:Display: Building textures: T_CharM_Tusk_E (DXT1, 1024X1024) - 185 MB total VRAM
[2017.04.17-07.33.05:488][714]LogTexture:Display: Building textures: T_CharM_Tusk_N (BC5, 1024X1024) - 185 MB total VRAM
[2017.04.17-07.33.05:836][714]LogTexture:Display: Building textures: T_CharM_Talon_D (DXT1, 2048X2048) - 186 MB total VRAM
[2017.04.17-07.33.10:751][714]LogTexture:Display: Building textures: T_CharM_Tusk_D (DXT1, 2048X2048) - 186 MB total VRAM
[2017.04.17-07.33.15:391][714]LogMaterial: Missing cached shader map for material M_Char_Tusk, compiling. 
[2017.04.17-07.33.15:392][714]LogTemp:Display: Added material ShaderMap 0x0000023B11748480 with Material 0x0000023A8EC59600 to ShaderMapsBeingCompiled
[2017.04.17-07.33.15:422][714]LogTemp:Display: Kicking off shader compilation for M_Char_Tusk, GameThreadShaderMap 0x0000023B11748480
[2017.04.17-07.33.15:451][714]LogTexture:Display: Building textures: T_CharM_Base_D (DXT1, 1024X1024) - 186 MB total VRAM
[2017.04.17-07.33.16:095][714]LogTexture:Display: Building textures: T_CharM_Base_M (AutoDXT, 1024X1024) - 186 MB total VRAM
[2017.04.17-07.33.16:202][714]LogTexture:Display: Building textures: T_CharM_Base_N (BC5, 1024X1024) - 186 MB total VRAM
[2017.04.17-07.33.16:345][714]LogMaterial: Missing cached shader map for material M_CharM_Base, compiling. 
[2017.04.17-07.33.16:346][714]LogTemp:Display: Added material ShaderMap 0x0000023B1944AB00 with Material 0x0000023A8C3B0100 to ShaderMapsBeingCompiled
[2017.04.17-07.33.16:376][714]LogTemp:Display: Kicking off shader compilation for M_CharM_Base, GameThreadShaderMap 0x0000023B1944AB00
[2017.04.17-07.33.16:378][714]LogMaterial: Missing cached shader map for material M_Char_Horn, compiling. 
[2017.04.17-07.33.16:379][714]LogTemp:Display: Added material ShaderMap 0x0000023B18BDD280 with Material 0x0000023A8FA99900 to ShaderMapsBeingCompiled
[2017.04.17-07.33.16:406][714]LogTemp:Display: Kicking off shader compilation for M_Char_Horn, GameThreadShaderMap 0x0000023B18BDD280
[2017.04.17-07.33.16:467][714]LogTexture:Display: Building textures: T_CharM_Standard_Mask (DXT1, 2048X2048) - 186 MB total VRAM
[2017.04.17-07.33.17:016][714]LogTexture:Display: Building textures: T_CharM_Standard_N (BC5, 2048X2048) - 186 MB total VRAM
[2017.04.17-07.33.17:801][714]LogTexture:Display: Building textures: T_CharM_Standard_Elite_D (DXT1, 2048X2048) - 186 MB total VRAM
[2017.04.17-07.33.20:965][714]LogMaterial: Missing cached shader map for material M_Char_Standard_Elite, compiling. 
[2017.04.17-07.33.20:966][714]LogTemp:Display: Added material ShaderMap 0x0000023B12BDBC80 with Material 0x0000023A8C343880 to ShaderMapsBeingCompiled
[2017.04.17-07.33.21:009][714]LogTemp:Display: Kicking off shader compilation for M_Char_Standard_Elite, GameThreadShaderMap 0x0000023B12BDBC80
[2017.04.17-07.33.21:011][714]LogTexture:Display: Building textures: HQ_Lightmap0_1 (AutoDXT, 128X128) - 189 MB total VRAM
[2017.04.17-07.33.21:043][714]LogTexture:Display: Building textures: HQ_Lightmap0_2 (AutoDXT, 1024X1024) - 189 MB total VRAM
[2017.04.17-07.33.21:316][714]LogTexture:Display: Building textures: LQ_Lightmap_0_1 (DXT1, 128X128) - 189 MB total VRAM
[2017.04.17-07.33.21:338][714]LogTexture:Display: Building textures: LQ_Lightmap_0_2 (DXT1, 1024X1024) - 189 MB total VRAM
[2017.04.17-07.33.21:416][714]LogTexture:Display: Building textures: ShadowMapTexture2D_0 (G8, 128X64) - 189 MB total VRAM
[2017.04.17-07.33.21:417][714]LogTexture:Display: Building textures: ShadowMapTexture2D_1 (G8, 1024X512) - 189 MB total VRAM
[2017.04.17-07.33.21:438][714]LogMaterial: Missing cached shader map for material M_Char_Warrior, compiling. 
[2017.04.17-07.33.21:439][714]LogTemp:Display: Added material ShaderMap 0x0000023B1243A400 with Material 0x0000023A928E8400 to ShaderMapsBeingCompiled
[2017.04.17-07.33.21:468][714]LogTemp:Display: Kicking off shader compilation for M_Char_Warrior, GameThreadShaderMap 0x0000023B1243A400
[2017.04.17-07.33.21:636][714]LogTexture:Display: Building textures: T_CharM_Standard_D (DXT1, 2048X2048) - 189 MB total VRAM
[2017.04.17-07.33.24:863][714]LogMaterial: Missing cached shader map for material M_Char_Standard, compiling. 
[2017.04.17-07.33.24:864][714]LogTemp:Display: Added material ShaderMap 0x0000023B174BCB80 with Material 0x0000023AF1436B00 to ShaderMapsBeingCompiled
[2017.04.17-07.33.24:902][714]LogTemp:Display: Kicking off shader compilation for M_Char_Standard, GameThreadShaderMap 0x0000023B174BCB80
[2017.04.17-07.33.25:090][714]LogTexture:Display: Building textures: T_CharM_Ram_B_D (DXT1, 2048X2048) - 189 MB total VRAM
[2017.04.17-07.33.30:381][714]LogMaterial: Missing cached shader map for material M_Char_Ram, compiling. 
[2017.04.17-07.33.30:381][714]LogTemp:Display: Added material ShaderMap 0x0000023B1B023200 with Material 0x0000023A8F356680 to ShaderMapsBeingCompiled
[2017.04.17-07.33.30:414][714]LogTemp:Display: Kicking off shader compilation for M_Char_Ram, GameThreadShaderMap 0x0000023B1B023200
[2017.04.17-07.33.30:417][714]LogMaterial: Missing cached shader map for material M_CharM_Bladed, compiling. 
[2017.04.17-07.33.30:418][714]LogTemp:Display: Added material ShaderMap 0x0000023B1C829D00 with Material 0x0000023A8C3C7400 to ShaderMapsBeingCompiled
[2017.04.17-07.33.30:452][714]LogTemp:Display: Kicking off shader compilation for M_CharM_Bladed, GameThreadShaderMap 0x0000023B1C829D00
[2017.04.17-07.33.30:455][714]LogMaterial: Missing cached shader map for material M_Char_Talon, compiling. 
[2017.04.17-07.33.30:456][714]LogTemp:Display: Added material ShaderMap 0x0000023B1F5E0480 with Material 0x0000023A8FBA9480 to ShaderMapsBeingCompiled
[2017.04.17-07.33.30:485][714]LogTemp:Display: Kicking off shader compilation for M_Char_Talon, GameThreadShaderMap 0x0000023B1F5E0480
[2017.04.17-07.33.30:540][714]LogTexture:Display: Building textures: Char_M_Cardboard_Skin_Mask (AutoDXT, 2048X2048) - 189 MB total VRAM
[2017.04.17-07.33.31:063][714]LogTexture:Display: Building textures: Char_M_Cardboard_N (BC5, 2048X2048) - 189 MB total VRAM
[2017.04.17-07.33.31:870][714]LogTexture:Display: Building textures: Char_M_Cardboard_D (DXT1, 2048X2048) - 189 MB total VRAM
[2017.04.17-07.33.35:240][714]LogMaterial: Missing cached shader map for material M_Char_Cardboard, compiling. 
[2017.04.17-07.33.35:241][714]LogTemp:Display: Added material ShaderMap 0x0000023B1FDCEB00 with Material 0x0000023A8C328580 to ShaderMapsBeingCompiled
[2017.04.17-07.33.35:271][714]LogTemp:Display: Kicking off shader compilation for M_Char_Cardboard, GameThreadShaderMap 0x0000023B1FDCEB00
[2017.04.17-07.33.35:282][714]LogMaterial: Missing cached shader map for material M_Char_Shell, compiling. 
[2017.04.17-07.33.35:283][714]LogTemp:Display: Added material ShaderMap 0x0000023B20631280 with Material 0x0000023A8EED2680 to ShaderMapsBeingCompiled
[2017.04.17-07.33.35:315][714]LogTemp:Display: Kicking off shader compilation for M_Char_Shell, GameThreadShaderMap 0x0000023B20631280
[2017.04.17-07.33.35:318][714]LogMaterial: Missing cached shader map for material M_CycWall_01, compiling. 
[2017.04.17-07.33.35:319][714]LogTemp:Display: Added material ShaderMap 0x0000023B19D1BC80 with Material 0x0000023A91D81480 to ShaderMapsBeingCompiled
[2017.04.17-07.33.35:337][714]LogTemp:Display: Kicking off shader compilation for M_CycWall_01, GameThreadShaderMap 0x0000023B19D1BC80
[2017.04.17-07.33.35:475][714]LogTexture:Display: Building textures: T_CharM_Golden_N (BC5, 2048X2048) - 189 MB total VRAM
[2017.04.17-07.33.36:124][714]LogTexture:Display: Building textures: T_CharM_Golden_Mask (AutoDXT, 2048X2048) - 189 MB total VRAM
[2017.04.17-07.33.36:738][714]LogTexture:Display: Building textures: T_CharM_Golden_D (DXT1, 2048X2048) - 189 MB total VRAM
[2017.04.17-07.33.39:537][714]LogMaterial: Missing cached shader map for material M_Char_Golden, compiling. 
[2017.04.17-07.33.39:538][714]LogTemp:Display: Added material ShaderMap 0x0000023B19B98F00 with Material 0x0000023A8EE49C00 to ShaderMapsBeingCompiled
[2017.04.17-07.33.39:588][714]LogTemp:Display: Kicking off shader compilation for M_Char_Golden, GameThreadShaderMap 0x0000023B19B98F00
[2017.04.17-07.33.39:755][714]LogTexture:Display: Building textures: T_Char_M_FrostGiant_N (BC5, 2048X2048) - 192 MB total VRAM
[2017.04.17-07.33.40:396][714]LogTexture:Display: Building textures: T_Char_M_FrostGiant_MaterialMask (AutoDXT, 2048X2048) - 192 MB total VRAM
[2017.04.17-07.33.40:785][714]LogTexture:Display: Building textures: T_Char_M_FrostGiant_Masks (AutoDXT, 2048X2048) - 192 MB total VRAM
[2017.04.17-07.33.41:324][714]LogTexture:Display: Building textures: T_Char_M_FrostGiant_D (DXT1, 2048X2048) - 192 MB total VRAM
[2017.04.17-07.33.46:238][714]LogMaterial: Missing cached shader map for material M_Char_FrostGiant, compiling. 
[2017.04.17-07.33.46:239][714]LogTemp:Display: Added material ShaderMap 0x0000023B1A387C80 with Material 0x0000023A8C2F1900 to ShaderMapsBeingCompiled
[2017.04.17-07.33.46:292][714]LogTemp:Display: Kicking off shader compilation for M_Char_FrostGiant, GameThreadShaderMap 0x0000023B1A387C80
[2017.04.17-07.33.46:294][714]LogAIModule: Creating AISystem for world Overview
[2017.04.17-07.33.46:294][714]LogActorComponent: RegisterComponentWithWorld: (/Game/InfinityBladeWarriors/Maps/Overview.Overview:PersistentLevel.WorldSettings_1.StaticMeshComponent0) Trying to register component with IsPendingKill() == true. Aborting.
[2017.04.17-07.33.46:338][714]Cmd: MAP LOAD FILE="X:/Aratim/Documents/GitHub/ProjetInfoSolo/IsekaiLife 4.15/Content/InfinityBladeWarriors/Maps/Overview.umap" TEMPLATE=0 SHOWPROGRESS=1 FEATURELEVEL=3
[2017.04.17-07.33.46:338][714]LightingResults: New page: Lighting Build
[2017.04.17-07.33.46:339][714]LoadErrors: New page: Loading map: Overview.umap
[2017.04.17-07.33.46:340][714]MapCheck: New page: Map Check
[2017.04.17-07.33.46:341][714]LightingResults: New page: Lighting Build
[2017.04.17-07.33.46:386][714]LogTemp:Display: Finished compile of shader map 0x0000023ABF1B0B80
[2017.04.17-07.33.46:386][714]LogTemp:Display: Shader map M_Char_Solid complete, GameThreadShaderMap 0x0000023ABF1B0B80, marking material M_Char_Solid as finished
[2017.04.17-07.33.46:386][714]LogTemp:Display: Marking material as finished 0x0000023A8EFB5000
[2017.04.17-07.33.46:399][714]LogTemp:Display: Finished compile of shader map 0x0000023A8FB21D00
[2017.04.17-07.33.46:399][714]LogTemp:Display: Shader map M_Char_Robo complete, GameThreadShaderMap 0x0000023A8FB21D00, marking material M_Char_Robo as finished
[2017.04.17-07.33.46:399][714]LogTemp:Display: Marking material as finished 0x0000023A8EF92680
[2017.04.17-07.33.46:416][714]LogTemp:Display: Finished compile of shader map 0x0000023ABF514480
[2017.04.17-07.33.46:416][714]LogTemp:Display: Shader map M_Char_RaggedElite complete, GameThreadShaderMap 0x0000023ABF514480, marking material M_Char_RaggedElite as finished
[2017.04.17-07.33.46:416][714]LogTemp:Display: Marking material as finished 0x0000023A8F785900
[2017.04.17-07.33.46:427][714]LogTemp:Display: Finished compile of shader map 0x0000023AB6BC1D00
[2017.04.17-07.33.46:427][714]LogTemp:Display: Shader map M_Char_Forge complete, GameThreadShaderMap 0x0000023AB6BC1D00, marking material M_Char_Forge as finished
[2017.04.17-07.33.46:427][714]LogTemp:Display: Marking material as finished 0x0000023A8C2F5C00
[2017.04.17-07.33.46:440][714]LogTemp:Display: Finished compile of shader map 0x0000023AB62B0480
[2017.04.17-07.33.46:440][714]LogTemp:Display: Shader map M_Char_Ragged complete, GameThreadShaderMap 0x0000023AB62B0480, marking material M_Char_Ragged as finished
[2017.04.17-07.33.46:440][714]LogTemp:Display: Marking material as finished 0x0000023A8F76BA00
[2017.04.17-07.33.46:452][714]LogTemp:Display: Finished compile of shader map 0x0000023B0E43E400
[2017.04.17-07.33.46:452][714]LogTemp:Display: Shader map M_Char_Natural complete, GameThreadShaderMap 0x0000023B0E43E400, marking material M_Char_Natural as finished
[2017.04.17-07.33.46:452][714]LogTemp:Display: Marking material as finished 0x0000023A8EC60880
[2017.04.17-07.33.46:463][714]LogTemp:Display: Finished compile of shader map 0x0000023AB8DBCB80
[2017.04.17-07.33.46:463][714]LogTemp:Display: Shader map M_Char_Barbrous complete, GameThreadShaderMap 0x0000023AB8DBCB80, marking material M_Char_Barbrous as finished
[2017.04.17-07.33.46:463][714]LogTemp:Display: Marking material as finished 0x0000023A857A8D00
[2017.04.17-07.33.46:474][714]LogTemp:Display: Finished compile of shader map 0x0000023B0EC97200
[2017.04.17-07.33.46:474][714]LogTemp:Display: Shader map M_CycRoom_01 complete, GameThreadShaderMap 0x0000023B0EC97200, marking material M_CycRoom_01 as finished
[2017.04.17-07.33.46:474][714]LogTemp:Display: Marking material as finished 0x0000023AF140EE00
[2017.04.17-07.33.46:486][714]LogTemp:Display: Finished compile of shader map 0x0000023B11C56080
[2017.04.17-07.33.46:486][714]LogTemp:Display: Shader map M_Char_Warrior_B complete, GameThreadShaderMap 0x0000023B11C56080, marking material M_Char_Warrior_B as finished
[2017.04.17-07.33.46:486][714]LogTemp:Display: Marking material as finished 0x0000023AF1423880
[2017.04.17-07.33.46:498][714]LogTemp:Display: Finished compile of shader map 0x0000023B11748480
[2017.04.17-07.33.46:498][714]LogTemp:Display: Shader map M_Char_Tusk complete, GameThreadShaderMap 0x0000023B11748480, marking material M_Char_Tusk as finished
[2017.04.17-07.33.46:498][714]LogTemp:Display: Marking material as finished 0x0000023A8EC59600
[2017.04.17-07.33.46:508][714]LogTemp:Display: Finished compile of shader map 0x0000023B1944AB00
[2017.04.17-07.33.46:508][714]LogTemp:Display: Shader map M_CharM_Base complete, GameThreadShaderMap 0x0000023B1944AB00, marking material M_CharM_Base as finished
[2017.04.17-07.33.46:508][714]LogTemp:Display: Marking material as finished 0x0000023A8C3B0100
[2017.04.17-07.33.46:529][714]LogEditorServer: Finished looking for orphan Actors (0.000 secs)
[2017.04.17-07.33.46:557][714]Cmd: MAP CHECKDEP NOCLEARLOG
[2017.04.17-07.33.46:628][714]MapCheck: Info Map check complete: 0 Error(s), 0 Warning(s), took 70.631ms to complete.
[2017.04.17-07.33.46:628][714]LogFileHelpers: Loading map 'Overview' took 0.294
[2017.04.17-07.33.50:430][726]LogTemp:Display: Finished compile of shader map 0x0000023B18BDD280
[2017.04.17-07.33.50:430][726]LogTemp:Display: Shader map M_Char_Horn complete, GameThreadShaderMap 0x0000023B18BDD280, marking material M_Char_Horn as finished
[2017.04.17-07.33.50:430][726]LogTemp:Display: Marking material as finished 0x0000023A8FA99900
[2017.04.17-07.33.55:733][742]LogTemp:Display: Finished compile of shader map 0x0000023B12BDBC80
[2017.04.17-07.33.55:733][742]LogTemp:Display: Shader map M_Char_Standard_Elite complete, GameThreadShaderMap 0x0000023B12BDBC80, marking material M_Char_Standard_Elite as finished
[2017.04.17-07.33.55:733][742]LogTemp:Display: Marking material as finished 0x0000023A8C343880
[2017.04.17-07.34.01:076][758]LogTemp:Display: Finished compile of shader map 0x0000023B1243A400
[2017.04.17-07.34.01:076][758]LogTemp:Display: Shader map M_Char_Warrior complete, GameThreadShaderMap 0x0000023B1243A400, marking material M_Char_Warrior as finished
[2017.04.17-07.34.01:076][758]LogTemp:Display: Marking material as finished 0x0000023A928E8400
[2017.04.17-07.34.04:746][769]LogTemp:Display: Finished compile of shader map 0x0000023B174BCB80
[2017.04.17-07.34.04:746][769]LogTemp:Display: Shader map M_Char_Standard complete, GameThreadShaderMap 0x0000023B174BCB80, marking material M_Char_Standard as finished
[2017.04.17-07.34.04:746][769]LogTemp:Display: Marking material as finished 0x0000023AF1436B00
[2017.04.17-07.34.09:088][782]LogTemp:Display: Finished compile of shader map 0x0000023B1B023200
[2017.04.17-07.34.09:088][782]LogTemp:Display: Shader map M_Char_Ram complete, GameThreadShaderMap 0x0000023B1B023200, marking material M_Char_Ram as finished
[2017.04.17-07.34.09:088][782]LogTemp:Display: Marking material as finished 0x0000023A8F356680
[2017.04.17-07.34.13:093][794]LogTemp:Display: Finished compile of shader map 0x0000023B1C829D00
[2017.04.17-07.34.13:093][794]LogTemp:Display: Shader map M_CharM_Bladed complete, GameThreadShaderMap 0x0000023B1C829D00, marking material M_CharM_Bladed as finished
[2017.04.17-07.34.13:093][794]LogTemp:Display: Marking material as finished 0x0000023A8C3C7400
[2017.04.17-07.34.13:427][795]LogSlate: Took 0.000304 seconds to synchronously load lazily loaded font '../../../Engine/Content/Slate/Fonts/Roboto-Light.ttf' (159K)
[2017.04.17-07.34.17:336][997]LogEditorViewport: Clicking on Actor (LMB): StaticMeshActor (SM_AssetPlatform2)
[2017.04.17-07.34.17:493][997]LogTemp:Display: Finished compile of shader map 0x0000023B1F5E0480
[2017.04.17-07.34.17:493][997]LogTemp:Display: Shader map M_Char_Talon complete, GameThreadShaderMap 0x0000023B1F5E0480, marking material M_Char_Talon as finished
[2017.04.17-07.34.17:493][997]LogTemp:Display: Marking material as finished 0x0000023A8FBA9480
[2017.04.17-07.34.19:420][193]LogEditorViewport: Clicking on Actor (LMB): StaticMeshActor (SM_AssetPlatform2)
[2017.04.17-07.34.25:001][779]LogTemp:Display: Finished compile of shader map 0x0000023B1FDCEB00
[2017.04.17-07.34.25:001][779]LogTemp:Display: Shader map M_Char_Cardboard complete, GameThreadShaderMap 0x0000023B1FDCEB00, marking material M_Char_Cardboard as finished
[2017.04.17-07.34.25:001][779]LogTemp:Display: Marking material as finished 0x0000023A8C328580
[2017.04.17-07.34.32:578][523]LogTemp:Display: Finished compile of shader map 0x0000023B20631280
[2017.04.17-07.34.32:578][523]LogTemp:Display: Shader map M_Char_Shell complete, GameThreadShaderMap 0x0000023B20631280, marking material M_Char_Shell as finished
[2017.04.17-07.34.32:578][523]LogTemp:Display: Marking material as finished 0x0000023A8EED2680
[2017.04.17-07.34.33:824][525]LogTemp:Display: Finished compile of shader map 0x0000023B19D1BC80
[2017.04.17-07.34.33:824][525]LogTemp:Display: Shader map M_CycWall_01 complete, GameThreadShaderMap 0x0000023B19D1BC80, marking material M_CycWall_01 as finished
[2017.04.17-07.34.33:824][525]LogTemp:Display: Marking material as finished 0x0000023A91D81480
[2017.04.17-07.34.41:455][308]LogTemp:Display: Finished compile of shader map 0x0000023B19B98F00
[2017.04.17-07.34.41:455][308]LogTemp:Display: Shader map M_Char_Golden complete, GameThreadShaderMap 0x0000023B19B98F00, marking material M_Char_Golden as finished
[2017.04.17-07.34.41:455][308]LogTemp:Display: Marking material as finished 0x0000023A8EE49C00
[2017.04.17-07.34.46:479][715]LogTemp:Display: Finished compile of shader map 0x0000023B1A387C80
[2017.04.17-07.34.46:479][715]LogTemp:Display: Shader map M_Char_FrostGiant complete, GameThreadShaderMap 0x0000023B1A387C80, marking material M_Char_FrostGiant as finished
[2017.04.17-07.34.46:479][715]LogTemp:Display: Marking material as finished 0x0000023A8C2F1900
[2017.04.17-07.34.47:230][803]Cmd: SELECT NONE
[2017.04.17-07.35.28:451][711]Cmd: QUIT_EDITOR
[2017.04.17-07.35.28:616][711]LogWindowsTextInputMethodSystem:Display: IME system now deactivated.
[2017.04.17-07.35.28:690][711]LogExit: Preparing to exit.
[2017.04.17-07.35.29:489][711]LogExit: Editor shut down
[2017.04.17-07.35.29:489][711]LogExit: Transaction tracking system shut down
[2017.04.17-07.35.29:629][711]LogObj: Freed 0b from 0 cluster array pools.
[2017.04.17-07.35.29:630][711]LogExit: Object subsystem successfully closed.
[2017.04.17-07.35.29:645][711]LogD3D11RHI: Shutdown
[2017.04.17-07.35.29:645][711]LogD3D11RHI: CleanupD3DDevice
[2017.04.17-07.35.29:745][711]LogD3D11RHI: ~FD3D11DynamicRHI
[2017.04.17-07.35.29:774][711]LogModuleManager: Shutting down and abandoning module MovieSceneCapture (500)
[2017.04.17-07.35.29:775][711]LogModuleManager: Shutting down and abandoning module HierarchicalLODOutliner (498)
[2017.04.17-07.35.29:775][711]LogModuleManager: Shutting down and abandoning module CrashTracker (496)
[2017.04.17-07.35.29:775][711]LogModuleManager: Shutting down and abandoning module SceneOutliner (494)
[2017.04.17-07.35.29:775][711]LogModuleManager: Shutting down and abandoning module AddContentDialog (492)
[2017.04.17-07.35.29:775][711]LogDirectoryWatcher: A directory notification for 'C:/Program Files/Epic Games/UE_4.15/FeaturePacks/' was aborted.
[2017.04.17-07.35.29:781][711]LogModuleManager: Shutting down and abandoning module WidgetCarousel (491)
[2017.04.17-07.35.29:781][711]LogModuleManager: Shutting down and abandoning module EditorWidgets (488)
[2017.04.17-07.35.29:781][711]LogModuleManager: Shutting down and abandoning module CollectionManager (486)
[2017.04.17-07.35.29:782][711]LogDirectoryWatcher: A directory notification for 'X:/Aratim/Documents/GitHub/ProjetInfoSolo/IsekaiLife 4.15/Content/Collections/' was aborted.
[2017.04.17-07.35.29:782][711]LogDirectoryWatcher: A directory notification for 'X:/Aratim/Documents/GitHub/ProjetInfoSolo/IsekaiLife 4.15/Content/Developers/Aratim/Collections/' was aborted.
[2017.04.17-07.35.29:782][711]LogDirectoryWatcher: A directory notification for 'X:/Aratim/Documents/GitHub/ProjetInfoSolo/IsekaiLife 4.15/Saved/Collections/' was aborted.
[2017.04.17-07.35.29:782][711]LogModuleManager: Shutting down and abandoning module StatsViewer (484)
[2017.04.17-07.35.29:782][711]LogModuleManager: Shutting down and abandoning module FoliageEdit (482)
[2017.04.17-07.35.29:782][711]LogModuleManager: Shutting down and abandoning module LandscapeEditor (480)
[2017.04.17-07.35.29:783][711]LogModuleManager: Shutting down and abandoning module SceneDepthPickerMode (478)
[2017.04.17-07.35.29:783][711]LogModuleManager: Shutting down and abandoning module ActorPickerMode (476)
[2017.04.17-07.35.29:783][711]LogModuleManager: Shutting down and abandoning module GeometryMode (474)
[2017.04.17-07.35.29:783][711]LogModuleManager: Shutting down and abandoning module TextureAlignMode (472)
[2017.04.17-07.35.29:783][711]LogModuleManager: Shutting down and abandoning module BspMode (470)
[2017.04.17-07.35.29:783][711]LogModuleManager: Shutting down and abandoning module HardwareSurvey (468)
[2017.04.17-07.35.29:783][711]LogModuleManager: Shutting down and abandoning module SequenceRecorderSections (466)
[2017.04.17-07.35.29:783][711]LogModuleManager: Shutting down and abandoning module AutomationWorker (464)
[2017.04.17-07.35.29:783][711]LogModuleManager: Shutting down and abandoning module MatineeToLevelSequence (462)
[2017.04.17-07.35.29:784][711]LogModuleManager: Shutting down and abandoning module LevelSequenceEditor (460)
[2017.04.17-07.35.29:786][711]LogModuleManager: Shutting down and abandoning module PlacementMode (459)
[2017.04.17-07.35.29:786][711]LogModuleManager: Shutting down and abandoning module WmfMediaFactory (456)
[2017.04.17-07.35.29:786][711]LogModuleManager: Shutting down and abandoning module WmfMediaEditor (454)
[2017.04.17-07.35.29:786][711]LogModuleManager: Shutting down and abandoning module MfMediaFactory (452)
[2017.04.17-07.35.29:786][711]LogModuleManager: Shutting down and abandoning module MfMediaEditor (450)
[2017.04.17-07.35.29:786][711]LogModuleManager: Shutting down and abandoning module AvfMediaFactory (448)
[2017.04.17-07.35.29:786][711]LogModuleManager: Shutting down and abandoning module AvfMediaEditor (446)
[2017.04.17-07.35.29:786][711]LogModuleManager: Shutting down and abandoning module AndroidMediaFactory (444)
[2017.04.17-07.35.29:786][711]LogModuleManager: Shutting down and abandoning module Media (443)
[2017.04.17-07.35.29:786][711]LogModuleManager: Shutting down and abandoning module AndroidMediaEditor (440)
[2017.04.17-07.35.29:786][711]LogModuleManager: Shutting down and abandoning module CharacterAI (438)
[2017.04.17-07.35.29:786][711]LogModuleManager: Shutting down and abandoning module AudioCapture (436)
[2017.04.17-07.35.29:786][711]LogModuleManager: Shutting down and abandoning module SequenceRecorder (435)
[2017.04.17-07.35.29:786][711]LogModuleManager: Shutting down and abandoning module SmartSnapping (432)
[2017.04.17-07.35.29:786][711]LogModuleManager: Shutting down and abandoning module SessionServices (430)
[2017.04.17-07.35.29:786][711]LogModuleManager: Shutting down and abandoning module ViewportSnapping (428)
[2017.04.17-07.35.29:786][711]LogModuleManager: Shutting down and abandoning module ViewportInteraction (426)
[2017.04.17-07.35.29:786][711]LogModuleManager: Shutting down and abandoning module LogVisualizer (424)
[2017.04.17-07.35.29:788][711]LogModuleManager: Shutting down and abandoning module IntroTutorials (422)
[2017.04.17-07.35.29:789][711]LogModuleManager: Shutting down and abandoning module GameProjectGeneration (421)
[2017.04.17-07.35.29:789][711]LogModuleManager: Shutting down and abandoning module EditorLiveStreaming (418)
[2017.04.17-07.35.29:789][711]LogModuleManager: Shutting down and abandoning module IOSPlatformEditor (416)
[2017.04.17-07.35.29:789][711]LogModuleManager: Shutting down and abandoning module HTML5PlatformEditor (414)
[2017.04.17-07.35.29:789][711]LogModuleManager: Shutting down and abandoning module AndroidPlatformEditor (412)
[2017.04.17-07.35.29:789][711]LogModuleManager: Shutting down and abandoning module AndroidDeviceDetection (411)
[2017.04.17-07.35.30:158][711]LogModuleManager: Shutting down and abandoning module IOSRuntimeSettings (408)
[2017.04.17-07.35.30:158][711]LogModuleManager: Shutting down and abandoning module AndroidRuntimeSettings (406)
[2017.04.17-07.35.30:158][711]LogModuleManager: Shutting down and abandoning module InputBindingEditor (404)
[2017.04.17-07.35.30:163][711]LogModuleManager: Shutting down and abandoning module NiagaraEditor (402)
[2017.04.17-07.35.30:165][711]LogModuleManager: Shutting down and abandoning module MergeActors (400)
[2017.04.17-07.35.30:166][711]LogModuleManager: Shutting down and abandoning module SizeMap (398)
[2017.04.17-07.35.30:166][711]LogModuleManager: Shutting down and abandoning module TreeMap (396)
[2017.04.17-07.35.30:167][711]LogModuleManager: Shutting down and abandoning module ReferenceViewer (394)
[2017.04.17-07.35.30:167][711]LogModuleManager: Shutting down and abandoning module LocalizationDashboard (392)
[2017.04.17-07.35.30:167][711]LogModuleManager: Shutting down and abandoning module LocalizationService (391)
[2017.04.17-07.35.30:168][711]LogModuleManager: Shutting down and abandoning module HardwareTargeting (388)
[2017.04.17-07.35.30:168][711]LogModuleManager: Shutting down and abandoning module DeviceProfileEditor (386)
[2017.04.17-07.35.30:169][711]LogModuleManager: Shutting down and abandoning module UndoHistory (384)
[2017.04.17-07.35.30:169][711]LogModuleManager: Shutting down and abandoning module UserFeedback (382)
[2017.04.17-07.35.30:169][711]LogModuleManager: Shutting down and abandoning module XmlParser (380)
[2017.04.17-07.35.30:169][711]LogModuleManager: Shutting down and abandoning module Blutility (378)
[2017.04.17-07.35.30:169][711]LogModuleManager: Shutting down and abandoning module ProjectSettingsViewer (376)
[2017.04.17-07.35.30:169][711]LogModuleManager: Shutting down and abandoning module ProjectTargetPlatformEditor (375)
[2017.04.17-07.35.30:169][711]LogModuleManager: Shutting down and abandoning module EditorSettingsViewer (372)
[2017.04.17-07.35.30:169][711]LogModuleManager: Shutting down and abandoning module SettingsEditor (370)
[2017.04.17-07.35.30:171][711]LogModuleManager: Shutting down and abandoning module ProjectLauncher (368)
[2017.04.17-07.35.30:172][711]LogModuleManager: Shutting down and abandoning module SessionFrontend (366)
[2017.04.17-07.35.30:173][711]LogModuleManager: Shutting down and abandoning module ProfilerClient (364)
[2017.04.17-07.35.30:174][711]LogModuleManager: Shutting down and abandoning module DeviceManager (362)
[2017.04.17-07.35.30:175][711]LogModuleManager: Shutting down and abandoning module TargetDeviceServices (361)
[2017.04.17-07.35.30:217][711]LogModuleManager: Shutting down and abandoning module AutomationController (358)
[2017.04.17-07.35.30:218][711]LogModuleManager: Shutting down and abandoning module AutomationWindow (356)
[2017.04.17-07.35.30:219][711]LogModuleManager: Shutting down and abandoning module Layers (354)
[2017.04.17-07.35.30:222][711]LogModuleManager: Shutting down and abandoning module ComponentVisualizers (352)
[2017.04.17-07.35.30:222][711]LogModuleManager: Shutting down and abandoning module DetailCustomizations (350)
[2017.04.17-07.35.30:222][711]LogModuleManager: Shutting down and abandoning module PackagesDialog (348)
[2017.04.17-07.35.30:223][711]LogModuleManager: Shutting down and abandoning module Persona (346)
[2017.04.17-07.35.30:224][711]LogModuleManager: Shutting down and abandoning module AnimGraph (345)
[2017.04.17-07.35.30:224][711]LogModuleManager: Shutting down and abandoning module Kismet (342)
[2017.04.17-07.35.30:232][711]LogModuleManager: Shutting down and abandoning module GraphEditor (340)
[2017.04.17-07.35.30:232][711]LogModuleManager: Shutting down and abandoning module ClassViewer (338)
[2017.04.17-07.35.30:232][711]LogModuleManager: Shutting down and abandoning module Toolbox (336)
[2017.04.17-07.35.30:232][711]LogModuleManager: Shutting down and abandoning module ModuleUI (334)
[2017.04.17-07.35.30:234][711]LogModuleManager: Shutting down and abandoning module MovieSceneTools (332)
[2017.04.17-07.35.30:234][711]LogModuleManager: Shutting down and abandoning module OutputLog (330)
[2017.04.17-07.35.30:234][711]LogModuleManager: Shutting down and abandoning module GammaUI (328)
[2017.04.17-07.35.30:235][711]LogModuleManager: Shutting down and abandoning module Documentation (326)
[2017.04.17-07.35.30:235][711]LogModuleManager: Shutting down and abandoning module Niagara (324)
[2017.04.17-07.35.30:235][711]LogModuleManager: Shutting down and abandoning module StreamingPauseRendering (322)
[2017.04.17-07.35.30:235][711]LogModuleManager: Shutting down and abandoning module AnalyticsET (320)
[2017.04.17-07.35.30:235][711]LogModuleManager: Shutting down and abandoning module PortalServices (318)
[2017.04.17-07.35.30:235][711]LogModuleManager: Shutting down and abandoning module PortalRpc (316)
[2017.04.17-07.35.30:235][711]LogModuleManager: Shutting down and abandoning module MessagingRpc (314)
[2017.04.17-07.35.30:235][711]LogModuleManager: Shutting down and abandoning module AIModule (312)
[2017.04.17-07.35.30:235][711]LogModuleManager: Shutting down and abandoning module GameplayDebugger (311)
[2017.04.17-07.35.30:235][711]LogModuleManager: Shutting down and abandoning module AITestSuite (309)
[2017.04.17-07.35.30:235][711]LogModuleManager: Shutting down and abandoning module ProfilerService (306)
[2017.04.17-07.35.30:250][711]LogModuleManager: Shutting down and abandoning module TaskGraph (304)
[2017.04.17-07.35.30:253][711]LogModuleManager: Shutting down and abandoning module SteamVRController (302)
[2017.04.17-07.35.30:253][711]LogModuleManager: Shutting down and abandoning module SteamVR (300)
[2017.04.17-07.35.30:253][711]LogModuleManager: Shutting down and abandoning module ProceduralMeshComponentEditor (298)
[2017.04.17-07.35.30:253][711]LogModuleManager: Shutting down and abandoning module ProceduralMeshComponent (296)
[2017.04.17-07.35.30:253][711]LogModuleManager: Shutting down and abandoning module OculusLibrary (294)
[2017.04.17-07.35.30:253][711]LogModuleManager: Shutting down and abandoning module OculusInput (292)
[2017.04.17-07.35.30:253][711]LogModuleManager: Shutting down and abandoning module MobilePatchingUtils (290)
[2017.04.17-07.35.30:253][711]LogModuleManager: Shutting down and abandoning module CustomMeshComponent (288)
[2017.04.17-07.35.30:253][711]LogModuleManager: Shutting down and abandoning module CableComponent (286)
[2017.04.17-07.35.30:254][711]LogModuleManager: Shutting down and abandoning module ArchVisCharacter (284)
[2017.04.17-07.35.30:254][711]LogModuleManager: Shutting down and abandoning module MediaPlayerEditor (280)
[2017.04.17-07.35.30:257][711]LogModuleManager: Shutting down and abandoning module HTML5Networking (278)
[2017.04.17-07.35.30:257][711]LogModuleManager: Shutting down and abandoning module AlembicImporter (276)
[2017.04.17-07.35.30:257][711]LogModuleManager: Shutting down and abandoning module AlembicLibrary (275)
[2017.04.17-07.35.30:257][711]LogModuleManager: Shutting down and abandoning module GeometryCache (274)
[2017.04.17-07.35.30:257][711]LogModuleManager: Shutting down and abandoning module GeometryCacheEd (273)
[2017.04.17-07.35.30:257][711]LogModuleManager: Shutting down and abandoning module SuperSearchEditor (268)
[2017.04.17-07.35.30:258][711]LogModuleManager: Shutting down and abandoning module SuperSearch (267)
[2017.04.17-07.35.30:258][711]LogModuleManager: Shutting down and abandoning module SpeedTreeImporter (264)
[2017.04.17-07.35.30:258][711]LogModuleManager: Shutting down and abandoning module PluginBrowser (262)
[2017.04.17-07.35.30:261][711]LogModuleManager: Shutting down and abandoning module MobileLauncherProfileWizard (260)
[2017.04.17-07.35.30:263][711]LogModuleManager: Shutting down and abandoning module EpicSurvey (258)
[2017.04.17-07.35.30:263][711]LogModuleManager: Shutting down and abandoning module VisualStudioSourceCodeAccess (256)
[2017.04.17-07.35.30:263][711]LogModuleManager: Shutting down and abandoning module DesktopPlatform (255)
[2017.04.17-07.35.30:263][711]LogModuleManager: Shutting down and abandoning module UObjectPlugin (252)
[2017.04.17-07.35.30:263][711]LogModuleManager: Shutting down and abandoning module SubversionSourceControl (250)
[2017.04.17-07.35.30:264][711]LogModuleManager: Shutting down and abandoning module PerforceSourceControl (248)
[2017.04.17-07.35.30:266][711]LogModuleManager: Shutting down and abandoning module GitSourceControl (246)
[2017.04.17-07.35.30:266][711]LogModuleManager: Shutting down and abandoning module SourceControl (245)
[2017.04.17-07.35.30:267][711]LogModuleManager: Shutting down and abandoning module LightPropagationVolumeEditor (242)
[2017.04.17-07.35.30:267][711]LogModuleManager: Shutting down and abandoning module PaperTiledImporter (240)
[2017.04.17-07.35.30:267][711]LogModuleManager: Shutting down and abandoning module PaperSpriteSheetImporter (238)
[2017.04.17-07.35.30:267][711]LogModuleManager: Shutting down and abandoning module Paper2DEditor (236)
[2017.04.17-07.35.30:268][711]LogModuleManager: Shutting down and abandoning module MeshPaint (235)
[2017.04.17-07.35.30:269][711]LogModuleManager: Shutting down and abandoning module LevelEditor (233)
[2017.04.17-07.35.30:271][711]LogModuleManager: Shutting down and abandoning module PixelInspectorModule (232)
[2017.04.17-07.35.30:272][711]LogModuleManager: Shutting down and abandoning module MainFrame (230)
[2017.04.17-07.35.30:272][711]LogModuleManager: Shutting down and abandoning module HotReload (229)
[2017.04.17-07.35.30:273][711]LogModuleManager: Shutting down and abandoning module ContentBrowser (225)
[2017.04.17-07.35.30:276][711]LogModuleManager: Shutting down and abandoning module PhysXVehiclesEditor (222)
[2017.04.17-07.35.30:277][711]LogModuleManager: Shutting down and abandoning module PhysXVehicles (220)
[2017.04.17-07.35.30:277][711]LogModuleManager: Shutting down and abandoning module LocationServicesBPLibrary (218)
[2017.04.17-07.35.30:277][711]LogModuleManager: Shutting down and abandoning module UdpMessaging (216)
[2017.04.17-07.35.30:379][711]LogModuleManager: Shutting down and abandoning module TcpMessaging (214)
[2017.04.17-07.35.30:480][711]LogModuleManager: Shutting down and abandoning module GameplayTagsEditor (212)
[2017.04.17-07.35.30:481][711]LogModuleManager: Shutting down and abandoning module FacialAnimationEditor (210)
[2017.04.17-07.35.30:482][711]LogModuleManager: Shutting down and abandoning module FacialAnimation (208)
[2017.04.17-07.35.30:482][711]LogModuleManager: Shutting down and abandoning module LightPropagationVolumeRuntime (206)
[2017.04.17-07.35.30:482][711]LogModuleManager: Shutting down and abandoning module Paper2D (204)
[2017.04.17-07.35.30:482][711]LogModuleManager: Shutting down and abandoning module WindowsMoviePlayer (202)
[2017.04.17-07.35.30:483][711]LogModuleManager: Shutting down and abandoning module WmfMedia (200)
[2017.04.17-07.35.30:484][711]LogModuleManager: Shutting down and abandoning module MfMedia (198)
[2017.04.17-07.35.30:484][711]LogModuleManager: Shutting down and abandoning module MediaAssets (196)
[2017.04.17-07.35.30:484][711]LogModuleManager: Shutting down and abandoning module GameLiveStreaming (194)
[2017.04.17-07.35.30:484][711]LogModuleManager: Shutting down and abandoning module VREditor (192)
[2017.04.17-07.35.30:484][711]LogModuleManager: Shutting down and abandoning module GameplayTasksEditor (190)
[2017.04.17-07.35.30:484][711]LogModuleManager: Shutting down and abandoning module BehaviorTreeEditor (188)
[2017.04.17-07.35.30:487][711]LogModuleManager: Shutting down and abandoning module FunctionalTesting (186)
[2017.04.17-07.35.30:487][711]LogModuleManager: Shutting down and abandoning module CollisionAnalyzer (184)
[2017.04.17-07.35.30:488][711]LogModuleManager: Shutting down and abandoning module UMG (182)
[2017.04.17-07.35.30:489][711]LogModuleManager: Shutting down and abandoning module UMGEditor (181)
[2017.04.17-07.35.30:489][711]LogModuleManager: Shutting down and abandoning module Sequencer (180)
[2017.04.17-07.35.30:489][711]LogModuleManager: Shutting down and abandoning module AssetTools (178)
[2017.04.17-07.35.30:492][711]LogModuleManager: Shutting down and abandoning module MessageLog (177)
[2017.04.17-07.35.30:492][711]LogModuleManager: Shutting down and abandoning module WorkspaceMenuStructure (176)
[2017.04.17-07.35.30:492][711]LogModuleManager: Shutting down and abandoning module SlateReflector (170)
[2017.04.17-07.35.30:495][711]LogModuleManager: Shutting down and abandoning module Slate (168)
[2017.04.17-07.35.30:495][711]LogModuleManager: Shutting down and abandoning module EditorStyle (166)
[2017.04.17-07.35.30:501][711]LogModuleManager: Shutting down and abandoning module SourceCodeAccess (164)
[2017.04.17-07.35.30:501][711]LogModuleManager: Shutting down and abandoning module HeadMountedDisplay (162)
[2017.04.17-07.35.30:501][711]LogModuleManager: Shutting down and abandoning module XAudio2 (160)
[2017.04.17-07.35.30:501][711]LogModuleManager: Shutting down and abandoning module Networking (158)
[2017.04.17-07.35.30:501][711]LogModuleManager: Shutting down and abandoning module Core (154)
[2017.04.17-07.35.30:501][711]LogModuleManager: Shutting down and abandoning module AssetRegistry (152)
[2017.04.17-07.35.30:653][711]LogDirectoryWatcher: A directory notification for '../../../Engine/Content/' was aborted.
[2017.04.17-07.35.30:653][711]LogDirectoryWatcher: A directory notification for 'X:/Aratim/Documents/GitHub/ProjetInfoSolo/IsekaiLife 4.15/Content/' was aborted.
[2017.04.17-07.35.30:653][711]LogDirectoryWatcher: A directory notification for '../../../Engine/Plugins/2D/Paper2D/Content/' was aborted.
[2017.04.17-07.35.30:654][711]LogModuleManager: Shutting down and abandoning module DirectoryWatcher (151)
[2017.04.17-07.35.30:654][711]LogModuleManager: Shutting down and abandoning module KismetCompiler (148)
[2017.04.17-07.35.30:654][711]LogModuleManager: Shutting down and abandoning module PhysXFormats (146)
[2017.04.17-07.35.30:654][711]LogModuleManager: Shutting down and abandoning module MeshUtilities (144)
[2017.04.17-07.35.30:654][711]LogModuleManager: Shutting down and abandoning module SimplygonSwarm (143)
[2017.04.17-07.35.30:656][711]LogModuleManager: Shutting down and abandoning module SimplygonMeshReduction (141)
[2017.04.17-07.35.30:656][711]LogModuleManager: Shutting down and abandoning module QuadricMeshReduction (139)
[2017.04.17-07.35.30:656][711]LogModuleManager: Shutting down and abandoning module PropertyEditor (137)
[2017.04.17-07.35.30:656][711]LogModuleManager: Shutting down and abandoning module DerivedDataCache (134)
[2017.04.17-07.35.30:687][711]LogDerivedDataCache: Shutdown
[2017.04.17-07.35.30:687][711]LogModuleManager: Shutting down and abandoning module TargetPlatform (132)
[2017.04.17-07.35.30:687][711]LogModuleManager: Shutting down and abandoning module VulkanShaderFormat (131)
[2017.04.17-07.35.30:687][711]LogModuleManager: Shutting down and abandoning module ShaderFormatOpenGL (129)
[2017.04.17-07.35.30:687][711]LogModuleManager: Shutting down and abandoning module ShaderFormatD3D (127)
[2017.04.17-07.35.30:687][711]LogModuleManager: Shutting down and abandoning module MetalShaderFormat (125)
[2017.04.17-07.35.30:687][711]LogModuleManager: Shutting down and abandoning module TextureFormatUncompressed (123)
[2017.04.17-07.35.30:687][711]LogModuleManager: Shutting down and abandoning module TextureFormatPVR (121)
[2017.04.17-07.35.30:687][711]LogModuleManager: Shutting down and abandoning module TextureFormatDXT (119)
[2017.04.17-07.35.30:687][711]LogModuleManager: Shutting down and abandoning module TextureFormatIntelISPCTexComp (117)
[2017.04.17-07.35.30:688][711]LogModuleManager: Shutting down and abandoning module TextureFormatASTC (115)
[2017.04.17-07.35.30:688][711]LogModuleManager: Shutting down and abandoning module ImageWrapper (114)
[2017.04.17-07.35.30:688][711]LogModuleManager: Shutting down and abandoning module TextureFormatAndroid (111)
[2017.04.17-07.35.30:688][711]LogModuleManager: Shutting down and abandoning module AudioFormatOpus (109)
[2017.04.17-07.35.30:688][711]LogModuleManager: Shutting down and abandoning module AudioFormatOgg (107)
[2017.04.17-07.35.30:688][711]LogModuleManager: Shutting down and abandoning module AudioFormatADPCM (105)
[2017.04.17-07.35.30:688][711]LogModuleManager: Shutting down and abandoning module LinuxTargetPlatform (103)
[2017.04.17-07.35.30:688][711]LogModuleManager: Shutting down and abandoning module LinuxServerTargetPlatform (101)
[2017.04.17-07.35.30:688][711]LogModuleManager: Shutting down and abandoning module LinuxNoEditorTargetPlatform (99)
[2017.04.17-07.35.30:688][711]LogModuleManager: Shutting down and abandoning module LinuxClientTargetPlatform (97)
[2017.04.17-07.35.30:688][711]LogModuleManager: Shutting down and abandoning module TVOSTargetPlatform (95)
[2017.04.17-07.35.30:688][711]LogModuleManager: Shutting down and abandoning module Messaging (93)
[2017.04.17-07.35.30:688][711]LogModuleManager: Shutting down and abandoning module IOSTargetPlatform (91)
[2017.04.17-07.35.30:688][711]LogModuleManager: Shutting down and abandoning module HTML5TargetPlatform (89)
[2017.04.17-07.35.30:688][711]LogModuleManager: Shutting down and abandoning module Android_PVRTCTargetPlatform (87)
[2017.04.17-07.35.30:688][711]LogModuleManager: Shutting down and abandoning module Android_MultiTargetPlatform (85)
[2017.04.17-07.35.30:688][711]LogModuleManager: Shutting down and abandoning module Android_ETC2TargetPlatform (83)
[2017.04.17-07.35.30:688][711]LogModuleManager: Shutting down and abandoning module Android_ETC1TargetPlatform (81)
[2017.04.17-07.35.30:688][711]LogModuleManager: Shutting down and abandoning module Android_DXTTargetPlatform (79)
[2017.04.17-07.35.30:688][711]LogModuleManager: Shutting down and abandoning module Android_ATCTargetPlatform (77)
[2017.04.17-07.35.30:688][711]LogModuleManager: Shutting down and abandoning module Android_ASTCTargetPlatform (75)
[2017.04.17-07.35.30:688][711]LogModuleManager: Shutting down and abandoning module AndroidTargetPlatform (73)
[2017.04.17-07.35.30:688][711]LogModuleManager: Shutting down and abandoning module WindowsTargetPlatform (71)
[2017.04.17-07.35.30:688][711]LogModuleManager: Shutting down and abandoning module WindowsServerTargetPlatform (69)
[2017.04.17-07.35.30:688][711]LogModuleManager: Shutting down and abandoning module WindowsNoEditorTargetPlatform (67)
[2017.04.17-07.35.30:688][711]LogModuleManager: Shutting down and abandoning module WindowsClientTargetPlatform (65)
[2017.04.17-07.35.30:688][711]LogModuleManager: Shutting down and abandoning module MacTargetPlatform (63)
[2017.04.17-07.35.30:688][711]LogModuleManager: Shutting down and abandoning module MacServerTargetPlatform (61)
[2017.04.17-07.35.30:688][711]LogModuleManager: Shutting down and abandoning module MacNoEditorTargetPlatform (59)
[2017.04.17-07.35.30:688][711]LogModuleManager: Shutting down and abandoning module MacClientTargetPlatform (57)
[2017.04.17-07.35.30:688][711]LogModuleManager: Shutting down and abandoning module AllDesktopTargetPlatform (55)
[2017.04.17-07.35.30:688][711]LogModuleManager: Shutting down and abandoning module InputCore (52)
[2017.04.17-07.35.30:688][711]LogModuleManager: Shutting down and abandoning module Settings (50)
[2017.04.17-07.35.30:688][711]LogModuleManager: Shutting down and abandoning module OculusRift (48)
[2017.04.17-07.35.30:688][711]LogModuleManager: Shutting down and abandoning module GearVR (46)
[2017.04.17-07.35.30:688][711]LogModuleManager: Shutting down and abandoning module ExampleDeviceProfileSelector (44)
[2017.04.17-07.35.30:688][711]LogModuleManager: Shutting down and abandoning module OnlineBlueprintSupport (42)
[2017.04.17-07.35.30:688][711]LogModuleManager: Shutting down and abandoning module OnlineSubsystem (38)
[2017.04.17-07.35.30:688][711]LogOnline:Display: Unloading online subsystem: NULL
[2017.04.17-07.35.30:689][711]LogModuleManager: Shutting down and abandoning module XMPP (37)
[2017.04.17-07.35.30:689][711]LogModuleManager: Shutting down and abandoning module HTTP (35)
[2017.04.17-07.35.30:689][711]LogHttp:Display: Http module shutting down, but needs to wait on 1 outstanding Http requests:
[2017.04.17-07.35.30:689][711]LogHttp:Display: 	verb=[POST] url=[https://datarouter.ol.epicgames.com/datarouter/api/v1/public/data?SessionID=%7B0B7B5F4C-4B45-DE1B-747A-56B7B2491B89%7D&AppID=UEEditor.Rocket.Release&AppVersion=4.15.1-3348071%2B%2B%2BUE4%2BRelease-4.15&UserID=8c302d144559193dacf57282e4537a6d%7C1d93bd08b07d44d8aee1421bc67e0dd5%7C2f678aea-a734-4285-a967-b3de143619f5&AppEnvironment=datacollector-binary&UploadType=eteventstream] status=Processing
[2017.04.17-07.35.30:721][711]LogModuleManager: Shutting down and abandoning module SSL (34)
[2017.04.17-07.35.30:722][711]LogModuleManager: Shutting down and abandoning module AudioEditor (30)
[2017.04.17-07.35.30:723][711]LogModuleManager: Shutting down and abandoning module TextureCompressor (28)
[2017.04.17-07.35.30:723][711]LogModuleManager: Shutting down and abandoning module ShaderCore (26)
[2017.04.17-07.35.30:723][711]LogModuleManager: Shutting down and abandoning module Landscape (24)
[2017.04.17-07.35.30:723][711]LogModuleManager: Shutting down and abandoning module SlateRHIRenderer (22)
[2017.04.17-07.35.30:725][711]LogModuleManager: Shutting down and abandoning module OpenGLDrv (20)
[2017.04.17-07.35.30:725][711]LogModuleManager: Shutting down and abandoning module D3D11RHI (18)
[2017.04.17-07.35.30:725][711]LogModuleManager: Shutting down and abandoning module AnimGraphRuntime (16)
[2017.04.17-07.35.30:725][711]LogModuleManager: Shutting down and abandoning module Renderer (14)
[2017.04.17-07.35.30:725][711]LogModuleManager: Shutting down and abandoning module Engine (12)
[2017.04.17-07.35.30:725][711]LogModuleManager: Shutting down and abandoning module CoreUObject (10)
[2017.04.17-07.35.30:725][711]LogModuleManager: Shutting down and abandoning module NetworkFile (8)
[2017.04.17-07.35.30:725][711]LogModuleManager: Shutting down and abandoning module StreamingFile (6)
[2017.04.17-07.35.30:725][711]LogModuleManager: Shutting down and abandoning module SandboxFile (4)
[2017.04.17-07.35.30:725][711]LogModuleManager: Shutting down and abandoning module PakFile (2)
[2017.04.17-07.35.30:728][711]LogExit: Exiting.
[2017.04.17-07.35.30:740][711]Log file closed, 04/17/17 09:35:30
