Log file open, 03/16/17 14:06:25
LogInit:Display: Running engine for game: IsekaiLife
LogPlatformFile: Not using cached read wrapper
LogInit:Display: RandInit(608313440) SRandInit(608313440).
LogTaskGraph: Started task graph with 5 named threads and 8 total threads with 1 sets of task threads.
LogStats: Stats thread started at 0.082128
LogInit: Using libcurl 7.47.1
LogInit:  - built for x86_64-pc-win32
LogInit:  - supports SSL with OpenSSL/1.0.2g
LogInit:  - supports HTTP deflate (compression) using libz 1.2.8
LogInit:  - other features:
LogInit:      CURL_VERSION_SSL
LogInit:      CURL_VERSION_LIBZ
LogInit:      CURL_VERSION_IPV6
LogInit:      CURL_VERSION_ASYNCHDNS
LogInit:      CURL_VERSION_LARGEFILE
LogInit:      CURL_VERSION_IDN
LogInit:  CurlRequestOptions (configurable via config and command line):
LogInit:  - bVerifyPeer = false  - Libcurl will NOT verify peer certificate
LogInit:  - bUseHttpProxy = false  - Libcurl will NOT use HTTP proxy
LogInit:  - bDontReuseConnections = false  - Libcurl will reuse connections
LogInit:  - CertBundlePath = nullptr  - Libcurl will use whatever was configured at build time.
LogInit: Build: ++UE4+Release-4.15-CL-3299760
LogInit: Engine Version: 4.15.0-3299760+++UE4+Release-4.15
LogInit: Compatible Engine Version: 4.15.0-3299760+++UE4+Release-4.15
LogInit: Net CL: 3299760
LogDevObjectVersion: Number of dev versions registered: 14
LogDevObjectVersion:   Dev-Blueprints (B0D832E4-1F89-4F0D-ACCF-7EB736FD4AA2): 8
LogDevObjectVersion:   Dev-Build (E1C64328-A22C-4D53-A36C-8E866417BD8C): 0
LogDevObjectVersion:   Dev-Core (375EC13C-06E4-48FB-B500-84F0262A717E): 2
LogDevObjectVersion:   Dev-Editor (E4B068ED-F494-42E9-A231-DA0B2E46BB41): 14
LogDevObjectVersion:   Dev-Framework (CFFC743F-43B0-4480-9391-14DF171D2073): 22
LogDevObjectVersion:   Dev-Mobile (B02B49B5-BB20-44E9-A304-32B752E40360): 0
LogDevObjectVersion:   Dev-Networking (A4E4105C-59A1-49B5-A7C5-40C4547EDFEE): 0
LogDevObjectVersion:   Dev-Online (39C831C9-5AE6-47DC-9A44-9C173E1C8E7C): 0
LogDevObjectVersion:   Dev-Physics (78F01B33-EBEA-4F98-B9B4-84EACCB95AA2): 0
LogDevObjectVersion:   Dev-Platform (6631380F-2D4D-43E0-8009-CF276956A95A): 0
LogDevObjectVersion:   Dev-Rendering (12F88B9F-8875-4AFC-A67C-D90C383ABD29): 12
LogDevObjectVersion:   Dev-Sequencer (7B5AE74C-D270-4C10-A958-57980B212A5A): 3
LogDevObjectVersion:   Dev-VR (D7296918-1DD6-4BDD-9DE2-64A83CC13884): 0
LogDevObjectVersion:   Dev-LoadTimes (C2A15278-BFE7-4AFE-6C17-90FF531DF755): 1
LogInit: Compiled (64-bit): Feb 14 2017 02:04:14
LogInit: Compiled with Visual C++: 19.00.23026.00
LogInit: Build Configuration: Development
LogInit: Branch Name: ++UE4+Release-4.15
LogInit: Command line: -EpicPortal 
LogInit: Base directory: C:/Program Files/Epic Games/UE_4.15/Engine/Binaries/Win64/
LogInit: Installed Engine Build: 1
LogInit: Presizing for max 8388607 objects, including 0 objects not considered by GC, pre-allocating 0 bytes for permanent pool.
LogInit: Object subsystem initialized
[2017.03.16-13.06.26:759][  0]LogInit: Selected Device Profile: [Windows]
[2017.03.16-13.06.26:759][  0]LogInit: Applying CVar settings loaded from the selected device profile: [Windows]
[2017.03.16-13.06.26:776][  0]LogInit: Computer: DESKTOP-IJKOIIJ
[2017.03.16-13.06.26:776][  0]LogInit: User: Aratim
[2017.03.16-13.06.26:776][  0]LogInit: CPU Page size=65536, Cores=4
[2017.03.16-13.06.26:776][  0]LogInit: High frequency timer resolution =3.417967 MHz
[2017.03.16-13.06.26:776][  0]LogMemory: Memory total: Physical=8.0GB (8GB approx)
[2017.03.16-13.06.26:776][  0]LogMemory: Platform Memory Stats for Windows
[2017.03.16-13.06.26:776][  0]LogMemory: Process Physical Memory: 262.74 MB used, 262.74 MB peak
[2017.03.16-13.06.26:776][  0]LogMemory: Process Virtual Memory: 262.47 MB used, 262.47 MB peak
[2017.03.16-13.06.26:776][  0]LogMemory: Physical Memory: 5326.81 MB used,  2814.04 MB free, 8140.85 MB total
[2017.03.16-13.06.26:776][  0]LogMemory: Virtual Memory: 643.54 MB used,  2814.04 MB free, 134217728.00 MB total
[2017.03.16-13.06.26:867][  0]LogTextLocalizationManager: No translations for ('fr-FR') exist, falling back to 'en' for localization and internationalization data.
[2017.03.16-13.06.27:487][  0]LogD3D11RHI: D3D11 adapters:
[2017.03.16-13.06.28:025][  0]LogD3D11RHI:    0. 'NVIDIA GeForce GTX 1060 6GB' (Feature Level 11_0)
[2017.03.16-13.06.28:025][  0]LogD3D11RHI:       6084/0/4070 MB DedicatedVideo/DedicatedSystem/SharedSystem, Outputs:1, VendorId:0x10de
[2017.03.16-13.06.28:027][  0]LogD3D11RHI:    1. 'Microsoft Basic Render Driver' (Feature Level 11_0)
[2017.03.16-13.06.28:027][  0]LogD3D11RHI:       0/0/4070 MB DedicatedVideo/DedicatedSystem/SharedSystem, Outputs:0, VendorId:0x1414
[2017.03.16-13.06.28:027][  0]LogD3D11RHI: Chosen D3D11 Adapter: 0
[2017.03.16-13.06.28:030][  0]LogD3D11RHI: Creating new Direct3DDevice
[2017.03.16-13.06.28:030][  0]LogD3D11RHI:     GPU DeviceId: 0x1c03 (for the marketing name, search the web for "GPU Device Id")
[2017.03.16-13.06.28:030][  0]LogWindows: EnumDisplayDevices:
[2017.03.16-13.06.28:031][  0]LogWindows:    0. 'NVIDIA GeForce GTX 1060 6GB' (P:1 D:1)
[2017.03.16-13.06.28:031][  0]LogWindows:    1. 'NVIDIA GeForce GTX 1060 6GB' (P:0 D:0)
[2017.03.16-13.06.28:031][  0]LogWindows:    2. 'NVIDIA GeForce GTX 1060 6GB' (P:0 D:0)
[2017.03.16-13.06.28:031][  0]LogWindows:    3. 'NVIDIA GeForce GTX 1060 6GB' (P:0 D:0)
[2017.03.16-13.06.28:031][  0]LogWindows: DebugString: FoundDriverCount:4 
[2017.03.16-13.06.28:031][  0]LogD3D11RHI:     Adapter Name: NVIDIA GeForce GTX 1060 6GB
[2017.03.16-13.06.28:031][  0]LogD3D11RHI:   Driver Version: 378.78 (internal:21.21.13.7878, unified:378.78)
[2017.03.16-13.06.28:031][  0]LogD3D11RHI:      Driver Date: 2-23-2017
[2017.03.16-13.06.28:031][  0]LogRHI: Texture pool is 1361 MB (70% of 1945 MB)
[2017.03.16-13.06.28:600][  0]LogD3D11RHI: Async texture creation enabled
[2017.03.16-13.06.28:638][  0]LogD3D11RHI: GPU Timing Frequency: 1000.000000 (Debug: 2 1)
[2017.03.16-13.06.28:688][  0]LogShaderCompilers: Guid format shader working directory is -10 characters bigger than the processId version (X:/Aratim/Documents/GitHub/ProjetInfoSolo/IsekaiLife 4.15/Intermediate/Shaders/WorkingDirectory/8804/).
[2017.03.16-13.06.28:688][  0]LogShaderCompilers: Cleaned the shader compiler working directory 'C:/Users/Aratim/AppData/Local/Temp/UnrealShaderWorkingDir/10E394F8412CE06815678099C6DC6CAB/'.
[2017.03.16-13.06.28:688][  0]LogShaderCompilers:Display: Using Local Shader Compiler.
[2017.03.16-13.06.29:753][  0]LogTemp:Display: Loaded TP AllDesktopTargetPlatform
[2017.03.16-13.06.29:839][  0]LogTemp:Display: Loaded TP MacClientTargetPlatform
[2017.03.16-13.06.29:911][  0]LogTemp:Display: Loaded TP MacNoEditorTargetPlatform
[2017.03.16-13.06.29:985][  0]LogTemp:Display: Loaded TP MacServerTargetPlatform
[2017.03.16-13.06.30:050][  0]LogTemp:Display: Loaded TP MacTargetPlatform
[2017.03.16-13.06.30:113][  0]LogTemp:Display: Loaded TP WindowsClientTargetPlatform
[2017.03.16-13.06.30:180][  0]LogTemp:Display: Loaded TP WindowsNoEditorTargetPlatform
[2017.03.16-13.06.30:244][  0]LogTemp:Display: Loaded TP WindowsServerTargetPlatform
[2017.03.16-13.06.30:289][  0]LogTemp:Display: Loaded TP WindowsTargetPlatform
[2017.03.16-13.06.30:341][  0]LogTemp:Display: Loaded TP AndroidTargetPlatform
[2017.03.16-13.06.30:392][  0]LogTemp:Display: Loaded TP Android_ASTCTargetPlatform
[2017.03.16-13.06.30:446][  0]LogTemp:Display: Loaded TP Android_ATCTargetPlatform
[2017.03.16-13.06.30:500][  0]LogTemp:Display: Loaded TP Android_DXTTargetPlatform
[2017.03.16-13.06.30:553][  0]LogTemp:Display: Loaded TP Android_ETC1TargetPlatform
[2017.03.16-13.06.30:606][  0]LogTemp:Display: Loaded TP Android_ETC2TargetPlatform
[2017.03.16-13.06.30:712][  0]LogTemp:Display: Loaded TP Android_MultiTargetPlatform
[2017.03.16-13.06.30:712][  0]LogTemp:Display: Loaded TP Android_PVRTCTargetPlatform
[2017.03.16-13.06.30:749][  0]LogTemp:Display: Loaded TP HTML5TargetPlatform
[2017.03.16-13.06.30:844][  0]LogTemp:Display: Loaded TP IOSTargetPlatform
[2017.03.16-13.06.30:879][  0]LogTemp:Display: Loaded TP TVOSTargetPlatform
[2017.03.16-13.06.30:932][  0]LogTemp:Display: Loaded TP LinuxClientTargetPlatform
[2017.03.16-13.06.30:993][  0]LogTemp:Display: Loaded TP LinuxNoEditorTargetPlatform
[2017.03.16-13.06.31:047][  0]LogTemp:Display: Loaded TP LinuxServerTargetPlatform
[2017.03.16-13.06.31:101][  0]LogTemp:Display: Loaded TP LinuxTargetPlatform
[2017.03.16-13.06.31:101][  0]LogTargetPlatformManager:Display: Building Assets For Windows
[2017.03.16-13.06.31:549][  0]LogDerivedDataCache:Display: Max Cache Size: 512 MB
[2017.03.16-13.06.31:608][  0]LogDerivedDataCache: Loaded boot cache 0.06s 50MB C:/Users/Aratim/AppData/Local/UnrealEngine/4.15/DerivedDataCache/Boot.ddc.
[2017.03.16-13.06.31:608][  0]LogDerivedDataCache:Display: Loaded Boot cache: C:/Users/Aratim/AppData/Local/UnrealEngine/4.15/DerivedDataCache/Boot.ddc
[2017.03.16-13.06.31:608][  0]LogDerivedDataCache: FDerivedDataBackendGraph:  Pak pak cache file X:/Aratim/Documents/GitHub/ProjetInfoSolo/IsekaiLife 4.15/DerivedDataCache/DDC.ddp not found, will not use a pak cache.
[2017.03.16-13.06.31:608][  0]LogDerivedDataCache: Unable to find inner node Pak for hierarchical cache Hierarchy.
[2017.03.16-13.06.31:608][  0]LogDerivedDataCache: FDerivedDataBackendGraph:  CompressedPak pak cache file X:/Aratim/Documents/GitHub/ProjetInfoSolo/IsekaiLife 4.15/DerivedDataCache/Compressed.ddp not found, will not use a pak cache.
[2017.03.16-13.06.31:608][  0]LogDerivedDataCache: Unable to find inner node CompressedPak for hierarchical cache Hierarchy.
[2017.03.16-13.06.31:626][  0]LogDerivedDataCache:Display: Pak cache opened for reading ../../../Engine/DerivedDataCache/Compressed.ddp.
[2017.03.16-13.06.31:639][  0]LogDerivedDataCache: Using Local data cache path C:/Users/Aratim/AppData/Local/UnrealEngine/Common/DerivedDataCache: Writable
[2017.03.16-13.06.31:647][  0]LogSlate: Using Freetype 2.6.0
[2017.03.16-13.06.31:648][  0]LogSlate: SlateFontCache - WITH_FREETYPE: 1, WITH_HARFBUZZ: 1
[2017.03.16-13.06.31:648][  0]LogSlate: SlateFontCache - WITH_FREETYPE: 1, WITH_HARFBUZZ: 1
[2017.03.16-13.06.31:887][  0]LogInit: Selected Device Profile: [Windows]
[2017.03.16-13.06.31:889][  0]LogContentStreaming: Texture pool size is 0.00 MB
[2017.03.16-13.06.32:091][  0]LogMeshUtilities: Using QuadricMeshReduction for automatic static mesh reduction
[2017.03.16-13.06.32:133][  0]LogSimplygon: Simplygon DLL not present - disabling.
[2017.03.16-13.06.32:180][  0]LogMeshUtilities: Using SimplygonSwarm for distributed automatic mesh merging
[2017.03.16-13.06.32:180][  0]LogMeshUtilities: No automatic skeletal mesh reduction module available
[2017.03.16-13.06.32:180][  0]LogMeshUtilities: No automatic mesh merging module available
[2017.03.16-13.06.32:733][  0]LogNetVersion: GetLocalNetworkVersion: CL: 3299760, ProjectName: isekailife, ProjectVersion: , EngineNetworkVersion: 2, GameNetworkVersion: 0, NetworkChecksum: 721096836
[2017.03.16-13.06.32:777][  0]LogAssetRegistry: FAssetRegistry took 0.0215 seconds to start up
[2017.03.16-13.06.32:836][  0]LogPackageLocalizationCache: Processed 3 localized package path(s) for 1 prioritized culture(s) in 0.037732 seconds
[2017.03.16-13.06.32:844][  0]LogUObjectArray: 32475 objects as part of root set at end of initial load.
[2017.03.16-13.06.32:844][  0]LogUObjectAllocator: 7073368 out of 0 bytes used by permanent object pool.
[2017.03.16-13.06.32:844][  0]LogUObjectArray: CloseDisregardForGC: 0/0 objects in disregard for GC pool
[2017.03.16-13.06.32:904][  0]LogInit: WinSock: version 1.1 (2.2), MaxSocks=32767, MaxUdp=65467
[2017.03.16-13.06.34:410][  0]LogTcpMessaging: Initializing TcpMessaging bridge
[2017.03.16-13.06.34:450][  0]LogUdpMessaging: Initializing bridge on interface 0.0.0.0:0 to multicast group 230.0.0.1:6666.
[2017.03.16-13.06.34:915][  0]LogMaterial: Uniform references updated for custom material expression Custom.
[2017.03.16-13.06.35:281][  0]SourceControl: Info Source control is disabled
[2017.03.16-13.06.35:282][  0]SourceControl: Info Source control is disabled
[2017.03.16-13.06.35:328][  0]SourceControl: Info Source control is disabled
[2017.03.16-13.06.35:373][  0]SourceControl: Info Source control is disabled
[2017.03.16-13.06.36:584][  0]LogEngine: Initializing Engine...
[2017.03.16-13.06.36:585][  0]LogHMD: Failed to initialize OpenVR with code 110
[2017.03.16-13.06.36:806][  0]LogAIModule: Creating AISystem for world Untitled
[2017.03.16-13.06.36:814][  0]LogInit: XAudio2 using 'Haut-parleurs (2- USB Audio Device)' : 2 channels at 44.1 kHz using 16 bits per sample (channel mask 0x3)
[2017.03.16-13.06.36:823][  0]LogInit: FAudioDevice initialized.
[2017.03.16-13.06.36:857][  0]LogDerivedDataCache: Saved boot cache 0.03s 50MB C:/Users/Aratim/AppData/Local/UnrealEngine/4.15/DerivedDataCache/Boot.ddc.
[2017.03.16-13.06.36:869][  0]LogInit: Texture streaming: Enabled
[2017.03.16-13.06.36:960][  0]LogEngineSessionManager: EngineSessionManager initialized
[2017.03.16-13.06.37:084][  0]LogInit: Transaction tracking system initialized
[2017.03.16-13.06.37:419][  0]BlueprintLog: New page: Editor Load
[2017.03.16-13.06.38:340][  0]LocalizationService: Info Localization service is disabled
[2017.03.16-13.06.39:033][  0]LogConsoleResponse:Display: 
[2017.03.16-13.06.39:203][  0]LogCook:Display: Max memory allowance for cook 16384mb min free memory 0mb
[2017.03.16-13.06.39:203][  0]LogCook:Display: Mobile HDR setting 1
[2017.03.16-13.06.40:357][  0]LogFileCache: Scanning file cache for directory 'X:/Aratim/Documents/GitHub/ProjetInfoSolo/IsekaiLife 4.15/Content/' took 0.02s
[2017.03.16-13.06.40:406][  0]SourceControl: Info Source control is disabled
[2017.03.16-13.06.40:407][  0]Cmd: MAP LOAD FILE="X:/Aratim/Documents/GitHub/ProjetInfoSolo/IsekaiLife 4.15/Content/ThirdPersonBP/Maps/ThirdPersonExampleMap.umap" TEMPLATE=0 SHOWPROGRESS=1 FEATURELEVEL=3
[2017.03.16-13.06.40:407][  0]LightingResults: New page: Lighting Build
[2017.03.16-13.06.40:452][  0]MapCheck: New page: Map Check
[2017.03.16-13.06.40:452][  0]LightingResults: New page: Lighting Build
[2017.03.16-13.06.44:652][  0]LogClass:Warning: Enum '/Game/InventorySystem/Blueprints/Enums/E_ItemCategories.E_ItemCategories' was upgraded to use FText to store its display name data. Please re-save this asset to avoid issues with localization and determinstic cooking.
[2017.03.16-13.06.44:986][  0]LogAIModule: Creating AISystem for world ThirdPersonExampleMap
[2017.03.16-13.06.45:023][  0]LogEditorServer: Finished looking for orphan Actors (0.000 secs)
[2017.03.16-13.06.45:025][  0]Cmd: MAP CHECKDEP NOCLEARLOG
[2017.03.16-13.06.45:068][  0]MapCheck: Info Map check complete: 0 Error(s), 0 Warning(s), took 42.579ms to complete.
[2017.03.16-13.06.45:068][  0]LogFileHelpers: Loading map 'ThirdPersonExampleMap' took 4.661
[2017.03.16-13.06.45:339][  0]LogCollectionManager: Loaded 0 collections in 0.001568 seconds
[2017.03.16-13.06.45:440][  0]LogFileCache: Scanning file cache for directory 'X:/Aratim/Documents/GitHub/ProjetInfoSolo/IsekaiLife 4.15/Saved/Collections/' took 0.01s
[2017.03.16-13.06.45:440][  0]LogFileCache: Scanning file cache for directory 'X:/Aratim/Documents/GitHub/ProjetInfoSolo/IsekaiLife 4.15/Content/Developers/Aratim/Collections/' took 0.01s
[2017.03.16-13.06.45:440][  0]LogFileCache: Scanning file cache for directory 'X:/Aratim/Documents/GitHub/ProjetInfoSolo/IsekaiLife 4.15/Content/Collections/' took 0.01s
[2017.03.16-13.06.45:440][  0]LogCollectionManager: Rebuilt the GUID cache for 0 collections in 0.000003 seconds
[2017.03.16-13.06.45:453][  0]LogContentBrowser: Native class hierarchy populated in 0.0102 seconds. Added 2244 classes and 450 folders.
[2017.03.16-13.06.45:462][  0]LogStats: UGameplayTagsManager::ConstructGameplayTagTree: Construct from data asset -  0.000 s
[2017.03.16-13.06.45:463][  0]LogStats: UGameplayTagsManager::ConstructGameplayTagTree: GameplayTagTreeChangedEvent.Broadcast -  0.000 s
[2017.03.16-13.06.45:527][  0]LogContentBrowser: Native class hierarchy updated for 'WidgetCarousel' in 0.0005 seconds. Added 0 classes and 0 folders.
[2017.03.16-13.06.45:869][  0]LogContentBrowser: Native class hierarchy updated for 'AddContentDialog' in 0.0006 seconds. Added 0 classes and 0 folders.
[2017.03.16-13.06.45:921][  0]LogContentBrowser: Native class hierarchy updated for 'SceneOutliner' in 0.0006 seconds. Added 1 classes and 2 folders.
[2017.03.16-13.06.46:055][  0]LogCrashTracker: Crashtracker disabled due to settings.
[2017.03.16-13.06.46:075][  0]LogUObjectGlobals:Warning: Failed to find object 'Class None.'
[2017.03.16-13.06.46:145][  0]LogContentBrowser: Native class hierarchy updated for 'HierarchicalLODOutliner' in 0.0006 seconds. Added 1 classes and 2 folders.
[2017.03.16-13.06.46:145][  0]LogLoad: (Engine Initialization) Total time: 21.92 seconds
[2017.03.16-13.06.46:145][  0]LogLoad: (Engine Initialization) Total Blueprint compile time: 0.42 seconds
[2017.03.16-13.06.46:145][  0]LogExternalProfiler: Found external profiler: VSPerf
[2017.03.16-13.06.46:145][  0]LogExternalProfiler: Using external profiler: VSPerf
[2017.03.16-13.06.46:511][  0]LogOcInput: OculusInput pre-init called
[2017.03.16-13.06.46:543][  0]LogContentStreaming: Texture pool size now 1000 MB
[2017.03.16-13.06.46:549][  0]LogSlate: Took 0.005104 seconds to synchronously load lazily loaded font '../../../Engine/Content/Slate/Fonts/Roboto-Regular.ttf' (155K)
[2017.03.16-13.06.46:558][  0]LogSlate: Took 0.005141 seconds to synchronously load lazily loaded font '../../../Engine/Content/Slate/Fonts/Roboto-Bold.ttf' (160K)
[2017.03.16-13.06.46:570][  0]LogSlate: Took 0.005391 seconds to synchronously load lazily loaded font '../../../Engine/Content/Editor/Slate/Fonts/FontAwesome.ttf' (139K)
[2017.03.16-13.06.46:786][  0]LogSlate: Took 0.005801 seconds to synchronously load lazily loaded font '../../../Engine/Content/Slate/Fonts/Roboto-Light.ttf' (159K)
[2017.03.16-13.06.46:813][  1]LogRenderer: Reallocating scene render targets to support 808x368 NumSamples 1 (Frame:2).
[2017.03.16-13.06.46:831][  1]LogAssetRegistry: Asset discovery search completed in 14.0748 seconds
[2017.03.16-13.06.46:831][  1]LogCollectionManager: Rebuilt the object cache for 0 collections in 0.000004 seconds (found 0 objects)
[2017.03.16-13.06.46:831][  1]LogCollectionManager: Fixed up redirectors for 0 collections in 0.000019 seconds (updated 0 objects)
[2017.03.16-13.06.47:529][  3]LogSlate: Took 0.000287 seconds to synchronously load lazily loaded font '../../../Engine/Content/Slate/Fonts/Roboto-Light.ttf' (159K)
[2017.03.16-13.06.58:916][325]LogRenderer: Reallocating scene render targets to support 1208x576 NumSamples 1 (Frame:288).
[2017.03.16-13.07.15:399][268]LogSlate: Took 0.000143 seconds to synchronously load lazily loaded font '../../../Engine/Content/Slate/Fonts/Roboto-Light.ttf' (159K)
[2017.03.16-13.07.15:942][268]LogContentBrowser: Native class hierarchy updated for 'BlueprintGraph' in 0.0010 seconds. Added 112 classes and 0 folders.
[2017.03.16-13.07.16:765][268]LogSlate: Took 0.003788 seconds to synchronously load lazily loaded font '../../../Engine/Content/Editor/Slate/Fonts/Roboto-BoldCondensed.ttf' (158K)
[2017.03.16-13.08.16:310][699]LogSlate: Took 0.004756 seconds to synchronously load lazily loaded font '../../../Engine/Content/Editor/Slate/Fonts/Roboto-Italic.ttf' (157K)
[2017.03.16-13.14.46:778][251]BlueprintLog: New page: Compile InventorySlot
[2017.03.16-13.14.47:661][319]Cmd: OBJ SAVEPACKAGE PACKAGE="/Game/InventorySystem/Widgets/InventorySlot" FILE="X:/Aratim/Documents/GitHub/ProjetInfoSolo/IsekaiLife 4.15/Content/InventorySystem/Widgets/InventorySlot.uasset" SILENT=true
[2017.03.16-13.14.47:772][319]LogSavePackage: Save=43.78ms
[2017.03.16-13.14.47:772][319]LogSavePackage: Moving 'X:/Aratim/Documents/GitHub/ProjetInfoSolo/IsekaiLife 4.15/Saved/InventorySlot88C5AB124B34437953A1D59F5F733E5D.tmp' to 'X:/Aratim/Documents/GitHub/ProjetInfoSolo/IsekaiLife 4.15/Content/InventorySystem/Widgets/InventorySlot.uasset'
[2017.03.16-13.14.47:780][319]LogSavePackage:Display: Finished SavePackage X:/Aratim/Documents/GitHub/ProjetInfoSolo/IsekaiLife 4.15/Content/InventorySystem/Widgets/InventorySlot.uasset
[2017.03.16-13.15.31:410][421]LogSlate: Took 0.004997 seconds to synchronously load lazily loaded font '../../../Engine/Content/Editor/Slate/Fonts/Roboto-BoldCondensedItalic.ttf' (160K)
[2017.03.16-13.21.30:218][256]LogFileHelpers: Editor autosave (incl. sublevels) for '/Game/ThirdPersonBP/Maps/ThirdPersonExampleMap' took 0.054
[2017.03.16-13.21.30:221][256]OBJ SavePackage: Generating thumbnails for [0] asset(s) in package [/Game/InventorySystem/Blueprints/BP_Inventory] ([1] browsable assets)...
[2017.03.16-13.21.30:221][256]OBJ SavePackage: Finished generating thumbnails for package [/Game/InventorySystem/Blueprints/BP_Inventory]
[2017.03.16-13.21.30:467][256]LogSavePackage: Save=186.59ms
[2017.03.16-13.21.30:467][256]LogSavePackage: Moving 'X:/Aratim/Documents/GitHub/ProjetInfoSolo/IsekaiLife 4.15/Saved/BP_Inventory_Auto136596AC0401A20D1C2E5DEA3E30D6915.tmp' to 'X:/Aratim/Documents/GitHub/ProjetInfoSolo/IsekaiLife 4.15/Saved/Autosaves/Game/InventorySystem/Blueprints/BP_Inventory_Auto1.uasset'
[2017.03.16-13.21.30:468][256]LogSavePackage:Display: Finished SavePackage X:/Aratim/Documents/GitHub/ProjetInfoSolo/IsekaiLife 4.15/Saved/Autosaves/Game/InventorySystem/Blueprints/BP_Inventory_Auto1.uasset
[2017.03.16-13.21.30:468][256]LogFileHelpers: Auto-saving content packages took 0.249
[2017.03.16-13.32.46:001][992]BlueprintLog: New page: Compile BP_Inventory
[2017.03.16-13.32.47:252][ 54]LogSavePackage: Save=255.24ms
[2017.03.16-13.32.47:252][ 54]LogSavePackage: Moving 'X:/Aratim/Documents/GitHub/ProjetInfoSolo/IsekaiLife 4.15/Saved/BP_InventoryCAED97354CCAAAF99EE6368EC7BA8AE5.tmp' to 'X:/Aratim/Documents/GitHub/ProjetInfoSolo/IsekaiLife 4.15/Content/InventorySystem/Blueprints/BP_Inventory.uasset'
[2017.03.16-13.32.47:256][ 54]LogSavePackage:Display: Finished SavePackage X:/Aratim/Documents/GitHub/ProjetInfoSolo/IsekaiLife 4.15/Content/InventorySystem/Blueprints/BP_Inventory.uasset
[2017.03.16-13.36.20:355][786]LogFileHelpers: Editor autosave (incl. sublevels) for '/Game/ThirdPersonBP/Maps/ThirdPersonExampleMap' took 0.029
[2017.03.16-13.36.20:357][786]OBJ SavePackage: Generating thumbnails for [0] asset(s) in package [/Game/InventorySystem/Blueprints/BP_Inventory] ([1] browsable assets)...
[2017.03.16-13.36.20:357][786]OBJ SavePackage: Finished generating thumbnails for package [/Game/InventorySystem/Blueprints/BP_Inventory]
[2017.03.16-13.36.20:539][786]LogSavePackage: Save=179.86ms
[2017.03.16-13.36.20:539][786]LogSavePackage: Moving 'X:/Aratim/Documents/GitHub/ProjetInfoSolo/IsekaiLife 4.15/Saved/BP_Inventory_Auto2E1C5BA554013076876ADD9B661708BA9.tmp' to 'X:/Aratim/Documents/GitHub/ProjetInfoSolo/IsekaiLife 4.15/Saved/Autosaves/Game/InventorySystem/Blueprints/BP_Inventory_Auto2.uasset'
[2017.03.16-13.36.20:540][786]LogSavePackage:Display: Finished SavePackage X:/Aratim/Documents/GitHub/ProjetInfoSolo/IsekaiLife 4.15/Saved/Autosaves/Game/InventorySystem/Blueprints/BP_Inventory_Auto2.uasset
[2017.03.16-13.36.20:540][786]LogFileHelpers: Auto-saving content packages took 0.183
[2017.03.16-13.37.48:754][ 64]BlueprintLog: New page: Compile BP_Inventory
[2017.03.16-13.37.50:294][170]LogSavePackage: Save=174.19ms
[2017.03.16-13.37.50:294][170]LogSavePackage: Moving 'X:/Aratim/Documents/GitHub/ProjetInfoSolo/IsekaiLife 4.15/Saved/BP_Inventory20930B1D49711F373D22EFB669EA5B5B.tmp' to 'X:/Aratim/Documents/GitHub/ProjetInfoSolo/IsekaiLife 4.15/Content/InventorySystem/Blueprints/BP_Inventory.uasset'
[2017.03.16-13.37.50:296][170]LogSavePackage:Display: Finished SavePackage X:/Aratim/Documents/GitHub/ProjetInfoSolo/IsekaiLife 4.15/Content/InventorySystem/Blueprints/BP_Inventory.uasset
[2017.03.16-14.02.07:642][909]LogFileHelpers: Editor autosave (incl. sublevels) for '/Game/ThirdPersonBP/Maps/ThirdPersonExampleMap' took 0.025
[2017.03.16-14.02.07:644][909]OBJ SavePackage: Generating thumbnails for [0] asset(s) in package [/Game/InventorySystem/Blueprints/BP_Inventory] ([1] browsable assets)...
[2017.03.16-14.02.07:644][909]OBJ SavePackage: Finished generating thumbnails for package [/Game/InventorySystem/Blueprints/BP_Inventory]
[2017.03.16-14.02.07:828][909]LogSavePackage: Save=178.38ms
[2017.03.16-14.02.07:828][909]LogSavePackage: Moving 'X:/Aratim/Documents/GitHub/ProjetInfoSolo/IsekaiLife 4.15/Saved/BP_Inventory_Auto343D3A40A424F559FE11D168B37B5FAF3.tmp' to 'X:/Aratim/Documents/GitHub/ProjetInfoSolo/IsekaiLife 4.15/Saved/Autosaves/Game/InventorySystem/Blueprints/BP_Inventory_Auto3.uasset'
[2017.03.16-14.02.07:830][909]LogSavePackage:Display: Finished SavePackage X:/Aratim/Documents/GitHub/ProjetInfoSolo/IsekaiLife 4.15/Saved/Autosaves/Game/InventorySystem/Blueprints/BP_Inventory_Auto3.uasset
[2017.03.16-14.02.07:830][909]LogFileHelpers: Auto-saving content packages took 0.188
[2017.03.16-14.12.08:220][568]LogFileHelpers: Editor autosave (incl. sublevels) for '/Game/ThirdPersonBP/Maps/ThirdPersonExampleMap' took 0.046
[2017.03.16-14.12.08:225][568]OBJ SavePackage: Generating thumbnails for [0] asset(s) in package [/Game/InventorySystem/Blueprints/BP_Inventory] ([1] browsable assets)...
[2017.03.16-14.12.08:225][568]OBJ SavePackage: Finished generating thumbnails for package [/Game/InventorySystem/Blueprints/BP_Inventory]
[2017.03.16-14.12.08:624][568]LogSavePackage: Save=356.63ms
[2017.03.16-14.12.08:624][568]LogSavePackage: Moving 'X:/Aratim/Documents/GitHub/ProjetInfoSolo/IsekaiLife 4.15/Saved/BP_Inventory_Auto4D703538042CB0E8CCE61AC9E83458E0C.tmp' to 'X:/Aratim/Documents/GitHub/ProjetInfoSolo/IsekaiLife 4.15/Saved/Autosaves/Game/InventorySystem/Blueprints/BP_Inventory_Auto4.uasset'
[2017.03.16-14.12.08:626][568]LogSavePackage:Display: Finished SavePackage X:/Aratim/Documents/GitHub/ProjetInfoSolo/IsekaiLife 4.15/Saved/Autosaves/Game/InventorySystem/Blueprints/BP_Inventory_Auto4.uasset
[2017.03.16-14.12.08:626][568]LogFileHelpers: Auto-saving content packages took 0.404
[2017.03.16-14.44.52:516][958]LogFileHelpers: Editor autosave (incl. sublevels) for '/Game/ThirdPersonBP/Maps/ThirdPersonExampleMap' took 0.047
[2017.03.16-14.44.52:519][958]OBJ SavePackage: Generating thumbnails for [0] asset(s) in package [/Game/InventorySystem/Blueprints/BP_Inventory] ([1] browsable assets)...
[2017.03.16-14.44.52:519][958]OBJ SavePackage: Finished generating thumbnails for package [/Game/InventorySystem/Blueprints/BP_Inventory]
[2017.03.16-14.44.52:745][958]LogSavePackage: Save=176.76ms
[2017.03.16-14.44.52:745][958]LogSavePackage: Moving 'X:/Aratim/Documents/GitHub/ProjetInfoSolo/IsekaiLife 4.15/Saved/BP_Inventory_Auto51E8B7B704B764CF6BCD56E8BABA9E497.tmp' to 'X:/Aratim/Documents/GitHub/ProjetInfoSolo/IsekaiLife 4.15/Saved/Autosaves/Game/InventorySystem/Blueprints/BP_Inventory_Auto5.uasset'
[2017.03.16-14.44.52:746][958]LogSavePackage:Display: Finished SavePackage X:/Aratim/Documents/GitHub/ProjetInfoSolo/IsekaiLife 4.15/Saved/Autosaves/Game/InventorySystem/Blueprints/BP_Inventory_Auto5.uasset
[2017.03.16-14.44.52:746][958]LogFileHelpers: Auto-saving content packages took 0.229
[2017.03.16-14.46.41:420][635]BlueprintLog: New page: Compile BP_Inventory
[2017.03.16-14.46.41:860][635]BlueprintEditorCompileResults: Info The execution path doesn't end with a return node.  
[2017.03.16-14.54.53:449][883]LogFileHelpers: Editor autosave (incl. sublevels) for '/Game/ThirdPersonBP/Maps/ThirdPersonExampleMap' took 0.026
[2017.03.16-14.54.53:451][883]OBJ SavePackage: Generating thumbnails for [0] asset(s) in package [/Game/InventorySystem/Blueprints/BP_Inventory] ([1] browsable assets)...
[2017.03.16-14.54.53:451][883]OBJ SavePackage: Finished generating thumbnails for package [/Game/InventorySystem/Blueprints/BP_Inventory]
[2017.03.16-14.54.53:859][883]LogSavePackage: Save=175.39ms
[2017.03.16-14.54.53:859][883]LogSavePackage: Moving 'X:/Aratim/Documents/GitHub/ProjetInfoSolo/IsekaiLife 4.15/Saved/BP_Inventory_Auto6A659A0E44C5A6E9E2259D1ABD0D1C82B.tmp' to 'X:/Aratim/Documents/GitHub/ProjetInfoSolo/IsekaiLife 4.15/Saved/Autosaves/Game/InventorySystem/Blueprints/BP_Inventory_Auto6.uasset'
[2017.03.16-14.54.53:860][883]LogSavePackage:Display: Finished SavePackage X:/Aratim/Documents/GitHub/ProjetInfoSolo/IsekaiLife 4.15/Saved/Autosaves/Game/InventorySystem/Blueprints/BP_Inventory_Auto6.uasset
[2017.03.16-14.54.53:860][883]LogFileHelpers: Auto-saving content packages took 0.410
[2017.03.16-15.01.40:004][708]BlueprintLog: New page: Compile BP_Inventory
[2017.03.16-15.01.41:119][744]LogSavePackage: Save=212.18ms
[2017.03.16-15.01.41:119][744]LogSavePackage: Moving 'X:/Aratim/Documents/GitHub/ProjetInfoSolo/IsekaiLife 4.15/Saved/BP_InventoryBED7836342F69BF5D40833BED1552B2C.tmp' to 'X:/Aratim/Documents/GitHub/ProjetInfoSolo/IsekaiLife 4.15/Content/InventorySystem/Blueprints/BP_Inventory.uasset'
[2017.03.16-15.01.41:128][744]LogSavePackage:Display: Finished SavePackage X:/Aratim/Documents/GitHub/ProjetInfoSolo/IsekaiLife 4.15/Content/InventorySystem/Blueprints/BP_Inventory.uasset
[2017.03.16-15.02.15:429][850]LogMetaData: Removing '/Game/InventorySystem/Widgets/DraggedItem.SKEL_DraggedItem_C' ref from Metadata '/Game/InventorySystem/Widgets/DragedItem.PackageMetaData'
[2017.03.16-15.02.15:429][850]LogMetaData: Removing '/Game/InventorySystem/Widgets/DraggedItem.DraggedItem_C' ref from Metadata '/Game/InventorySystem/Widgets/DragedItem.PackageMetaData'
[2017.03.16-15.02.15:429][850]LogMetaData: Removing '/Game/InventorySystem/Widgets/DraggedItem.DraggedItem:EventGraph.K2Node_Event_0' ref from Metadata '/Game/InventorySystem/Widgets/DragedItem.PackageMetaData'
[2017.03.16-15.02.15:429][850]LogMetaData: Removing '/Game/InventorySystem/Widgets/DraggedItem.DraggedItem:EventGraph.K2Node_Event_1' ref from Metadata '/Game/InventorySystem/Widgets/DragedItem.PackageMetaData'
[2017.03.16-15.02.15:441][850]Cmd: OBJ SAVEPACKAGE PACKAGE="/Game/InventorySystem/Widgets/DraggedItem" FILE="X:/Aratim/Documents/GitHub/ProjetInfoSolo/IsekaiLife 4.15/Content/InventorySystem/Widgets/DraggedItem.uasset" SILENT=true
[2017.03.16-15.02.15:451][850]LogSavePackage: Save=7.66ms
[2017.03.16-15.02.15:451][850]LogSavePackage: Moving 'X:/Aratim/Documents/GitHub/ProjetInfoSolo/IsekaiLife 4.15/Saved/DraggedItem60C0003C4C6CDE47AAAE5AA9315F9EA5.tmp' to 'X:/Aratim/Documents/GitHub/ProjetInfoSolo/IsekaiLife 4.15/Content/InventorySystem/Widgets/DraggedItem.uasset'
[2017.03.16-15.02.15:452][850]LogSavePackage:Display: Finished SavePackage X:/Aratim/Documents/GitHub/ProjetInfoSolo/IsekaiLife 4.15/Content/InventorySystem/Widgets/DraggedItem.uasset
[2017.03.16-15.07.34:809][705]LogFileHelpers: Editor autosave (incl. sublevels) for '/Game/ThirdPersonBP/Maps/ThirdPersonExampleMap' took 0.026
[2017.03.16-15.07.34:838][705]LogSavePackage: Save=3.36ms
[2017.03.16-15.07.34:838][705]LogSavePackage: Moving 'X:/Aratim/Documents/GitHub/ProjetInfoSolo/IsekaiLife 4.15/Saved/DragedItem_Auto7F4249B3A4F2398831E9A1B9838F1F454.tmp' to 'X:/Aratim/Documents/GitHub/ProjetInfoSolo/IsekaiLife 4.15/Saved/Autosaves/Game/InventorySystem/Widgets/DragedItem_Auto7.uasset'
[2017.03.16-15.07.34:839][705]LogSavePackage:Display: Finished SavePackage X:/Aratim/Documents/GitHub/ProjetInfoSolo/IsekaiLife 4.15/Saved/Autosaves/Game/InventorySystem/Widgets/DragedItem_Auto7.uasset
[2017.03.16-15.07.34:839][705]OBJ SavePackage: Generating thumbnails for [0] asset(s) in package [/Game/InventorySystem/Widgets/DraggedItem] ([1] browsable assets)...
[2017.03.16-15.07.34:839][705]OBJ SavePackage: Finished generating thumbnails for package [/Game/InventorySystem/Widgets/DraggedItem]
[2017.03.16-15.07.34:864][705]LogSavePackage: Save=7.76ms
[2017.03.16-15.07.34:864][705]LogSavePackage: Moving 'X:/Aratim/Documents/GitHub/ProjetInfoSolo/IsekaiLife 4.15/Saved/DraggedItem_Auto7432792014F939036E33B1AAE3D35C16B.tmp' to 'X:/Aratim/Documents/GitHub/ProjetInfoSolo/IsekaiLife 4.15/Saved/Autosaves/Game/InventorySystem/Widgets/DraggedItem_Auto7.uasset'
[2017.03.16-15.07.34:865][705]LogSavePackage:Display: Finished SavePackage X:/Aratim/Documents/GitHub/ProjetInfoSolo/IsekaiLife 4.15/Saved/Autosaves/Game/InventorySystem/Widgets/DraggedItem_Auto7.uasset
[2017.03.16-15.07.34:865][705]LogFileHelpers: Auto-saving content packages took 0.055
[2017.03.16-15.24.37:468][ 94]LogClass:Warning: Type mismatch in Amont of SKEL_DraggedItem_C - Previous (StructProperty) Current(IntProperty) for package:  FObjectReader
[2017.03.16-15.24.50:918][924]BlueprintLog: New page: Compile DraggedItem
[2017.03.16-15.24.52:339][ 72]Cmd: OBJ SAVEPACKAGE PACKAGE="/Game/InventorySystem/Widgets/DraggedItem" FILE="X:/Aratim/Documents/GitHub/ProjetInfoSolo/IsekaiLife 4.15/Content/InventorySystem/Widgets/DraggedItem.uasset" SILENT=true
[2017.03.16-15.24.52:378][ 72]LogSavePackage: Save=10.75ms
[2017.03.16-15.24.52:378][ 72]LogSavePackage: Moving 'X:/Aratim/Documents/GitHub/ProjetInfoSolo/IsekaiLife 4.15/Saved/DraggedItem711769BA46BE16892E4D8689E97FBF66.tmp' to 'X:/Aratim/Documents/GitHub/ProjetInfoSolo/IsekaiLife 4.15/Content/InventorySystem/Widgets/DraggedItem.uasset'
[2017.03.16-15.24.52:382][ 72]LogSavePackage:Display: Finished SavePackage X:/Aratim/Documents/GitHub/ProjetInfoSolo/IsekaiLife 4.15/Content/InventorySystem/Widgets/DraggedItem.uasset
[2017.03.16-16.38.06:157][238]BlueprintLog: New page: Compile DraggedItem
[2017.03.16-16.38.06:644][270]Cmd: OBJ SAVEPACKAGE PACKAGE="/Game/InventorySystem/Widgets/DraggedItem" FILE="X:/Aratim/Documents/GitHub/ProjetInfoSolo/IsekaiLife 4.15/Content/InventorySystem/Widgets/DraggedItem.uasset" SILENT=true
[2017.03.16-16.38.06:949][270]LogSavePackage: Save=57.63ms
[2017.03.16-16.38.06:950][270]LogSavePackage: Moving 'X:/Aratim/Documents/GitHub/ProjetInfoSolo/IsekaiLife 4.15/Saved/DraggedItemEC905CE34D0A78B3C567E8B79ADD7F09.tmp' to 'X:/Aratim/Documents/GitHub/ProjetInfoSolo/IsekaiLife 4.15/Content/InventorySystem/Widgets/DraggedItem.uasset'
[2017.03.16-16.38.06:956][270]LogSavePackage:Display: Finished SavePackage X:/Aratim/Documents/GitHub/ProjetInfoSolo/IsekaiLife 4.15/Content/InventorySystem/Widgets/DraggedItem.uasset
[2017.03.16-18.07.12:442][611]LogSavePackage: Save=138.36ms
[2017.03.16-18.07.12:442][611]LogSavePackage: Moving 'X:/Aratim/Documents/GitHub/ProjetInfoSolo/IsekaiLife 4.15/Saved/ThirdPersonExampleMap_Auto8E6099BF34239AE0728216F86390BC4ED.tmp' to 'X:/Aratim/Documents/GitHub/ProjetInfoSolo/IsekaiLife 4.15/Saved/Autosaves/Game/ThirdPersonBP/Maps/ThirdPersonExampleMap_Auto8.umap'
[2017.03.16-18.07.12:442][611]LogSavePackage:Display: Finished SavePackage X:/Aratim/Documents/GitHub/ProjetInfoSolo/IsekaiLife 4.15/Saved/Autosaves/Game/ThirdPersonBP/Maps/ThirdPersonExampleMap_Auto8.umap
[2017.03.16-18.07.12:447][611]LogFileHelpers: Editor autosave (incl. sublevels) for '/Game/ThirdPersonBP/Maps/ThirdPersonExampleMap' took 0.249
[2017.03.16-18.07.12:447][611]LogFileHelpers: Editor autosave (incl. sublevels) for all levels took 0.249
[2017.03.16-18.07.12:451][611]OBJ SavePackage: Generating thumbnails for [1] asset(s) in package [/Game/Game/Character/Player/Ch_MyCharacter] ([1] browsable assets)...
[2017.03.16-18.07.12:472][611]OBJ SavePackage:     Rendered thumbnail for [Blueprint /Game/Game/Character/Player/Ch_MyCharacter.Ch_MyCharacter]
[2017.03.16-18.07.12:472][611]OBJ SavePackage: Finished generating thumbnails for package [/Game/Game/Character/Player/Ch_MyCharacter]
[2017.03.16-18.07.12:550][611]LogSavePackage: Save=47.42ms
[2017.03.16-18.07.12:550][611]LogSavePackage: Moving 'X:/Aratim/Documents/GitHub/ProjetInfoSolo/IsekaiLife 4.15/Saved/Ch_MyCharacter_Auto8124F485A42E505176F8AAC9B10B0B63B.tmp' to 'X:/Aratim/Documents/GitHub/ProjetInfoSolo/IsekaiLife 4.15/Saved/Autosaves/Game/Game/Character/Player/Ch_MyCharacter_Auto8.uasset'
[2017.03.16-18.07.12:550][611]LogSavePackage:Display: Finished SavePackage X:/Aratim/Documents/GitHub/ProjetInfoSolo/IsekaiLife 4.15/Saved/Autosaves/Game/Game/Character/Player/Ch_MyCharacter_Auto8.uasset
[2017.03.16-18.07.12:550][611]LogFileHelpers: Auto-saving content packages took 0.101
[2017.03.16-18.09.45:675][343]BlueprintLog: New page: Compile Ch_MyCharacter
[2017.03.16-18.09.46:275][351]Cmd: OBJ SAVEPACKAGE PACKAGE="/Game/Game/Character/Player/Ch_MyCharacter" FILE="X:/Aratim/Documents/GitHub/ProjetInfoSolo/IsekaiLife 4.15/Content/Game/Character/Player/Ch_MyCharacter.uasset" SILENT=true
[2017.03.16-18.09.46:395][351]LogSavePackage: Save=118.04ms
[2017.03.16-18.09.46:395][351]LogSavePackage: Moving 'X:/Aratim/Documents/GitHub/ProjetInfoSolo/IsekaiLife 4.15/Saved/Ch_MyCharacter665143BD4E9775D4DC979CB3F103E729.tmp' to 'X:/Aratim/Documents/GitHub/ProjetInfoSolo/IsekaiLife 4.15/Content/Game/Character/Player/Ch_MyCharacter.uasset'
[2017.03.16-18.09.46:405][351]LogSavePackage:Display: Finished SavePackage X:/Aratim/Documents/GitHub/ProjetInfoSolo/IsekaiLife 4.15/Content/Game/Character/Player/Ch_MyCharacter.uasset
[2017.03.16-18.11.14:673][116]LogClass:Warning: Type mismatch in DraggedSlot of SKEL_ItemDrag_C - Previous (StructProperty) Current(ObjectProperty) for package:  FObjectReader
[2017.03.16-18.11.39:321][307]BlueprintLog: New page: Compile ItemDrag
[2017.03.16-18.11.39:939][368]Cmd: OBJ SAVEPACKAGE PACKAGE="/Game/InventorySystem/DragAndDrop/ItemDrag" FILE="X:/Aratim/Documents/GitHub/ProjetInfoSolo/IsekaiLife 4.15/Content/InventorySystem/DragAndDrop/ItemDrag.uasset" SILENT=true
[2017.03.16-18.11.39:944][368]LogSavePackage: Save=4.45ms
[2017.03.16-18.11.39:944][368]LogSavePackage: Moving 'X:/Aratim/Documents/GitHub/ProjetInfoSolo/IsekaiLife 4.15/Saved/ItemDragA7E5C2C44B0E22FA22B5138016A6335B.tmp' to 'X:/Aratim/Documents/GitHub/ProjetInfoSolo/IsekaiLife 4.15/Content/InventorySystem/DragAndDrop/ItemDrag.uasset'
[2017.03.16-18.11.39:945][368]LogSavePackage:Display: Finished SavePackage X:/Aratim/Documents/GitHub/ProjetInfoSolo/IsekaiLife 4.15/Content/InventorySystem/DragAndDrop/ItemDrag.uasset
[2017.03.16-18.11.44:366][811]LogSavePackage: Save=159.22ms
[2017.03.16-18.11.44:366][811]LogSavePackage: Moving 'X:/Aratim/Documents/GitHub/ProjetInfoSolo/IsekaiLife 4.15/Saved/ThirdPersonExampleMap6919EEDF4661A494A70BF0B497ED1CDB.tmp' to 'X:/Aratim/Documents/GitHub/ProjetInfoSolo/IsekaiLife 4.15/Content/ThirdPersonBP/Maps/ThirdPersonExampleMap.umap'
[2017.03.16-18.11.44:371][811]LogSavePackage:Display: Finished SavePackage X:/Aratim/Documents/GitHub/ProjetInfoSolo/IsekaiLife 4.15/Content/ThirdPersonBP/Maps/ThirdPersonExampleMap.umap
[2017.03.16-18.11.44:810][811]LogSavePackage: Save=178.68ms
[2017.03.16-18.11.44:810][811]LogSavePackage: Moving 'X:/Aratim/Documents/GitHub/ProjetInfoSolo/IsekaiLife 4.15/Saved/ThirdPersonExampleMap_BuiltData5A717E034A2254A668D713AFC29D6157.tmp' to 'X:/Aratim/Documents/GitHub/ProjetInfoSolo/IsekaiLife 4.15/Content/ThirdPersonBP/Maps/ThirdPersonExampleMap_BuiltData.uasset'
[2017.03.16-18.11.44:811][811]LogSavePackage:Display: Finished SavePackage X:/Aratim/Documents/GitHub/ProjetInfoSolo/IsekaiLife 4.15/Content/ThirdPersonBP/Maps/ThirdPersonExampleMap_BuiltData.uasset
[2017.03.16-18.13.45:770][693]BlueprintLog: New page: Compile InventorySlot
[2017.03.16-18.13.46:380][747]Cmd: OBJ SAVEPACKAGE PACKAGE="/Game/InventorySystem/Widgets/InventorySlot" FILE="X:/Aratim/Documents/GitHub/ProjetInfoSolo/IsekaiLife 4.15/Content/InventorySystem/Widgets/InventorySlot.uasset" SILENT=true
[2017.03.16-18.13.46:751][747]LogSavePackage: Save=70.79ms
[2017.03.16-18.13.46:751][747]LogSavePackage: Moving 'X:/Aratim/Documents/GitHub/ProjetInfoSolo/IsekaiLife 4.15/Saved/InventorySlotB1BAA6CB4340037ED52B1FB7212647F2.tmp' to 'X:/Aratim/Documents/GitHub/ProjetInfoSolo/IsekaiLife 4.15/Content/InventorySystem/Widgets/InventorySlot.uasset'
[2017.03.16-18.13.46:798][747]LogSavePackage:Display: Finished SavePackage X:/Aratim/Documents/GitHub/ProjetInfoSolo/IsekaiLife 4.15/Content/InventorySystem/Widgets/InventorySlot.uasset
[2017.03.16-18.14.09:180][851]LogSlate:Warning: Prevented a slow task dialog from being summoned while a context menu was open
[2017.03.16-18.14.43:781][175]BlueprintLog: New page: Compile DraggedItem
[2017.03.16-18.14.44:457][219]Cmd: OBJ SAVEPACKAGE PACKAGE="/Game/InventorySystem/Widgets/DraggedItem" FILE="X:/Aratim/Documents/GitHub/ProjetInfoSolo/IsekaiLife 4.15/Content/InventorySystem/Widgets/DraggedItem.uasset" SILENT=true
[2017.03.16-18.14.44:476][219]LogSavePackage: Save=14.03ms
[2017.03.16-18.14.44:476][219]LogSavePackage: Moving 'X:/Aratim/Documents/GitHub/ProjetInfoSolo/IsekaiLife 4.15/Saved/DraggedItemC18EB3044AEAE42629889DB2F5B35778.tmp' to 'X:/Aratim/Documents/GitHub/ProjetInfoSolo/IsekaiLife 4.15/Content/InventorySystem/Widgets/DraggedItem.uasset'
[2017.03.16-18.14.44:477][219]LogSavePackage:Display: Finished SavePackage X:/Aratim/Documents/GitHub/ProjetInfoSolo/IsekaiLife 4.15/Content/InventorySystem/Widgets/DraggedItem.uasset
[2017.03.16-18.15.20:112][472]LogSlate:Warning: Prevented a slow task dialog from being summoned while a context menu was open
[2017.03.16-18.19.26:482][636]BlueprintLog: New page: Compile InventorySlot
[2017.03.16-18.19.26:988][678]Cmd: OBJ SAVEPACKAGE PACKAGE="/Game/InventorySystem/Widgets/InventorySlot" FILE="X:/Aratim/Documents/GitHub/ProjetInfoSolo/IsekaiLife 4.15/Content/InventorySystem/Widgets/InventorySlot.uasset" SILENT=true
[2017.03.16-18.19.27:032][678]LogSavePackage: Save=39.02ms
[2017.03.16-18.19.27:032][678]LogSavePackage: Moving 'X:/Aratim/Documents/GitHub/ProjetInfoSolo/IsekaiLife 4.15/Saved/InventorySlot3D931E5641657D2413717C8582178095.tmp' to 'X:/Aratim/Documents/GitHub/ProjetInfoSolo/IsekaiLife 4.15/Content/InventorySystem/Widgets/InventorySlot.uasset'
[2017.03.16-18.19.27:034][678]LogSavePackage:Display: Finished SavePackage X:/Aratim/Documents/GitHub/ProjetInfoSolo/IsekaiLife 4.15/Content/InventorySystem/Widgets/InventorySlot.uasset
[2017.03.16-18.20.08:366][244]BlueprintLog: New page: Compile InventorySlot
[2017.03.16-18.20.08:994][285]Cmd: OBJ SAVEPACKAGE PACKAGE="/Game/InventorySystem/Widgets/InventorySlot" FILE="X:/Aratim/Documents/GitHub/ProjetInfoSolo/IsekaiLife 4.15/Content/InventorySystem/Widgets/InventorySlot.uasset" SILENT=true
[2017.03.16-18.20.09:035][285]LogSavePackage: Save=39.35ms
[2017.03.16-18.20.09:035][285]LogSavePackage: Moving 'X:/Aratim/Documents/GitHub/ProjetInfoSolo/IsekaiLife 4.15/Saved/InventorySlot488F42D54515FA2F14BBBC94EEAF2F56.tmp' to 'X:/Aratim/Documents/GitHub/ProjetInfoSolo/IsekaiLife 4.15/Content/InventorySystem/Widgets/InventorySlot.uasset'
[2017.03.16-18.20.09:036][285]LogSavePackage:Display: Finished SavePackage X:/Aratim/Documents/GitHub/ProjetInfoSolo/IsekaiLife 4.15/Content/InventorySystem/Widgets/InventorySlot.uasset
[2017.03.16-18.21.20:980][970]BlueprintLog: New page: Compile InventorySlot
[2017.03.16-18.21.21:527][  3]Cmd: OBJ SAVEPACKAGE PACKAGE="/Game/InventorySystem/Widgets/InventorySlot" FILE="X:/Aratim/Documents/GitHub/ProjetInfoSolo/IsekaiLife 4.15/Content/InventorySystem/Widgets/InventorySlot.uasset" SILENT=true
[2017.03.16-18.21.21:569][  3]LogSavePackage: Save=41.09ms
[2017.03.16-18.21.21:569][  3]LogSavePackage: Moving 'X:/Aratim/Documents/GitHub/ProjetInfoSolo/IsekaiLife 4.15/Saved/InventorySlotFDF753A44BC83044240177BDF747884C.tmp' to 'X:/Aratim/Documents/GitHub/ProjetInfoSolo/IsekaiLife 4.15/Content/InventorySystem/Widgets/InventorySlot.uasset'
[2017.03.16-18.21.21:571][  3]LogSavePackage:Display: Finished SavePackage X:/Aratim/Documents/GitHub/ProjetInfoSolo/IsekaiLife 4.15/Content/InventorySystem/Widgets/InventorySlot.uasset
[2017.03.16-18.22.19:287][253]LogFileHelpers: Editor autosave (incl. sublevels) for '/Game/ThirdPersonBP/Maps/ThirdPersonExampleMap' took 0.017
[2017.03.16-18.22.19:288][253]OBJ SavePackage: Generating thumbnails for [0] asset(s) in package [/Game/InventorySystem/Widgets/InventorySlot] ([1] browsable assets)...
[2017.03.16-18.22.19:288][253]OBJ SavePackage: Finished generating thumbnails for package [/Game/InventorySystem/Widgets/InventorySlot]
[2017.03.16-18.22.19:331][253]LogSavePackage: Save=41.25ms
[2017.03.16-18.22.19:331][253]LogSavePackage: Moving 'X:/Aratim/Documents/GitHub/ProjetInfoSolo/IsekaiLife 4.15/Saved/InventorySlot_Auto9A1D3163548DBD0D520748AA541F31195.tmp' to 'X:/Aratim/Documents/GitHub/ProjetInfoSolo/IsekaiLife 4.15/Saved/Autosaves/Game/InventorySystem/Widgets/InventorySlot_Auto9.uasset'
[2017.03.16-18.22.19:332][253]LogSavePackage:Display: Finished SavePackage X:/Aratim/Documents/GitHub/ProjetInfoSolo/IsekaiLife 4.15/Saved/Autosaves/Game/InventorySystem/Widgets/InventorySlot_Auto9.uasset
[2017.03.16-18.22.19:332][253]LogFileHelpers: Auto-saving content packages took 0.044
[2017.03.16-18.22.58:344][406]BlueprintLog: New page: Compile InventorySlot
[2017.03.16-18.22.58:920][450]Cmd: OBJ SAVEPACKAGE PACKAGE="/Game/InventorySystem/Widgets/InventorySlot" FILE="X:/Aratim/Documents/GitHub/ProjetInfoSolo/IsekaiLife 4.15/Content/InventorySystem/Widgets/InventorySlot.uasset" SILENT=true
[2017.03.16-18.22.58:963][450]LogSavePackage: Save=40.91ms
[2017.03.16-18.22.58:963][450]LogSavePackage: Moving 'X:/Aratim/Documents/GitHub/ProjetInfoSolo/IsekaiLife 4.15/Saved/InventorySlot8DC7AB7F49222E7AD8EEA4AF15AF0568.tmp' to 'X:/Aratim/Documents/GitHub/ProjetInfoSolo/IsekaiLife 4.15/Content/InventorySystem/Widgets/InventorySlot.uasset'
[2017.03.16-18.22.58:964][450]LogSavePackage:Display: Finished SavePackage X:/Aratim/Documents/GitHub/ProjetInfoSolo/IsekaiLife 4.15/Content/InventorySystem/Widgets/InventorySlot.uasset
[2017.03.16-18.26.02:772][964]BlueprintLog: New page: Compile InventorySlot
[2017.03.16-18.26.03:357][ 15]Cmd: OBJ SAVEPACKAGE PACKAGE="/Game/InventorySystem/Widgets/InventorySlot" FILE="X:/Aratim/Documents/GitHub/ProjetInfoSolo/IsekaiLife 4.15/Content/InventorySystem/Widgets/InventorySlot.uasset" SILENT=true
[2017.03.16-18.26.03:404][ 15]LogSavePackage: Save=42.95ms
[2017.03.16-18.26.03:404][ 15]LogSavePackage: Moving 'X:/Aratim/Documents/GitHub/ProjetInfoSolo/IsekaiLife 4.15/Saved/InventorySlot604E0094484EC58B81102784BCD92F4E.tmp' to 'X:/Aratim/Documents/GitHub/ProjetInfoSolo/IsekaiLife 4.15/Content/InventorySystem/Widgets/InventorySlot.uasset'
[2017.03.16-18.26.03:406][ 15]LogSavePackage:Display: Finished SavePackage X:/Aratim/Documents/GitHub/ProjetInfoSolo/IsekaiLife 4.15/Content/InventorySystem/Widgets/InventorySlot.uasset
[2017.03.16-18.29.56:398][477]BlueprintLog: New page: Compile InventorySlot
[2017.03.16-18.29.57:007][511]Cmd: OBJ SAVEPACKAGE PACKAGE="/Game/InventorySystem/Widgets/InventorySlot" FILE="X:/Aratim/Documents/GitHub/ProjetInfoSolo/IsekaiLife 4.15/Content/InventorySystem/Widgets/InventorySlot.uasset" SILENT=true
[2017.03.16-18.29.57:055][511]LogSavePackage: Save=46.18ms
[2017.03.16-18.29.57:055][511]LogSavePackage: Moving 'X:/Aratim/Documents/GitHub/ProjetInfoSolo/IsekaiLife 4.15/Saved/InventorySlot2DA4754741398DCCF04C98A04918675A.tmp' to 'X:/Aratim/Documents/GitHub/ProjetInfoSolo/IsekaiLife 4.15/Content/InventorySystem/Widgets/InventorySlot.uasset'
[2017.03.16-18.29.57:056][511]LogSavePackage:Display: Finished SavePackage X:/Aratim/Documents/GitHub/ProjetInfoSolo/IsekaiLife 4.15/Content/InventorySystem/Widgets/InventorySlot.uasset
[2017.03.16-18.30.24:674][856]LogTemp: Repeting last play command: Selected Viewport
[2017.03.16-18.30.24:690][856]LogBlueprintUserMessages: Early PlayInEditor Detection: Level '/Game/ThirdPersonBP/Maps/ThirdPersonExampleMap.ThirdPersonExampleMap:PersistentLevel' has LevelScriptBlueprint '/Game/ThirdPersonBP/Maps/ThirdPersonExampleMap.ThirdPersonExampleMap:PersistentLevel.ThirdPersonExampleMap' with GeneratedClass '/Game/ThirdPersonBP/Maps/ThirdPersonExampleMap.ThirdPersonExampleMap_C' with ClassGeneratedBy '/Game/ThirdPersonBP/Maps/ThirdPersonExampleMap.ThirdPersonExampleMap:PersistentLevel.ThirdPersonExampleMap'
[2017.03.16-18.30.24:691][856]LogPlayLevel: PlayLevel: No blueprints needed recompiling
[2017.03.16-18.30.24:696][856]PIE: New page: PIE session: ThirdPersonExampleMap (Mar 16, 2017, 8:30:24 PM)
[2017.03.16-18.30.24:697][856]LogPlayLevel: Creating play world package: /Game/ThirdPersonBP/Maps/UEDPIE_0_ThirdPersonExampleMap
[2017.03.16-18.30.24:724][856]LogPlayLevel: PIE: StaticDuplicateObject took: (0.026957s)
[2017.03.16-18.30.24:725][856]LogAIModule: Creating AISystem for world ThirdPersonExampleMap
[2017.03.16-18.30.24:725][856]LogPlayLevel: PIE: World Init took: (0.001518s)
[2017.03.16-18.30.24:726][856]LogPlayLevel: PIE: Created PIE world by copying editor world from /Game/ThirdPersonBP/Maps/ThirdPersonExampleMap.ThirdPersonExampleMap to /Game/ThirdPersonBP/Maps/UEDPIE_0_ThirdPersonExampleMap.ThirdPersonExampleMap (0.029515s)
[2017.03.16-18.30.24:753][856]LogInit: XAudio2 using 'Haut-parleurs (2- USB Audio Device)' : 2 channels at 44.1 kHz using 16 bits per sample (channel mask 0x3)
[2017.03.16-18.30.24:759][856]LogInit: FAudioDevice initialized.
[2017.03.16-18.30.24:911][856]LogBlueprint:Warning: [Compiler ThirdPersonCharacter] Warning InputAction Event references unknown Action 'ResetVR' for  InputAction ResetVR
[2017.03.16-18.30.24:918][856]LogBlueprint:Warning: [Compiler ThirdPersonCharacter] Warning [9440.69] Compile of ThirdPersonCharacter successful, but with 1 Warning(s) [in 15 ms] (/Game/ThirdPersonBP/Blueprints/ThirdPersonCharacter.ThirdPersonCharacter)
[2017.03.16-18.30.24:918][856]LogBlueprint:Warning: [Compiler ThirdPersonCharacter] Warning [9440.69] Compile of ThirdPersonCharacter successful, but with 2 Warning(s) [in 0 ms] (/Game/ThirdPersonBP/Blueprints/ThirdPersonCharacter.ThirdPersonCharacter)
[2017.03.16-18.30.24:918][856]LogBlueprint:Warning: [Compiler ThirdPersonCharacter] Warning [9440.69] Compile of ThirdPersonCharacter successful, but with 3 Warning(s) [in 0 ms] (/Game/ThirdPersonBP/Blueprints/ThirdPersonCharacter.ThirdPersonCharacter)
[2017.03.16-18.30.24:928][856]LogBlueprint:Warning: [Compiler ThirdPersonCharacter] Warning InputAction Event references unknown Action 'ResetVR' for  InputAction ResetVR
[2017.03.16-18.30.24:935][856]LogBlueprint:Warning: [Compiler ThirdPersonCharacter] Warning [9440.71] Compile of ThirdPersonCharacter successful, but with 1 Warning(s) [in 14 ms] (/Game/ThirdPersonBP/Blueprints/ThirdPersonCharacter.ThirdPersonCharacter)
[2017.03.16-18.30.24:935][856]LogBlueprint:Warning: [Compiler ThirdPersonCharacter] Warning [9440.71] Compile of ThirdPersonCharacter successful, but with 2 Warning(s) [in 0 ms] (/Game/ThirdPersonBP/Blueprints/ThirdPersonCharacter.ThirdPersonCharacter)
[2017.03.16-18.30.24:936][856]LogBlueprint:Warning: [Compiler ThirdPersonCharacter] Warning [9440.71] Compile of ThirdPersonCharacter successful, but with 3 Warning(s) [in 0 ms] (/Game/ThirdPersonBP/Blueprints/ThirdPersonCharacter.ThirdPersonCharacter)
[2017.03.16-18.30.24:958][856]LogLoad: Game class is 'ThirdPersonGameMode_C'
[2017.03.16-18.30.24:962][856]LogWorld: Bringing World /Game/ThirdPersonBP/Maps/UEDPIE_0_ThirdPersonExampleMap.ThirdPersonExampleMap up for play (max tick rate 0) at 2017.03.16-19.30.24
[2017.03.16-18.30.24:966][856]LogWorld: Bringing up level for play took: 0.006789
[2017.03.16-18.30.26:509][856]LogContentBrowser: Native class hierarchy updated for 'MovieSceneCapture' in 0.0009 seconds. Added 11 classes and 0 folders.
[2017.03.16-18.30.26:532][856]PIE: Info Play in editor start time for /Game/ThirdPersonBP/Maps/UEDPIE_0_ThirdPersonExampleMap 1.995
[2017.03.16-18.30.26:532][856]LogBlueprintUserMessages: Late PlayInEditor Detection: Level '/Game/ThirdPersonBP/Maps/ThirdPersonExampleMap.ThirdPersonExampleMap:PersistentLevel' has LevelScriptBlueprint '/Game/ThirdPersonBP/Maps/ThirdPersonExampleMap.ThirdPersonExampleMap:PersistentLevel.ThirdPersonExampleMap' with GeneratedClass '/Game/ThirdPersonBP/Maps/ThirdPersonExampleMap.ThirdPersonExampleMap_C' with ClassGeneratedBy '/Game/ThirdPersonBP/Maps/ThirdPersonExampleMap.ThirdPersonExampleMap:PersistentLevel.ThirdPersonExampleMap'
[2017.03.16-18.30.26:566][856]LogRenderer: Reallocating scene render targets to support 1292x756 NumSamples 1 (Frame:8722).
[2017.03.16-18.31.32:178][701]LogBlueprintUserMessages: Early EndPlayMap Detection: Level '/Game/ThirdPersonBP/Maps/ThirdPersonExampleMap.ThirdPersonExampleMap:PersistentLevel' has LevelScriptBlueprint '/Game/ThirdPersonBP/Maps/ThirdPersonExampleMap.ThirdPersonExampleMap:PersistentLevel.ThirdPersonExampleMap' with GeneratedClass '/Game/ThirdPersonBP/Maps/ThirdPersonExampleMap.ThirdPersonExampleMap_C' with ClassGeneratedBy '/Game/ThirdPersonBP/Maps/ThirdPersonExampleMap.ThirdPersonExampleMap:PersistentLevel.ThirdPersonExampleMap'
[2017.03.16-18.31.32:224][701]LogBlueprintUserMessages: Late EndPlayMap Detection: Level '/Game/ThirdPersonBP/Maps/ThirdPersonExampleMap.ThirdPersonExampleMap:PersistentLevel' has LevelScriptBlueprint '/Game/ThirdPersonBP/Maps/ThirdPersonExampleMap.ThirdPersonExampleMap:PersistentLevel.ThirdPersonExampleMap' with GeneratedClass '/Game/ThirdPersonBP/Maps/ThirdPersonExampleMap.ThirdPersonExampleMap_C' with ClassGeneratedBy '/Game/ThirdPersonBP/Maps/ThirdPersonExampleMap.ThirdPersonExampleMap:PersistentLevel.ThirdPersonExampleMap'
[2017.03.16-18.51.01:414][920]LogFileHelpers: Editor autosave (incl. sublevels) for '/Game/ThirdPersonBP/Maps/ThirdPersonExampleMap' took 0.023
[2017.03.16-18.51.01:416][920]OBJ SavePackage: Generating thumbnails for [0] asset(s) in package [/Game/InventorySystem/Widgets/InventorySlot] ([1] browsable assets)...
[2017.03.16-18.51.01:416][920]OBJ SavePackage: Finished generating thumbnails for package [/Game/InventorySystem/Widgets/InventorySlot]
[2017.03.16-18.51.01:497][920]LogSavePackage: Save=70.55ms
[2017.03.16-18.51.01:497][920]LogSavePackage: Moving 'X:/Aratim/Documents/GitHub/ProjetInfoSolo/IsekaiLife 4.15/Saved/InventorySlot_Auto0D4EF6A32494809CAD7FD68991FD9036E.tmp' to 'X:/Aratim/Documents/GitHub/ProjetInfoSolo/IsekaiLife 4.15/Saved/Autosaves/Game/InventorySystem/Widgets/InventorySlot_Auto0.uasset'
[2017.03.16-18.51.01:499][920]LogSavePackage:Display: Finished SavePackage X:/Aratim/Documents/GitHub/ProjetInfoSolo/IsekaiLife 4.15/Saved/Autosaves/Game/InventorySystem/Widgets/InventorySlot_Auto0.uasset
[2017.03.16-18.51.01:499][920]LogFileHelpers: Auto-saving content packages took 0.083
[2017.03.16-18.59.36:664][503]BlueprintLog: New page: Compile InventorySlot
[2017.03.16-18.59.36:960][503]BlueprintEditorCompileResults: Info The execution path doesn't end with a return node.  True
[2017.03.16-18.59.36:960][503]BlueprintEditorCompileResults: Info The execution path doesn't end with a return node.  False
[2017.03.16-18.59.37:288][534]Cmd: OBJ SAVEPACKAGE PACKAGE="/Game/InventorySystem/Widgets/InventorySlot" FILE="X:/Aratim/Documents/GitHub/ProjetInfoSolo/IsekaiLife 4.15/Content/InventorySystem/Widgets/InventorySlot.uasset" SILENT=true
[2017.03.16-18.59.37:594][534]LogSavePackage: Save=299.05ms
[2017.03.16-18.59.37:594][534]LogSavePackage: Moving 'X:/Aratim/Documents/GitHub/ProjetInfoSolo/IsekaiLife 4.15/Saved/InventorySlotE12B1984479F75A33A8A978BE67DB4DC.tmp' to 'X:/Aratim/Documents/GitHub/ProjetInfoSolo/IsekaiLife 4.15/Content/InventorySystem/Widgets/InventorySlot.uasset'
[2017.03.16-18.59.37:596][534]LogSavePackage:Display: Finished SavePackage X:/Aratim/Documents/GitHub/ProjetInfoSolo/IsekaiLife 4.15/Content/InventorySystem/Widgets/InventorySlot.uasset
[2017.03.16-19.01.02:324][ 75]BlueprintLog: New page: Compile BP_Inventory
[2017.03.16-19.01.27:252][939]BlueprintLog: New page: Compile InventorySlot
[2017.03.16-19.01.27:426][939]BlueprintEditorCompileResults: Info The execution path doesn't end with a return node.  True
[2017.03.16-19.01.27:426][939]BlueprintEditorCompileResults: Info The execution path doesn't end with a return node.  False
[2017.03.16-19.01.40:333][425]Cmd: OBJ SAVEPACKAGE PACKAGE="/Game/InventorySystem/Widgets/InventorySlot" FILE="X:/Aratim/Documents/GitHub/ProjetInfoSolo/IsekaiLife 4.15/Content/InventorySystem/Widgets/InventorySlot.uasset" SILENT=true
[2017.03.16-19.01.40:395][425]LogSavePackage: Save=59.74ms
[2017.03.16-19.01.40:395][425]LogSavePackage: Moving 'X:/Aratim/Documents/GitHub/ProjetInfoSolo/IsekaiLife 4.15/Saved/InventorySlot7E5AD15E4D8DF101980DD7931060775F.tmp' to 'X:/Aratim/Documents/GitHub/ProjetInfoSolo/IsekaiLife 4.15/Content/InventorySystem/Widgets/InventorySlot.uasset'
[2017.03.16-19.01.40:396][425]LogSavePackage:Display: Finished SavePackage X:/Aratim/Documents/GitHub/ProjetInfoSolo/IsekaiLife 4.15/Content/InventorySystem/Widgets/InventorySlot.uasset
[2017.03.16-19.02.42:212][557]LogFileHelpers: Editor autosave (incl. sublevels) for '/Game/ThirdPersonBP/Maps/ThirdPersonExampleMap' took 0.027
[2017.03.16-19.02.42:215][557]OBJ SavePackage: Generating thumbnails for [0] asset(s) in package [/Game/InventorySystem/Widgets/InventorySlot] ([1] browsable assets)...
[2017.03.16-19.02.42:215][557]OBJ SavePackage: Finished generating thumbnails for package [/Game/InventorySystem/Widgets/InventorySlot]
[2017.03.16-19.02.42:289][557]LogSavePackage: Save=72.10ms
[2017.03.16-19.02.42:289][557]LogSavePackage: Moving 'X:/Aratim/Documents/GitHub/ProjetInfoSolo/IsekaiLife 4.15/Saved/InventorySlot_Auto164FB725248F3308454D48CB594B4F154.tmp' to 'X:/Aratim/Documents/GitHub/ProjetInfoSolo/IsekaiLife 4.15/Saved/Autosaves/Game/InventorySystem/Widgets/InventorySlot_Auto1.uasset'
[2017.03.16-19.02.42:290][557]LogSavePackage:Display: Finished SavePackage X:/Aratim/Documents/GitHub/ProjetInfoSolo/IsekaiLife 4.15/Saved/Autosaves/Game/InventorySystem/Widgets/InventorySlot_Auto1.uasset
[2017.03.16-19.02.42:290][557]LogFileHelpers: Auto-saving content packages took 0.077
[2017.03.16-19.04.00:401][424]BlueprintLog: New page: Compile BP_Inventory
[2017.03.16-19.04.01:502][464]LogSavePackage: Save=169.07ms
[2017.03.16-19.04.01:502][464]LogSavePackage: Moving 'X:/Aratim/Documents/GitHub/ProjetInfoSolo/IsekaiLife 4.15/Saved/BP_Inventory879946064D821947A459609C1895EDDA.tmp' to 'X:/Aratim/Documents/GitHub/ProjetInfoSolo/IsekaiLife 4.15/Content/InventorySystem/Blueprints/BP_Inventory.uasset'
[2017.03.16-19.04.01:504][464]LogSavePackage:Display: Finished SavePackage X:/Aratim/Documents/GitHub/ProjetInfoSolo/IsekaiLife 4.15/Content/InventorySystem/Blueprints/BP_Inventory.uasset
[2017.03.16-19.07.01:602][ 63]BlueprintLog: New page: Compile InventorySlot
[2017.03.16-19.07.01:780][ 63]BlueprintEditorCompileResults: Info The execution path doesn't end with a return node.  True
[2017.03.16-19.07.01:780][ 63]BlueprintEditorCompileResults: Info The execution path doesn't end with a return node.  False
[2017.03.16-19.07.02:180][107]Cmd: OBJ SAVEPACKAGE PACKAGE="/Game/InventorySystem/Widgets/InventorySlot" FILE="X:/Aratim/Documents/GitHub/ProjetInfoSolo/IsekaiLife 4.15/Content/InventorySystem/Widgets/InventorySlot.uasset" SILENT=true
[2017.03.16-19.07.02:483][107]LogSavePackage: Save=295.74ms
[2017.03.16-19.07.02:483][107]LogSavePackage: Moving 'X:/Aratim/Documents/GitHub/ProjetInfoSolo/IsekaiLife 4.15/Saved/InventorySlotF8E0289148085481363753885313ACE9.tmp' to 'X:/Aratim/Documents/GitHub/ProjetInfoSolo/IsekaiLife 4.15/Content/InventorySystem/Widgets/InventorySlot.uasset'
[2017.03.16-19.07.02:485][107]LogSavePackage:Display: Finished SavePackage X:/Aratim/Documents/GitHub/ProjetInfoSolo/IsekaiLife 4.15/Content/InventorySystem/Widgets/InventorySlot.uasset
[2017.03.16-19.07.18:525][508]Cmd: OBJ SAVEPACKAGE PACKAGE="/Game/InventorySystem/Widgets/DragedItem" FILE="X:/Aratim/Documents/GitHub/ProjetInfoSolo/IsekaiLife 4.15/Content/InventorySystem/Widgets/DragedItem.uasset" SILENT=true
[2017.03.16-19.07.18:531][508]LogSavePackage: Save=3.83ms
[2017.03.16-19.07.18:531][508]LogSavePackage: Moving 'X:/Aratim/Documents/GitHub/ProjetInfoSolo/IsekaiLife 4.15/Saved/DragedItem2852110F4F0732B511B60B8C4635DB33.tmp' to 'X:/Aratim/Documents/GitHub/ProjetInfoSolo/IsekaiLife 4.15/Content/InventorySystem/Widgets/DragedItem.uasset'
[2017.03.16-19.07.18:535][508]LogSavePackage:Display: Finished SavePackage X:/Aratim/Documents/GitHub/ProjetInfoSolo/IsekaiLife 4.15/Content/InventorySystem/Widgets/DragedItem.uasset
[2017.03.16-19.07.18:926][509]Cmd: QUIT_EDITOR
[2017.03.16-19.07.19:628][509]LogWindowsTextInputMethodSystem:Display: IME system now deactivated.
[2017.03.16-19.07.19:683][509]LogExit: Preparing to exit.
[2017.03.16-19.07.20:923][509]LogExit: Editor shut down
[2017.03.16-19.07.20:924][509]LogExit: Transaction tracking system shut down
[2017.03.16-19.07.21:206][509]LogObj: Freed 0b from 0 cluster array pools.
[2017.03.16-19.07.21:206][509]LogExit: Object subsystem successfully closed.
[2017.03.16-19.07.21:240][509]LogD3D11RHI: Shutdown
[2017.03.16-19.07.21:240][509]LogD3D11RHI: CleanupD3DDevice
[2017.03.16-19.07.21:352][509]LogD3D11RHI: ~FD3D11DynamicRHI
[2017.03.16-19.07.21:396][509]LogModuleManager: Shutting down and abandoning module MovieSceneCapture (504)
[2017.03.16-19.07.21:396][509]LogModuleManager: Shutting down and abandoning module SequencerWidgets (502)
[2017.03.16-19.07.21:396][509]LogModuleManager: Shutting down and abandoning module BlueprintGraph (500)
[2017.03.16-19.07.21:396][509]LogModuleManager: Shutting down and abandoning module BlueprintProfiler (498)
[2017.03.16-19.07.21:398][509]LogModuleManager: Shutting down and abandoning module HierarchicalLODOutliner (496)
[2017.03.16-19.07.21:399][509]LogModuleManager: Shutting down and abandoning module CrashTracker (494)
[2017.03.16-19.07.21:399][509]LogModuleManager: Shutting down and abandoning module SceneOutliner (492)
[2017.03.16-19.07.21:399][509]LogModuleManager: Shutting down and abandoning module AddContentDialog (490)
[2017.03.16-19.07.21:399][509]LogDirectoryWatcher: A directory notification for 'C:/Program Files/Epic Games/UE_4.15/FeaturePacks/' was aborted.
[2017.03.16-19.07.21:406][509]LogModuleManager: Shutting down and abandoning module WidgetCarousel (489)
[2017.03.16-19.07.21:406][509]LogModuleManager: Shutting down and abandoning module EditorWidgets (486)
[2017.03.16-19.07.21:406][509]LogModuleManager: Shutting down and abandoning module CollectionManager (484)
[2017.03.16-19.07.21:407][509]LogDirectoryWatcher: A directory notification for 'X:/Aratim/Documents/GitHub/ProjetInfoSolo/IsekaiLife 4.15/Content/Collections/' was aborted.
[2017.03.16-19.07.21:407][509]LogDirectoryWatcher: A directory notification for 'X:/Aratim/Documents/GitHub/ProjetInfoSolo/IsekaiLife 4.15/Content/Developers/Aratim/Collections/' was aborted.
[2017.03.16-19.07.21:407][509]LogDirectoryWatcher: A directory notification for 'X:/Aratim/Documents/GitHub/ProjetInfoSolo/IsekaiLife 4.15/Saved/Collections/' was aborted.
[2017.03.16-19.07.21:407][509]LogModuleManager: Shutting down and abandoning module StatsViewer (482)
[2017.03.16-19.07.21:408][509]LogModuleManager: Shutting down and abandoning module FoliageEdit (480)
[2017.03.16-19.07.21:408][509]LogModuleManager: Shutting down and abandoning module LandscapeEditor (478)
[2017.03.16-19.07.21:409][509]LogModuleManager: Shutting down and abandoning module SceneDepthPickerMode (476)
[2017.03.16-19.07.21:409][509]LogModuleManager: Shutting down and abandoning module ActorPickerMode (474)
[2017.03.16-19.07.21:409][509]LogModuleManager: Shutting down and abandoning module GeometryMode (472)
[2017.03.16-19.07.21:409][509]LogModuleManager: Shutting down and abandoning module TextureAlignMode (470)
[2017.03.16-19.07.21:409][509]LogModuleManager: Shutting down and abandoning module BspMode (468)
[2017.03.16-19.07.21:409][509]LogModuleManager: Shutting down and abandoning module HardwareSurvey (466)
[2017.03.16-19.07.21:409][509]LogModuleManager: Shutting down and abandoning module SequenceRecorderSections (464)
[2017.03.16-19.07.21:410][509]LogModuleManager: Shutting down and abandoning module AutomationWorker (462)
[2017.03.16-19.07.21:410][509]LogModuleManager: Shutting down and abandoning module MatineeToLevelSequence (460)
[2017.03.16-19.07.21:410][509]LogModuleManager: Shutting down and abandoning module LevelSequenceEditor (458)
[2017.03.16-19.07.21:412][509]LogModuleManager: Shutting down and abandoning module PlacementMode (457)
[2017.03.16-19.07.21:412][509]LogModuleManager: Shutting down and abandoning module WmfMediaFactory (454)
[2017.03.16-19.07.21:412][509]LogModuleManager: Shutting down and abandoning module WmfMediaEditor (452)
[2017.03.16-19.07.21:412][509]LogModuleManager: Shutting down and abandoning module MfMediaFactory (450)
[2017.03.16-19.07.21:412][509]LogModuleManager: Shutting down and abandoning module MfMediaEditor (448)
[2017.03.16-19.07.21:412][509]LogModuleManager: Shutting down and abandoning module AvfMediaFactory (446)
[2017.03.16-19.07.21:412][509]LogModuleManager: Shutting down and abandoning module AvfMediaEditor (444)
[2017.03.16-19.07.21:412][509]LogModuleManager: Shutting down and abandoning module AndroidMediaFactory (442)
[2017.03.16-19.07.21:412][509]LogModuleManager: Shutting down and abandoning module Media (441)
[2017.03.16-19.07.21:412][509]LogModuleManager: Shutting down and abandoning module AndroidMediaEditor (438)
[2017.03.16-19.07.21:412][509]LogModuleManager: Shutting down and abandoning module CharacterAI (436)
[2017.03.16-19.07.21:412][509]LogModuleManager: Shutting down and abandoning module AudioCapture (434)
[2017.03.16-19.07.21:413][509]LogModuleManager: Shutting down and abandoning module SequenceRecorder (433)
[2017.03.16-19.07.21:415][509]LogModuleManager: Shutting down and abandoning module SmartSnapping (430)
[2017.03.16-19.07.21:415][509]LogModuleManager: Shutting down and abandoning module SessionServices (428)
[2017.03.16-19.07.21:415][509]LogModuleManager: Shutting down and abandoning module ViewportSnapping (426)
[2017.03.16-19.07.21:415][509]LogModuleManager: Shutting down and abandoning module ViewportInteraction (424)
[2017.03.16-19.07.21:415][509]LogModuleManager: Shutting down and abandoning module LogVisualizer (422)
[2017.03.16-19.07.21:416][509]LogModuleManager: Shutting down and abandoning module IntroTutorials (420)
[2017.03.16-19.07.21:417][509]LogModuleManager: Shutting down and abandoning module GameProjectGeneration (419)
[2017.03.16-19.07.21:419][509]LogModuleManager: Shutting down and abandoning module EditorLiveStreaming (416)
[2017.03.16-19.07.21:419][509]LogModuleManager: Shutting down and abandoning module IOSPlatformEditor (414)
[2017.03.16-19.07.21:419][509]LogModuleManager: Shutting down and abandoning module HTML5PlatformEditor (412)
[2017.03.16-19.07.21:419][509]LogModuleManager: Shutting down and abandoning module AndroidPlatformEditor (410)
[2017.03.16-19.07.21:419][509]LogModuleManager: Shutting down and abandoning module AndroidDeviceDetection (409)
[2017.03.16-19.07.22:304][509]LogModuleManager: Shutting down and abandoning module IOSRuntimeSettings (406)
[2017.03.16-19.07.22:304][509]LogModuleManager: Shutting down and abandoning module AndroidRuntimeSettings (404)
[2017.03.16-19.07.22:304][509]LogModuleManager: Shutting down and abandoning module InputBindingEditor (402)
[2017.03.16-19.07.22:308][509]LogModuleManager: Shutting down and abandoning module NiagaraEditor (400)
[2017.03.16-19.07.22:310][509]LogModuleManager: Shutting down and abandoning module MergeActors (398)
[2017.03.16-19.07.22:311][509]LogModuleManager: Shutting down and abandoning module SizeMap (396)
[2017.03.16-19.07.22:312][509]LogModuleManager: Shutting down and abandoning module TreeMap (394)
[2017.03.16-19.07.22:312][509]LogModuleManager: Shutting down and abandoning module ReferenceViewer (392)
[2017.03.16-19.07.22:313][509]LogModuleManager: Shutting down and abandoning module LocalizationDashboard (390)
[2017.03.16-19.07.22:313][509]LogModuleManager: Shutting down and abandoning module LocalizationService (389)
[2017.03.16-19.07.22:314][509]LogModuleManager: Shutting down and abandoning module HardwareTargeting (386)
[2017.03.16-19.07.22:314][509]LogModuleManager: Shutting down and abandoning module DeviceProfileEditor (384)
[2017.03.16-19.07.22:315][509]LogModuleManager: Shutting down and abandoning module UndoHistory (382)
[2017.03.16-19.07.22:315][509]LogModuleManager: Shutting down and abandoning module UserFeedback (380)
[2017.03.16-19.07.22:315][509]LogModuleManager: Shutting down and abandoning module XmlParser (378)
[2017.03.16-19.07.22:316][509]LogModuleManager: Shutting down and abandoning module Blutility (376)
[2017.03.16-19.07.22:316][509]LogModuleManager: Shutting down and abandoning module ProjectSettingsViewer (374)
[2017.03.16-19.07.22:316][509]LogModuleManager: Shutting down and abandoning module ProjectTargetPlatformEditor (373)
[2017.03.16-19.07.22:317][509]LogModuleManager: Shutting down and abandoning module EditorSettingsViewer (370)
[2017.03.16-19.07.22:317][509]LogModuleManager: Shutting down and abandoning module SettingsEditor (368)
[2017.03.16-19.07.22:318][509]LogModuleManager: Shutting down and abandoning module ProjectLauncher (366)
[2017.03.16-19.07.22:319][509]LogModuleManager: Shutting down and abandoning module SessionFrontend (364)
[2017.03.16-19.07.22:320][509]LogModuleManager: Shutting down and abandoning module ProfilerClient (362)
[2017.03.16-19.07.22:320][509]LogModuleManager: Shutting down and abandoning module DeviceManager (360)
[2017.03.16-19.07.22:322][509]LogModuleManager: Shutting down and abandoning module TargetDeviceServices (359)
[2017.03.16-19.07.22:364][509]LogModuleManager: Shutting down and abandoning module AutomationController (356)
[2017.03.16-19.07.22:365][509]LogModuleManager: Shutting down and abandoning module AutomationWindow (354)
[2017.03.16-19.07.22:366][509]LogModuleManager: Shutting down and abandoning module Layers (352)
[2017.03.16-19.07.22:368][509]LogModuleManager: Shutting down and abandoning module ComponentVisualizers (350)
[2017.03.16-19.07.22:368][509]LogModuleManager: Shutting down and abandoning module DetailCustomizations (348)
[2017.03.16-19.07.22:369][509]LogModuleManager: Shutting down and abandoning module PackagesDialog (346)
[2017.03.16-19.07.22:369][509]LogModuleManager: Shutting down and abandoning module Persona (344)
[2017.03.16-19.07.22:370][509]LogModuleManager: Shutting down and abandoning module AnimGraph (343)
[2017.03.16-19.07.22:370][509]LogModuleManager: Shutting down and abandoning module Kismet (340)
[2017.03.16-19.07.22:386][509]LogModuleManager: Shutting down and abandoning module GraphEditor (338)
[2017.03.16-19.07.22:386][509]LogModuleManager: Shutting down and abandoning module ClassViewer (336)
[2017.03.16-19.07.22:389][509]LogModuleManager: Shutting down and abandoning module Toolbox (334)
[2017.03.16-19.07.22:390][509]LogModuleManager: Shutting down and abandoning module ModuleUI (332)
[2017.03.16-19.07.22:391][509]LogModuleManager: Shutting down and abandoning module MovieSceneTools (330)
[2017.03.16-19.07.22:391][509]LogModuleManager: Shutting down and abandoning module OutputLog (328)
[2017.03.16-19.07.22:392][509]LogModuleManager: Shutting down and abandoning module GammaUI (326)
[2017.03.16-19.07.22:392][509]LogModuleManager: Shutting down and abandoning module Documentation (324)
[2017.03.16-19.07.22:395][509]LogModuleManager: Shutting down and abandoning module Niagara (322)
[2017.03.16-19.07.22:395][509]LogModuleManager: Shutting down and abandoning module StreamingPauseRendering (320)
[2017.03.16-19.07.22:395][509]LogModuleManager: Shutting down and abandoning module AnalyticsET (318)
[2017.03.16-19.07.22:395][509]LogModuleManager: Shutting down and abandoning module PortalServices (316)
[2017.03.16-19.07.22:395][509]LogModuleManager: Shutting down and abandoning module PortalRpc (314)
[2017.03.16-19.07.22:395][509]LogModuleManager: Shutting down and abandoning module MessagingRpc (312)
[2017.03.16-19.07.22:395][509]LogModuleManager: Shutting down and abandoning module AIModule (310)
[2017.03.16-19.07.22:395][509]LogModuleManager: Shutting down and abandoning module GameplayDebugger (309)
[2017.03.16-19.07.22:395][509]LogModuleManager: Shutting down and abandoning module AITestSuite (307)
[2017.03.16-19.07.22:395][509]LogModuleManager: Shutting down and abandoning module ProfilerService (304)
[2017.03.16-19.07.22:597][509]LogModuleManager: Shutting down and abandoning module TaskGraph (302)
[2017.03.16-19.07.22:599][509]LogModuleManager: Shutting down and abandoning module SteamVRController (300)
[2017.03.16-19.07.22:599][509]LogModuleManager: Shutting down and abandoning module SteamVR (298)
[2017.03.16-19.07.22:599][509]LogModuleManager: Shutting down and abandoning module ProceduralMeshComponentEditor (296)
[2017.03.16-19.07.22:599][509]LogModuleManager: Shutting down and abandoning module ProceduralMeshComponent (294)
[2017.03.16-19.07.22:600][509]LogModuleManager: Shutting down and abandoning module OculusLibrary (292)
[2017.03.16-19.07.22:600][509]LogModuleManager: Shutting down and abandoning module OculusInput (290)
[2017.03.16-19.07.22:600][509]LogModuleManager: Shutting down and abandoning module MobilePatchingUtils (288)
[2017.03.16-19.07.22:600][509]LogModuleManager: Shutting down and abandoning module CustomMeshComponent (286)
[2017.03.16-19.07.22:600][509]LogModuleManager: Shutting down and abandoning module CableComponent (284)
[2017.03.16-19.07.22:600][509]LogModuleManager: Shutting down and abandoning module ArchVisCharacter (282)
[2017.03.16-19.07.22:600][509]LogModuleManager: Shutting down and abandoning module MediaPlayerEditor (278)
[2017.03.16-19.07.22:602][509]LogModuleManager: Shutting down and abandoning module HTML5Networking (276)
[2017.03.16-19.07.22:602][509]LogModuleManager: Shutting down and abandoning module AlembicImporter (274)
[2017.03.16-19.07.22:603][509]LogModuleManager: Shutting down and abandoning module AlembicLibrary (273)
[2017.03.16-19.07.22:603][509]LogModuleManager: Shutting down and abandoning module GeometryCache (272)
[2017.03.16-19.07.22:603][509]LogModuleManager: Shutting down and abandoning module GeometryCacheEd (271)
[2017.03.16-19.07.22:603][509]LogModuleManager: Shutting down and abandoning module SuperSearchEditor (266)
[2017.03.16-19.07.22:603][509]LogModuleManager: Shutting down and abandoning module SuperSearch (265)
[2017.03.16-19.07.22:603][509]LogModuleManager: Shutting down and abandoning module SpeedTreeImporter (262)
[2017.03.16-19.07.22:603][509]LogModuleManager: Shutting down and abandoning module PluginBrowser (260)
[2017.03.16-19.07.22:605][509]LogModuleManager: Shutting down and abandoning module MobileLauncherProfileWizard (258)
[2017.03.16-19.07.22:606][509]LogModuleManager: Shutting down and abandoning module EpicSurvey (256)
[2017.03.16-19.07.22:606][509]LogModuleManager: Shutting down and abandoning module VisualStudioSourceCodeAccess (254)
[2017.03.16-19.07.22:606][509]LogModuleManager: Shutting down and abandoning module DesktopPlatform (253)
[2017.03.16-19.07.22:606][509]LogModuleManager: Shutting down and abandoning module UObjectPlugin (250)
[2017.03.16-19.07.22:606][509]LogModuleManager: Shutting down and abandoning module SubversionSourceControl (248)
[2017.03.16-19.07.22:607][509]LogModuleManager: Shutting down and abandoning module PerforceSourceControl (246)
[2017.03.16-19.07.22:608][509]LogModuleManager: Shutting down and abandoning module GitSourceControl (244)
[2017.03.16-19.07.22:608][509]LogModuleManager: Shutting down and abandoning module SourceControl (243)
[2017.03.16-19.07.22:609][509]LogModuleManager: Shutting down and abandoning module LightPropagationVolumeEditor (240)
[2017.03.16-19.07.22:609][509]LogModuleManager: Shutting down and abandoning module PaperTiledImporter (238)
[2017.03.16-19.07.22:609][509]LogModuleManager: Shutting down and abandoning module PaperSpriteSheetImporter (236)
[2017.03.16-19.07.22:609][509]LogModuleManager: Shutting down and abandoning module Paper2DEditor (234)
[2017.03.16-19.07.22:609][509]LogModuleManager: Shutting down and abandoning module MeshPaint (233)
[2017.03.16-19.07.22:610][509]LogModuleManager: Shutting down and abandoning module LevelEditor (231)
[2017.03.16-19.07.22:612][509]LogModuleManager: Shutting down and abandoning module PixelInspectorModule (230)
[2017.03.16-19.07.22:613][509]LogModuleManager: Shutting down and abandoning module MainFrame (228)
[2017.03.16-19.07.22:613][509]LogModuleManager: Shutting down and abandoning module HotReload (227)
[2017.03.16-19.07.22:615][509]LogModuleManager: Shutting down and abandoning module ContentBrowser (223)
[2017.03.16-19.07.22:618][509]LogModuleManager: Shutting down and abandoning module PhysXVehiclesEditor (220)
[2017.03.16-19.07.22:618][509]LogModuleManager: Shutting down and abandoning module PhysXVehicles (218)
[2017.03.16-19.07.22:618][509]LogModuleManager: Shutting down and abandoning module LocationServicesBPLibrary (216)
[2017.03.16-19.07.22:618][509]LogModuleManager: Shutting down and abandoning module UdpMessaging (214)
[2017.03.16-19.07.22:719][509]LogModuleManager: Shutting down and abandoning module TcpMessaging (212)
[2017.03.16-19.07.22:819][509]LogModuleManager: Shutting down and abandoning module GameplayTagsEditor (210)
[2017.03.16-19.07.22:820][509]LogModuleManager: Shutting down and abandoning module FacialAnimationEditor (208)
[2017.03.16-19.07.22:821][509]LogModuleManager: Shutting down and abandoning module FacialAnimation (206)
[2017.03.16-19.07.22:821][509]LogModuleManager: Shutting down and abandoning module LightPropagationVolumeRuntime (204)
[2017.03.16-19.07.22:821][509]LogModuleManager: Shutting down and abandoning module Paper2D (202)
[2017.03.16-19.07.22:821][509]LogModuleManager: Shutting down and abandoning module WindowsMoviePlayer (200)
[2017.03.16-19.07.22:822][509]LogModuleManager: Shutting down and abandoning module WmfMedia (198)
[2017.03.16-19.07.22:823][509]LogModuleManager: Shutting down and abandoning module MfMedia (196)
[2017.03.16-19.07.22:823][509]LogModuleManager: Shutting down and abandoning module MediaAssets (194)
[2017.03.16-19.07.22:823][509]LogModuleManager: Shutting down and abandoning module GameLiveStreaming (192)
[2017.03.16-19.07.22:823][509]LogModuleManager: Shutting down and abandoning module VREditor (190)
[2017.03.16-19.07.22:823][509]LogModuleManager: Shutting down and abandoning module GameplayTasksEditor (188)
[2017.03.16-19.07.22:823][509]LogModuleManager: Shutting down and abandoning module BehaviorTreeEditor (186)
[2017.03.16-19.07.22:826][509]LogModuleManager: Shutting down and abandoning module FunctionalTesting (184)
[2017.03.16-19.07.22:826][509]LogModuleManager: Shutting down and abandoning module CollisionAnalyzer (182)
[2017.03.16-19.07.22:827][509]LogModuleManager: Shutting down and abandoning module UMG (180)
[2017.03.16-19.07.22:827][509]LogModuleManager: Shutting down and abandoning module UMGEditor (179)
[2017.03.16-19.07.22:827][509]LogModuleManager: Shutting down and abandoning module Sequencer (178)
[2017.03.16-19.07.22:827][509]LogModuleManager: Shutting down and abandoning module AssetTools (176)
[2017.03.16-19.07.22:829][509]LogModuleManager: Shutting down and abandoning module MessageLog (175)
[2017.03.16-19.07.22:829][509]LogModuleManager: Shutting down and abandoning module WorkspaceMenuStructure (174)
[2017.03.16-19.07.22:829][509]LogModuleManager: Shutting down and abandoning module SlateReflector (168)
[2017.03.16-19.07.22:832][509]LogModuleManager: Shutting down and abandoning module Slate (166)
[2017.03.16-19.07.22:832][509]LogModuleManager: Shutting down and abandoning module EditorStyle (164)
[2017.03.16-19.07.22:837][509]LogModuleManager: Shutting down and abandoning module SourceCodeAccess (162)
[2017.03.16-19.07.22:838][509]LogModuleManager: Shutting down and abandoning module HeadMountedDisplay (160)
[2017.03.16-19.07.22:838][509]LogModuleManager: Shutting down and abandoning module XAudio2 (158)
[2017.03.16-19.07.22:838][509]LogModuleManager: Shutting down and abandoning module Networking (156)
[2017.03.16-19.07.22:838][509]LogModuleManager: Shutting down and abandoning module Core (152)
[2017.03.16-19.07.22:838][509]LogModuleManager: Shutting down and abandoning module AssetRegistry (150)
[2017.03.16-19.07.23:069][509]LogDirectoryWatcher: A directory notification for '../../../Engine/Content/' was aborted.
[2017.03.16-19.07.23:069][509]LogDirectoryWatcher: A directory notification for 'X:/Aratim/Documents/GitHub/ProjetInfoSolo/IsekaiLife 4.15/Content/' was aborted.
[2017.03.16-19.07.23:069][509]LogDirectoryWatcher: A directory notification for '../../../Engine/Plugins/2D/Paper2D/Content/' was aborted.
[2017.03.16-19.07.23:070][509]LogModuleManager: Shutting down and abandoning module DirectoryWatcher (149)
[2017.03.16-19.07.23:074][509]LogModuleManager: Shutting down and abandoning module KismetCompiler (146)
[2017.03.16-19.07.23:074][509]LogModuleManager: Shutting down and abandoning module PhysXFormats (144)
[2017.03.16-19.07.23:074][509]LogModuleManager: Shutting down and abandoning module MeshUtilities (142)
[2017.03.16-19.07.23:076][509]LogModuleManager: Shutting down and abandoning module SimplygonSwarm (141)
[2017.03.16-19.07.23:077][509]LogModuleManager: Shutting down and abandoning module SimplygonMeshReduction (139)
[2017.03.16-19.07.23:077][509]LogModuleManager: Shutting down and abandoning module QuadricMeshReduction (137)
[2017.03.16-19.07.23:077][509]LogModuleManager: Shutting down and abandoning module PropertyEditor (135)
[2017.03.16-19.07.23:078][509]LogModuleManager: Shutting down and abandoning module DerivedDataCache (132)
[2017.03.16-19.07.23:176][509]LogDerivedDataCache: Shutdown
[2017.03.16-19.07.23:176][509]LogModuleManager: Shutting down and abandoning module TargetPlatform (130)
[2017.03.16-19.07.23:176][509]LogModuleManager: Shutting down and abandoning module VulkanShaderFormat (129)
[2017.03.16-19.07.23:177][509]LogModuleManager: Shutting down and abandoning module ShaderFormatOpenGL (127)
[2017.03.16-19.07.23:178][509]LogModuleManager: Shutting down and abandoning module ShaderFormatD3D (125)
[2017.03.16-19.07.23:178][509]LogModuleManager: Shutting down and abandoning module MetalShaderFormat (123)
[2017.03.16-19.07.23:179][509]LogModuleManager: Shutting down and abandoning module TextureFormatUncompressed (121)
[2017.03.16-19.07.23:179][509]LogModuleManager: Shutting down and abandoning module TextureFormatPVR (119)
[2017.03.16-19.07.23:179][509]LogModuleManager: Shutting down and abandoning module TextureFormatDXT (117)
[2017.03.16-19.07.23:179][509]LogModuleManager: Shutting down and abandoning module TextureFormatIntelISPCTexComp (115)
[2017.03.16-19.07.23:180][509]LogModuleManager: Shutting down and abandoning module TextureFormatASTC (113)
[2017.03.16-19.07.23:180][509]LogModuleManager: Shutting down and abandoning module ImageWrapper (112)
[2017.03.16-19.07.23:180][509]LogModuleManager: Shutting down and abandoning module TextureFormatAndroid (109)
[2017.03.16-19.07.23:180][509]LogModuleManager: Shutting down and abandoning module AudioFormatOpus (107)
[2017.03.16-19.07.23:180][509]LogModuleManager: Shutting down and abandoning module AudioFormatOgg (105)
[2017.03.16-19.07.23:180][509]LogModuleManager: Shutting down and abandoning module AudioFormatADPCM (103)
[2017.03.16-19.07.23:180][509]LogModuleManager: Shutting down and abandoning module LinuxTargetPlatform (101)
[2017.03.16-19.07.23:180][509]LogModuleManager: Shutting down and abandoning module LinuxServerTargetPlatform (99)
[2017.03.16-19.07.23:180][509]LogModuleManager: Shutting down and abandoning module LinuxNoEditorTargetPlatform (97)
[2017.03.16-19.07.23:181][509]LogModuleManager: Shutting down and abandoning module LinuxClientTargetPlatform (95)
[2017.03.16-19.07.23:181][509]LogModuleManager: Shutting down and abandoning module TVOSTargetPlatform (93)
[2017.03.16-19.07.23:181][509]LogModuleManager: Shutting down and abandoning module Messaging (91)
[2017.03.16-19.07.23:181][509]LogModuleManager: Shutting down and abandoning module IOSTargetPlatform (89)
[2017.03.16-19.07.23:181][509]LogModuleManager: Shutting down and abandoning module HTML5TargetPlatform (87)
[2017.03.16-19.07.23:181][509]LogModuleManager: Shutting down and abandoning module Android_PVRTCTargetPlatform (85)
[2017.03.16-19.07.23:181][509]LogModuleManager: Shutting down and abandoning module Android_MultiTargetPlatform (83)
[2017.03.16-19.07.23:181][509]LogModuleManager: Shutting down and abandoning module Android_ETC2TargetPlatform (81)
[2017.03.16-19.07.23:181][509]LogModuleManager: Shutting down and abandoning module Android_ETC1TargetPlatform (79)
[2017.03.16-19.07.23:181][509]LogModuleManager: Shutting down and abandoning module Android_DXTTargetPlatform (77)
[2017.03.16-19.07.23:181][509]LogModuleManager: Shutting down and abandoning module Android_ATCTargetPlatform (75)
[2017.03.16-19.07.23:181][509]LogModuleManager: Shutting down and abandoning module Android_ASTCTargetPlatform (73)
[2017.03.16-19.07.23:181][509]LogModuleManager: Shutting down and abandoning module AndroidTargetPlatform (71)
[2017.03.16-19.07.23:181][509]LogModuleManager: Shutting down and abandoning module WindowsTargetPlatform (69)
[2017.03.16-19.07.23:181][509]LogModuleManager: Shutting down and abandoning module WindowsServerTargetPlatform (67)
[2017.03.16-19.07.23:181][509]LogModuleManager: Shutting down and abandoning module WindowsNoEditorTargetPlatform (65)
[2017.03.16-19.07.23:181][509]LogModuleManager: Shutting down and abandoning module WindowsClientTargetPlatform (63)
[2017.03.16-19.07.23:181][509]LogModuleManager: Shutting down and abandoning module MacTargetPlatform (61)
[2017.03.16-19.07.23:181][509]LogModuleManager: Shutting down and abandoning module MacServerTargetPlatform (59)
[2017.03.16-19.07.23:181][509]LogModuleManager: Shutting down and abandoning module MacNoEditorTargetPlatform (57)
[2017.03.16-19.07.23:181][509]LogModuleManager: Shutting down and abandoning module MacClientTargetPlatform (55)
[2017.03.16-19.07.23:181][509]LogModuleManager: Shutting down and abandoning module AllDesktopTargetPlatform (53)
[2017.03.16-19.07.23:181][509]LogModuleManager: Shutting down and abandoning module InputCore (50)
[2017.03.16-19.07.23:181][509]LogModuleManager: Shutting down and abandoning module Settings (48)
[2017.03.16-19.07.23:181][509]LogModuleManager: Shutting down and abandoning module OculusRift (46)
[2017.03.16-19.07.23:181][509]LogModuleManager: Shutting down and abandoning module ExampleDeviceProfileSelector (44)
[2017.03.16-19.07.23:181][509]LogModuleManager: Shutting down and abandoning module OnlineBlueprintSupport (42)
[2017.03.16-19.07.23:181][509]LogModuleManager: Shutting down and abandoning module OnlineSubsystem (38)
[2017.03.16-19.07.23:181][509]LogOnline:Display: Unloading online subsystem: NULL
[2017.03.16-19.07.23:182][509]LogModuleManager: Shutting down and abandoning module XMPP (37)
[2017.03.16-19.07.23:184][509]LogModuleManager: Shutting down and abandoning module HTTP (35)
[2017.03.16-19.07.23:184][509]LogHttp:Display: Http module shutting down, but needs to wait on 1 outstanding Http requests:
[2017.03.16-19.07.23:184][509]LogHttp:Display: 	verb=[POST] url=[https://datarouter.ol.epicgames.com/datarouter/api/v1/public/data?SessionID=%7B0DC03D80-4514-EAA9-2639-CCA2315FCA3C%7D&AppID=UEEditor.Rocket.Release&AppVersion=4.15.0-3299760%2B%2B%2BUE4%2BRelease-4.15&UserID=8c302d144559193dacf57282e4537a6d%7C1d93bd08b07d44d8aee1421bc67e0dd5%7C2f678aea-a734-4285-a967-b3de143619f5&AppEnvironment=datacollector-binary&UploadType=eteventstream] status=Processing
[2017.03.16-19.07.23:208][509]LogModuleManager: Shutting down and abandoning module SSL (34)
[2017.03.16-19.07.23:210][509]LogModuleManager: Shutting down and abandoning module AudioEditor (30)
[2017.03.16-19.07.23:211][509]LogModuleManager: Shutting down and abandoning module TextureCompressor (28)
[2017.03.16-19.07.23:212][509]LogModuleManager: Shutting down and abandoning module ShaderCore (26)
[2017.03.16-19.07.23:212][509]LogModuleManager: Shutting down and abandoning module Landscape (24)
[2017.03.16-19.07.23:212][509]LogModuleManager: Shutting down and abandoning module SlateRHIRenderer (22)
[2017.03.16-19.07.23:240][509]LogModuleManager: Shutting down and abandoning module OpenGLDrv (20)
[2017.03.16-19.07.23:241][509]LogModuleManager: Shutting down and abandoning module D3D11RHI (18)
[2017.03.16-19.07.23:241][509]LogModuleManager: Shutting down and abandoning module AnimGraphRuntime (16)
[2017.03.16-19.07.23:242][509]LogModuleManager: Shutting down and abandoning module Renderer (14)
[2017.03.16-19.07.23:242][509]LogModuleManager: Shutting down and abandoning module Engine (12)
[2017.03.16-19.07.23:242][509]LogModuleManager: Shutting down and abandoning module CoreUObject (10)
[2017.03.16-19.07.23:242][509]LogModuleManager: Shutting down and abandoning module NetworkFile (8)
[2017.03.16-19.07.23:242][509]LogModuleManager: Shutting down and abandoning module StreamingFile (6)
[2017.03.16-19.07.23:242][509]LogModuleManager: Shutting down and abandoning module SandboxFile (4)
[2017.03.16-19.07.23:243][509]LogModuleManager: Shutting down and abandoning module PakFile (2)
[2017.03.16-19.07.23:246][509]LogExit: Exiting.
[2017.03.16-19.07.23:260][509]Log file closed, 03/16/17 20:07:23
