Log file open, 03/14/17 18:35:08
LogInit:Display: Running engine for game: IsekaiLife
LogPlatformFile: Not using cached read wrapper
LogInit:Display: RandInit(-1433226567) SRandInit(-1433226567).
LogTaskGraph: Started task graph with 5 named threads and 8 total threads with 1 sets of task threads.
LogStats: Stats thread started at 0.075778
LogInit: Using libcurl 7.47.1
LogInit:  - built for x86_64-pc-win32
LogInit:  - supports SSL with OpenSSL/1.0.2g
LogInit:  - supports HTTP deflate (compression) using libz 1.2.8
LogInit:  - other features:
LogInit:      CURL_VERSION_SSL
LogInit:      CURL_VERSION_LIBZ
LogInit:      CURL_VERSION_IPV6
LogInit:      CURL_VERSION_ASYNCHDNS
LogInit:      CURL_VERSION_LARGEFILE
LogInit:      CURL_VERSION_IDN
LogInit:  CurlRequestOptions (configurable via config and command line):
LogInit:  - bVerifyPeer = false  - Libcurl will NOT verify peer certificate
LogInit:  - bUseHttpProxy = false  - Libcurl will NOT use HTTP proxy
LogInit:  - bDontReuseConnections = false  - Libcurl will reuse connections
LogInit:  - CertBundlePath = nullptr  - Libcurl will use whatever was configured at build time.
LogInit: Build: ++UE4+Release-4.15-CL-3299760
LogInit: Engine Version: 4.15.0-3299760+++UE4+Release-4.15
LogInit: Compatible Engine Version: 4.15.0-3299760+++UE4+Release-4.15
LogInit: Net CL: 3299760
LogDevObjectVersion: Number of dev versions registered: 14
LogDevObjectVersion:   Dev-Blueprints (B0D832E4-1F89-4F0D-ACCF-7EB736FD4AA2): 8
LogDevObjectVersion:   Dev-Build (E1C64328-A22C-4D53-A36C-8E866417BD8C): 0
LogDevObjectVersion:   Dev-Core (375EC13C-06E4-48FB-B500-84F0262A717E): 2
LogDevObjectVersion:   Dev-Editor (E4B068ED-F494-42E9-A231-DA0B2E46BB41): 14
LogDevObjectVersion:   Dev-Framework (CFFC743F-43B0-4480-9391-14DF171D2073): 22
LogDevObjectVersion:   Dev-Mobile (B02B49B5-BB20-44E9-A304-32B752E40360): 0
LogDevObjectVersion:   Dev-Networking (A4E4105C-59A1-49B5-A7C5-40C4547EDFEE): 0
LogDevObjectVersion:   Dev-Online (39C831C9-5AE6-47DC-9A44-9C173E1C8E7C): 0
LogDevObjectVersion:   Dev-Physics (78F01B33-EBEA-4F98-B9B4-84EACCB95AA2): 0
LogDevObjectVersion:   Dev-Platform (6631380F-2D4D-43E0-8009-CF276956A95A): 0
LogDevObjectVersion:   Dev-Rendering (12F88B9F-8875-4AFC-A67C-D90C383ABD29): 12
LogDevObjectVersion:   Dev-Sequencer (7B5AE74C-D270-4C10-A958-57980B212A5A): 3
LogDevObjectVersion:   Dev-VR (D7296918-1DD6-4BDD-9DE2-64A83CC13884): 0
LogDevObjectVersion:   Dev-LoadTimes (C2A15278-BFE7-4AFE-6C17-90FF531DF755): 1
LogInit: Compiled (64-bit): Feb 14 2017 02:04:14
LogInit: Compiled with Visual C++: 19.00.23026.00
LogInit: Build Configuration: Development
LogInit: Branch Name: ++UE4+Release-4.15
LogInit: Command line: -EpicPortal 
LogInit: Base directory: C:/Program Files/Epic Games/UE_4.15/Engine/Binaries/Win64/
LogInit: Installed Engine Build: 1
LogInit: Presizing for max 8388607 objects, including 0 objects not considered by GC, pre-allocating 0 bytes for permanent pool.
LogInit: Object subsystem initialized
[2017.03.14-17.35.08:870][  0]LogInit: Selected Device Profile: [Windows]
[2017.03.14-17.35.08:870][  0]LogInit: Applying CVar settings loaded from the selected device profile: [Windows]
[2017.03.14-17.35.08:903][  0]LogInit: Computer: DESKTOP-IJKOIIJ
[2017.03.14-17.35.08:903][  0]LogInit: User: Aratim
[2017.03.14-17.35.08:903][  0]LogInit: CPU Page size=65536, Cores=4
[2017.03.14-17.35.08:903][  0]LogInit: High frequency timer resolution =3.417980 MHz
[2017.03.14-17.35.08:903][  0]LogMemory: Memory total: Physical=8.0GB (8GB approx)
[2017.03.14-17.35.08:903][  0]LogMemory: Platform Memory Stats for Windows
[2017.03.14-17.35.08:903][  0]LogMemory: Process Physical Memory: 262.68 MB used, 262.68 MB peak
[2017.03.14-17.35.08:903][  0]LogMemory: Process Virtual Memory: 262.52 MB used, 262.52 MB peak
[2017.03.14-17.35.08:903][  0]LogMemory: Physical Memory: 4009.09 MB used,  4131.76 MB free, 8140.85 MB total
[2017.03.14-17.35.08:903][  0]LogMemory: Virtual Memory: 643.54 MB used,  4131.76 MB free, 134217728.00 MB total
[2017.03.14-17.35.08:972][  0]LogTextLocalizationManager: No translations for ('fr-FR') exist, falling back to 'en' for localization and internationalization data.
[2017.03.14-17.35.09:522][  0]LogD3D11RHI: D3D11 adapters:
[2017.03.14-17.35.10:025][  0]LogD3D11RHI:    0. 'NVIDIA GeForce GTX 1060 6GB' (Feature Level 11_0)
[2017.03.14-17.35.10:025][  0]LogD3D11RHI:       6084/0/4070 MB DedicatedVideo/DedicatedSystem/SharedSystem, Outputs:1, VendorId:0x10de
[2017.03.14-17.35.10:026][  0]LogD3D11RHI:    1. 'Microsoft Basic Render Driver' (Feature Level 11_0)
[2017.03.14-17.35.10:026][  0]LogD3D11RHI:       0/0/4070 MB DedicatedVideo/DedicatedSystem/SharedSystem, Outputs:0, VendorId:0x1414
[2017.03.14-17.35.10:026][  0]LogD3D11RHI: Chosen D3D11 Adapter: 0
[2017.03.14-17.35.10:030][  0]LogD3D11RHI: Creating new Direct3DDevice
[2017.03.14-17.35.10:030][  0]LogD3D11RHI:     GPU DeviceId: 0x1c03 (for the marketing name, search the web for "GPU Device Id")
[2017.03.14-17.35.10:030][  0]LogWindows: EnumDisplayDevices:
[2017.03.14-17.35.10:030][  0]LogWindows:    0. 'NVIDIA GeForce GTX 1060 6GB' (P:1 D:1)
[2017.03.14-17.35.10:030][  0]LogWindows:    1. 'NVIDIA GeForce GTX 1060 6GB' (P:0 D:0)
[2017.03.14-17.35.10:030][  0]LogWindows:    2. 'NVIDIA GeForce GTX 1060 6GB' (P:0 D:0)
[2017.03.14-17.35.10:030][  0]LogWindows:    3. 'NVIDIA GeForce GTX 1060 6GB' (P:0 D:0)
[2017.03.14-17.35.10:030][  0]LogWindows: DebugString: FoundDriverCount:4 
[2017.03.14-17.35.10:030][  0]LogD3D11RHI:     Adapter Name: NVIDIA GeForce GTX 1060 6GB
[2017.03.14-17.35.10:030][  0]LogD3D11RHI:   Driver Version: 378.66 (internal:21.21.13.7866, unified:378.66)
[2017.03.14-17.35.10:030][  0]LogD3D11RHI:      Driver Date: 2-9-2017
[2017.03.14-17.35.10:030][  0]LogRHI: Texture pool is 1361 MB (70% of 1945 MB)
[2017.03.14-17.35.10:519][  0]LogD3D11RHI: Async texture creation enabled
[2017.03.14-17.35.10:545][  0]LogD3D11RHI: GPU Timing Frequency: 1000.000000 (Debug: 2 1)
[2017.03.14-17.35.10:594][  0]LogShaderCompilers: Guid format shader working directory is -11 characters bigger than the processId version (X:/Aratim/Documents/GitHub/ProjetInfoSolo/IsekaiLife 4.15/Intermediate/Shaders/WorkingDirectory/10392/).
[2017.03.14-17.35.10:595][  0]LogShaderCompilers: Cleaned the shader compiler working directory 'C:/Users/Aratim/AppData/Local/Temp/UnrealShaderWorkingDir/FDDEAC19439416F721BC12A2079FF971/'.
[2017.03.14-17.35.10:595][  0]LogShaderCompilers:Display: Using Local Shader Compiler.
[2017.03.14-17.35.11:570][  0]LogTemp:Display: Loaded TP AllDesktopTargetPlatform
[2017.03.14-17.35.11:616][  0]LogTemp:Display: Loaded TP MacClientTargetPlatform
[2017.03.14-17.35.11:662][  0]LogTemp:Display: Loaded TP MacNoEditorTargetPlatform
[2017.03.14-17.35.11:708][  0]LogTemp:Display: Loaded TP MacServerTargetPlatform
[2017.03.14-17.35.11:758][  0]LogTemp:Display: Loaded TP MacTargetPlatform
[2017.03.14-17.35.11:805][  0]LogTemp:Display: Loaded TP WindowsClientTargetPlatform
[2017.03.14-17.35.11:853][  0]LogTemp:Display: Loaded TP WindowsNoEditorTargetPlatform
[2017.03.14-17.35.11:899][  0]LogTemp:Display: Loaded TP WindowsServerTargetPlatform
[2017.03.14-17.35.11:938][  0]LogTemp:Display: Loaded TP WindowsTargetPlatform
[2017.03.14-17.35.11:983][  0]LogTemp:Display: Loaded TP AndroidTargetPlatform
[2017.03.14-17.35.12:029][  0]LogTemp:Display: Loaded TP Android_ASTCTargetPlatform
[2017.03.14-17.35.12:074][  0]LogTemp:Display: Loaded TP Android_ATCTargetPlatform
[2017.03.14-17.35.12:121][  0]LogTemp:Display: Loaded TP Android_DXTTargetPlatform
[2017.03.14-17.35.12:168][  0]LogTemp:Display: Loaded TP Android_ETC1TargetPlatform
[2017.03.14-17.35.12:216][  0]LogTemp:Display: Loaded TP Android_ETC2TargetPlatform
[2017.03.14-17.35.12:311][  0]LogTemp:Display: Loaded TP Android_MultiTargetPlatform
[2017.03.14-17.35.12:311][  0]LogTemp:Display: Loaded TP Android_PVRTCTargetPlatform
[2017.03.14-17.35.12:344][  0]LogTemp:Display: Loaded TP HTML5TargetPlatform
[2017.03.14-17.35.12:432][  0]LogTemp:Display: Loaded TP IOSTargetPlatform
[2017.03.14-17.35.12:463][  0]LogTemp:Display: Loaded TP TVOSTargetPlatform
[2017.03.14-17.35.12:509][  0]LogTemp:Display: Loaded TP LinuxClientTargetPlatform
[2017.03.14-17.35.12:557][  0]LogTemp:Display: Loaded TP LinuxNoEditorTargetPlatform
[2017.03.14-17.35.12:604][  0]LogTemp:Display: Loaded TP LinuxServerTargetPlatform
[2017.03.14-17.35.12:653][  0]LogTemp:Display: Loaded TP LinuxTargetPlatform
[2017.03.14-17.35.12:653][  0]LogTargetPlatformManager:Display: Building Assets For Windows
[2017.03.14-17.35.13:055][  0]LogDerivedDataCache:Display: Max Cache Size: 512 MB
[2017.03.14-17.35.13:112][  0]LogDerivedDataCache: Loaded boot cache 0.06s 50MB C:/Users/Aratim/AppData/Local/UnrealEngine/4.15/DerivedDataCache/Boot.ddc.
[2017.03.14-17.35.13:113][  0]LogDerivedDataCache:Display: Loaded Boot cache: C:/Users/Aratim/AppData/Local/UnrealEngine/4.15/DerivedDataCache/Boot.ddc
[2017.03.14-17.35.13:113][  0]LogDerivedDataCache: FDerivedDataBackendGraph:  Pak pak cache file X:/Aratim/Documents/GitHub/ProjetInfoSolo/IsekaiLife 4.15/DerivedDataCache/DDC.ddp not found, will not use a pak cache.
[2017.03.14-17.35.13:113][  0]LogDerivedDataCache: Unable to find inner node Pak for hierarchical cache Hierarchy.
[2017.03.14-17.35.13:113][  0]LogDerivedDataCache: FDerivedDataBackendGraph:  CompressedPak pak cache file X:/Aratim/Documents/GitHub/ProjetInfoSolo/IsekaiLife 4.15/DerivedDataCache/Compressed.ddp not found, will not use a pak cache.
[2017.03.14-17.35.13:113][  0]LogDerivedDataCache: Unable to find inner node CompressedPak for hierarchical cache Hierarchy.
[2017.03.14-17.35.13:129][  0]LogDerivedDataCache:Display: Pak cache opened for reading ../../../Engine/DerivedDataCache/Compressed.ddp.
[2017.03.14-17.35.13:141][  0]LogDerivedDataCache: Using Local data cache path C:/Users/Aratim/AppData/Local/UnrealEngine/Common/DerivedDataCache: Writable
[2017.03.14-17.35.13:149][  0]LogSlate: Using Freetype 2.6.0
[2017.03.14-17.35.13:149][  0]LogSlate: SlateFontCache - WITH_FREETYPE: 1, WITH_HARFBUZZ: 1
[2017.03.14-17.35.13:149][  0]LogSlate: SlateFontCache - WITH_FREETYPE: 1, WITH_HARFBUZZ: 1
[2017.03.14-17.35.13:368][  0]LogInit: Selected Device Profile: [Windows]
[2017.03.14-17.35.13:370][  0]LogContentStreaming: Texture pool size is 0.00 MB
[2017.03.14-17.35.13:547][  0]LogMeshUtilities: Using QuadricMeshReduction for automatic static mesh reduction
[2017.03.14-17.35.13:582][  0]LogSimplygon: Simplygon DLL not present - disabling.
[2017.03.14-17.35.13:622][  0]LogMeshUtilities: Using SimplygonSwarm for distributed automatic mesh merging
[2017.03.14-17.35.13:622][  0]LogMeshUtilities: No automatic skeletal mesh reduction module available
[2017.03.14-17.35.13:622][  0]LogMeshUtilities: No automatic mesh merging module available
[2017.03.14-17.35.14:096][  0]LogNetVersion: GetLocalNetworkVersion: CL: 3299760, ProjectName: isekailife, ProjectVersion: , EngineNetworkVersion: 2, GameNetworkVersion: 0, NetworkChecksum: 721096836
[2017.03.14-17.35.14:138][  0]LogAssetRegistry: FAssetRegistry took 0.0219 seconds to start up
[2017.03.14-17.35.14:192][  0]LogPackageLocalizationCache: Processed 3 localized package path(s) for 1 prioritized culture(s) in 0.035296 seconds
[2017.03.14-17.35.14:197][  0]LogUObjectArray: 32475 objects as part of root set at end of initial load.
[2017.03.14-17.35.14:197][  0]LogUObjectAllocator: 7073368 out of 0 bytes used by permanent object pool.
[2017.03.14-17.35.14:197][  0]LogUObjectArray: CloseDisregardForGC: 0/0 objects in disregard for GC pool
[2017.03.14-17.35.14:253][  0]LogInit: WinSock: version 1.1 (2.2), MaxSocks=32767, MaxUdp=65467
[2017.03.14-17.35.15:645][  0]LogTcpMessaging: Initializing TcpMessaging bridge
[2017.03.14-17.35.15:682][  0]LogUdpMessaging: Initializing bridge on interface 0.0.0.0:0 to multicast group 230.0.0.1:6666.
[2017.03.14-17.35.16:094][  0]LogMaterial: Uniform references updated for custom material expression Custom.
[2017.03.14-17.35.16:429][  0]SourceControl: Info Source control is disabled
[2017.03.14-17.35.16:430][  0]SourceControl: Info Source control is disabled
[2017.03.14-17.35.16:471][  0]SourceControl: Info Source control is disabled
[2017.03.14-17.35.16:510][  0]SourceControl: Info Source control is disabled
[2017.03.14-17.35.17:629][  0]LogEngine: Initializing Engine...
[2017.03.14-17.35.17:629][  0]LogHMD: Failed to initialize OpenVR with code 110
[2017.03.14-17.35.17:844][  0]LogAIModule: Creating AISystem for world Untitled
[2017.03.14-17.35.17:853][  0]LogInit: XAudio2 using 'Haut-parleurs (2- USB Audio Device)' : 2 channels at 44.1 kHz using 16 bits per sample (channel mask 0x3)
[2017.03.14-17.35.17:862][  0]LogInit: FAudioDevice initialized.
[2017.03.14-17.35.17:896][  0]LogDerivedDataCache: Saved boot cache 0.03s 50MB C:/Users/Aratim/AppData/Local/UnrealEngine/4.15/DerivedDataCache/Boot.ddc.
[2017.03.14-17.35.17:908][  0]LogInit: Texture streaming: Enabled
[2017.03.14-17.35.17:994][  0]LogEngineSessionManager: EngineSessionManager initialized
[2017.03.14-17.35.18:070][  0]LogInit: Transaction tracking system initialized
[2017.03.14-17.35.18:362][  0]BlueprintLog: New page: Editor Load
[2017.03.14-17.35.19:095][  0]LocalizationService: Info Localization service is disabled
[2017.03.14-17.35.19:648][  0]LogConsoleResponse:Display: 
[2017.03.14-17.35.19:761][  0]LogCook:Display: Max memory allowance for cook 16384mb min free memory 0mb
[2017.03.14-17.35.19:761][  0]LogCook:Display: Mobile HDR setting 1
[2017.03.14-17.35.20:648][  0]LogFileCache: Scanning file cache for directory 'X:/Aratim/Documents/GitHub/ProjetInfoSolo/IsekaiLife 4.15/Content/' took 0.02s
[2017.03.14-17.35.20:686][  0]SourceControl: Info Source control is disabled
[2017.03.14-17.35.20:749][  0]LogSlate: Took 0.000168 seconds to synchronously load lazily loaded font '../../../Engine/Content/Slate/Fonts/Roboto-Regular.ttf' (155K)
[2017.03.14-17.38.49:918][  0]LogWindowsTextInputMethodSystem:Display: IME system now deactivated.
[2017.03.14-17.38.49:926][  0]LogWindowsTextInputMethodSystem:Display: IME system now deactivated.
[2017.03.14-17.38.49:927][  0]Cmd: MAP LOAD FILE="X:/Aratim/Documents/GitHub/ProjetInfoSolo/IsekaiLife 4.15/Content/ThirdPersonBP/Maps/ThirdPersonExampleMap.umap" TEMPLATE=0 SHOWPROGRESS=1 FEATURELEVEL=3
[2017.03.14-17.38.49:927][  0]LightingResults: New page: Lighting Build
[2017.03.14-17.38.49:969][  0]MapCheck: New page: Map Check
[2017.03.14-17.38.49:969][  0]LightingResults: New page: Lighting Build
[2017.03.14-17.38.51:145][  0]LogClass:Warning: Enum '/Game/InventorySystem/Blueprints/Enums/E_ItemCategories.E_ItemCategories' was upgraded to use FText to store its display name data. Please re-save this asset to avoid issues with localization and determinstic cooking.
[2017.03.14-17.38.51:168][  0]LogAIModule: Creating AISystem for world ThirdPersonExampleMap
[2017.03.14-17.38.51:177][  0]LogEditorServer: Finished looking for orphan Actors (0.000 secs)
[2017.03.14-17.38.51:178][  0]Cmd: MAP CHECKDEP NOCLEARLOG
[2017.03.14-17.38.51:222][  0]MapCheck: Info Map check complete: 0 Error(s), 0 Warning(s), took 44.272ms to complete.
[2017.03.14-17.38.51:222][  0]LogFileHelpers: Loading map 'ThirdPersonExampleMap' took 1.295
[2017.03.14-17.38.51:343][  0]LogStats:Warning: MetaData mismatch. Did you assign a stat to two groups? New //STATGROUP_Threads//SplashScreenThread///Thread_d6c_0///####STATCAT_Advanced#### old //STATGROUP_Threads//SplashScreenThread///Thread_1a68_0///####STATCAT_Advanced####
[2017.03.14-17.38.51:343][  0]LogCollectionManager: Loaded 0 collections in 0.001913 seconds
[2017.03.14-17.38.51:416][  0]LogFileCache: Scanning file cache for directory 'X:/Aratim/Documents/GitHub/ProjetInfoSolo/IsekaiLife 4.15/Saved/Collections/' took 0.01s
[2017.03.14-17.38.51:416][  0]LogFileCache: Scanning file cache for directory 'X:/Aratim/Documents/GitHub/ProjetInfoSolo/IsekaiLife 4.15/Content/Developers/Aratim/Collections/' took 0.01s
[2017.03.14-17.38.51:416][  0]LogFileCache: Scanning file cache for directory 'X:/Aratim/Documents/GitHub/ProjetInfoSolo/IsekaiLife 4.15/Content/Collections/' took 0.01s
[2017.03.14-17.38.51:416][  0]LogCollectionManager: Rebuilt the GUID cache for 0 collections in 0.000001 seconds
[2017.03.14-17.38.51:424][  0]LogContentBrowser: Native class hierarchy populated in 0.0080 seconds. Added 2244 classes and 450 folders.
[2017.03.14-17.38.51:426][  0]LogStats: UGameplayTagsManager::ConstructGameplayTagTree: Construct from data asset -  0.000 s
[2017.03.14-17.38.51:427][  0]LogStats: UGameplayTagsManager::ConstructGameplayTagTree: GameplayTagTreeChangedEvent.Broadcast -  0.000 s
[2017.03.14-17.38.51:483][  0]LogContentBrowser: Native class hierarchy updated for 'WidgetCarousel' in 0.0004 seconds. Added 0 classes and 0 folders.
[2017.03.14-17.38.51:769][  0]LogContentBrowser: Native class hierarchy updated for 'AddContentDialog' in 0.0004 seconds. Added 0 classes and 0 folders.
[2017.03.14-17.38.51:806][  0]LogContentBrowser: Native class hierarchy updated for 'SceneOutliner' in 0.0005 seconds. Added 1 classes and 2 folders.
[2017.03.14-17.38.51:849][  0]LogCrashTracker: Crashtracker disabled due to settings.
[2017.03.14-17.38.51:854][  0]LogUObjectGlobals:Warning: Failed to find object 'Class None.'
[2017.03.14-17.38.51:912][  0]LogContentBrowser: Native class hierarchy updated for 'HierarchicalLODOutliner' in 0.0004 seconds. Added 1 classes and 2 folders.
[2017.03.14-17.38.51:912][  0]LogLoad: (Engine Initialization) Total time: 224.88 seconds
[2017.03.14-17.38.51:912][  0]LogLoad: (Engine Initialization) Total Blueprint compile time: 0.27 seconds
[2017.03.14-17.38.51:912][  0]LogExternalProfiler: Found external profiler: VSPerf
[2017.03.14-17.38.51:912][  0]LogExternalProfiler: Using external profiler: VSPerf
[2017.03.14-17.38.51:921][  0]LogOcInput: OculusInput pre-init called
[2017.03.14-17.38.51:940][  0]LogContentStreaming: Texture pool size now 1000 MB
[2017.03.14-17.38.51:942][  0]LogSlate: Took 0.000203 seconds to synchronously load lazily loaded font '../../../Engine/Content/Slate/Fonts/Roboto-Bold.ttf' (160K)
[2017.03.14-17.38.51:951][  0]LogSlate: Took 0.004791 seconds to synchronously load lazily loaded font '../../../Engine/Content/Editor/Slate/Fonts/FontAwesome.ttf' (139K)
[2017.03.14-17.38.52:081][  0]LogSlate: Took 0.000230 seconds to synchronously load lazily loaded font '../../../Engine/Content/Slate/Fonts/Roboto-Light.ttf' (159K)
[2017.03.14-17.38.52:131][  0]LogRenderer: Reallocating scene render targets to support 1208x576 NumSamples 1 (Frame:2).
[2017.03.14-17.38.52:202][  1]LogAssetRegistry: Asset discovery search completed in 218.0851 seconds
[2017.03.14-17.38.52:202][  1]LogCollectionManager: Rebuilt the object cache for 0 collections in 0.000004 seconds (found 0 objects)
[2017.03.14-17.38.52:202][  1]LogCollectionManager: Fixed up redirectors for 0 collections in 0.000016 seconds (updated 0 objects)
[2017.03.14-17.39.03:676][364]LogSlate: Took 0.000133 seconds to synchronously load lazily loaded font '../../../Engine/Content/Slate/Fonts/Roboto-Light.ttf' (159K)
[2017.03.14-17.39.04:055][364]LogContentBrowser: Native class hierarchy updated for 'BlueprintGraph' in 0.0007 seconds. Added 112 classes and 0 folders.
[2017.03.14-17.39.04:660][364]LogSlate: Took 0.000159 seconds to synchronously load lazily loaded font '../../../Engine/Content/Slate/Fonts/Roboto-Light.ttf' (159K)
[2017.03.14-17.39.04:661][364]LogSlate: Took 0.000147 seconds to synchronously load lazily loaded font '../../../Engine/Content/Editor/Slate/Fonts/Roboto-BoldCondensed.ttf' (158K)
[2017.03.14-17.40.41:664][915]LogTemp: Repeting last play command: Selected Viewport
[2017.03.14-17.40.41:675][915]LogBlueprintUserMessages: Early PlayInEditor Detection: Level '/Game/ThirdPersonBP/Maps/ThirdPersonExampleMap.ThirdPersonExampleMap:PersistentLevel' has LevelScriptBlueprint '/Game/ThirdPersonBP/Maps/ThirdPersonExampleMap.ThirdPersonExampleMap:PersistentLevel.ThirdPersonExampleMap' with GeneratedClass '/Game/ThirdPersonBP/Maps/ThirdPersonExampleMap.ThirdPersonExampleMap_C' with ClassGeneratedBy '/Game/ThirdPersonBP/Maps/ThirdPersonExampleMap.ThirdPersonExampleMap:PersistentLevel.ThirdPersonExampleMap'
[2017.03.14-17.40.41:675][915]LogPlayLevel: PlayLevel: No blueprints needed recompiling
[2017.03.14-17.40.41:676][915]PIE: New page: PIE session: ThirdPersonExampleMap (Mar 14, 2017, 7:40:41 PM)
[2017.03.14-17.40.41:676][915]LogPlayLevel: Creating play world package: /Game/ThirdPersonBP/Maps/UEDPIE_0_ThirdPersonExampleMap
[2017.03.14-17.40.41:702][915]LogPlayLevel: PIE: StaticDuplicateObject took: (0.026537s)
[2017.03.14-17.40.41:703][915]LogAIModule: Creating AISystem for world ThirdPersonExampleMap
[2017.03.14-17.40.41:703][915]LogPlayLevel: PIE: World Init took: (0.001044s)
[2017.03.14-17.40.41:703][915]LogPlayLevel: PIE: Created PIE world by copying editor world from /Game/ThirdPersonBP/Maps/ThirdPersonExampleMap.ThirdPersonExampleMap to /Game/ThirdPersonBP/Maps/UEDPIE_0_ThirdPersonExampleMap.ThirdPersonExampleMap (0.027863s)
[2017.03.14-17.40.41:742][915]LogInit: XAudio2 using 'Haut-parleurs (2- USB Audio Device)' : 2 channels at 44.1 kHz using 16 bits per sample (channel mask 0x3)
[2017.03.14-17.40.41:749][915]LogInit: FAudioDevice initialized.
[2017.03.14-17.40.41:809][915]LogBlueprint:Warning: [Compiler ThirdPersonCharacter] Warning InputAction Event references unknown Action 'ResetVR' for  InputAction ResetVR
[2017.03.14-17.40.41:813][915]LogBlueprint:Warning: [Compiler ThirdPersonCharacter] Warning [0334.78] Compile of ThirdPersonCharacter successful, but with 1 Warning(s) [in 7 ms] (/Game/ThirdPersonBP/Blueprints/ThirdPersonCharacter.ThirdPersonCharacter)
[2017.03.14-17.40.41:813][915]LogBlueprint:Warning: [Compiler ThirdPersonCharacter] Warning [0334.78] Compile of ThirdPersonCharacter successful, but with 2 Warning(s) [in 0 ms] (/Game/ThirdPersonBP/Blueprints/ThirdPersonCharacter.ThirdPersonCharacter)
[2017.03.14-17.40.41:813][915]LogBlueprint:Warning: [Compiler ThirdPersonCharacter] Warning [0334.78] Compile of ThirdPersonCharacter successful, but with 3 Warning(s) [in 0 ms] (/Game/ThirdPersonBP/Blueprints/ThirdPersonCharacter.ThirdPersonCharacter)
[2017.03.14-17.40.41:821][915]LogBlueprint:Warning: [Compiler ThirdPersonCharacter] Warning InputAction Event references unknown Action 'ResetVR' for  InputAction ResetVR
[2017.03.14-17.40.41:824][915]LogBlueprint:Warning: [Compiler ThirdPersonCharacter] Warning [0334.79] Compile of ThirdPersonCharacter successful, but with 1 Warning(s) [in 6 ms] (/Game/ThirdPersonBP/Blueprints/ThirdPersonCharacter.ThirdPersonCharacter)
[2017.03.14-17.40.41:824][915]LogBlueprint:Warning: [Compiler ThirdPersonCharacter] Warning [0334.79] Compile of ThirdPersonCharacter successful, but with 2 Warning(s) [in 0 ms] (/Game/ThirdPersonBP/Blueprints/ThirdPersonCharacter.ThirdPersonCharacter)
[2017.03.14-17.40.41:824][915]LogBlueprint:Warning: [Compiler ThirdPersonCharacter] Warning [0334.79] Compile of ThirdPersonCharacter successful, but with 3 Warning(s) [in 0 ms] (/Game/ThirdPersonBP/Blueprints/ThirdPersonCharacter.ThirdPersonCharacter)
[2017.03.14-17.40.41:836][915]LogLoad: Game class is 'ThirdPersonGameMode_C'
[2017.03.14-17.40.41:838][915]LogWorld: Bringing World /Game/ThirdPersonBP/Maps/UEDPIE_0_ThirdPersonExampleMap.ThirdPersonExampleMap up for play (max tick rate 0) at 2017.03.14-18.40.41
[2017.03.14-17.40.41:839][915]LogWorld: Bringing up level for play took: 0.001648
[2017.03.14-17.40.41:873][915]LogContentBrowser: Native class hierarchy updated for 'MovieSceneCapture' in 0.0005 seconds. Added 11 classes and 0 folders.
[2017.03.14-17.40.41:882][915]PIE: Info Play in editor start time for /Game/ThirdPersonBP/Maps/UEDPIE_0_ThirdPersonExampleMap 0.024
[2017.03.14-17.40.41:882][915]LogBlueprintUserMessages: Late PlayInEditor Detection: Level '/Game/ThirdPersonBP/Maps/ThirdPersonExampleMap.ThirdPersonExampleMap:PersistentLevel' has LevelScriptBlueprint '/Game/ThirdPersonBP/Maps/ThirdPersonExampleMap.ThirdPersonExampleMap:PersistentLevel.ThirdPersonExampleMap' with GeneratedClass '/Game/ThirdPersonBP/Maps/ThirdPersonExampleMap.ThirdPersonExampleMap_C' with ClassGeneratedBy '/Game/ThirdPersonBP/Maps/ThirdPersonExampleMap.ThirdPersonExampleMap:PersistentLevel.ThirdPersonExampleMap'
[2017.03.14-17.40.51:026][  7]LogBlueprintUserMessages: Early EndPlayMap Detection: Level '/Game/ThirdPersonBP/Maps/ThirdPersonExampleMap.ThirdPersonExampleMap:PersistentLevel' has LevelScriptBlueprint '/Game/ThirdPersonBP/Maps/ThirdPersonExampleMap.ThirdPersonExampleMap:PersistentLevel.ThirdPersonExampleMap' with GeneratedClass '/Game/ThirdPersonBP/Maps/ThirdPersonExampleMap.ThirdPersonExampleMap_C' with ClassGeneratedBy '/Game/ThirdPersonBP/Maps/ThirdPersonExampleMap.ThirdPersonExampleMap:PersistentLevel.ThirdPersonExampleMap'
[2017.03.14-17.40.51:068][  7]LogBlueprintUserMessages: Late EndPlayMap Detection: Level '/Game/ThirdPersonBP/Maps/ThirdPersonExampleMap.ThirdPersonExampleMap:PersistentLevel' has LevelScriptBlueprint '/Game/ThirdPersonBP/Maps/ThirdPersonExampleMap.ThirdPersonExampleMap:PersistentLevel.ThirdPersonExampleMap' with GeneratedClass '/Game/ThirdPersonBP/Maps/ThirdPersonExampleMap.ThirdPersonExampleMap_C' with ClassGeneratedBy '/Game/ThirdPersonBP/Maps/ThirdPersonExampleMap.ThirdPersonExampleMap:PersistentLevel.ThirdPersonExampleMap'
[2017.03.14-17.40.51:590][ 64]Cmd: SELECT NONE
[2017.03.14-17.42.51:574][916]BlueprintLog: New page: Compile ThrowWidget
[2017.03.14-17.42.52:158][967]Cmd: OBJ SAVEPACKAGE PACKAGE="/Game/InventorySystem/Widgets/ThrowWidget" FILE="X:/Aratim/Documents/GitHub/ProjetInfoSolo/IsekaiLife 4.15/Content/InventorySystem/Widgets/ThrowWidget.uasset" SILENT=true
[2017.03.14-17.42.52:174][967]LogSavePackage: Save=9.75ms
[2017.03.14-17.42.52:174][967]LogSavePackage: Moving 'X:/Aratim/Documents/GitHub/ProjetInfoSolo/IsekaiLife 4.15/Saved/ThrowWidget54B1CC574F223D32802706BDEE125DAF.tmp' to 'X:/Aratim/Documents/GitHub/ProjetInfoSolo/IsekaiLife 4.15/Content/InventorySystem/Widgets/ThrowWidget.uasset'
[2017.03.14-17.42.52:175][967]LogSavePackage:Display: Finished SavePackage X:/Aratim/Documents/GitHub/ProjetInfoSolo/IsekaiLife 4.15/Content/InventorySystem/Widgets/ThrowWidget.uasset
[2017.03.14-17.49.01:550][697]LogUObjectHash:Warning: Ambiguous search, could be CanvasPanel /Game/InventorySystem/Widgets/Inventory.Inventory:WidgetTree.CanvasPanel_0 or CanvasPanel /Engine/Transient.World_1:ThrowWidget_C_12.WidgetTree.CanvasPanel_0
[2017.03.14-17.49.01:550][697]LogUObjectHash:Warning: Ambiguous search, could be CanvasPanel /Game/InventorySystem/Widgets/Inventory.Inventory:WidgetTree.CanvasPanel_0 or CanvasPanel /Game/InventorySystem/Widgets/MainWidget.MainWidget:WidgetTree.CanvasPanel_0
[2017.03.14-17.49.01:550][697]LogUObjectHash:Warning: Ambiguous search, could be CanvasPanel /Game/InventorySystem/Widgets/Inventory.Inventory:WidgetTree.CanvasPanel_0 or CanvasPanel /Engine/Transient.World_1:ThrowWidget_C_11.WidgetTree.CanvasPanel_0
[2017.03.14-17.49.01:550][697]LogUObjectHash:Warning: Ambiguous search, could be CanvasPanel /Game/InventorySystem/Widgets/Inventory.Inventory:WidgetTree.CanvasPanel_0 or CanvasPanel /Engine/Transient.World_1:ThrowWidget_C_10.WidgetTree.CanvasPanel_0
[2017.03.14-17.49.01:550][697]LogUObjectHash:Warning: Ambiguous search, could be CanvasPanel /Game/InventorySystem/Widgets/Inventory.Inventory:WidgetTree.CanvasPanel_0 or CanvasPanel /Engine/Transient.World_1:ThrowWidget_C_9.WidgetTree.CanvasPanel_0
[2017.03.14-17.49.01:550][697]LogUObjectHash:Warning: Ambiguous search, could be CanvasPanel /Game/InventorySystem/Widgets/Inventory.Inventory:WidgetTree.CanvasPanel_0 or CanvasPanel /Engine/Transient.World_1:ThrowWidget_C_8.WidgetTree.CanvasPanel_0
[2017.03.14-17.49.01:550][697]LogUObjectHash:Warning: Ambiguous search, could be CanvasPanel /Game/InventorySystem/Widgets/Inventory.Inventory:WidgetTree.CanvasPanel_0 or CanvasPanel /Engine/Transient.World_1:ThrowWidget_C_7.WidgetTree.CanvasPanel_0
[2017.03.14-17.49.01:550][697]LogUObjectHash:Warning: Ambiguous search, could be CanvasPanel /Game/InventorySystem/Widgets/Inventory.Inventory:WidgetTree.CanvasPanel_0 or CanvasPanel /Engine/Transient.World_1:ThrowWidget_C_6.WidgetTree.CanvasPanel_0
[2017.03.14-17.49.01:550][697]LogUObjectHash:Warning: Ambiguous search, could be CanvasPanel /Game/InventorySystem/Widgets/Inventory.Inventory:WidgetTree.CanvasPanel_0 or CanvasPanel /Engine/Transient.World_1:ThrowWidget_C_0.WidgetTree.CanvasPanel_0
[2017.03.14-17.49.01:550][697]LogUObjectHash:Warning: Ambiguous search, could be CanvasPanel /Game/InventorySystem/Widgets/Inventory.Inventory:WidgetTree.CanvasPanel_0 or CanvasPanel /Game/InventorySystem/Widgets/ThrowWidget.ThrowWidget_C:WidgetTree.CanvasPanel_0
[2017.03.14-17.49.01:550][697]LogUObjectHash:Warning: Ambiguous search, could be CanvasPanel /Game/InventorySystem/Widgets/Inventory.Inventory:WidgetTree.CanvasPanel_0 or CanvasPanel /Game/InventorySystem/Widgets/Inventory.Inventory_C:WidgetTree.CanvasPanel_0
[2017.03.14-17.49.01:550][697]LogUObjectHash:Warning: Ambiguous search, could be CanvasPanel /Game/InventorySystem/Widgets/Inventory.Inventory:WidgetTree.CanvasPanel_0 or CanvasPanel /Engine/Transient.World_1:ThrowWidget_C_5.WidgetTree.CanvasPanel_0
[2017.03.14-17.49.01:550][697]LogUObjectHash:Warning: Ambiguous search, could be CanvasPanel /Game/InventorySystem/Widgets/Inventory.Inventory:WidgetTree.CanvasPanel_0 or CanvasPanel /Engine/Transient.World_1:ThrowWidget_C_4.WidgetTree.CanvasPanel_0
[2017.03.14-17.49.01:550][697]LogUObjectHash:Warning: Ambiguous search, could be CanvasPanel /Game/InventorySystem/Widgets/Inventory.Inventory:WidgetTree.CanvasPanel_0 or CanvasPanel /Game/InventorySystem/Widgets/MainWidget.MainWidget_C:WidgetTree.CanvasPanel_0
[2017.03.14-17.49.01:550][697]LogUObjectHash:Warning: Ambiguous search, could be CanvasPanel /Game/InventorySystem/Widgets/Inventory.Inventory:WidgetTree.CanvasPanel_0 or CanvasPanel /Game/InventorySystem/Widgets/MainWidget.MainWidget_C:WidgetTree.InventoryWidget.WidgetTree_2.CanvasPanel_0
[2017.03.14-17.49.01:550][697]LogUObjectHash:Warning: Ambiguous search, could be CanvasPanel /Game/InventorySystem/Widgets/Inventory.Inventory:WidgetTree.CanvasPanel_0 or CanvasPanel /Game/InventorySystem/Widgets/ThrowWidget.ThrowWidget:WidgetTree.CanvasPanel_0
[2017.03.14-17.49.01:550][697]LogUObjectHash:Warning: Ambiguous search, could be CanvasPanel /Game/InventorySystem/Widgets/Inventory.Inventory:WidgetTree.CanvasPanel_0 or CanvasPanel /Engine/Transient.World_1:ThrowWidget_C_13.WidgetTree.CanvasPanel_0
[2017.03.14-17.49.01:550][697]LogUObjectHash:Warning: Ambiguous search, could be CanvasPanel /Game/InventorySystem/Widgets/Inventory.Inventory:WidgetTree.CanvasPanel_0 or CanvasPanel /Engine/Transient.World_1:ThrowWidget_C_14.WidgetTree.CanvasPanel_0
[2017.03.14-17.49.01:550][697]LogUObjectHash:Warning: Ambiguous search, could be CanvasPanel /Game/InventorySystem/Widgets/Inventory.Inventory:WidgetTree.CanvasPanel_0 or CanvasPanel /Engine/Transient.World_1:ThrowWidget_C_15.WidgetTree.CanvasPanel_0
[2017.03.14-17.49.01:551][697]LogUObjectHash:Warning: Ambiguous search, could be CanvasPanel /Game/InventorySystem/Widgets/Inventory.Inventory:WidgetTree.CanvasPanel_0 or CanvasPanel /Engine/Transient.World_1:ThrowWidget_C_16.WidgetTree.CanvasPanel_0
[2017.03.14-17.49.01:551][697]LogUObjectHash:Warning: Ambiguous search, could be CanvasPanel /Game/InventorySystem/Widgets/Inventory.Inventory:WidgetTree.CanvasPanel_0 or CanvasPanel /Engine/Transient.World_1:ThrowWidget_C_17.WidgetTree.CanvasPanel_0
[2017.03.14-17.49.01:551][697]LogUObjectHash:Warning: Ambiguous search, could be CanvasPanel /Game/InventorySystem/Widgets/Inventory.Inventory:WidgetTree.CanvasPanel_0 or CanvasPanel /Engine/Transient.World_1:ThrowWidget_C_18.WidgetTree.CanvasPanel_0
[2017.03.14-17.49.01:551][697]LogUObjectHash:Warning: Ambiguous search, could be CanvasPanel /Game/InventorySystem/Widgets/Inventory.Inventory:WidgetTree.CanvasPanel_0 or CanvasPanel /Engine/Transient.World_1:ThrowWidget_C_19.WidgetTree.CanvasPanel_0
[2017.03.14-17.49.01:551][697]LogUObjectHash:Warning: Ambiguous search, could be CanvasPanel /Game/InventorySystem/Widgets/Inventory.Inventory:WidgetTree.CanvasPanel_0 or CanvasPanel /Engine/Transient.World_1:ThrowWidget_C_20.WidgetTree.CanvasPanel_0
[2017.03.14-17.49.01:551][697]LogUObjectHash:Warning: Ambiguous search, could be CanvasPanel /Game/InventorySystem/Widgets/Inventory.Inventory:WidgetTree.CanvasPanel_0 or CanvasPanel /Engine/Transient.World_1:ThrowWidget_C_21.WidgetTree.CanvasPanel_0
[2017.03.14-17.49.01:551][697]LogUObjectHash:Warning: Ambiguous search, could be CanvasPanel /Game/InventorySystem/Widgets/Inventory.Inventory:WidgetTree.CanvasPanel_0 or CanvasPanel /Engine/Transient.World_1:ThrowWidget_C_22.WidgetTree.CanvasPanel_0
[2017.03.14-17.49.01:551][697]LogUObjectHash:Warning: Ambiguous search, could be CanvasPanel /Game/InventorySystem/Widgets/Inventory.Inventory:WidgetTree.CanvasPanel_0 or CanvasPanel /Engine/Transient.World_1:ThrowWidget_C_23.WidgetTree.CanvasPanel_0
[2017.03.14-17.49.01:551][697]LogUObjectHash:Warning: Ambiguous search, could be CanvasPanel /Game/InventorySystem/Widgets/Inventory.Inventory:WidgetTree.CanvasPanel_0 or CanvasPanel /Engine/Transient.World_1:ThrowWidget_C_24.WidgetTree.CanvasPanel_0
[2017.03.14-17.49.01:551][697]LogUObjectHash:Warning: Ambiguous search, could be CanvasPanelSlot /Engine/Transient.World_1:ThrowWidget_C_9.WidgetTree.CanvasPanel_0.CanvasPanelSlot_4 or CanvasPanelSlot /Game/InventorySystem/Widgets/ThrowWidget.ThrowWidget:WidgetTree.CanvasPanel_0.CanvasPanelSlot_4
[2017.03.14-17.49.01:551][697]LogUObjectHash:Warning: Ambiguous search, could be CanvasPanelSlot /Engine/Transient.World_1:ThrowWidget_C_9.WidgetTree.CanvasPanel_0.CanvasPanelSlot_4 or CanvasPanelSlot /Engine/Transient.World_1:ThrowWidget_C_22.WidgetTree.CanvasPanel_0.CanvasPanelSlot_4
[2017.03.14-17.49.01:551][697]LogUObjectHash:Warning: Ambiguous search, could be CanvasPanelSlot /Engine/Transient.World_1:ThrowWidget_C_9.WidgetTree.CanvasPanel_0.CanvasPanelSlot_4 or CanvasPanelSlot /Engine/Transient.World_1:ThrowWidget_C_23.WidgetTree.CanvasPanel_0.CanvasPanelSlot_4
[2017.03.14-17.49.01:551][697]LogUObjectHash:Warning: Ambiguous search, could be CanvasPanelSlot /Engine/Transient.World_1:ThrowWidget_C_9.WidgetTree.CanvasPanel_0.CanvasPanelSlot_4 or CanvasPanelSlot /Engine/Transient.World_1:ThrowWidget_C_24.WidgetTree.CanvasPanel_0.CanvasPanelSlot_4
[2017.03.14-17.49.01:551][697]LogProperty:Warning: Illegal TEXT reference to a private object in external package (CanvasPanelSlot /Engine/Transient.World_1:ThrowWidget_C_9.WidgetTree.CanvasPanel_0.CanvasPanelSlot_4) from referencer (Button /Engine/UMG/Editor/Transient.MinusButton).  Import failed...
[2017.03.14-17.49.01:551][697]LogProperty:Warning: ObjectProperty /Script/UMG.Widget:Slot: unresolved reference to 'CanvasPanelSlot'CanvasPanel_0.CanvasPanelSlot_4''
[2017.03.14-17.51.55:529][539]LogFileHelpers: Editor autosave (incl. sublevels) for '/Game/ThirdPersonBP/Maps/ThirdPersonExampleMap' took 0.027
[2017.03.14-17.51.55:530][539]OBJ SavePackage: Generating thumbnails for [0] asset(s) in package [/Game/InventorySystem/Widgets/ThrowWidget] ([1] browsable assets)...
[2017.03.14-17.51.55:530][539]OBJ SavePackage: Finished generating thumbnails for package [/Game/InventorySystem/Widgets/ThrowWidget]
[2017.03.14-17.51.55:548][539]LogSavePackage: Save=12.69ms
[2017.03.14-17.51.55:548][539]LogSavePackage: Moving 'X:/Aratim/Documents/GitHub/ProjetInfoSolo/IsekaiLife 4.15/Saved/ThrowWidget_Auto1A3D5F1554ED1C5DF3FA2D29BFE64AE30.tmp' to 'X:/Aratim/Documents/GitHub/ProjetInfoSolo/IsekaiLife 4.15/Saved/Autosaves/Game/InventorySystem/Widgets/ThrowWidget_Auto1.uasset'
[2017.03.14-17.51.55:549][539]LogSavePackage:Display: Finished SavePackage X:/Aratim/Documents/GitHub/ProjetInfoSolo/IsekaiLife 4.15/Saved/Autosaves/Game/InventorySystem/Widgets/ThrowWidget_Auto1.uasset
[2017.03.14-17.51.55:549][539]LogFileHelpers: Auto-saving content packages took 0.020
[2017.03.14-17.54.08:569][659]LogEditorTransaction: Undo Edit Left
[2017.03.14-17.54.10:814][926]LogEditorTransaction: Undo Edit Top
[2017.03.14-17.54.12:209][ 91]LogEditorTransaction: Redo Edit Top
[2017.03.14-18.00.09:861][198]LogUObjectHash:Warning: Ambiguous search, could be CanvasPanel /Game/InventorySystem/Widgets/Inventory.Inventory:WidgetTree.CanvasPanel_0 or CanvasPanel /Engine/Transient.World_1:ThrowWidget_C_12.WidgetTree.CanvasPanel_0
[2017.03.14-18.00.09:861][198]LogUObjectHash:Warning: Ambiguous search, could be CanvasPanel /Game/InventorySystem/Widgets/Inventory.Inventory:WidgetTree.CanvasPanel_0 or CanvasPanel /Game/InventorySystem/Widgets/MainWidget.MainWidget:WidgetTree.CanvasPanel_0
[2017.03.14-18.00.09:861][198]LogUObjectHash:Warning: Ambiguous search, could be CanvasPanel /Game/InventorySystem/Widgets/Inventory.Inventory:WidgetTree.CanvasPanel_0 or CanvasPanel /Engine/Transient.World_1:ThrowWidget_C_33.WidgetTree.CanvasPanel_0
[2017.03.14-18.00.09:861][198]LogUObjectHash:Warning: Ambiguous search, could be CanvasPanel /Game/InventorySystem/Widgets/Inventory.Inventory:WidgetTree.CanvasPanel_0 or CanvasPanel /Engine/Transient.World_1:ThrowWidget_C_32.WidgetTree.CanvasPanel_0
[2017.03.14-18.00.09:861][198]LogUObjectHash:Warning: Ambiguous search, could be CanvasPanel /Game/InventorySystem/Widgets/Inventory.Inventory:WidgetTree.CanvasPanel_0 or CanvasPanel /Engine/Transient.World_1:ThrowWidget_C_31.WidgetTree.CanvasPanel_0
[2017.03.14-18.00.09:861][198]LogUObjectHash:Warning: Ambiguous search, could be CanvasPanel /Game/InventorySystem/Widgets/Inventory.Inventory:WidgetTree.CanvasPanel_0 or CanvasPanel /Engine/Transient.World_1:ThrowWidget_C_30.WidgetTree.CanvasPanel_0
[2017.03.14-18.00.09:861][198]LogUObjectHash:Warning: Ambiguous search, could be CanvasPanel /Game/InventorySystem/Widgets/Inventory.Inventory:WidgetTree.CanvasPanel_0 or CanvasPanel /Engine/Transient.World_1:ThrowWidget_C_7.WidgetTree.CanvasPanel_0
[2017.03.14-18.00.09:861][198]LogUObjectHash:Warning: Ambiguous search, could be CanvasPanel /Game/InventorySystem/Widgets/Inventory.Inventory:WidgetTree.CanvasPanel_0 or CanvasPanel /Engine/Transient.World_1:ThrowWidget_C_6.WidgetTree.CanvasPanel_0
[2017.03.14-18.00.09:861][198]LogUObjectHash:Warning: Ambiguous search, could be CanvasPanel /Game/InventorySystem/Widgets/Inventory.Inventory:WidgetTree.CanvasPanel_0 or CanvasPanel /Engine/Transient.World_1:ThrowWidget_C_29.WidgetTree.CanvasPanel_0
[2017.03.14-18.00.09:861][198]LogUObjectHash:Warning: Ambiguous search, could be CanvasPanel /Game/InventorySystem/Widgets/Inventory.Inventory:WidgetTree.CanvasPanel_0 or CanvasPanel /Game/InventorySystem/Widgets/ThrowWidget.ThrowWidget_C:WidgetTree.CanvasPanel_0
[2017.03.14-18.00.09:861][198]LogUObjectHash:Warning: Ambiguous search, could be CanvasPanel /Game/InventorySystem/Widgets/Inventory.Inventory:WidgetTree.CanvasPanel_0 or CanvasPanel /Game/InventorySystem/Widgets/Inventory.Inventory_C:WidgetTree.CanvasPanel_0
[2017.03.14-18.00.09:861][198]LogUObjectHash:Warning: Ambiguous search, could be CanvasPanel /Game/InventorySystem/Widgets/Inventory.Inventory:WidgetTree.CanvasPanel_0 or CanvasPanel /Engine/Transient.World_1:ThrowWidget_C_5.WidgetTree.CanvasPanel_0
[2017.03.14-18.00.09:861][198]LogUObjectHash:Warning: Ambiguous search, could be CanvasPanel /Game/InventorySystem/Widgets/Inventory.Inventory:WidgetTree.CanvasPanel_0 or CanvasPanel /Engine/Transient.World_1:ThrowWidget_C_4.WidgetTree.CanvasPanel_0
[2017.03.14-18.00.09:861][198]LogUObjectHash:Warning: Ambiguous search, could be CanvasPanel /Game/InventorySystem/Widgets/Inventory.Inventory:WidgetTree.CanvasPanel_0 or CanvasPanel /Game/InventorySystem/Widgets/MainWidget.MainWidget_C:WidgetTree.CanvasPanel_0
[2017.03.14-18.00.09:861][198]LogUObjectHash:Warning: Ambiguous search, could be CanvasPanel /Game/InventorySystem/Widgets/Inventory.Inventory:WidgetTree.CanvasPanel_0 or CanvasPanel /Game/InventorySystem/Widgets/MainWidget.MainWidget_C:WidgetTree.InventoryWidget.WidgetTree_2.CanvasPanel_0
[2017.03.14-18.00.09:861][198]LogUObjectHash:Warning: Ambiguous search, could be CanvasPanel /Game/InventorySystem/Widgets/Inventory.Inventory:WidgetTree.CanvasPanel_0 or CanvasPanel /Game/InventorySystem/Widgets/ThrowWidget.ThrowWidget:WidgetTree.CanvasPanel_0
[2017.03.14-18.00.09:861][198]LogUObjectHash:Warning: Ambiguous search, could be CanvasPanel /Game/InventorySystem/Widgets/Inventory.Inventory:WidgetTree.CanvasPanel_0 or CanvasPanel /Engine/Transient.World_1:ThrowWidget_C_13.WidgetTree.CanvasPanel_0
[2017.03.14-18.00.09:861][198]LogUObjectHash:Warning: Ambiguous search, could be CanvasPanel /Game/InventorySystem/Widgets/Inventory.Inventory:WidgetTree.CanvasPanel_0 or CanvasPanel /Engine/Transient.World_1:ThrowWidget_C_14.WidgetTree.CanvasPanel_0
[2017.03.14-18.00.09:861][198]LogUObjectHash:Warning: Ambiguous search, could be CanvasPanel /Game/InventorySystem/Widgets/Inventory.Inventory:WidgetTree.CanvasPanel_0 or CanvasPanel /Engine/Transient.World_1:ThrowWidget_C_15.WidgetTree.CanvasPanel_0
[2017.03.14-18.00.09:861][198]LogUObjectHash:Warning: Ambiguous search, could be CanvasPanel /Game/InventorySystem/Widgets/Inventory.Inventory:WidgetTree.CanvasPanel_0 or CanvasPanel /Engine/Transient.World_1:ThrowWidget_C_34.WidgetTree.CanvasPanel_0
[2017.03.14-18.00.09:861][198]LogUObjectHash:Warning: Ambiguous search, could be CanvasPanel /Game/InventorySystem/Widgets/Inventory.Inventory:WidgetTree.CanvasPanel_0 or CanvasPanel /Engine/Transient.World_1:ThrowWidget_C_16.WidgetTree.CanvasPanel_0
[2017.03.14-18.00.09:861][198]LogUObjectHash:Warning: Ambiguous search, could be CanvasPanel /Game/InventorySystem/Widgets/Inventory.Inventory:WidgetTree.CanvasPanel_0 or CanvasPanel /Engine/Transient.World_1:ThrowWidget_C_17.WidgetTree.CanvasPanel_0
[2017.03.14-18.00.09:861][198]LogUObjectHash:Warning: Ambiguous search, could be CanvasPanel /Game/InventorySystem/Widgets/Inventory.Inventory:WidgetTree.CanvasPanel_0 or CanvasPanel /Engine/Transient.World_1:ThrowWidget_C_18.WidgetTree.CanvasPanel_0
[2017.03.14-18.00.09:861][198]LogUObjectHash:Warning: Ambiguous search, could be CanvasPanel /Game/InventorySystem/Widgets/Inventory.Inventory:WidgetTree.CanvasPanel_0 or CanvasPanel /Engine/Transient.World_1:ThrowWidget_C_19.WidgetTree.CanvasPanel_0
[2017.03.14-18.00.09:861][198]LogUObjectHash:Warning: Ambiguous search, could be CanvasPanel /Game/InventorySystem/Widgets/Inventory.Inventory:WidgetTree.CanvasPanel_0 or CanvasPanel /Engine/Transient.World_1:ThrowWidget_C_20.WidgetTree.CanvasPanel_0
[2017.03.14-18.00.09:861][198]LogUObjectHash:Warning: Ambiguous search, could be CanvasPanel /Game/InventorySystem/Widgets/Inventory.Inventory:WidgetTree.CanvasPanel_0 or CanvasPanel /Engine/Transient.World_1:ThrowWidget_C_21.WidgetTree.CanvasPanel_0
[2017.03.14-18.00.09:861][198]LogUObjectHash:Warning: Ambiguous search, could be CanvasPanel /Game/InventorySystem/Widgets/Inventory.Inventory:WidgetTree.CanvasPanel_0 or CanvasPanel /Engine/Transient.World_1:ThrowWidget_C_22.WidgetTree.CanvasPanel_0
[2017.03.14-18.00.09:861][198]LogUObjectHash:Warning: Ambiguous search, could be CanvasPanel /Game/InventorySystem/Widgets/Inventory.Inventory:WidgetTree.CanvasPanel_0 or CanvasPanel /Engine/Transient.World_1:ThrowWidget_C_23.WidgetTree.CanvasPanel_0
[2017.03.14-18.00.09:861][198]LogUObjectHash:Warning: Ambiguous search, could be CanvasPanel /Game/InventorySystem/Widgets/Inventory.Inventory:WidgetTree.CanvasPanel_0 or CanvasPanel /Engine/Transient.World_1:ThrowWidget_C_24.WidgetTree.CanvasPanel_0
[2017.03.14-18.00.09:861][198]LogUObjectHash:Warning: Ambiguous search, could be CanvasPanel /Game/InventorySystem/Widgets/Inventory.Inventory:WidgetTree.CanvasPanel_0 or CanvasPanel /Engine/Transient.World_1:ThrowWidget_C_25.WidgetTree.CanvasPanel_0
[2017.03.14-18.00.09:861][198]LogUObjectHash:Warning: Ambiguous search, could be CanvasPanel /Game/InventorySystem/Widgets/Inventory.Inventory:WidgetTree.CanvasPanel_0 or CanvasPanel /Engine/Transient.World_1:ThrowWidget_C_26.WidgetTree.CanvasPanel_0
[2017.03.14-18.00.09:861][198]LogUObjectHash:Warning: Ambiguous search, could be CanvasPanel /Game/InventorySystem/Widgets/Inventory.Inventory:WidgetTree.CanvasPanel_0 or CanvasPanel /Engine/Transient.World_1:ThrowWidget_C_27.WidgetTree.CanvasPanel_0
[2017.03.14-18.00.09:861][198]LogUObjectHash:Warning: Ambiguous search, could be CanvasPanel /Game/InventorySystem/Widgets/Inventory.Inventory:WidgetTree.CanvasPanel_0 or CanvasPanel /Engine/Transient.World_1:ThrowWidget_C_28.WidgetTree.CanvasPanel_0
[2017.03.14-18.00.09:861][198]LogUObjectHash:Warning: Ambiguous search, could be CanvasPanel /Game/InventorySystem/Widgets/Inventory.Inventory:WidgetTree.CanvasPanel_0 or CanvasPanel /Engine/Transient.World_1:ThrowWidget_C_35.WidgetTree.CanvasPanel_0
[2017.03.14-18.00.09:861][198]LogUObjectHash:Warning: Ambiguous search, could be CanvasPanel /Game/InventorySystem/Widgets/Inventory.Inventory:WidgetTree.CanvasPanel_0 or CanvasPanel /Engine/Transient.World_1:ThrowWidget_C_36.WidgetTree.CanvasPanel_0
[2017.03.14-18.00.09:861][198]LogUObjectHash:Warning: Ambiguous search, could be CanvasPanel /Game/InventorySystem/Widgets/Inventory.Inventory:WidgetTree.CanvasPanel_0 or CanvasPanel /Engine/Transient.World_1:ThrowWidget_C_37.WidgetTree.CanvasPanel_0
[2017.03.14-18.00.09:861][198]LogUObjectHash:Warning: Ambiguous search, could be CanvasPanel /Game/InventorySystem/Widgets/Inventory.Inventory:WidgetTree.CanvasPanel_0 or CanvasPanel /Engine/Transient.World_1:ThrowWidget_C_38.WidgetTree.CanvasPanel_0
[2017.03.14-18.00.09:861][198]LogUObjectHash:Warning: Ambiguous search, could be CanvasPanel /Game/InventorySystem/Widgets/Inventory.Inventory:WidgetTree.CanvasPanel_0 or CanvasPanel /Engine/Transient.World_1:ThrowWidget_C_39.WidgetTree.CanvasPanel_0
[2017.03.14-18.00.09:861][198]LogUObjectHash:Warning: Ambiguous search, could be CanvasPanel /Game/InventorySystem/Widgets/Inventory.Inventory:WidgetTree.CanvasPanel_0 or CanvasPanel /Engine/Transient.World_1:ThrowWidget_C_40.WidgetTree.CanvasPanel_0
[2017.03.14-18.00.09:861][198]LogUObjectHash:Warning: Ambiguous search, could be CanvasPanel /Game/InventorySystem/Widgets/Inventory.Inventory:WidgetTree.CanvasPanel_0 or CanvasPanel /Engine/Transient.World_1:ThrowWidget_C_41.WidgetTree.CanvasPanel_0
[2017.03.14-18.00.09:861][198]LogUObjectHash:Warning: Ambiguous search, could be CanvasPanel /Game/InventorySystem/Widgets/Inventory.Inventory:WidgetTree.CanvasPanel_0 or CanvasPanel /Engine/Transient.World_1:ThrowWidget_C_42.WidgetTree.CanvasPanel_0
[2017.03.14-18.00.09:861][198]LogUObjectHash:Warning: Ambiguous search, could be CanvasPanelSlot /Game/InventorySystem/Widgets/ThrowWidget.ThrowWidget:WidgetTree.CanvasPanel_0.CanvasPanelSlot_7 or CanvasPanelSlot /Engine/Transient.World_1:ThrowWidget_C_37.WidgetTree.CanvasPanel_0.CanvasPanelSlot_7
[2017.03.14-18.00.09:861][198]LogUObjectHash:Warning: Ambiguous search, could be CanvasPanelSlot /Game/InventorySystem/Widgets/ThrowWidget.ThrowWidget:WidgetTree.CanvasPanel_0.CanvasPanelSlot_7 or CanvasPanelSlot /Engine/Transient.World_1:ThrowWidget_C_38.WidgetTree.CanvasPanel_0.CanvasPanelSlot_7
[2017.03.14-18.00.09:861][198]LogUObjectHash:Warning: Ambiguous search, could be CanvasPanelSlot /Game/InventorySystem/Widgets/ThrowWidget.ThrowWidget:WidgetTree.CanvasPanel_0.CanvasPanelSlot_7 or CanvasPanelSlot /Engine/Transient.World_1:ThrowWidget_C_39.WidgetTree.CanvasPanel_0.CanvasPanelSlot_7
[2017.03.14-18.00.09:861][198]LogUObjectHash:Warning: Ambiguous search, could be CanvasPanelSlot /Game/InventorySystem/Widgets/ThrowWidget.ThrowWidget:WidgetTree.CanvasPanel_0.CanvasPanelSlot_7 or CanvasPanelSlot /Engine/Transient.World_1:ThrowWidget_C_40.WidgetTree.CanvasPanel_0.CanvasPanelSlot_7
[2017.03.14-18.00.09:861][198]LogUObjectHash:Warning: Ambiguous search, could be CanvasPanelSlot /Game/InventorySystem/Widgets/ThrowWidget.ThrowWidget:WidgetTree.CanvasPanel_0.CanvasPanelSlot_7 or CanvasPanelSlot /Engine/Transient.World_1:ThrowWidget_C_41.WidgetTree.CanvasPanel_0.CanvasPanelSlot_7
[2017.03.14-18.00.09:861][198]LogUObjectHash:Warning: Ambiguous search, could be CanvasPanelSlot /Game/InventorySystem/Widgets/ThrowWidget.ThrowWidget:WidgetTree.CanvasPanel_0.CanvasPanelSlot_7 or CanvasPanelSlot /Engine/Transient.World_1:ThrowWidget_C_42.WidgetTree.CanvasPanel_0.CanvasPanelSlot_7
[2017.03.14-18.00.09:861][198]LogProperty:Warning: Illegal TEXT reference to a private object in external package (CanvasPanelSlot /Game/InventorySystem/Widgets/ThrowWidget.ThrowWidget:WidgetTree.CanvasPanel_0.CanvasPanelSlot_7) from referencer (Button /Engine/UMG/Editor/Transient.ConfirmButton).  Import failed...
[2017.03.14-18.00.09:861][198]LogProperty:Warning: ObjectProperty /Script/UMG.Widget:Slot: unresolved reference to 'CanvasPanelSlot'CanvasPanel_0.CanvasPanelSlot_7''
[2017.03.14-18.01.58:558][639]BlueprintLog: New page: Compile ThrowWidget
[2017.03.14-18.01.59:243][701]Cmd: OBJ SAVEPACKAGE PACKAGE="/Game/InventorySystem/Widgets/ThrowWidget" FILE="X:/Aratim/Documents/GitHub/ProjetInfoSolo/IsekaiLife 4.15/Content/InventorySystem/Widgets/ThrowWidget.uasset" SILENT=true
[2017.03.14-18.01.59:525][701]LogSavePackage: Save=277.21ms
[2017.03.14-18.01.59:525][701]LogSavePackage: Moving 'X:/Aratim/Documents/GitHub/ProjetInfoSolo/IsekaiLife 4.15/Saved/ThrowWidget5E436E0D4D68DF6C238D8C856229A422.tmp' to 'X:/Aratim/Documents/GitHub/ProjetInfoSolo/IsekaiLife 4.15/Content/InventorySystem/Widgets/ThrowWidget.uasset'
[2017.03.14-18.01.59:531][701]LogSavePackage:Display: Finished SavePackage X:/Aratim/Documents/GitHub/ProjetInfoSolo/IsekaiLife 4.15/Content/InventorySystem/Widgets/ThrowWidget.uasset
[2017.03.14-18.02.13:857][322]LogSlate: Took 0.003413 seconds to synchronously load lazily loaded font '../../../Engine/Content/Editor/Slate/Fonts/Roboto-BoldCondensedItalic.ttf' (160K)
[2017.03.14-18.03.10:313][605]LogSlate: Took 0.003797 seconds to synchronously load lazily loaded font '../../../Engine/Content/Editor/Slate/Fonts/Roboto-Italic.ttf' (157K)
[2017.03.14-18.03.53:230][100]BlueprintLog: New page: Compile ThrowWidget
[2017.03.14-18.03.53:845][161]Cmd: OBJ SAVEPACKAGE PACKAGE="/Game/InventorySystem/Widgets/ThrowWidget" FILE="X:/Aratim/Documents/GitHub/ProjetInfoSolo/IsekaiLife 4.15/Content/InventorySystem/Widgets/ThrowWidget.uasset" SILENT=true
[2017.03.14-18.03.53:861][161]LogSavePackage: Save=15.05ms
[2017.03.14-18.03.53:861][161]LogSavePackage: Moving 'X:/Aratim/Documents/GitHub/ProjetInfoSolo/IsekaiLife 4.15/Saved/ThrowWidgetC7B3938947C8D784C38184947045A112.tmp' to 'X:/Aratim/Documents/GitHub/ProjetInfoSolo/IsekaiLife 4.15/Content/InventorySystem/Widgets/ThrowWidget.uasset'
[2017.03.14-18.03.53:864][161]LogSavePackage:Display: Finished SavePackage X:/Aratim/Documents/GitHub/ProjetInfoSolo/IsekaiLife 4.15/Content/InventorySystem/Widgets/ThrowWidget.uasset
[2017.03.14-21.27.30:986][970]Cmd: QUIT_EDITOR
[2017.03.14-21.27.31:840][970]LogWindowsTextInputMethodSystem:Display: IME system now deactivated.
[2017.03.14-21.27.31:903][970]LogExit: Preparing to exit.
[2017.03.14-21.27.33:531][970]LogExit: Editor shut down
[2017.03.14-21.27.33:532][970]LogExit: Transaction tracking system shut down
[2017.03.14-21.27.33:877][970]LogObj: Freed 0b from 0 cluster array pools.
[2017.03.14-21.27.33:878][970]LogExit: Object subsystem successfully closed.
[2017.03.14-21.27.33:919][970]LogD3D11RHI: Shutdown
[2017.03.14-21.27.33:919][970]LogD3D11RHI: CleanupD3DDevice
[2017.03.14-21.27.34:000][970]LogD3D11RHI: ~FD3D11DynamicRHI
[2017.03.14-21.27.34:050][970]LogModuleManager: Shutting down and abandoning module MovieSceneCapture (504)
[2017.03.14-21.27.34:050][970]LogModuleManager: Shutting down and abandoning module SequencerWidgets (502)
[2017.03.14-21.27.34:050][970]LogModuleManager: Shutting down and abandoning module BlueprintGraph (500)
[2017.03.14-21.27.34:050][970]LogModuleManager: Shutting down and abandoning module BlueprintProfiler (498)
[2017.03.14-21.27.34:052][970]LogModuleManager: Shutting down and abandoning module HierarchicalLODOutliner (496)
[2017.03.14-21.27.34:053][970]LogModuleManager: Shutting down and abandoning module CrashTracker (494)
[2017.03.14-21.27.34:053][970]LogModuleManager: Shutting down and abandoning module SceneOutliner (492)
[2017.03.14-21.27.34:053][970]LogModuleManager: Shutting down and abandoning module AddContentDialog (490)
[2017.03.14-21.27.34:054][970]LogDirectoryWatcher: A directory notification for 'C:/Program Files/Epic Games/UE_4.15/FeaturePacks/' was aborted.
[2017.03.14-21.27.34:077][970]LogModuleManager: Shutting down and abandoning module WidgetCarousel (489)
[2017.03.14-21.27.34:077][970]LogModuleManager: Shutting down and abandoning module EditorWidgets (486)
[2017.03.14-21.27.34:077][970]LogModuleManager: Shutting down and abandoning module CollectionManager (484)
[2017.03.14-21.27.34:078][970]LogDirectoryWatcher: A directory notification for 'X:/Aratim/Documents/GitHub/ProjetInfoSolo/IsekaiLife 4.15/Content/Collections/' was aborted.
[2017.03.14-21.27.34:078][970]LogDirectoryWatcher: A directory notification for 'X:/Aratim/Documents/GitHub/ProjetInfoSolo/IsekaiLife 4.15/Content/Developers/Aratim/Collections/' was aborted.
[2017.03.14-21.27.34:078][970]LogDirectoryWatcher: A directory notification for 'X:/Aratim/Documents/GitHub/ProjetInfoSolo/IsekaiLife 4.15/Saved/Collections/' was aborted.
[2017.03.14-21.27.34:078][970]LogModuleManager: Shutting down and abandoning module StatsViewer (482)
[2017.03.14-21.27.34:079][970]LogModuleManager: Shutting down and abandoning module FoliageEdit (480)
[2017.03.14-21.27.34:079][970]LogModuleManager: Shutting down and abandoning module LandscapeEditor (478)
[2017.03.14-21.27.34:079][970]LogModuleManager: Shutting down and abandoning module SceneDepthPickerMode (476)
[2017.03.14-21.27.34:079][970]LogModuleManager: Shutting down and abandoning module ActorPickerMode (474)
[2017.03.14-21.27.34:079][970]LogModuleManager: Shutting down and abandoning module GeometryMode (472)
[2017.03.14-21.27.34:079][970]LogModuleManager: Shutting down and abandoning module TextureAlignMode (470)
[2017.03.14-21.27.34:079][970]LogModuleManager: Shutting down and abandoning module BspMode (468)
[2017.03.14-21.27.34:080][970]LogModuleManager: Shutting down and abandoning module HardwareSurvey (466)
[2017.03.14-21.27.34:080][970]LogModuleManager: Shutting down and abandoning module SequenceRecorderSections (464)
[2017.03.14-21.27.34:081][970]LogModuleManager: Shutting down and abandoning module AutomationWorker (462)
[2017.03.14-21.27.34:081][970]LogModuleManager: Shutting down and abandoning module MatineeToLevelSequence (460)
[2017.03.14-21.27.34:081][970]LogModuleManager: Shutting down and abandoning module LevelSequenceEditor (458)
[2017.03.14-21.27.34:084][970]LogModuleManager: Shutting down and abandoning module PlacementMode (457)
[2017.03.14-21.27.34:084][970]LogModuleManager: Shutting down and abandoning module WmfMediaFactory (454)
[2017.03.14-21.27.34:084][970]LogModuleManager: Shutting down and abandoning module WmfMediaEditor (452)
[2017.03.14-21.27.34:084][970]LogModuleManager: Shutting down and abandoning module MfMediaFactory (450)
[2017.03.14-21.27.34:084][970]LogModuleManager: Shutting down and abandoning module MfMediaEditor (448)
[2017.03.14-21.27.34:084][970]LogModuleManager: Shutting down and abandoning module AvfMediaFactory (446)
[2017.03.14-21.27.34:084][970]LogModuleManager: Shutting down and abandoning module AvfMediaEditor (444)
[2017.03.14-21.27.34:084][970]LogModuleManager: Shutting down and abandoning module AndroidMediaFactory (442)
[2017.03.14-21.27.34:084][970]LogModuleManager: Shutting down and abandoning module Media (441)
[2017.03.14-21.27.34:084][970]LogModuleManager: Shutting down and abandoning module AndroidMediaEditor (438)
[2017.03.14-21.27.34:084][970]LogModuleManager: Shutting down and abandoning module CharacterAI (436)
[2017.03.14-21.27.34:084][970]LogModuleManager: Shutting down and abandoning module AudioCapture (434)
[2017.03.14-21.27.34:084][970]LogModuleManager: Shutting down and abandoning module SequenceRecorder (433)
[2017.03.14-21.27.34:086][970]LogModuleManager: Shutting down and abandoning module SmartSnapping (430)
[2017.03.14-21.27.34:086][970]LogModuleManager: Shutting down and abandoning module SessionServices (428)
[2017.03.14-21.27.34:086][970]LogModuleManager: Shutting down and abandoning module ViewportSnapping (426)
[2017.03.14-21.27.34:087][970]LogModuleManager: Shutting down and abandoning module ViewportInteraction (424)
[2017.03.14-21.27.34:087][970]LogModuleManager: Shutting down and abandoning module LogVisualizer (422)
[2017.03.14-21.27.34:088][970]LogModuleManager: Shutting down and abandoning module IntroTutorials (420)
[2017.03.14-21.27.34:089][970]LogModuleManager: Shutting down and abandoning module GameProjectGeneration (419)
[2017.03.14-21.27.34:090][970]LogModuleManager: Shutting down and abandoning module EditorLiveStreaming (416)
[2017.03.14-21.27.34:090][970]LogModuleManager: Shutting down and abandoning module IOSPlatformEditor (414)
[2017.03.14-21.27.34:090][970]LogModuleManager: Shutting down and abandoning module HTML5PlatformEditor (412)
[2017.03.14-21.27.34:090][970]LogModuleManager: Shutting down and abandoning module AndroidPlatformEditor (410)
[2017.03.14-21.27.34:091][970]LogModuleManager: Shutting down and abandoning module AndroidDeviceDetection (409)
[2017.03.14-21.27.34:169][970]LogModuleManager: Shutting down and abandoning module IOSRuntimeSettings (406)
[2017.03.14-21.27.34:169][970]LogModuleManager: Shutting down and abandoning module AndroidRuntimeSettings (404)
[2017.03.14-21.27.34:169][970]LogModuleManager: Shutting down and abandoning module InputBindingEditor (402)
[2017.03.14-21.27.34:169][970]LogModuleManager: Shutting down and abandoning module NiagaraEditor (400)
[2017.03.14-21.27.34:172][970]LogModuleManager: Shutting down and abandoning module MergeActors (398)
[2017.03.14-21.27.34:173][970]LogModuleManager: Shutting down and abandoning module SizeMap (396)
[2017.03.14-21.27.34:173][970]LogModuleManager: Shutting down and abandoning module TreeMap (394)
[2017.03.14-21.27.34:174][970]LogModuleManager: Shutting down and abandoning module ReferenceViewer (392)
[2017.03.14-21.27.34:174][970]LogModuleManager: Shutting down and abandoning module LocalizationDashboard (390)
[2017.03.14-21.27.34:175][970]LogModuleManager: Shutting down and abandoning module LocalizationService (389)
[2017.03.14-21.27.34:175][970]LogModuleManager: Shutting down and abandoning module HardwareTargeting (386)
[2017.03.14-21.27.34:176][970]LogModuleManager: Shutting down and abandoning module DeviceProfileEditor (384)
[2017.03.14-21.27.34:176][970]LogModuleManager: Shutting down and abandoning module UndoHistory (382)
[2017.03.14-21.27.34:176][970]LogModuleManager: Shutting down and abandoning module UserFeedback (380)
[2017.03.14-21.27.34:176][970]LogModuleManager: Shutting down and abandoning module XmlParser (378)
[2017.03.14-21.27.34:177][970]LogModuleManager: Shutting down and abandoning module Blutility (376)
[2017.03.14-21.27.34:177][970]LogModuleManager: Shutting down and abandoning module ProjectSettingsViewer (374)
[2017.03.14-21.27.34:177][970]LogModuleManager: Shutting down and abandoning module ProjectTargetPlatformEditor (373)
[2017.03.14-21.27.34:177][970]LogModuleManager: Shutting down and abandoning module EditorSettingsViewer (370)
[2017.03.14-21.27.34:177][970]LogModuleManager: Shutting down and abandoning module SettingsEditor (368)
[2017.03.14-21.27.34:179][970]LogModuleManager: Shutting down and abandoning module ProjectLauncher (366)
[2017.03.14-21.27.34:180][970]LogModuleManager: Shutting down and abandoning module SessionFrontend (364)
[2017.03.14-21.27.34:180][970]LogModuleManager: Shutting down and abandoning module ProfilerClient (362)
[2017.03.14-21.27.34:181][970]LogModuleManager: Shutting down and abandoning module DeviceManager (360)
[2017.03.14-21.27.34:182][970]LogModuleManager: Shutting down and abandoning module TargetDeviceServices (359)
[2017.03.14-21.27.34:229][970]LogModuleManager: Shutting down and abandoning module AutomationController (356)
[2017.03.14-21.27.34:230][970]LogModuleManager: Shutting down and abandoning module AutomationWindow (354)
[2017.03.14-21.27.34:231][970]LogModuleManager: Shutting down and abandoning module Layers (352)
[2017.03.14-21.27.34:233][970]LogModuleManager: Shutting down and abandoning module ComponentVisualizers (350)
[2017.03.14-21.27.34:233][970]LogModuleManager: Shutting down and abandoning module DetailCustomizations (348)
[2017.03.14-21.27.34:234][970]LogModuleManager: Shutting down and abandoning module PackagesDialog (346)
[2017.03.14-21.27.34:234][970]LogModuleManager: Shutting down and abandoning module Persona (344)
[2017.03.14-21.27.34:236][970]LogModuleManager: Shutting down and abandoning module AnimGraph (343)
[2017.03.14-21.27.34:236][970]LogModuleManager: Shutting down and abandoning module Kismet (340)
[2017.03.14-21.27.34:243][970]LogModuleManager: Shutting down and abandoning module GraphEditor (338)
[2017.03.14-21.27.34:243][970]LogModuleManager: Shutting down and abandoning module ClassViewer (336)
[2017.03.14-21.27.34:244][970]LogModuleManager: Shutting down and abandoning module Toolbox (334)
[2017.03.14-21.27.34:244][970]LogModuleManager: Shutting down and abandoning module ModuleUI (332)
[2017.03.14-21.27.34:245][970]LogModuleManager: Shutting down and abandoning module MovieSceneTools (330)
[2017.03.14-21.27.34:245][970]LogModuleManager: Shutting down and abandoning module OutputLog (328)
[2017.03.14-21.27.34:246][970]LogModuleManager: Shutting down and abandoning module GammaUI (326)
[2017.03.14-21.27.34:246][970]LogModuleManager: Shutting down and abandoning module Documentation (324)
[2017.03.14-21.27.34:246][970]LogModuleManager: Shutting down and abandoning module Niagara (322)
[2017.03.14-21.27.34:246][970]LogModuleManager: Shutting down and abandoning module StreamingPauseRendering (320)
[2017.03.14-21.27.34:246][970]LogModuleManager: Shutting down and abandoning module AnalyticsET (318)
[2017.03.14-21.27.34:246][970]LogModuleManager: Shutting down and abandoning module PortalServices (316)
[2017.03.14-21.27.34:246][970]LogModuleManager: Shutting down and abandoning module PortalRpc (314)
[2017.03.14-21.27.34:246][970]LogModuleManager: Shutting down and abandoning module MessagingRpc (312)
[2017.03.14-21.27.34:246][970]LogModuleManager: Shutting down and abandoning module AIModule (310)
[2017.03.14-21.27.34:246][970]LogModuleManager: Shutting down and abandoning module GameplayDebugger (309)
[2017.03.14-21.27.34:246][970]LogModuleManager: Shutting down and abandoning module AITestSuite (307)
[2017.03.14-21.27.34:246][970]LogModuleManager: Shutting down and abandoning module ProfilerService (304)
[2017.03.14-21.27.34:465][970]LogModuleManager: Shutting down and abandoning module TaskGraph (302)
[2017.03.14-21.27.34:468][970]LogModuleManager: Shutting down and abandoning module SteamVRController (300)
[2017.03.14-21.27.34:468][970]LogModuleManager: Shutting down and abandoning module SteamVR (298)
[2017.03.14-21.27.34:468][970]LogModuleManager: Shutting down and abandoning module ProceduralMeshComponentEditor (296)
[2017.03.14-21.27.34:468][970]LogModuleManager: Shutting down and abandoning module ProceduralMeshComponent (294)
[2017.03.14-21.27.34:468][970]LogModuleManager: Shutting down and abandoning module OculusLibrary (292)
[2017.03.14-21.27.34:468][970]LogModuleManager: Shutting down and abandoning module OculusInput (290)
[2017.03.14-21.27.34:468][970]LogModuleManager: Shutting down and abandoning module MobilePatchingUtils (288)
[2017.03.14-21.27.34:468][970]LogModuleManager: Shutting down and abandoning module CustomMeshComponent (286)
[2017.03.14-21.27.34:468][970]LogModuleManager: Shutting down and abandoning module CableComponent (284)
[2017.03.14-21.27.34:468][970]LogModuleManager: Shutting down and abandoning module ArchVisCharacter (282)
[2017.03.14-21.27.34:468][970]LogModuleManager: Shutting down and abandoning module MediaPlayerEditor (278)
[2017.03.14-21.27.34:471][970]LogModuleManager: Shutting down and abandoning module HTML5Networking (276)
[2017.03.14-21.27.34:471][970]LogModuleManager: Shutting down and abandoning module AlembicImporter (274)
[2017.03.14-21.27.34:471][970]LogModuleManager: Shutting down and abandoning module AlembicLibrary (273)
[2017.03.14-21.27.34:471][970]LogModuleManager: Shutting down and abandoning module GeometryCache (272)
[2017.03.14-21.27.34:472][970]LogModuleManager: Shutting down and abandoning module GeometryCacheEd (271)
[2017.03.14-21.27.34:472][970]LogModuleManager: Shutting down and abandoning module SuperSearchEditor (266)
[2017.03.14-21.27.34:472][970]LogModuleManager: Shutting down and abandoning module SuperSearch (265)
[2017.03.14-21.27.34:472][970]LogModuleManager: Shutting down and abandoning module SpeedTreeImporter (262)
[2017.03.14-21.27.34:472][970]LogModuleManager: Shutting down and abandoning module PluginBrowser (260)
[2017.03.14-21.27.34:473][970]LogModuleManager: Shutting down and abandoning module MobileLauncherProfileWizard (258)
[2017.03.14-21.27.34:475][970]LogModuleManager: Shutting down and abandoning module EpicSurvey (256)
[2017.03.14-21.27.34:475][970]LogModuleManager: Shutting down and abandoning module VisualStudioSourceCodeAccess (254)
[2017.03.14-21.27.34:475][970]LogModuleManager: Shutting down and abandoning module DesktopPlatform (253)
[2017.03.14-21.27.34:475][970]LogModuleManager: Shutting down and abandoning module UObjectPlugin (250)
[2017.03.14-21.27.34:475][970]LogModuleManager: Shutting down and abandoning module SubversionSourceControl (248)
[2017.03.14-21.27.34:475][970]LogModuleManager: Shutting down and abandoning module PerforceSourceControl (246)
[2017.03.14-21.27.34:476][970]LogModuleManager: Shutting down and abandoning module GitSourceControl (244)
[2017.03.14-21.27.34:476][970]LogModuleManager: Shutting down and abandoning module SourceControl (243)
[2017.03.14-21.27.34:477][970]LogModuleManager: Shutting down and abandoning module LightPropagationVolumeEditor (240)
[2017.03.14-21.27.34:477][970]LogModuleManager: Shutting down and abandoning module PaperTiledImporter (238)
[2017.03.14-21.27.34:477][970]LogModuleManager: Shutting down and abandoning module PaperSpriteSheetImporter (236)
[2017.03.14-21.27.34:477][970]LogModuleManager: Shutting down and abandoning module Paper2DEditor (234)
[2017.03.14-21.27.34:478][970]LogModuleManager: Shutting down and abandoning module MeshPaint (233)
[2017.03.14-21.27.34:479][970]LogModuleManager: Shutting down and abandoning module LevelEditor (231)
[2017.03.14-21.27.34:481][970]LogModuleManager: Shutting down and abandoning module PixelInspectorModule (230)
[2017.03.14-21.27.34:482][970]LogModuleManager: Shutting down and abandoning module MainFrame (228)
[2017.03.14-21.27.34:482][970]LogModuleManager: Shutting down and abandoning module HotReload (227)
[2017.03.14-21.27.34:483][970]LogModuleManager: Shutting down and abandoning module ContentBrowser (223)
[2017.03.14-21.27.34:485][970]LogModuleManager: Shutting down and abandoning module PhysXVehiclesEditor (220)
[2017.03.14-21.27.34:485][970]LogModuleManager: Shutting down and abandoning module PhysXVehicles (218)
[2017.03.14-21.27.34:485][970]LogModuleManager: Shutting down and abandoning module LocationServicesBPLibrary (216)
[2017.03.14-21.27.34:485][970]LogModuleManager: Shutting down and abandoning module UdpMessaging (214)
[2017.03.14-21.27.34:586][970]LogModuleManager: Shutting down and abandoning module TcpMessaging (212)
[2017.03.14-21.27.35:657][970]LogModuleManager: Shutting down and abandoning module GameplayTagsEditor (210)
[2017.03.14-21.27.35:658][970]LogModuleManager: Shutting down and abandoning module FacialAnimationEditor (208)
[2017.03.14-21.27.35:659][970]LogModuleManager: Shutting down and abandoning module FacialAnimation (206)
[2017.03.14-21.27.35:659][970]LogModuleManager: Shutting down and abandoning module LightPropagationVolumeRuntime (204)
[2017.03.14-21.27.35:659][970]LogModuleManager: Shutting down and abandoning module Paper2D (202)
[2017.03.14-21.27.35:659][970]LogModuleManager: Shutting down and abandoning module WindowsMoviePlayer (200)
[2017.03.14-21.27.35:659][970]LogModuleManager: Shutting down and abandoning module WmfMedia (198)
[2017.03.14-21.27.35:660][970]LogModuleManager: Shutting down and abandoning module MfMedia (196)
[2017.03.14-21.27.35:660][970]LogModuleManager: Shutting down and abandoning module MediaAssets (194)
[2017.03.14-21.27.35:660][970]LogModuleManager: Shutting down and abandoning module GameLiveStreaming (192)
[2017.03.14-21.27.35:661][970]LogModuleManager: Shutting down and abandoning module VREditor (190)
[2017.03.14-21.27.35:661][970]LogModuleManager: Shutting down and abandoning module GameplayTasksEditor (188)
[2017.03.14-21.27.35:661][970]LogModuleManager: Shutting down and abandoning module BehaviorTreeEditor (186)
[2017.03.14-21.27.35:663][970]LogModuleManager: Shutting down and abandoning module FunctionalTesting (184)
[2017.03.14-21.27.35:663][970]LogModuleManager: Shutting down and abandoning module CollisionAnalyzer (182)
[2017.03.14-21.27.35:665][970]LogModuleManager: Shutting down and abandoning module UMG (180)
[2017.03.14-21.27.35:665][970]LogModuleManager: Shutting down and abandoning module UMGEditor (179)
[2017.03.14-21.27.35:665][970]LogModuleManager: Shutting down and abandoning module Sequencer (178)
[2017.03.14-21.27.35:665][970]LogModuleManager: Shutting down and abandoning module AssetTools (176)
[2017.03.14-21.27.35:668][970]LogModuleManager: Shutting down and abandoning module MessageLog (175)
[2017.03.14-21.27.35:669][970]LogModuleManager: Shutting down and abandoning module WorkspaceMenuStructure (174)
[2017.03.14-21.27.35:669][970]LogModuleManager: Shutting down and abandoning module SlateReflector (168)
[2017.03.14-21.27.35:672][970]LogModuleManager: Shutting down and abandoning module Slate (166)
[2017.03.14-21.27.35:672][970]LogModuleManager: Shutting down and abandoning module EditorStyle (164)
[2017.03.14-21.27.35:676][970]LogModuleManager: Shutting down and abandoning module SourceCodeAccess (162)
[2017.03.14-21.27.35:677][970]LogModuleManager: Shutting down and abandoning module HeadMountedDisplay (160)
[2017.03.14-21.27.35:677][970]LogModuleManager: Shutting down and abandoning module XAudio2 (158)
[2017.03.14-21.27.35:677][970]LogModuleManager: Shutting down and abandoning module Networking (156)
[2017.03.14-21.27.35:677][970]LogModuleManager: Shutting down and abandoning module Core (152)
[2017.03.14-21.27.35:677][970]LogModuleManager: Shutting down and abandoning module AssetRegistry (150)
[2017.03.14-21.27.35:876][970]LogDirectoryWatcher: A directory notification for '../../../Engine/Content/' was aborted.
[2017.03.14-21.27.35:876][970]LogDirectoryWatcher: A directory notification for 'X:/Aratim/Documents/GitHub/ProjetInfoSolo/IsekaiLife 4.15/Content/' was aborted.
[2017.03.14-21.27.35:876][970]LogDirectoryWatcher: A directory notification for '../../../Engine/Plugins/2D/Paper2D/Content/' was aborted.
[2017.03.14-21.27.35:877][970]LogModuleManager: Shutting down and abandoning module DirectoryWatcher (149)
[2017.03.14-21.27.35:880][970]LogModuleManager: Shutting down and abandoning module KismetCompiler (146)
[2017.03.14-21.27.35:880][970]LogModuleManager: Shutting down and abandoning module PhysXFormats (144)
[2017.03.14-21.27.35:880][970]LogModuleManager: Shutting down and abandoning module MeshUtilities (142)
[2017.03.14-21.27.35:881][970]LogModuleManager: Shutting down and abandoning module SimplygonSwarm (141)
[2017.03.14-21.27.35:882][970]LogModuleManager: Shutting down and abandoning module SimplygonMeshReduction (139)
[2017.03.14-21.27.35:882][970]LogModuleManager: Shutting down and abandoning module QuadricMeshReduction (137)
[2017.03.14-21.27.35:883][970]LogModuleManager: Shutting down and abandoning module PropertyEditor (135)
[2017.03.14-21.27.35:883][970]LogModuleManager: Shutting down and abandoning module DerivedDataCache (132)
[2017.03.14-21.27.35:919][970]LogDerivedDataCache: Shutdown
[2017.03.14-21.27.35:919][970]LogModuleManager: Shutting down and abandoning module TargetPlatform (130)
[2017.03.14-21.27.35:921][970]LogModuleManager: Shutting down and abandoning module VulkanShaderFormat (129)
[2017.03.14-21.27.35:922][970]LogModuleManager: Shutting down and abandoning module ShaderFormatOpenGL (127)
[2017.03.14-21.27.35:922][970]LogModuleManager: Shutting down and abandoning module ShaderFormatD3D (125)
[2017.03.14-21.27.35:923][970]LogModuleManager: Shutting down and abandoning module MetalShaderFormat (123)
[2017.03.14-21.27.35:924][970]LogModuleManager: Shutting down and abandoning module TextureFormatUncompressed (121)
[2017.03.14-21.27.35:924][970]LogModuleManager: Shutting down and abandoning module TextureFormatPVR (119)
[2017.03.14-21.27.35:924][970]LogModuleManager: Shutting down and abandoning module TextureFormatDXT (117)
[2017.03.14-21.27.35:924][970]LogModuleManager: Shutting down and abandoning module TextureFormatIntelISPCTexComp (115)
[2017.03.14-21.27.35:925][970]LogModuleManager: Shutting down and abandoning module TextureFormatASTC (113)
[2017.03.14-21.27.35:925][970]LogModuleManager: Shutting down and abandoning module ImageWrapper (112)
[2017.03.14-21.27.35:925][970]LogModuleManager: Shutting down and abandoning module TextureFormatAndroid (109)
[2017.03.14-21.27.35:925][970]LogModuleManager: Shutting down and abandoning module AudioFormatOpus (107)
[2017.03.14-21.27.35:926][970]LogModuleManager: Shutting down and abandoning module AudioFormatOgg (105)
[2017.03.14-21.27.35:926][970]LogModuleManager: Shutting down and abandoning module AudioFormatADPCM (103)
[2017.03.14-21.27.35:926][970]LogModuleManager: Shutting down and abandoning module LinuxTargetPlatform (101)
[2017.03.14-21.27.35:926][970]LogModuleManager: Shutting down and abandoning module LinuxServerTargetPlatform (99)
[2017.03.14-21.27.35:926][970]LogModuleManager: Shutting down and abandoning module LinuxNoEditorTargetPlatform (97)
[2017.03.14-21.27.35:927][970]LogModuleManager: Shutting down and abandoning module LinuxClientTargetPlatform (95)
[2017.03.14-21.27.35:927][970]LogModuleManager: Shutting down and abandoning module TVOSTargetPlatform (93)
[2017.03.14-21.27.35:927][970]LogModuleManager: Shutting down and abandoning module Messaging (91)
[2017.03.14-21.27.35:927][970]LogModuleManager: Shutting down and abandoning module IOSTargetPlatform (89)
[2017.03.14-21.27.35:928][970]LogModuleManager: Shutting down and abandoning module HTML5TargetPlatform (87)
[2017.03.14-21.27.35:928][970]LogModuleManager: Shutting down and abandoning module Android_PVRTCTargetPlatform (85)
[2017.03.14-21.27.35:928][970]LogModuleManager: Shutting down and abandoning module Android_MultiTargetPlatform (83)
[2017.03.14-21.27.35:928][970]LogModuleManager: Shutting down and abandoning module Android_ETC2TargetPlatform (81)
[2017.03.14-21.27.35:928][970]LogModuleManager: Shutting down and abandoning module Android_ETC1TargetPlatform (79)
[2017.03.14-21.27.35:928][970]LogModuleManager: Shutting down and abandoning module Android_DXTTargetPlatform (77)
[2017.03.14-21.27.35:929][970]LogModuleManager: Shutting down and abandoning module Android_ATCTargetPlatform (75)
[2017.03.14-21.27.35:929][970]LogModuleManager: Shutting down and abandoning module Android_ASTCTargetPlatform (73)
[2017.03.14-21.27.35:929][970]LogModuleManager: Shutting down and abandoning module AndroidTargetPlatform (71)
[2017.03.14-21.27.35:929][970]LogModuleManager: Shutting down and abandoning module WindowsTargetPlatform (69)
[2017.03.14-21.27.35:929][970]LogModuleManager: Shutting down and abandoning module WindowsServerTargetPlatform (67)
[2017.03.14-21.27.35:930][970]LogModuleManager: Shutting down and abandoning module WindowsNoEditorTargetPlatform (65)
[2017.03.14-21.27.35:930][970]LogModuleManager: Shutting down and abandoning module WindowsClientTargetPlatform (63)
[2017.03.14-21.27.35:930][970]LogModuleManager: Shutting down and abandoning module MacTargetPlatform (61)
[2017.03.14-21.27.35:930][970]LogModuleManager: Shutting down and abandoning module MacServerTargetPlatform (59)
[2017.03.14-21.27.35:931][970]LogModuleManager: Shutting down and abandoning module MacNoEditorTargetPlatform (57)
[2017.03.14-21.27.35:931][970]LogModuleManager: Shutting down and abandoning module MacClientTargetPlatform (55)
[2017.03.14-21.27.35:931][970]LogModuleManager: Shutting down and abandoning module AllDesktopTargetPlatform (53)
[2017.03.14-21.27.35:931][970]LogModuleManager: Shutting down and abandoning module InputCore (50)
[2017.03.14-21.27.35:931][970]LogModuleManager: Shutting down and abandoning module Settings (48)
[2017.03.14-21.27.35:932][970]LogModuleManager: Shutting down and abandoning module OculusRift (46)
[2017.03.14-21.27.35:932][970]LogModuleManager: Shutting down and abandoning module ExampleDeviceProfileSelector (44)
[2017.03.14-21.27.35:932][970]LogModuleManager: Shutting down and abandoning module OnlineBlueprintSupport (42)
[2017.03.14-21.27.35:932][970]LogModuleManager: Shutting down and abandoning module OnlineSubsystem (38)
[2017.03.14-21.27.35:932][970]LogOnline:Display: Unloading online subsystem: NULL
[2017.03.14-21.27.35:933][970]LogModuleManager: Shutting down and abandoning module XMPP (37)
[2017.03.14-21.27.35:935][970]LogModuleManager: Shutting down and abandoning module HTTP (35)
[2017.03.14-21.27.35:935][970]LogHttp:Display: Http module shutting down, but needs to wait on 1 outstanding Http requests:
[2017.03.14-21.27.35:935][970]LogHttp:Display: 	verb=[POST] url=[https://datarouter.ol.epicgames.com/datarouter/api/v1/public/data?SessionID=%7BB9EF27CB-4E04-C0F7-5C5B-3DB420365299%7D&AppID=UEEditor.Rocket.Release&AppVersion=4.15.0-3299760%2B%2B%2BUE4%2BRelease-4.15&UserID=8c302d144559193dacf57282e4537a6d%7C1d93bd08b07d44d8aee1421bc67e0dd5%7C2f678aea-a734-4285-a967-b3de143619f5&AppEnvironment=datacollector-binary&UploadType=eteventstream] status=Processing
[2017.03.14-21.27.35:953][970]LogModuleManager: Shutting down and abandoning module SSL (34)
[2017.03.14-21.27.35:955][970]LogModuleManager: Shutting down and abandoning module AudioEditor (30)
[2017.03.14-21.27.35:956][970]LogModuleManager: Shutting down and abandoning module TextureCompressor (28)
[2017.03.14-21.27.35:957][970]LogModuleManager: Shutting down and abandoning module ShaderCore (26)
[2017.03.14-21.27.35:957][970]LogModuleManager: Shutting down and abandoning module Landscape (24)
[2017.03.14-21.27.35:957][970]LogModuleManager: Shutting down and abandoning module SlateRHIRenderer (22)
[2017.03.14-21.27.35:975][970]LogModuleManager: Shutting down and abandoning module OpenGLDrv (20)
[2017.03.14-21.27.35:976][970]LogModuleManager: Shutting down and abandoning module D3D11RHI (18)
[2017.03.14-21.27.35:976][970]LogModuleManager: Shutting down and abandoning module AnimGraphRuntime (16)
[2017.03.14-21.27.35:976][970]LogModuleManager: Shutting down and abandoning module Renderer (14)
[2017.03.14-21.27.35:976][970]LogModuleManager: Shutting down and abandoning module Engine (12)
[2017.03.14-21.27.35:976][970]LogModuleManager: Shutting down and abandoning module CoreUObject (10)
[2017.03.14-21.27.35:976][970]LogModuleManager: Shutting down and abandoning module NetworkFile (8)
[2017.03.14-21.27.35:977][970]LogModuleManager: Shutting down and abandoning module StreamingFile (6)
[2017.03.14-21.27.35:977][970]LogModuleManager: Shutting down and abandoning module SandboxFile (4)
[2017.03.14-21.27.35:977][970]LogModuleManager: Shutting down and abandoning module PakFile (2)
[2017.03.14-21.27.35:980][970]LogExit: Exiting.
[2017.03.14-21.27.35:999][970]Log file closed, 03/14/17 22:27:35
