Log file open, 03/28/17 20:04:52
LogInit:Display: Running engine for game: IsekaiLife
LogPlatformFile: Not using cached read wrapper
LogInit:Display: RandInit(1416800231) SRandInit(1416800231).
LogTaskGraph: Started task graph with 5 named threads and 8 total threads with 1 sets of task threads.
LogStats: Stats thread started at 0.131390
LogInit: Using libcurl 7.47.1
LogInit:  - built for x86_64-pc-win32
LogInit:  - supports SSL with OpenSSL/1.0.2g
LogInit:  - supports HTTP deflate (compression) using libz 1.2.8
LogInit:  - other features:
LogInit:      CURL_VERSION_SSL
LogInit:      CURL_VERSION_LIBZ
LogInit:      CURL_VERSION_IPV6
LogInit:      CURL_VERSION_ASYNCHDNS
LogInit:      CURL_VERSION_LARGEFILE
LogInit:      CURL_VERSION_IDN
LogInit:  CurlRequestOptions (configurable via config and command line):
LogInit:  - bVerifyPeer = false  - Libcurl will NOT verify peer certificate
LogInit:  - bUseHttpProxy = false  - Libcurl will NOT use HTTP proxy
LogInit:  - bDontReuseConnections = false  - Libcurl will reuse connections
LogInit:  - CertBundlePath = nullptr  - Libcurl will use whatever was configured at build time.
LogInit: Build: ++UE4+Release-4.15-CL-3348071
LogInit: Engine Version: 4.15.1-3348071+++UE4+Release-4.15
LogInit: Compatible Engine Version: 4.15.0-3299760+++UE4+Release-4.15
LogInit: Net CL: 3299760
LogDevObjectVersion: Number of dev versions registered: 14
LogDevObjectVersion:   Dev-Blueprints (B0D832E4-1F89-4F0D-ACCF-7EB736FD4AA2): 8
LogDevObjectVersion:   Dev-Build (E1C64328-A22C-4D53-A36C-8E866417BD8C): 0
LogDevObjectVersion:   Dev-Core (375EC13C-06E4-48FB-B500-84F0262A717E): 2
LogDevObjectVersion:   Dev-Editor (E4B068ED-F494-42E9-A231-DA0B2E46BB41): 14
LogDevObjectVersion:   Dev-Framework (CFFC743F-43B0-4480-9391-14DF171D2073): 22
LogDevObjectVersion:   Dev-Mobile (B02B49B5-BB20-44E9-A304-32B752E40360): 0
LogDevObjectVersion:   Dev-Networking (A4E4105C-59A1-49B5-A7C5-40C4547EDFEE): 0
LogDevObjectVersion:   Dev-Online (39C831C9-5AE6-47DC-9A44-9C173E1C8E7C): 0
LogDevObjectVersion:   Dev-Physics (78F01B33-EBEA-4F98-B9B4-84EACCB95AA2): 0
LogDevObjectVersion:   Dev-Platform (6631380F-2D4D-43E0-8009-CF276956A95A): 0
LogDevObjectVersion:   Dev-Rendering (12F88B9F-8875-4AFC-A67C-D90C383ABD29): 12
LogDevObjectVersion:   Dev-Sequencer (7B5AE74C-D270-4C10-A958-57980B212A5A): 3
LogDevObjectVersion:   Dev-VR (D7296918-1DD6-4BDD-9DE2-64A83CC13884): 0
LogDevObjectVersion:   Dev-LoadTimes (C2A15278-BFE7-4AFE-6C17-90FF531DF755): 1
LogInit: Compiled (64-bit): Mar 15 2017 16:52:47
LogInit: Compiled with Visual C++: 19.00.23026.00
LogInit: Build Configuration: Development
LogInit: Branch Name: ++UE4+Release-4.15
LogInit: Command line:  
LogInit: Base directory: C:/Program Files/Epic Games/UE_4.15/Engine/Binaries/Win64/
LogInit: Installed Engine Build: 1
LogInit: Presizing for max 8388607 objects, including 0 objects not considered by GC, pre-allocating 0 bytes for permanent pool.
LogInit: Object subsystem initialized
[2017.03.28-18.04.53:318][  0]LogInit: Selected Device Profile: [Windows]
[2017.03.28-18.04.53:318][  0]LogInit: Applying CVar settings loaded from the selected device profile: [Windows]
[2017.03.28-18.04.53:349][  0]LogInit: Computer: DESKTOP-IJKOIIJ
[2017.03.28-18.04.53:349][  0]LogInit: User: Aratim
[2017.03.28-18.04.53:349][  0]LogInit: CPU Page size=65536, Cores=4
[2017.03.28-18.04.53:349][  0]LogInit: High frequency timer resolution =3.417978 MHz
[2017.03.28-18.04.53:350][  0]LogMemory: Memory total: Physical=8.0GB (8GB approx)
[2017.03.28-18.04.53:350][  0]LogMemory: Platform Memory Stats for Windows
[2017.03.28-18.04.53:350][  0]LogMemory: Process Physical Memory: 263.71 MB used, 263.71 MB peak
[2017.03.28-18.04.53:350][  0]LogMemory: Process Virtual Memory: 262.50 MB used, 262.50 MB peak
[2017.03.28-18.04.53:350][  0]LogMemory: Physical Memory: 3727.66 MB used,  4413.19 MB free, 8140.85 MB total
[2017.03.28-18.04.53:350][  0]LogMemory: Virtual Memory: 644.41 MB used,  4413.19 MB free, 134217728.00 MB total
[2017.03.28-18.04.53:739][  0]LogTextLocalizationManager: No translations for ('fr-FR') exist, falling back to 'en' for localization and internationalization data.
[2017.03.28-18.04.55:951][  0]LogD3D11RHI: D3D11 adapters:
[2017.03.28-18.04.56:454][  0]LogD3D11RHI:    0. 'NVIDIA GeForce GTX 1060 6GB' (Feature Level 11_0)
[2017.03.28-18.04.56:454][  0]LogD3D11RHI:       6084/0/4070 MB DedicatedVideo/DedicatedSystem/SharedSystem, Outputs:1, VendorId:0x10de
[2017.03.28-18.04.56:455][  0]LogD3D11RHI:    1. 'Microsoft Basic Render Driver' (Feature Level 11_0)
[2017.03.28-18.04.56:455][  0]LogD3D11RHI:       0/0/4070 MB DedicatedVideo/DedicatedSystem/SharedSystem, Outputs:0, VendorId:0x1414
[2017.03.28-18.04.56:455][  0]LogD3D11RHI: Chosen D3D11 Adapter: 0
[2017.03.28-18.04.56:464][  0]LogD3D11RHI: Creating new Direct3DDevice
[2017.03.28-18.04.56:464][  0]LogD3D11RHI:     GPU DeviceId: 0x1c03 (for the marketing name, search the web for "GPU Device Id")
[2017.03.28-18.04.56:464][  0]LogWindows: EnumDisplayDevices:
[2017.03.28-18.04.56:464][  0]LogWindows:    0. 'NVIDIA GeForce GTX 1060 6GB' (P:1 D:1)
[2017.03.28-18.04.56:465][  0]LogWindows:    1. 'NVIDIA GeForce GTX 1060 6GB' (P:0 D:0)
[2017.03.28-18.04.56:465][  0]LogWindows:    2. 'NVIDIA GeForce GTX 1060 6GB' (P:0 D:0)
[2017.03.28-18.04.56:465][  0]LogWindows:    3. 'NVIDIA GeForce GTX 1060 6GB' (P:0 D:0)
[2017.03.28-18.04.56:465][  0]LogWindows: DebugString: FoundDriverCount:4 
[2017.03.28-18.04.56:465][  0]LogD3D11RHI:     Adapter Name: NVIDIA GeForce GTX 1060 6GB
[2017.03.28-18.04.56:465][  0]LogD3D11RHI:   Driver Version: 378.92 (internal:21.21.13.7892, unified:378.92)
[2017.03.28-18.04.56:465][  0]LogD3D11RHI:      Driver Date: 3-16-2017
[2017.03.28-18.04.56:466][  0]LogRHI: Texture pool is 1361 MB (70% of 1945 MB)
[2017.03.28-18.04.56:923][  0]LogD3D11RHI: Async texture creation enabled
[2017.03.28-18.04.57:297][  0]LogD3D11RHI: GPU Timing Frequency: 1000.000000 (Debug: 2 1)
[2017.03.28-18.04.57:357][  0]LogShaderCompilers: Guid format shader working directory is -10 characters bigger than the processId version (X:/Aratim/Documents/GitHub/ProjetInfoSolo/IsekaiLife 4.15/Intermediate/Shaders/WorkingDirectory/6836/).
[2017.03.28-18.04.57:358][  0]LogShaderCompilers: Cleaned the shader compiler working directory 'C:/Users/Aratim/AppData/Local/Temp/UnrealShaderWorkingDir/23034D594D39FFD6A70E47A345BAAFAB/'.
[2017.03.28-18.04.57:358][  0]LogShaderCompilers:Display: Using Local Shader Compiler.
[2017.03.28-18.04.59:570][  0]LogTemp:Display: Loaded TP AllDesktopTargetPlatform
[2017.03.28-18.04.59:616][  0]LogTemp:Display: Loaded TP MacClientTargetPlatform
[2017.03.28-18.04.59:662][  0]LogTemp:Display: Loaded TP MacNoEditorTargetPlatform
[2017.03.28-18.04.59:708][  0]LogTemp:Display: Loaded TP MacServerTargetPlatform
[2017.03.28-18.04.59:759][  0]LogTemp:Display: Loaded TP MacTargetPlatform
[2017.03.28-18.04.59:807][  0]LogTemp:Display: Loaded TP WindowsClientTargetPlatform
[2017.03.28-18.04.59:854][  0]LogTemp:Display: Loaded TP WindowsNoEditorTargetPlatform
[2017.03.28-18.04.59:900][  0]LogTemp:Display: Loaded TP WindowsServerTargetPlatform
[2017.03.28-18.04.59:940][  0]LogTemp:Display: Loaded TP WindowsTargetPlatform
[2017.03.28-18.04.59:990][  0]LogTemp:Display: Loaded TP AndroidTargetPlatform
[2017.03.28-18.05.00:035][  0]LogTemp:Display: Loaded TP Android_ASTCTargetPlatform
[2017.03.28-18.05.00:079][  0]LogTemp:Display: Loaded TP Android_ATCTargetPlatform
[2017.03.28-18.05.00:124][  0]LogTemp:Display: Loaded TP Android_DXTTargetPlatform
[2017.03.28-18.05.00:172][  0]LogTemp:Display: Loaded TP Android_ETC1TargetPlatform
[2017.03.28-18.05.00:216][  0]LogTemp:Display: Loaded TP Android_ETC2TargetPlatform
[2017.03.28-18.05.00:307][  0]LogTemp:Display: Loaded TP Android_MultiTargetPlatform
[2017.03.28-18.05.00:307][  0]LogTemp:Display: Loaded TP Android_PVRTCTargetPlatform
[2017.03.28-18.05.00:340][  0]LogTemp:Display: Loaded TP HTML5TargetPlatform
[2017.03.28-18.05.00:448][  0]LogTemp:Display: Loaded TP IOSTargetPlatform
[2017.03.28-18.05.00:478][  0]LogTemp:Display: Loaded TP TVOSTargetPlatform
[2017.03.28-18.05.00:523][  0]LogTemp:Display: Loaded TP LinuxClientTargetPlatform
[2017.03.28-18.05.00:568][  0]LogTemp:Display: Loaded TP LinuxNoEditorTargetPlatform
[2017.03.28-18.05.00:613][  0]LogTemp:Display: Loaded TP LinuxServerTargetPlatform
[2017.03.28-18.05.00:662][  0]LogTemp:Display: Loaded TP LinuxTargetPlatform
[2017.03.28-18.05.00:662][  0]LogTargetPlatformManager:Display: Building Assets For Windows
[2017.03.28-18.05.01:311][  0]LogDerivedDataCache:Display: Max Cache Size: 512 MB
[2017.03.28-18.05.01:581][  0]LogDerivedDataCache: Loaded boot cache 0.27s 50MB C:/Users/Aratim/AppData/Local/UnrealEngine/4.15/DerivedDataCache/Boot.ddc.
[2017.03.28-18.05.01:581][  0]LogDerivedDataCache:Display: Loaded Boot cache: C:/Users/Aratim/AppData/Local/UnrealEngine/4.15/DerivedDataCache/Boot.ddc
[2017.03.28-18.05.01:581][  0]LogDerivedDataCache: FDerivedDataBackendGraph:  Pak pak cache file X:/Aratim/Documents/GitHub/ProjetInfoSolo/IsekaiLife 4.15/DerivedDataCache/DDC.ddp not found, will not use a pak cache.
[2017.03.28-18.05.01:581][  0]LogDerivedDataCache: Unable to find inner node Pak for hierarchical cache Hierarchy.
[2017.03.28-18.05.01:581][  0]LogDerivedDataCache: FDerivedDataBackendGraph:  CompressedPak pak cache file X:/Aratim/Documents/GitHub/ProjetInfoSolo/IsekaiLife 4.15/DerivedDataCache/Compressed.ddp not found, will not use a pak cache.
[2017.03.28-18.05.01:581][  0]LogDerivedDataCache: Unable to find inner node CompressedPak for hierarchical cache Hierarchy.
[2017.03.28-18.05.01:638][  0]LogDerivedDataCache:Display: Pak cache opened for reading ../../../Engine/DerivedDataCache/Compressed.ddp.
[2017.03.28-18.05.01:651][  0]LogDerivedDataCache: Using Local data cache path C:/Users/Aratim/AppData/Local/UnrealEngine/Common/DerivedDataCache: Writable
[2017.03.28-18.05.01:676][  0]LogSlate: Using Freetype 2.6.0
[2017.03.28-18.05.01:691][  0]LogSlate: SlateFontCache - WITH_FREETYPE: 1, WITH_HARFBUZZ: 1
[2017.03.28-18.05.01:691][  0]LogSlate: SlateFontCache - WITH_FREETYPE: 1, WITH_HARFBUZZ: 1
[2017.03.28-18.05.04:768][  0]LogInit: Selected Device Profile: [Windows]
[2017.03.28-18.05.04:778][  0]LogContentStreaming: Texture pool size is 0.00 MB
[2017.03.28-18.05.05:048][  0]LogMeshUtilities: Using QuadricMeshReduction for automatic static mesh reduction
[2017.03.28-18.05.05:085][  0]LogSimplygon: Simplygon DLL not present - disabling.
[2017.03.28-18.05.05:127][  0]LogMeshUtilities: Using SimplygonSwarm for distributed automatic mesh merging
[2017.03.28-18.05.05:127][  0]LogMeshUtilities: No automatic skeletal mesh reduction module available
[2017.03.28-18.05.05:127][  0]LogMeshUtilities: No automatic mesh merging module available
[2017.03.28-18.05.06:482][  0]LogNetVersion: GetLocalNetworkVersion: CL: 3299760, ProjectName: isekailife, ProjectVersion: , EngineNetworkVersion: 2, GameNetworkVersion: 0, NetworkChecksum: 721096836
[2017.03.28-18.05.06:537][  0]LogAssetRegistry: FAssetRegistry took 0.0245 seconds to start up
[2017.03.28-18.05.06:575][  0]LogPackageLocalizationCache: Processed 3 localized package path(s) for 1 prioritized culture(s) in 0.015637 seconds
[2017.03.28-18.05.06:581][  0]LogUObjectArray: 32493 objects as part of root set at end of initial load.
[2017.03.28-18.05.06:581][  0]LogUObjectAllocator: 7077024 out of 0 bytes used by permanent object pool.
[2017.03.28-18.05.06:581][  0]LogUObjectArray: CloseDisregardForGC: 0/0 objects in disregard for GC pool
[2017.03.28-18.05.06:638][  0]LogInit: WinSock: version 1.1 (2.2), MaxSocks=32767, MaxUdp=65467
[2017.03.28-18.05.09:699][  0]LogTcpMessaging: Initializing TcpMessaging bridge
[2017.03.28-18.05.09:739][  0]LogUdpMessaging: Initializing bridge on interface 0.0.0.0:0 to multicast group 230.0.0.1:6666.
[2017.03.28-18.05.10:295][  0]LogMaterial: Uniform references updated for custom material expression Custom.
[2017.03.28-18.05.10:738][  0]SourceControl: Info Source control is disabled
[2017.03.28-18.05.10:739][  0]SourceControl: Info Source control is disabled
[2017.03.28-18.05.10:786][  0]SourceControl: Info Source control is disabled
[2017.03.28-18.05.10:829][  0]SourceControl: Info Source control is disabled
[2017.03.28-18.05.12:127][  0]LogEngine: Initializing Engine...
[2017.03.28-18.05.12:128][  0]LogHMD: Failed to initialize OpenVR with code 110
[2017.03.28-18.05.12:564][  0]LogAIModule: Creating AISystem for world Untitled
[2017.03.28-18.05.12:584][  0]LogInit: XAudio2 using 'Haut-parleurs (2- USB Audio Device)' : 2 channels at 44.1 kHz using 16 bits per sample (channel mask 0x3)
[2017.03.28-18.05.12:594][  0]LogInit: FAudioDevice initialized.
[2017.03.28-18.05.12:622][  0]LogDerivedDataCache: Saved boot cache 0.03s 50MB C:/Users/Aratim/AppData/Local/UnrealEngine/4.15/DerivedDataCache/Boot.ddc.
[2017.03.28-18.05.12:630][  0]LogInit: Texture streaming: Enabled
[2017.03.28-18.05.12:714][  0]LogEngineSessionManager: EngineSessionManager initialized
[2017.03.28-18.05.12:800][  0]LogInit: Transaction tracking system initialized
[2017.03.28-18.05.13:125][  0]BlueprintLog: New page: Editor Load
[2017.03.28-18.05.13:977][  0]LocalizationService: Info Localization service is disabled
[2017.03.28-18.05.14:607][  0]LogConsoleResponse:Display: 
[2017.03.28-18.05.14:984][  0]LogCook:Display: Max memory allowance for cook 16384mb min free memory 0mb
[2017.03.28-18.05.14:984][  0]LogCook:Display: Mobile HDR setting 1
[2017.03.28-18.05.15:347][  0]LogFileCache: Scanning file cache for directory 'X:/Aratim/Documents/GitHub/ProjetInfoSolo/IsekaiLife 4.15/Content/' took 0.03s
[2017.03.28-18.05.16:030][  0]SourceControl: Info Source control is disabled
[2017.03.28-18.05.16:033][  0]Cmd: MAP LOAD FILE="X:/Aratim/Documents/GitHub/ProjetInfoSolo/IsekaiLife 4.15/Content/ThirdPersonBP/Maps/ThirdPersonExampleMap.umap" TEMPLATE=0 SHOWPROGRESS=1 FEATURELEVEL=3
[2017.03.28-18.05.16:035][  0]LightingResults: New page: Lighting Build
[2017.03.28-18.05.16:078][  0]MapCheck: New page: Map Check
[2017.03.28-18.05.16:078][  0]LightingResults: New page: Lighting Build
[2017.03.28-18.05.17:711][  0]LogProperty:Error: UStructProperty::Serialize Loading: Property 'StructProperty /Game/InventorySystem/Widgets/DetailWidget.DetailWidget_C:ItemInfo'. Unknown structure.
[2017.03.28-18.05.17:711][  0]LogClass:Warning: Property ItemInfo of ItemInfo has a struct type mismatch (tag STRUCT_REINST_S_ItemInfo_0 != prop FallbackStruct) in package:  X:/Aratim/Documents/GitHub/ProjetInfoSolo/IsekaiLife 4.15/Content/InventorySystem/Widgets/DetailWidget.uasset. If that struct got renamed, add an entry to ActiveStructRedirects.
[2017.03.28-18.05.17:737][  0]LogClass:Warning: Property ItemInfo of ItemInfo has a struct type mismatch (tag FallbackStruct != prop S_ItemInfo) in package:  FObjectReader. If that struct got renamed, add an entry to ActiveStructRedirects.
[2017.03.28-18.05.17:745][  0]LogProperty:Error: UStructProperty::Serialize Loading: Property 'StructProperty /Game/InventorySystem/Widgets/DraggedItem.DraggedItem_C:ItemInfo'. Unknown structure.
[2017.03.28-18.05.17:746][  0]LogClass:Warning: Property ItemInfo of ItemInfo has a struct type mismatch (tag STRUCT_REINST_S_ItemInfo_0 != prop FallbackStruct) in package:  X:/Aratim/Documents/GitHub/ProjetInfoSolo/IsekaiLife 4.15/Content/InventorySystem/Widgets/DraggedItem.uasset. If that struct got renamed, add an entry to ActiveStructRedirects.
[2017.03.28-18.05.17:752][  0]LogClass:Warning: Property ItemInfo of ItemInfo has a struct type mismatch (tag FallbackStruct != prop S_ItemInfo) in package:  FObjectReader. If that struct got renamed, add an entry to ActiveStructRedirects.
[2017.03.28-18.05.18:138][  0]LogProperty:Error: UStructProperty::Serialize Loading: Property 'StructProperty /Game/InventorySystem/Widgets/CraftingMenu.CraftingMenu_C:CurrentItemInfo'. Unknown structure.
[2017.03.28-18.05.18:264][  0]LogProperty:Error: UStructProperty::Serialize Loading: Property 'StructProperty /Game/InventorySystem/Widgets/ThrowWidget.ThrowWidget_C:ExecuteUbergraph_ThrowWidget.CallFunc_GetItemInfoAtIndex_ItemInfo'. Unknown structure.
[2017.03.28-18.05.18:321][  0]LogClass:Warning: Property CurrentItemInfo of CurrentItemInfo has a struct type mismatch (tag STRUCT_REINST_S_ItemInfo_0 != prop FallbackStruct) in package:  X:/Aratim/Documents/GitHub/ProjetInfoSolo/IsekaiLife 4.15/Content/InventorySystem/Widgets/CraftingMenu.uasset. If that struct got renamed, add an entry to ActiveStructRedirects.
[2017.03.28-18.05.18:356][  0]LogClass:Warning: Property CurrentItemInfo of CurrentItemInfo has a struct type mismatch (tag FallbackStruct != prop S_ItemInfo) in package:  FObjectReader. If that struct got renamed, add an entry to ActiveStructRedirects.
[2017.03.28-18.05.22:206][  0]LogAIModule: Creating AISystem for world ThirdPersonExampleMap
[2017.03.28-18.05.22:264][  0]LogEditorServer: Finished looking for orphan Actors (0.000 secs)
[2017.03.28-18.05.22:265][  0]Cmd: MAP CHECKDEP NOCLEARLOG
[2017.03.28-18.05.22:315][  0]MapCheck: Info Map check complete: 0 Error(s), 0 Warning(s), took 49.288ms to complete.
[2017.03.28-18.05.22:315][  0]LogFileHelpers: Loading map 'ThirdPersonExampleMap' took 6.283
[2017.03.28-18.05.22:652][  0]LogCollectionManager: Loaded 0 collections in 0.018863 seconds
[2017.03.28-18.05.22:772][  0]LogFileCache: Scanning file cache for directory 'X:/Aratim/Documents/GitHub/ProjetInfoSolo/IsekaiLife 4.15/Saved/Collections/' took 0.01s
[2017.03.28-18.05.22:772][  0]LogFileCache: Scanning file cache for directory 'X:/Aratim/Documents/GitHub/ProjetInfoSolo/IsekaiLife 4.15/Content/Developers/Aratim/Collections/' took 0.01s
[2017.03.28-18.05.22:772][  0]LogFileCache: Scanning file cache for directory 'X:/Aratim/Documents/GitHub/ProjetInfoSolo/IsekaiLife 4.15/Content/Collections/' took 0.01s
[2017.03.28-18.05.22:772][  0]LogCollectionManager: Rebuilt the GUID cache for 0 collections in 0.000006 seconds
[2017.03.28-18.05.22:786][  0]LogContentBrowser: Native class hierarchy populated in 0.0104 seconds. Added 2245 classes and 453 folders.
[2017.03.28-18.05.22:794][  0]LogStats: UGameplayTagsManager::ConstructGameplayTagTree: Construct from data asset -  0.000 s
[2017.03.28-18.05.22:795][  0]LogStats: UGameplayTagsManager::ConstructGameplayTagTree: GameplayTagTreeChangedEvent.Broadcast -  0.000 s
[2017.03.28-18.05.22:863][  0]LogContentBrowser: Native class hierarchy updated for 'WidgetCarousel' in 0.0004 seconds. Added 0 classes and 0 folders.
[2017.03.28-18.05.23:205][  0]LogContentBrowser: Native class hierarchy updated for 'AddContentDialog' in 0.0006 seconds. Added 0 classes and 0 folders.
[2017.03.28-18.05.23:257][  0]LogContentBrowser: Native class hierarchy updated for 'SceneOutliner' in 0.0005 seconds. Added 1 classes and 2 folders.
[2017.03.28-18.05.23:357][  0]LogCrashTracker: Crashtracker disabled due to settings.
[2017.03.28-18.05.23:370][  0]LogUObjectGlobals:Warning: Failed to find object 'Class None.'
[2017.03.28-18.05.23:444][  0]LogContentBrowser: Native class hierarchy updated for 'HierarchicalLODOutliner' in 0.0006 seconds. Added 1 classes and 2 folders.
[2017.03.28-18.05.23:445][  0]LogLoad: (Engine Initialization) Total time: 34.03 seconds
[2017.03.28-18.05.23:445][  0]LogLoad: (Engine Initialization) Total Blueprint compile time: 1.33 seconds
[2017.03.28-18.05.23:445][  0]LogExternalProfiler: Found external profiler: VSPerf
[2017.03.28-18.05.23:445][  0]LogExternalProfiler: Using external profiler: VSPerf
[2017.03.28-18.05.23:785][  0]LogOcInput: OculusInput pre-init called
[2017.03.28-18.05.23:818][  0]LogContentStreaming: Texture pool size now 1000 MB
[2017.03.28-18.05.23:829][  0]LogSlate: Took 0.007200 seconds to synchronously load lazily loaded font '../../../Engine/Content/Slate/Fonts/Roboto-Regular.ttf' (155K)
[2017.03.28-18.05.23:843][  0]LogSlate: Took 0.007190 seconds to synchronously load lazily loaded font '../../../Engine/Content/Slate/Fonts/Roboto-Bold.ttf' (160K)
[2017.03.28-18.05.23:862][  0]LogSlate: Took 0.007680 seconds to synchronously load lazily loaded font '../../../Engine/Content/Editor/Slate/Fonts/FontAwesome.ttf' (139K)
[2017.03.28-18.05.24:161][  0]LogSlate: Took 0.005883 seconds to synchronously load lazily loaded font '../../../Engine/Content/Slate/Fonts/Roboto-Light.ttf' (159K)
[2017.03.28-18.05.24:197][  0]LogRenderer: Reallocating scene render targets to support 1208x576 NumSamples 1 (Frame:2).
[2017.03.28-18.05.24:996][  3]LogSlate: Took 0.000917 seconds to synchronously load lazily loaded font '../../../Engine/Content/Slate/Fonts/Roboto-Light.ttf' (159K)
[2017.03.28-18.05.25:649][  5]LogAssetRegistry: Asset discovery search completed in 19.1337 seconds
[2017.03.28-18.05.25:653][  5]LogCollectionManager: Rebuilt the object cache for 0 collections in 0.000012 seconds (found 0 objects)
[2017.03.28-18.05.25:653][  5]LogCollectionManager: Fixed up redirectors for 0 collections in 0.004377 seconds (updated 0 objects)
[2017.03.28-18.06.44:407][167]LogTemp: Repeting last play command: Selected Viewport
[2017.03.28-18.06.44:420][167]LogBlueprintUserMessages: Early PlayInEditor Detection: Level '/Game/ThirdPersonBP/Maps/ThirdPersonExampleMap.ThirdPersonExampleMap:PersistentLevel' has LevelScriptBlueprint '/Game/ThirdPersonBP/Maps/ThirdPersonExampleMap.ThirdPersonExampleMap:PersistentLevel.ThirdPersonExampleMap' with GeneratedClass '/Game/ThirdPersonBP/Maps/ThirdPersonExampleMap.ThirdPersonExampleMap_C' with ClassGeneratedBy '/Game/ThirdPersonBP/Maps/ThirdPersonExampleMap.ThirdPersonExampleMap:PersistentLevel.ThirdPersonExampleMap'
[2017.03.28-18.06.44:420][167]LogPlayLevel: PlayLevel: No blueprints needed recompiling
[2017.03.28-18.06.44:421][167]PIE: New page: PIE session: ThirdPersonExampleMap (Mar 28, 2017, 10:06:44 PM)
[2017.03.28-18.06.44:421][167]LogPlayLevel: Creating play world package: /Game/ThirdPersonBP/Maps/UEDPIE_0_ThirdPersonExampleMap
[2017.03.28-18.06.44:449][167]LogPlayLevel: PIE: StaticDuplicateObject took: (0.027175s)
[2017.03.28-18.06.44:449][167]LogAIModule: Creating AISystem for world ThirdPersonExampleMap
[2017.03.28-18.06.44:450][167]LogPlayLevel: PIE: World Init took: (0.000982s)
[2017.03.28-18.06.44:450][167]LogPlayLevel: PIE: Created PIE world by copying editor world from /Game/ThirdPersonBP/Maps/ThirdPersonExampleMap.ThirdPersonExampleMap to /Game/ThirdPersonBP/Maps/UEDPIE_0_ThirdPersonExampleMap.ThirdPersonExampleMap (0.028706s)
[2017.03.28-18.06.44:503][167]LogInit: XAudio2 using 'Haut-parleurs (2- USB Audio Device)' : 2 channels at 44.1 kHz using 16 bits per sample (channel mask 0x3)
[2017.03.28-18.06.44:509][167]LogInit: FAudioDevice initialized.
[2017.03.28-18.06.44:631][167]LogBlueprint:Warning: [Compiler ThirdPersonCharacter] Warning InputAction Event references unknown Action 'ResetVR' for  InputAction ResetVR
[2017.03.28-18.06.44:634][167]LogBlueprint:Warning: [Compiler ThirdPersonCharacter] Warning [0115.21] Compile of ThirdPersonCharacter successful, but with 1 Warning(s) [in 8 ms] (/Game/ThirdPersonBP/Blueprints/ThirdPersonCharacter.ThirdPersonCharacter)
[2017.03.28-18.06.44:634][167]LogBlueprint:Warning: [Compiler ThirdPersonCharacter] Warning [0115.21] Compile of ThirdPersonCharacter successful, but with 2 Warning(s) [in 0 ms] (/Game/ThirdPersonBP/Blueprints/ThirdPersonCharacter.ThirdPersonCharacter)
[2017.03.28-18.06.44:634][167]LogBlueprint:Warning: [Compiler ThirdPersonCharacter] Warning [0115.21] Compile of ThirdPersonCharacter successful, but with 3 Warning(s) [in 0 ms] (/Game/ThirdPersonBP/Blueprints/ThirdPersonCharacter.ThirdPersonCharacter)
[2017.03.28-18.06.44:652][167]LogBlueprint:Warning: [Compiler ThirdPersonCharacter] Warning InputAction Event references unknown Action 'ResetVR' for  InputAction ResetVR
[2017.03.28-18.06.44:656][167]LogBlueprint:Warning: [Compiler ThirdPersonCharacter] Warning [0115.24] Compile of ThirdPersonCharacter successful, but with 1 Warning(s) [in 7 ms] (/Game/ThirdPersonBP/Blueprints/ThirdPersonCharacter.ThirdPersonCharacter)
[2017.03.28-18.06.44:656][167]LogBlueprint:Warning: [Compiler ThirdPersonCharacter] Warning [0115.24] Compile of ThirdPersonCharacter successful, but with 2 Warning(s) [in 0 ms] (/Game/ThirdPersonBP/Blueprints/ThirdPersonCharacter.ThirdPersonCharacter)
[2017.03.28-18.06.44:656][167]LogBlueprint:Warning: [Compiler ThirdPersonCharacter] Warning [0115.24] Compile of ThirdPersonCharacter successful, but with 3 Warning(s) [in 0 ms] (/Game/ThirdPersonBP/Blueprints/ThirdPersonCharacter.ThirdPersonCharacter)
[2017.03.28-18.06.44:667][167]LogLoad: Game class is 'ThirdPersonGameMode_C'
[2017.03.28-18.06.44:672][167]LogWorld: Bringing World /Game/ThirdPersonBP/Maps/UEDPIE_0_ThirdPersonExampleMap.ThirdPersonExampleMap up for play (max tick rate 0) at 2017.03.28-20.06.44
[2017.03.28-18.06.44:679][167]LogWorld: Bringing up level for play took: 0.009198
[2017.03.28-18.06.44:722][167]LogContentBrowser: Native class hierarchy updated for 'MovieSceneCapture' in 0.0005 seconds. Added 11 classes and 0 folders.
[2017.03.28-18.06.44:794][167]PIE: Info Play in editor start time for /Game/ThirdPersonBP/Maps/UEDPIE_0_ThirdPersonExampleMap 0.238
[2017.03.28-18.06.44:795][167]LogBlueprintUserMessages: Late PlayInEditor Detection: Level '/Game/ThirdPersonBP/Maps/ThirdPersonExampleMap.ThirdPersonExampleMap:PersistentLevel' has LevelScriptBlueprint '/Game/ThirdPersonBP/Maps/ThirdPersonExampleMap.ThirdPersonExampleMap:PersistentLevel.ThirdPersonExampleMap' with GeneratedClass '/Game/ThirdPersonBP/Maps/ThirdPersonExampleMap.ThirdPersonExampleMap_C' with ClassGeneratedBy '/Game/ThirdPersonBP/Maps/ThirdPersonExampleMap.ThirdPersonExampleMap:PersistentLevel.ThirdPersonExampleMap'
[2017.03.28-18.06.55:905][464]LogScriptCore:Warning: Script Msg: Attempted to access index 0 from array NearbyPickupActor of length 0!
[2017.03.28-18.07.30:835][599]LogBlueprintUserMessages: Early EndPlayMap Detection: Level '/Game/ThirdPersonBP/Maps/ThirdPersonExampleMap.ThirdPersonExampleMap:PersistentLevel' has LevelScriptBlueprint '/Game/ThirdPersonBP/Maps/ThirdPersonExampleMap.ThirdPersonExampleMap:PersistentLevel.ThirdPersonExampleMap' with GeneratedClass '/Game/ThirdPersonBP/Maps/ThirdPersonExampleMap.ThirdPersonExampleMap_C' with ClassGeneratedBy '/Game/ThirdPersonBP/Maps/ThirdPersonExampleMap.ThirdPersonExampleMap:PersistentLevel.ThirdPersonExampleMap'
[2017.03.28-18.07.30:883][599]LogBlueprintUserMessages: Late EndPlayMap Detection: Level '/Game/ThirdPersonBP/Maps/ThirdPersonExampleMap.ThirdPersonExampleMap:PersistentLevel' has LevelScriptBlueprint '/Game/ThirdPersonBP/Maps/ThirdPersonExampleMap.ThirdPersonExampleMap:PersistentLevel.ThirdPersonExampleMap' with GeneratedClass '/Game/ThirdPersonBP/Maps/ThirdPersonExampleMap.ThirdPersonExampleMap_C' with ClassGeneratedBy '/Game/ThirdPersonBP/Maps/ThirdPersonExampleMap.ThirdPersonExampleMap:PersistentLevel.ThirdPersonExampleMap'
[2017.03.28-18.07.37:036][328]LogSlate: Took 0.000127 seconds to synchronously load lazily loaded font '../../../Engine/Content/Slate/Fonts/Roboto-Light.ttf' (159K)
[2017.03.28-18.07.37:508][328]LogContentBrowser: Native class hierarchy updated for 'BlueprintGraph' in 0.0008 seconds. Added 112 classes and 0 folders.
[2017.03.28-18.07.38:222][328]LogSlate: Took 0.003683 seconds to synchronously load lazily loaded font '../../../Engine/Content/Editor/Slate/Fonts/Roboto-BoldCondensed.ttf' (158K)
[2017.03.28-18.08.16:844][493]LogSlate: Took 0.019376 seconds to synchronously load lazily loaded font '../../../Engine/Content/Slate/Fonts/DroidSansFallback.ttf' (3848K)
[2017.03.28-18.09.47:119][600]BlueprintLog: New page: Compile StorageWidget
[2017.03.28-18.09.47:827][651]Cmd: OBJ SAVEPACKAGE PACKAGE="/Game/InventorySystem/Widgets/StorageWidget" FILE="X:/Aratim/Documents/GitHub/ProjetInfoSolo/IsekaiLife 4.15/Content/InventorySystem/Widgets/StorageWidget.uasset" SILENT=true
[2017.03.28-18.09.48:106][651]LogSavePackage: Save=103.23ms
[2017.03.28-18.09.48:106][651]LogSavePackage: Moving 'X:/Aratim/Documents/GitHub/ProjetInfoSolo/IsekaiLife 4.15/Saved/StorageWidget73BAF0BE46985F2560AD8E9FD2629D1E.tmp' to 'X:/Aratim/Documents/GitHub/ProjetInfoSolo/IsekaiLife 4.15/Content/InventorySystem/Widgets/StorageWidget.uasset'
[2017.03.28-18.09.48:108][651]LogSavePackage:Display: Finished SavePackage X:/Aratim/Documents/GitHub/ProjetInfoSolo/IsekaiLife 4.15/Content/InventorySystem/Widgets/StorageWidget.uasset
[2017.03.28-18.10.04:082][737]LogSlate: Took 0.003696 seconds to synchronously load lazily loaded font '../../../Engine/Content/Editor/Slate/Fonts/Roboto-Italic.ttf' (157K)
[2017.03.28-18.10.39:940][336]BlueprintLog: New page: Compile StorageSlot
[2017.03.28-18.10.40:570][379]Cmd: OBJ SAVEPACKAGE PACKAGE="/Game/InventorySystem/Widgets/StorageSlot" FILE="X:/Aratim/Documents/GitHub/ProjetInfoSolo/IsekaiLife 4.15/Content/InventorySystem/Widgets/StorageSlot.uasset" SILENT=true
[2017.03.28-18.10.40:640][379]LogSavePackage: Save=63.45ms
[2017.03.28-18.10.40:640][379]LogSavePackage: Moving 'X:/Aratim/Documents/GitHub/ProjetInfoSolo/IsekaiLife 4.15/Saved/StorageSlotB1F30BD5461440C79253EB9B634009C2.tmp' to 'X:/Aratim/Documents/GitHub/ProjetInfoSolo/IsekaiLife 4.15/Content/InventorySystem/Widgets/StorageSlot.uasset'
[2017.03.28-18.10.40:641][379]LogSavePackage:Display: Finished SavePackage X:/Aratim/Documents/GitHub/ProjetInfoSolo/IsekaiLife 4.15/Content/InventorySystem/Widgets/StorageSlot.uasset
[2017.03.28-18.11.32:156][650]LogSlate: Took 0.003525 seconds to synchronously load lazily loaded font '../../../Engine/Content/Editor/Slate/Fonts/Roboto-BoldCondensedItalic.ttf' (160K)
[2017.03.28-18.15.39:673][964]BlueprintLog: New page: Compile BP_Storage
[2017.03.28-18.15.40:755][  7]Cmd: OBJ SAVEPACKAGE PACKAGE="/Game/InventorySystem/Blueprints/BP_Storage" FILE="X:/Aratim/Documents/GitHub/ProjetInfoSolo/IsekaiLife 4.15/Content/InventorySystem/Blueprints/BP_Storage.uasset" SILENT=true
[2017.03.28-18.15.40:946][  7]LogSavePackage: Save=155.51ms
[2017.03.28-18.15.40:946][  7]LogSavePackage: Moving 'X:/Aratim/Documents/GitHub/ProjetInfoSolo/IsekaiLife 4.15/Saved/BP_StorageCD2396A64ABC08A59C168D9D18636D12.tmp' to 'X:/Aratim/Documents/GitHub/ProjetInfoSolo/IsekaiLife 4.15/Content/InventorySystem/Blueprints/BP_Storage.uasset'
[2017.03.28-18.15.40:947][  7]LogSavePackage:Display: Finished SavePackage X:/Aratim/Documents/GitHub/ProjetInfoSolo/IsekaiLife 4.15/Content/InventorySystem/Blueprints/BP_Storage.uasset
[2017.03.28-18.18.37:427][739]BlueprintLog: New page: Compile Ch_MyCharacter
[2017.03.28-18.18.38:092][739]BlueprintEditorCompileResults: Info 'ReturnValue' is already a 'My Char Save', you don't need  Cast To MyCharSave .
[2017.03.28-18.18.38:728][785]Cmd: OBJ SAVEPACKAGE PACKAGE="/Game/Game/Character/Player/Ch_MyCharacter" FILE="X:/Aratim/Documents/GitHub/ProjetInfoSolo/IsekaiLife 4.15/Content/Game/Character/Player/Ch_MyCharacter.uasset" SILENT=true
[2017.03.28-18.18.38:843][785]LogSavePackage: Save=109.10ms
[2017.03.28-18.18.38:843][785]LogSavePackage: Moving 'X:/Aratim/Documents/GitHub/ProjetInfoSolo/IsekaiLife 4.15/Saved/Ch_MyCharacter06A463F14A5F402CC6F2F297AD02E82F.tmp' to 'X:/Aratim/Documents/GitHub/ProjetInfoSolo/IsekaiLife 4.15/Content/Game/Character/Player/Ch_MyCharacter.uasset'
[2017.03.28-18.18.38:845][785]LogSavePackage:Display: Finished SavePackage X:/Aratim/Documents/GitHub/ProjetInfoSolo/IsekaiLife 4.15/Content/Game/Character/Player/Ch_MyCharacter.uasset
[2017.03.28-18.19.04:061][125]LogSavePackage: Save=146.78ms
[2017.03.28-18.19.04:061][125]LogSavePackage: Moving 'X:/Aratim/Documents/GitHub/ProjetInfoSolo/IsekaiLife 4.15/Saved/ThirdPersonExampleMap_Auto14FED4DD24AA501CDD1EF14B9F84DA2CE.tmp' to 'X:/Aratim/Documents/GitHub/ProjetInfoSolo/IsekaiLife 4.15/Saved/Autosaves/Game/ThirdPersonBP/Maps/ThirdPersonExampleMap_Auto1.umap'
[2017.03.28-18.19.04:062][125]LogSavePackage:Display: Finished SavePackage X:/Aratim/Documents/GitHub/ProjetInfoSolo/IsekaiLife 4.15/Saved/Autosaves/Game/ThirdPersonBP/Maps/ThirdPersonExampleMap_Auto1.umap
[2017.03.28-18.19.04:066][125]LogFileHelpers: Editor autosave (incl. sublevels) for '/Game/ThirdPersonBP/Maps/ThirdPersonExampleMap' took 0.211
[2017.03.28-18.19.04:066][125]LogFileHelpers: Editor autosave (incl. sublevels) for all levels took 0.211
[2017.03.28-18.19.27:700][420]LogTemp: Repeting last play command: Selected Viewport
[2017.03.28-18.19.27:719][420]LogBlueprintUserMessages: Early PlayInEditor Detection: Level '/Game/ThirdPersonBP/Maps/ThirdPersonExampleMap.ThirdPersonExampleMap:PersistentLevel' has LevelScriptBlueprint '/Game/ThirdPersonBP/Maps/ThirdPersonExampleMap.ThirdPersonExampleMap:PersistentLevel.ThirdPersonExampleMap' with GeneratedClass '/Game/ThirdPersonBP/Maps/ThirdPersonExampleMap.ThirdPersonExampleMap_C' with ClassGeneratedBy '/Game/ThirdPersonBP/Maps/ThirdPersonExampleMap.ThirdPersonExampleMap:PersistentLevel.ThirdPersonExampleMap'
[2017.03.28-18.19.27:719][420]LogPlayLevel: PlayLevel: No blueprints needed recompiling
[2017.03.28-18.19.27:719][420]PIE: New page: PIE session: ThirdPersonExampleMap (Mar 28, 2017, 10:19:27 PM)
[2017.03.28-18.19.27:719][420]LogPlayLevel: Creating play world package: /Game/ThirdPersonBP/Maps/UEDPIE_0_ThirdPersonExampleMap
[2017.03.28-18.19.27:743][420]LogPlayLevel: PIE: StaticDuplicateObject took: (0.023018s)
[2017.03.28-18.19.27:743][420]LogAIModule: Creating AISystem for world ThirdPersonExampleMap
[2017.03.28-18.19.27:743][420]LogPlayLevel: PIE: World Init took: (0.000942s)
[2017.03.28-18.19.27:744][420]LogPlayLevel: PIE: Created PIE world by copying editor world from /Game/ThirdPersonBP/Maps/ThirdPersonExampleMap.ThirdPersonExampleMap to /Game/ThirdPersonBP/Maps/UEDPIE_0_ThirdPersonExampleMap.ThirdPersonExampleMap (0.024220s)
[2017.03.28-18.19.27:769][420]LogInit: XAudio2 using 'Haut-parleurs (2- USB Audio Device)' : 2 channels at 44.1 kHz using 16 bits per sample (channel mask 0x3)
[2017.03.28-18.19.27:775][420]LogInit: FAudioDevice initialized.
[2017.03.28-18.19.27:803][420]LogLoad: Game class is 'ThirdPersonGameMode_C'
[2017.03.28-18.19.27:807][420]LogWorld: Bringing World /Game/ThirdPersonBP/Maps/UEDPIE_0_ThirdPersonExampleMap.ThirdPersonExampleMap up for play (max tick rate 0) at 2017.03.28-20.19.27
[2017.03.28-18.19.27:807][420]LogWorld: Bringing up level for play took: 0.003647
[2017.03.28-18.19.27:808][420]LogStreaming:Warning: Failed to read file 'X:/Aratim/Documents/GitHub/ProjetInfoSolo/IsekaiLife 4.15/Saved//SaveGames/MyCharSave.sav' error.
[2017.03.28-18.19.27:808][420]LogStreaming:Warning: Failed to read file 'X:/Aratim/Documents/GitHub/ProjetInfoSolo/IsekaiLife 4.15/Saved//SaveGames/InventorySave.sav' error.
[2017.03.28-18.19.27:821][420]PIE: Info Play in editor start time for /Game/ThirdPersonBP/Maps/UEDPIE_0_ThirdPersonExampleMap -0.736
[2017.03.28-18.19.27:821][420]LogBlueprintUserMessages: Late PlayInEditor Detection: Level '/Game/ThirdPersonBP/Maps/ThirdPersonExampleMap.ThirdPersonExampleMap:PersistentLevel' has LevelScriptBlueprint '/Game/ThirdPersonBP/Maps/ThirdPersonExampleMap.ThirdPersonExampleMap:PersistentLevel.ThirdPersonExampleMap' with GeneratedClass '/Game/ThirdPersonBP/Maps/ThirdPersonExampleMap.ThirdPersonExampleMap_C' with ClassGeneratedBy '/Game/ThirdPersonBP/Maps/ThirdPersonExampleMap.ThirdPersonExampleMap:PersistentLevel.ThirdPersonExampleMap'
[2017.03.28-18.19.31:233][821]LogScriptCore:Warning: Script Msg: Attempted to access index 0 from array NearbyPickupActor of length 0!
[2017.03.28-18.19.31:233][821]LogScriptCore:Warning: Script Msg: Attempted to access index 0 from array NearbyPickupActor of length 0!
[2017.03.28-18.19.31:779][886]LogScriptCore:Warning: Script Msg: Attempted to access index 0 from array NearbyPickupActor of length 0!
[2017.03.28-18.19.31:779][886]LogScriptCore:Warning: Script Msg: Attempted to access index 0 from array NearbyPickupActor of length 0!
[2017.03.28-18.19.34:722][239]LogScriptCore:Warning: Script Msg: Attempted to access index 0 from array NearbyPickupActor of length 0!
[2017.03.28-18.19.34:722][239]LogScriptCore:Warning: Script Msg: Attempted to access index 0 from array NearbyPickupActor of length 0!
[2017.03.28-18.19.37:432][564]LogScriptCore:Warning: Script Msg: Attempted to access index 0 from array NearbyPickupActor of length 0!
[2017.03.28-18.19.37:432][564]LogScriptCore:Warning: Script Msg: Attempted to access index 0 from array NearbyPickupActor of length 0!
[2017.03.28-18.19.45:849][574]LogScriptCore:Warning: Script Msg: Attempted to access index 0 from array NearbyPickupActor of length 0!
[2017.03.28-18.20.07:910][216]LogBlueprintUserMessages: Early EndPlayMap Detection: Level '/Game/ThirdPersonBP/Maps/ThirdPersonExampleMap.ThirdPersonExampleMap:PersistentLevel' has LevelScriptBlueprint '/Game/ThirdPersonBP/Maps/ThirdPersonExampleMap.ThirdPersonExampleMap:PersistentLevel.ThirdPersonExampleMap' with GeneratedClass '/Game/ThirdPersonBP/Maps/ThirdPersonExampleMap.ThirdPersonExampleMap_C' with ClassGeneratedBy '/Game/ThirdPersonBP/Maps/ThirdPersonExampleMap.ThirdPersonExampleMap:PersistentLevel.ThirdPersonExampleMap'
[2017.03.28-18.20.07:962][216]LogBlueprintUserMessages: Late EndPlayMap Detection: Level '/Game/ThirdPersonBP/Maps/ThirdPersonExampleMap.ThirdPersonExampleMap:PersistentLevel' has LevelScriptBlueprint '/Game/ThirdPersonBP/Maps/ThirdPersonExampleMap.ThirdPersonExampleMap:PersistentLevel.ThirdPersonExampleMap' with GeneratedClass '/Game/ThirdPersonBP/Maps/ThirdPersonExampleMap.ThirdPersonExampleMap_C' with ClassGeneratedBy '/Game/ThirdPersonBP/Maps/ThirdPersonExampleMap.ThirdPersonExampleMap:PersistentLevel.ThirdPersonExampleMap'
[2017.03.28-18.21.56:713][100]LogSavePackage: Save=141.25ms
[2017.03.28-18.21.56:713][100]LogSavePackage: Moving 'X:/Aratim/Documents/GitHub/ProjetInfoSolo/IsekaiLife 4.15/Saved/ThirdPersonExampleMap8AF07FFF47893E79F2EA3587D3AAA60D.tmp' to 'X:/Aratim/Documents/GitHub/ProjetInfoSolo/IsekaiLife 4.15/Content/ThirdPersonBP/Maps/ThirdPersonExampleMap.umap'
[2017.03.28-18.21.56:716][100]LogSavePackage:Display: Finished SavePackage X:/Aratim/Documents/GitHub/ProjetInfoSolo/IsekaiLife 4.15/Content/ThirdPersonBP/Maps/ThirdPersonExampleMap.umap
[2017.03.28-18.21.57:302][100]LogSavePackage: Save=182.16ms
[2017.03.28-18.21.57:302][100]LogSavePackage: Moving 'X:/Aratim/Documents/GitHub/ProjetInfoSolo/IsekaiLife 4.15/Saved/ThirdPersonExampleMap_BuiltDataC538080846E67DB9485B6DAE9A7663B1.tmp' to 'X:/Aratim/Documents/GitHub/ProjetInfoSolo/IsekaiLife 4.15/Content/ThirdPersonBP/Maps/ThirdPersonExampleMap_BuiltData.uasset'
[2017.03.28-18.21.57:304][100]LogSavePackage:Display: Finished SavePackage X:/Aratim/Documents/GitHub/ProjetInfoSolo/IsekaiLife 4.15/Content/ThirdPersonBP/Maps/ThirdPersonExampleMap_BuiltData.uasset
[2017.03.28-18.21.59:894][379]LogActorComponent: UnregisterComponent: (/Engine/Transient.EditorFloorComp) Not registered. Aborting.
[2017.03.28-18.21.59:941][379]LogWindowsTextInputMethodSystem:Display: IME system now deactivated.
[2017.03.28-18.22.00:132][380]Cmd: QUIT_EDITOR
[2017.03.28-18.22.00:869][380]LogExit: Preparing to exit.
[2017.03.28-18.22.01:236][380]LogExit: Editor shut down
[2017.03.28-18.22.01:236][380]LogExit: Transaction tracking system shut down
[2017.03.28-18.22.01:344][380]LogObj: Freed 0b from 0 cluster array pools.
[2017.03.28-18.22.01:344][380]LogExit: Object subsystem successfully closed.
[2017.03.28-18.22.01:368][380]LogD3D11RHI: Shutdown
[2017.03.28-18.22.01:368][380]LogD3D11RHI: CleanupD3DDevice
[2017.03.28-18.22.01:443][380]LogD3D11RHI: ~FD3D11DynamicRHI
[2017.03.28-18.22.01:462][380]LogModuleManager: Shutting down and abandoning module SequencerWidgets (506)
[2017.03.28-18.22.01:462][380]LogModuleManager: Shutting down and abandoning module BlueprintGraph (504)
[2017.03.28-18.22.01:462][380]LogModuleManager: Shutting down and abandoning module BlueprintProfiler (502)
[2017.03.28-18.22.01:463][380]LogModuleManager: Shutting down and abandoning module MovieSceneCapture (500)
[2017.03.28-18.22.01:463][380]LogModuleManager: Shutting down and abandoning module HierarchicalLODOutliner (498)
[2017.03.28-18.22.01:463][380]LogModuleManager: Shutting down and abandoning module CrashTracker (496)
[2017.03.28-18.22.01:463][380]LogModuleManager: Shutting down and abandoning module SceneOutliner (494)
[2017.03.28-18.22.01:463][380]LogModuleManager: Shutting down and abandoning module AddContentDialog (492)
[2017.03.28-18.22.01:463][380]LogDirectoryWatcher: A directory notification for 'C:/Program Files/Epic Games/UE_4.15/FeaturePacks/' was aborted.
[2017.03.28-18.22.01:467][380]LogModuleManager: Shutting down and abandoning module WidgetCarousel (491)
[2017.03.28-18.22.01:467][380]LogModuleManager: Shutting down and abandoning module EditorWidgets (488)
[2017.03.28-18.22.01:467][380]LogModuleManager: Shutting down and abandoning module CollectionManager (486)
[2017.03.28-18.22.01:467][380]LogDirectoryWatcher: A directory notification for 'X:/Aratim/Documents/GitHub/ProjetInfoSolo/IsekaiLife 4.15/Content/Collections/' was aborted.
[2017.03.28-18.22.01:467][380]LogDirectoryWatcher: A directory notification for 'X:/Aratim/Documents/GitHub/ProjetInfoSolo/IsekaiLife 4.15/Content/Developers/Aratim/Collections/' was aborted.
[2017.03.28-18.22.01:467][380]LogDirectoryWatcher: A directory notification for 'X:/Aratim/Documents/GitHub/ProjetInfoSolo/IsekaiLife 4.15/Saved/Collections/' was aborted.
[2017.03.28-18.22.01:467][380]LogModuleManager: Shutting down and abandoning module StatsViewer (484)
[2017.03.28-18.22.01:467][380]LogModuleManager: Shutting down and abandoning module FoliageEdit (482)
[2017.03.28-18.22.01:467][380]LogModuleManager: Shutting down and abandoning module LandscapeEditor (480)
[2017.03.28-18.22.01:467][380]LogModuleManager: Shutting down and abandoning module SceneDepthPickerMode (478)
[2017.03.28-18.22.01:467][380]LogModuleManager: Shutting down and abandoning module ActorPickerMode (476)
[2017.03.28-18.22.01:467][380]LogModuleManager: Shutting down and abandoning module GeometryMode (474)
[2017.03.28-18.22.01:467][380]LogModuleManager: Shutting down and abandoning module TextureAlignMode (472)
[2017.03.28-18.22.01:467][380]LogModuleManager: Shutting down and abandoning module BspMode (470)
[2017.03.28-18.22.01:467][380]LogModuleManager: Shutting down and abandoning module HardwareSurvey (468)
[2017.03.28-18.22.01:467][380]LogModuleManager: Shutting down and abandoning module SequenceRecorderSections (466)
[2017.03.28-18.22.01:467][380]LogModuleManager: Shutting down and abandoning module AutomationWorker (464)
[2017.03.28-18.22.01:467][380]LogModuleManager: Shutting down and abandoning module MatineeToLevelSequence (462)
[2017.03.28-18.22.01:467][380]LogModuleManager: Shutting down and abandoning module LevelSequenceEditor (460)
[2017.03.28-18.22.01:467][380]LogModuleManager: Shutting down and abandoning module PlacementMode (459)
[2017.03.28-18.22.01:467][380]LogModuleManager: Shutting down and abandoning module WmfMediaFactory (456)
[2017.03.28-18.22.01:467][380]LogModuleManager: Shutting down and abandoning module WmfMediaEditor (454)
[2017.03.28-18.22.01:467][380]LogModuleManager: Shutting down and abandoning module MfMediaFactory (452)
[2017.03.28-18.22.01:467][380]LogModuleManager: Shutting down and abandoning module MfMediaEditor (450)
[2017.03.28-18.22.01:467][380]LogModuleManager: Shutting down and abandoning module AvfMediaFactory (448)
[2017.03.28-18.22.01:467][380]LogModuleManager: Shutting down and abandoning module AvfMediaEditor (446)
[2017.03.28-18.22.01:467][380]LogModuleManager: Shutting down and abandoning module AndroidMediaFactory (444)
[2017.03.28-18.22.01:467][380]LogModuleManager: Shutting down and abandoning module Media (443)
[2017.03.28-18.22.01:467][380]LogModuleManager: Shutting down and abandoning module AndroidMediaEditor (440)
[2017.03.28-18.22.01:467][380]LogModuleManager: Shutting down and abandoning module CharacterAI (438)
[2017.03.28-18.22.01:468][380]LogModuleManager: Shutting down and abandoning module AudioCapture (436)
[2017.03.28-18.22.01:468][380]LogModuleManager: Shutting down and abandoning module SequenceRecorder (435)
[2017.03.28-18.22.01:468][380]LogModuleManager: Shutting down and abandoning module SmartSnapping (432)
[2017.03.28-18.22.01:468][380]LogModuleManager: Shutting down and abandoning module SessionServices (430)
[2017.03.28-18.22.01:468][380]LogModuleManager: Shutting down and abandoning module ViewportSnapping (428)
[2017.03.28-18.22.01:468][380]LogModuleManager: Shutting down and abandoning module ViewportInteraction (426)
[2017.03.28-18.22.01:468][380]LogModuleManager: Shutting down and abandoning module LogVisualizer (424)
[2017.03.28-18.22.01:468][380]LogModuleManager: Shutting down and abandoning module IntroTutorials (422)
[2017.03.28-18.22.01:468][380]LogModuleManager: Shutting down and abandoning module GameProjectGeneration (421)
[2017.03.28-18.22.01:469][380]LogModuleManager: Shutting down and abandoning module EditorLiveStreaming (418)
[2017.03.28-18.22.01:469][380]LogModuleManager: Shutting down and abandoning module IOSPlatformEditor (416)
[2017.03.28-18.22.01:469][380]LogModuleManager: Shutting down and abandoning module HTML5PlatformEditor (414)
[2017.03.28-18.22.01:469][380]LogModuleManager: Shutting down and abandoning module AndroidPlatformEditor (412)
[2017.03.28-18.22.01:469][380]LogModuleManager: Shutting down and abandoning module AndroidDeviceDetection (411)
[2017.03.28-18.22.01:679][380]LogModuleManager: Shutting down and abandoning module IOSRuntimeSettings (408)
[2017.03.28-18.22.01:679][380]LogModuleManager: Shutting down and abandoning module AndroidRuntimeSettings (406)
[2017.03.28-18.22.01:679][380]LogModuleManager: Shutting down and abandoning module InputBindingEditor (404)
[2017.03.28-18.22.01:680][380]LogModuleManager: Shutting down and abandoning module NiagaraEditor (402)
[2017.03.28-18.22.01:685][380]LogModuleManager: Shutting down and abandoning module MergeActors (400)
[2017.03.28-18.22.01:686][380]LogModuleManager: Shutting down and abandoning module SizeMap (398)
[2017.03.28-18.22.01:686][380]LogModuleManager: Shutting down and abandoning module TreeMap (396)
[2017.03.28-18.22.01:686][380]LogModuleManager: Shutting down and abandoning module ReferenceViewer (394)
[2017.03.28-18.22.01:686][380]LogModuleManager: Shutting down and abandoning module LocalizationDashboard (392)
[2017.03.28-18.22.01:687][380]LogModuleManager: Shutting down and abandoning module LocalizationService (391)
[2017.03.28-18.22.01:687][380]LogModuleManager: Shutting down and abandoning module HardwareTargeting (388)
[2017.03.28-18.22.01:687][380]LogModuleManager: Shutting down and abandoning module DeviceProfileEditor (386)
[2017.03.28-18.22.01:688][380]LogModuleManager: Shutting down and abandoning module UndoHistory (384)
[2017.03.28-18.22.01:688][380]LogModuleManager: Shutting down and abandoning module UserFeedback (382)
[2017.03.28-18.22.01:688][380]LogModuleManager: Shutting down and abandoning module XmlParser (380)
[2017.03.28-18.22.01:688][380]LogModuleManager: Shutting down and abandoning module Blutility (378)
[2017.03.28-18.22.01:688][380]LogModuleManager: Shutting down and abandoning module ProjectSettingsViewer (376)
[2017.03.28-18.22.01:688][380]LogModuleManager: Shutting down and abandoning module ProjectTargetPlatformEditor (375)
[2017.03.28-18.22.01:688][380]LogModuleManager: Shutting down and abandoning module EditorSettingsViewer (372)
[2017.03.28-18.22.01:688][380]LogModuleManager: Shutting down and abandoning module SettingsEditor (370)
[2017.03.28-18.22.01:688][380]LogModuleManager: Shutting down and abandoning module ProjectLauncher (368)
[2017.03.28-18.22.01:689][380]LogModuleManager: Shutting down and abandoning module SessionFrontend (366)
[2017.03.28-18.22.01:690][380]LogModuleManager: Shutting down and abandoning module ProfilerClient (364)
[2017.03.28-18.22.01:691][380]LogModuleManager: Shutting down and abandoning module DeviceManager (362)
[2017.03.28-18.22.01:691][380]LogModuleManager: Shutting down and abandoning module TargetDeviceServices (361)
[2017.03.28-18.22.01:735][380]LogModuleManager: Shutting down and abandoning module AutomationController (358)
[2017.03.28-18.22.01:735][380]LogModuleManager: Shutting down and abandoning module AutomationWindow (356)
[2017.03.28-18.22.01:736][380]LogModuleManager: Shutting down and abandoning module Layers (354)
[2017.03.28-18.22.01:737][380]LogModuleManager: Shutting down and abandoning module ComponentVisualizers (352)
[2017.03.28-18.22.01:738][380]LogModuleManager: Shutting down and abandoning module DetailCustomizations (350)
[2017.03.28-18.22.01:738][380]LogModuleManager: Shutting down and abandoning module PackagesDialog (348)
[2017.03.28-18.22.01:738][380]LogModuleManager: Shutting down and abandoning module Persona (346)
[2017.03.28-18.22.01:738][380]LogModuleManager: Shutting down and abandoning module AnimGraph (345)
[2017.03.28-18.22.01:738][380]LogModuleManager: Shutting down and abandoning module Kismet (342)
[2017.03.28-18.22.01:752][380]LogModuleManager: Shutting down and abandoning module GraphEditor (340)
[2017.03.28-18.22.01:752][380]LogModuleManager: Shutting down and abandoning module ClassViewer (338)
[2017.03.28-18.22.01:752][380]LogModuleManager: Shutting down and abandoning module Toolbox (336)
[2017.03.28-18.22.01:752][380]LogModuleManager: Shutting down and abandoning module ModuleUI (334)
[2017.03.28-18.22.01:753][380]LogModuleManager: Shutting down and abandoning module MovieSceneTools (332)
[2017.03.28-18.22.01:753][380]LogModuleManager: Shutting down and abandoning module OutputLog (330)
[2017.03.28-18.22.01:753][380]LogModuleManager: Shutting down and abandoning module GammaUI (328)
[2017.03.28-18.22.01:753][380]LogModuleManager: Shutting down and abandoning module Documentation (326)
[2017.03.28-18.22.01:753][380]LogModuleManager: Shutting down and abandoning module Niagara (324)
[2017.03.28-18.22.01:753][380]LogModuleManager: Shutting down and abandoning module StreamingPauseRendering (322)
[2017.03.28-18.22.01:753][380]LogModuleManager: Shutting down and abandoning module AnalyticsET (320)
[2017.03.28-18.22.01:753][380]LogModuleManager: Shutting down and abandoning module PortalServices (318)
[2017.03.28-18.22.01:753][380]LogModuleManager: Shutting down and abandoning module PortalRpc (316)
[2017.03.28-18.22.01:753][380]LogModuleManager: Shutting down and abandoning module MessagingRpc (314)
[2017.03.28-18.22.01:753][380]LogModuleManager: Shutting down and abandoning module AIModule (312)
[2017.03.28-18.22.01:753][380]LogModuleManager: Shutting down and abandoning module GameplayDebugger (311)
[2017.03.28-18.22.01:753][380]LogModuleManager: Shutting down and abandoning module AITestSuite (309)
[2017.03.28-18.22.01:753][380]LogModuleManager: Shutting down and abandoning module ProfilerService (306)
[2017.03.28-18.22.01:871][380]LogModuleManager: Shutting down and abandoning module TaskGraph (304)
[2017.03.28-18.22.01:872][380]LogModuleManager: Shutting down and abandoning module SteamVRController (302)
[2017.03.28-18.22.01:872][380]LogModuleManager: Shutting down and abandoning module SteamVR (300)
[2017.03.28-18.22.01:872][380]LogModuleManager: Shutting down and abandoning module ProceduralMeshComponentEditor (298)
[2017.03.28-18.22.01:872][380]LogModuleManager: Shutting down and abandoning module ProceduralMeshComponent (296)
[2017.03.28-18.22.01:872][380]LogModuleManager: Shutting down and abandoning module OculusLibrary (294)
[2017.03.28-18.22.01:872][380]LogModuleManager: Shutting down and abandoning module OculusInput (292)
[2017.03.28-18.22.01:872][380]LogModuleManager: Shutting down and abandoning module MobilePatchingUtils (290)
[2017.03.28-18.22.01:872][380]LogModuleManager: Shutting down and abandoning module CustomMeshComponent (288)
[2017.03.28-18.22.01:872][380]LogModuleManager: Shutting down and abandoning module CableComponent (286)
[2017.03.28-18.22.01:872][380]LogModuleManager: Shutting down and abandoning module ArchVisCharacter (284)
[2017.03.28-18.22.01:872][380]LogModuleManager: Shutting down and abandoning module MediaPlayerEditor (280)
[2017.03.28-18.22.01:873][380]LogModuleManager: Shutting down and abandoning module HTML5Networking (278)
[2017.03.28-18.22.01:873][380]LogModuleManager: Shutting down and abandoning module AlembicImporter (276)
[2017.03.28-18.22.01:873][380]LogModuleManager: Shutting down and abandoning module AlembicLibrary (275)
[2017.03.28-18.22.01:873][380]LogModuleManager: Shutting down and abandoning module GeometryCache (274)
[2017.03.28-18.22.01:873][380]LogModuleManager: Shutting down and abandoning module GeometryCacheEd (273)
[2017.03.28-18.22.01:873][380]LogModuleManager: Shutting down and abandoning module SuperSearchEditor (268)
[2017.03.28-18.22.01:873][380]LogModuleManager: Shutting down and abandoning module SuperSearch (267)
[2017.03.28-18.22.01:873][380]LogModuleManager: Shutting down and abandoning module SpeedTreeImporter (264)
[2017.03.28-18.22.01:873][380]LogModuleManager: Shutting down and abandoning module PluginBrowser (262)
[2017.03.28-18.22.01:874][380]LogModuleManager: Shutting down and abandoning module MobileLauncherProfileWizard (260)
[2017.03.28-18.22.01:874][380]LogModuleManager: Shutting down and abandoning module EpicSurvey (258)
[2017.03.28-18.22.01:875][380]LogModuleManager: Shutting down and abandoning module VisualStudioSourceCodeAccess (256)
[2017.03.28-18.22.01:875][380]LogModuleManager: Shutting down and abandoning module DesktopPlatform (255)
[2017.03.28-18.22.01:875][380]LogModuleManager: Shutting down and abandoning module UObjectPlugin (252)
[2017.03.28-18.22.01:875][380]LogModuleManager: Shutting down and abandoning module SubversionSourceControl (250)
[2017.03.28-18.22.01:875][380]LogModuleManager: Shutting down and abandoning module PerforceSourceControl (248)
[2017.03.28-18.22.01:875][380]LogModuleManager: Shutting down and abandoning module GitSourceControl (246)
[2017.03.28-18.22.01:875][380]LogModuleManager: Shutting down and abandoning module SourceControl (245)
[2017.03.28-18.22.01:875][380]LogModuleManager: Shutting down and abandoning module LightPropagationVolumeEditor (242)
[2017.03.28-18.22.01:875][380]LogModuleManager: Shutting down and abandoning module PaperTiledImporter (240)
[2017.03.28-18.22.01:875][380]LogModuleManager: Shutting down and abandoning module PaperSpriteSheetImporter (238)
[2017.03.28-18.22.01:875][380]LogModuleManager: Shutting down and abandoning module Paper2DEditor (236)
[2017.03.28-18.22.01:876][380]LogModuleManager: Shutting down and abandoning module MeshPaint (235)
[2017.03.28-18.22.01:876][380]LogModuleManager: Shutting down and abandoning module LevelEditor (233)
[2017.03.28-18.22.01:878][380]LogModuleManager: Shutting down and abandoning module PixelInspectorModule (232)
[2017.03.28-18.22.01:878][380]LogModuleManager: Shutting down and abandoning module MainFrame (230)
[2017.03.28-18.22.01:878][380]LogModuleManager: Shutting down and abandoning module HotReload (229)
[2017.03.28-18.22.01:880][380]LogModuleManager: Shutting down and abandoning module ContentBrowser (225)
[2017.03.28-18.22.01:882][380]LogModuleManager: Shutting down and abandoning module PhysXVehiclesEditor (222)
[2017.03.28-18.22.01:882][380]LogModuleManager: Shutting down and abandoning module PhysXVehicles (220)
[2017.03.28-18.22.01:882][380]LogModuleManager: Shutting down and abandoning module LocationServicesBPLibrary (218)
[2017.03.28-18.22.01:882][380]LogModuleManager: Shutting down and abandoning module UdpMessaging (216)
[2017.03.28-18.22.01:984][380]LogModuleManager: Shutting down and abandoning module TcpMessaging (214)
[2017.03.28-18.22.02:084][380]LogModuleManager: Shutting down and abandoning module GameplayTagsEditor (212)
[2017.03.28-18.22.02:088][380]LogModuleManager: Shutting down and abandoning module FacialAnimationEditor (210)
[2017.03.28-18.22.02:089][380]LogModuleManager: Shutting down and abandoning module FacialAnimation (208)
[2017.03.28-18.22.02:089][380]LogModuleManager: Shutting down and abandoning module LightPropagationVolumeRuntime (206)
[2017.03.28-18.22.02:089][380]LogModuleManager: Shutting down and abandoning module Paper2D (204)
[2017.03.28-18.22.02:089][380]LogModuleManager: Shutting down and abandoning module WindowsMoviePlayer (202)
[2017.03.28-18.22.02:089][380]LogModuleManager: Shutting down and abandoning module WmfMedia (200)
[2017.03.28-18.22.02:089][380]LogModuleManager: Shutting down and abandoning module MfMedia (198)
[2017.03.28-18.22.02:089][380]LogModuleManager: Shutting down and abandoning module MediaAssets (196)
[2017.03.28-18.22.02:089][380]LogModuleManager: Shutting down and abandoning module GameLiveStreaming (194)
[2017.03.28-18.22.02:090][380]LogModuleManager: Shutting down and abandoning module VREditor (192)
[2017.03.28-18.22.02:090][380]LogModuleManager: Shutting down and abandoning module GameplayTasksEditor (190)
[2017.03.28-18.22.02:090][380]LogModuleManager: Shutting down and abandoning module BehaviorTreeEditor (188)
[2017.03.28-18.22.02:091][380]LogModuleManager: Shutting down and abandoning module FunctionalTesting (186)
[2017.03.28-18.22.02:091][380]LogModuleManager: Shutting down and abandoning module CollisionAnalyzer (184)
[2017.03.28-18.22.02:092][380]LogModuleManager: Shutting down and abandoning module UMG (182)
[2017.03.28-18.22.02:092][380]LogModuleManager: Shutting down and abandoning module UMGEditor (181)
[2017.03.28-18.22.02:092][380]LogModuleManager: Shutting down and abandoning module Sequencer (180)
[2017.03.28-18.22.02:092][380]LogModuleManager: Shutting down and abandoning module AssetTools (178)
[2017.03.28-18.22.02:094][380]LogModuleManager: Shutting down and abandoning module MessageLog (177)
[2017.03.28-18.22.02:094][380]LogModuleManager: Shutting down and abandoning module WorkspaceMenuStructure (176)
[2017.03.28-18.22.02:094][380]LogModuleManager: Shutting down and abandoning module SlateReflector (170)
[2017.03.28-18.22.02:095][380]LogModuleManager: Shutting down and abandoning module Slate (168)
[2017.03.28-18.22.02:095][380]LogModuleManager: Shutting down and abandoning module EditorStyle (166)
[2017.03.28-18.22.02:104][380]LogModuleManager: Shutting down and abandoning module SourceCodeAccess (164)
[2017.03.28-18.22.02:104][380]LogModuleManager: Shutting down and abandoning module HeadMountedDisplay (162)
[2017.03.28-18.22.02:104][380]LogModuleManager: Shutting down and abandoning module XAudio2 (160)
[2017.03.28-18.22.02:104][380]LogModuleManager: Shutting down and abandoning module Networking (158)
[2017.03.28-18.22.02:104][380]LogModuleManager: Shutting down and abandoning module Core (154)
[2017.03.28-18.22.02:104][380]LogModuleManager: Shutting down and abandoning module AssetRegistry (152)
[2017.03.28-18.22.02:293][380]LogDirectoryWatcher: A directory notification for '../../../Engine/Content/' was aborted.
[2017.03.28-18.22.02:293][380]LogDirectoryWatcher: A directory notification for 'X:/Aratim/Documents/GitHub/ProjetInfoSolo/IsekaiLife 4.15/Content/' was aborted.
[2017.03.28-18.22.02:293][380]LogDirectoryWatcher: A directory notification for '../../../Engine/Plugins/2D/Paper2D/Content/' was aborted.
[2017.03.28-18.22.02:294][380]LogModuleManager: Shutting down and abandoning module DirectoryWatcher (151)
[2017.03.28-18.22.02:294][380]LogModuleManager: Shutting down and abandoning module KismetCompiler (148)
[2017.03.28-18.22.02:294][380]LogModuleManager: Shutting down and abandoning module PhysXFormats (146)
[2017.03.28-18.22.02:294][380]LogModuleManager: Shutting down and abandoning module MeshUtilities (144)
[2017.03.28-18.22.02:294][380]LogModuleManager: Shutting down and abandoning module SimplygonSwarm (143)
[2017.03.28-18.22.02:294][380]LogModuleManager: Shutting down and abandoning module SimplygonMeshReduction (141)
[2017.03.28-18.22.02:294][380]LogModuleManager: Shutting down and abandoning module QuadricMeshReduction (139)
[2017.03.28-18.22.02:294][380]LogModuleManager: Shutting down and abandoning module PropertyEditor (137)
[2017.03.28-18.22.02:295][380]LogModuleManager: Shutting down and abandoning module DerivedDataCache (134)
[2017.03.28-18.22.02:357][380]LogDerivedDataCache: Shutdown
[2017.03.28-18.22.02:357][380]LogModuleManager: Shutting down and abandoning module TargetPlatform (132)
[2017.03.28-18.22.02:357][380]LogModuleManager: Shutting down and abandoning module VulkanShaderFormat (131)
[2017.03.28-18.22.02:357][380]LogModuleManager: Shutting down and abandoning module ShaderFormatOpenGL (129)
[2017.03.28-18.22.02:358][380]LogModuleManager: Shutting down and abandoning module ShaderFormatD3D (127)
[2017.03.28-18.22.02:358][380]LogModuleManager: Shutting down and abandoning module MetalShaderFormat (125)
[2017.03.28-18.22.02:359][380]LogModuleManager: Shutting down and abandoning module TextureFormatUncompressed (123)
[2017.03.28-18.22.02:359][380]LogModuleManager: Shutting down and abandoning module TextureFormatPVR (121)
[2017.03.28-18.22.02:359][380]LogModuleManager: Shutting down and abandoning module TextureFormatDXT (119)
[2017.03.28-18.22.02:359][380]LogModuleManager: Shutting down and abandoning module TextureFormatIntelISPCTexComp (117)
[2017.03.28-18.22.02:359][380]LogModuleManager: Shutting down and abandoning module TextureFormatASTC (115)
[2017.03.28-18.22.02:359][380]LogModuleManager: Shutting down and abandoning module ImageWrapper (114)
[2017.03.28-18.22.02:359][380]LogModuleManager: Shutting down and abandoning module TextureFormatAndroid (111)
[2017.03.28-18.22.02:359][380]LogModuleManager: Shutting down and abandoning module AudioFormatOpus (109)
[2017.03.28-18.22.02:359][380]LogModuleManager: Shutting down and abandoning module AudioFormatOgg (107)
[2017.03.28-18.22.02:359][380]LogModuleManager: Shutting down and abandoning module AudioFormatADPCM (105)
[2017.03.28-18.22.02:359][380]LogModuleManager: Shutting down and abandoning module LinuxTargetPlatform (103)
[2017.03.28-18.22.02:359][380]LogModuleManager: Shutting down and abandoning module LinuxServerTargetPlatform (101)
[2017.03.28-18.22.02:359][380]LogModuleManager: Shutting down and abandoning module LinuxNoEditorTargetPlatform (99)
[2017.03.28-18.22.02:359][380]LogModuleManager: Shutting down and abandoning module LinuxClientTargetPlatform (97)
[2017.03.28-18.22.02:359][380]LogModuleManager: Shutting down and abandoning module TVOSTargetPlatform (95)
[2017.03.28-18.22.02:359][380]LogModuleManager: Shutting down and abandoning module Messaging (93)
[2017.03.28-18.22.02:359][380]LogModuleManager: Shutting down and abandoning module IOSTargetPlatform (91)
[2017.03.28-18.22.02:359][380]LogModuleManager: Shutting down and abandoning module HTML5TargetPlatform (89)
[2017.03.28-18.22.02:359][380]LogModuleManager: Shutting down and abandoning module Android_PVRTCTargetPlatform (87)
[2017.03.28-18.22.02:359][380]LogModuleManager: Shutting down and abandoning module Android_MultiTargetPlatform (85)
[2017.03.28-18.22.02:359][380]LogModuleManager: Shutting down and abandoning module Android_ETC2TargetPlatform (83)
[2017.03.28-18.22.02:359][380]LogModuleManager: Shutting down and abandoning module Android_ETC1TargetPlatform (81)
[2017.03.28-18.22.02:359][380]LogModuleManager: Shutting down and abandoning module Android_DXTTargetPlatform (79)
[2017.03.28-18.22.02:359][380]LogModuleManager: Shutting down and abandoning module Android_ATCTargetPlatform (77)
[2017.03.28-18.22.02:359][380]LogModuleManager: Shutting down and abandoning module Android_ASTCTargetPlatform (75)
[2017.03.28-18.22.02:359][380]LogModuleManager: Shutting down and abandoning module AndroidTargetPlatform (73)
[2017.03.28-18.22.02:359][380]LogModuleManager: Shutting down and abandoning module WindowsTargetPlatform (71)
[2017.03.28-18.22.02:359][380]LogModuleManager: Shutting down and abandoning module WindowsServerTargetPlatform (69)
[2017.03.28-18.22.02:359][380]LogModuleManager: Shutting down and abandoning module WindowsNoEditorTargetPlatform (67)
[2017.03.28-18.22.02:359][380]LogModuleManager: Shutting down and abandoning module WindowsClientTargetPlatform (65)
[2017.03.28-18.22.02:359][380]LogModuleManager: Shutting down and abandoning module MacTargetPlatform (63)
[2017.03.28-18.22.02:359][380]LogModuleManager: Shutting down and abandoning module MacServerTargetPlatform (61)
[2017.03.28-18.22.02:359][380]LogModuleManager: Shutting down and abandoning module MacNoEditorTargetPlatform (59)
[2017.03.28-18.22.02:359][380]LogModuleManager: Shutting down and abandoning module MacClientTargetPlatform (57)
[2017.03.28-18.22.02:359][380]LogModuleManager: Shutting down and abandoning module AllDesktopTargetPlatform (55)
[2017.03.28-18.22.02:359][380]LogModuleManager: Shutting down and abandoning module InputCore (52)
[2017.03.28-18.22.02:359][380]LogModuleManager: Shutting down and abandoning module Settings (50)
[2017.03.28-18.22.02:359][380]LogModuleManager: Shutting down and abandoning module OculusRift (48)
[2017.03.28-18.22.02:359][380]LogModuleManager: Shutting down and abandoning module GearVR (46)
[2017.03.28-18.22.02:359][380]LogModuleManager: Shutting down and abandoning module ExampleDeviceProfileSelector (44)
[2017.03.28-18.22.02:359][380]LogModuleManager: Shutting down and abandoning module OnlineBlueprintSupport (42)
[2017.03.28-18.22.02:359][380]LogModuleManager: Shutting down and abandoning module OnlineSubsystem (38)
[2017.03.28-18.22.02:359][380]LogOnline:Display: Unloading online subsystem: NULL
[2017.03.28-18.22.02:360][380]LogModuleManager: Shutting down and abandoning module XMPP (37)
[2017.03.28-18.22.02:360][380]LogModuleManager: Shutting down and abandoning module HTTP (35)
[2017.03.28-18.22.02:360][380]LogHttp:Display: Http module shutting down, but needs to wait on 1 outstanding Http requests:
[2017.03.28-18.22.02:360][380]LogHttp:Display: 	verb=[POST] url=[https://datarouter.ol.epicgames.com/datarouter/api/v1/public/data?SessionID=%7BFDBAA6DA-40A8-FF3B-62D5-F7AB41C37F6B%7D&AppID=UEEditor.Rocket.Release&AppVersion=4.15.1-3348071%2B%2B%2BUE4%2BRelease-4.15&UserID=8c302d144559193dacf57282e4537a6d%7C1d93bd08b07d44d8aee1421bc67e0dd5%7C2f678aea-a734-4285-a967-b3de143619f5&AppEnvironment=datacollector-binary&UploadType=eteventstream] status=Processing
[2017.03.28-18.22.02:361][380]LogModuleManager: Shutting down and abandoning module SSL (34)
[2017.03.28-18.22.02:363][380]LogModuleManager: Shutting down and abandoning module AudioEditor (30)
[2017.03.28-18.22.02:363][380]LogModuleManager: Shutting down and abandoning module TextureCompressor (28)
[2017.03.28-18.22.02:363][380]LogModuleManager: Shutting down and abandoning module ShaderCore (26)
[2017.03.28-18.22.02:363][380]LogModuleManager: Shutting down and abandoning module Landscape (24)
[2017.03.28-18.22.02:363][380]LogModuleManager: Shutting down and abandoning module SlateRHIRenderer (22)
[2017.03.28-18.22.02:366][380]LogModuleManager: Shutting down and abandoning module OpenGLDrv (20)
[2017.03.28-18.22.02:367][380]LogModuleManager: Shutting down and abandoning module D3D11RHI (18)
[2017.03.28-18.22.02:367][380]LogModuleManager: Shutting down and abandoning module AnimGraphRuntime (16)
[2017.03.28-18.22.02:367][380]LogModuleManager: Shutting down and abandoning module Renderer (14)
[2017.03.28-18.22.02:367][380]LogModuleManager: Shutting down and abandoning module Engine (12)
[2017.03.28-18.22.02:367][380]LogModuleManager: Shutting down and abandoning module CoreUObject (10)
[2017.03.28-18.22.02:367][380]LogModuleManager: Shutting down and abandoning module NetworkFile (8)
[2017.03.28-18.22.02:367][380]LogModuleManager: Shutting down and abandoning module StreamingFile (6)
[2017.03.28-18.22.02:367][380]LogModuleManager: Shutting down and abandoning module SandboxFile (4)
[2017.03.28-18.22.02:367][380]LogModuleManager: Shutting down and abandoning module PakFile (2)
[2017.03.28-18.22.02:369][380]LogExit: Exiting.
[2017.03.28-18.22.02:370][380]Log file closed, 03/28/17 20:22:02
