Log file open, 04/08/17 00:55:09
LogInit:Display: Running engine for game: IsekaiLife
LogPlatformFile: Not using cached read wrapper
LogInit:Display: RandInit(-913711856) SRandInit(-913711856).
LogTaskGraph: Started task graph with 5 named threads and 8 total threads with 1 sets of task threads.
LogStats: Stats thread started at 0.144248
LogInit: Using libcurl 7.47.1
LogInit:  - built for x86_64-pc-win32
LogInit:  - supports SSL with OpenSSL/1.0.2g
LogInit:  - supports HTTP deflate (compression) using libz 1.2.8
LogInit:  - other features:
LogInit:      CURL_VERSION_SSL
LogInit:      CURL_VERSION_LIBZ
LogInit:      CURL_VERSION_IPV6
LogInit:      CURL_VERSION_ASYNCHDNS
LogInit:      CURL_VERSION_LARGEFILE
LogInit:      CURL_VERSION_IDN
LogInit:  CurlRequestOptions (configurable via config and command line):
LogInit:  - bVerifyPeer = false  - Libcurl will NOT verify peer certificate
LogInit:  - bUseHttpProxy = false  - Libcurl will NOT use HTTP proxy
LogInit:  - bDontReuseConnections = false  - Libcurl will reuse connections
LogInit:  - CertBundlePath = nullptr  - Libcurl will use whatever was configured at build time.
LogInit: Build: ++UE4+Release-4.15-CL-3348071
LogInit: Engine Version: 4.15.1-3348071+++UE4+Release-4.15
LogInit: Compatible Engine Version: 4.15.0-3299760+++UE4+Release-4.15
LogInit: Net CL: 3299760
LogDevObjectVersion: Number of dev versions registered: 14
LogDevObjectVersion:   Dev-Blueprints (B0D832E4-1F89-4F0D-ACCF-7EB736FD4AA2): 8
LogDevObjectVersion:   Dev-Build (E1C64328-A22C-4D53-A36C-8E866417BD8C): 0
LogDevObjectVersion:   Dev-Core (375EC13C-06E4-48FB-B500-84F0262A717E): 2
LogDevObjectVersion:   Dev-Editor (E4B068ED-F494-42E9-A231-DA0B2E46BB41): 14
LogDevObjectVersion:   Dev-Framework (CFFC743F-43B0-4480-9391-14DF171D2073): 22
LogDevObjectVersion:   Dev-Mobile (B02B49B5-BB20-44E9-A304-32B752E40360): 0
LogDevObjectVersion:   Dev-Networking (A4E4105C-59A1-49B5-A7C5-40C4547EDFEE): 0
LogDevObjectVersion:   Dev-Online (39C831C9-5AE6-47DC-9A44-9C173E1C8E7C): 0
LogDevObjectVersion:   Dev-Physics (78F01B33-EBEA-4F98-B9B4-84EACCB95AA2): 0
LogDevObjectVersion:   Dev-Platform (6631380F-2D4D-43E0-8009-CF276956A95A): 0
LogDevObjectVersion:   Dev-Rendering (12F88B9F-8875-4AFC-A67C-D90C383ABD29): 12
LogDevObjectVersion:   Dev-Sequencer (7B5AE74C-D270-4C10-A958-57980B212A5A): 3
LogDevObjectVersion:   Dev-VR (D7296918-1DD6-4BDD-9DE2-64A83CC13884): 0
LogDevObjectVersion:   Dev-LoadTimes (C2A15278-BFE7-4AFE-6C17-90FF531DF755): 1
LogInit: Compiled (64-bit): Mar 15 2017 16:52:47
LogInit: Compiled with Visual C++: 19.00.23026.00
LogInit: Build Configuration: Development
LogInit: Branch Name: ++UE4+Release-4.15
LogInit: Command line:  
LogInit: Base directory: C:/Program Files/Epic Games/UE_4.15/Engine/Binaries/Win64/
LogInit: Installed Engine Build: 1
LogInit: Presizing for max 8388607 objects, including 0 objects not considered by GC, pre-allocating 0 bytes for permanent pool.
LogInit: Object subsystem initialized
[2017.04.07-22.55.10:669][  0]LogInit: Selected Device Profile: [Windows]
[2017.04.07-22.55.10:669][  0]LogInit: Applying CVar settings loaded from the selected device profile: [Windows]
[2017.04.07-22.55.10:704][  0]LogInit: Computer: DESKTOP-IJKOIIJ
[2017.04.07-22.55.10:704][  0]LogInit: User: Aratim
[2017.04.07-22.55.10:704][  0]LogInit: CPU Page size=65536, Cores=4
[2017.04.07-22.55.10:704][  0]LogInit: High frequency timer resolution =3.417978 MHz
[2017.04.07-22.55.10:705][  0]LogMemory: Memory total: Physical=8.0GB (8GB approx)
[2017.04.07-22.55.10:705][  0]LogMemory: Platform Memory Stats for Windows
[2017.04.07-22.55.10:705][  0]LogMemory: Process Physical Memory: 262.92 MB used, 262.92 MB peak
[2017.04.07-22.55.10:705][  0]LogMemory: Process Virtual Memory: 262.39 MB used, 262.39 MB peak
[2017.04.07-22.55.10:705][  0]LogMemory: Physical Memory: 3422.54 MB used,  4718.31 MB free, 8140.85 MB total
[2017.04.07-22.55.10:705][  0]LogMemory: Virtual Memory: 644.41 MB used,  4718.31 MB free, 134217728.00 MB total
[2017.04.07-22.55.11:054][  0]LogTextLocalizationManager: No translations for ('fr-FR') exist, falling back to 'en' for localization and internationalization data.
[2017.04.07-22.55.43:784][  0]LogD3D11RHI: D3D11 adapters:
[2017.04.07-22.55.44:277][  0]LogD3D11RHI:    0. 'NVIDIA GeForce GTX 1060 6GB' (Feature Level 11_0)
[2017.04.07-22.55.44:277][  0]LogD3D11RHI:       6084/0/4070 MB DedicatedVideo/DedicatedSystem/SharedSystem, Outputs:1, VendorId:0x10de
[2017.04.07-22.55.44:278][  0]LogD3D11RHI:    1. 'Microsoft Basic Render Driver' (Feature Level 11_0)
[2017.04.07-22.55.44:278][  0]LogD3D11RHI:       0/0/4070 MB DedicatedVideo/DedicatedSystem/SharedSystem, Outputs:0, VendorId:0x1414
[2017.04.07-22.55.44:278][  0]LogD3D11RHI: Chosen D3D11 Adapter: 0
[2017.04.07-22.55.44:284][  0]LogD3D11RHI: Creating new Direct3DDevice
[2017.04.07-22.55.44:284][  0]LogD3D11RHI:     GPU DeviceId: 0x1c03 (for the marketing name, search the web for "GPU Device Id")
[2017.04.07-22.55.44:284][  0]LogWindows: EnumDisplayDevices:
[2017.04.07-22.55.44:284][  0]LogWindows:    0. 'NVIDIA GeForce GTX 1060 6GB' (P:1 D:1)
[2017.04.07-22.55.44:285][  0]LogWindows:    1. 'NVIDIA GeForce GTX 1060 6GB' (P:0 D:0)
[2017.04.07-22.55.44:285][  0]LogWindows:    2. 'NVIDIA GeForce GTX 1060 6GB' (P:0 D:0)
[2017.04.07-22.55.44:285][  0]LogWindows:    3. 'NVIDIA GeForce GTX 1060 6GB' (P:0 D:0)
[2017.04.07-22.55.44:285][  0]LogWindows: DebugString: FoundDriverCount:4 
[2017.04.07-22.55.44:285][  0]LogD3D11RHI:     Adapter Name: NVIDIA GeForce GTX 1060 6GB
[2017.04.07-22.55.44:285][  0]LogD3D11RHI:   Driver Version: 378.92 (internal:21.21.13.7892, unified:378.92)
[2017.04.07-22.55.44:285][  0]LogD3D11RHI:      Driver Date: 3-16-2017
[2017.04.07-22.55.44:286][  0]LogRHI: Texture pool is 1361 MB (70% of 1945 MB)
[2017.04.07-22.55.44:749][  0]LogD3D11RHI: Async texture creation enabled
[2017.04.07-22.55.44:810][  0]LogD3D11RHI: GPU Timing Frequency: 1000.000000 (Debug: 2 1)
[2017.04.07-22.55.44:870][  0]LogShaderCompilers: Guid format shader working directory is -11 characters bigger than the processId version (X:/Aratim/Documents/GitHub/ProjetInfoSolo/IsekaiLife 4.15/Intermediate/Shaders/WorkingDirectory/13584/).
[2017.04.07-22.55.44:871][  0]LogShaderCompilers: Cleaned the shader compiler working directory 'C:/Users/Aratim/AppData/Local/Temp/UnrealShaderWorkingDir/C752F13E4ACDA42EEEA78EB8ED346AC1/'.
[2017.04.07-22.55.44:871][  0]LogShaderCompilers:Display: Using Local Shader Compiler.
[2017.04.07-22.55.47:241][  0]LogTemp:Display: Loaded TP AllDesktopTargetPlatform
[2017.04.07-22.55.47:289][  0]LogTemp:Display: Loaded TP MacClientTargetPlatform
[2017.04.07-22.55.47:336][  0]LogTemp:Display: Loaded TP MacNoEditorTargetPlatform
[2017.04.07-22.55.47:384][  0]LogTemp:Display: Loaded TP MacServerTargetPlatform
[2017.04.07-22.55.47:436][  0]LogTemp:Display: Loaded TP MacTargetPlatform
[2017.04.07-22.55.47:483][  0]LogTemp:Display: Loaded TP WindowsClientTargetPlatform
[2017.04.07-22.55.47:530][  0]LogTemp:Display: Loaded TP WindowsNoEditorTargetPlatform
[2017.04.07-22.55.47:577][  0]LogTemp:Display: Loaded TP WindowsServerTargetPlatform
[2017.04.07-22.55.47:616][  0]LogTemp:Display: Loaded TP WindowsTargetPlatform
[2017.04.07-22.55.47:666][  0]LogTemp:Display: Loaded TP AndroidTargetPlatform
[2017.04.07-22.55.47:712][  0]LogTemp:Display: Loaded TP Android_ASTCTargetPlatform
[2017.04.07-22.55.47:757][  0]LogTemp:Display: Loaded TP Android_ATCTargetPlatform
[2017.04.07-22.55.47:803][  0]LogTemp:Display: Loaded TP Android_DXTTargetPlatform
[2017.04.07-22.55.47:849][  0]LogTemp:Display: Loaded TP Android_ETC1TargetPlatform
[2017.04.07-22.55.47:895][  0]LogTemp:Display: Loaded TP Android_ETC2TargetPlatform
[2017.04.07-22.55.47:992][  0]LogTemp:Display: Loaded TP Android_MultiTargetPlatform
[2017.04.07-22.55.47:992][  0]LogTemp:Display: Loaded TP Android_PVRTCTargetPlatform
[2017.04.07-22.55.48:024][  0]LogTemp:Display: Loaded TP HTML5TargetPlatform
[2017.04.07-22.55.48:132][  0]LogTemp:Display: Loaded TP IOSTargetPlatform
[2017.04.07-22.55.48:162][  0]LogTemp:Display: Loaded TP TVOSTargetPlatform
[2017.04.07-22.55.48:209][  0]LogTemp:Display: Loaded TP LinuxClientTargetPlatform
[2017.04.07-22.55.48:255][  0]LogTemp:Display: Loaded TP LinuxNoEditorTargetPlatform
[2017.04.07-22.55.48:301][  0]LogTemp:Display: Loaded TP LinuxServerTargetPlatform
[2017.04.07-22.55.48:351][  0]LogTemp:Display: Loaded TP LinuxTargetPlatform
[2017.04.07-22.55.48:351][  0]LogTargetPlatformManager:Display: Building Assets For Windows
[2017.04.07-22.55.48:983][  0]LogDerivedDataCache:Display: Max Cache Size: 512 MB
[2017.04.07-22.55.49:251][  0]LogDerivedDataCache: Loaded boot cache 0.27s 50MB C:/Users/Aratim/AppData/Local/UnrealEngine/4.15/DerivedDataCache/Boot.ddc.
[2017.04.07-22.55.49:251][  0]LogDerivedDataCache:Display: Loaded Boot cache: C:/Users/Aratim/AppData/Local/UnrealEngine/4.15/DerivedDataCache/Boot.ddc
[2017.04.07-22.55.49:251][  0]LogDerivedDataCache: FDerivedDataBackendGraph:  Pak pak cache file X:/Aratim/Documents/GitHub/ProjetInfoSolo/IsekaiLife 4.15/DerivedDataCache/DDC.ddp not found, will not use a pak cache.
[2017.04.07-22.55.49:251][  0]LogDerivedDataCache: Unable to find inner node Pak for hierarchical cache Hierarchy.
[2017.04.07-22.55.49:251][  0]LogDerivedDataCache: FDerivedDataBackendGraph:  CompressedPak pak cache file X:/Aratim/Documents/GitHub/ProjetInfoSolo/IsekaiLife 4.15/DerivedDataCache/Compressed.ddp not found, will not use a pak cache.
[2017.04.07-22.55.49:251][  0]LogDerivedDataCache: Unable to find inner node CompressedPak for hierarchical cache Hierarchy.
[2017.04.07-22.55.49:296][  0]LogDerivedDataCache:Display: Pak cache opened for reading ../../../Engine/DerivedDataCache/Compressed.ddp.
[2017.04.07-22.55.49:309][  0]LogDerivedDataCache: Using Local data cache path C:/Users/Aratim/AppData/Local/UnrealEngine/Common/DerivedDataCache: Writable
[2017.04.07-22.55.49:334][  0]LogSlate: Using Freetype 2.6.0
[2017.04.07-22.55.49:356][  0]LogSlate: SlateFontCache - WITH_FREETYPE: 1, WITH_HARFBUZZ: 1
[2017.04.07-22.55.49:356][  0]LogSlate: SlateFontCache - WITH_FREETYPE: 1, WITH_HARFBUZZ: 1
[2017.04.07-22.55.52:790][  0]LogInit: Selected Device Profile: [Windows]
[2017.04.07-22.55.52:802][  0]LogContentStreaming: Texture pool size is 0.00 MB
[2017.04.07-22.55.53:086][  0]LogMeshUtilities: Using QuadricMeshReduction for automatic static mesh reduction
[2017.04.07-22.55.53:122][  0]LogSimplygon: Simplygon DLL not present - disabling.
[2017.04.07-22.55.53:163][  0]LogMeshUtilities: Using SimplygonSwarm for distributed automatic mesh merging
[2017.04.07-22.55.53:163][  0]LogMeshUtilities: No automatic skeletal mesh reduction module available
[2017.04.07-22.55.53:163][  0]LogMeshUtilities: No automatic mesh merging module available
[2017.04.07-22.55.54:507][  0]LogNetVersion: GetLocalNetworkVersion: CL: 3299760, ProjectName: isekailife, ProjectVersion: , EngineNetworkVersion: 2, GameNetworkVersion: 0, NetworkChecksum: 721096836
[2017.04.07-22.55.54:562][  0]LogAssetRegistry: FAssetRegistry took 0.0244 seconds to start up
[2017.04.07-22.55.54:599][  0]LogPackageLocalizationCache: Processed 3 localized package path(s) for 1 prioritized culture(s) in 0.014324 seconds
[2017.04.07-22.55.54:605][  0]LogUObjectArray: 32493 objects as part of root set at end of initial load.
[2017.04.07-22.55.54:605][  0]LogUObjectAllocator: 7077024 out of 0 bytes used by permanent object pool.
[2017.04.07-22.55.54:605][  0]LogUObjectArray: CloseDisregardForGC: 0/0 objects in disregard for GC pool
[2017.04.07-22.55.54:663][  0]LogInit: WinSock: version 1.1 (2.2), MaxSocks=32767, MaxUdp=65467
[2017.04.07-22.55.57:538][  0]LogTcpMessaging: Initializing TcpMessaging bridge
[2017.04.07-22.55.57:576][  0]LogUdpMessaging: Initializing bridge on interface 0.0.0.0:0 to multicast group 230.0.0.1:6666.
[2017.04.07-22.55.58:204][  0]LogMaterial: Uniform references updated for custom material expression Custom.
[2017.04.07-22.55.58:640][  0]SourceControl: Info Source control is disabled
[2017.04.07-22.55.58:642][  0]SourceControl: Info Source control is disabled
[2017.04.07-22.55.58:688][  0]SourceControl: Info Source control is disabled
[2017.04.07-22.55.58:730][  0]SourceControl: Info Source control is disabled
[2017.04.07-22.55.59:909][  0]LogEngine: Initializing Engine...
[2017.04.07-22.55.59:910][  0]LogHMD: Failed to initialize OpenVR with code 110
[2017.04.07-22.56.00:254][  0]LogAIModule: Creating AISystem for world Untitled
[2017.04.07-22.56.00:273][  0]LogInit: XAudio2 using 'Haut-parleurs (2- USB Audio Device)' : 2 channels at 44.1 kHz using 16 bits per sample (channel mask 0x3)
[2017.04.07-22.56.00:289][  0]LogInit: FAudioDevice initialized.
[2017.04.07-22.56.00:319][  0]LogDerivedDataCache: Saved boot cache 0.03s 50MB C:/Users/Aratim/AppData/Local/UnrealEngine/4.15/DerivedDataCache/Boot.ddc.
[2017.04.07-22.56.00:327][  0]LogInit: Texture streaming: Enabled
[2017.04.07-22.56.00:407][  0]LogEngineSessionManager: EngineSessionManager initialized
[2017.04.07-22.56.00:490][  0]LogInit: Transaction tracking system initialized
[2017.04.07-22.56.00:817][  0]BlueprintLog: New page: Editor Load
[2017.04.07-22.56.01:684][  0]LocalizationService: Info Localization service is disabled
[2017.04.07-22.56.02:315][  0]LogConsoleResponse:Display: 
[2017.04.07-22.56.02:681][  0]LogCook:Display: Max memory allowance for cook 16384mb min free memory 0mb
[2017.04.07-22.56.02:682][  0]LogCook:Display: Mobile HDR setting 1
[2017.04.07-22.56.03:249][  0]LogFileCache: Scanning file cache for directory 'X:/Aratim/Documents/GitHub/ProjetInfoSolo/IsekaiLife 4.15/Content/' took 0.03s
[2017.04.07-22.56.03:679][  0]SourceControl: Info Source control is disabled
[2017.04.07-22.56.03:682][  0]Cmd: MAP LOAD FILE="X:/Aratim/Documents/GitHub/ProjetInfoSolo/IsekaiLife 4.15/Content/ThirdPersonBP/Maps/ThirdPersonExampleMap.umap" TEMPLATE=0 SHOWPROGRESS=1 FEATURELEVEL=3
[2017.04.07-22.56.03:684][  0]LightingResults: New page: Lighting Build
[2017.04.07-22.56.03:746][  0]MapCheck: New page: Map Check
[2017.04.07-22.56.03:747][  0]LightingResults: New page: Lighting Build
[2017.04.07-22.56.04:799][  0]LogProperty:Error: UStructProperty::Serialize Loading: Property 'StructProperty /Game/InventorySystem/Widgets/DetailWidget.DetailWidget_C:ItemInfo'. Unknown structure.
[2017.04.07-22.56.04:799][  0]LogClass:Warning: Property ItemInfo of ItemInfo has a struct type mismatch (tag STRUCT_REINST_S_ItemInfo_0 != prop FallbackStruct) in package:  X:/Aratim/Documents/GitHub/ProjetInfoSolo/IsekaiLife 4.15/Content/InventorySystem/Widgets/DetailWidget.uasset. If that struct got renamed, add an entry to ActiveStructRedirects.
[2017.04.07-22.56.04:819][  0]LogClass:Warning: Property ItemInfo of ItemInfo has a struct type mismatch (tag FallbackStruct != prop S_ItemInfo) in package:  FObjectReader. If that struct got renamed, add an entry to ActiveStructRedirects.
[2017.04.07-22.56.04:825][  0]LogProperty:Error: UStructProperty::Serialize Loading: Property 'StructProperty /Game/InventorySystem/Widgets/DraggedItem.DraggedItem_C:ItemInfo'. Unknown structure.
[2017.04.07-22.56.04:825][  0]LogClass:Warning: Property ItemInfo of ItemInfo has a struct type mismatch (tag STRUCT_REINST_S_ItemInfo_0 != prop FallbackStruct) in package:  X:/Aratim/Documents/GitHub/ProjetInfoSolo/IsekaiLife 4.15/Content/InventorySystem/Widgets/DraggedItem.uasset. If that struct got renamed, add an entry to ActiveStructRedirects.
[2017.04.07-22.56.04:833][  0]LogClass:Warning: Property ItemInfo of ItemInfo has a struct type mismatch (tag FallbackStruct != prop S_ItemInfo) in package:  FObjectReader. If that struct got renamed, add an entry to ActiveStructRedirects.
[2017.04.07-22.56.05:062][  0]LogProperty:Error: UStructProperty::Serialize Loading: Property 'StructProperty /Game/InventorySystem/Widgets/CraftingMenu.CraftingMenu_C:CurrentItemInfo'. Unknown structure.
[2017.04.07-22.56.05:306][  0]LogProperty:Error: UStructProperty::Serialize Loading: Property 'StructProperty /Game/InventorySystem/Widgets/ThrowWidget.ThrowWidget_C:ExecuteUbergraph_ThrowWidget.CallFunc_GetItemInfoAtIndex_ItemInfo'. Unknown structure.
[2017.04.07-22.56.05:403][  0]LogClass:Warning: Property CurrentItemInfo of CurrentItemInfo has a struct type mismatch (tag STRUCT_REINST_S_ItemInfo_0 != prop FallbackStruct) in package:  X:/Aratim/Documents/GitHub/ProjetInfoSolo/IsekaiLife 4.15/Content/InventorySystem/Widgets/CraftingMenu.uasset. If that struct got renamed, add an entry to ActiveStructRedirects.
[2017.04.07-22.56.05:434][  0]LogClass:Warning: Property CurrentItemInfo of CurrentItemInfo has a struct type mismatch (tag FallbackStruct != prop S_ItemInfo) in package:  FObjectReader. If that struct got renamed, add an entry to ActiveStructRedirects.
[2017.04.07-22.56.08:580][  0]LogAIModule: Creating AISystem for world ThirdPersonExampleMap
[2017.04.07-22.56.08:636][  0]LogEditorServer: Finished looking for orphan Actors (0.000 secs)
[2017.04.07-22.56.08:638][  0]Cmd: MAP CHECKDEP NOCLEARLOG
[2017.04.07-22.56.08:685][  0]MapCheck: Info Map check complete: 0 Error(s), 0 Warning(s), took 46.661ms to complete.
[2017.04.07-22.56.08:685][  0]LogFileHelpers: Loading map 'ThirdPersonExampleMap' took 5.004
[2017.04.07-22.56.09:032][  0]LogCollectionManager: Loaded 0 collections in 0.001573 seconds
[2017.04.07-22.56.09:127][  0]LogFileCache: Scanning file cache for directory 'X:/Aratim/Documents/GitHub/ProjetInfoSolo/IsekaiLife 4.15/Saved/Collections/' took 0.01s
[2017.04.07-22.56.09:127][  0]LogFileCache: Scanning file cache for directory 'X:/Aratim/Documents/GitHub/ProjetInfoSolo/IsekaiLife 4.15/Content/Developers/Aratim/Collections/' took 0.01s
[2017.04.07-22.56.09:127][  0]LogFileCache: Scanning file cache for directory 'X:/Aratim/Documents/GitHub/ProjetInfoSolo/IsekaiLife 4.15/Content/Collections/' took 0.01s
[2017.04.07-22.56.09:127][  0]LogCollectionManager: Rebuilt the GUID cache for 0 collections in 0.000006 seconds
[2017.04.07-22.56.09:139][  0]LogContentBrowser: Native class hierarchy populated in 0.0087 seconds. Added 2245 classes and 453 folders.
[2017.04.07-22.56.09:147][  0]LogStats: UGameplayTagsManager::ConstructGameplayTagTree: Construct from data asset -  0.000 s
[2017.04.07-22.56.09:147][  0]LogStats: UGameplayTagsManager::ConstructGameplayTagTree: GameplayTagTreeChangedEvent.Broadcast -  0.000 s
[2017.04.07-22.56.09:204][  0]LogContentBrowser: Native class hierarchy updated for 'WidgetCarousel' in 0.0004 seconds. Added 0 classes and 0 folders.
[2017.04.07-22.56.09:500][  0]LogContentBrowser: Native class hierarchy updated for 'AddContentDialog' in 0.0005 seconds. Added 0 classes and 0 folders.
[2017.04.07-22.56.09:549][  0]LogContentBrowser: Native class hierarchy updated for 'SceneOutliner' in 0.0004 seconds. Added 1 classes and 2 folders.
[2017.04.07-22.56.09:661][  0]LogCrashTracker: Crashtracker disabled due to settings.
[2017.04.07-22.56.09:675][  0]LogUObjectGlobals:Warning: Failed to find object 'Class None.'
[2017.04.07-22.56.09:741][  0]LogContentBrowser: Native class hierarchy updated for 'HierarchicalLODOutliner' in 0.0005 seconds. Added 1 classes and 2 folders.
[2017.04.07-22.56.09:742][  0]LogLoad: (Engine Initialization) Total time: 62.55 seconds
[2017.04.07-22.56.09:742][  0]LogLoad: (Engine Initialization) Total Blueprint compile time: 1.35 seconds
[2017.04.07-22.56.09:742][  0]LogExternalProfiler: Found external profiler: VSPerf
[2017.04.07-22.56.09:742][  0]LogExternalProfiler: Using external profiler: VSPerf
[2017.04.07-22.56.10:083][  0]LogOcInput: OculusInput pre-init called
[2017.04.07-22.56.10:117][  0]LogContentStreaming: Texture pool size now 1000 MB
[2017.04.07-22.56.10:129][  0]LogSlate: Took 0.007171 seconds to synchronously load lazily loaded font '../../../Engine/Content/Slate/Fonts/Roboto-Regular.ttf' (155K)
[2017.04.07-22.56.10:138][  0]LogSlate: Took 0.005317 seconds to synchronously load lazily loaded font '../../../Engine/Content/Slate/Fonts/Roboto-Bold.ttf' (160K)
[2017.04.07-22.56.10:152][  0]LogSlate: Took 0.005889 seconds to synchronously load lazily loaded font '../../../Engine/Content/Editor/Slate/Fonts/FontAwesome.ttf' (139K)
[2017.04.07-22.56.10:372][  0]LogSlate: Took 0.005058 seconds to synchronously load lazily loaded font '../../../Engine/Content/Slate/Fonts/Roboto-Light.ttf' (159K)
[2017.04.07-22.56.10:402][  0]LogRenderer: Reallocating scene render targets to support 1208x576 NumSamples 1 (Frame:2).
[2017.04.07-22.56.11:198][  3]LogSlate: Took 0.000261 seconds to synchronously load lazily loaded font '../../../Engine/Content/Slate/Fonts/Roboto-Light.ttf' (159K)
[2017.04.07-22.56.11:511][  4]LogAssetRegistry: Asset discovery search completed in 16.9720 seconds
[2017.04.07-22.56.11:516][  4]LogCollectionManager: Rebuilt the object cache for 0 collections in 0.000010 seconds (found 0 objects)
[2017.04.07-22.56.11:516][  4]LogCollectionManager: Fixed up redirectors for 0 collections in 0.004372 seconds (updated 0 objects)
[2017.04.07-22.57.16:841][227]LogSlate: Took 0.000483 seconds to synchronously load lazily loaded font '../../../Engine/Content/Slate/Fonts/Roboto-Light.ttf' (159K)
[2017.04.07-22.57.16:883][227]LogFactory: FactoryCreateFile: Texture with ReimportTextureFactory (0 0 X:\Téléchargement\HotkeyTexture\HotkeyTexture\HotkeySlot.png)
[2017.04.07-22.57.16:890][227]LogTexture:Display: Building textures: HotkeySlot (AutoDXT, 64X64) - 99 MB total VRAM
[2017.04.07-22.57.18:988][362]LogContentBrowser: Native class hierarchy updated for 'TextureEditor' in 0.0005 seconds. Added 1 classes and 2 folders.
[2017.04.07-22.57.25:865][134]LogTexture:Display: Building textures: HotkeySlot (BGRA8, 64X64) - 104 MB total VRAM
[2017.04.07-22.57.45:446][383]Cmd: OBJ SAVEPACKAGE PACKAGE="/Game/InventorySystem/Textures/HotkeySlot" FILE="X:/Aratim/Documents/GitHub/ProjetInfoSolo/IsekaiLife 4.15/Content/InventorySystem/Textures/HotkeySlot.uasset" SILENT=true
[2017.04.07-22.57.45:454][383]LogSavePackage: Save=6.51ms
[2017.04.07-22.57.45:454][383]LogSavePackage: Moving 'X:/Aratim/Documents/GitHub/ProjetInfoSolo/IsekaiLife 4.15/Saved/HotkeySlotEB27E554408DF833EE5EF59D4239CBFD.tmp' to 'X:/Aratim/Documents/GitHub/ProjetInfoSolo/IsekaiLife 4.15/Content/InventorySystem/Textures/HotkeySlot.uasset'
[2017.04.07-22.57.45:458][383]LogSavePackage:Display: Finished SavePackage X:/Aratim/Documents/GitHub/ProjetInfoSolo/IsekaiLife 4.15/Content/InventorySystem/Textures/HotkeySlot.uasset
[2017.04.07-22.58.25:422][488]LogContentBrowser: Native class hierarchy updated for 'BlueprintGraph' in 0.0008 seconds. Added 112 classes and 0 folders.
[2017.04.07-22.58.26:152][488]LogSlate: Took 0.003570 seconds to synchronously load lazily loaded font '../../../Engine/Content/Editor/Slate/Fonts/Roboto-BoldCondensed.ttf' (158K)
[2017.04.07-23.03.03:926][434]BlueprintLog: New page: Compile HotkeySlot
[2017.04.07-23.03.04:742][493]Cmd: OBJ SAVEPACKAGE PACKAGE="/Game/InventorySystem/Widgets/HotkeySlot" FILE="X:/Aratim/Documents/GitHub/ProjetInfoSolo/IsekaiLife 4.15/Content/InventorySystem/Widgets/HotkeySlot.uasset" SILENT=true
[2017.04.07-23.03.04:755][493]LogSavePackage: Save=11.36ms
[2017.04.07-23.03.04:755][493]LogSavePackage: Moving 'X:/Aratim/Documents/GitHub/ProjetInfoSolo/IsekaiLife 4.15/Saved/HotkeySlotBF551FBA4F7AECE124766480F52E0ABB.tmp' to 'X:/Aratim/Documents/GitHub/ProjetInfoSolo/IsekaiLife 4.15/Content/InventorySystem/Widgets/HotkeySlot.uasset'
[2017.04.07-23.03.04:757][493]LogSavePackage:Display: Finished SavePackage X:/Aratim/Documents/GitHub/ProjetInfoSolo/IsekaiLife 4.15/Content/InventorySystem/Widgets/HotkeySlot.uasset
[2017.04.07-23.03.26:089][904]LogSlate: Took 0.003653 seconds to synchronously load lazily loaded font '../../../Engine/Content/Editor/Slate/Fonts/Roboto-BoldCondensedItalic.ttf' (160K)
[2017.04.07-23.04.46:932][344]LogClass:Warning: Type mismatch in DraggedOver? of SKEL_HotkeySlot_C - Previous (StructProperty) Current(BoolProperty) for package:  FObjectReader
[2017.04.07-23.04.51:855][424]BlueprintLog: New page: Compile HotkeySlot
[2017.04.07-23.05.07:350][124]BlueprintLog: New page: Compile HotkeySlot
[2017.04.07-23.05.08:047][186]Cmd: OBJ SAVEPACKAGE PACKAGE="/Game/InventorySystem/Widgets/HotkeySlot" FILE="X:/Aratim/Documents/GitHub/ProjetInfoSolo/IsekaiLife 4.15/Content/InventorySystem/Widgets/HotkeySlot.uasset" SILENT=true
[2017.04.07-23.05.08:119][186]LogSavePackage: Save=24.01ms
[2017.04.07-23.05.08:119][186]LogSavePackage: Moving 'X:/Aratim/Documents/GitHub/ProjetInfoSolo/IsekaiLife 4.15/Saved/HotkeySlotEF266C14473F21AD4170338573006822.tmp' to 'X:/Aratim/Documents/GitHub/ProjetInfoSolo/IsekaiLife 4.15/Content/InventorySystem/Widgets/HotkeySlot.uasset'
[2017.04.07-23.05.08:121][186]LogSavePackage:Display: Finished SavePackage X:/Aratim/Documents/GitHub/ProjetInfoSolo/IsekaiLife 4.15/Content/InventorySystem/Widgets/HotkeySlot.uasset
[2017.04.07-23.06.25:324][201]BlueprintLog: New page: Compile HotkeySlot
[2017.04.07-23.06.25:807][243]Cmd: OBJ SAVEPACKAGE PACKAGE="/Game/InventorySystem/Widgets/HotkeySlot" FILE="X:/Aratim/Documents/GitHub/ProjetInfoSolo/IsekaiLife 4.15/Content/InventorySystem/Widgets/HotkeySlot.uasset" SILENT=true
[2017.04.07-23.06.25:820][243]LogSavePackage: Save=10.06ms
[2017.04.07-23.06.25:820][243]LogSavePackage: Moving 'X:/Aratim/Documents/GitHub/ProjetInfoSolo/IsekaiLife 4.15/Saved/HotkeySlotE58F6E444CE561FCADAB5C9EB7D4DE58.tmp' to 'X:/Aratim/Documents/GitHub/ProjetInfoSolo/IsekaiLife 4.15/Content/InventorySystem/Widgets/HotkeySlot.uasset'
[2017.04.07-23.06.25:821][243]LogSavePackage:Display: Finished SavePackage X:/Aratim/Documents/GitHub/ProjetInfoSolo/IsekaiLife 4.15/Content/InventorySystem/Widgets/HotkeySlot.uasset
[2017.04.07-23.06.39:714][134]LogSlate: Took 0.003670 seconds to synchronously load lazily loaded font '../../../Engine/Content/Editor/Slate/Fonts/Roboto-Italic.ttf' (157K)
[2017.04.07-23.09.37:604][ 97]LogFileHelpers: Editor autosave (incl. sublevels) for '/Game/ThirdPersonBP/Maps/ThirdPersonExampleMap' took 0.019
[2017.04.07-23.09.37:606][ 97]OBJ SavePackage: Generating thumbnails for [0] asset(s) in package [/Game/InventorySystem/Widgets/HotkeySlot] ([1] browsable assets)...
[2017.04.07-23.09.37:606][ 97]OBJ SavePackage: Finished generating thumbnails for package [/Game/InventorySystem/Widgets/HotkeySlot]
[2017.04.07-23.09.37:624][ 97]LogSavePackage: Save=14.89ms
[2017.04.07-23.09.37:624][ 97]LogSavePackage: Moving 'X:/Aratim/Documents/GitHub/ProjetInfoSolo/IsekaiLife 4.15/Saved/HotkeySlot_Auto1FC325694484680E973E923B30E5DFDF0.tmp' to 'X:/Aratim/Documents/GitHub/ProjetInfoSolo/IsekaiLife 4.15/Saved/Autosaves/Game/InventorySystem/Widgets/HotkeySlot_Auto1.uasset'
[2017.04.07-23.09.37:624][ 97]LogSavePackage:Display: Finished SavePackage X:/Aratim/Documents/GitHub/ProjetInfoSolo/IsekaiLife 4.15/Saved/Autosaves/Game/InventorySystem/Widgets/HotkeySlot_Auto1.uasset
[2017.04.07-23.09.37:624][ 97]LogFileHelpers: Auto-saving content packages took 0.019
[2017.04.07-23.12.18:352][152]BlueprintLog: New page: Compile HotkeySlot
[2017.04.07-23.12.18:879][198]Cmd: OBJ SAVEPACKAGE PACKAGE="/Game/InventorySystem/Widgets/HotkeySlot" FILE="X:/Aratim/Documents/GitHub/ProjetInfoSolo/IsekaiLife 4.15/Content/InventorySystem/Widgets/HotkeySlot.uasset" SILENT=true
[2017.04.07-23.12.19:166][198]LogSavePackage: Save=279.58ms
[2017.04.07-23.12.19:166][198]LogSavePackage: Moving 'X:/Aratim/Documents/GitHub/ProjetInfoSolo/IsekaiLife 4.15/Saved/HotkeySlot8898D28D4900B1F509CD31BA47F12FA3.tmp' to 'X:/Aratim/Documents/GitHub/ProjetInfoSolo/IsekaiLife 4.15/Content/InventorySystem/Widgets/HotkeySlot.uasset'
[2017.04.07-23.12.19:168][198]LogSavePackage:Display: Finished SavePackage X:/Aratim/Documents/GitHub/ProjetInfoSolo/IsekaiLife 4.15/Content/InventorySystem/Widgets/HotkeySlot.uasset
[2017.04.07-23.16.20:060][658]BlueprintLog: New page: Compile HotkeySlot
[2017.04.07-23.16.20:607][706]Cmd: OBJ SAVEPACKAGE PACKAGE="/Game/InventorySystem/Widgets/HotkeySlot" FILE="X:/Aratim/Documents/GitHub/ProjetInfoSolo/IsekaiLife 4.15/Content/InventorySystem/Widgets/HotkeySlot.uasset" SILENT=true
[2017.04.07-23.16.20:637][706]LogSavePackage: Save=26.86ms
[2017.04.07-23.16.20:637][706]LogSavePackage: Moving 'X:/Aratim/Documents/GitHub/ProjetInfoSolo/IsekaiLife 4.15/Saved/HotkeySlotB96F970D48F2A5DED83418813C35387A.tmp' to 'X:/Aratim/Documents/GitHub/ProjetInfoSolo/IsekaiLife 4.15/Content/InventorySystem/Widgets/HotkeySlot.uasset'
[2017.04.07-23.16.20:638][706]LogSavePackage:Display: Finished SavePackage X:/Aratim/Documents/GitHub/ProjetInfoSolo/IsekaiLife 4.15/Content/InventorySystem/Widgets/HotkeySlot.uasset
[2017.04.07-23.20.37:475][317]BlueprintLog: New page: Compile HotkeySlot
[2017.04.07-23.20.38:004][360]Cmd: OBJ SAVEPACKAGE PACKAGE="/Game/InventorySystem/Widgets/HotkeySlot" FILE="X:/Aratim/Documents/GitHub/ProjetInfoSolo/IsekaiLife 4.15/Content/InventorySystem/Widgets/HotkeySlot.uasset" SILENT=true
[2017.04.07-23.20.38:063][360]LogSavePackage: Save=37.43ms
[2017.04.07-23.20.38:063][360]LogSavePackage: Moving 'X:/Aratim/Documents/GitHub/ProjetInfoSolo/IsekaiLife 4.15/Saved/HotkeySlot0DFE6534437281B08238AF8683F412B3.tmp' to 'X:/Aratim/Documents/GitHub/ProjetInfoSolo/IsekaiLife 4.15/Content/InventorySystem/Widgets/HotkeySlot.uasset'
[2017.04.07-23.20.38:065][360]LogSavePackage:Display: Finished SavePackage X:/Aratim/Documents/GitHub/ProjetInfoSolo/IsekaiLife 4.15/Content/InventorySystem/Widgets/HotkeySlot.uasset
[2017.04.07-23.20.40:562][656]LogEditorViewport: Clicking on Actor (LMB): StaticMeshActor (Floor)
[2017.04.07-23.22.03:014][741]LogSlate: Took 0.021732 seconds to synchronously load lazily loaded font '../../../Engine/Content/Slate/Fonts/DroidSansFallback.ttf' (3848K)
[2017.04.07-23.24.20:070][666]LogFileHelpers: Editor autosave (incl. sublevels) for '/Game/ThirdPersonBP/Maps/ThirdPersonExampleMap' took 0.024
[2017.04.07-23.24.20:071][666]OBJ SavePackage: Generating thumbnails for [0] asset(s) in package [/Game/InventorySystem/Widgets/Hotkey] ([1] browsable assets)...
[2017.04.07-23.24.20:071][666]OBJ SavePackage: Finished generating thumbnails for package [/Game/InventorySystem/Widgets/Hotkey]
[2017.04.07-23.24.20:080][666]LogSavePackage: Save=8.40ms
[2017.04.07-23.24.20:081][666]LogSavePackage: Moving 'X:/Aratim/Documents/GitHub/ProjetInfoSolo/IsekaiLife 4.15/Saved/Hotkey_Auto29F0F8D6A416936B5304221BFDF45E418.tmp' to 'X:/Aratim/Documents/GitHub/ProjetInfoSolo/IsekaiLife 4.15/Saved/Autosaves/Game/InventorySystem/Widgets/Hotkey_Auto2.uasset'
[2017.04.07-23.24.20:082][666]LogSavePackage:Display: Finished SavePackage X:/Aratim/Documents/GitHub/ProjetInfoSolo/IsekaiLife 4.15/Saved/Autosaves/Game/InventorySystem/Widgets/Hotkey_Auto2.uasset
[2017.04.07-23.24.20:082][666]LogFileHelpers: Auto-saving content packages took 0.012
[2017.04.07-23.54.45:078][698]BlueprintLog: New page: Compile Hotkey
[2017.04.07-23.54.45:685][748]Cmd: OBJ SAVEPACKAGE PACKAGE="/Game/InventorySystem/Widgets/Hotkey" FILE="X:/Aratim/Documents/GitHub/ProjetInfoSolo/IsekaiLife 4.15/Content/InventorySystem/Widgets/Hotkey.uasset" SILENT=true
[2017.04.07-23.54.45:696][748]LogSavePackage: Save=8.83ms
[2017.04.07-23.54.45:696][748]LogSavePackage: Moving 'X:/Aratim/Documents/GitHub/ProjetInfoSolo/IsekaiLife 4.15/Saved/HotkeyBB94F4B245D4BE243AAC44A958A31678.tmp' to 'X:/Aratim/Documents/GitHub/ProjetInfoSolo/IsekaiLife 4.15/Content/InventorySystem/Widgets/Hotkey.uasset'
[2017.04.07-23.54.45:697][748]LogSavePackage:Display: Finished SavePackage X:/Aratim/Documents/GitHub/ProjetInfoSolo/IsekaiLife 4.15/Content/InventorySystem/Widgets/Hotkey.uasset
[2017.04.07-23.55.22:327][676]LogClass:Warning: Type mismatch in Inventory of SKEL_Hotkey_C - Previous (StructProperty) Current(ObjectProperty) for package:  FObjectReader
[2017.04.07-23.57.48:691][589]LogFileHelpers: Editor autosave (incl. sublevels) for '/Game/ThirdPersonBP/Maps/ThirdPersonExampleMap' took 0.018
[2017.04.07-23.57.48:692][589]OBJ SavePackage: Generating thumbnails for [0] asset(s) in package [/Game/InventorySystem/Widgets/Hotkey] ([1] browsable assets)...
[2017.04.07-23.57.48:692][589]OBJ SavePackage: Finished generating thumbnails for package [/Game/InventorySystem/Widgets/Hotkey]
[2017.04.07-23.57.48:712][589]LogSavePackage: Save=12.79ms
[2017.04.07-23.57.48:712][589]LogSavePackage: Moving 'X:/Aratim/Documents/GitHub/ProjetInfoSolo/IsekaiLife 4.15/Saved/Hotkey_Auto31744DB4E4AE693E67E3E8F9D101221AD.tmp' to 'X:/Aratim/Documents/GitHub/ProjetInfoSolo/IsekaiLife 4.15/Saved/Autosaves/Game/InventorySystem/Widgets/Hotkey_Auto3.uasset'
[2017.04.07-23.57.48:712][589]LogSavePackage:Display: Finished SavePackage X:/Aratim/Documents/GitHub/ProjetInfoSolo/IsekaiLife 4.15/Saved/Autosaves/Game/InventorySystem/Widgets/Hotkey_Auto3.uasset
[2017.04.07-23.57.48:713][589]LogFileHelpers: Auto-saving content packages took 0.021
[2017.04.07-23.57.50:356][785]BlueprintLog: New page: Compile Hotkey
[2017.04.07-23.57.50:927][838]Cmd: OBJ SAVEPACKAGE PACKAGE="/Game/InventorySystem/Widgets/Hotkey" FILE="X:/Aratim/Documents/GitHub/ProjetInfoSolo/IsekaiLife 4.15/Content/InventorySystem/Widgets/Hotkey.uasset" SILENT=true
[2017.04.07-23.57.50:944][838]LogSavePackage: Save=13.37ms
[2017.04.07-23.57.50:944][838]LogSavePackage: Moving 'X:/Aratim/Documents/GitHub/ProjetInfoSolo/IsekaiLife 4.15/Saved/Hotkey6E6AE5CD4CD96746802D16BEAEBA1152.tmp' to 'X:/Aratim/Documents/GitHub/ProjetInfoSolo/IsekaiLife 4.15/Content/InventorySystem/Widgets/Hotkey.uasset'
[2017.04.07-23.57.50:945][838]LogSavePackage:Display: Finished SavePackage X:/Aratim/Documents/GitHub/ProjetInfoSolo/IsekaiLife 4.15/Content/InventorySystem/Widgets/Hotkey.uasset
[2017.04.07-23.59.16:362][778]LogEditorTransaction: Undo Edit Bottom
[2017.04.08-00.02.12:052][112]LogClass:Warning: Type mismatch in Hotkeys of SKEL_MainWidget_C - Previous (StructProperty) Current(ArrayProperty) for package:  FObjectReader
[2017.04.08-00.02.47:164][348]BlueprintLog: New page: Compile MainWidget
[2017.04.08-00.02.48:180][386]Cmd: OBJ SAVEPACKAGE PACKAGE="/Game/InventorySystem/Widgets/MainWidget" FILE="X:/Aratim/Documents/GitHub/ProjetInfoSolo/IsekaiLife 4.15/Content/InventorySystem/Widgets/MainWidget.uasset" SILENT=true
[2017.04.08-00.02.48:238][386]LogSavePackage: Save=50.77ms
[2017.04.08-00.02.48:238][386]LogSavePackage: Moving 'X:/Aratim/Documents/GitHub/ProjetInfoSolo/IsekaiLife 4.15/Saved/MainWidget2B315F2B4A8BA6DDBFF916AEEAA7FFC8.tmp' to 'X:/Aratim/Documents/GitHub/ProjetInfoSolo/IsekaiLife 4.15/Content/InventorySystem/Widgets/MainWidget.uasset'
[2017.04.08-00.02.48:239][386]LogSavePackage:Display: Finished SavePackage X:/Aratim/Documents/GitHub/ProjetInfoSolo/IsekaiLife 4.15/Content/InventorySystem/Widgets/MainWidget.uasset
[2017.04.08-00.06.52:079][ 84]BlueprintLog: New page: Compile MainWidget
[2017.04.08-00.06.53:227][149]Cmd: OBJ SAVEPACKAGE PACKAGE="/Game/InventorySystem/Widgets/MainWidget" FILE="X:/Aratim/Documents/GitHub/ProjetInfoSolo/IsekaiLife 4.15/Content/InventorySystem/Widgets/MainWidget.uasset" SILENT=true
[2017.04.08-00.06.53:287][149]LogSavePackage: Save=57.23ms
[2017.04.08-00.06.53:287][149]LogSavePackage: Moving 'X:/Aratim/Documents/GitHub/ProjetInfoSolo/IsekaiLife 4.15/Saved/MainWidgetA5A206294C98C8B568CEB8B7DCE57F56.tmp' to 'X:/Aratim/Documents/GitHub/ProjetInfoSolo/IsekaiLife 4.15/Content/InventorySystem/Widgets/MainWidget.uasset'
[2017.04.08-00.06.53:289][149]LogSavePackage:Display: Finished SavePackage X:/Aratim/Documents/GitHub/ProjetInfoSolo/IsekaiLife 4.15/Content/InventorySystem/Widgets/MainWidget.uasset
[2017.04.08-00.08.54:759][930]LogFileHelpers: Editor autosave (incl. sublevels) for '/Game/ThirdPersonBP/Maps/ThirdPersonExampleMap' took 0.040
[2017.04.08-00.08.54:762][930]OBJ SavePackage: Generating thumbnails for [0] asset(s) in package [/Game/InventorySystem/Blueprints/BP_Inventory] ([1] browsable assets)...
[2017.04.08-00.08.54:762][930]OBJ SavePackage: Finished generating thumbnails for package [/Game/InventorySystem/Blueprints/BP_Inventory]
[2017.04.08-00.08.55:436][930]LogSavePackage: Save=411.12ms
[2017.04.08-00.08.55:436][930]LogSavePackage: Moving 'X:/Aratim/Documents/GitHub/ProjetInfoSolo/IsekaiLife 4.15/Saved/BP_Inventory_Auto4D63D09B94ADA8FAEA031E78D8C70178D.tmp' to 'X:/Aratim/Documents/GitHub/ProjetInfoSolo/IsekaiLife 4.15/Saved/Autosaves/Game/InventorySystem/Blueprints/BP_Inventory_Auto4.uasset'
[2017.04.08-00.08.55:437][930]LogSavePackage:Display: Finished SavePackage X:/Aratim/Documents/GitHub/ProjetInfoSolo/IsekaiLife 4.15/Saved/Autosaves/Game/InventorySystem/Blueprints/BP_Inventory_Auto4.uasset
[2017.04.08-00.08.55:437][930]LogFileHelpers: Auto-saving content packages took 0.677
[2017.04.08-00.08.55:438][930]LogSlate: Took 0.000126 seconds to synchronously load lazily loaded font '../../../Engine/Content/Slate/Fonts/Roboto-Regular.ttf' (155K)
[2017.04.08-00.09.00:455][173]BlueprintLog: New page: Compile BP_Inventory
[2017.04.08-00.09.01:724][173]BlueprintEditorCompileResults: Info 'ReturnValue' is already a 'Inventory Save', you don't need  Cast To InventorySave .
[2017.04.08-00.09.03:183][331]BlueprintLog: New page: Compile BP_Inventory
[2017.04.08-00.09.03:658][331]BlueprintEditorCompileResults: Info 'ReturnValue' is already a 'Inventory Save', you don't need  Cast To InventorySave .
[2017.04.08-00.09.05:275][478]LogSavePackage: Save=343.81ms
[2017.04.08-00.09.05:275][478]LogSavePackage: Moving 'X:/Aratim/Documents/GitHub/ProjetInfoSolo/IsekaiLife 4.15/Saved/BP_InventoryFD1FFD3541A919B604F2038E574DB2B4.tmp' to 'X:/Aratim/Documents/GitHub/ProjetInfoSolo/IsekaiLife 4.15/Content/InventorySystem/Blueprints/BP_Inventory.uasset'
[2017.04.08-00.09.05:277][478]LogSavePackage:Display: Finished SavePackage X:/Aratim/Documents/GitHub/ProjetInfoSolo/IsekaiLife 4.15/Content/InventorySystem/Blueprints/BP_Inventory.uasset
[2017.04.08-00.09.10:141][693]Cmd: QUIT_EDITOR
[2017.04.08-00.09.14:682][693]LogWindowsTextInputMethodSystem:Display: IME system now deactivated.
[2017.04.08-00.09.15:222][693]LogExit: Preparing to exit.
[2017.04.08-00.09.18:419][693]LogExit: Editor shut down
[2017.04.08-00.09.18:421][693]LogExit: Transaction tracking system shut down
[2017.04.08-00.09.27:221][693]LogObj: Freed 0b from 0 cluster array pools.
[2017.04.08-00.09.27:222][693]LogExit: Object subsystem successfully closed.
[2017.04.08-00.09.27:246][693]LogD3D11RHI: Shutdown
[2017.04.08-00.09.27:246][693]LogD3D11RHI: CleanupD3DDevice
[2017.04.08-00.09.27:357][693]LogD3D11RHI: ~FD3D11DynamicRHI
[2017.04.08-00.09.27:376][693]LogModuleManager: Shutting down and abandoning module SequencerWidgets (506)
[2017.04.08-00.09.27:376][693]LogModuleManager: Shutting down and abandoning module BlueprintGraph (504)
[2017.04.08-00.09.27:376][693]LogModuleManager: Shutting down and abandoning module BlueprintProfiler (502)
[2017.04.08-00.09.27:377][693]LogModuleManager: Shutting down and abandoning module TextureEditor (500)
[2017.04.08-00.09.27:377][693]LogModuleManager: Shutting down and abandoning module HierarchicalLODOutliner (498)
[2017.04.08-00.09.27:377][693]LogModuleManager: Shutting down and abandoning module CrashTracker (496)
[2017.04.08-00.09.27:377][693]LogModuleManager: Shutting down and abandoning module SceneOutliner (494)
[2017.04.08-00.09.27:377][693]LogModuleManager: Shutting down and abandoning module AddContentDialog (492)
[2017.04.08-00.09.27:377][693]LogDirectoryWatcher: A directory notification for 'C:/Program Files/Epic Games/UE_4.15/FeaturePacks/' was aborted.
[2017.04.08-00.09.27:382][693]LogModuleManager: Shutting down and abandoning module WidgetCarousel (491)
[2017.04.08-00.09.27:382][693]LogModuleManager: Shutting down and abandoning module EditorWidgets (488)
[2017.04.08-00.09.27:382][693]LogModuleManager: Shutting down and abandoning module CollectionManager (486)
[2017.04.08-00.09.27:382][693]LogDirectoryWatcher: A directory notification for 'X:/Aratim/Documents/GitHub/ProjetInfoSolo/IsekaiLife 4.15/Content/Collections/' was aborted.
[2017.04.08-00.09.27:382][693]LogDirectoryWatcher: A directory notification for 'X:/Aratim/Documents/GitHub/ProjetInfoSolo/IsekaiLife 4.15/Content/Developers/Aratim/Collections/' was aborted.
[2017.04.08-00.09.27:382][693]LogDirectoryWatcher: A directory notification for 'X:/Aratim/Documents/GitHub/ProjetInfoSolo/IsekaiLife 4.15/Saved/Collections/' was aborted.
[2017.04.08-00.09.27:382][693]LogModuleManager: Shutting down and abandoning module StatsViewer (484)
[2017.04.08-00.09.27:382][693]LogModuleManager: Shutting down and abandoning module FoliageEdit (482)
[2017.04.08-00.09.27:382][693]LogModuleManager: Shutting down and abandoning module LandscapeEditor (480)
[2017.04.08-00.09.27:382][693]LogModuleManager: Shutting down and abandoning module SceneDepthPickerMode (478)
[2017.04.08-00.09.27:382][693]LogModuleManager: Shutting down and abandoning module ActorPickerMode (476)
[2017.04.08-00.09.27:382][693]LogModuleManager: Shutting down and abandoning module GeometryMode (474)
[2017.04.08-00.09.27:382][693]LogModuleManager: Shutting down and abandoning module TextureAlignMode (472)
[2017.04.08-00.09.27:382][693]LogModuleManager: Shutting down and abandoning module BspMode (470)
[2017.04.08-00.09.27:382][693]LogModuleManager: Shutting down and abandoning module HardwareSurvey (468)
[2017.04.08-00.09.27:382][693]LogModuleManager: Shutting down and abandoning module SequenceRecorderSections (466)
[2017.04.08-00.09.27:382][693]LogModuleManager: Shutting down and abandoning module AutomationWorker (464)
[2017.04.08-00.09.27:382][693]LogModuleManager: Shutting down and abandoning module MatineeToLevelSequence (462)
[2017.04.08-00.09.27:382][693]LogModuleManager: Shutting down and abandoning module LevelSequenceEditor (460)
[2017.04.08-00.09.27:382][693]LogModuleManager: Shutting down and abandoning module PlacementMode (459)
[2017.04.08-00.09.27:382][693]LogModuleManager: Shutting down and abandoning module WmfMediaFactory (456)
[2017.04.08-00.09.27:382][693]LogModuleManager: Shutting down and abandoning module WmfMediaEditor (454)
[2017.04.08-00.09.27:382][693]LogModuleManager: Shutting down and abandoning module MfMediaFactory (452)
[2017.04.08-00.09.27:382][693]LogModuleManager: Shutting down and abandoning module MfMediaEditor (450)
[2017.04.08-00.09.27:382][693]LogModuleManager: Shutting down and abandoning module AvfMediaFactory (448)
[2017.04.08-00.09.27:382][693]LogModuleManager: Shutting down and abandoning module AvfMediaEditor (446)
[2017.04.08-00.09.27:382][693]LogModuleManager: Shutting down and abandoning module AndroidMediaFactory (444)
[2017.04.08-00.09.27:382][693]LogModuleManager: Shutting down and abandoning module Media (443)
[2017.04.08-00.09.27:382][693]LogModuleManager: Shutting down and abandoning module AndroidMediaEditor (440)
[2017.04.08-00.09.27:382][693]LogModuleManager: Shutting down and abandoning module CharacterAI (438)
[2017.04.08-00.09.27:382][693]LogModuleManager: Shutting down and abandoning module AudioCapture (436)
[2017.04.08-00.09.27:382][693]LogModuleManager: Shutting down and abandoning module SequenceRecorder (435)
[2017.04.08-00.09.27:383][693]LogModuleManager: Shutting down and abandoning module SmartSnapping (432)
[2017.04.08-00.09.27:383][693]LogModuleManager: Shutting down and abandoning module SessionServices (430)
[2017.04.08-00.09.27:383][693]LogModuleManager: Shutting down and abandoning module ViewportSnapping (428)
[2017.04.08-00.09.27:383][693]LogModuleManager: Shutting down and abandoning module ViewportInteraction (426)
[2017.04.08-00.09.27:383][693]LogModuleManager: Shutting down and abandoning module LogVisualizer (424)
[2017.04.08-00.09.27:383][693]LogModuleManager: Shutting down and abandoning module IntroTutorials (422)
[2017.04.08-00.09.27:383][693]LogModuleManager: Shutting down and abandoning module GameProjectGeneration (421)
[2017.04.08-00.09.27:384][693]LogModuleManager: Shutting down and abandoning module EditorLiveStreaming (418)
[2017.04.08-00.09.27:384][693]LogModuleManager: Shutting down and abandoning module IOSPlatformEditor (416)
[2017.04.08-00.09.27:384][693]LogModuleManager: Shutting down and abandoning module HTML5PlatformEditor (414)
[2017.04.08-00.09.27:384][693]LogModuleManager: Shutting down and abandoning module AndroidPlatformEditor (412)
[2017.04.08-00.09.27:384][693]LogModuleManager: Shutting down and abandoning module AndroidDeviceDetection (411)
[2017.04.08-00.09.27:580][693]LogModuleManager: Shutting down and abandoning module IOSRuntimeSettings (408)
[2017.04.08-00.09.27:580][693]LogModuleManager: Shutting down and abandoning module AndroidRuntimeSettings (406)
[2017.04.08-00.09.27:580][693]LogModuleManager: Shutting down and abandoning module InputBindingEditor (404)
[2017.04.08-00.09.27:580][693]LogModuleManager: Shutting down and abandoning module NiagaraEditor (402)
[2017.04.08-00.09.27:582][693]LogModuleManager: Shutting down and abandoning module MergeActors (400)
[2017.04.08-00.09.27:583][693]LogModuleManager: Shutting down and abandoning module SizeMap (398)
[2017.04.08-00.09.27:583][693]LogModuleManager: Shutting down and abandoning module TreeMap (396)
[2017.04.08-00.09.27:583][693]LogModuleManager: Shutting down and abandoning module ReferenceViewer (394)
[2017.04.08-00.09.27:583][693]LogModuleManager: Shutting down and abandoning module LocalizationDashboard (392)
[2017.04.08-00.09.27:584][693]LogModuleManager: Shutting down and abandoning module LocalizationService (391)
[2017.04.08-00.09.27:584][693]LogModuleManager: Shutting down and abandoning module HardwareTargeting (388)
[2017.04.08-00.09.27:584][693]LogModuleManager: Shutting down and abandoning module DeviceProfileEditor (386)
[2017.04.08-00.09.27:585][693]LogModuleManager: Shutting down and abandoning module UndoHistory (384)
[2017.04.08-00.09.27:585][693]LogModuleManager: Shutting down and abandoning module UserFeedback (382)
[2017.04.08-00.09.27:585][693]LogModuleManager: Shutting down and abandoning module XmlParser (380)
[2017.04.08-00.09.27:585][693]LogModuleManager: Shutting down and abandoning module Blutility (378)
[2017.04.08-00.09.27:585][693]LogModuleManager: Shutting down and abandoning module ProjectSettingsViewer (376)
[2017.04.08-00.09.27:585][693]LogModuleManager: Shutting down and abandoning module ProjectTargetPlatformEditor (375)
[2017.04.08-00.09.27:586][693]LogModuleManager: Shutting down and abandoning module EditorSettingsViewer (372)
[2017.04.08-00.09.27:586][693]LogModuleManager: Shutting down and abandoning module SettingsEditor (370)
[2017.04.08-00.09.27:586][693]LogModuleManager: Shutting down and abandoning module ProjectLauncher (368)
[2017.04.08-00.09.27:587][693]LogModuleManager: Shutting down and abandoning module SessionFrontend (366)
[2017.04.08-00.09.27:589][693]LogModuleManager: Shutting down and abandoning module ProfilerClient (364)
[2017.04.08-00.09.27:590][693]LogModuleManager: Shutting down and abandoning module DeviceManager (362)
[2017.04.08-00.09.27:591][693]LogModuleManager: Shutting down and abandoning module TargetDeviceServices (361)
[2017.04.08-00.09.27:632][693]LogModuleManager: Shutting down and abandoning module AutomationController (358)
[2017.04.08-00.09.27:632][693]LogModuleManager: Shutting down and abandoning module AutomationWindow (356)
[2017.04.08-00.09.27:633][693]LogModuleManager: Shutting down and abandoning module Layers (354)
[2017.04.08-00.09.27:636][693]LogModuleManager: Shutting down and abandoning module ComponentVisualizers (352)
[2017.04.08-00.09.27:636][693]LogModuleManager: Shutting down and abandoning module DetailCustomizations (350)
[2017.04.08-00.09.27:636][693]LogModuleManager: Shutting down and abandoning module PackagesDialog (348)
[2017.04.08-00.09.27:636][693]LogModuleManager: Shutting down and abandoning module Persona (346)
[2017.04.08-00.09.27:637][693]LogModuleManager: Shutting down and abandoning module AnimGraph (345)
[2017.04.08-00.09.27:637][693]LogModuleManager: Shutting down and abandoning module Kismet (342)
[2017.04.08-00.09.27:678][693]LogModuleManager: Shutting down and abandoning module GraphEditor (340)
[2017.04.08-00.09.27:678][693]LogModuleManager: Shutting down and abandoning module ClassViewer (338)
[2017.04.08-00.09.27:680][693]LogModuleManager: Shutting down and abandoning module Toolbox (336)
[2017.04.08-00.09.27:680][693]LogModuleManager: Shutting down and abandoning module ModuleUI (334)
[2017.04.08-00.09.27:681][693]LogModuleManager: Shutting down and abandoning module MovieSceneTools (332)
[2017.04.08-00.09.27:681][693]LogModuleManager: Shutting down and abandoning module OutputLog (330)
[2017.04.08-00.09.27:681][693]LogModuleManager: Shutting down and abandoning module GammaUI (328)
[2017.04.08-00.09.27:682][693]LogModuleManager: Shutting down and abandoning module Documentation (326)
[2017.04.08-00.09.27:682][693]LogModuleManager: Shutting down and abandoning module Niagara (324)
[2017.04.08-00.09.27:682][693]LogModuleManager: Shutting down and abandoning module StreamingPauseRendering (322)
[2017.04.08-00.09.27:682][693]LogModuleManager: Shutting down and abandoning module AnalyticsET (320)
[2017.04.08-00.09.27:682][693]LogModuleManager: Shutting down and abandoning module PortalServices (318)
[2017.04.08-00.09.27:682][693]LogModuleManager: Shutting down and abandoning module PortalRpc (316)
[2017.04.08-00.09.27:682][693]LogModuleManager: Shutting down and abandoning module MessagingRpc (314)
[2017.04.08-00.09.27:682][693]LogModuleManager: Shutting down and abandoning module AIModule (312)
[2017.04.08-00.09.27:682][693]LogModuleManager: Shutting down and abandoning module GameplayDebugger (311)
[2017.04.08-00.09.27:682][693]LogModuleManager: Shutting down and abandoning module AITestSuite (309)
[2017.04.08-00.09.27:682][693]LogModuleManager: Shutting down and abandoning module ProfilerService (306)
[2017.04.08-00.09.27:749][693]LogModuleManager: Shutting down and abandoning module TaskGraph (304)
[2017.04.08-00.09.27:750][693]LogModuleManager: Shutting down and abandoning module SteamVRController (302)
[2017.04.08-00.09.27:750][693]LogModuleManager: Shutting down and abandoning module SteamVR (300)
[2017.04.08-00.09.27:750][693]LogModuleManager: Shutting down and abandoning module ProceduralMeshComponentEditor (298)
[2017.04.08-00.09.27:750][693]LogModuleManager: Shutting down and abandoning module ProceduralMeshComponent (296)
[2017.04.08-00.09.27:750][693]LogModuleManager: Shutting down and abandoning module OculusLibrary (294)
[2017.04.08-00.09.27:750][693]LogModuleManager: Shutting down and abandoning module OculusInput (292)
[2017.04.08-00.09.27:750][693]LogModuleManager: Shutting down and abandoning module MobilePatchingUtils (290)
[2017.04.08-00.09.27:750][693]LogModuleManager: Shutting down and abandoning module CustomMeshComponent (288)
[2017.04.08-00.09.27:750][693]LogModuleManager: Shutting down and abandoning module CableComponent (286)
[2017.04.08-00.09.27:750][693]LogModuleManager: Shutting down and abandoning module ArchVisCharacter (284)
[2017.04.08-00.09.27:750][693]LogModuleManager: Shutting down and abandoning module MediaPlayerEditor (280)
[2017.04.08-00.09.27:751][693]LogModuleManager: Shutting down and abandoning module HTML5Networking (278)
[2017.04.08-00.09.27:751][693]LogModuleManager: Shutting down and abandoning module AlembicImporter (276)
[2017.04.08-00.09.27:751][693]LogModuleManager: Shutting down and abandoning module AlembicLibrary (275)
[2017.04.08-00.09.27:751][693]LogModuleManager: Shutting down and abandoning module GeometryCache (274)
[2017.04.08-00.09.27:751][693]LogModuleManager: Shutting down and abandoning module GeometryCacheEd (273)
[2017.04.08-00.09.27:751][693]LogModuleManager: Shutting down and abandoning module SuperSearchEditor (268)
[2017.04.08-00.09.27:751][693]LogModuleManager: Shutting down and abandoning module SuperSearch (267)
[2017.04.08-00.09.27:751][693]LogModuleManager: Shutting down and abandoning module SpeedTreeImporter (264)
[2017.04.08-00.09.27:751][693]LogModuleManager: Shutting down and abandoning module PluginBrowser (262)
[2017.04.08-00.09.27:752][693]LogModuleManager: Shutting down and abandoning module MobileLauncherProfileWizard (260)
[2017.04.08-00.09.27:753][693]LogModuleManager: Shutting down and abandoning module EpicSurvey (258)
[2017.04.08-00.09.27:753][693]LogModuleManager: Shutting down and abandoning module VisualStudioSourceCodeAccess (256)
[2017.04.08-00.09.27:753][693]LogModuleManager: Shutting down and abandoning module DesktopPlatform (255)
[2017.04.08-00.09.27:753][693]LogModuleManager: Shutting down and abandoning module UObjectPlugin (252)
[2017.04.08-00.09.27:753][693]LogModuleManager: Shutting down and abandoning module SubversionSourceControl (250)
[2017.04.08-00.09.27:753][693]LogModuleManager: Shutting down and abandoning module PerforceSourceControl (248)
[2017.04.08-00.09.27:754][693]LogModuleManager: Shutting down and abandoning module GitSourceControl (246)
[2017.04.08-00.09.27:754][693]LogModuleManager: Shutting down and abandoning module SourceControl (245)
[2017.04.08-00.09.27:754][693]LogModuleManager: Shutting down and abandoning module LightPropagationVolumeEditor (242)
[2017.04.08-00.09.27:754][693]LogModuleManager: Shutting down and abandoning module PaperTiledImporter (240)
[2017.04.08-00.09.27:754][693]LogModuleManager: Shutting down and abandoning module PaperSpriteSheetImporter (238)
[2017.04.08-00.09.27:754][693]LogModuleManager: Shutting down and abandoning module Paper2DEditor (236)
[2017.04.08-00.09.27:755][693]LogModuleManager: Shutting down and abandoning module MeshPaint (235)
[2017.04.08-00.09.27:755][693]LogModuleManager: Shutting down and abandoning module LevelEditor (233)
[2017.04.08-00.09.27:758][693]LogModuleManager: Shutting down and abandoning module PixelInspectorModule (232)
[2017.04.08-00.09.27:758][693]LogModuleManager: Shutting down and abandoning module MainFrame (230)
[2017.04.08-00.09.27:759][693]LogModuleManager: Shutting down and abandoning module HotReload (229)
[2017.04.08-00.09.27:760][693]LogModuleManager: Shutting down and abandoning module ContentBrowser (225)
[2017.04.08-00.09.27:766][693]LogModuleManager: Shutting down and abandoning module PhysXVehiclesEditor (222)
[2017.04.08-00.09.27:766][693]LogModuleManager: Shutting down and abandoning module PhysXVehicles (220)
[2017.04.08-00.09.27:766][693]LogModuleManager: Shutting down and abandoning module LocationServicesBPLibrary (218)
[2017.04.08-00.09.27:766][693]LogModuleManager: Shutting down and abandoning module UdpMessaging (216)
[2017.04.08-00.09.27:867][693]LogModuleManager: Shutting down and abandoning module TcpMessaging (214)
[2017.04.08-00.09.27:968][693]LogModuleManager: Shutting down and abandoning module GameplayTagsEditor (212)
[2017.04.08-00.09.27:972][693]LogModuleManager: Shutting down and abandoning module FacialAnimationEditor (210)
[2017.04.08-00.09.27:973][693]LogModuleManager: Shutting down and abandoning module FacialAnimation (208)
[2017.04.08-00.09.27:973][693]LogModuleManager: Shutting down and abandoning module LightPropagationVolumeRuntime (206)
[2017.04.08-00.09.27:973][693]LogModuleManager: Shutting down and abandoning module Paper2D (204)
[2017.04.08-00.09.27:973][693]LogModuleManager: Shutting down and abandoning module WindowsMoviePlayer (202)
[2017.04.08-00.09.27:973][693]LogModuleManager: Shutting down and abandoning module WmfMedia (200)
[2017.04.08-00.09.27:974][693]LogModuleManager: Shutting down and abandoning module MfMedia (198)
[2017.04.08-00.09.27:974][693]LogModuleManager: Shutting down and abandoning module MediaAssets (196)
[2017.04.08-00.09.27:974][693]LogModuleManager: Shutting down and abandoning module GameLiveStreaming (194)
[2017.04.08-00.09.27:974][693]LogModuleManager: Shutting down and abandoning module VREditor (192)
[2017.04.08-00.09.27:974][693]LogModuleManager: Shutting down and abandoning module GameplayTasksEditor (190)
[2017.04.08-00.09.27:974][693]LogModuleManager: Shutting down and abandoning module BehaviorTreeEditor (188)
[2017.04.08-00.09.27:975][693]LogModuleManager: Shutting down and abandoning module FunctionalTesting (186)
[2017.04.08-00.09.27:976][693]LogModuleManager: Shutting down and abandoning module CollisionAnalyzer (184)
[2017.04.08-00.09.27:976][693]LogModuleManager: Shutting down and abandoning module UMG (182)
[2017.04.08-00.09.27:976][693]LogModuleManager: Shutting down and abandoning module UMGEditor (181)
[2017.04.08-00.09.27:976][693]LogModuleManager: Shutting down and abandoning module Sequencer (180)
[2017.04.08-00.09.27:976][693]LogModuleManager: Shutting down and abandoning module AssetTools (178)
[2017.04.08-00.09.27:977][693]LogModuleManager: Shutting down and abandoning module MessageLog (177)
[2017.04.08-00.09.27:977][693]LogModuleManager: Shutting down and abandoning module WorkspaceMenuStructure (176)
[2017.04.08-00.09.27:977][693]LogModuleManager: Shutting down and abandoning module SlateReflector (170)
[2017.04.08-00.09.27:979][693]LogModuleManager: Shutting down and abandoning module Slate (168)
[2017.04.08-00.09.27:979][693]LogModuleManager: Shutting down and abandoning module EditorStyle (166)
[2017.04.08-00.09.27:990][693]LogModuleManager: Shutting down and abandoning module SourceCodeAccess (164)
[2017.04.08-00.09.27:990][693]LogModuleManager: Shutting down and abandoning module HeadMountedDisplay (162)
[2017.04.08-00.09.27:990][693]LogModuleManager: Shutting down and abandoning module XAudio2 (160)
[2017.04.08-00.09.27:990][693]LogModuleManager: Shutting down and abandoning module Networking (158)
[2017.04.08-00.09.27:990][693]LogModuleManager: Shutting down and abandoning module Core (154)
[2017.04.08-00.09.27:990][693]LogModuleManager: Shutting down and abandoning module AssetRegistry (152)
[2017.04.08-00.09.28:286][693]LogDirectoryWatcher: A directory notification for '../../../Engine/Content/' was aborted.
[2017.04.08-00.09.28:286][693]LogDirectoryWatcher: A directory notification for 'X:/Aratim/Documents/GitHub/ProjetInfoSolo/IsekaiLife 4.15/Content/' was aborted.
[2017.04.08-00.09.28:286][693]LogDirectoryWatcher: A directory notification for '../../../Engine/Plugins/2D/Paper2D/Content/' was aborted.
[2017.04.08-00.09.28:287][693]LogModuleManager: Shutting down and abandoning module DirectoryWatcher (151)
[2017.04.08-00.09.28:290][693]LogModuleManager: Shutting down and abandoning module KismetCompiler (148)
[2017.04.08-00.09.28:290][693]LogModuleManager: Shutting down and abandoning module PhysXFormats (146)
[2017.04.08-00.09.28:290][693]LogModuleManager: Shutting down and abandoning module MeshUtilities (144)
[2017.04.08-00.09.28:290][693]LogModuleManager: Shutting down and abandoning module SimplygonSwarm (143)
[2017.04.08-00.09.28:290][693]LogModuleManager: Shutting down and abandoning module SimplygonMeshReduction (141)
[2017.04.08-00.09.28:290][693]LogModuleManager: Shutting down and abandoning module QuadricMeshReduction (139)
[2017.04.08-00.09.28:290][693]LogModuleManager: Shutting down and abandoning module PropertyEditor (137)
[2017.04.08-00.09.28:290][693]LogModuleManager: Shutting down and abandoning module DerivedDataCache (134)
[2017.04.08-00.09.28:351][693]LogDerivedDataCache: Shutdown
[2017.04.08-00.09.28:351][693]LogModuleManager: Shutting down and abandoning module TargetPlatform (132)
[2017.04.08-00.09.28:352][693]LogModuleManager: Shutting down and abandoning module VulkanShaderFormat (131)
[2017.04.08-00.09.28:352][693]LogModuleManager: Shutting down and abandoning module ShaderFormatOpenGL (129)
[2017.04.08-00.09.28:357][693]LogModuleManager: Shutting down and abandoning module ShaderFormatD3D (127)
[2017.04.08-00.09.28:357][693]LogModuleManager: Shutting down and abandoning module MetalShaderFormat (125)
[2017.04.08-00.09.28:359][693]LogModuleManager: Shutting down and abandoning module TextureFormatUncompressed (123)
[2017.04.08-00.09.28:359][693]LogModuleManager: Shutting down and abandoning module TextureFormatPVR (121)
[2017.04.08-00.09.28:359][693]LogModuleManager: Shutting down and abandoning module TextureFormatDXT (119)
[2017.04.08-00.09.28:359][693]LogModuleManager: Shutting down and abandoning module TextureFormatIntelISPCTexComp (117)
[2017.04.08-00.09.28:360][693]LogModuleManager: Shutting down and abandoning module TextureFormatASTC (115)
[2017.04.08-00.09.28:360][693]LogModuleManager: Shutting down and abandoning module ImageWrapper (114)
[2017.04.08-00.09.28:360][693]LogModuleManager: Shutting down and abandoning module TextureFormatAndroid (111)
[2017.04.08-00.09.28:360][693]LogModuleManager: Shutting down and abandoning module AudioFormatOpus (109)
[2017.04.08-00.09.28:360][693]LogModuleManager: Shutting down and abandoning module AudioFormatOgg (107)
[2017.04.08-00.09.28:360][693]LogModuleManager: Shutting down and abandoning module AudioFormatADPCM (105)
[2017.04.08-00.09.28:360][693]LogModuleManager: Shutting down and abandoning module LinuxTargetPlatform (103)
[2017.04.08-00.09.28:361][693]LogModuleManager: Shutting down and abandoning module LinuxServerTargetPlatform (101)
[2017.04.08-00.09.28:361][693]LogModuleManager: Shutting down and abandoning module LinuxNoEditorTargetPlatform (99)
[2017.04.08-00.09.28:361][693]LogModuleManager: Shutting down and abandoning module LinuxClientTargetPlatform (97)
[2017.04.08-00.09.28:361][693]LogModuleManager: Shutting down and abandoning module TVOSTargetPlatform (95)
[2017.04.08-00.09.28:361][693]LogModuleManager: Shutting down and abandoning module Messaging (93)
[2017.04.08-00.09.28:361][693]LogModuleManager: Shutting down and abandoning module IOSTargetPlatform (91)
[2017.04.08-00.09.28:361][693]LogModuleManager: Shutting down and abandoning module HTML5TargetPlatform (89)
[2017.04.08-00.09.28:361][693]LogModuleManager: Shutting down and abandoning module Android_PVRTCTargetPlatform (87)
[2017.04.08-00.09.28:361][693]LogModuleManager: Shutting down and abandoning module Android_MultiTargetPlatform (85)
[2017.04.08-00.09.28:361][693]LogModuleManager: Shutting down and abandoning module Android_ETC2TargetPlatform (83)
[2017.04.08-00.09.28:361][693]LogModuleManager: Shutting down and abandoning module Android_ETC1TargetPlatform (81)
[2017.04.08-00.09.28:361][693]LogModuleManager: Shutting down and abandoning module Android_DXTTargetPlatform (79)
[2017.04.08-00.09.28:362][693]LogModuleManager: Shutting down and abandoning module Android_ATCTargetPlatform (77)
[2017.04.08-00.09.28:362][693]LogModuleManager: Shutting down and abandoning module Android_ASTCTargetPlatform (75)
[2017.04.08-00.09.28:362][693]LogModuleManager: Shutting down and abandoning module AndroidTargetPlatform (73)
[2017.04.08-00.09.28:362][693]LogModuleManager: Shutting down and abandoning module WindowsTargetPlatform (71)
[2017.04.08-00.09.28:362][693]LogModuleManager: Shutting down and abandoning module WindowsServerTargetPlatform (69)
[2017.04.08-00.09.28:362][693]LogModuleManager: Shutting down and abandoning module WindowsNoEditorTargetPlatform (67)
[2017.04.08-00.09.28:362][693]LogModuleManager: Shutting down and abandoning module WindowsClientTargetPlatform (65)
[2017.04.08-00.09.28:362][693]LogModuleManager: Shutting down and abandoning module MacTargetPlatform (63)
[2017.04.08-00.09.28:362][693]LogModuleManager: Shutting down and abandoning module MacServerTargetPlatform (61)
[2017.04.08-00.09.28:363][693]LogModuleManager: Shutting down and abandoning module MacNoEditorTargetPlatform (59)
[2017.04.08-00.09.28:363][693]LogModuleManager: Shutting down and abandoning module MacClientTargetPlatform (57)
[2017.04.08-00.09.28:363][693]LogModuleManager: Shutting down and abandoning module AllDesktopTargetPlatform (55)
[2017.04.08-00.09.28:363][693]LogModuleManager: Shutting down and abandoning module InputCore (52)
[2017.04.08-00.09.28:363][693]LogModuleManager: Shutting down and abandoning module Settings (50)
[2017.04.08-00.09.28:363][693]LogModuleManager: Shutting down and abandoning module OculusRift (48)
[2017.04.08-00.09.28:363][693]LogModuleManager: Shutting down and abandoning module GearVR (46)
[2017.04.08-00.09.28:364][693]LogModuleManager: Shutting down and abandoning module ExampleDeviceProfileSelector (44)
[2017.04.08-00.09.28:364][693]LogModuleManager: Shutting down and abandoning module OnlineBlueprintSupport (42)
[2017.04.08-00.09.28:364][693]LogModuleManager: Shutting down and abandoning module OnlineSubsystem (38)
[2017.04.08-00.09.28:364][693]LogOnline:Display: Unloading online subsystem: NULL
[2017.04.08-00.09.28:365][693]LogModuleManager: Shutting down and abandoning module XMPP (37)
[2017.04.08-00.09.28:366][693]LogModuleManager: Shutting down and abandoning module HTTP (35)
[2017.04.08-00.09.28:366][693]LogHttp:Display: Http module shutting down, but needs to wait on 2 outstanding Http requests:
[2017.04.08-00.09.28:366][693]LogHttp:Display: 	verb=[POST] url=[https://datarouter.ol.epicgames.com/datarouter/api/v1/public/data?SessionID=%7B792DFA98-4E4F-97A9-2F76-86843AED5841%7D&AppID=UEEditor.Rocket.Release&AppVersion=4.15.1-3348071%2B%2B%2BUE4%2BRelease-4.15&UserID=8c302d144559193dacf57282e4537a6d%7C1d93bd08b07d44d8aee1421bc67e0dd5%7C2f678aea-a734-4285-a967-b3de143619f5&AppEnvironment=datacollector-binary&UploadType=eteventstream] status=Processing
[2017.04.08-00.09.28:366][693]LogHttp:Display: 	verb=[POST] url=[https://datarouter.ol.epicgames.com/datarouter/api/v1/public/data?SessionID=%7B792DFA98-4E4F-97A9-2F76-86843AED5841%7D&AppID=UEEditor.Rocket.Release&AppVersion=4.15.1-3348071%2B%2B%2BUE4%2BRelease-4.15&UserID=8c302d144559193dacf57282e4537a6d%7C1d93bd08b07d44d8aee1421bc67e0dd5%7C2f678aea-a734-4285-a967-b3de143619f5&AppEnvironment=datacollector-binary&UploadType=eteventstream] status=Processing
[2017.04.08-00.09.28:392][693]LogModuleManager: Shutting down and abandoning module SSL (34)
[2017.04.08-00.09.28:398][693]LogModuleManager: Shutting down and abandoning module AudioEditor (30)
[2017.04.08-00.09.28:399][693]LogModuleManager: Shutting down and abandoning module TextureCompressor (28)
[2017.04.08-00.09.28:399][693]LogModuleManager: Shutting down and abandoning module ShaderCore (26)
[2017.04.08-00.09.28:399][693]LogModuleManager: Shutting down and abandoning module Landscape (24)
[2017.04.08-00.09.28:399][693]LogModuleManager: Shutting down and abandoning module SlateRHIRenderer (22)
[2017.04.08-00.09.28:430][693]LogModuleManager: Shutting down and abandoning module OpenGLDrv (20)
[2017.04.08-00.09.28:431][693]LogModuleManager: Shutting down and abandoning module D3D11RHI (18)
[2017.04.08-00.09.28:431][693]LogModuleManager: Shutting down and abandoning module AnimGraphRuntime (16)
[2017.04.08-00.09.28:431][693]LogModuleManager: Shutting down and abandoning module Renderer (14)
[2017.04.08-00.09.28:431][693]LogModuleManager: Shutting down and abandoning module Engine (12)
[2017.04.08-00.09.28:431][693]LogModuleManager: Shutting down and abandoning module CoreUObject (10)
[2017.04.08-00.09.28:431][693]LogModuleManager: Shutting down and abandoning module NetworkFile (8)
[2017.04.08-00.09.28:431][693]LogModuleManager: Shutting down and abandoning module StreamingFile (6)
[2017.04.08-00.09.28:431][693]LogModuleManager: Shutting down and abandoning module SandboxFile (4)
[2017.04.08-00.09.28:431][693]LogModuleManager: Shutting down and abandoning module PakFile (2)
[2017.04.08-00.09.28:434][693]LogExit: Exiting.
[2017.04.08-00.09.28:461][693]Log file closed, 04/08/17 02:09:28
