Log file open, 03/25/17 21:53:29
LogInit:Display: Running engine for game: IsekaiLife
LogPlatformFile: Not using cached read wrapper
LogInit:Display: RandInit(466608105) SRandInit(466608105).
LogTaskGraph: Started task graph with 5 named threads and 8 total threads with 1 sets of task threads.
LogStats: Stats thread started at 0.166841
LogInit: Using libcurl 7.47.1
LogInit:  - built for x86_64-pc-win32
LogInit:  - supports SSL with OpenSSL/1.0.2g
LogInit:  - supports HTTP deflate (compression) using libz 1.2.8
LogInit:  - other features:
LogInit:      CURL_VERSION_SSL
LogInit:      CURL_VERSION_LIBZ
LogInit:      CURL_VERSION_IPV6
LogInit:      CURL_VERSION_ASYNCHDNS
LogInit:      CURL_VERSION_LARGEFILE
LogInit:      CURL_VERSION_IDN
LogInit:  CurlRequestOptions (configurable via config and command line):
LogInit:  - bVerifyPeer = false  - Libcurl will NOT verify peer certificate
LogInit:  - bUseHttpProxy = false  - Libcurl will NOT use HTTP proxy
LogInit:  - bDontReuseConnections = false  - Libcurl will reuse connections
LogInit:  - CertBundlePath = nullptr  - Libcurl will use whatever was configured at build time.
LogInit: Build: ++UE4+Release-4.15-CL-3348071
LogInit: Engine Version: 4.15.1-3348071+++UE4+Release-4.15
LogInit: Compatible Engine Version: 4.15.0-3299760+++UE4+Release-4.15
LogInit: Net CL: 3299760
LogDevObjectVersion: Number of dev versions registered: 14
LogDevObjectVersion:   Dev-Blueprints (B0D832E4-1F89-4F0D-ACCF-7EB736FD4AA2): 8
LogDevObjectVersion:   Dev-Build (E1C64328-A22C-4D53-A36C-8E866417BD8C): 0
LogDevObjectVersion:   Dev-Core (375EC13C-06E4-48FB-B500-84F0262A717E): 2
LogDevObjectVersion:   Dev-Editor (E4B068ED-F494-42E9-A231-DA0B2E46BB41): 14
LogDevObjectVersion:   Dev-Framework (CFFC743F-43B0-4480-9391-14DF171D2073): 22
LogDevObjectVersion:   Dev-Mobile (B02B49B5-BB20-44E9-A304-32B752E40360): 0
LogDevObjectVersion:   Dev-Networking (A4E4105C-59A1-49B5-A7C5-40C4547EDFEE): 0
LogDevObjectVersion:   Dev-Online (39C831C9-5AE6-47DC-9A44-9C173E1C8E7C): 0
LogDevObjectVersion:   Dev-Physics (78F01B33-EBEA-4F98-B9B4-84EACCB95AA2): 0
LogDevObjectVersion:   Dev-Platform (6631380F-2D4D-43E0-8009-CF276956A95A): 0
LogDevObjectVersion:   Dev-Rendering (12F88B9F-8875-4AFC-A67C-D90C383ABD29): 12
LogDevObjectVersion:   Dev-Sequencer (7B5AE74C-D270-4C10-A958-57980B212A5A): 3
LogDevObjectVersion:   Dev-VR (D7296918-1DD6-4BDD-9DE2-64A83CC13884): 0
LogDevObjectVersion:   Dev-LoadTimes (C2A15278-BFE7-4AFE-6C17-90FF531DF755): 1
LogInit: Compiled (64-bit): Mar 15 2017 16:52:47
LogInit: Compiled with Visual C++: 19.00.23026.00
LogInit: Build Configuration: Development
LogInit: Branch Name: ++UE4+Release-4.15
LogInit: Command line:  
LogInit: Base directory: C:/Program Files/Epic Games/UE_4.15/Engine/Binaries/Win64/
LogInit: Installed Engine Build: 1
LogInit: Presizing for max 8388607 objects, including 0 objects not considered by GC, pre-allocating 0 bytes for permanent pool.
LogInit: Object subsystem initialized
[2017.03.25-20.53.30:192][  0]LogInit: Selected Device Profile: [Windows]
[2017.03.25-20.53.30:192][  0]LogInit: Applying CVar settings loaded from the selected device profile: [Windows]
[2017.03.25-20.53.30:220][  0]LogInit: Computer: DESKTOP-IJKOIIJ
[2017.03.25-20.53.30:220][  0]LogInit: User: Aratim
[2017.03.25-20.53.30:220][  0]LogInit: CPU Page size=65536, Cores=4
[2017.03.25-20.53.30:220][  0]LogInit: High frequency timer resolution =3.417978 MHz
[2017.03.25-20.53.30:222][  0]LogMemory: Memory total: Physical=8.0GB (8GB approx)
[2017.03.25-20.53.30:222][  0]LogMemory: Platform Memory Stats for Windows
[2017.03.25-20.53.30:222][  0]LogMemory: Process Physical Memory: 263.38 MB used, 263.38 MB peak
[2017.03.25-20.53.30:222][  0]LogMemory: Process Virtual Memory: 262.45 MB used, 262.45 MB peak
[2017.03.25-20.53.30:222][  0]LogMemory: Physical Memory: 3335.99 MB used,  4804.86 MB free, 8140.85 MB total
[2017.03.25-20.53.30:222][  0]LogMemory: Virtual Memory: 644.41 MB used,  4804.86 MB free, 134217728.00 MB total
[2017.03.25-20.53.30:618][  0]LogTextLocalizationManager: No translations for ('fr-FR') exist, falling back to 'en' for localization and internationalization data.
[2017.03.25-20.53.32:918][  0]LogD3D11RHI: D3D11 adapters:
[2017.03.25-20.53.33:530][  0]LogD3D11RHI:    0. 'NVIDIA GeForce GTX 1060 6GB' (Feature Level 11_0)
[2017.03.25-20.53.33:530][  0]LogD3D11RHI:       6084/0/4070 MB DedicatedVideo/DedicatedSystem/SharedSystem, Outputs:1, VendorId:0x10de
[2017.03.25-20.53.33:532][  0]LogD3D11RHI:    1. 'Microsoft Basic Render Driver' (Feature Level 11_0)
[2017.03.25-20.53.33:532][  0]LogD3D11RHI:       0/0/4070 MB DedicatedVideo/DedicatedSystem/SharedSystem, Outputs:0, VendorId:0x1414
[2017.03.25-20.53.33:532][  0]LogD3D11RHI: Chosen D3D11 Adapter: 0
[2017.03.25-20.53.33:537][  0]LogD3D11RHI: Creating new Direct3DDevice
[2017.03.25-20.53.33:537][  0]LogD3D11RHI:     GPU DeviceId: 0x1c03 (for the marketing name, search the web for "GPU Device Id")
[2017.03.25-20.53.33:537][  0]LogWindows: EnumDisplayDevices:
[2017.03.25-20.53.33:537][  0]LogWindows:    0. 'NVIDIA GeForce GTX 1060 6GB' (P:1 D:1)
[2017.03.25-20.53.33:537][  0]LogWindows:    1. 'NVIDIA GeForce GTX 1060 6GB' (P:0 D:0)
[2017.03.25-20.53.33:537][  0]LogWindows:    2. 'NVIDIA GeForce GTX 1060 6GB' (P:0 D:0)
[2017.03.25-20.53.33:538][  0]LogWindows:    3. 'NVIDIA GeForce GTX 1060 6GB' (P:0 D:0)
[2017.03.25-20.53.33:538][  0]LogWindows: DebugString: FoundDriverCount:4 
[2017.03.25-20.53.33:538][  0]LogD3D11RHI:     Adapter Name: NVIDIA GeForce GTX 1060 6GB
[2017.03.25-20.53.33:538][  0]LogD3D11RHI:   Driver Version: 378.92 (internal:21.21.13.7892, unified:378.92)
[2017.03.25-20.53.33:538][  0]LogD3D11RHI:      Driver Date: 3-16-2017
[2017.03.25-20.53.33:538][  0]LogRHI: Texture pool is 1361 MB (70% of 1945 MB)
[2017.03.25-20.53.34:123][  0]LogD3D11RHI: Async texture creation enabled
[2017.03.25-20.53.34:533][  0]LogD3D11RHI: GPU Timing Frequency: 1000.000000 (Debug: 2 1)
[2017.03.25-20.53.34:593][  0]LogShaderCompilers: Guid format shader working directory is -11 characters bigger than the processId version (X:/Aratim/Documents/GitHub/ProjetInfoSolo/IsekaiLife 4.15/Intermediate/Shaders/WorkingDirectory/14284/).
[2017.03.25-20.53.34:594][  0]LogShaderCompilers: Cleaned the shader compiler working directory 'C:/Users/Aratim/AppData/Local/Temp/UnrealShaderWorkingDir/09DEA5954B4C4CF71DE9379F36B2605E/'.
[2017.03.25-20.53.34:594][  0]LogShaderCompilers:Display: Using Local Shader Compiler.
[2017.03.25-20.53.37:312][  0]LogTemp:Display: Loaded TP AllDesktopTargetPlatform
[2017.03.25-20.53.37:363][  0]LogTemp:Display: Loaded TP MacClientTargetPlatform
[2017.03.25-20.53.37:419][  0]LogTemp:Display: Loaded TP MacNoEditorTargetPlatform
[2017.03.25-20.53.37:473][  0]LogTemp:Display: Loaded TP MacServerTargetPlatform
[2017.03.25-20.53.37:532][  0]LogTemp:Display: Loaded TP MacTargetPlatform
[2017.03.25-20.53.37:588][  0]LogTemp:Display: Loaded TP WindowsClientTargetPlatform
[2017.03.25-20.53.37:647][  0]LogTemp:Display: Loaded TP WindowsNoEditorTargetPlatform
[2017.03.25-20.53.37:703][  0]LogTemp:Display: Loaded TP WindowsServerTargetPlatform
[2017.03.25-20.53.37:753][  0]LogTemp:Display: Loaded TP WindowsTargetPlatform
[2017.03.25-20.53.37:818][  0]LogTemp:Display: Loaded TP AndroidTargetPlatform
[2017.03.25-20.53.37:877][  0]LogTemp:Display: Loaded TP Android_ASTCTargetPlatform
[2017.03.25-20.53.37:933][  0]LogTemp:Display: Loaded TP Android_ATCTargetPlatform
[2017.03.25-20.53.37:997][  0]LogTemp:Display: Loaded TP Android_DXTTargetPlatform
[2017.03.25-20.53.38:065][  0]LogTemp:Display: Loaded TP Android_ETC1TargetPlatform
[2017.03.25-20.53.38:152][  0]LogTemp:Display: Loaded TP Android_ETC2TargetPlatform
[2017.03.25-20.53.38:288][  0]LogTemp:Display: Loaded TP Android_MultiTargetPlatform
[2017.03.25-20.53.38:288][  0]LogTemp:Display: Loaded TP Android_PVRTCTargetPlatform
[2017.03.25-20.53.38:350][  0]LogTemp:Display: Loaded TP HTML5TargetPlatform
[2017.03.25-20.53.38:481][  0]LogTemp:Display: Loaded TP IOSTargetPlatform
[2017.03.25-20.53.38:516][  0]LogTemp:Display: Loaded TP TVOSTargetPlatform
[2017.03.25-20.53.38:567][  0]LogTemp:Display: Loaded TP LinuxClientTargetPlatform
[2017.03.25-20.53.38:620][  0]LogTemp:Display: Loaded TP LinuxNoEditorTargetPlatform
[2017.03.25-20.53.38:684][  0]LogTemp:Display: Loaded TP LinuxServerTargetPlatform
[2017.03.25-20.53.38:748][  0]LogTemp:Display: Loaded TP LinuxTargetPlatform
[2017.03.25-20.53.38:748][  0]LogTargetPlatformManager:Display: Building Assets For Windows
[2017.03.25-20.53.39:473][  0]LogDerivedDataCache:Display: Max Cache Size: 512 MB
[2017.03.25-20.53.39:690][  0]LogDerivedDataCache: Loaded boot cache 0.22s 50MB C:/Users/Aratim/AppData/Local/UnrealEngine/4.15/DerivedDataCache/Boot.ddc.
[2017.03.25-20.53.39:690][  0]LogDerivedDataCache:Display: Loaded Boot cache: C:/Users/Aratim/AppData/Local/UnrealEngine/4.15/DerivedDataCache/Boot.ddc
[2017.03.25-20.53.39:690][  0]LogDerivedDataCache: FDerivedDataBackendGraph:  Pak pak cache file X:/Aratim/Documents/GitHub/ProjetInfoSolo/IsekaiLife 4.15/DerivedDataCache/DDC.ddp not found, will not use a pak cache.
[2017.03.25-20.53.39:690][  0]LogDerivedDataCache: Unable to find inner node Pak for hierarchical cache Hierarchy.
[2017.03.25-20.53.39:690][  0]LogDerivedDataCache: FDerivedDataBackendGraph:  CompressedPak pak cache file X:/Aratim/Documents/GitHub/ProjetInfoSolo/IsekaiLife 4.15/DerivedDataCache/Compressed.ddp not found, will not use a pak cache.
[2017.03.25-20.53.39:690][  0]LogDerivedDataCache: Unable to find inner node CompressedPak for hierarchical cache Hierarchy.
[2017.03.25-20.53.39:716][  0]LogDerivedDataCache:Display: Pak cache opened for reading ../../../Engine/DerivedDataCache/Compressed.ddp.
[2017.03.25-20.53.39:728][  0]LogDerivedDataCache: Using Local data cache path C:/Users/Aratim/AppData/Local/UnrealEngine/Common/DerivedDataCache: Writable
[2017.03.25-20.53.39:753][  0]LogSlate: Using Freetype 2.6.0
[2017.03.25-20.53.39:767][  0]LogSlate: SlateFontCache - WITH_FREETYPE: 1, WITH_HARFBUZZ: 1
[2017.03.25-20.53.39:767][  0]LogSlate: SlateFontCache - WITH_FREETYPE: 1, WITH_HARFBUZZ: 1
[2017.03.25-20.53.43:552][  0]LogInit: Selected Device Profile: [Windows]
[2017.03.25-20.53.43:563][  0]LogContentStreaming: Texture pool size is 0.00 MB
[2017.03.25-20.53.43:831][  0]LogMeshUtilities: Using QuadricMeshReduction for automatic static mesh reduction
[2017.03.25-20.53.43:872][  0]LogSimplygon: Simplygon DLL not present - disabling.
[2017.03.25-20.53.43:918][  0]LogMeshUtilities: Using SimplygonSwarm for distributed automatic mesh merging
[2017.03.25-20.53.43:918][  0]LogMeshUtilities: No automatic skeletal mesh reduction module available
[2017.03.25-20.53.43:918][  0]LogMeshUtilities: No automatic mesh merging module available
[2017.03.25-20.53.45:863][  0]LogNetVersion: GetLocalNetworkVersion: CL: 3299760, ProjectName: isekailife, ProjectVersion: , EngineNetworkVersion: 2, GameNetworkVersion: 0, NetworkChecksum: 721096836
[2017.03.25-20.53.45:919][  0]LogAssetRegistry: FAssetRegistry took 0.0239 seconds to start up
[2017.03.25-20.53.46:027][  0]LogPackageLocalizationCache: Processed 3 localized package path(s) for 1 prioritized culture(s) in 0.084886 seconds
[2017.03.25-20.53.46:034][  0]LogUObjectArray: 32493 objects as part of root set at end of initial load.
[2017.03.25-20.53.46:034][  0]LogUObjectAllocator: 7077024 out of 0 bytes used by permanent object pool.
[2017.03.25-20.53.46:034][  0]LogUObjectArray: CloseDisregardForGC: 0/0 objects in disregard for GC pool
[2017.03.25-20.53.46:098][  0]LogInit: WinSock: version 1.1 (2.2), MaxSocks=32767, MaxUdp=65467
[2017.03.25-20.53.49:066][  0]LogTcpMessaging: Initializing TcpMessaging bridge
[2017.03.25-20.53.49:108][  0]LogUdpMessaging: Initializing bridge on interface 0.0.0.0:0 to multicast group 230.0.0.1:6666.
[2017.03.25-20.53.49:674][  0]LogMaterial: Uniform references updated for custom material expression Custom.
[2017.03.25-20.53.51:678][  0]SourceControl: Info Source control is disabled
[2017.03.25-20.53.51:680][  0]SourceControl: Info Source control is disabled
[2017.03.25-20.53.51:731][  0]SourceControl: Info Source control is disabled
[2017.03.25-20.53.51:775][  0]SourceControl: Info Source control is disabled
[2017.03.25-20.53.53:244][  0]LogEngine: Initializing Engine...
[2017.03.25-20.53.53:246][  0]LogHMD: Failed to initialize OpenVR with code 110
[2017.03.25-20.53.53:624][  0]LogAIModule: Creating AISystem for world Untitled
[2017.03.25-20.53.53:640][  0]LogInit: XAudio2 using 'Haut-parleurs (2- USB Audio Device)' : 2 channels at 44.1 kHz using 16 bits per sample (channel mask 0x3)
[2017.03.25-20.53.53:650][  0]LogInit: FAudioDevice initialized.
[2017.03.25-20.53.53:682][  0]LogDerivedDataCache: Saved boot cache 0.03s 50MB C:/Users/Aratim/AppData/Local/UnrealEngine/4.15/DerivedDataCache/Boot.ddc.
[2017.03.25-20.53.53:689][  0]LogInit: Texture streaming: Enabled
[2017.03.25-20.53.53:777][  0]LogEngineSessionManager: EngineSessionManager initialized
[2017.03.25-20.53.53:865][  0]LogInit: Transaction tracking system initialized
[2017.03.25-20.53.54:227][  0]BlueprintLog: New page: Editor Load
[2017.03.25-20.53.55:188][  0]LocalizationService: Info Localization service is disabled
[2017.03.25-20.53.55:849][  0]LogConsoleResponse:Display: 
[2017.03.25-20.53.56:248][  0]LogCook:Display: Max memory allowance for cook 16384mb min free memory 0mb
[2017.03.25-20.53.56:248][  0]LogCook:Display: Mobile HDR setting 1
[2017.03.25-20.53.56:402][  0]LogFileCache: Scanning file cache for directory 'X:/Aratim/Documents/GitHub/ProjetInfoSolo/IsekaiLife 4.15/Content/' took 0.03s
[2017.03.25-20.53.57:356][  0]SourceControl: Info Source control is disabled
[2017.03.25-20.53.57:359][  0]Cmd: MAP LOAD FILE="X:/Aratim/Documents/GitHub/ProjetInfoSolo/IsekaiLife 4.15/Content/ThirdPersonBP/Maps/ThirdPersonExampleMap.umap" TEMPLATE=0 SHOWPROGRESS=1 FEATURELEVEL=3
[2017.03.25-20.53.57:360][  0]LightingResults: New page: Lighting Build
[2017.03.25-20.53.57:403][  0]MapCheck: New page: Map Check
[2017.03.25-20.53.57:403][  0]LightingResults: New page: Lighting Build
[2017.03.25-20.53.58:426][  0]LogProperty:Error: UStructProperty::Serialize Loading: Property 'StructProperty /Game/InventorySystem/Widgets/InventorySlot.InventorySlot_C:ExecuteUbergraph_InventorySlot.CallFunc_GetItemInfoAtIndex_ItemInfo'. Unknown structure.
[2017.03.25-20.53.58:426][  0]LogProperty:Error: UStructProperty::Serialize Loading: Property 'StructProperty /Game/InventorySystem/Widgets/InventorySlot.InventorySlot_C:ItemInfo'. Unknown structure.
[2017.03.25-20.53.58:439][  0]LogProperty:Error: UStructProperty::Serialize Loading: Property 'StructProperty /Game/InventorySystem/Widgets/DetailWidget.DetailWidget_C:ItemInfo'. Unknown structure.
[2017.03.25-20.53.58:439][  0]LogClass:Warning: Property ItemInfo of ItemInfo has a struct type mismatch (tag STRUCT_REINST_S_ItemInfo_0 != prop FallbackStruct) in package:  X:/Aratim/Documents/GitHub/ProjetInfoSolo/IsekaiLife 4.15/Content/InventorySystem/Widgets/DetailWidget.uasset. If that struct got renamed, add an entry to ActiveStructRedirects.
[2017.03.25-20.53.58:463][  0]LogClass:Warning: Property ItemInfo of ItemInfo has a struct type mismatch (tag FallbackStruct != prop S_ItemInfo) in package:  FObjectReader. If that struct got renamed, add an entry to ActiveStructRedirects.
[2017.03.25-20.53.58:465][  0]LogProperty:Error: UStructProperty::Serialize Loading: Property 'StructProperty /Game/InventorySystem/Widgets/DraggedItem.DraggedItem_C:ItemInfo'. Unknown structure.
[2017.03.25-20.53.58:466][  0]LogClass:Warning: Property ItemInfo of ItemInfo has a struct type mismatch (tag STRUCT_REINST_S_ItemInfo_0 != prop FallbackStruct) in package:  X:/Aratim/Documents/GitHub/ProjetInfoSolo/IsekaiLife 4.15/Content/InventorySystem/Widgets/DraggedItem.uasset. If that struct got renamed, add an entry to ActiveStructRedirects.
[2017.03.25-20.53.58:473][  0]LogClass:Warning: Property ItemInfo of ItemInfo has a struct type mismatch (tag FallbackStruct != prop S_ItemInfo) in package:  FObjectReader. If that struct got renamed, add an entry to ActiveStructRedirects.
[2017.03.25-20.53.58:504][  0]LogProperty:Error: UStructProperty::Serialize Loading: Property 'StructProperty /Game/InventorySystem/Widgets/ActionMenu.ActionMenu_C:Update.CallFunc_GetItemInfoAtIndex_ItemInfo'. Unknown structure.
[2017.03.25-20.53.58:505][  0]LogProperty:Error: UStructProperty::Serialize Loading: Property 'StructProperty /Game/InventorySystem/Widgets/ActionMenu.ActionMenu_C:ItemInfo'. Unknown structure.
[2017.03.25-20.53.58:590][  0]LogProperty:Error: UStructProperty::Serialize Loading: Property 'StructProperty /Game/InventorySystem/Widgets/CraftingMenu.CraftingMenu_C:CurrentItemInfo'. Unknown structure.
[2017.03.25-20.53.58:617][  0]LogProperty:Error: UStructProperty::Serialize Loading: Property 'StructProperty /Game/InventorySystem/Widgets/ThrowWidget.ThrowWidget_C:ExecuteUbergraph_ThrowWidget.CallFunc_GetItemInfoAtIndex_ItemInfo'. Unknown structure.
[2017.03.25-20.53.58:670][  0]LogClass:Warning: Property CurrentItemInfo of CurrentItemInfo has a struct type mismatch (tag STRUCT_REINST_S_ItemInfo_0 != prop FallbackStruct) in package:  X:/Aratim/Documents/GitHub/ProjetInfoSolo/IsekaiLife 4.15/Content/InventorySystem/Widgets/CraftingMenu.uasset. If that struct got renamed, add an entry to ActiveStructRedirects.
[2017.03.25-20.53.58:711][  0]LogClass:Warning: Property CurrentItemInfo of CurrentItemInfo has a struct type mismatch (tag FallbackStruct != prop S_ItemInfo) in package:  FObjectReader. If that struct got renamed, add an entry to ActiveStructRedirects.
[2017.03.25-20.53.58:725][  0]LogClass:Warning: Property ItemInfo of ItemInfo has a struct type mismatch (tag STRUCT_REINST_S_ItemInfo_0 != prop FallbackStruct) in package:  X:/Aratim/Documents/GitHub/ProjetInfoSolo/IsekaiLife 4.15/Content/InventorySystem/Widgets/ActionMenu.uasset. If that struct got renamed, add an entry to ActiveStructRedirects.
[2017.03.25-20.53.58:741][  0]LogClass:Warning: Property ItemInfo of ItemInfo has a struct type mismatch (tag FallbackStruct != prop S_ItemInfo) in package:  FObjectReader. If that struct got renamed, add an entry to ActiveStructRedirects.
[2017.03.25-20.53.58:787][  0]LogBlueprint:Error: [Compiler MainWidget] Error No input structure to break for  S Item Info
[2017.03.25-20.53.58:801][  0]LogBlueprint:Warning: [Compiler MainWidget] Warning [0032.72] Compile of MainWidget failed. 1 Fatal Issue(s) 0 Warning(s) [in 20 ms] (/Game/InventorySystem/Widgets/MainWidget.MainWidget)
[2017.03.25-20.53.58:801][  0]LogBlueprint:Warning: [Compiler MainWidget] Warning [0032.72] Compile of MainWidget failed. 1 Fatal Issue(s) 1 Warning(s) [in 0 ms] (/Game/InventorySystem/Widgets/MainWidget.MainWidget)
[2017.03.25-20.53.58:801][  0]LogBlueprint:Warning: [Compiler MainWidget] Warning [0032.72] Compile of MainWidget failed. 1 Fatal Issue(s) 2 Warning(s) [in 0 ms] (/Game/InventorySystem/Widgets/MainWidget.MainWidget)
[2017.03.25-20.53.58:899][  0]LogClass:Warning: Property ItemInfo of ItemInfo has a struct type mismatch (tag STRUCT_REINST_S_ItemInfo_0 != prop FallbackStruct) in package:  X:/Aratim/Documents/GitHub/ProjetInfoSolo/IsekaiLife 4.15/Content/InventorySystem/Widgets/InventorySlot.uasset. If that struct got renamed, add an entry to ActiveStructRedirects.
[2017.03.25-20.53.58:965][  0]LogClass:Warning: Property ItemInfo of ItemInfo has a struct type mismatch (tag FallbackStruct != prop S_ItemInfo) in package:  FObjectReader. If that struct got renamed, add an entry to ActiveStructRedirects.
[2017.03.25-20.53.59:672][  0]LogBlueprint:Error: [Compiler MainWidget] Error No input structure to break for  S Item Info
[2017.03.25-20.53.59:690][  0]LogBlueprint:Warning: [Compiler MainWidget] Warning [0033.61] Compile of MainWidget failed. 1 Fatal Issue(s) 0 Warning(s) [in 23 ms] (/Game/InventorySystem/Widgets/MainWidget.MainWidget)
[2017.03.25-20.53.59:690][  0]LogBlueprint:Warning: [Compiler MainWidget] Warning [0033.61] Compile of MainWidget failed. 1 Fatal Issue(s) 1 Warning(s) [in 0 ms] (/Game/InventorySystem/Widgets/MainWidget.MainWidget)
[2017.03.25-20.53.59:694][  0]LogBlueprint:Warning: [Compiler MainWidget] Warning [0033.61] Compile of MainWidget failed. 1 Fatal Issue(s) 2 Warning(s) [in 3 ms] (/Game/InventorySystem/Widgets/MainWidget.MainWidget)
[2017.03.25-20.54.02:369][  0]LogAIModule: Creating AISystem for world ThirdPersonExampleMap
[2017.03.25-20.54.02:425][  0]LogEditorServer: Finished looking for orphan Actors (0.000 secs)
[2017.03.25-20.54.02:427][  0]Cmd: MAP CHECKDEP NOCLEARLOG
[2017.03.25-20.54.02:474][  0]MapCheck: Info Map check complete: 0 Error(s), 0 Warning(s), took 47.526ms to complete.
[2017.03.25-20.54.02:474][  0]LogFileHelpers: Loading map 'ThirdPersonExampleMap' took 5.117
[2017.03.25-20.54.02:739][  0]LogCollectionManager: Loaded 0 collections in 0.001755 seconds
[2017.03.25-20.54.02:840][  0]LogFileCache: Scanning file cache for directory 'X:/Aratim/Documents/GitHub/ProjetInfoSolo/IsekaiLife 4.15/Saved/Collections/' took 0.01s
[2017.03.25-20.54.02:840][  0]LogFileCache: Scanning file cache for directory 'X:/Aratim/Documents/GitHub/ProjetInfoSolo/IsekaiLife 4.15/Content/Developers/Aratim/Collections/' took 0.01s
[2017.03.25-20.54.02:840][  0]LogFileCache: Scanning file cache for directory 'X:/Aratim/Documents/GitHub/ProjetInfoSolo/IsekaiLife 4.15/Content/Collections/' took 0.01s
[2017.03.25-20.54.02:840][  0]LogCollectionManager: Rebuilt the GUID cache for 0 collections in 0.000006 seconds
[2017.03.25-20.54.02:853][  0]LogContentBrowser: Native class hierarchy populated in 0.0090 seconds. Added 2245 classes and 453 folders.
[2017.03.25-20.54.02:860][  0]LogStats: UGameplayTagsManager::ConstructGameplayTagTree: Construct from data asset -  0.000 s
[2017.03.25-20.54.02:860][  0]LogStats: UGameplayTagsManager::ConstructGameplayTagTree: GameplayTagTreeChangedEvent.Broadcast -  0.000 s
[2017.03.25-20.54.02:925][  0]LogContentBrowser: Native class hierarchy updated for 'WidgetCarousel' in 0.0004 seconds. Added 0 classes and 0 folders.
[2017.03.25-20.54.03:246][  0]LogContentBrowser: Native class hierarchy updated for 'AddContentDialog' in 0.0006 seconds. Added 0 classes and 0 folders.
[2017.03.25-20.54.03:295][  0]LogContentBrowser: Native class hierarchy updated for 'SceneOutliner' in 0.0007 seconds. Added 1 classes and 2 folders.
[2017.03.25-20.54.03:392][  0]LogCrashTracker: Crashtracker disabled due to settings.
[2017.03.25-20.54.03:404][  0]LogUObjectGlobals:Warning: Failed to find object 'Class None.'
[2017.03.25-20.54.03:474][  0]LogContentBrowser: Native class hierarchy updated for 'HierarchicalLODOutliner' in 0.0006 seconds. Added 1 classes and 2 folders.
[2017.03.25-20.54.03:475][  0]LogLoad: (Engine Initialization) Total time: 37.39 seconds
[2017.03.25-20.54.03:475][  0]LogLoad: (Engine Initialization) Total Blueprint compile time: 1.43 seconds
[2017.03.25-20.54.03:475][  0]LogExternalProfiler: Found external profiler: VSPerf
[2017.03.25-20.54.03:475][  0]LogExternalProfiler: Using external profiler: VSPerf
[2017.03.25-20.54.03:816][  0]LogOcInput: OculusInput pre-init called
[2017.03.25-20.54.03:844][  0]LogContentStreaming: Texture pool size now 1000 MB
[2017.03.25-20.54.03:854][  0]LogSlate: Took 0.005863 seconds to synchronously load lazily loaded font '../../../Engine/Content/Slate/Fonts/Roboto-Regular.ttf' (155K)
[2017.03.25-20.54.03:866][  0]LogSlate: Took 0.006433 seconds to synchronously load lazily loaded font '../../../Engine/Content/Slate/Fonts/Roboto-Bold.ttf' (160K)
[2017.03.25-20.54.03:880][  0]LogSlate: Took 0.005608 seconds to synchronously load lazily loaded font '../../../Engine/Content/Editor/Slate/Fonts/FontAwesome.ttf' (139K)
[2017.03.25-20.54.04:117][  0]LogSlate: Took 0.007439 seconds to synchronously load lazily loaded font '../../../Engine/Content/Slate/Fonts/Roboto-Light.ttf' (159K)
[2017.03.25-20.54.04:155][  0]LogRenderer: Reallocating scene render targets to support 1208x576 NumSamples 1 (Frame:2).
[2017.03.25-20.54.04:918][  3]LogAssetRegistry: Asset discovery search completed in 19.0208 seconds
[2017.03.25-20.54.04:922][  3]LogCollectionManager: Rebuilt the object cache for 0 collections in 0.000010 seconds (found 0 objects)
[2017.03.25-20.54.04:922][  3]LogCollectionManager: Fixed up redirectors for 0 collections in 0.004340 seconds (updated 0 objects)
[2017.03.25-20.54.04:939][  3]LogSlate: Took 0.000177 seconds to synchronously load lazily loaded font '../../../Engine/Content/Slate/Fonts/Roboto-Light.ttf' (159K)
[2017.03.25-21.00.36:547][372]LogSlate: Took 0.000144 seconds to synchronously load lazily loaded font '../../../Engine/Content/Slate/Fonts/Roboto-Light.ttf' (159K)
[2017.03.25-21.00.37:013][372]LogContentBrowser: Native class hierarchy updated for 'BlueprintGraph' in 0.0009 seconds. Added 112 classes and 0 folders.
[2017.03.25-21.00.37:731][372]LogSlate: Took 0.003667 seconds to synchronously load lazily loaded font '../../../Engine/Content/Editor/Slate/Fonts/Roboto-BoldCondensed.ttf' (158K)
[2017.03.25-21.01.48:799][149]LogEditorViewport: Clicking on Actor (LMB): Merchant_C (Merchant)
[2017.03.25-21.01.51:231][335]LogSlate: Took 0.003822 seconds to synchronously load lazily loaded font '../../../Engine/Content/Editor/Slate/Fonts/Roboto-Italic.ttf' (157K)
[2017.03.25-21.01.53:527][590]LogTemp: Repeting last play command: Selected Viewport
[2017.03.25-21.01.53:546][590]LogBlueprintUserMessages: Early PlayInEditor Detection: Level '/Game/ThirdPersonBP/Maps/ThirdPersonExampleMap.ThirdPersonExampleMap:PersistentLevel' has LevelScriptBlueprint '/Game/ThirdPersonBP/Maps/ThirdPersonExampleMap.ThirdPersonExampleMap:PersistentLevel.ThirdPersonExampleMap' with GeneratedClass '/Game/ThirdPersonBP/Maps/ThirdPersonExampleMap.ThirdPersonExampleMap_C' with ClassGeneratedBy '/Game/ThirdPersonBP/Maps/ThirdPersonExampleMap.ThirdPersonExampleMap:PersistentLevel.ThirdPersonExampleMap'
[2017.03.25-21.01.53:547][590]LogPlayLevel: PlayLevel: No blueprints needed recompiling
[2017.03.25-21.02.01:605][958]BlueprintLog: New page: Compile ShopWidget
[2017.03.25-21.02.02:192][  5]Cmd: OBJ SAVEPACKAGE PACKAGE="/Game/InventorySystem/Widgets/ShopWidget" FILE="X:/Aratim/Documents/GitHub/ProjetInfoSolo/IsekaiLife 4.15/Content/InventorySystem/Widgets/ShopWidget.uasset" SILENT=true
[2017.03.25-21.02.02:201][  5]LogSavePackage: Save=7.04ms
[2017.03.25-21.02.02:201][  5]LogSavePackage: Moving 'X:/Aratim/Documents/GitHub/ProjetInfoSolo/IsekaiLife 4.15/Saved/ShopWidgetC4F764A9472EF4A067AE68A5EF9D2059.tmp' to 'X:/Aratim/Documents/GitHub/ProjetInfoSolo/IsekaiLife 4.15/Content/InventorySystem/Widgets/ShopWidget.uasset'
[2017.03.25-21.02.02:204][  5]LogSavePackage:Display: Finished SavePackage X:/Aratim/Documents/GitHub/ProjetInfoSolo/IsekaiLife 4.15/Content/InventorySystem/Widgets/ShopWidget.uasset
[2017.03.25-21.02.03:672][181]BlueprintLog: New page: Compile Merchant
[2017.03.25-21.02.04:062][192]Cmd: OBJ SAVEPACKAGE PACKAGE="/Game/InventorySystem/Blueprints/Merchant" FILE="X:/Aratim/Documents/GitHub/ProjetInfoSolo/IsekaiLife 4.15/Content/InventorySystem/Blueprints/Merchant.uasset" SILENT=true
[2017.03.25-21.02.04:238][192]LogSavePackage: Save=96.92ms
[2017.03.25-21.02.04:240][192]LogSavePackage: Moving 'X:/Aratim/Documents/GitHub/ProjetInfoSolo/IsekaiLife 4.15/Saved/Merchant4A2EB51A46BBBAFA0F4FDEA7F56B9AE6.tmp' to 'X:/Aratim/Documents/GitHub/ProjetInfoSolo/IsekaiLife 4.15/Content/InventorySystem/Blueprints/Merchant.uasset'
[2017.03.25-21.02.04:242][192]LogSavePackage:Display: Finished SavePackage X:/Aratim/Documents/GitHub/ProjetInfoSolo/IsekaiLife 4.15/Content/InventorySystem/Blueprints/Merchant.uasset
[2017.03.25-21.02.05:929][343]LogSavePackage: Save=143.51ms
[2017.03.25-21.02.05:929][343]LogSavePackage: Moving 'X:/Aratim/Documents/GitHub/ProjetInfoSolo/IsekaiLife 4.15/Saved/ThirdPersonExampleMap0CFE9CB441E30D299FE245BC21F707A2.tmp' to 'X:/Aratim/Documents/GitHub/ProjetInfoSolo/IsekaiLife 4.15/Content/ThirdPersonBP/Maps/ThirdPersonExampleMap.umap'
[2017.03.25-21.02.05:941][343]LogSavePackage:Display: Finished SavePackage X:/Aratim/Documents/GitHub/ProjetInfoSolo/IsekaiLife 4.15/Content/ThirdPersonBP/Maps/ThirdPersonExampleMap.umap
[2017.03.25-21.02.06:158][343]LogSavePackage: Save=148.11ms
[2017.03.25-21.02.06:158][343]LogSavePackage: Moving 'X:/Aratim/Documents/GitHub/ProjetInfoSolo/IsekaiLife 4.15/Saved/ThirdPersonExampleMap_BuiltData3ECEBFBA43D22BE2911D8DA421CFAB73.tmp' to 'X:/Aratim/Documents/GitHub/ProjetInfoSolo/IsekaiLife 4.15/Content/ThirdPersonBP/Maps/ThirdPersonExampleMap_BuiltData.uasset'
[2017.03.25-21.02.06:158][343]LogSavePackage:Display: Finished SavePackage X:/Aratim/Documents/GitHub/ProjetInfoSolo/IsekaiLife 4.15/Content/ThirdPersonBP/Maps/ThirdPersonExampleMap_BuiltData.uasset
[2017.03.25-21.02.06:998][428]LogTemp: Repeting last play command: Selected Viewport
[2017.03.25-21.02.07:012][428]LogBlueprintUserMessages: Early PlayInEditor Detection: Level '/Game/ThirdPersonBP/Maps/ThirdPersonExampleMap.ThirdPersonExampleMap:PersistentLevel' has LevelScriptBlueprint '/Game/ThirdPersonBP/Maps/ThirdPersonExampleMap.ThirdPersonExampleMap:PersistentLevel.ThirdPersonExampleMap' with GeneratedClass '/Game/ThirdPersonBP/Maps/ThirdPersonExampleMap.ThirdPersonExampleMap_C' with ClassGeneratedBy '/Game/ThirdPersonBP/Maps/ThirdPersonExampleMap.ThirdPersonExampleMap:PersistentLevel.ThirdPersonExampleMap'
[2017.03.25-21.02.07:013][428]LogPlayLevel: PlayLevel: No blueprints needed recompiling
[2017.03.25-21.02.13:748][428]PIE: New page: PIE session: ThirdPersonExampleMap (Mar 25, 2017, 11:02:13 PM)
[2017.03.25-21.02.13:748][428]LogPlayLevel: Creating play world package: /Game/ThirdPersonBP/Maps/UEDPIE_0_ThirdPersonExampleMap
[2017.03.25-21.02.13:772][428]LogPlayLevel: PIE: StaticDuplicateObject took: (0.023392s)
[2017.03.25-21.02.13:773][428]LogAIModule: Creating AISystem for world ThirdPersonExampleMap
[2017.03.25-21.02.13:773][428]LogPlayLevel: PIE: World Init took: (0.000901s)
[2017.03.25-21.02.13:773][428]LogPlayLevel: PIE: Created PIE world by copying editor world from /Game/ThirdPersonBP/Maps/ThirdPersonExampleMap.ThirdPersonExampleMap to /Game/ThirdPersonBP/Maps/UEDPIE_0_ThirdPersonExampleMap.ThirdPersonExampleMap (0.024815s)
[2017.03.25-21.02.13:796][428]LogInit: XAudio2 using 'Haut-parleurs (2- USB Audio Device)' : 2 channels at 44.1 kHz using 16 bits per sample (channel mask 0x3)
[2017.03.25-21.02.13:803][428]LogInit: FAudioDevice initialized.
[2017.03.25-21.02.13:932][428]LogBlueprint:Warning: [Compiler ThirdPersonCharacter] Warning InputAction Event references unknown Action 'ResetVR' for  InputAction ResetVR
[2017.03.25-21.02.13:938][428]LogBlueprint:Warning: [Compiler ThirdPersonCharacter] Warning [0527.85] Compile of ThirdPersonCharacter successful, but with 1 Warning(s) [in 14 ms] (/Game/ThirdPersonBP/Blueprints/ThirdPersonCharacter.ThirdPersonCharacter)
[2017.03.25-21.02.13:938][428]LogBlueprint:Warning: [Compiler ThirdPersonCharacter] Warning [0527.85] Compile of ThirdPersonCharacter successful, but with 2 Warning(s) [in 0 ms] (/Game/ThirdPersonBP/Blueprints/ThirdPersonCharacter.ThirdPersonCharacter)
[2017.03.25-21.02.13:938][428]LogBlueprint:Warning: [Compiler ThirdPersonCharacter] Warning [0527.85] Compile of ThirdPersonCharacter successful, but with 3 Warning(s) [in 0 ms] (/Game/ThirdPersonBP/Blueprints/ThirdPersonCharacter.ThirdPersonCharacter)
[2017.03.25-21.02.13:949][428]LogBlueprint:Warning: [Compiler ThirdPersonCharacter] Warning InputAction Event references unknown Action 'ResetVR' for  InputAction ResetVR
[2017.03.25-21.02.13:957][428]LogBlueprint:Warning: [Compiler ThirdPersonCharacter] Warning [0527.87] Compile of ThirdPersonCharacter successful, but with 1 Warning(s) [in 14 ms] (/Game/ThirdPersonBP/Blueprints/ThirdPersonCharacter.ThirdPersonCharacter)
[2017.03.25-21.02.13:957][428]LogBlueprint:Warning: [Compiler ThirdPersonCharacter] Warning [0527.87] Compile of ThirdPersonCharacter successful, but with 2 Warning(s) [in 0 ms] (/Game/ThirdPersonBP/Blueprints/ThirdPersonCharacter.ThirdPersonCharacter)
[2017.03.25-21.02.13:957][428]LogBlueprint:Warning: [Compiler ThirdPersonCharacter] Warning [0527.87] Compile of ThirdPersonCharacter successful, but with 3 Warning(s) [in 0 ms] (/Game/ThirdPersonBP/Blueprints/ThirdPersonCharacter.ThirdPersonCharacter)
[2017.03.25-21.02.13:981][428]LogLoad: Game class is 'ThirdPersonGameMode_C'
[2017.03.25-21.02.13:986][428]LogWorld: Bringing World /Game/ThirdPersonBP/Maps/UEDPIE_0_ThirdPersonExampleMap.ThirdPersonExampleMap up for play (max tick rate 0) at 2017.03.25-22.02.13
[2017.03.25-21.02.13:993][428]LogWorld: Bringing up level for play took: 0.010164
[2017.03.25-21.02.14:058][428]LogContentBrowser: Native class hierarchy updated for 'MovieSceneCapture' in 0.0005 seconds. Added 11 classes and 0 folders.
[2017.03.25-21.02.14:068][428]PIE: Info Play in editor start time for /Game/ThirdPersonBP/Maps/UEDPIE_0_ThirdPersonExampleMap 7.711
[2017.03.25-21.02.14:069][428]LogBlueprintUserMessages: Late PlayInEditor Detection: Level '/Game/ThirdPersonBP/Maps/ThirdPersonExampleMap.ThirdPersonExampleMap:PersistentLevel' has LevelScriptBlueprint '/Game/ThirdPersonBP/Maps/ThirdPersonExampleMap.ThirdPersonExampleMap:PersistentLevel.ThirdPersonExampleMap' with GeneratedClass '/Game/ThirdPersonBP/Maps/ThirdPersonExampleMap.ThirdPersonExampleMap_C' with ClassGeneratedBy '/Game/ThirdPersonBP/Maps/ThirdPersonExampleMap.ThirdPersonExampleMap:PersistentLevel.ThirdPersonExampleMap'
[2017.03.25-21.02.15:831][625]LogScriptCore:Warning: Script Msg: Attempted to access index 0 from array NearbyPickupActor of length 0!
[2017.03.25-21.02.27:323][  3]LogBlueprintUserMessages: Early EndPlayMap Detection: Level '/Game/ThirdPersonBP/Maps/ThirdPersonExampleMap.ThirdPersonExampleMap:PersistentLevel' has LevelScriptBlueprint '/Game/ThirdPersonBP/Maps/ThirdPersonExampleMap.ThirdPersonExampleMap:PersistentLevel.ThirdPersonExampleMap' with GeneratedClass '/Game/ThirdPersonBP/Maps/ThirdPersonExampleMap.ThirdPersonExampleMap_C' with ClassGeneratedBy '/Game/ThirdPersonBP/Maps/ThirdPersonExampleMap.ThirdPersonExampleMap:PersistentLevel.ThirdPersonExampleMap'
[2017.03.25-21.02.27:476][  3]LogBlueprintUserMessages: Late EndPlayMap Detection: Level '/Game/ThirdPersonBP/Maps/ThirdPersonExampleMap.ThirdPersonExampleMap:PersistentLevel' has LevelScriptBlueprint '/Game/ThirdPersonBP/Maps/ThirdPersonExampleMap.ThirdPersonExampleMap:PersistentLevel.ThirdPersonExampleMap' with GeneratedClass '/Game/ThirdPersonBP/Maps/ThirdPersonExampleMap.ThirdPersonExampleMap_C' with ClassGeneratedBy '/Game/ThirdPersonBP/Maps/ThirdPersonExampleMap.ThirdPersonExampleMap:PersistentLevel.ThirdPersonExampleMap'
[2017.03.25-21.03.26:737][206]LogTemp: Repeting last play command: Selected Viewport
[2017.03.25-21.03.26:752][206]LogBlueprintUserMessages: Early PlayInEditor Detection: Level '/Game/ThirdPersonBP/Maps/ThirdPersonExampleMap.ThirdPersonExampleMap:PersistentLevel' has LevelScriptBlueprint '/Game/ThirdPersonBP/Maps/ThirdPersonExampleMap.ThirdPersonExampleMap:PersistentLevel.ThirdPersonExampleMap' with GeneratedClass '/Game/ThirdPersonBP/Maps/ThirdPersonExampleMap.ThirdPersonExampleMap_C' with ClassGeneratedBy '/Game/ThirdPersonBP/Maps/ThirdPersonExampleMap.ThirdPersonExampleMap:PersistentLevel.ThirdPersonExampleMap'
[2017.03.25-21.03.26:752][206]LogPlayLevel: PlayLevel: No blueprints needed recompiling
[2017.03.25-21.03.26:752][206]PIE: New page: PIE session: ThirdPersonExampleMap (Mar 25, 2017, 11:03:26 PM)
[2017.03.25-21.03.26:752][206]LogPlayLevel: Creating play world package: /Game/ThirdPersonBP/Maps/UEDPIE_0_ThirdPersonExampleMap
[2017.03.25-21.03.26:774][206]LogPlayLevel: PIE: StaticDuplicateObject took: (0.022115s)
[2017.03.25-21.03.26:775][206]LogAIModule: Creating AISystem for world ThirdPersonExampleMap
[2017.03.25-21.03.26:775][206]LogPlayLevel: PIE: World Init took: (0.000857s)
[2017.03.25-21.03.26:775][206]LogPlayLevel: PIE: Created PIE world by copying editor world from /Game/ThirdPersonBP/Maps/ThirdPersonExampleMap.ThirdPersonExampleMap to /Game/ThirdPersonBP/Maps/UEDPIE_0_ThirdPersonExampleMap.ThirdPersonExampleMap (0.023225s)
[2017.03.25-21.03.26:798][206]LogInit: XAudio2 using 'Haut-parleurs (2- USB Audio Device)' : 2 channels at 44.1 kHz using 16 bits per sample (channel mask 0x3)
[2017.03.25-21.03.26:803][206]LogInit: FAudioDevice initialized.
[2017.03.25-21.03.26:832][206]LogLoad: Game class is 'ThirdPersonGameMode_C'
[2017.03.25-21.03.26:836][206]LogWorld: Bringing World /Game/ThirdPersonBP/Maps/UEDPIE_0_ThirdPersonExampleMap.ThirdPersonExampleMap up for play (max tick rate 0) at 2017.03.25-22.03.26
[2017.03.25-21.03.26:836][206]LogWorld: Bringing up level for play took: 0.003172
[2017.03.25-21.03.26:842][206]PIE: Info Play in editor start time for /Game/ThirdPersonBP/Maps/UEDPIE_0_ThirdPersonExampleMap 0.485
[2017.03.25-21.03.26:842][206]LogBlueprintUserMessages: Late PlayInEditor Detection: Level '/Game/ThirdPersonBP/Maps/ThirdPersonExampleMap.ThirdPersonExampleMap:PersistentLevel' has LevelScriptBlueprint '/Game/ThirdPersonBP/Maps/ThirdPersonExampleMap.ThirdPersonExampleMap:PersistentLevel.ThirdPersonExampleMap' with GeneratedClass '/Game/ThirdPersonBP/Maps/ThirdPersonExampleMap.ThirdPersonExampleMap_C' with ClassGeneratedBy '/Game/ThirdPersonBP/Maps/ThirdPersonExampleMap.ThirdPersonExampleMap:PersistentLevel.ThirdPersonExampleMap'
[2017.03.25-21.03.29:046][467]LogBlueprintUserMessages: Early EndPlayMap Detection: Level '/Game/ThirdPersonBP/Maps/ThirdPersonExampleMap.ThirdPersonExampleMap:PersistentLevel' has LevelScriptBlueprint '/Game/ThirdPersonBP/Maps/ThirdPersonExampleMap.ThirdPersonExampleMap:PersistentLevel.ThirdPersonExampleMap' with GeneratedClass '/Game/ThirdPersonBP/Maps/ThirdPersonExampleMap.ThirdPersonExampleMap_C' with ClassGeneratedBy '/Game/ThirdPersonBP/Maps/ThirdPersonExampleMap.ThirdPersonExampleMap:PersistentLevel.ThirdPersonExampleMap'
[2017.03.25-21.03.29:127][467]LogBlueprintUserMessages: Late EndPlayMap Detection: Level '/Game/ThirdPersonBP/Maps/ThirdPersonExampleMap.ThirdPersonExampleMap:PersistentLevel' has LevelScriptBlueprint '/Game/ThirdPersonBP/Maps/ThirdPersonExampleMap.ThirdPersonExampleMap:PersistentLevel.ThirdPersonExampleMap' with GeneratedClass '/Game/ThirdPersonBP/Maps/ThirdPersonExampleMap.ThirdPersonExampleMap_C' with ClassGeneratedBy '/Game/ThirdPersonBP/Maps/ThirdPersonExampleMap.ThirdPersonExampleMap:PersistentLevel.ThirdPersonExampleMap'
[2017.03.25-21.03.30:715][647]LogTemp: Repeting last play command: Selected Viewport
[2017.03.25-21.03.30:730][647]LogBlueprintUserMessages: Early PlayInEditor Detection: Level '/Game/ThirdPersonBP/Maps/ThirdPersonExampleMap.ThirdPersonExampleMap:PersistentLevel' has LevelScriptBlueprint '/Game/ThirdPersonBP/Maps/ThirdPersonExampleMap.ThirdPersonExampleMap:PersistentLevel.ThirdPersonExampleMap' with GeneratedClass '/Game/ThirdPersonBP/Maps/ThirdPersonExampleMap.ThirdPersonExampleMap_C' with ClassGeneratedBy '/Game/ThirdPersonBP/Maps/ThirdPersonExampleMap.ThirdPersonExampleMap:PersistentLevel.ThirdPersonExampleMap'
[2017.03.25-21.03.30:730][647]LogPlayLevel: PlayLevel: No blueprints needed recompiling
[2017.03.25-21.03.30:730][647]PIE: New page: PIE session: ThirdPersonExampleMap (Mar 25, 2017, 11:03:30 PM)
[2017.03.25-21.03.30:730][647]LogPlayLevel: Creating play world package: /Game/ThirdPersonBP/Maps/UEDPIE_0_ThirdPersonExampleMap
[2017.03.25-21.03.30:753][647]LogPlayLevel: PIE: StaticDuplicateObject took: (0.023447s)
[2017.03.25-21.03.30:754][647]LogAIModule: Creating AISystem for world ThirdPersonExampleMap
[2017.03.25-21.03.30:754][647]LogPlayLevel: PIE: World Init took: (0.001098s)
[2017.03.25-21.03.30:755][647]LogPlayLevel: PIE: Created PIE world by copying editor world from /Game/ThirdPersonBP/Maps/ThirdPersonExampleMap.ThirdPersonExampleMap to /Game/ThirdPersonBP/Maps/UEDPIE_0_ThirdPersonExampleMap.ThirdPersonExampleMap (0.024992s)
[2017.03.25-21.03.30:780][647]LogInit: XAudio2 using 'Haut-parleurs (2- USB Audio Device)' : 2 channels at 44.1 kHz using 16 bits per sample (channel mask 0x3)
[2017.03.25-21.03.30:785][647]LogInit: FAudioDevice initialized.
[2017.03.25-21.03.30:823][647]LogLoad: Game class is 'ThirdPersonGameMode_C'
[2017.03.25-21.03.30:831][647]LogWorld: Bringing World /Game/ThirdPersonBP/Maps/UEDPIE_0_ThirdPersonExampleMap.ThirdPersonExampleMap up for play (max tick rate 0) at 2017.03.25-22.03.30
[2017.03.25-21.03.30:832][647]LogWorld: Bringing up level for play took: 0.007131
[2017.03.25-21.03.30:848][647]PIE: Info Play in editor start time for /Game/ThirdPersonBP/Maps/UEDPIE_0_ThirdPersonExampleMap 0.492
[2017.03.25-21.03.30:849][647]LogBlueprintUserMessages: Late PlayInEditor Detection: Level '/Game/ThirdPersonBP/Maps/ThirdPersonExampleMap.ThirdPersonExampleMap:PersistentLevel' has LevelScriptBlueprint '/Game/ThirdPersonBP/Maps/ThirdPersonExampleMap.ThirdPersonExampleMap:PersistentLevel.ThirdPersonExampleMap' with GeneratedClass '/Game/ThirdPersonBP/Maps/ThirdPersonExampleMap.ThirdPersonExampleMap_C' with ClassGeneratedBy '/Game/ThirdPersonBP/Maps/ThirdPersonExampleMap.ThirdPersonExampleMap:PersistentLevel.ThirdPersonExampleMap'
[2017.03.25-21.03.34:795][113]LogScript:Warning: Accessed None trying to read property InventoryRef
	Inventory_C /Engine/Transient.UnrealEdEngine_0:GameInstance_2.MainWidget_C_2.WidgetTree_82.InventoryWidget
	Function /Game/InventorySystem/Widgets/Inventory.Inventory_C:ExecuteUbergraph_Inventory:055F
[2017.03.25-21.03.35:845][239]LogScript:Warning: Accessed None trying to read property InventoryRef
	Inventory_C /Engine/Transient.UnrealEdEngine_0:GameInstance_2.MainWidget_C_2.WidgetTree_82.InventoryWidget
	Function /Game/InventorySystem/Widgets/Inventory.Inventory_C:ExecuteUbergraph_Inventory:055F
[2017.03.25-21.03.36:053][264]LogScript:Warning: Accessed None trying to read property InventoryRef
	Inventory_C /Engine/Transient.UnrealEdEngine_0:GameInstance_2.MainWidget_C_2.WidgetTree_82.InventoryWidget
	Function /Game/InventorySystem/Widgets/Inventory.Inventory_C:ExecuteUbergraph_Inventory:055F
[2017.03.25-21.03.36:245][287]LogScript:Warning: Accessed None trying to read property InventoryRef
	Inventory_C /Engine/Transient.UnrealEdEngine_0:GameInstance_2.MainWidget_C_2.WidgetTree_82.InventoryWidget
	Function /Game/InventorySystem/Widgets/Inventory.Inventory_C:ExecuteUbergraph_Inventory:055F
[2017.03.25-21.03.39:028][621]LogScript:Warning: Accessed None trying to read property InventoryRef
	Inventory_C /Engine/Transient.UnrealEdEngine_0:GameInstance_2.MainWidget_C_2.WidgetTree_82.InventoryWidget
	Function /Game/InventorySystem/Widgets/Inventory.Inventory_C:ExecuteUbergraph_Inventory:055F
[2017.03.25-21.03.39:312][655]LogScript:Warning: Accessed None trying to read property InventoryRef
	Inventory_C /Engine/Transient.UnrealEdEngine_0:GameInstance_2.MainWidget_C_2.WidgetTree_82.InventoryWidget
	Function /Game/InventorySystem/Widgets/Inventory.Inventory_C:ExecuteUbergraph_Inventory:055F
[2017.03.25-21.03.39:487][676]LogScript:Warning: Accessed None trying to read property InventoryRef
	Inventory_C /Engine/Transient.UnrealEdEngine_0:GameInstance_2.MainWidget_C_2.WidgetTree_82.InventoryWidget
	Function /Game/InventorySystem/Widgets/Inventory.Inventory_C:ExecuteUbergraph_Inventory:055F
[2017.03.25-21.03.39:687][700]LogScript:Warning: Accessed None trying to read property InventoryRef
	Inventory_C /Engine/Transient.UnrealEdEngine_0:GameInstance_2.MainWidget_C_2.WidgetTree_82.InventoryWidget
	Function /Game/InventorySystem/Widgets/Inventory.Inventory_C:ExecuteUbergraph_Inventory:055F
[2017.03.25-21.03.40:830][837]LogBlueprintUserMessages: Early EndPlayMap Detection: Level '/Game/ThirdPersonBP/Maps/ThirdPersonExampleMap.ThirdPersonExampleMap:PersistentLevel' has LevelScriptBlueprint '/Game/ThirdPersonBP/Maps/ThirdPersonExampleMap.ThirdPersonExampleMap:PersistentLevel.ThirdPersonExampleMap' with GeneratedClass '/Game/ThirdPersonBP/Maps/ThirdPersonExampleMap.ThirdPersonExampleMap_C' with ClassGeneratedBy '/Game/ThirdPersonBP/Maps/ThirdPersonExampleMap.ThirdPersonExampleMap:PersistentLevel.ThirdPersonExampleMap'
[2017.03.25-21.03.40:911][837]LogBlueprintUserMessages: Late EndPlayMap Detection: Level '/Game/ThirdPersonBP/Maps/ThirdPersonExampleMap.ThirdPersonExampleMap:PersistentLevel' has LevelScriptBlueprint '/Game/ThirdPersonBP/Maps/ThirdPersonExampleMap.ThirdPersonExampleMap:PersistentLevel.ThirdPersonExampleMap' with GeneratedClass '/Game/ThirdPersonBP/Maps/ThirdPersonExampleMap.ThirdPersonExampleMap_C' with ClassGeneratedBy '/Game/ThirdPersonBP/Maps/ThirdPersonExampleMap.ThirdPersonExampleMap:PersistentLevel.ThirdPersonExampleMap'
