Log file open, 04/21/17 08:58:59
LogInit:Display: Running engine for game: IsekaiLife
LogPlatformFile: Not using cached read wrapper
LogInit:Display: RandInit(-1077204891) SRandInit(-1077204891).
LogTaskGraph: Started task graph with 5 named threads and 8 total threads with 1 sets of task threads.
LogStats: Stats thread started at 0.730961
LogInit: Using libcurl 7.47.1
LogInit:  - built for x86_64-pc-win32
LogInit:  - supports SSL with OpenSSL/1.0.2g
LogInit:  - supports HTTP deflate (compression) using libz 1.2.8
LogInit:  - other features:
LogInit:      CURL_VERSION_SSL
LogInit:      CURL_VERSION_LIBZ
LogInit:      CURL_VERSION_IPV6
LogInit:      CURL_VERSION_ASYNCHDNS
LogInit:      CURL_VERSION_LARGEFILE
LogInit:      CURL_VERSION_IDN
LogInit:  CurlRequestOptions (configurable via config and command line):
LogInit:  - bVerifyPeer = false  - Libcurl will NOT verify peer certificate
LogInit:  - bUseHttpProxy = false  - Libcurl will NOT use HTTP proxy
LogInit:  - bDontReuseConnections = false  - Libcurl will reuse connections
LogInit:  - CertBundlePath = nullptr  - Libcurl will use whatever was configured at build time.
LogInit: Build: ++UE4+Release-4.15-CL-3348071
LogInit: Engine Version: 4.15.1-3348071+++UE4+Release-4.15
LogInit: Compatible Engine Version: 4.15.0-3299760+++UE4+Release-4.15
LogInit: Net CL: 3299760
LogDevObjectVersion: Number of dev versions registered: 14
LogDevObjectVersion:   Dev-Blueprints (B0D832E4-1F89-4F0D-ACCF-7EB736FD4AA2): 8
LogDevObjectVersion:   Dev-Build (E1C64328-A22C-4D53-A36C-8E866417BD8C): 0
LogDevObjectVersion:   Dev-Core (375EC13C-06E4-48FB-B500-84F0262A717E): 2
LogDevObjectVersion:   Dev-Editor (E4B068ED-F494-42E9-A231-DA0B2E46BB41): 14
LogDevObjectVersion:   Dev-Framework (CFFC743F-43B0-4480-9391-14DF171D2073): 22
LogDevObjectVersion:   Dev-Mobile (B02B49B5-BB20-44E9-A304-32B752E40360): 0
LogDevObjectVersion:   Dev-Networking (A4E4105C-59A1-49B5-A7C5-40C4547EDFEE): 0
LogDevObjectVersion:   Dev-Online (39C831C9-5AE6-47DC-9A44-9C173E1C8E7C): 0
LogDevObjectVersion:   Dev-Physics (78F01B33-EBEA-4F98-B9B4-84EACCB95AA2): 0
LogDevObjectVersion:   Dev-Platform (6631380F-2D4D-43E0-8009-CF276956A95A): 0
LogDevObjectVersion:   Dev-Rendering (12F88B9F-8875-4AFC-A67C-D90C383ABD29): 12
LogDevObjectVersion:   Dev-Sequencer (7B5AE74C-D270-4C10-A958-57980B212A5A): 3
LogDevObjectVersion:   Dev-VR (D7296918-1DD6-4BDD-9DE2-64A83CC13884): 0
LogDevObjectVersion:   Dev-LoadTimes (C2A15278-BFE7-4AFE-6C17-90FF531DF755): 1
LogInit: Compiled (64-bit): Mar 15 2017 16:52:47
LogInit: Compiled with Visual C++: 19.00.23026.00
LogInit: Build Configuration: Development
LogInit: Branch Name: ++UE4+Release-4.15
LogInit: Command line:  
LogInit: Base directory: C:/Program Files/Epic Games/UE_4.15/Engine/Binaries/Win64/
LogInit: Installed Engine Build: 1
LogInit: Presizing for max 8388607 objects, including 0 objects not considered by GC, pre-allocating 0 bytes for permanent pool.
LogInit: Object subsystem initialized
[2017.04.21-06.59.00:408][  0]LogInit: Selected Device Profile: [Windows]
[2017.04.21-06.59.00:408][  0]LogInit: Applying CVar settings loaded from the selected device profile: [Windows]
[2017.04.21-06.59.00:449][  0]LogInit: Computer: DESKTOP-IJKOIIJ
[2017.04.21-06.59.00:449][  0]LogInit: User: Aratim
[2017.04.21-06.59.00:449][  0]LogInit: CPU Page size=65536, Cores=4
[2017.04.21-06.59.00:449][  0]LogInit: High frequency timer resolution =3.417983 MHz
[2017.04.21-06.59.00:449][  0]LogMemory: Memory total: Physical=8.0GB (8GB approx)
[2017.04.21-06.59.00:449][  0]LogMemory: Platform Memory Stats for Windows
[2017.04.21-06.59.00:449][  0]LogMemory: Process Physical Memory: 263.21 MB used, 263.21 MB peak
[2017.04.21-06.59.00:449][  0]LogMemory: Process Virtual Memory: 262.44 MB used, 262.44 MB peak
[2017.04.21-06.59.00:449][  0]LogMemory: Physical Memory: 2522.73 MB used,  5618.12 MB free, 8140.85 MB total
[2017.04.21-06.59.00:449][  0]LogMemory: Virtual Memory: 644.41 MB used,  5618.12 MB free, 134217728.00 MB total
[2017.04.21-06.59.00:792][  0]LogTextLocalizationManager: No translations for ('fr-FR') exist, falling back to 'en' for localization and internationalization data.
[2017.04.21-06.59.03:233][  0]LogD3D11RHI: D3D11 adapters:
[2017.04.21-06.59.03:798][  0]LogD3D11RHI:    0. 'NVIDIA GeForce GTX 1060 6GB' (Feature Level 11_0)
[2017.04.21-06.59.03:798][  0]LogD3D11RHI:       6084/0/4070 MB DedicatedVideo/DedicatedSystem/SharedSystem, Outputs:1, VendorId:0x10de
[2017.04.21-06.59.03:800][  0]LogD3D11RHI:    1. 'Microsoft Basic Render Driver' (Feature Level 11_0)
[2017.04.21-06.59.03:800][  0]LogD3D11RHI:       0/0/4070 MB DedicatedVideo/DedicatedSystem/SharedSystem, Outputs:0, VendorId:0x1414
[2017.04.21-06.59.03:800][  0]LogD3D11RHI: Chosen D3D11 Adapter: 0
[2017.04.21-06.59.03:805][  0]LogD3D11RHI: Creating new Direct3DDevice
[2017.04.21-06.59.03:805][  0]LogD3D11RHI:     GPU DeviceId: 0x1c03 (for the marketing name, search the web for "GPU Device Id")
[2017.04.21-06.59.03:805][  0]LogWindows: EnumDisplayDevices:
[2017.04.21-06.59.03:805][  0]LogWindows:    0. 'NVIDIA GeForce GTX 1060 6GB' (P:1 D:1)
[2017.04.21-06.59.03:806][  0]LogWindows:    1. 'NVIDIA GeForce GTX 1060 6GB' (P:0 D:0)
[2017.04.21-06.59.03:806][  0]LogWindows:    2. 'NVIDIA GeForce GTX 1060 6GB' (P:0 D:0)
[2017.04.21-06.59.03:806][  0]LogWindows:    3. 'NVIDIA GeForce GTX 1060 6GB' (P:0 D:0)
[2017.04.21-06.59.03:806][  0]LogWindows: DebugString: FoundDriverCount:4 
[2017.04.21-06.59.03:806][  0]LogD3D11RHI:     Adapter Name: NVIDIA GeForce GTX 1060 6GB
[2017.04.21-06.59.03:806][  0]LogD3D11RHI:   Driver Version: 381.65 (internal:22.21.13.8165, unified:381.65)
[2017.04.21-06.59.03:806][  0]LogD3D11RHI:      Driver Date: 3-31-2017
[2017.04.21-06.59.03:806][  0]LogRHI: Texture pool is 1361 MB (70% of 1945 MB)
[2017.04.21-06.59.04:514][  0]LogD3D11RHI: Async texture creation enabled
[2017.04.21-06.59.04:589][  0]LogD3D11RHI: GPU Timing Frequency: 1000.000000 (Debug: 2 1)
[2017.04.21-06.59.04:644][  0]LogShaderCompilers: Guid format shader working directory is -10 characters bigger than the processId version (X:/Aratim/Documents/GitHub/ProjetInfoSolo/IsekaiLife 4.15/Intermediate/Shaders/WorkingDirectory/5560/).
[2017.04.21-06.59.04:644][  0]LogShaderCompilers: Cleaned the shader compiler working directory 'C:/Users/Aratim/AppData/Local/Temp/UnrealShaderWorkingDir/6E33DD2E440F640CF2314CA8FA70DC30/'.
[2017.04.21-06.59.04:644][  0]LogShaderCompilers:Display: Using Local Shader Compiler.
[2017.04.21-06.59.07:344][  0]LogTemp:Display: Loaded TP AllDesktopTargetPlatform
[2017.04.21-06.59.07:396][  0]LogTemp:Display: Loaded TP MacClientTargetPlatform
[2017.04.21-06.59.07:447][  0]LogTemp:Display: Loaded TP MacNoEditorTargetPlatform
[2017.04.21-06.59.07:496][  0]LogTemp:Display: Loaded TP MacServerTargetPlatform
[2017.04.21-06.59.07:549][  0]LogTemp:Display: Loaded TP MacTargetPlatform
[2017.04.21-06.59.07:605][  0]LogTemp:Display: Loaded TP WindowsClientTargetPlatform
[2017.04.21-06.59.07:653][  0]LogTemp:Display: Loaded TP WindowsNoEditorTargetPlatform
[2017.04.21-06.59.07:702][  0]LogTemp:Display: Loaded TP WindowsServerTargetPlatform
[2017.04.21-06.59.07:741][  0]LogTemp:Display: Loaded TP WindowsTargetPlatform
[2017.04.21-06.59.07:793][  0]LogTemp:Display: Loaded TP AndroidTargetPlatform
[2017.04.21-06.59.07:849][  0]LogTemp:Display: Loaded TP Android_ASTCTargetPlatform
[2017.04.21-06.59.07:914][  0]LogTemp:Display: Loaded TP Android_ATCTargetPlatform
[2017.04.21-06.59.07:979][  0]LogTemp:Display: Loaded TP Android_DXTTargetPlatform
[2017.04.21-06.59.08:039][  0]LogTemp:Display: Loaded TP Android_ETC1TargetPlatform
[2017.04.21-06.59.08:095][  0]LogTemp:Display: Loaded TP Android_ETC2TargetPlatform
[2017.04.21-06.59.08:196][  0]LogTemp:Display: Loaded TP Android_MultiTargetPlatform
[2017.04.21-06.59.08:196][  0]LogTemp:Display: Loaded TP Android_PVRTCTargetPlatform
[2017.04.21-06.59.08:230][  0]LogTemp:Display: Loaded TP HTML5TargetPlatform
[2017.04.21-06.59.08:347][  0]LogTemp:Display: Loaded TP IOSTargetPlatform
[2017.04.21-06.59.08:386][  0]LogTemp:Display: Loaded TP TVOSTargetPlatform
[2017.04.21-06.59.08:435][  0]LogTemp:Display: Loaded TP LinuxClientTargetPlatform
[2017.04.21-06.59.08:485][  0]LogTemp:Display: Loaded TP LinuxNoEditorTargetPlatform
[2017.04.21-06.59.08:538][  0]LogTemp:Display: Loaded TP LinuxServerTargetPlatform
[2017.04.21-06.59.08:596][  0]LogTemp:Display: Loaded TP LinuxTargetPlatform
[2017.04.21-06.59.08:596][  0]LogTargetPlatformManager:Display: Building Assets For Windows
[2017.04.21-06.59.09:276][  0]LogDerivedDataCache:Display: Max Cache Size: 512 MB
[2017.04.21-06.59.09:536][  0]LogDerivedDataCache: Loaded boot cache 0.26s 50MB C:/Users/Aratim/AppData/Local/UnrealEngine/4.15/DerivedDataCache/Boot.ddc.
[2017.04.21-06.59.09:536][  0]LogDerivedDataCache:Display: Loaded Boot cache: C:/Users/Aratim/AppData/Local/UnrealEngine/4.15/DerivedDataCache/Boot.ddc
[2017.04.21-06.59.09:536][  0]LogDerivedDataCache: FDerivedDataBackendGraph:  Pak pak cache file X:/Aratim/Documents/GitHub/ProjetInfoSolo/IsekaiLife 4.15/DerivedDataCache/DDC.ddp not found, will not use a pak cache.
[2017.04.21-06.59.09:536][  0]LogDerivedDataCache: Unable to find inner node Pak for hierarchical cache Hierarchy.
[2017.04.21-06.59.09:536][  0]LogDerivedDataCache: FDerivedDataBackendGraph:  CompressedPak pak cache file X:/Aratim/Documents/GitHub/ProjetInfoSolo/IsekaiLife 4.15/DerivedDataCache/Compressed.ddp not found, will not use a pak cache.
[2017.04.21-06.59.09:536][  0]LogDerivedDataCache: Unable to find inner node CompressedPak for hierarchical cache Hierarchy.
[2017.04.21-06.59.09:563][  0]LogDerivedDataCache:Display: Pak cache opened for reading ../../../Engine/DerivedDataCache/Compressed.ddp.
[2017.04.21-06.59.09:575][  0]LogDerivedDataCache: Using Local data cache path C:/Users/Aratim/AppData/Local/UnrealEngine/Common/DerivedDataCache: Writable
[2017.04.21-06.59.09:596][  0]LogSlate: Using Freetype 2.6.0
[2017.04.21-06.59.09:612][  0]LogSlate: SlateFontCache - WITH_FREETYPE: 1, WITH_HARFBUZZ: 1
[2017.04.21-06.59.09:612][  0]LogSlate: SlateFontCache - WITH_FREETYPE: 1, WITH_HARFBUZZ: 1
[2017.04.21-06.59.13:301][  0]LogInit: Selected Device Profile: [Windows]
[2017.04.21-06.59.13:310][  0]LogContentStreaming: Texture pool size is 0.00 MB
[2017.04.21-06.59.13:574][  0]LogMeshUtilities: Using QuadricMeshReduction for automatic static mesh reduction
[2017.04.21-06.59.13:618][  0]LogSimplygon: Simplygon DLL not present - disabling.
[2017.04.21-06.59.13:664][  0]LogMeshUtilities: Using SimplygonSwarm for distributed automatic mesh merging
[2017.04.21-06.59.13:664][  0]LogMeshUtilities: No automatic skeletal mesh reduction module available
[2017.04.21-06.59.13:664][  0]LogMeshUtilities: No automatic mesh merging module available
[2017.04.21-06.59.15:380][  0]LogNetVersion: GetLocalNetworkVersion: CL: 3299760, ProjectName: isekailife, ProjectVersion: , EngineNetworkVersion: 2, GameNetworkVersion: 0, NetworkChecksum: 721096836
[2017.04.21-06.59.15:435][  0]LogAssetRegistry: FAssetRegistry took 0.0252 seconds to start up
[2017.04.21-06.59.15:517][  0]LogPackageLocalizationCache: Processed 3 localized package path(s) for 1 prioritized culture(s) in 0.059280 seconds
[2017.04.21-06.59.15:524][  0]LogUObjectArray: 32493 objects as part of root set at end of initial load.
[2017.04.21-06.59.15:524][  0]LogUObjectAllocator: 7077032 out of 0 bytes used by permanent object pool.
[2017.04.21-06.59.15:524][  0]LogUObjectArray: CloseDisregardForGC: 0/0 objects in disregard for GC pool
[2017.04.21-06.59.15:588][  0]LogInit: WinSock: version 1.1 (2.2), MaxSocks=32767, MaxUdp=65467
[2017.04.21-06.59.18:717][  0]LogTcpMessaging: Initializing TcpMessaging bridge
[2017.04.21-06.59.18:759][  0]LogUdpMessaging: Initializing bridge on interface 0.0.0.0:0 to multicast group 230.0.0.1:6666.
[2017.04.21-06.59.19:330][  0]LogMaterial: Uniform references updated for custom material expression Custom.
[2017.04.21-06.59.19:784][  0]SourceControl: Info Source control is disabled
[2017.04.21-06.59.19:786][  0]SourceControl: Info Source control is disabled
[2017.04.21-06.59.19:834][  0]SourceControl: Info Source control is disabled
[2017.04.21-06.59.19:879][  0]SourceControl: Info Source control is disabled
[2017.04.21-06.59.21:303][  0]LogEngine: Initializing Engine...
[2017.04.21-06.59.21:304][  0]LogHMD: Failed to initialize OpenVR with code 110
[2017.04.21-06.59.21:651][  0]LogAIModule: Creating AISystem for world Untitled
[2017.04.21-06.59.21:668][  0]LogInit: XAudio2 using 'Haut-parleurs (2- USB Audio Device)' : 2 channels at 44.1 kHz using 16 bits per sample (channel mask 0x3)
[2017.04.21-06.59.21:678][  0]LogInit: FAudioDevice initialized.
[2017.04.21-06.59.21:711][  0]LogDerivedDataCache: Saved boot cache 0.03s 50MB C:/Users/Aratim/AppData/Local/UnrealEngine/4.15/DerivedDataCache/Boot.ddc.
[2017.04.21-06.59.21:723][  0]LogInit: Texture streaming: Enabled
[2017.04.21-06.59.21:818][  0]LogEngineSessionManager: EngineSessionManager initialized
[2017.04.21-06.59.21:818][  0]LogEngineSessionManager: EngineSessionManager sent abnormal shutdown report. Type=AbnormalShutdown, SessionId={E73AF00A-464D-1A03-67B4-98B388064363}
[2017.04.21-06.59.21:909][  0]LogInit: Transaction tracking system initialized
[2017.04.21-06.59.22:237][  0]BlueprintLog: New page: Editor Load
[2017.04.21-06.59.23:099][  0]LocalizationService: Info Localization service is disabled
[2017.04.21-06.59.23:766][  0]LogConsoleResponse:Display: 
[2017.04.21-06.59.24:133][  0]LogCook:Display: Max memory allowance for cook 16384mb min free memory 0mb
[2017.04.21-06.59.24:133][  0]LogCook:Display: Mobile HDR setting 1
[2017.04.21-06.59.24:498][  0]LogFileCache: Scanning file cache for directory 'X:/Aratim/Documents/GitHub/ProjetInfoSolo/IsekaiLife 4.15/Content/' took 0.04s
[2017.04.21-06.59.26:309][  0]SourceControl: Info Source control is disabled
[2017.04.21-06.59.26:312][  0]Cmd: MAP LOAD FILE="X:/Aratim/Documents/GitHub/ProjetInfoSolo/IsekaiLife 4.15/Content/ThirdPersonBP/Maps/ThirdPersonExampleMap.umap" TEMPLATE=0 SHOWPROGRESS=1 FEATURELEVEL=3
[2017.04.21-06.59.26:416][  0]LightingResults: New page: Lighting Build
[2017.04.21-06.59.26:463][  0]MapCheck: New page: Map Check
[2017.04.21-06.59.26:463][  0]LightingResults: New page: Lighting Build
[2017.04.21-06.59.30:937][  0]LogProperty:Error: UStructProperty::Serialize Loading: Property 'StructProperty /Game/QuestSystem/Widgets/QuestWidget.QuestWidget_C:GenerateSubWidget.CallFunc_Array_Get_Item'. Unknown structure.
[2017.04.21-06.59.38:865][  0]LogSpawn:Warning: UWorld::DestroyActor: World has no context! World: ThirdPersonExampleMap, Actor: /Game/ThirdPersonBP/Maps/ThirdPersonExampleMap.ThirdPersonExampleMap:PersistentLevel.DESTROYED_MapCapture_C_CHILDACTOR_51
[2017.04.21-06.59.39:329][  0]LogAIModule: Creating AISystem for world ThirdPersonExampleMap
[2017.04.21-06.59.39:395][  0]LogEditorServer: Finished looking for orphan Actors (0.000 secs)
[2017.04.21-06.59.39:398][  0]Cmd: MAP CHECKDEP NOCLEARLOG
[2017.04.21-06.59.39:458][  0]MapCheck: Info Map check complete: 0 Error(s), 0 Warning(s), took 59.532ms to complete.
[2017.04.21-06.59.39:458][  0]LogFileHelpers: Loading map 'ThirdPersonExampleMap' took 13.147
[2017.04.21-06.59.39:800][  0]LogCollectionManager: Loaded 0 collections in 0.022928 seconds
[2017.04.21-06.59.39:956][  0]LogFileCache: Scanning file cache for directory 'X:/Aratim/Documents/GitHub/ProjetInfoSolo/IsekaiLife 4.15/Saved/Collections/' took 0.01s
[2017.04.21-06.59.39:956][  0]LogFileCache: Scanning file cache for directory 'X:/Aratim/Documents/GitHub/ProjetInfoSolo/IsekaiLife 4.15/Content/Developers/Aratim/Collections/' took 0.01s
[2017.04.21-06.59.39:956][  0]LogFileCache: Scanning file cache for directory 'X:/Aratim/Documents/GitHub/ProjetInfoSolo/IsekaiLife 4.15/Content/Collections/' took 0.01s
[2017.04.21-06.59.39:956][  0]LogCollectionManager: Rebuilt the GUID cache for 0 collections in 0.000010 seconds
[2017.04.21-06.59.39:978][  0]LogContentBrowser: Native class hierarchy populated in 0.0184 seconds. Added 2245 classes and 453 folders.
[2017.04.21-06.59.39:992][  0]LogStats: UGameplayTagsManager::ConstructGameplayTagTree: Construct from data asset -  0.000 s
[2017.04.21-06.59.39:993][  0]LogStats: UGameplayTagsManager::ConstructGameplayTagTree: GameplayTagTreeChangedEvent.Broadcast -  0.000 s
[2017.04.21-06.59.40:095][  0]LogContentBrowser: Native class hierarchy updated for 'WidgetCarousel' in 0.0007 seconds. Added 0 classes and 0 folders.
[2017.04.21-06.59.40:442][  0]LogContentBrowser: Native class hierarchy updated for 'AddContentDialog' in 0.0006 seconds. Added 0 classes and 0 folders.
[2017.04.21-06.59.40:493][  0]LogContentBrowser: Native class hierarchy updated for 'SceneOutliner' in 0.0006 seconds. Added 1 classes and 2 folders.
[2017.04.21-06.59.40:610][  0]LogCrashTracker: Crashtracker disabled due to settings.
[2017.04.21-06.59.40:624][  0]LogUObjectGlobals:Warning: Failed to find object 'Class None.'
[2017.04.21-06.59.40:826][  0]LogContentBrowser: Native class hierarchy updated for 'HierarchicalLODOutliner' in 0.0007 seconds. Added 1 classes and 2 folders.
[2017.04.21-06.59.40:828][  0]LogLoad: (Engine Initialization) Total time: 45.34 seconds
[2017.04.21-06.59.40:828][  0]LogLoad: (Engine Initialization) Total Blueprint compile time: 2.22 seconds
[2017.04.21-06.59.40:828][  0]LogExternalProfiler: Found external profiler: VSPerf
[2017.04.21-06.59.40:828][  0]LogExternalProfiler: Using external profiler: VSPerf
[2017.04.21-06.59.41:169][  0]LogOcInput: OculusInput pre-init called
[2017.04.21-06.59.41:210][  0]LogContentStreaming: Texture pool size now 1000 MB
[2017.04.21-06.59.41:225][  0]LogSlate: Took 0.009876 seconds to synchronously load lazily loaded font '../../../Engine/Content/Slate/Fonts/Roboto-Regular.ttf' (155K)
[2017.04.21-06.59.41:244][  0]LogSlate: Took 0.009803 seconds to synchronously load lazily loaded font '../../../Engine/Content/Slate/Fonts/Roboto-Bold.ttf' (160K)
[2017.04.21-06.59.41:268][  0]LogSlate: Took 0.007573 seconds to synchronously load lazily loaded font '../../../Engine/Content/Editor/Slate/Fonts/FontAwesome.ttf' (139K)
[2017.04.21-06.59.41:499][  0]LogRenderer: Reallocating scene render targets to support 300x300 NumSamples 1 (Frame:2).
[2017.04.21-06.59.41:530][  0]LogRenderer: Reallocating scene render targets to support 1208x576 NumSamples 1 (Frame:2).
[2017.04.21-06.59.41:659][  1]LogSlate: Took 0.004518 seconds to synchronously load lazily loaded font '../../../Engine/Content/Slate/Fonts/Roboto-Light.ttf' (159K)
[2017.04.21-06.59.45:274][ 12]LogAssetRegistry: Asset discovery search completed in 29.8622 seconds
[2017.04.21-06.59.45:278][ 12]LogCollectionManager: Rebuilt the object cache for 0 collections in 0.000018 seconds (found 0 objects)
[2017.04.21-06.59.45:278][ 12]LogCollectionManager: Fixed up redirectors for 0 collections in 0.004458 seconds (updated 0 objects)
[2017.04.21-07.00.39:573][225]LogSlate:Warning: Prevented a slow task dialog from being summoned while a context menu was open
[2017.04.21-07.00.45:610][225]LogMaterial: Missing cached shader map for material M_Elemental_Robot_Master, compiling. 
[2017.04.21-07.00.45:612][225]LogTemp:Display: Added material ShaderMap 0x00000194E927E080 with Material 0x00000194BEFE0E80 to ShaderMapsBeingCompiled
[2017.04.21-07.00.45:650][225]LogTemp:Display: Kicking off shader compilation for M_Elemental_Robot_Master, GameThreadShaderMap 0x00000194E927E080
[2017.04.21-07.00.45:653][225]LogMaterial: Missing cached shader map for material CharM_Golem_Weapon, compiling. 
[2017.04.21-07.00.45:654][225]LogTemp:Display: Added material ShaderMap 0x00000194E9643200 with Material 0x00000194E2EF6F80 to ShaderMapsBeingCompiled
[2017.04.21-07.00.45:682][225]LogTemp:Display: Kicking off shader compilation for CharM_Golem_Weapon, GameThreadShaderMap 0x00000194E9643200
[2017.04.21-07.00.45:686][225]LogMaterial: Missing cached shader map for material CharM_Greater_Spider_Boss, compiling. 
[2017.04.21-07.00.45:687][225]LogTemp:Display: Added material ShaderMap 0x00000194EBB21280 with Material 0x00000194E2F26B00 to ShaderMapsBeingCompiled
[2017.04.21-07.00.45:714][225]LogTemp:Display: Kicking off shader compilation for CharM_Greater_Spider_Boss, GameThreadShaderMap 0x00000194EBB21280
[2017.04.21-07.00.45:728][225]LogMaterial: Missing cached shader map for material CharM_Enemy_Wolf, compiling. 
[2017.04.21-07.00.45:729][225]LogTemp:Display: Added material ShaderMap 0x00000194EB2FF580 with Material 0x00000194B83EE380 to ShaderMapsBeingCompiled
[2017.04.21-07.00.45:755][225]LogTemp:Display: Kicking off shader compilation for CharM_Enemy_Wolf, GameThreadShaderMap 0x00000194EB2FF580
[2017.04.21-07.00.46:150][225]LogTexture:Display: Building textures: T_Enemy_Wolf_Poison_D (AutoDXT, 2048X2048) - 148 MB total VRAM
[2017.04.21-07.00.51:803][225]LogTexture:Display: Building textures: T_Enemy_Wolf_D (AutoDXT, 2048X2048) - 148 MB total VRAM
[2017.04.21-07.00.56:570][225]LogTexture:Display: Building textures: EXO_Gruntling_Scud_D (AutoDXT, 2048X2048) - 148 MB total VRAM
[2017.04.21-07.00.59:350][225]LogMaterial: Missing cached shader map for material CharM_Gruntling_Scud_C, compiling. 
[2017.04.21-07.00.59:351][225]LogTemp:Display: Added material ShaderMap 0x00000194ECB60B80 with Material 0x00000194B9788E80 to ShaderMapsBeingCompiled
[2017.04.21-07.00.59:379][225]LogTemp:Display: Kicking off shader compilation for CharM_Gruntling_Scud_C, GameThreadShaderMap 0x00000194ECB60B80
[2017.04.21-07.00.59:390][225]LogTexture:Display: Building textures: T_Gruntling_Guardian_M (AutoDXT, 1024X1024) - 148 MB total VRAM
[2017.04.21-07.00.59:677][225]LogTexture:Display: Building textures: T_Gruntling_Guardian_N (BC5, 2048X2048) - 148 MB total VRAM
[2017.04.21-07.01.00:480][225]LogTexture:Display: Building textures: T_Gruntling_Guardian_D (AutoDXT, 1024X1024) - 148 MB total VRAM
[2017.04.21-07.01.01:900][225]LogMaterial: Missing cached shader map for material CharM_Gruntling_Guardian, compiling. 
[2017.04.21-07.01.01:901][225]LogTemp:Display: Added material ShaderMap 0x00000194ECE12E80 with Material 0x00000194B9796B00 to ShaderMapsBeingCompiled
[2017.04.21-07.01.01:946][225]LogTemp:Display: Kicking off shader compilation for CharM_Gruntling_Guardian, GameThreadShaderMap 0x00000194ECE12E80
[2017.04.21-07.01.02:390][225]LogTexture:Display: Building textures: T_Robo_Golem_D (AutoDXT, 2048X2048) - 148 MB total VRAM
[2017.04.21-07.01.08:363][225]LogTexture:Display: Building textures: T_Robo_Golem_N (AutoDXT, 2048X2048) - 148 MB total VRAM
