Log file open, 03/21/17 21:59:50
LogInit:Display: Running engine for game: IsekaiLife
LogPlatformFile: Not using cached read wrapper
LogInit:Display: RandInit(1617783179) SRandInit(1617783179).
LogTaskGraph: Started task graph with 5 named threads and 8 total threads with 1 sets of task threads.
LogStats: Stats thread started at 0.110621
LogInit: Using libcurl 7.47.1
LogInit:  - built for x86_64-pc-win32
LogInit:  - supports SSL with OpenSSL/1.0.2g
LogInit:  - supports HTTP deflate (compression) using libz 1.2.8
LogInit:  - other features:
LogInit:      CURL_VERSION_SSL
LogInit:      CURL_VERSION_LIBZ
LogInit:      CURL_VERSION_IPV6
LogInit:      CURL_VERSION_ASYNCHDNS
LogInit:      CURL_VERSION_LARGEFILE
LogInit:      CURL_VERSION_IDN
LogInit:  CurlRequestOptions (configurable via config and command line):
LogInit:  - bVerifyPeer = false  - Libcurl will NOT verify peer certificate
LogInit:  - bUseHttpProxy = false  - Libcurl will NOT use HTTP proxy
LogInit:  - bDontReuseConnections = false  - Libcurl will reuse connections
LogInit:  - CertBundlePath = nullptr  - Libcurl will use whatever was configured at build time.
LogInit: Build: ++UE4+Release-4.15-CL-3348071
LogInit: Engine Version: 4.15.1-3348071+++UE4+Release-4.15
LogInit: Compatible Engine Version: 4.15.0-3299760+++UE4+Release-4.15
LogInit: Net CL: 3299760
LogDevObjectVersion: Number of dev versions registered: 14
LogDevObjectVersion:   Dev-Blueprints (B0D832E4-1F89-4F0D-ACCF-7EB736FD4AA2): 8
LogDevObjectVersion:   Dev-Build (E1C64328-A22C-4D53-A36C-8E866417BD8C): 0
LogDevObjectVersion:   Dev-Core (375EC13C-06E4-48FB-B500-84F0262A717E): 2
LogDevObjectVersion:   Dev-Editor (E4B068ED-F494-42E9-A231-DA0B2E46BB41): 14
LogDevObjectVersion:   Dev-Framework (CFFC743F-43B0-4480-9391-14DF171D2073): 22
LogDevObjectVersion:   Dev-Mobile (B02B49B5-BB20-44E9-A304-32B752E40360): 0
LogDevObjectVersion:   Dev-Networking (A4E4105C-59A1-49B5-A7C5-40C4547EDFEE): 0
LogDevObjectVersion:   Dev-Online (39C831C9-5AE6-47DC-9A44-9C173E1C8E7C): 0
LogDevObjectVersion:   Dev-Physics (78F01B33-EBEA-4F98-B9B4-84EACCB95AA2): 0
LogDevObjectVersion:   Dev-Platform (6631380F-2D4D-43E0-8009-CF276956A95A): 0
LogDevObjectVersion:   Dev-Rendering (12F88B9F-8875-4AFC-A67C-D90C383ABD29): 12
LogDevObjectVersion:   Dev-Sequencer (7B5AE74C-D270-4C10-A958-57980B212A5A): 3
LogDevObjectVersion:   Dev-VR (D7296918-1DD6-4BDD-9DE2-64A83CC13884): 0
LogDevObjectVersion:   Dev-LoadTimes (C2A15278-BFE7-4AFE-6C17-90FF531DF755): 1
LogInit: Compiled (64-bit): Mar 15 2017 16:52:47
LogInit: Compiled with Visual C++: 19.00.23026.00
LogInit: Build Configuration: Development
LogInit: Branch Name: ++UE4+Release-4.15
LogInit: Command line:  
LogInit: Base directory: C:/Program Files/Epic Games/UE_4.15/Engine/Binaries/Win64/
LogInit: Installed Engine Build: 1
LogInit: Presizing for max 8388607 objects, including 0 objects not considered by GC, pre-allocating 0 bytes for permanent pool.
LogInit: Object subsystem initialized
[2017.03.21-20.59.51:690][  0]LogInit: Selected Device Profile: [Windows]
[2017.03.21-20.59.51:690][  0]LogInit: Applying CVar settings loaded from the selected device profile: [Windows]
[2017.03.21-20.59.51:717][  0]LogInit: Computer: DESKTOP-IJKOIIJ
[2017.03.21-20.59.51:717][  0]LogInit: User: Aratim
[2017.03.21-20.59.51:717][  0]LogInit: CPU Page size=65536, Cores=4
[2017.03.21-20.59.51:717][  0]LogInit: High frequency timer resolution =3.417978 MHz
[2017.03.21-20.59.51:718][  0]LogMemory: Memory total: Physical=8.0GB (8GB approx)
[2017.03.21-20.59.51:718][  0]LogMemory: Platform Memory Stats for Windows
[2017.03.21-20.59.51:718][  0]LogMemory: Process Physical Memory: 262.63 MB used, 262.63 MB peak
[2017.03.21-20.59.51:718][  0]LogMemory: Process Virtual Memory: 262.48 MB used, 262.48 MB peak
[2017.03.21-20.59.51:718][  0]LogMemory: Physical Memory: 3284.66 MB used,  4856.19 MB free, 8140.85 MB total
[2017.03.21-20.59.51:718][  0]LogMemory: Virtual Memory: 644.41 MB used,  4856.19 MB free, 134217728.00 MB total
[2017.03.21-20.59.52:106][  0]LogTextLocalizationManager: No translations for ('fr-FR') exist, falling back to 'en' for localization and internationalization data.
[2017.03.21-20.59.54:235][  0]LogD3D11RHI: D3D11 adapters:
[2017.03.21-20.59.54:754][  0]LogD3D11RHI:    0. 'NVIDIA GeForce GTX 1060 6GB' (Feature Level 11_0)
[2017.03.21-20.59.54:754][  0]LogD3D11RHI:       6084/0/4070 MB DedicatedVideo/DedicatedSystem/SharedSystem, Outputs:1, VendorId:0x10de
[2017.03.21-20.59.54:756][  0]LogD3D11RHI:    1. 'Microsoft Basic Render Driver' (Feature Level 11_0)
[2017.03.21-20.59.54:756][  0]LogD3D11RHI:       0/0/4070 MB DedicatedVideo/DedicatedSystem/SharedSystem, Outputs:0, VendorId:0x1414
[2017.03.21-20.59.54:756][  0]LogD3D11RHI: Chosen D3D11 Adapter: 0
[2017.03.21-20.59.54:765][  0]LogD3D11RHI: Creating new Direct3DDevice
[2017.03.21-20.59.54:765][  0]LogD3D11RHI:     GPU DeviceId: 0x1c03 (for the marketing name, search the web for "GPU Device Id")
[2017.03.21-20.59.54:765][  0]LogWindows: EnumDisplayDevices:
[2017.03.21-20.59.54:765][  0]LogWindows:    0. 'NVIDIA GeForce GTX 1060 6GB' (P:1 D:1)
[2017.03.21-20.59.54:765][  0]LogWindows:    1. 'NVIDIA GeForce GTX 1060 6GB' (P:0 D:0)
[2017.03.21-20.59.54:765][  0]LogWindows:    2. 'NVIDIA GeForce GTX 1060 6GB' (P:0 D:0)
[2017.03.21-20.59.54:765][  0]LogWindows:    3. 'NVIDIA GeForce GTX 1060 6GB' (P:0 D:0)
[2017.03.21-20.59.54:765][  0]LogWindows: DebugString: FoundDriverCount:4 
[2017.03.21-20.59.54:765][  0]LogD3D11RHI:     Adapter Name: NVIDIA GeForce GTX 1060 6GB
[2017.03.21-20.59.54:766][  0]LogD3D11RHI:   Driver Version: 378.92 (internal:21.21.13.7892, unified:378.92)
[2017.03.21-20.59.54:766][  0]LogD3D11RHI:      Driver Date: 3-16-2017
[2017.03.21-20.59.54:766][  0]LogRHI: Texture pool is 1361 MB (70% of 1945 MB)
[2017.03.21-20.59.55:258][  0]LogD3D11RHI: Async texture creation enabled
[2017.03.21-20.59.55:315][  0]LogD3D11RHI: GPU Timing Frequency: 1000.000000 (Debug: 2 0)
[2017.03.21-20.59.55:376][  0]LogShaderCompilers: Guid format shader working directory is -9 characters bigger than the processId version (X:/Aratim/Documents/GitHub/ProjetInfoSolo/IsekaiLife 4.15/Intermediate/Shaders/WorkingDirectory/660/).
[2017.03.21-20.59.55:376][  0]LogShaderCompilers: Cleaned the shader compiler working directory 'C:/Users/Aratim/AppData/Local/Temp/UnrealShaderWorkingDir/B112D2DB4D78C367A4AB43B3C1C303E1/'.
[2017.03.21-20.59.55:376][  0]LogShaderCompilers:Display: Using Local Shader Compiler.
[2017.03.21-20.59.57:796][  0]LogTemp:Display: Loaded TP AllDesktopTargetPlatform
[2017.03.21-20.59.57:843][  0]LogTemp:Display: Loaded TP MacClientTargetPlatform
[2017.03.21-20.59.57:898][  0]LogTemp:Display: Loaded TP MacNoEditorTargetPlatform
[2017.03.21-20.59.57:952][  0]LogTemp:Display: Loaded TP MacServerTargetPlatform
[2017.03.21-20.59.58:005][  0]LogTemp:Display: Loaded TP MacTargetPlatform
[2017.03.21-20.59.58:080][  0]LogTemp:Display: Loaded TP WindowsClientTargetPlatform
[2017.03.21-20.59.58:132][  0]LogTemp:Display: Loaded TP WindowsNoEditorTargetPlatform
[2017.03.21-20.59.58:184][  0]LogTemp:Display: Loaded TP WindowsServerTargetPlatform
[2017.03.21-20.59.58:226][  0]LogTemp:Display: Loaded TP WindowsTargetPlatform
[2017.03.21-20.59.58:278][  0]LogTemp:Display: Loaded TP AndroidTargetPlatform
[2017.03.21-20.59.58:330][  0]LogTemp:Display: Loaded TP Android_ASTCTargetPlatform
[2017.03.21-20.59.58:378][  0]LogTemp:Display: Loaded TP Android_ATCTargetPlatform
[2017.03.21-20.59.58:426][  0]LogTemp:Display: Loaded TP Android_DXTTargetPlatform
[2017.03.21-20.59.58:478][  0]LogTemp:Display: Loaded TP Android_ETC1TargetPlatform
[2017.03.21-20.59.58:525][  0]LogTemp:Display: Loaded TP Android_ETC2TargetPlatform
[2017.03.21-20.59.58:627][  0]LogTemp:Display: Loaded TP Android_MultiTargetPlatform
[2017.03.21-20.59.58:627][  0]LogTemp:Display: Loaded TP Android_PVRTCTargetPlatform
[2017.03.21-20.59.58:663][  0]LogTemp:Display: Loaded TP HTML5TargetPlatform
[2017.03.21-20.59.58:775][  0]LogTemp:Display: Loaded TP IOSTargetPlatform
[2017.03.21-20.59.58:809][  0]LogTemp:Display: Loaded TP TVOSTargetPlatform
[2017.03.21-20.59.58:864][  0]LogTemp:Display: Loaded TP LinuxClientTargetPlatform
[2017.03.21-20.59.58:913][  0]LogTemp:Display: Loaded TP LinuxNoEditorTargetPlatform
[2017.03.21-20.59.58:960][  0]LogTemp:Display: Loaded TP LinuxServerTargetPlatform
[2017.03.21-20.59.59:020][  0]LogTemp:Display: Loaded TP LinuxTargetPlatform
[2017.03.21-20.59.59:020][  0]LogTargetPlatformManager:Display: Building Assets For Windows
[2017.03.21-20.59.59:691][  0]LogDerivedDataCache:Display: Max Cache Size: 512 MB
[2017.03.21-20.59.59:922][  0]LogDerivedDataCache: Loaded boot cache 0.23s 52MB C:/Users/Aratim/AppData/Local/UnrealEngine/4.15/DerivedDataCache/Boot.ddc.
[2017.03.21-20.59.59:923][  0]LogDerivedDataCache:Display: Loaded Boot cache: C:/Users/Aratim/AppData/Local/UnrealEngine/4.15/DerivedDataCache/Boot.ddc
[2017.03.21-20.59.59:923][  0]LogDerivedDataCache: FDerivedDataBackendGraph:  Pak pak cache file X:/Aratim/Documents/GitHub/ProjetInfoSolo/IsekaiLife 4.15/DerivedDataCache/DDC.ddp not found, will not use a pak cache.
[2017.03.21-20.59.59:923][  0]LogDerivedDataCache: Unable to find inner node Pak for hierarchical cache Hierarchy.
[2017.03.21-20.59.59:923][  0]LogDerivedDataCache: FDerivedDataBackendGraph:  CompressedPak pak cache file X:/Aratim/Documents/GitHub/ProjetInfoSolo/IsekaiLife 4.15/DerivedDataCache/Compressed.ddp not found, will not use a pak cache.
[2017.03.21-20.59.59:923][  0]LogDerivedDataCache: Unable to find inner node CompressedPak for hierarchical cache Hierarchy.
[2017.03.21-20.59.59:949][  0]LogDerivedDataCache:Display: Pak cache opened for reading ../../../Engine/DerivedDataCache/Compressed.ddp.
[2017.03.21-20.59.59:962][  0]LogDerivedDataCache: Using Local data cache path C:/Users/Aratim/AppData/Local/UnrealEngine/Common/DerivedDataCache: Writable
[2017.03.21-20.59.59:986][  0]LogSlate: Using Freetype 2.6.0
[2017.03.21-20.59.59:996][  0]LogSlate: SlateFontCache - WITH_FREETYPE: 1, WITH_HARFBUZZ: 1
[2017.03.21-20.59.59:996][  0]LogSlate: SlateFontCache - WITH_FREETYPE: 1, WITH_HARFBUZZ: 1
[2017.03.21-21.00.03:148][  0]LogInit: Selected Device Profile: [Windows]
[2017.03.21-21.00.03:158][  0]LogContentStreaming: Texture pool size is 0.00 MB
[2017.03.21-21.00.03:417][  0]LogMeshUtilities: Using QuadricMeshReduction for automatic static mesh reduction
[2017.03.21-21.00.03:458][  0]LogSimplygon: Simplygon DLL not present - disabling.
[2017.03.21-21.00.03:502][  0]LogMeshUtilities: Using SimplygonSwarm for distributed automatic mesh merging
[2017.03.21-21.00.03:502][  0]LogMeshUtilities: No automatic skeletal mesh reduction module available
[2017.03.21-21.00.03:502][  0]LogMeshUtilities: No automatic mesh merging module available
[2017.03.21-21.00.04:811][  0]LogNetVersion: GetLocalNetworkVersion: CL: 3299760, ProjectName: isekailife, ProjectVersion: , EngineNetworkVersion: 2, GameNetworkVersion: 0, NetworkChecksum: 721096836
[2017.03.21-21.00.04:865][  0]LogAssetRegistry: FAssetRegistry took 0.0249 seconds to start up
[2017.03.21-21.00.04:902][  0]LogPackageLocalizationCache: Processed 3 localized package path(s) for 1 prioritized culture(s) in 0.014362 seconds
[2017.03.21-21.00.04:908][  0]LogUObjectArray: 32493 objects as part of root set at end of initial load.
[2017.03.21-21.00.04:908][  0]LogUObjectAllocator: 7077024 out of 0 bytes used by permanent object pool.
[2017.03.21-21.00.04:908][  0]LogUObjectArray: CloseDisregardForGC: 0/0 objects in disregard for GC pool
[2017.03.21-21.00.04:966][  0]LogInit: WinSock: version 1.1 (2.2), MaxSocks=32767, MaxUdp=65467
[2017.03.21-21.00.07:810][  0]LogTcpMessaging: Initializing TcpMessaging bridge
[2017.03.21-21.00.07:852][  0]LogUdpMessaging: Initializing bridge on interface 0.0.0.0:0 to multicast group 230.0.0.1:6666.
[2017.03.21-21.00.08:428][  0]LogMaterial: Uniform references updated for custom material expression Custom.
[2017.03.21-21.00.08:883][  0]SourceControl: Info Source control is disabled
[2017.03.21-21.00.08:884][  0]SourceControl: Info Source control is disabled
[2017.03.21-21.00.08:933][  0]SourceControl: Info Source control is disabled
[2017.03.21-21.00.08:977][  0]SourceControl: Info Source control is disabled
[2017.03.21-21.00.10:248][  0]LogEngine: Initializing Engine...
[2017.03.21-21.00.10:250][  0]LogHMD: Failed to initialize OpenVR with code 110
[2017.03.21-21.00.10:606][  0]LogAIModule: Creating AISystem for world Untitled
[2017.03.21-21.00.10:622][  0]LogInit: XAudio2 using 'Haut-parleurs (2- USB Audio Device)' : 2 channels at 44.1 kHz using 16 bits per sample (channel mask 0x3)
[2017.03.21-21.00.10:630][  0]LogInit: FAudioDevice initialized.
[2017.03.21-21.00.10:661][  0]LogDerivedDataCache: Saved boot cache 0.03s 50MB C:/Users/Aratim/AppData/Local/UnrealEngine/4.15/DerivedDataCache/Boot.ddc.
[2017.03.21-21.00.10:668][  0]LogInit: Texture streaming: Enabled
[2017.03.21-21.00.10:756][  0]LogEngineSessionManager: EngineSessionManager initialized
[2017.03.21-21.00.10:842][  0]LogInit: Transaction tracking system initialized
[2017.03.21-21.00.11:175][  0]BlueprintLog: New page: Editor Load
[2017.03.21-21.00.12:051][  0]LocalizationService: Info Localization service is disabled
[2017.03.21-21.00.12:705][  0]LogConsoleResponse:Display: 
[2017.03.21-21.00.13:053][  0]LogCook:Display: Max memory allowance for cook 16384mb min free memory 0mb
[2017.03.21-21.00.13:053][  0]LogCook:Display: Mobile HDR setting 1
[2017.03.21-21.00.13:638][  0]LogFileCache: Scanning file cache for directory 'X:/Aratim/Documents/GitHub/ProjetInfoSolo/IsekaiLife 4.15/Content/' took 0.03s
[2017.03.21-21.00.14:075][  0]SourceControl: Info Source control is disabled
[2017.03.21-21.00.14:078][  0]Cmd: MAP LOAD FILE="X:/Aratim/Documents/GitHub/ProjetInfoSolo/IsekaiLife 4.15/Content/ThirdPersonBP/Maps/ThirdPersonExampleMap.umap" TEMPLATE=0 SHOWPROGRESS=1 FEATURELEVEL=3
[2017.03.21-21.00.14:080][  0]LightingResults: New page: Lighting Build
[2017.03.21-21.00.14:122][  0]MapCheck: New page: Map Check
[2017.03.21-21.00.14:122][  0]LightingResults: New page: Lighting Build
[2017.03.21-21.00.15:415][  0]LogProperty:Error: UStructProperty::Serialize Loading: Property 'StructProperty /Game/InventorySystem/Widgets/DetailWidget.DetailWidget_C:ItemInfo'. Unknown structure.
[2017.03.21-21.00.15:415][  0]LogClass:Warning: Property ItemInfo of ItemInfo has a struct type mismatch (tag STRUCT_REINST_S_ItemInfo_0 != prop FallbackStruct) in package:  X:/Aratim/Documents/GitHub/ProjetInfoSolo/IsekaiLife 4.15/Content/InventorySystem/Widgets/DetailWidget.uasset. If that struct got renamed, add an entry to ActiveStructRedirects.
[2017.03.21-21.00.15:440][  0]LogClass:Warning: Property ItemInfo of ItemInfo has a struct type mismatch (tag FallbackStruct != prop S_ItemInfo) in package:  FObjectReader. If that struct got renamed, add an entry to ActiveStructRedirects.
[2017.03.21-21.00.15:470][  0]LogProperty:Error: UStructProperty::Serialize Loading: Property 'StructProperty /Game/InventorySystem/Widgets/DraggedItem.DraggedItem_C:ItemInfo'. Unknown structure.
[2017.03.21-21.00.15:470][  0]LogClass:Warning: Property ItemInfo of ItemInfo has a struct type mismatch (tag STRUCT_REINST_S_ItemInfo_0 != prop FallbackStruct) in package:  X:/Aratim/Documents/GitHub/ProjetInfoSolo/IsekaiLife 4.15/Content/InventorySystem/Widgets/DraggedItem.uasset. If that struct got renamed, add an entry to ActiveStructRedirects.
[2017.03.21-21.00.15:476][  0]LogClass:Warning: Property ItemInfo of ItemInfo has a struct type mismatch (tag FallbackStruct != prop S_ItemInfo) in package:  FObjectReader. If that struct got renamed, add an entry to ActiveStructRedirects.
[2017.03.21-21.00.18:078][  0]LogAIModule: Creating AISystem for world ThirdPersonExampleMap
[2017.03.21-21.00.18:128][  0]LogEditorServer: Finished looking for orphan Actors (0.000 secs)
[2017.03.21-21.00.18:130][  0]Cmd: MAP CHECKDEP NOCLEARLOG
[2017.03.21-21.00.18:175][  0]MapCheck: Info Map check complete: 0 Error(s), 0 Warning(s), took 45.891ms to complete.
[2017.03.21-21.00.18:175][  0]LogFileHelpers: Loading map 'ThirdPersonExampleMap' took 4.098
[2017.03.21-21.00.18:436][  0]LogCollectionManager: Loaded 0 collections in 0.002167 seconds
[2017.03.21-21.00.18:535][  0]LogFileCache: Scanning file cache for directory 'X:/Aratim/Documents/GitHub/ProjetInfoSolo/IsekaiLife 4.15/Saved/Collections/' took 0.01s
[2017.03.21-21.00.18:535][  0]LogFileCache: Scanning file cache for directory 'X:/Aratim/Documents/GitHub/ProjetInfoSolo/IsekaiLife 4.15/Content/Developers/Aratim/Collections/' took 0.01s
[2017.03.21-21.00.18:535][  0]LogFileCache: Scanning file cache for directory 'X:/Aratim/Documents/GitHub/ProjetInfoSolo/IsekaiLife 4.15/Content/Collections/' took 0.01s
[2017.03.21-21.00.18:535][  0]LogCollectionManager: Rebuilt the GUID cache for 0 collections in 0.000002 seconds
[2017.03.21-21.00.18:547][  0]LogContentBrowser: Native class hierarchy populated in 0.0091 seconds. Added 2245 classes and 453 folders.
[2017.03.21-21.00.18:554][  0]LogStats: UGameplayTagsManager::ConstructGameplayTagTree: Construct from data asset -  0.000 s
[2017.03.21-21.00.18:555][  0]LogStats: UGameplayTagsManager::ConstructGameplayTagTree: GameplayTagTreeChangedEvent.Broadcast -  0.000 s
[2017.03.21-21.00.18:612][  0]LogContentBrowser: Native class hierarchy updated for 'WidgetCarousel' in 0.0004 seconds. Added 0 classes and 0 folders.
[2017.03.21-21.00.18:929][  0]LogContentBrowser: Native class hierarchy updated for 'AddContentDialog' in 0.0004 seconds. Added 0 classes and 0 folders.
[2017.03.21-21.00.18:976][  0]LogContentBrowser: Native class hierarchy updated for 'SceneOutliner' in 0.0004 seconds. Added 1 classes and 2 folders.
[2017.03.21-21.00.19:186][  0]LogCrashTracker: Crashtracker disabled due to settings.
[2017.03.21-21.00.19:198][  0]LogUObjectGlobals:Warning: Failed to find object 'Class None.'
[2017.03.21-21.00.19:267][  0]LogContentBrowser: Native class hierarchy updated for 'HierarchicalLODOutliner' in 0.0005 seconds. Added 1 classes and 2 folders.
[2017.03.21-21.00.19:268][  0]LogLoad: (Engine Initialization) Total time: 31.10 seconds
[2017.03.21-21.00.19:268][  0]LogLoad: (Engine Initialization) Total Blueprint compile time: 0.73 seconds
[2017.03.21-21.00.19:268][  0]LogExternalProfiler: Found external profiler: VSPerf
[2017.03.21-21.00.19:268][  0]LogExternalProfiler: Using external profiler: VSPerf
[2017.03.21-21.00.19:612][  0]LogOcInput: OculusInput pre-init called
[2017.03.21-21.00.19:637][  0]LogContentStreaming: Texture pool size now 1000 MB
[2017.03.21-21.00.19:645][  0]LogSlate: Took 0.004637 seconds to synchronously load lazily loaded font '../../../Engine/Content/Slate/Fonts/Roboto-Regular.ttf' (155K)
[2017.03.21-21.00.19:654][  0]LogSlate: Took 0.004927 seconds to synchronously load lazily loaded font '../../../Engine/Content/Slate/Fonts/Roboto-Bold.ttf' (160K)
[2017.03.21-21.00.19:665][  0]LogSlate: Took 0.005292 seconds to synchronously load lazily loaded font '../../../Engine/Content/Editor/Slate/Fonts/FontAwesome.ttf' (139K)
[2017.03.21-21.00.19:858][  0]LogSlate: Took 0.004906 seconds to synchronously load lazily loaded font '../../../Engine/Content/Slate/Fonts/Roboto-Light.ttf' (159K)
[2017.03.21-21.00.19:885][  0]LogRenderer: Reallocating scene render targets to support 1208x576 NumSamples 1 (Frame:2).
[2017.03.21-21.00.20:633][  3]LogAssetRegistry: Asset discovery search completed in 15.7901 seconds
[2017.03.21-21.00.20:633][  3]LogCollectionManager: Rebuilt the object cache for 0 collections in 0.000007 seconds (found 0 objects)
[2017.03.21-21.00.20:633][  3]LogCollectionManager: Fixed up redirectors for 0 collections in 0.000359 seconds (updated 0 objects)
[2017.03.21-21.00.20:649][  3]LogSlate: Took 0.000181 seconds to synchronously load lazily loaded font '../../../Engine/Content/Slate/Fonts/Roboto-Light.ttf' (159K)
[2017.03.21-21.00.26:043][ 65]LogSlate: Took 0.000172 seconds to synchronously load lazily loaded font '../../../Engine/Content/Slate/Fonts/Roboto-Light.ttf' (159K)
[2017.03.21-21.00.26:535][ 65]LogContentBrowser: Native class hierarchy updated for 'BlueprintGraph' in 0.0008 seconds. Added 112 classes and 0 folders.
[2017.03.21-21.00.27:876][ 65]LogSlate: Took 0.004373 seconds to synchronously load lazily loaded font '../../../Engine/Content/Editor/Slate/Fonts/Roboto-BoldCondensed.ttf' (158K)
[2017.03.21-21.00.28:153][ 66]LogSlate: Took 0.004147 seconds to synchronously load lazily loaded font '../../../Engine/Content/Editor/Slate/Fonts/Roboto-Italic.ttf' (157K)
[2017.03.21-21.19.33:514][310]LogActorComponent: UnregisterComponent: (/Engine/Transient.EditorFloorComp) Not registered. Aborting.
[2017.03.21-21.20.14:418][789]LogSlate: Took 0.018199 seconds to synchronously load lazily loaded font '../../../Engine/Content/Slate/Fonts/DroidSansFallback.ttf' (3848K)
[2017.03.21-21.22.01:511][101]LogUObjectHash:Warning: Ambiguous search, could be HorizontalBox /Engine/Transient.WidgetTree_0:HorizontalBox_1 or HorizontalBox /Game/InventorySystem/Widgets/DetailWidget.DetailWidget:WidgetTree.HorizontalBox_1
[2017.03.21-21.22.01:511][101]LogUObjectHash:Warning: Ambiguous search, could be HorizontalBox /Engine/Transient.WidgetTree_0:HorizontalBox_1 or HorizontalBox /Engine/Transient.REINST_DetailWidget_C_0:WidgetTree.HorizontalBox_1
[2017.03.21-21.22.01:511][101]LogUObjectHash:Warning: Ambiguous search, could be HorizontalBox /Engine/Transient.WidgetTree_0:HorizontalBox_1 or HorizontalBox /Engine/Transient.WidgetTree_17:HorizontalBox_1
[2017.03.21-21.22.01:511][101]LogUObjectHash:Warning: Ambiguous search, could be HorizontalBox /Engine/Transient.WidgetTree_0:HorizontalBox_1 or HorizontalBox /Game/InventorySystem/Widgets/Inventory.Inventory:WidgetTree.HorizontalBox_1
[2017.03.21-21.22.01:511][101]LogUObjectHash:Warning: Ambiguous search, could be HorizontalBox /Engine/Transient.WidgetTree_0:HorizontalBox_1 or HorizontalBox /Engine/Transient.WidgetTree_8:HorizontalBox_1
[2017.03.21-21.22.01:511][101]LogUObjectHash:Warning: Ambiguous search, could be HorizontalBox /Engine/Transient.WidgetTree_0:HorizontalBox_1 or HorizontalBox /Engine/Transient.REINST_Inventory_C_7:WidgetTree.HorizontalBox_1
[2017.03.21-21.22.01:511][101]LogUObjectHash:Warning: Ambiguous search, could be HorizontalBox /Engine/Transient.WidgetTree_0:HorizontalBox_1 or HorizontalBox /Engine/Transient.WidgetTree_20:HorizontalBox_1
[2017.03.21-21.22.01:511][101]LogUObjectHash:Warning: Ambiguous search, could be HorizontalBox /Engine/Transient.WidgetTree_0:HorizontalBox_1 or HorizontalBox /Engine/Transient.REINST_MainWidget_C_9:WidgetTree.InventoryWidget.WidgetTree_12.HorizontalBox_1
[2017.03.21-21.22.01:511][101]LogUObjectHash:Warning: Ambiguous search, could be HorizontalBox /Engine/Transient.WidgetTree_0:HorizontalBox_1 or HorizontalBox /Engine/Transient.WidgetTree_27:InventoryWidget.WidgetTree_2.HorizontalBox_1
[2017.03.21-21.22.01:511][101]LogUObjectHash:Warning: Ambiguous search, could be HorizontalBox /Engine/Transient.WidgetTree_0:HorizontalBox_1 or HorizontalBox /Engine/Transient.REINST_DetailWidget_C_12:WidgetTree.HorizontalBox_1
[2017.03.21-21.22.01:511][101]LogUObjectHash:Warning: Ambiguous search, could be HorizontalBox /Engine/Transient.WidgetTree_0:HorizontalBox_1 or HorizontalBox /Game/InventorySystem/Widgets/DetailWidget.DetailWidget_C:WidgetTree.HorizontalBox_1
[2017.03.21-21.22.01:511][101]LogUObjectHash:Warning: Ambiguous search, could be HorizontalBox /Engine/Transient.WidgetTree_0:HorizontalBox_1 or HorizontalBox /Engine/Transient.REINST_Inventory_C_14:WidgetTree.HorizontalBox_1
[2017.03.21-21.22.01:511][101]LogUObjectHash:Warning: Ambiguous search, could be HorizontalBox /Engine/Transient.WidgetTree_0:HorizontalBox_1 or HorizontalBox /Game/InventorySystem/Widgets/Inventory.Inventory_C:WidgetTree.HorizontalBox_1
[2017.03.21-21.22.01:511][101]LogUObjectHash:Warning: Ambiguous search, could be HorizontalBox /Engine/Transient.WidgetTree_0:HorizontalBox_1 or HorizontalBox /Engine/Transient.REINST_MainWidget_C_17:WidgetTree.InventoryWidget.WidgetTree_25.HorizontalBox_1
[2017.03.21-21.22.01:511][101]LogUObjectHash:Warning: Ambiguous search, could be HorizontalBox /Engine/Transient.WidgetTree_0:HorizontalBox_1 or HorizontalBox /Game/InventorySystem/Widgets/MainWidget.MainWidget_C:WidgetTree.InventoryWidget.WidgetTree_6.HorizontalBox_1
[2017.03.21-21.22.01:511][101]LogUObjectHash:Warning: Ambiguous search, could be HorizontalBox /Engine/Transient.WidgetTree_0:HorizontalBox_1 or HorizontalBox /Engine/Transient.World_6:Inventory_C_0.WidgetTree.HorizontalBox_1
[2017.03.21-21.22.01:511][101]LogUObjectHash:Warning: Ambiguous search, could be HorizontalBox /Engine/Transient.WidgetTree_0:HorizontalBox_1 or HorizontalBox /Engine/Transient.World_6:Inventory_C_1.WidgetTree.HorizontalBox_1
[2017.03.21-21.22.01:511][101]LogUObjectHash:Warning: Ambiguous search, could be HorizontalBox /Engine/Transient.WidgetTree_0:HorizontalBox_1 or HorizontalBox /Engine/Transient.World_6:Inventory_C_2.WidgetTree.HorizontalBox_1
[2017.03.21-21.22.01:511][101]LogUObjectHash:Warning: Ambiguous search, could be HorizontalBox /Engine/Transient.WidgetTree_0:HorizontalBox_1 or HorizontalBox /Engine/Transient.World_6:Inventory_C_3.WidgetTree.HorizontalBox_1
[2017.03.21-21.22.01:511][101]LogUObjectHash:Warning: Ambiguous search, could be HorizontalBox /Engine/Transient.WidgetTree_0:HorizontalBox_1 or HorizontalBox /Engine/Transient.World_6:Inventory_C_4.WidgetTree.HorizontalBox_1
[2017.03.21-21.22.01:511][101]LogUObjectHash:Warning: Ambiguous search, could be HorizontalBox /Engine/Transient.WidgetTree_0:HorizontalBox_1 or HorizontalBox /Engine/Transient.World_6:Inventory_C_5.WidgetTree.HorizontalBox_1
[2017.03.21-21.22.01:512][101]LogProperty:Warning: Illegal TEXT reference to a private object in external package (HorizontalBoxSlot /Engine/Transient.WidgetTree_0:HorizontalBox_1.HorizontalBoxSlot_0) from referencer (SizeBox /Engine/UMG/Editor/Transient.SizeBox_2).  Import failed...
[2017.03.21-21.22.01:512][101]LogProperty:Warning: ObjectProperty /Script/UMG.Widget:Slot: unresolved reference to 'HorizontalBoxSlot'HorizontalBox_1.HorizontalBoxSlot_0''
[2017.03.21-21.23.15:340][636]BlueprintLog: New page: Compile Inventory
[2017.03.21-21.23.16:409][689]Cmd: OBJ SAVEPACKAGE PACKAGE="/Game/InventorySystem/Widgets/Inventory" FILE="X:/Aratim/Documents/GitHub/ProjetInfoSolo/IsekaiLife 4.15/Content/InventorySystem/Widgets/Inventory.uasset" SILENT=true
[2017.03.21-21.23.16:670][689]LogSavePackage: Save=81.06ms
[2017.03.21-21.23.16:670][689]LogSavePackage: Moving 'X:/Aratim/Documents/GitHub/ProjetInfoSolo/IsekaiLife 4.15/Saved/Inventory1A0650F14B69245B1C8A0880B98A6F7D.tmp' to 'X:/Aratim/Documents/GitHub/ProjetInfoSolo/IsekaiLife 4.15/Content/InventorySystem/Widgets/Inventory.uasset'
[2017.03.21-21.23.16:672][689]LogSavePackage:Display: Finished SavePackage X:/Aratim/Documents/GitHub/ProjetInfoSolo/IsekaiLife 4.15/Content/InventorySystem/Widgets/Inventory.uasset
[2017.03.21-21.24.59:644][115]LogSlate: Took 0.003368 seconds to synchronously load lazily loaded font '../../../Engine/Content/Editor/Slate/Fonts/Roboto-BoldCondensedItalic.ttf' (160K)
[2017.03.21-21.25.11:957][  5]BlueprintLog: New page: Compile Ch_MyCharacter
[2017.03.21-21.25.13:166][ 45]Cmd: OBJ SAVEPACKAGE PACKAGE="/Game/Game/Character/Player/Ch_MyCharacter" FILE="X:/Aratim/Documents/GitHub/ProjetInfoSolo/IsekaiLife 4.15/Content/Game/Character/Player/Ch_MyCharacter.uasset" SILENT=true
[2017.03.21-21.25.13:255][ 45]LogSavePackage: Save=77.76ms
[2017.03.21-21.25.13:255][ 45]LogSavePackage: Moving 'X:/Aratim/Documents/GitHub/ProjetInfoSolo/IsekaiLife 4.15/Saved/Ch_MyCharacter8F1A36774A58C55DA1BCEBAA56720DB3.tmp' to 'X:/Aratim/Documents/GitHub/ProjetInfoSolo/IsekaiLife 4.15/Content/Game/Character/Player/Ch_MyCharacter.uasset'
[2017.03.21-21.25.13:256][ 45]LogSavePackage:Display: Finished SavePackage X:/Aratim/Documents/GitHub/ProjetInfoSolo/IsekaiLife 4.15/Content/Game/Character/Player/Ch_MyCharacter.uasset
[2017.03.21-21.27.17:267][ 44]BlueprintLog: New page: Compile Ch_MyCharacter
[2017.03.21-21.27.18:166][ 86]Cmd: OBJ SAVEPACKAGE PACKAGE="/Game/Game/Character/Player/Ch_MyCharacter" FILE="X:/Aratim/Documents/GitHub/ProjetInfoSolo/IsekaiLife 4.15/Content/Game/Character/Player/Ch_MyCharacter.uasset" SILENT=true
[2017.03.21-21.27.18:246][ 86]LogSavePackage: Save=76.12ms
[2017.03.21-21.27.18:246][ 86]LogSavePackage: Moving 'X:/Aratim/Documents/GitHub/ProjetInfoSolo/IsekaiLife 4.15/Saved/Ch_MyCharacter3FDA0D0549A0EE9EB4030AB34167E498.tmp' to 'X:/Aratim/Documents/GitHub/ProjetInfoSolo/IsekaiLife 4.15/Content/Game/Character/Player/Ch_MyCharacter.uasset'
[2017.03.21-21.27.18:248][ 86]LogSavePackage:Display: Finished SavePackage X:/Aratim/Documents/GitHub/ProjetInfoSolo/IsekaiLife 4.15/Content/Game/Character/Player/Ch_MyCharacter.uasset
[2017.03.21-21.28.55:542][373]BlueprintLog: New page: Compile Ch_MyCharacter
[2017.03.21-21.28.56:480][416]Cmd: OBJ SAVEPACKAGE PACKAGE="/Game/Game/Character/Player/Ch_MyCharacter" FILE="X:/Aratim/Documents/GitHub/ProjetInfoSolo/IsekaiLife 4.15/Content/Game/Character/Player/Ch_MyCharacter.uasset" SILENT=true
[2017.03.21-21.28.56:567][416]LogSavePackage: Save=82.62ms
[2017.03.21-21.28.56:567][416]LogSavePackage: Moving 'X:/Aratim/Documents/GitHub/ProjetInfoSolo/IsekaiLife 4.15/Saved/Ch_MyCharacter9CCC04E94B7038A39611B0BFF9B38891.tmp' to 'X:/Aratim/Documents/GitHub/ProjetInfoSolo/IsekaiLife 4.15/Content/Game/Character/Player/Ch_MyCharacter.uasset'
[2017.03.21-21.28.56:569][416]LogSavePackage:Display: Finished SavePackage X:/Aratim/Documents/GitHub/ProjetInfoSolo/IsekaiLife 4.15/Content/Game/Character/Player/Ch_MyCharacter.uasset
[2017.03.21-21.29.45:936][878]BlueprintLog: New page: Compile Ch_MyCharacter
[2017.03.21-21.29.46:845][917]Cmd: OBJ SAVEPACKAGE PACKAGE="/Game/Game/Character/Player/Ch_MyCharacter" FILE="X:/Aratim/Documents/GitHub/ProjetInfoSolo/IsekaiLife 4.15/Content/Game/Character/Player/Ch_MyCharacter.uasset" SILENT=true
[2017.03.21-21.29.46:932][917]LogSavePackage: Save=82.77ms
[2017.03.21-21.29.46:932][917]LogSavePackage: Moving 'X:/Aratim/Documents/GitHub/ProjetInfoSolo/IsekaiLife 4.15/Saved/Ch_MyCharacterF85319854F14E4530EA8C283A94092D6.tmp' to 'X:/Aratim/Documents/GitHub/ProjetInfoSolo/IsekaiLife 4.15/Content/Game/Character/Player/Ch_MyCharacter.uasset'
[2017.03.21-21.29.46:933][917]LogSavePackage:Display: Finished SavePackage X:/Aratim/Documents/GitHub/ProjetInfoSolo/IsekaiLife 4.15/Content/Game/Character/Player/Ch_MyCharacter.uasset
[2017.03.21-21.30.12:221][511]LogSavePackage: Save=129.58ms
[2017.03.21-21.30.12:221][511]LogSavePackage: Moving 'X:/Aratim/Documents/GitHub/ProjetInfoSolo/IsekaiLife 4.15/Saved/ThirdPersonExampleMap_Auto19506FBB842FEA7A6B12DA09DBD273AD4.tmp' to 'X:/Aratim/Documents/GitHub/ProjetInfoSolo/IsekaiLife 4.15/Saved/Autosaves/Game/ThirdPersonBP/Maps/ThirdPersonExampleMap_Auto1.umap'
[2017.03.21-21.30.12:222][511]LogSavePackage:Display: Finished SavePackage X:/Aratim/Documents/GitHub/ProjetInfoSolo/IsekaiLife 4.15/Saved/Autosaves/Game/ThirdPersonBP/Maps/ThirdPersonExampleMap_Auto1.umap
[2017.03.21-21.30.12:224][511]LogFileHelpers: Editor autosave (incl. sublevels) for '/Game/ThirdPersonBP/Maps/ThirdPersonExampleMap' took 0.200
[2017.03.21-21.30.12:225][511]LogFileHelpers: Editor autosave (incl. sublevels) for all levels took 0.200
[2017.03.21-21.30.57:344][497]BlueprintLog: New page: Compile Ch_MyCharacter
[2017.03.21-21.30.58:001][509]Cmd: OBJ SAVEPACKAGE PACKAGE="/Game/Game/Character/Player/Ch_MyCharacter" FILE="X:/Aratim/Documents/GitHub/ProjetInfoSolo/IsekaiLife 4.15/Content/Game/Character/Player/Ch_MyCharacter.uasset" SILENT=true
[2017.03.21-21.30.58:092][509]LogSavePackage: Save=82.86ms
[2017.03.21-21.30.58:092][509]LogSavePackage: Moving 'X:/Aratim/Documents/GitHub/ProjetInfoSolo/IsekaiLife 4.15/Saved/Ch_MyCharacter640FDEFC4B857F20B9BF1EA8A65B54DE.tmp' to 'X:/Aratim/Documents/GitHub/ProjetInfoSolo/IsekaiLife 4.15/Content/Game/Character/Player/Ch_MyCharacter.uasset'
[2017.03.21-21.30.58:095][509]LogSavePackage:Display: Finished SavePackage X:/Aratim/Documents/GitHub/ProjetInfoSolo/IsekaiLife 4.15/Content/Game/Character/Player/Ch_MyCharacter.uasset
[2017.03.21-21.32.37:527][593]LogSavePackage: Save=274.12ms
[2017.03.21-21.32.37:527][593]LogSavePackage: Moving 'X:/Aratim/Documents/GitHub/ProjetInfoSolo/IsekaiLife 4.15/Saved/BP_Inventory23B08ABA40A2853260A986B612907CFF.tmp' to 'X:/Aratim/Documents/GitHub/ProjetInfoSolo/IsekaiLife 4.15/Content/InventorySystem/Blueprints/BP_Inventory.uasset'
[2017.03.21-21.32.37:530][593]LogSavePackage:Display: Finished SavePackage X:/Aratim/Documents/GitHub/ProjetInfoSolo/IsekaiLife 4.15/Content/InventorySystem/Blueprints/BP_Inventory.uasset
[2017.03.21-21.32.38:574][718]BlueprintLog: New page: Compile BP_Inventory
[2017.03.21-21.32.39:736][776]LogSavePackage: Save=273.19ms
[2017.03.21-21.32.39:736][776]LogSavePackage: Moving 'X:/Aratim/Documents/GitHub/ProjetInfoSolo/IsekaiLife 4.15/Saved/BP_InventoryF680EFB347867B67F324AC8C87471B66.tmp' to 'X:/Aratim/Documents/GitHub/ProjetInfoSolo/IsekaiLife 4.15/Content/InventorySystem/Blueprints/BP_Inventory.uasset'
[2017.03.21-21.32.39:737][776]LogSavePackage:Display: Finished SavePackage X:/Aratim/Documents/GitHub/ProjetInfoSolo/IsekaiLife 4.15/Content/InventorySystem/Blueprints/BP_Inventory.uasset
[2017.03.21-21.32.47:489][679]BlueprintLog: New page: Compile Ch_MyCharacter
[2017.03.21-21.32.48:304][716]Cmd: OBJ SAVEPACKAGE PACKAGE="/Game/Game/Character/Player/Ch_MyCharacter" FILE="X:/Aratim/Documents/GitHub/ProjetInfoSolo/IsekaiLife 4.15/Content/Game/Character/Player/Ch_MyCharacter.uasset" SILENT=true
[2017.03.21-21.32.48:391][716]LogSavePackage: Save=82.64ms
[2017.03.21-21.32.48:391][716]LogSavePackage: Moving 'X:/Aratim/Documents/GitHub/ProjetInfoSolo/IsekaiLife 4.15/Saved/Ch_MyCharacterE8A35E7F44AA2E99727D6C8D8B15FBF1.tmp' to 'X:/Aratim/Documents/GitHub/ProjetInfoSolo/IsekaiLife 4.15/Content/Game/Character/Player/Ch_MyCharacter.uasset'
[2017.03.21-21.32.48:392][716]LogSavePackage:Display: Finished SavePackage X:/Aratim/Documents/GitHub/ProjetInfoSolo/IsekaiLife 4.15/Content/Game/Character/Player/Ch_MyCharacter.uasset
[2017.03.21-21.32.59:501][100]LogTemp: Repeting last play command: Selected Viewport
[2017.03.21-21.32.59:520][100]LogBlueprintUserMessages: Early PlayInEditor Detection: Level '/Game/ThirdPersonBP/Maps/ThirdPersonExampleMap.ThirdPersonExampleMap:PersistentLevel' has LevelScriptBlueprint '/Game/ThirdPersonBP/Maps/ThirdPersonExampleMap.ThirdPersonExampleMap:PersistentLevel.ThirdPersonExampleMap' with GeneratedClass '/Game/ThirdPersonBP/Maps/ThirdPersonExampleMap.ThirdPersonExampleMap_C' with ClassGeneratedBy '/Game/ThirdPersonBP/Maps/ThirdPersonExampleMap.ThirdPersonExampleMap:PersistentLevel.ThirdPersonExampleMap'
[2017.03.21-21.32.59:521][100]LogPlayLevel: PlayLevel: No blueprints needed recompiling
[2017.03.21-21.32.59:526][100]PIE: New page: PIE session: ThirdPersonExampleMap (Mar 21, 2017, 11:32:59 PM)
[2017.03.21-21.32.59:527][100]LogPlayLevel: Creating play world package: /Game/ThirdPersonBP/Maps/UEDPIE_0_ThirdPersonExampleMap
[2017.03.21-21.32.59:552][100]LogPlayLevel: PIE: StaticDuplicateObject took: (0.025312s)
[2017.03.21-21.32.59:553][100]LogAIModule: Creating AISystem for world ThirdPersonExampleMap
[2017.03.21-21.32.59:553][100]LogPlayLevel: PIE: World Init took: (0.000868s)
[2017.03.21-21.32.59:554][100]LogPlayLevel: PIE: Created PIE world by copying editor world from /Game/ThirdPersonBP/Maps/ThirdPersonExampleMap.ThirdPersonExampleMap to /Game/ThirdPersonBP/Maps/UEDPIE_0_ThirdPersonExampleMap.ThirdPersonExampleMap (0.027085s)
[2017.03.21-21.32.59:580][100]LogInit: XAudio2 using 'Haut-parleurs (2- USB Audio Device)' : 2 channels at 44.1 kHz using 16 bits per sample (channel mask 0x3)
[2017.03.21-21.32.59:587][100]LogInit: FAudioDevice initialized.
[2017.03.21-21.32.59:756][100]LogBlueprint:Warning: [Compiler ThirdPersonCharacter] Warning InputAction Event references unknown Action 'ResetVR' for  InputAction ResetVR
[2017.03.21-21.32.59:763][100]LogBlueprint:Warning: [Compiler ThirdPersonCharacter] Warning [1991.60] Compile of ThirdPersonCharacter successful, but with 1 Warning(s) [in 17 ms] (/Game/ThirdPersonBP/Blueprints/ThirdPersonCharacter.ThirdPersonCharacter)
[2017.03.21-21.32.59:763][100]LogBlueprint:Warning: [Compiler ThirdPersonCharacter] Warning [1991.60] Compile of ThirdPersonCharacter successful, but with 2 Warning(s) [in 0 ms] (/Game/ThirdPersonBP/Blueprints/ThirdPersonCharacter.ThirdPersonCharacter)
[2017.03.21-21.32.59:763][100]LogBlueprint:Warning: [Compiler ThirdPersonCharacter] Warning [1991.60] Compile of ThirdPersonCharacter successful, but with 3 Warning(s) [in 0 ms] (/Game/ThirdPersonBP/Blueprints/ThirdPersonCharacter.ThirdPersonCharacter)
[2017.03.21-21.32.59:770][100]LogBlueprint:Warning: [Compiler ThirdPersonCharacter] Warning InputAction Event references unknown Action 'ResetVR' for  InputAction ResetVR
[2017.03.21-21.32.59:776][100]LogBlueprint:Warning: [Compiler ThirdPersonCharacter] Warning [1991.61] Compile of ThirdPersonCharacter successful, but with 1 Warning(s) [in 10 ms] (/Game/ThirdPersonBP/Blueprints/ThirdPersonCharacter.ThirdPersonCharacter)
[2017.03.21-21.32.59:776][100]LogBlueprint:Warning: [Compiler ThirdPersonCharacter] Warning [1991.61] Compile of ThirdPersonCharacter successful, but with 2 Warning(s) [in 0 ms] (/Game/ThirdPersonBP/Blueprints/ThirdPersonCharacter.ThirdPersonCharacter)
[2017.03.21-21.32.59:776][100]LogBlueprint:Warning: [Compiler ThirdPersonCharacter] Warning [1991.61] Compile of ThirdPersonCharacter successful, but with 3 Warning(s) [in 0 ms] (/Game/ThirdPersonBP/Blueprints/ThirdPersonCharacter.ThirdPersonCharacter)
[2017.03.21-21.32.59:791][100]LogLoad: Game class is 'ThirdPersonGameMode_C'
[2017.03.21-21.32.59:795][100]LogWorld: Bringing World /Game/ThirdPersonBP/Maps/UEDPIE_0_ThirdPersonExampleMap.ThirdPersonExampleMap up for play (max tick rate 0) at 2017.03.21-22.32.59
[2017.03.21-21.32.59:799][100]LogWorld: Bringing up level for play took: 0.006657
[2017.03.21-21.32.59:880][100]LogContentBrowser: Native class hierarchy updated for 'MovieSceneCapture' in 0.0008 seconds. Added 11 classes and 0 folders.
[2017.03.21-21.32.59:894][100]LogScript:Warning: Accessed None trying to read property InventoryRef
	Ch_MyCharacter_C /Game/ThirdPersonBP/Maps/UEDPIE_0_ThirdPersonExampleMap.ThirdPersonExampleMap:PersistentLevel.Ch_MyCharacter_834
	Function /Game/Game/Character/Player/Ch_MyCharacter.Ch_MyCharacter_C:UpdateGold:0055
[2017.03.21-21.32.59:895][100]PIE:Error: Error Blueprint Runtime Error: Accessed None trying to read property InventoryRef from function: 'UpdateGold' from node: SetText (Text) in graph: UpdateGold in object: Ch_MyCharacter with description: Accessed None trying to read property InventoryRef
[2017.03.21-21.32.59:895][100]LogScript:Warning: Accessed None
	Ch_MyCharacter_C /Game/ThirdPersonBP/Maps/UEDPIE_0_ThirdPersonExampleMap.ThirdPersonExampleMap:PersistentLevel.Ch_MyCharacter_834
	Function /Game/Game/Character/Player/Ch_MyCharacter.Ch_MyCharacter_C:UpdateGold:006A
[2017.03.21-21.32.59:895][100]PIE:Error: Error Blueprint Runtime Error: Accessed None from function: 'UpdateGold' from node: SetText (Text) in graph: UpdateGold in object: Ch_MyCharacter with description: Accessed None
[2017.03.21-21.32.59:895][100]LogScript:Warning: Accessed None
	Ch_MyCharacter_C /Game/ThirdPersonBP/Maps/UEDPIE_0_ThirdPersonExampleMap.ThirdPersonExampleMap:PersistentLevel.Ch_MyCharacter_834
	Function /Game/Game/Character/Player/Ch_MyCharacter.Ch_MyCharacter_C:UpdateGold:007F
[2017.03.21-21.32.59:895][100]PIE:Error: Error Blueprint Runtime Error: Accessed None from function: 'UpdateGold' from node: SetText (Text) in graph: UpdateGold in object: Ch_MyCharacter with description: Accessed None
[2017.03.21-21.32.59:925][100]PIE: Info Play in editor start time for /Game/ThirdPersonBP/Maps/UEDPIE_0_ThirdPersonExampleMap 0.483
[2017.03.21-21.32.59:926][100]LogBlueprintUserMessages: Late PlayInEditor Detection: Level '/Game/ThirdPersonBP/Maps/ThirdPersonExampleMap.ThirdPersonExampleMap:PersistentLevel' has LevelScriptBlueprint '/Game/ThirdPersonBP/Maps/ThirdPersonExampleMap.ThirdPersonExampleMap:PersistentLevel.ThirdPersonExampleMap' with GeneratedClass '/Game/ThirdPersonBP/Maps/ThirdPersonExampleMap.ThirdPersonExampleMap_C' with ClassGeneratedBy '/Game/ThirdPersonBP/Maps/ThirdPersonExampleMap.ThirdPersonExampleMap:PersistentLevel.ThirdPersonExampleMap'
[2017.03.21-21.32.59:970][100]LogRenderer: Reallocating scene render targets to support 1292x756 NumSamples 1 (Frame:2607).
[2017.03.21-21.33.18:090][253]LogBlueprintUserMessages: Early EndPlayMap Detection: Level '/Game/ThirdPersonBP/Maps/ThirdPersonExampleMap.ThirdPersonExampleMap:PersistentLevel' has LevelScriptBlueprint '/Game/ThirdPersonBP/Maps/ThirdPersonExampleMap.ThirdPersonExampleMap:PersistentLevel.ThirdPersonExampleMap' with GeneratedClass '/Game/ThirdPersonBP/Maps/ThirdPersonExampleMap.ThirdPersonExampleMap_C' with ClassGeneratedBy '/Game/ThirdPersonBP/Maps/ThirdPersonExampleMap.ThirdPersonExampleMap:PersistentLevel.ThirdPersonExampleMap'
[2017.03.21-21.33.18:155][253]LogBlueprintUserMessages: Late EndPlayMap Detection: Level '/Game/ThirdPersonBP/Maps/ThirdPersonExampleMap.ThirdPersonExampleMap:PersistentLevel' has LevelScriptBlueprint '/Game/ThirdPersonBP/Maps/ThirdPersonExampleMap.ThirdPersonExampleMap:PersistentLevel.ThirdPersonExampleMap' with GeneratedClass '/Game/ThirdPersonBP/Maps/ThirdPersonExampleMap.ThirdPersonExampleMap_C' with ClassGeneratedBy '/Game/ThirdPersonBP/Maps/ThirdPersonExampleMap.ThirdPersonExampleMap:PersistentLevel.ThirdPersonExampleMap'
[2017.03.21-21.33.26:874][281]BlueprintLog: New page: Compile BP_Inventory
[2017.03.21-21.33.27:883][322]LogSavePackage: Save=271.69ms
[2017.03.21-21.33.27:883][322]LogSavePackage: Moving 'X:/Aratim/Documents/GitHub/ProjetInfoSolo/IsekaiLife 4.15/Saved/BP_Inventory4177C3B84CCFEEC01D4438A1C545A8C3.tmp' to 'X:/Aratim/Documents/GitHub/ProjetInfoSolo/IsekaiLife 4.15/Content/InventorySystem/Blueprints/BP_Inventory.uasset'
[2017.03.21-21.33.27:885][322]LogSavePackage:Display: Finished SavePackage X:/Aratim/Documents/GitHub/ProjetInfoSolo/IsekaiLife 4.15/Content/InventorySystem/Blueprints/BP_Inventory.uasset
[2017.03.21-21.33.47:945][597]BlueprintLog: New page: Compile Ch_MyCharacter
[2017.03.21-21.33.48:835][642]Cmd: OBJ SAVEPACKAGE PACKAGE="/Game/Game/Character/Player/Ch_MyCharacter" FILE="X:/Aratim/Documents/GitHub/ProjetInfoSolo/IsekaiLife 4.15/Content/Game/Character/Player/Ch_MyCharacter.uasset" SILENT=true
[2017.03.21-21.33.48:922][642]LogSavePackage: Save=82.70ms
[2017.03.21-21.33.48:922][642]LogSavePackage: Moving 'X:/Aratim/Documents/GitHub/ProjetInfoSolo/IsekaiLife 4.15/Saved/Ch_MyCharacter90D93C5349E4E1A3CFA64EACA855238E.tmp' to 'X:/Aratim/Documents/GitHub/ProjetInfoSolo/IsekaiLife 4.15/Content/Game/Character/Player/Ch_MyCharacter.uasset'
[2017.03.21-21.33.48:924][642]LogSavePackage:Display: Finished SavePackage X:/Aratim/Documents/GitHub/ProjetInfoSolo/IsekaiLife 4.15/Content/Game/Character/Player/Ch_MyCharacter.uasset
[2017.03.21-21.33.49:586][721]LogTemp: Repeting last play command: Selected Viewport
[2017.03.21-21.33.49:600][721]LogBlueprintUserMessages: Early PlayInEditor Detection: Level '/Game/ThirdPersonBP/Maps/ThirdPersonExampleMap.ThirdPersonExampleMap:PersistentLevel' has LevelScriptBlueprint '/Game/ThirdPersonBP/Maps/ThirdPersonExampleMap.ThirdPersonExampleMap:PersistentLevel.ThirdPersonExampleMap' with GeneratedClass '/Game/ThirdPersonBP/Maps/ThirdPersonExampleMap.ThirdPersonExampleMap_C' with ClassGeneratedBy '/Game/ThirdPersonBP/Maps/ThirdPersonExampleMap.ThirdPersonExampleMap:PersistentLevel.ThirdPersonExampleMap'
[2017.03.21-21.33.49:601][721]LogPlayLevel: PlayLevel: No blueprints needed recompiling
[2017.03.21-21.33.49:601][721]PIE: New page: PIE session: ThirdPersonExampleMap (Mar 21, 2017, 11:33:49 PM)
[2017.03.21-21.33.49:601][721]LogPlayLevel: Creating play world package: /Game/ThirdPersonBP/Maps/UEDPIE_0_ThirdPersonExampleMap
[2017.03.21-21.33.49:623][721]LogPlayLevel: PIE: StaticDuplicateObject took: (0.022445s)
[2017.03.21-21.33.49:624][721]LogAIModule: Creating AISystem for world ThirdPersonExampleMap
[2017.03.21-21.33.49:624][721]LogPlayLevel: PIE: World Init took: (0.000961s)
[2017.03.21-21.33.49:624][721]LogPlayLevel: PIE: Created PIE world by copying editor world from /Game/ThirdPersonBP/Maps/ThirdPersonExampleMap.ThirdPersonExampleMap to /Game/ThirdPersonBP/Maps/UEDPIE_0_ThirdPersonExampleMap.ThirdPersonExampleMap (0.023680s)
[2017.03.21-21.33.49:648][721]LogInit: XAudio2 using 'Haut-parleurs (2- USB Audio Device)' : 2 channels at 44.1 kHz using 16 bits per sample (channel mask 0x3)
[2017.03.21-21.33.49:655][721]LogInit: FAudioDevice initialized.
[2017.03.21-21.33.49:693][721]LogLoad: Game class is 'ThirdPersonGameMode_C'
[2017.03.21-21.33.49:696][721]LogWorld: Bringing World /Game/ThirdPersonBP/Maps/UEDPIE_0_ThirdPersonExampleMap.ThirdPersonExampleMap up for play (max tick rate 0) at 2017.03.21-22.33.49
[2017.03.21-21.33.49:696][721]LogWorld: Bringing up level for play took: 0.002115
[2017.03.21-21.33.49:713][721]PIE: Info Play in editor start time for /Game/ThirdPersonBP/Maps/UEDPIE_0_ThirdPersonExampleMap 0.271
[2017.03.21-21.33.49:718][721]LogBlueprintUserMessages: Late PlayInEditor Detection: Level '/Game/ThirdPersonBP/Maps/ThirdPersonExampleMap.ThirdPersonExampleMap:PersistentLevel' has LevelScriptBlueprint '/Game/ThirdPersonBP/Maps/ThirdPersonExampleMap.ThirdPersonExampleMap:PersistentLevel.ThirdPersonExampleMap' with GeneratedClass '/Game/ThirdPersonBP/Maps/ThirdPersonExampleMap.ThirdPersonExampleMap_C' with ClassGeneratedBy '/Game/ThirdPersonBP/Maps/ThirdPersonExampleMap.ThirdPersonExampleMap:PersistentLevel.ThirdPersonExampleMap'
[2017.03.21-21.34.13:036][480]LogBlueprintUserMessages: Early EndPlayMap Detection: Level '/Game/ThirdPersonBP/Maps/ThirdPersonExampleMap.ThirdPersonExampleMap:PersistentLevel' has LevelScriptBlueprint '/Game/ThirdPersonBP/Maps/ThirdPersonExampleMap.ThirdPersonExampleMap:PersistentLevel.ThirdPersonExampleMap' with GeneratedClass '/Game/ThirdPersonBP/Maps/ThirdPersonExampleMap.ThirdPersonExampleMap_C' with ClassGeneratedBy '/Game/ThirdPersonBP/Maps/ThirdPersonExampleMap.ThirdPersonExampleMap:PersistentLevel.ThirdPersonExampleMap'
[2017.03.21-21.34.13:091][480]LogBlueprintUserMessages: Late EndPlayMap Detection: Level '/Game/ThirdPersonBP/Maps/ThirdPersonExampleMap.ThirdPersonExampleMap:PersistentLevel' has LevelScriptBlueprint '/Game/ThirdPersonBP/Maps/ThirdPersonExampleMap.ThirdPersonExampleMap:PersistentLevel.ThirdPersonExampleMap' with GeneratedClass '/Game/ThirdPersonBP/Maps/ThirdPersonExampleMap.ThirdPersonExampleMap_C' with ClassGeneratedBy '/Game/ThirdPersonBP/Maps/ThirdPersonExampleMap.ThirdPersonExampleMap:PersistentLevel.ThirdPersonExampleMap'
[2017.03.21-21.35.35:732][974]BlueprintLog: New page: Compile Ch_MyCharacter
[2017.03.21-21.35.37:057][ 28]Cmd: OBJ SAVEPACKAGE PACKAGE="/Game/Game/Character/Player/Ch_MyCharacter" FILE="X:/Aratim/Documents/GitHub/ProjetInfoSolo/IsekaiLife 4.15/Content/Game/Character/Player/Ch_MyCharacter.uasset" SILENT=true
[2017.03.21-21.35.37:145][ 28]LogSavePackage: Save=83.13ms
[2017.03.21-21.35.37:145][ 28]LogSavePackage: Moving 'X:/Aratim/Documents/GitHub/ProjetInfoSolo/IsekaiLife 4.15/Saved/Ch_MyCharacter625A30E34E9AFC92AC105DB9B095BDA2.tmp' to 'X:/Aratim/Documents/GitHub/ProjetInfoSolo/IsekaiLife 4.15/Content/Game/Character/Player/Ch_MyCharacter.uasset'
[2017.03.21-21.35.37:146][ 28]LogSavePackage:Display: Finished SavePackage X:/Aratim/Documents/GitHub/ProjetInfoSolo/IsekaiLife 4.15/Content/Game/Character/Player/Ch_MyCharacter.uasset
[2017.03.21-21.39.26:761][ 80]BlueprintLog: New page: Compile PickupText
[2017.03.21-21.39.27:383][131]Cmd: OBJ SAVEPACKAGE PACKAGE="/Game/InventorySystem/Widgets/PickupText" FILE="X:/Aratim/Documents/GitHub/ProjetInfoSolo/IsekaiLife 4.15/Content/InventorySystem/Widgets/PickupText.uasset" SILENT=true
[2017.03.21-21.39.27:394][131]LogSavePackage: Save=8.00ms
[2017.03.21-21.39.27:394][131]LogSavePackage: Moving 'X:/Aratim/Documents/GitHub/ProjetInfoSolo/IsekaiLife 4.15/Saved/PickupText7061CAFB4B4D8902739247A61CAADFC9.tmp' to 'X:/Aratim/Documents/GitHub/ProjetInfoSolo/IsekaiLife 4.15/Content/InventorySystem/Widgets/PickupText.uasset'
[2017.03.21-21.39.27:395][131]LogSavePackage:Display: Finished SavePackage X:/Aratim/Documents/GitHub/ProjetInfoSolo/IsekaiLife 4.15/Content/InventorySystem/Widgets/PickupText.uasset
[2017.03.21-21.39.52:192][726]LogRenderer: Reallocating scene render targets to support 1328x756 NumSamples 1 (Frame:10869).
[2017.03.21-21.41.57:120][212]BlueprintLog: New page: Compile BP_PickUpActor
[2017.03.21-21.41.59:023][368]LogSavePackage: Save=25.69ms
[2017.03.21-21.41.59:023][368]LogSavePackage: Moving 'X:/Aratim/Documents/GitHub/ProjetInfoSolo/IsekaiLife 4.15/Saved/BP_PickUpActorF703646646BAA25C5A4D9780FEC09615.tmp' to 'X:/Aratim/Documents/GitHub/ProjetInfoSolo/IsekaiLife 4.15/Content/InventorySystem/Blueprints/BP_PickUpActor.uasset'
[2017.03.21-21.41.59:025][368]LogSavePackage:Display: Finished SavePackage X:/Aratim/Documents/GitHub/ProjetInfoSolo/IsekaiLife 4.15/Content/InventorySystem/Blueprints/BP_PickUpActor.uasset
[2017.03.21-21.41.59:444][391]LogSavePackage: Save=159.18ms
[2017.03.21-21.41.59:444][391]LogSavePackage: Moving 'X:/Aratim/Documents/GitHub/ProjetInfoSolo/IsekaiLife 4.15/Saved/ThirdPersonExampleMap_Auto291B2831649C7D48955A7359205A26C47.tmp' to 'X:/Aratim/Documents/GitHub/ProjetInfoSolo/IsekaiLife 4.15/Saved/Autosaves/Game/ThirdPersonBP/Maps/ThirdPersonExampleMap_Auto2.umap'
[2017.03.21-21.41.59:445][391]LogSavePackage:Display: Finished SavePackage X:/Aratim/Documents/GitHub/ProjetInfoSolo/IsekaiLife 4.15/Saved/Autosaves/Game/ThirdPersonBP/Maps/ThirdPersonExampleMap_Auto2.umap
[2017.03.21-21.41.59:451][391]LogFileHelpers: Editor autosave (incl. sublevels) for '/Game/ThirdPersonBP/Maps/ThirdPersonExampleMap' took 0.200
[2017.03.21-21.41.59:451][391]LogFileHelpers: Editor autosave (incl. sublevels) for all levels took 0.200
[2017.03.21-21.45.20:054][953]BlueprintLog: New page: Compile BP_PickUpActor
[2017.03.21-21.45.20:834][ 17]LogSavePackage: Save=32.07ms
[2017.03.21-21.45.20:835][ 17]LogSavePackage: Moving 'X:/Aratim/Documents/GitHub/ProjetInfoSolo/IsekaiLife 4.15/Saved/BP_PickUpActorD5A9574A4A5FEA56E5DF16AD46048538.tmp' to 'X:/Aratim/Documents/GitHub/ProjetInfoSolo/IsekaiLife 4.15/Content/InventorySystem/Blueprints/BP_PickUpActor.uasset'
[2017.03.21-21.45.20:836][ 17]LogSavePackage:Display: Finished SavePackage X:/Aratim/Documents/GitHub/ProjetInfoSolo/IsekaiLife 4.15/Content/InventorySystem/Blueprints/BP_PickUpActor.uasset
[2017.03.21-21.52.29:570][774]LogSavePackage: Save=144.87ms
[2017.03.21-21.52.29:570][774]LogSavePackage: Moving 'X:/Aratim/Documents/GitHub/ProjetInfoSolo/IsekaiLife 4.15/Saved/ThirdPersonExampleMap_Auto35ADF2715486D29019CD4B59F3F588B1C.tmp' to 'X:/Aratim/Documents/GitHub/ProjetInfoSolo/IsekaiLife 4.15/Saved/Autosaves/Game/ThirdPersonBP/Maps/ThirdPersonExampleMap_Auto3.umap'
[2017.03.21-21.52.29:570][774]LogSavePackage:Display: Finished SavePackage X:/Aratim/Documents/GitHub/ProjetInfoSolo/IsekaiLife 4.15/Saved/Autosaves/Game/ThirdPersonBP/Maps/ThirdPersonExampleMap_Auto3.umap
[2017.03.21-21.52.29:572][774]LogFileHelpers: Editor autosave (incl. sublevels) for '/Game/ThirdPersonBP/Maps/ThirdPersonExampleMap' took 0.192
[2017.03.21-21.52.29:572][774]LogFileHelpers: Editor autosave (incl. sublevels) for all levels took 0.192
[2017.03.21-21.52.29:574][774]OBJ SavePackage: Generating thumbnails for [1] asset(s) in package [/Game/InventorySystem/Blueprints/BP_PickUpActor] ([1] browsable assets)...
[2017.03.21-21.52.29:593][774]OBJ SavePackage:     Rendered thumbnail for [Blueprint /Game/InventorySystem/Blueprints/BP_PickUpActor.BP_PickUpActor]
[2017.03.21-21.52.29:593][774]OBJ SavePackage: Finished generating thumbnails for package [/Game/InventorySystem/Blueprints/BP_PickUpActor]
[2017.03.21-21.52.29:639][774]LogSavePackage: Save=37.35ms
[2017.03.21-21.52.29:639][774]LogSavePackage: Moving 'X:/Aratim/Documents/GitHub/ProjetInfoSolo/IsekaiLife 4.15/Saved/BP_PickUpActor_Auto3105F222B4A65D96CE178F9AE7923626A.tmp' to 'X:/Aratim/Documents/GitHub/ProjetInfoSolo/IsekaiLife 4.15/Saved/Autosaves/Game/InventorySystem/Blueprints/BP_PickUpActor_Auto3.uasset'
[2017.03.21-21.52.29:875][774]LogSavePackage:Display: Finished SavePackage X:/Aratim/Documents/GitHub/ProjetInfoSolo/IsekaiLife 4.15/Saved/Autosaves/Game/InventorySystem/Blueprints/BP_PickUpActor_Auto3.uasset
[2017.03.21-21.52.29:875][774]LogFileHelpers: Auto-saving content packages took 0.302
