Log file open, 04/08/17 09:41:11
LogInit:Display: Running engine for game: IsekaiLife
LogPlatformFile: Not using cached read wrapper
LogInit:Display: RandInit(-406146815) SRandInit(-406146815).
LogTaskGraph: Started task graph with 5 named threads and 8 total threads with 1 sets of task threads.
LogStats: Stats thread started at 0.133013
LogInit: Using libcurl 7.47.1
LogInit:  - built for x86_64-pc-win32
LogInit:  - supports SSL with OpenSSL/1.0.2g
LogInit:  - supports HTTP deflate (compression) using libz 1.2.8
LogInit:  - other features:
LogInit:      CURL_VERSION_SSL
LogInit:      CURL_VERSION_LIBZ
LogInit:      CURL_VERSION_IPV6
LogInit:      CURL_VERSION_ASYNCHDNS
LogInit:      CURL_VERSION_LARGEFILE
LogInit:      CURL_VERSION_IDN
LogInit:  CurlRequestOptions (configurable via config and command line):
LogInit:  - bVerifyPeer = false  - Libcurl will NOT verify peer certificate
LogInit:  - bUseHttpProxy = false  - Libcurl will NOT use HTTP proxy
LogInit:  - bDontReuseConnections = false  - Libcurl will reuse connections
LogInit:  - CertBundlePath = nullptr  - Libcurl will use whatever was configured at build time.
LogInit: Build: ++UE4+Release-4.15-CL-3348071
LogInit: Engine Version: 4.15.1-3348071+++UE4+Release-4.15
LogInit: Compatible Engine Version: 4.15.0-3299760+++UE4+Release-4.15
LogInit: Net CL: 3299760
LogDevObjectVersion: Number of dev versions registered: 14
LogDevObjectVersion:   Dev-Blueprints (B0D832E4-1F89-4F0D-ACCF-7EB736FD4AA2): 8
LogDevObjectVersion:   Dev-Build (E1C64328-A22C-4D53-A36C-8E866417BD8C): 0
LogDevObjectVersion:   Dev-Core (375EC13C-06E4-48FB-B500-84F0262A717E): 2
LogDevObjectVersion:   Dev-Editor (E4B068ED-F494-42E9-A231-DA0B2E46BB41): 14
LogDevObjectVersion:   Dev-Framework (CFFC743F-43B0-4480-9391-14DF171D2073): 22
LogDevObjectVersion:   Dev-Mobile (B02B49B5-BB20-44E9-A304-32B752E40360): 0
LogDevObjectVersion:   Dev-Networking (A4E4105C-59A1-49B5-A7C5-40C4547EDFEE): 0
LogDevObjectVersion:   Dev-Online (39C831C9-5AE6-47DC-9A44-9C173E1C8E7C): 0
LogDevObjectVersion:   Dev-Physics (78F01B33-EBEA-4F98-B9B4-84EACCB95AA2): 0
LogDevObjectVersion:   Dev-Platform (6631380F-2D4D-43E0-8009-CF276956A95A): 0
LogDevObjectVersion:   Dev-Rendering (12F88B9F-8875-4AFC-A67C-D90C383ABD29): 12
LogDevObjectVersion:   Dev-Sequencer (7B5AE74C-D270-4C10-A958-57980B212A5A): 3
LogDevObjectVersion:   Dev-VR (D7296918-1DD6-4BDD-9DE2-64A83CC13884): 0
LogDevObjectVersion:   Dev-LoadTimes (C2A15278-BFE7-4AFE-6C17-90FF531DF755): 1
LogInit: Compiled (64-bit): Mar 15 2017 16:52:47
LogInit: Compiled with Visual C++: 19.00.23026.00
LogInit: Build Configuration: Development
LogInit: Branch Name: ++UE4+Release-4.15
LogInit: Command line:  
LogInit: Base directory: C:/Program Files/Epic Games/UE_4.15/Engine/Binaries/Win64/
LogInit: Installed Engine Build: 1
LogInit: Presizing for max 8388607 objects, including 0 objects not considered by GC, pre-allocating 0 bytes for permanent pool.
LogInit: Object subsystem initialized
[2017.04.08-07.41.12:127][  0]LogInit: Selected Device Profile: [Windows]
[2017.04.08-07.41.12:127][  0]LogInit: Applying CVar settings loaded from the selected device profile: [Windows]
[2017.04.08-07.41.12:197][  0]LogInit: Computer: DESKTOP-IJKOIIJ
[2017.04.08-07.41.12:197][  0]LogInit: User: Aratim
[2017.04.08-07.41.12:197][  0]LogInit: CPU Page size=65536, Cores=4
[2017.04.08-07.41.12:197][  0]LogInit: High frequency timer resolution =3.417978 MHz
[2017.04.08-07.41.12:198][  0]LogMemory: Memory total: Physical=8.0GB (8GB approx)
[2017.04.08-07.41.12:198][  0]LogMemory: Platform Memory Stats for Windows
[2017.04.08-07.41.12:198][  0]LogMemory: Process Physical Memory: 263.02 MB used, 263.02 MB peak
[2017.04.08-07.41.12:198][  0]LogMemory: Process Virtual Memory: 262.51 MB used, 262.51 MB peak
[2017.04.08-07.41.12:198][  0]LogMemory: Physical Memory: 2820.59 MB used,  5320.26 MB free, 8140.85 MB total
[2017.04.08-07.41.12:198][  0]LogMemory: Virtual Memory: 644.41 MB used,  5320.26 MB free, 134217728.00 MB total
[2017.04.08-07.41.12:533][  0]LogTextLocalizationManager: No translations for ('fr-FR') exist, falling back to 'en' for localization and internationalization data.
[2017.04.08-07.41.15:038][  0]LogD3D11RHI: D3D11 adapters:
[2017.04.08-07.41.15:580][  0]LogD3D11RHI:    0. 'NVIDIA GeForce GTX 1060 6GB' (Feature Level 11_0)
[2017.04.08-07.41.15:580][  0]LogD3D11RHI:       6084/0/4070 MB DedicatedVideo/DedicatedSystem/SharedSystem, Outputs:1, VendorId:0x10de
[2017.04.08-07.41.15:581][  0]LogD3D11RHI:    1. 'Microsoft Basic Render Driver' (Feature Level 11_0)
[2017.04.08-07.41.15:581][  0]LogD3D11RHI:       0/0/4070 MB DedicatedVideo/DedicatedSystem/SharedSystem, Outputs:0, VendorId:0x1414
[2017.04.08-07.41.15:581][  0]LogD3D11RHI: Chosen D3D11 Adapter: 0
[2017.04.08-07.41.15:586][  0]LogD3D11RHI: Creating new Direct3DDevice
[2017.04.08-07.41.15:586][  0]LogD3D11RHI:     GPU DeviceId: 0x1c03 (for the marketing name, search the web for "GPU Device Id")
[2017.04.08-07.41.15:586][  0]LogWindows: EnumDisplayDevices:
[2017.04.08-07.41.15:587][  0]LogWindows:    0. 'NVIDIA GeForce GTX 1060 6GB' (P:1 D:1)
[2017.04.08-07.41.15:587][  0]LogWindows:    1. 'NVIDIA GeForce GTX 1060 6GB' (P:0 D:0)
[2017.04.08-07.41.15:587][  0]LogWindows:    2. 'NVIDIA GeForce GTX 1060 6GB' (P:0 D:0)
[2017.04.08-07.41.15:587][  0]LogWindows:    3. 'NVIDIA GeForce GTX 1060 6GB' (P:0 D:0)
[2017.04.08-07.41.15:587][  0]LogWindows: DebugString: FoundDriverCount:4 
[2017.04.08-07.41.15:587][  0]LogD3D11RHI:     Adapter Name: NVIDIA GeForce GTX 1060 6GB
[2017.04.08-07.41.15:587][  0]LogD3D11RHI:   Driver Version: 378.92 (internal:21.21.13.7892, unified:378.92)
[2017.04.08-07.41.15:587][  0]LogD3D11RHI:      Driver Date: 3-16-2017
[2017.04.08-07.41.15:588][  0]LogRHI: Texture pool is 1361 MB (70% of 1945 MB)
[2017.04.08-07.41.16:125][  0]LogD3D11RHI: Async texture creation enabled
[2017.04.08-07.41.16:194][  0]LogD3D11RHI: GPU Timing Frequency: 1000.000000 (Debug: 2 1)
[2017.04.08-07.41.16:253][  0]LogShaderCompilers: Guid format shader working directory is -10 characters bigger than the processId version (X:/Aratim/Documents/GitHub/ProjetInfoSolo/IsekaiLife 4.15/Intermediate/Shaders/WorkingDirectory/6288/).
[2017.04.08-07.41.16:253][  0]LogShaderCompilers: Cleaned the shader compiler working directory 'C:/Users/Aratim/AppData/Local/Temp/UnrealShaderWorkingDir/7324A0884B62D010A96F34BE711C71C4/'.
[2017.04.08-07.41.16:254][  0]LogShaderCompilers:Display: Using Local Shader Compiler.
[2017.04.08-07.41.18:960][  0]LogTemp:Display: Loaded TP AllDesktopTargetPlatform
[2017.04.08-07.41.19:013][  0]LogTemp:Display: Loaded TP MacClientTargetPlatform
[2017.04.08-07.41.19:062][  0]LogTemp:Display: Loaded TP MacNoEditorTargetPlatform
[2017.04.08-07.41.19:114][  0]LogTemp:Display: Loaded TP MacServerTargetPlatform
[2017.04.08-07.41.19:166][  0]LogTemp:Display: Loaded TP MacTargetPlatform
[2017.04.08-07.41.19:214][  0]LogTemp:Display: Loaded TP WindowsClientTargetPlatform
[2017.04.08-07.41.19:264][  0]LogTemp:Display: Loaded TP WindowsNoEditorTargetPlatform
[2017.04.08-07.41.19:322][  0]LogTemp:Display: Loaded TP WindowsServerTargetPlatform
[2017.04.08-07.41.19:364][  0]LogTemp:Display: Loaded TP WindowsTargetPlatform
[2017.04.08-07.41.19:421][  0]LogTemp:Display: Loaded TP AndroidTargetPlatform
[2017.04.08-07.41.19:474][  0]LogTemp:Display: Loaded TP Android_ASTCTargetPlatform
[2017.04.08-07.41.19:525][  0]LogTemp:Display: Loaded TP Android_ATCTargetPlatform
[2017.04.08-07.41.19:573][  0]LogTemp:Display: Loaded TP Android_DXTTargetPlatform
[2017.04.08-07.41.19:622][  0]LogTemp:Display: Loaded TP Android_ETC1TargetPlatform
[2017.04.08-07.41.19:669][  0]LogTemp:Display: Loaded TP Android_ETC2TargetPlatform
[2017.04.08-07.41.19:771][  0]LogTemp:Display: Loaded TP Android_MultiTargetPlatform
[2017.04.08-07.41.19:771][  0]LogTemp:Display: Loaded TP Android_PVRTCTargetPlatform
[2017.04.08-07.41.19:804][  0]LogTemp:Display: Loaded TP HTML5TargetPlatform
[2017.04.08-07.41.19:920][  0]LogTemp:Display: Loaded TP IOSTargetPlatform
[2017.04.08-07.41.19:952][  0]LogTemp:Display: Loaded TP TVOSTargetPlatform
[2017.04.08-07.41.20:004][  0]LogTemp:Display: Loaded TP LinuxClientTargetPlatform
[2017.04.08-07.41.20:052][  0]LogTemp:Display: Loaded TP LinuxNoEditorTargetPlatform
[2017.04.08-07.41.20:100][  0]LogTemp:Display: Loaded TP LinuxServerTargetPlatform
[2017.04.08-07.41.20:157][  0]LogTemp:Display: Loaded TP LinuxTargetPlatform
[2017.04.08-07.41.20:157][  0]LogTargetPlatformManager:Display: Building Assets For Windows
[2017.04.08-07.41.20:867][  0]LogDerivedDataCache:Display: Max Cache Size: 512 MB
[2017.04.08-07.41.21:097][  0]LogDerivedDataCache: Loaded boot cache 0.23s 50MB C:/Users/Aratim/AppData/Local/UnrealEngine/4.15/DerivedDataCache/Boot.ddc.
[2017.04.08-07.41.21:097][  0]LogDerivedDataCache:Display: Loaded Boot cache: C:/Users/Aratim/AppData/Local/UnrealEngine/4.15/DerivedDataCache/Boot.ddc
[2017.04.08-07.41.21:097][  0]LogDerivedDataCache: FDerivedDataBackendGraph:  Pak pak cache file X:/Aratim/Documents/GitHub/ProjetInfoSolo/IsekaiLife 4.15/DerivedDataCache/DDC.ddp not found, will not use a pak cache.
[2017.04.08-07.41.21:097][  0]LogDerivedDataCache: Unable to find inner node Pak for hierarchical cache Hierarchy.
[2017.04.08-07.41.21:097][  0]LogDerivedDataCache: FDerivedDataBackendGraph:  CompressedPak pak cache file X:/Aratim/Documents/GitHub/ProjetInfoSolo/IsekaiLife 4.15/DerivedDataCache/Compressed.ddp not found, will not use a pak cache.
[2017.04.08-07.41.21:097][  0]LogDerivedDataCache: Unable to find inner node CompressedPak for hierarchical cache Hierarchy.
[2017.04.08-07.41.21:126][  0]LogDerivedDataCache:Display: Pak cache opened for reading ../../../Engine/DerivedDataCache/Compressed.ddp.
[2017.04.08-07.41.21:139][  0]LogDerivedDataCache: Using Local data cache path C:/Users/Aratim/AppData/Local/UnrealEngine/Common/DerivedDataCache: Writable
[2017.04.08-07.41.21:163][  0]LogSlate: Using Freetype 2.6.0
[2017.04.08-07.41.21:177][  0]LogSlate: SlateFontCache - WITH_FREETYPE: 1, WITH_HARFBUZZ: 1
[2017.04.08-07.41.21:177][  0]LogSlate: SlateFontCache - WITH_FREETYPE: 1, WITH_HARFBUZZ: 1
[2017.04.08-07.41.25:035][  0]LogInit: Selected Device Profile: [Windows]
[2017.04.08-07.41.25:046][  0]LogContentStreaming: Texture pool size is 0.00 MB
[2017.04.08-07.41.25:319][  0]LogMeshUtilities: Using QuadricMeshReduction for automatic static mesh reduction
[2017.04.08-07.41.25:360][  0]LogSimplygon: Simplygon DLL not present - disabling.
[2017.04.08-07.41.25:405][  0]LogMeshUtilities: Using SimplygonSwarm for distributed automatic mesh merging
[2017.04.08-07.41.25:405][  0]LogMeshUtilities: No automatic skeletal mesh reduction module available
[2017.04.08-07.41.25:405][  0]LogMeshUtilities: No automatic mesh merging module available
[2017.04.08-07.41.26:843][  0]LogNetVersion: GetLocalNetworkVersion: CL: 3299760, ProjectName: isekailife, ProjectVersion: , EngineNetworkVersion: 2, GameNetworkVersion: 0, NetworkChecksum: 721096836
[2017.04.08-07.41.26:899][  0]LogAssetRegistry: FAssetRegistry took 0.0251 seconds to start up
[2017.04.08-07.41.26:936][  0]LogPackageLocalizationCache: Processed 3 localized package path(s) for 1 prioritized culture(s) in 0.014308 seconds
[2017.04.08-07.41.26:943][  0]LogUObjectArray: 32493 objects as part of root set at end of initial load.
[2017.04.08-07.41.26:943][  0]LogUObjectAllocator: 7077032 out of 0 bytes used by permanent object pool.
[2017.04.08-07.41.26:943][  0]LogUObjectArray: CloseDisregardForGC: 0/0 objects in disregard for GC pool
[2017.04.08-07.41.27:002][  0]LogInit: WinSock: version 1.1 (2.2), MaxSocks=32767, MaxUdp=65467
[2017.04.08-07.41.30:521][  0]LogTcpMessaging: Initializing TcpMessaging bridge
[2017.04.08-07.41.30:561][  0]LogUdpMessaging: Initializing bridge on interface 0.0.0.0:0 to multicast group 230.0.0.1:6666.
[2017.04.08-07.41.31:163][  0]LogMaterial: Uniform references updated for custom material expression Custom.
[2017.04.08-07.41.31:629][  0]SourceControl: Info Source control is disabled
[2017.04.08-07.41.31:630][  0]SourceControl: Info Source control is disabled
[2017.04.08-07.41.31:681][  0]SourceControl: Info Source control is disabled
[2017.04.08-07.41.31:726][  0]SourceControl: Info Source control is disabled
[2017.04.08-07.41.33:244][  0]LogEngine: Initializing Engine...
[2017.04.08-07.41.33:245][  0]LogHMD: Failed to initialize OpenVR with code 110
[2017.04.08-07.41.33:626][  0]LogAIModule: Creating AISystem for world Untitled
[2017.04.08-07.41.33:645][  0]LogInit: XAudio2 using 'Haut-parleurs (2- USB Audio Device)' : 2 channels at 44.1 kHz using 16 bits per sample (channel mask 0x3)
[2017.04.08-07.41.33:657][  0]LogInit: FAudioDevice initialized.
[2017.04.08-07.41.33:688][  0]LogDerivedDataCache: Saved boot cache 0.03s 50MB C:/Users/Aratim/AppData/Local/UnrealEngine/4.15/DerivedDataCache/Boot.ddc.
[2017.04.08-07.41.33:696][  0]LogInit: Texture streaming: Enabled
[2017.04.08-07.41.33:784][  0]LogEngineSessionManager: EngineSessionManager initialized
[2017.04.08-07.41.33:873][  0]LogInit: Transaction tracking system initialized
[2017.04.08-07.41.34:203][  0]BlueprintLog: New page: Editor Load
[2017.04.08-07.41.35:091][  0]LocalizationService: Info Localization service is disabled
[2017.04.08-07.41.35:743][  0]LogConsoleResponse:Display: 
[2017.04.08-07.41.36:105][  0]LogCook:Display: Max memory allowance for cook 16384mb min free memory 0mb
[2017.04.08-07.41.36:105][  0]LogCook:Display: Mobile HDR setting 1
[2017.04.08-07.41.37:114][  0]LogFileCache: Scanning file cache for directory 'X:/Aratim/Documents/GitHub/ProjetInfoSolo/IsekaiLife 4.15/Content/' took 0.03s
[2017.04.08-07.41.37:173][  0]SourceControl: Info Source control is disabled
[2017.04.08-07.41.37:176][  0]Cmd: MAP LOAD FILE="X:/Aratim/Documents/GitHub/ProjetInfoSolo/IsekaiLife 4.15/Content/ThirdPersonBP/Maps/ThirdPersonExampleMap.umap" TEMPLATE=0 SHOWPROGRESS=1 FEATURELEVEL=3
[2017.04.08-07.41.37:265][  0]LightingResults: New page: Lighting Build
[2017.04.08-07.41.37:350][  0]MapCheck: New page: Map Check
[2017.04.08-07.41.37:350][  0]LightingResults: New page: Lighting Build
[2017.04.08-07.41.38:805][  0]LogProperty:Error: UStructProperty::Serialize Loading: Property 'StructProperty /Game/InventorySystem/Widgets/DetailWidget.DetailWidget_C:ItemInfo'. Unknown structure.
[2017.04.08-07.41.38:805][  0]LogClass:Warning: Property ItemInfo of ItemInfo has a struct type mismatch (tag STRUCT_REINST_S_ItemInfo_0 != prop FallbackStruct) in package:  X:/Aratim/Documents/GitHub/ProjetInfoSolo/IsekaiLife 4.15/Content/InventorySystem/Widgets/DetailWidget.uasset. If that struct got renamed, add an entry to ActiveStructRedirects.
[2017.04.08-07.41.38:823][  0]LogClass:Warning: Property ItemInfo of ItemInfo has a struct type mismatch (tag FallbackStruct != prop S_ItemInfo) in package:  FObjectReader. If that struct got renamed, add an entry to ActiveStructRedirects.
[2017.04.08-07.41.38:830][  0]LogProperty:Error: UStructProperty::Serialize Loading: Property 'StructProperty /Game/InventorySystem/Widgets/DraggedItem.DraggedItem_C:ItemInfo'. Unknown structure.
[2017.04.08-07.41.38:830][  0]LogClass:Warning: Property ItemInfo of ItemInfo has a struct type mismatch (tag STRUCT_REINST_S_ItemInfo_0 != prop FallbackStruct) in package:  X:/Aratim/Documents/GitHub/ProjetInfoSolo/IsekaiLife 4.15/Content/InventorySystem/Widgets/DraggedItem.uasset. If that struct got renamed, add an entry to ActiveStructRedirects.
[2017.04.08-07.41.38:837][  0]LogClass:Warning: Property ItemInfo of ItemInfo has a struct type mismatch (tag FallbackStruct != prop S_ItemInfo) in package:  FObjectReader. If that struct got renamed, add an entry to ActiveStructRedirects.
[2017.04.08-07.41.39:085][  0]LogProperty:Error: UStructProperty::Serialize Loading: Property 'StructProperty /Game/InventorySystem/Widgets/CraftingMenu.CraftingMenu_C:CurrentItemInfo'. Unknown structure.
[2017.04.08-07.41.39:297][  0]LogProperty:Error: UStructProperty::Serialize Loading: Property 'StructProperty /Game/InventorySystem/Widgets/ThrowWidget.ThrowWidget_C:ExecuteUbergraph_ThrowWidget.CallFunc_GetItemInfoAtIndex_ItemInfo'. Unknown structure.
[2017.04.08-07.41.39:389][  0]LogClass:Warning: Property CurrentItemInfo of CurrentItemInfo has a struct type mismatch (tag STRUCT_REINST_S_ItemInfo_0 != prop FallbackStruct) in package:  X:/Aratim/Documents/GitHub/ProjetInfoSolo/IsekaiLife 4.15/Content/InventorySystem/Widgets/CraftingMenu.uasset. If that struct got renamed, add an entry to ActiveStructRedirects.
[2017.04.08-07.41.39:423][  0]LogClass:Warning: Property CurrentItemInfo of CurrentItemInfo has a struct type mismatch (tag FallbackStruct != prop S_ItemInfo) in package:  FObjectReader. If that struct got renamed, add an entry to ActiveStructRedirects.
[2017.04.08-07.41.42:954][  0]LogAIModule: Creating AISystem for world ThirdPersonExampleMap
[2017.04.08-07.41.43:010][  0]LogEditorServer: Finished looking for orphan Actors (0.000 secs)
[2017.04.08-07.41.43:012][  0]Cmd: MAP CHECKDEP NOCLEARLOG
[2017.04.08-07.41.43:064][  0]MapCheck: Info Map check complete: 0 Error(s), 0 Warning(s), took 51.275ms to complete.
[2017.04.08-07.41.43:064][  0]LogFileHelpers: Loading map 'ThirdPersonExampleMap' took 5.889
[2017.04.08-07.41.43:349][  0]LogCollectionManager: Loaded 0 collections in 0.001791 seconds
[2017.04.08-07.41.43:449][  0]LogFileCache: Scanning file cache for directory 'X:/Aratim/Documents/GitHub/ProjetInfoSolo/IsekaiLife 4.15/Saved/Collections/' took 0.01s
[2017.04.08-07.41.43:449][  0]LogFileCache: Scanning file cache for directory 'X:/Aratim/Documents/GitHub/ProjetInfoSolo/IsekaiLife 4.15/Content/Developers/Aratim/Collections/' took 0.01s
[2017.04.08-07.41.43:449][  0]LogFileCache: Scanning file cache for directory 'X:/Aratim/Documents/GitHub/ProjetInfoSolo/IsekaiLife 4.15/Content/Collections/' took 0.01s
[2017.04.08-07.41.43:449][  0]LogCollectionManager: Rebuilt the GUID cache for 0 collections in 0.000006 seconds
[2017.04.08-07.41.43:461][  0]LogContentBrowser: Native class hierarchy populated in 0.0094 seconds. Added 2245 classes and 453 folders.
[2017.04.08-07.41.43:469][  0]LogStats: UGameplayTagsManager::ConstructGameplayTagTree: Construct from data asset -  0.000 s
[2017.04.08-07.41.43:469][  0]LogStats: UGameplayTagsManager::ConstructGameplayTagTree: GameplayTagTreeChangedEvent.Broadcast -  0.000 s
[2017.04.08-07.41.43:534][  0]LogContentBrowser: Native class hierarchy updated for 'WidgetCarousel' in 0.0005 seconds. Added 0 classes and 0 folders.
[2017.04.08-07.41.43:871][  0]LogContentBrowser: Native class hierarchy updated for 'AddContentDialog' in 0.0004 seconds. Added 0 classes and 0 folders.
[2017.04.08-07.41.43:924][  0]LogContentBrowser: Native class hierarchy updated for 'SceneOutliner' in 0.0005 seconds. Added 1 classes and 2 folders.
[2017.04.08-07.41.44:025][  0]LogCrashTracker: Crashtracker disabled due to settings.
[2017.04.08-07.41.44:039][  0]LogUObjectGlobals:Warning: Failed to find object 'Class None.'
[2017.04.08-07.41.44:114][  0]LogContentBrowser: Native class hierarchy updated for 'HierarchicalLODOutliner' in 0.0006 seconds. Added 1 classes and 2 folders.
[2017.04.08-07.41.44:116][  0]LogLoad: (Engine Initialization) Total time: 35.98 seconds
[2017.04.08-07.41.44:116][  0]LogLoad: (Engine Initialization) Total Blueprint compile time: 1.40 seconds
[2017.04.08-07.41.44:116][  0]LogExternalProfiler: Found external profiler: VSPerf
[2017.04.08-07.41.44:116][  0]LogExternalProfiler: Using external profiler: VSPerf
[2017.04.08-07.41.44:456][  0]LogOcInput: OculusInput pre-init called
[2017.04.08-07.41.44:482][  0]LogContentStreaming: Texture pool size now 1000 MB
[2017.04.08-07.41.44:497][  0]LogSlate: Took 0.012208 seconds to synchronously load lazily loaded font '../../../Engine/Content/Slate/Fonts/Roboto-Regular.ttf' (155K)
[2017.04.08-07.41.44:506][  0]LogSlate: Took 0.004888 seconds to synchronously load lazily loaded font '../../../Engine/Content/Slate/Fonts/Roboto-Bold.ttf' (160K)
[2017.04.08-07.41.44:519][  0]LogSlate: Took 0.005240 seconds to synchronously load lazily loaded font '../../../Engine/Content/Editor/Slate/Fonts/FontAwesome.ttf' (139K)
[2017.04.08-07.41.44:757][  0]LogRenderer: Reallocating scene render targets to support 1208x576 NumSamples 1 (Frame:2).
[2017.04.08-07.41.44:757][  0]LogSlate: Took 0.004978 seconds to synchronously load lazily loaded font '../../../Engine/Content/Slate/Fonts/Roboto-Light.ttf' (159K)
[2017.04.08-07.41.45:521][  3]LogAssetRegistry: Asset discovery search completed in 18.6454 seconds
[2017.04.08-07.41.45:522][  3]LogCollectionManager: Rebuilt the object cache for 0 collections in 0.000015 seconds (found 0 objects)
[2017.04.08-07.41.45:522][  3]LogCollectionManager: Fixed up redirectors for 0 collections in 0.000333 seconds (updated 0 objects)
[2017.04.08-07.41.45:541][  3]LogSlate: Took 0.000154 seconds to synchronously load lazily loaded font '../../../Engine/Content/Slate/Fonts/Roboto-Light.ttf' (159K)
[2017.04.08-07.44.27:919][877]LogSlate: Took 0.000160 seconds to synchronously load lazily loaded font '../../../Engine/Content/Slate/Fonts/Roboto-Light.ttf' (159K)
[2017.04.08-07.44.28:381][877]LogContentBrowser: Native class hierarchy updated for 'BlueprintGraph' in 0.0008 seconds. Added 112 classes and 0 folders.
[2017.04.08-07.44.28:978][877]LogSlate: Took 0.000244 seconds to synchronously load lazily loaded font '../../../Engine/Content/Slate/Fonts/Roboto-Regular.ttf' (155K)
[2017.04.08-07.44.29:144][877]LogSlate: Took 0.003902 seconds to synchronously load lazily loaded font '../../../Engine/Content/Editor/Slate/Fonts/Roboto-BoldCondensed.ttf' (158K)
[2017.04.08-07.44.29:380][878]LogSlate: Took 0.004395 seconds to synchronously load lazily loaded font '../../../Engine/Content/Editor/Slate/Fonts/Roboto-Italic.ttf' (157K)
[2017.04.08-07.46.20:984][187]LogSlate: Took 0.003728 seconds to synchronously load lazily loaded font '../../../Engine/Content/Editor/Slate/Fonts/Roboto-BoldCondensedItalic.ttf' (160K)
[2017.04.08-07.53.37:316][174]BlueprintLog: New page: Compile BP_Inventory
[2017.04.08-07.53.38:708][174]BlueprintEditorCompileResults: Info 'ReturnValue' is already a 'Inventory Save', you don't need  Cast To InventorySave .
[2017.04.08-07.53.39:681][276]BlueprintLog: New page: Compile BP_Inventory
[2017.04.08-07.53.40:142][276]BlueprintEditorCompileResults: Info 'ReturnValue' is already a 'Inventory Save', you don't need  Cast To InventorySave .
[2017.04.08-07.53.41:831][385]LogSavePackage: Save=395.43ms
[2017.04.08-07.53.41:831][385]LogSavePackage: Moving 'X:/Aratim/Documents/GitHub/ProjetInfoSolo/IsekaiLife 4.15/Saved/BP_Inventory83411DD14BD78FC525060FA1ACE40CC1.tmp' to 'X:/Aratim/Documents/GitHub/ProjetInfoSolo/IsekaiLife 4.15/Content/InventorySystem/Blueprints/BP_Inventory.uasset'
[2017.04.08-07.53.41:833][385]LogSavePackage:Display: Finished SavePackage X:/Aratim/Documents/GitHub/ProjetInfoSolo/IsekaiLife 4.15/Content/InventorySystem/Blueprints/BP_Inventory.uasset
[2017.04.08-07.58.54:646][763]BlueprintLog: New page: Compile BP_Inventory
[2017.04.08-07.58.55:859][763]BlueprintEditorCompileResults: Info 'ReturnValue' is already a 'Inventory Save', you don't need  Cast To InventorySave .
[2017.04.08-07.58.57:268][876]LogSavePackage: Save=364.31ms
[2017.04.08-07.58.57:268][876]LogSavePackage: Moving 'X:/Aratim/Documents/GitHub/ProjetInfoSolo/IsekaiLife 4.15/Saved/BP_Inventory881080404B3B4A511C9A4B9692B42E6D.tmp' to 'X:/Aratim/Documents/GitHub/ProjetInfoSolo/IsekaiLife 4.15/Content/InventorySystem/Blueprints/BP_Inventory.uasset'
[2017.04.08-07.58.57:270][876]LogSavePackage:Display: Finished SavePackage X:/Aratim/Documents/GitHub/ProjetInfoSolo/IsekaiLife 4.15/Content/InventorySystem/Blueprints/BP_Inventory.uasset
[2017.04.08-08.00.54:487][ 25]BlueprintLog: New page: Compile BP_Inventory
[2017.04.08-08.00.54:979][ 25]BlueprintEditorCompileResults: Info 'ReturnValue' is already a 'Inventory Save', you don't need  Cast To InventorySave .
[2017.04.08-08.00.55:780][ 71]LogSavePackage: Save=369.92ms
[2017.04.08-08.00.55:780][ 71]LogSavePackage: Moving 'X:/Aratim/Documents/GitHub/ProjetInfoSolo/IsekaiLife 4.15/Saved/BP_InventoryF1F7E403459BFB093389F2B405E0C0CB.tmp' to 'X:/Aratim/Documents/GitHub/ProjetInfoSolo/IsekaiLife 4.15/Content/InventorySystem/Blueprints/BP_Inventory.uasset'
[2017.04.08-08.00.55:782][ 71]LogSavePackage:Display: Finished SavePackage X:/Aratim/Documents/GitHub/ProjetInfoSolo/IsekaiLife 4.15/Content/InventorySystem/Blueprints/BP_Inventory.uasset
[2017.04.08-08.03.54:647][350]BlueprintLog: New page: Compile Ch_MyCharacter
[2017.04.08-08.03.55:442][350]BlueprintEditorCompileResults: Info 'ReturnValue' is already a 'My Char Save', you don't need  Cast To MyCharSave .
[2017.04.08-08.03.57:778][595]BlueprintLog: New page: Compile Ch_MyCharacter
[2017.04.08-08.03.58:544][595]BlueprintEditorCompileResults: Info 'ReturnValue' is already a 'My Char Save', you don't need  Cast To MyCharSave .
[2017.04.08-08.04.05:105][344]Cmd: OBJ SAVEPACKAGE PACKAGE="/Game/Game/Character/Player/Ch_MyCharacter" FILE="X:/Aratim/Documents/GitHub/ProjetInfoSolo/IsekaiLife 4.15/Content/Game/Character/Player/Ch_MyCharacter.uasset" SILENT=true
[2017.04.08-08.04.05:293][344]LogSavePackage: Save=157.81ms
[2017.04.08-08.04.05:294][344]LogSavePackage: Moving 'X:/Aratim/Documents/GitHub/ProjetInfoSolo/IsekaiLife 4.15/Saved/Ch_MyCharacterCD4791C34148BAD1FCA68EAB47DC8CC5.tmp' to 'X:/Aratim/Documents/GitHub/ProjetInfoSolo/IsekaiLife 4.15/Content/Game/Character/Player/Ch_MyCharacter.uasset'
[2017.04.08-08.04.05:297][344]LogSavePackage:Display: Finished SavePackage X:/Aratim/Documents/GitHub/ProjetInfoSolo/IsekaiLife 4.15/Content/Game/Character/Player/Ch_MyCharacter.uasset
[2017.04.08-08.04.05:934][417]BlueprintLog: New page: Compile Ch_MyCharacter
[2017.04.08-08.04.06:704][417]BlueprintEditorCompileResults: Info 'ReturnValue' is already a 'My Char Save', you don't need  Cast To MyCharSave .
[2017.04.08-08.04.07:744][504]Cmd: OBJ SAVEPACKAGE PACKAGE="/Game/Game/Character/Player/Ch_MyCharacter" FILE="X:/Aratim/Documents/GitHub/ProjetInfoSolo/IsekaiLife 4.15/Content/Game/Character/Player/Ch_MyCharacter.uasset" SILENT=true
[2017.04.08-08.04.07:889][504]LogSavePackage: Save=142.71ms
[2017.04.08-08.04.07:889][504]LogSavePackage: Moving 'X:/Aratim/Documents/GitHub/ProjetInfoSolo/IsekaiLife 4.15/Saved/Ch_MyCharacter11057723424CA0464ECD1790B4FA5A7F.tmp' to 'X:/Aratim/Documents/GitHub/ProjetInfoSolo/IsekaiLife 4.15/Content/Game/Character/Player/Ch_MyCharacter.uasset'
[2017.04.08-08.04.07:892][504]LogSavePackage:Display: Finished SavePackage X:/Aratim/Documents/GitHub/ProjetInfoSolo/IsekaiLife 4.15/Content/Game/Character/Player/Ch_MyCharacter.uasset
[2017.04.08-08.04.08:585][584]BlueprintLog: New page: Compile Ch_MyCharacter
[2017.04.08-08.04.09:353][584]BlueprintEditorCompileResults: Info 'ReturnValue' is already a 'My Char Save', you don't need  Cast To MyCharSave .
[2017.04.08-08.04.10:643][702]Cmd: OBJ SAVEPACKAGE PACKAGE="/Game/Game/Character/Player/Ch_MyCharacter" FILE="X:/Aratim/Documents/GitHub/ProjetInfoSolo/IsekaiLife 4.15/Content/Game/Character/Player/Ch_MyCharacter.uasset" SILENT=true
[2017.04.08-08.04.10:788][702]LogSavePackage: Save=142.27ms
[2017.04.08-08.04.10:788][702]LogSavePackage: Moving 'X:/Aratim/Documents/GitHub/ProjetInfoSolo/IsekaiLife 4.15/Saved/Ch_MyCharacter73A058E749F5A0DCF610EA9F6D2CD553.tmp' to 'X:/Aratim/Documents/GitHub/ProjetInfoSolo/IsekaiLife 4.15/Content/Game/Character/Player/Ch_MyCharacter.uasset'
[2017.04.08-08.04.10:789][702]LogSavePackage:Display: Finished SavePackage X:/Aratim/Documents/GitHub/ProjetInfoSolo/IsekaiLife 4.15/Content/Game/Character/Player/Ch_MyCharacter.uasset
[2017.04.08-08.04.43:439][602]BlueprintLog: New page: Compile Ch_MyCharacter
[2017.04.08-08.04.45:737][771]Cmd: OBJ SAVEPACKAGE PACKAGE="/Game/Game/Character/Player/Ch_MyCharacter" FILE="X:/Aratim/Documents/GitHub/ProjetInfoSolo/IsekaiLife 4.15/Content/Game/Character/Player/Ch_MyCharacter.uasset" SILENT=true
[2017.04.08-08.04.45:883][771]LogSavePackage: Save=143.45ms
[2017.04.08-08.04.45:883][771]LogSavePackage: Moving 'X:/Aratim/Documents/GitHub/ProjetInfoSolo/IsekaiLife 4.15/Saved/Ch_MyCharacter9CEA3AE74539A61B99C5E4A21A8BB7EE.tmp' to 'X:/Aratim/Documents/GitHub/ProjetInfoSolo/IsekaiLife 4.15/Content/Game/Character/Player/Ch_MyCharacter.uasset'
[2017.04.08-08.04.45:885][771]LogSavePackage:Display: Finished SavePackage X:/Aratim/Documents/GitHub/ProjetInfoSolo/IsekaiLife 4.15/Content/Game/Character/Player/Ch_MyCharacter.uasset
[2017.04.08-08.05.03:212][845]BlueprintLog: New page: Compile Ch_MyCharacter
[2017.04.08-08.05.04:858][939]Cmd: OBJ SAVEPACKAGE PACKAGE="/Game/Game/Character/Player/Ch_MyCharacter" FILE="X:/Aratim/Documents/GitHub/ProjetInfoSolo/IsekaiLife 4.15/Content/Game/Character/Player/Ch_MyCharacter.uasset" SILENT=true
[2017.04.08-08.05.05:006][939]LogSavePackage: Save=144.76ms
[2017.04.08-08.05.05:006][939]LogSavePackage: Moving 'X:/Aratim/Documents/GitHub/ProjetInfoSolo/IsekaiLife 4.15/Saved/Ch_MyCharacter984CC89B434A649C6E86BBB8A604A8DD.tmp' to 'X:/Aratim/Documents/GitHub/ProjetInfoSolo/IsekaiLife 4.15/Content/Game/Character/Player/Ch_MyCharacter.uasset'
[2017.04.08-08.05.05:007][939]LogSavePackage:Display: Finished SavePackage X:/Aratim/Documents/GitHub/ProjetInfoSolo/IsekaiLife 4.15/Content/Game/Character/Player/Ch_MyCharacter.uasset
[2017.04.08-08.06.21:003][ 75]LogSavePackage: Save=213.07ms
[2017.04.08-08.06.21:003][ 75]LogSavePackage: Moving 'X:/Aratim/Documents/GitHub/ProjetInfoSolo/IsekaiLife 4.15/Saved/ThirdPersonExampleMap_Auto1358089C84BD62B8F7C24A4A0835DDDDB.tmp' to 'X:/Aratim/Documents/GitHub/ProjetInfoSolo/IsekaiLife 4.15/Saved/Autosaves/Game/ThirdPersonBP/Maps/ThirdPersonExampleMap_Auto1.umap'
[2017.04.08-08.06.21:003][ 75]LogSavePackage:Display: Finished SavePackage X:/Aratim/Documents/GitHub/ProjetInfoSolo/IsekaiLife 4.15/Saved/Autosaves/Game/ThirdPersonBP/Maps/ThirdPersonExampleMap_Auto1.umap
[2017.04.08-08.06.21:007][ 75]LogFileHelpers: Editor autosave (incl. sublevels) for '/Game/ThirdPersonBP/Maps/ThirdPersonExampleMap' took 0.558
[2017.04.08-08.06.21:007][ 75]LogFileHelpers: Editor autosave (incl. sublevels) for all levels took 0.558
[2017.04.08-08.06.21:009][ 75]OBJ SavePackage: Generating thumbnails for [0] asset(s) in package [/Game/InventorySystem/Widgets/HotkeySlot] ([1] browsable assets)...
[2017.04.08-08.06.21:009][ 75]OBJ SavePackage: Finished generating thumbnails for package [/Game/InventorySystem/Widgets/HotkeySlot]
[2017.04.08-08.06.21:053][ 75]LogSavePackage: Save=37.96ms
[2017.04.08-08.06.21:053][ 75]LogSavePackage: Moving 'X:/Aratim/Documents/GitHub/ProjetInfoSolo/IsekaiLife 4.15/Saved/HotkeySlot_Auto1737902D44E4DC105B10829AB322D7B20.tmp' to 'X:/Aratim/Documents/GitHub/ProjetInfoSolo/IsekaiLife 4.15/Saved/Autosaves/Game/InventorySystem/Widgets/HotkeySlot_Auto1.uasset'
[2017.04.08-08.06.21:092][ 75]LogSavePackage:Display: Finished SavePackage X:/Aratim/Documents/GitHub/ProjetInfoSolo/IsekaiLife 4.15/Saved/Autosaves/Game/InventorySystem/Widgets/HotkeySlot_Auto1.uasset
[2017.04.08-08.06.21:092][ 75]LogFileHelpers: Auto-saving content packages took 0.084
[2017.04.08-08.06.52:686][470]BlueprintLog: New page: Compile HotkeySlot
[2017.04.08-08.06.53:365][529]Cmd: OBJ SAVEPACKAGE PACKAGE="/Game/InventorySystem/Widgets/HotkeySlot" FILE="X:/Aratim/Documents/GitHub/ProjetInfoSolo/IsekaiLife 4.15/Content/InventorySystem/Widgets/HotkeySlot.uasset" SILENT=true
[2017.04.08-08.06.53:405][529]LogSavePackage: Save=36.05ms
[2017.04.08-08.06.53:405][529]LogSavePackage: Moving 'X:/Aratim/Documents/GitHub/ProjetInfoSolo/IsekaiLife 4.15/Saved/HotkeySlot7BC5E2DF4B2676C13749049365870BF2.tmp' to 'X:/Aratim/Documents/GitHub/ProjetInfoSolo/IsekaiLife 4.15/Content/InventorySystem/Widgets/HotkeySlot.uasset'
[2017.04.08-08.06.53:408][529]LogSavePackage:Display: Finished SavePackage X:/Aratim/Documents/GitHub/ProjetInfoSolo/IsekaiLife 4.15/Content/InventorySystem/Widgets/HotkeySlot.uasset
[2017.04.08-08.06.54:459][655]LogTemp: Repeting last play command: Selected Viewport
[2017.04.08-08.06.54:480][655]LogBlueprintUserMessages: Early PlayInEditor Detection: Level '/Game/ThirdPersonBP/Maps/ThirdPersonExampleMap.ThirdPersonExampleMap:PersistentLevel' has LevelScriptBlueprint '/Game/ThirdPersonBP/Maps/ThirdPersonExampleMap.ThirdPersonExampleMap:PersistentLevel.ThirdPersonExampleMap' with GeneratedClass '/Game/ThirdPersonBP/Maps/ThirdPersonExampleMap.ThirdPersonExampleMap_C' with ClassGeneratedBy '/Game/ThirdPersonBP/Maps/ThirdPersonExampleMap.ThirdPersonExampleMap:PersistentLevel.ThirdPersonExampleMap'
[2017.04.08-08.06.54:480][655]LogPlayLevel: PlayLevel: No blueprints needed recompiling
[2017.04.08-08.06.54:485][655]PIE: New page: PIE session: ThirdPersonExampleMap (Apr 8, 2017, 12:06:54 PM)
[2017.04.08-08.06.54:486][655]LogPlayLevel: Creating play world package: /Game/ThirdPersonBP/Maps/UEDPIE_0_ThirdPersonExampleMap
[2017.04.08-08.06.54:509][655]LogPlayLevel: PIE: StaticDuplicateObject took: (0.023456s)
[2017.04.08-08.06.54:510][655]LogAIModule: Creating AISystem for world ThirdPersonExampleMap
[2017.04.08-08.06.54:510][655]LogPlayLevel: PIE: World Init took: (0.001040s)
[2017.04.08-08.06.54:510][655]LogPlayLevel: PIE: Created PIE world by copying editor world from /Game/ThirdPersonBP/Maps/ThirdPersonExampleMap.ThirdPersonExampleMap to /Game/ThirdPersonBP/Maps/UEDPIE_0_ThirdPersonExampleMap.ThirdPersonExampleMap (0.025047s)
[2017.04.08-08.06.54:537][655]LogInit: XAudio2 using 'Haut-parleurs (2- USB Audio Device)' : 2 channels at 44.1 kHz using 16 bits per sample (channel mask 0x3)
[2017.04.08-08.06.54:543][655]LogInit: FAudioDevice initialized.
[2017.04.08-08.06.54:694][655]LogBlueprint:Warning: [Compiler ThirdPersonCharacter] Warning InputAction Event references unknown Action 'ResetVR' for  InputAction ResetVR
[2017.04.08-08.06.54:700][655]LogBlueprint:Warning: [Compiler ThirdPersonCharacter] Warning [1546.57] Compile of ThirdPersonCharacter successful, but with 1 Warning(s) [in 16 ms] (/Game/ThirdPersonBP/Blueprints/ThirdPersonCharacter.ThirdPersonCharacter)
[2017.04.08-08.06.54:700][655]LogBlueprint:Warning: [Compiler ThirdPersonCharacter] Warning [1546.57] Compile of ThirdPersonCharacter successful, but with 2 Warning(s) [in 0 ms] (/Game/ThirdPersonBP/Blueprints/ThirdPersonCharacter.ThirdPersonCharacter)
[2017.04.08-08.06.54:700][655]LogBlueprint:Warning: [Compiler ThirdPersonCharacter] Warning [1546.57] Compile of ThirdPersonCharacter successful, but with 3 Warning(s) [in 0 ms] (/Game/ThirdPersonBP/Blueprints/ThirdPersonCharacter.ThirdPersonCharacter)
[2017.04.08-08.06.54:708][655]LogBlueprint:Warning: [Compiler ThirdPersonCharacter] Warning InputAction Event references unknown Action 'ResetVR' for  InputAction ResetVR
[2017.04.08-08.06.54:714][655]LogBlueprint:Warning: [Compiler ThirdPersonCharacter] Warning [1546.58] Compile of ThirdPersonCharacter successful, but with 1 Warning(s) [in 11 ms] (/Game/ThirdPersonBP/Blueprints/ThirdPersonCharacter.ThirdPersonCharacter)
[2017.04.08-08.06.54:714][655]LogBlueprint:Warning: [Compiler ThirdPersonCharacter] Warning [1546.58] Compile of ThirdPersonCharacter successful, but with 2 Warning(s) [in 0 ms] (/Game/ThirdPersonBP/Blueprints/ThirdPersonCharacter.ThirdPersonCharacter)
[2017.04.08-08.06.54:714][655]LogBlueprint:Warning: [Compiler ThirdPersonCharacter] Warning [1546.58] Compile of ThirdPersonCharacter successful, but with 3 Warning(s) [in 0 ms] (/Game/ThirdPersonBP/Blueprints/ThirdPersonCharacter.ThirdPersonCharacter)
[2017.04.08-08.06.54:733][655]LogLoad: Game class is 'ThirdPersonGameMode_C'
[2017.04.08-08.06.54:740][655]LogWorld: Bringing World /Game/ThirdPersonBP/Maps/UEDPIE_0_ThirdPersonExampleMap.ThirdPersonExampleMap up for play (max tick rate 0) at 2017.04.08-10.06.54
[2017.04.08-08.06.54:747][655]LogWorld: Bringing up level for play took: 0.012593
[2017.04.08-08.06.54:809][655]LogContentBrowser: Native class hierarchy updated for 'MovieSceneCapture' in 0.0008 seconds. Added 11 classes and 0 folders.
[2017.04.08-08.06.54:812][655]LogStreaming:Warning: Failed to read file 'X:/Aratim/Documents/GitHub/ProjetInfoSolo/IsekaiLife 4.15/Saved//SaveGames/MyCharSave.sav' error.
[2017.04.08-08.06.54:813][655]LogStreaming:Warning: Failed to read file 'X:/Aratim/Documents/GitHub/ProjetInfoSolo/IsekaiLife 4.15/Saved//SaveGames/InventorySave.sav' error.
[2017.04.08-08.06.54:841][655]PIE: Info Play in editor start time for /Game/ThirdPersonBP/Maps/UEDPIE_0_ThirdPersonExampleMap 0.85
[2017.04.08-08.06.54:842][655]LogBlueprintUserMessages: Late PlayInEditor Detection: Level '/Game/ThirdPersonBP/Maps/ThirdPersonExampleMap.ThirdPersonExampleMap:PersistentLevel' has LevelScriptBlueprint '/Game/ThirdPersonBP/Maps/ThirdPersonExampleMap.ThirdPersonExampleMap:PersistentLevel.ThirdPersonExampleMap' with GeneratedClass '/Game/ThirdPersonBP/Maps/ThirdPersonExampleMap.ThirdPersonExampleMap_C' with ClassGeneratedBy '/Game/ThirdPersonBP/Maps/ThirdPersonExampleMap.ThirdPersonExampleMap:PersistentLevel.ThirdPersonExampleMap'
[2017.04.08-08.06.54:882][655]LogRenderer: Reallocating scene render targets to support 1292x756 NumSamples 1 (Frame:27459).
[2017.04.08-08.07.00:609][331]LogScriptCore:Warning: Script Msg: Attempted to access index 0 from array NearbyPickupActor of length 0!
[2017.04.08-08.07.00:609][331]LogScriptCore:Warning: Script Msg: Attempted to access index 0 from array NearbyPickupActor of length 0!
[2017.04.08-08.07.31:551][ 19]LogBlueprintUserMessages: Early EndPlayMap Detection: Level '/Game/ThirdPersonBP/Maps/ThirdPersonExampleMap.ThirdPersonExampleMap:PersistentLevel' has LevelScriptBlueprint '/Game/ThirdPersonBP/Maps/ThirdPersonExampleMap.ThirdPersonExampleMap:PersistentLevel.ThirdPersonExampleMap' with GeneratedClass '/Game/ThirdPersonBP/Maps/ThirdPersonExampleMap.ThirdPersonExampleMap_C' with ClassGeneratedBy '/Game/ThirdPersonBP/Maps/ThirdPersonExampleMap.ThirdPersonExampleMap:PersistentLevel.ThirdPersonExampleMap'
[2017.04.08-08.07.31:609][ 19]LogBlueprintUserMessages: Late EndPlayMap Detection: Level '/Game/ThirdPersonBP/Maps/ThirdPersonExampleMap.ThirdPersonExampleMap:PersistentLevel' has LevelScriptBlueprint '/Game/ThirdPersonBP/Maps/ThirdPersonExampleMap.ThirdPersonExampleMap:PersistentLevel.ThirdPersonExampleMap' with GeneratedClass '/Game/ThirdPersonBP/Maps/ThirdPersonExampleMap.ThirdPersonExampleMap_C' with ClassGeneratedBy '/Game/ThirdPersonBP/Maps/ThirdPersonExampleMap.ThirdPersonExampleMap:PersistentLevel.ThirdPersonExampleMap'
[2017.04.08-08.08.11:733][767]BlueprintLog: New page: Compile Ch_MyCharacter
[2017.04.08-08.08.13:210][813]Cmd: OBJ SAVEPACKAGE PACKAGE="/Game/Game/Character/Player/Ch_MyCharacter" FILE="X:/Aratim/Documents/GitHub/ProjetInfoSolo/IsekaiLife 4.15/Content/Game/Character/Player/Ch_MyCharacter.uasset" SILENT=true
[2017.04.08-08.08.13:360][813]LogSavePackage: Save=146.62ms
[2017.04.08-08.08.13:360][813]LogSavePackage: Moving 'X:/Aratim/Documents/GitHub/ProjetInfoSolo/IsekaiLife 4.15/Saved/Ch_MyCharacter34FC0DA34DE1DA7AC8A17992842A7A7E.tmp' to 'X:/Aratim/Documents/GitHub/ProjetInfoSolo/IsekaiLife 4.15/Content/Game/Character/Player/Ch_MyCharacter.uasset'
[2017.04.08-08.08.13:362][813]LogSavePackage:Display: Finished SavePackage X:/Aratim/Documents/GitHub/ProjetInfoSolo/IsekaiLife 4.15/Content/Game/Character/Player/Ch_MyCharacter.uasset
[2017.04.08-08.08.14:663][966]BlueprintLog: New page: Compile Ch_MyCharacter
[2017.04.08-08.09.58:469][463]Cmd: OBJ SAVEPACKAGE PACKAGE="/Game/Game/Character/Player/Ch_MyCharacter" FILE="X:/Aratim/Documents/GitHub/ProjetInfoSolo/IsekaiLife 4.15/Content/Game/Character/Player/Ch_MyCharacter.uasset" SILENT=true
[2017.04.08-08.09.58:621][463]LogSavePackage: Save=144.73ms
[2017.04.08-08.09.58:621][463]LogSavePackage: Moving 'X:/Aratim/Documents/GitHub/ProjetInfoSolo/IsekaiLife 4.15/Saved/Ch_MyCharacterCB0498E144A78FAE21CC2FB25EA376F7.tmp' to 'X:/Aratim/Documents/GitHub/ProjetInfoSolo/IsekaiLife 4.15/Content/Game/Character/Player/Ch_MyCharacter.uasset'
[2017.04.08-08.09.58:623][463]LogSavePackage:Display: Finished SavePackage X:/Aratim/Documents/GitHub/ProjetInfoSolo/IsekaiLife 4.15/Content/Game/Character/Player/Ch_MyCharacter.uasset
[2017.04.08-08.09.59:853][610]BlueprintLog: New page: Compile Ch_MyCharacter
[2017.04.08-08.10.02:443][793]BlueprintLog: New page: Compile Ch_MyCharacter
[2017.04.08-08.10.06:599][160]Cmd: OBJ SAVEPACKAGE PACKAGE="/Game/Game/Character/Player/Ch_MyCharacter" FILE="X:/Aratim/Documents/GitHub/ProjetInfoSolo/IsekaiLife 4.15/Content/Game/Character/Player/Ch_MyCharacter.uasset" SILENT=true
[2017.04.08-08.10.06:745][160]LogSavePackage: Save=143.16ms
[2017.04.08-08.10.06:745][160]LogSavePackage: Moving 'X:/Aratim/Documents/GitHub/ProjetInfoSolo/IsekaiLife 4.15/Saved/Ch_MyCharacter0BA1AEAA409A6FF1E2B2B68628E99F93.tmp' to 'X:/Aratim/Documents/GitHub/ProjetInfoSolo/IsekaiLife 4.15/Content/Game/Character/Player/Ch_MyCharacter.uasset'
[2017.04.08-08.10.06:746][160]LogSavePackage:Display: Finished SavePackage X:/Aratim/Documents/GitHub/ProjetInfoSolo/IsekaiLife 4.15/Content/Game/Character/Player/Ch_MyCharacter.uasset
[2017.04.08-08.10.08:981][422]LogTemp: Repeting last play command: Selected Viewport
[2017.04.08-08.10.09:001][422]LogBlueprintUserMessages: Early PlayInEditor Detection: Level '/Game/ThirdPersonBP/Maps/ThirdPersonExampleMap.ThirdPersonExampleMap:PersistentLevel' has LevelScriptBlueprint '/Game/ThirdPersonBP/Maps/ThirdPersonExampleMap.ThirdPersonExampleMap:PersistentLevel.ThirdPersonExampleMap' with GeneratedClass '/Game/ThirdPersonBP/Maps/ThirdPersonExampleMap.ThirdPersonExampleMap_C' with ClassGeneratedBy '/Game/ThirdPersonBP/Maps/ThirdPersonExampleMap.ThirdPersonExampleMap:PersistentLevel.ThirdPersonExampleMap'
[2017.04.08-08.10.09:001][422]BlueprintLog: New page: Pre-Play auto-recompile
[2017.04.08-08.10.09:001][422]LogPlayLevel: [PlayLevel] Compiling Ch_MyCharacter before play...
[2017.04.08-08.10.09:786][422]LogPlayLevel: PlayLevel: Blueprint regeneration took 785 ms (1 blueprints)
[2017.04.08-08.10.09:786][422]PIE: New page: PIE session: ThirdPersonExampleMap (Apr 8, 2017, 12:10:09 PM)
[2017.04.08-08.10.09:786][422]LogPlayLevel: Creating play world package: /Game/ThirdPersonBP/Maps/UEDPIE_0_ThirdPersonExampleMap
[2017.04.08-08.10.09:809][422]LogPlayLevel: PIE: StaticDuplicateObject took: (0.022502s)
[2017.04.08-08.10.09:810][422]LogAIModule: Creating AISystem for world ThirdPersonExampleMap
[2017.04.08-08.10.09:810][422]LogPlayLevel: PIE: World Init took: (0.001202s)
[2017.04.08-08.10.09:810][422]LogPlayLevel: PIE: Created PIE world by copying editor world from /Game/ThirdPersonBP/Maps/ThirdPersonExampleMap.ThirdPersonExampleMap to /Game/ThirdPersonBP/Maps/UEDPIE_0_ThirdPersonExampleMap.ThirdPersonExampleMap (0.023990s)
[2017.04.08-08.10.09:837][422]LogInit: XAudio2 using 'Haut-parleurs (2- USB Audio Device)' : 2 channels at 44.1 kHz using 16 bits per sample (channel mask 0x3)
[2017.04.08-08.10.09:843][422]LogInit: FAudioDevice initialized.
[2017.04.08-08.10.09:891][422]LogLoad: Game class is 'ThirdPersonGameMode_C'
[2017.04.08-08.10.09:895][422]LogWorld: Bringing World /Game/ThirdPersonBP/Maps/UEDPIE_0_ThirdPersonExampleMap.ThirdPersonExampleMap up for play (max tick rate 0) at 2017.04.08-10.10.09
[2017.04.08-08.10.09:896][422]LogWorld: Bringing up level for play took: 0.004300
[2017.04.08-08.10.09:897][422]LogStreaming:Warning: Failed to read file 'X:/Aratim/Documents/GitHub/ProjetInfoSolo/IsekaiLife 4.15/Saved//SaveGames/MyCharSave.sav' error.
[2017.04.08-08.10.09:897][422]LogStreaming:Warning: Failed to read file 'X:/Aratim/Documents/GitHub/ProjetInfoSolo/IsekaiLife 4.15/Saved//SaveGames/InventorySave.sav' error.
[2017.04.08-08.10.09:913][422]PIE: Info Play in editor start time for /Game/ThirdPersonBP/Maps/UEDPIE_0_ThirdPersonExampleMap -0.078
[2017.04.08-08.10.09:913][422]LogBlueprintUserMessages: Late PlayInEditor Detection: Level '/Game/ThirdPersonBP/Maps/ThirdPersonExampleMap.ThirdPersonExampleMap:PersistentLevel' has LevelScriptBlueprint '/Game/ThirdPersonBP/Maps/ThirdPersonExampleMap.ThirdPersonExampleMap:PersistentLevel.ThirdPersonExampleMap' with GeneratedClass '/Game/ThirdPersonBP/Maps/ThirdPersonExampleMap.ThirdPersonExampleMap_C' with ClassGeneratedBy '/Game/ThirdPersonBP/Maps/ThirdPersonExampleMap.ThirdPersonExampleMap:PersistentLevel.ThirdPersonExampleMap'
[2017.04.08-08.10.14:566][973]LogScriptCore:Warning: Script Msg: Attempted to access index 0 from array NearbyPickupActor of length 0!
[2017.04.08-08.10.14:566][973]LogScriptCore:Warning: Script Msg: Attempted to access index 0 from array NearbyPickupActor of length 0!
[2017.04.08-08.10.36:079][545]LogBlueprintUserMessages: Early EndPlayMap Detection: Level '/Game/ThirdPersonBP/Maps/ThirdPersonExampleMap.ThirdPersonExampleMap:PersistentLevel' has LevelScriptBlueprint '/Game/ThirdPersonBP/Maps/ThirdPersonExampleMap.ThirdPersonExampleMap:PersistentLevel.ThirdPersonExampleMap' with GeneratedClass '/Game/ThirdPersonBP/Maps/ThirdPersonExampleMap.ThirdPersonExampleMap_C' with ClassGeneratedBy '/Game/ThirdPersonBP/Maps/ThirdPersonExampleMap.ThirdPersonExampleMap:PersistentLevel.ThirdPersonExampleMap'
[2017.04.08-08.10.36:131][545]LogBlueprintUserMessages: Late EndPlayMap Detection: Level '/Game/ThirdPersonBP/Maps/ThirdPersonExampleMap.ThirdPersonExampleMap:PersistentLevel' has LevelScriptBlueprint '/Game/ThirdPersonBP/Maps/ThirdPersonExampleMap.ThirdPersonExampleMap:PersistentLevel.ThirdPersonExampleMap' with GeneratedClass '/Game/ThirdPersonBP/Maps/ThirdPersonExampleMap.ThirdPersonExampleMap_C' with ClassGeneratedBy '/Game/ThirdPersonBP/Maps/ThirdPersonExampleMap.ThirdPersonExampleMap:PersistentLevel.ThirdPersonExampleMap'
[2017.04.08-08.11.52:046][593]LogSlate: Took 0.019042 seconds to synchronously load lazily loaded font '../../../Engine/Content/Slate/Fonts/DroidSansFallback.ttf' (3848K)
[2017.04.08-08.17.26:367][ 13]LogSavePackage: Save=186.16ms
[2017.04.08-08.17.26:367][ 13]LogSavePackage: Moving 'X:/Aratim/Documents/GitHub/ProjetInfoSolo/IsekaiLife 4.15/Saved/ThirdPersonExampleMap_Auto286F69E3045B9EB9E2D006B823C2131A6.tmp' to 'X:/Aratim/Documents/GitHub/ProjetInfoSolo/IsekaiLife 4.15/Saved/Autosaves/Game/ThirdPersonBP/Maps/ThirdPersonExampleMap_Auto2.umap'
[2017.04.08-08.17.26:367][ 13]LogSavePackage:Display: Finished SavePackage X:/Aratim/Documents/GitHub/ProjetInfoSolo/IsekaiLife 4.15/Saved/Autosaves/Game/ThirdPersonBP/Maps/ThirdPersonExampleMap_Auto2.umap
[2017.04.08-08.17.26:369][ 13]LogFileHelpers: Editor autosave (incl. sublevels) for '/Game/ThirdPersonBP/Maps/ThirdPersonExampleMap' took 0.491
[2017.04.08-08.17.26:369][ 13]LogFileHelpers: Editor autosave (incl. sublevels) for all levels took 0.491
[2017.04.08-08.17.26:371][ 13]OBJ SavePackage: Generating thumbnails for [0] asset(s) in package [/Game/InventorySystem/Widgets/Hotkey] ([1] browsable assets)...
[2017.04.08-08.17.26:371][ 13]OBJ SavePackage: Finished generating thumbnails for package [/Game/InventorySystem/Widgets/Hotkey]
[2017.04.08-08.17.26:391][ 13]LogSavePackage: Save=13.33ms
[2017.04.08-08.17.26:391][ 13]LogSavePackage: Moving 'X:/Aratim/Documents/GitHub/ProjetInfoSolo/IsekaiLife 4.15/Saved/Hotkey_Auto2016242BC482BD30A74AF209A2664FFB9.tmp' to 'X:/Aratim/Documents/GitHub/ProjetInfoSolo/IsekaiLife 4.15/Saved/Autosaves/Game/InventorySystem/Widgets/Hotkey_Auto2.uasset'
[2017.04.08-08.17.26:391][ 13]LogSavePackage:Display: Finished SavePackage X:/Aratim/Documents/GitHub/ProjetInfoSolo/IsekaiLife 4.15/Saved/Autosaves/Game/InventorySystem/Widgets/Hotkey_Auto2.uasset
[2017.04.08-08.17.26:391][ 13]LogFileHelpers: Auto-saving content packages took 0.021
[2017.04.08-08.27.27:055][289]LogFileHelpers: Editor autosave (incl. sublevels) for '/Game/ThirdPersonBP/Maps/ThirdPersonExampleMap' took 0.029
[2017.04.08-08.27.27:057][289]OBJ SavePackage: Generating thumbnails for [0] asset(s) in package [/Game/InventorySystem/Blueprints/BP_Inventory] ([1] browsable assets)...
[2017.04.08-08.27.27:057][289]OBJ SavePackage: Finished generating thumbnails for package [/Game/InventorySystem/Blueprints/BP_Inventory]
[2017.04.08-08.27.27:506][289]LogSavePackage: Save=436.19ms
[2017.04.08-08.27.27:506][289]LogSavePackage: Moving 'X:/Aratim/Documents/GitHub/ProjetInfoSolo/IsekaiLife 4.15/Saved/BP_Inventory_Auto3AC9ADEE54F0129C5FE487DB85ACA75EC.tmp' to 'X:/Aratim/Documents/GitHub/ProjetInfoSolo/IsekaiLife 4.15/Saved/Autosaves/Game/InventorySystem/Blueprints/BP_Inventory_Auto3.uasset'
[2017.04.08-08.27.27:553][289]LogSavePackage:Display: Finished SavePackage X:/Aratim/Documents/GitHub/ProjetInfoSolo/IsekaiLife 4.15/Saved/Autosaves/Game/InventorySystem/Blueprints/BP_Inventory_Auto3.uasset
[2017.04.08-08.27.27:553][289]LogFileHelpers: Auto-saving content packages took 0.497
[2017.04.08-09.05.51:950][337]BlueprintLog: New page: Compile BP_Inventory
[2017.04.08-09.05.52:858][337]BlueprintEditorCompileResults: Info 'ReturnValue' is already a 'Inventory Save', you don't need  Cast To InventorySave .
[2017.04.08-09.05.54:092][413]LogSavePackage: Save=386.88ms
[2017.04.08-09.05.54:092][413]LogSavePackage: Moving 'X:/Aratim/Documents/GitHub/ProjetInfoSolo/IsekaiLife 4.15/Saved/BP_Inventory3306E93E4D0FE71702AD5EA0CC5B686F.tmp' to 'X:/Aratim/Documents/GitHub/ProjetInfoSolo/IsekaiLife 4.15/Content/InventorySystem/Blueprints/BP_Inventory.uasset'
[2017.04.08-09.05.54:096][413]LogSavePackage:Display: Finished SavePackage X:/Aratim/Documents/GitHub/ProjetInfoSolo/IsekaiLife 4.15/Content/InventorySystem/Blueprints/BP_Inventory.uasset
[2017.04.08-09.05.56:235][646]LogActorComponent: UnregisterComponent: (/Engine/Transient.EditorFloorComp) Not registered. Aborting.
[2017.04.08-09.05.58:384][880]BlueprintLog: New page: Compile Hotkey
[2017.04.08-09.05.59:023][935]Cmd: OBJ SAVEPACKAGE PACKAGE="/Game/InventorySystem/Widgets/Hotkey" FILE="X:/Aratim/Documents/GitHub/ProjetInfoSolo/IsekaiLife 4.15/Content/InventorySystem/Widgets/Hotkey.uasset" SILENT=true
[2017.04.08-09.05.59:044][935]LogSavePackage: Save=14.14ms
[2017.04.08-09.05.59:044][935]LogSavePackage: Moving 'X:/Aratim/Documents/GitHub/ProjetInfoSolo/IsekaiLife 4.15/Saved/Hotkey07136CA6499790C6518995B5C5391D8D.tmp' to 'X:/Aratim/Documents/GitHub/ProjetInfoSolo/IsekaiLife 4.15/Content/InventorySystem/Widgets/Hotkey.uasset'
[2017.04.08-09.05.59:047][935]LogSavePackage:Display: Finished SavePackage X:/Aratim/Documents/GitHub/ProjetInfoSolo/IsekaiLife 4.15/Content/InventorySystem/Widgets/Hotkey.uasset
[2017.04.08-09.06.01:485][109]LogSavePackage: Save=176.05ms
[2017.04.08-09.06.01:485][109]LogSavePackage: Moving 'X:/Aratim/Documents/GitHub/ProjetInfoSolo/IsekaiLife 4.15/Saved/ThirdPersonExampleMap88E99663423FE49ECD9E778D36FC2EB5.tmp' to 'X:/Aratim/Documents/GitHub/ProjetInfoSolo/IsekaiLife 4.15/Content/ThirdPersonBP/Maps/ThirdPersonExampleMap.umap'
[2017.04.08-09.06.01:490][109]LogSavePackage:Display: Finished SavePackage X:/Aratim/Documents/GitHub/ProjetInfoSolo/IsekaiLife 4.15/Content/ThirdPersonBP/Maps/ThirdPersonExampleMap.umap
[2017.04.08-09.06.01:777][109]LogSavePackage: Save=153.51ms
[2017.04.08-09.06.01:777][109]LogSavePackage: Moving 'X:/Aratim/Documents/GitHub/ProjetInfoSolo/IsekaiLife 4.15/Saved/ThirdPersonExampleMap_BuiltDataF55BF8D241E6D4FFF718359703B62DF3.tmp' to 'X:/Aratim/Documents/GitHub/ProjetInfoSolo/IsekaiLife 4.15/Content/ThirdPersonBP/Maps/ThirdPersonExampleMap_BuiltData.uasset'
[2017.04.08-09.06.01:778][109]LogSavePackage:Display: Finished SavePackage X:/Aratim/Documents/GitHub/ProjetInfoSolo/IsekaiLife 4.15/Content/ThirdPersonBP/Maps/ThirdPersonExampleMap_BuiltData.uasset
[2017.04.08-09.06.03:558][300]LogWindowsTextInputMethodSystem:Display: IME system now deactivated.
[2017.04.08-09.06.03:800][301]Cmd: QUIT_EDITOR
[2017.04.08-09.06.04:771][301]LogExit: Preparing to exit.
[2017.04.08-09.06.05:617][301]LogExit: Editor shut down
[2017.04.08-09.06.05:618][301]LogExit: Transaction tracking system shut down
[2017.04.08-09.06.05:922][301]LogObj: Freed 0b from 0 cluster array pools.
[2017.04.08-09.06.05:924][301]LogExit: Object subsystem successfully closed.
[2017.04.08-09.06.05:957][301]LogD3D11RHI: Shutdown
[2017.04.08-09.06.05:957][301]LogD3D11RHI: CleanupD3DDevice
[2017.04.08-09.06.06:050][301]LogD3D11RHI: ~FD3D11DynamicRHI
[2017.04.08-09.06.06:090][301]LogModuleManager: Shutting down and abandoning module MovieSceneCapture (506)
[2017.04.08-09.06.06:090][301]LogModuleManager: Shutting down and abandoning module SequencerWidgets (504)
[2017.04.08-09.06.06:090][301]LogModuleManager: Shutting down and abandoning module BlueprintGraph (502)
[2017.04.08-09.06.06:090][301]LogModuleManager: Shutting down and abandoning module BlueprintProfiler (500)
[2017.04.08-09.06.06:092][301]LogModuleManager: Shutting down and abandoning module HierarchicalLODOutliner (498)
[2017.04.08-09.06.06:093][301]LogModuleManager: Shutting down and abandoning module CrashTracker (496)
[2017.04.08-09.06.06:093][301]LogModuleManager: Shutting down and abandoning module SceneOutliner (494)
[2017.04.08-09.06.06:093][301]LogModuleManager: Shutting down and abandoning module AddContentDialog (492)
[2017.04.08-09.06.06:093][301]LogDirectoryWatcher: A directory notification for 'C:/Program Files/Epic Games/UE_4.15/FeaturePacks/' was aborted.
[2017.04.08-09.06.06:099][301]LogModuleManager: Shutting down and abandoning module WidgetCarousel (491)
[2017.04.08-09.06.06:100][301]LogModuleManager: Shutting down and abandoning module EditorWidgets (488)
[2017.04.08-09.06.06:100][301]LogModuleManager: Shutting down and abandoning module CollectionManager (486)
[2017.04.08-09.06.06:100][301]LogDirectoryWatcher: A directory notification for 'X:/Aratim/Documents/GitHub/ProjetInfoSolo/IsekaiLife 4.15/Content/Collections/' was aborted.
[2017.04.08-09.06.06:100][301]LogDirectoryWatcher: A directory notification for 'X:/Aratim/Documents/GitHub/ProjetInfoSolo/IsekaiLife 4.15/Content/Developers/Aratim/Collections/' was aborted.
[2017.04.08-09.06.06:100][301]LogDirectoryWatcher: A directory notification for 'X:/Aratim/Documents/GitHub/ProjetInfoSolo/IsekaiLife 4.15/Saved/Collections/' was aborted.
[2017.04.08-09.06.06:100][301]LogModuleManager: Shutting down and abandoning module StatsViewer (484)
[2017.04.08-09.06.06:101][301]LogModuleManager: Shutting down and abandoning module FoliageEdit (482)
[2017.04.08-09.06.06:101][301]LogModuleManager: Shutting down and abandoning module LandscapeEditor (480)
[2017.04.08-09.06.06:102][301]LogModuleManager: Shutting down and abandoning module SceneDepthPickerMode (478)
[2017.04.08-09.06.06:102][301]LogModuleManager: Shutting down and abandoning module ActorPickerMode (476)
[2017.04.08-09.06.06:102][301]LogModuleManager: Shutting down and abandoning module GeometryMode (474)
[2017.04.08-09.06.06:102][301]LogModuleManager: Shutting down and abandoning module TextureAlignMode (472)
[2017.04.08-09.06.06:102][301]LogModuleManager: Shutting down and abandoning module BspMode (470)
[2017.04.08-09.06.06:102][301]LogModuleManager: Shutting down and abandoning module HardwareSurvey (468)
[2017.04.08-09.06.06:102][301]LogModuleManager: Shutting down and abandoning module SequenceRecorderSections (466)
[2017.04.08-09.06.06:103][301]LogModuleManager: Shutting down and abandoning module AutomationWorker (464)
[2017.04.08-09.06.06:103][301]LogModuleManager: Shutting down and abandoning module MatineeToLevelSequence (462)
[2017.04.08-09.06.06:103][301]LogModuleManager: Shutting down and abandoning module LevelSequenceEditor (460)
[2017.04.08-09.06.06:106][301]LogModuleManager: Shutting down and abandoning module PlacementMode (459)
[2017.04.08-09.06.06:106][301]LogModuleManager: Shutting down and abandoning module WmfMediaFactory (456)
[2017.04.08-09.06.06:106][301]LogModuleManager: Shutting down and abandoning module WmfMediaEditor (454)
[2017.04.08-09.06.06:106][301]LogModuleManager: Shutting down and abandoning module MfMediaFactory (452)
[2017.04.08-09.06.06:106][301]LogModuleManager: Shutting down and abandoning module MfMediaEditor (450)
[2017.04.08-09.06.06:106][301]LogModuleManager: Shutting down and abandoning module AvfMediaFactory (448)
[2017.04.08-09.06.06:106][301]LogModuleManager: Shutting down and abandoning module AvfMediaEditor (446)
[2017.04.08-09.06.06:106][301]LogModuleManager: Shutting down and abandoning module AndroidMediaFactory (444)
[2017.04.08-09.06.06:106][301]LogModuleManager: Shutting down and abandoning module Media (443)
[2017.04.08-09.06.06:106][301]LogModuleManager: Shutting down and abandoning module AndroidMediaEditor (440)
[2017.04.08-09.06.06:106][301]LogModuleManager: Shutting down and abandoning module CharacterAI (438)
[2017.04.08-09.06.06:106][301]LogModuleManager: Shutting down and abandoning module AudioCapture (436)
[2017.04.08-09.06.06:106][301]LogModuleManager: Shutting down and abandoning module SequenceRecorder (435)
[2017.04.08-09.06.06:107][301]LogModuleManager: Shutting down and abandoning module SmartSnapping (432)
[2017.04.08-09.06.06:107][301]LogModuleManager: Shutting down and abandoning module SessionServices (430)
[2017.04.08-09.06.06:107][301]LogModuleManager: Shutting down and abandoning module ViewportSnapping (428)
[2017.04.08-09.06.06:107][301]LogModuleManager: Shutting down and abandoning module ViewportInteraction (426)
[2017.04.08-09.06.06:107][301]LogModuleManager: Shutting down and abandoning module LogVisualizer (424)
[2017.04.08-09.06.06:109][301]LogModuleManager: Shutting down and abandoning module IntroTutorials (422)
[2017.04.08-09.06.06:109][301]LogModuleManager: Shutting down and abandoning module GameProjectGeneration (421)
[2017.04.08-09.06.06:111][301]LogModuleManager: Shutting down and abandoning module EditorLiveStreaming (418)
[2017.04.08-09.06.06:111][301]LogModuleManager: Shutting down and abandoning module IOSPlatformEditor (416)
[2017.04.08-09.06.06:111][301]LogModuleManager: Shutting down and abandoning module HTML5PlatformEditor (414)
[2017.04.08-09.06.06:111][301]LogModuleManager: Shutting down and abandoning module AndroidPlatformEditor (412)
[2017.04.08-09.06.06:111][301]LogModuleManager: Shutting down and abandoning module AndroidDeviceDetection (411)
[2017.04.08-09.06.06:287][301]LogModuleManager: Shutting down and abandoning module IOSRuntimeSettings (408)
[2017.04.08-09.06.06:287][301]LogModuleManager: Shutting down and abandoning module AndroidRuntimeSettings (406)
[2017.04.08-09.06.06:287][301]LogModuleManager: Shutting down and abandoning module InputBindingEditor (404)
[2017.04.08-09.06.06:288][301]LogModuleManager: Shutting down and abandoning module NiagaraEditor (402)
[2017.04.08-09.06.06:290][301]LogModuleManager: Shutting down and abandoning module MergeActors (400)
[2017.04.08-09.06.06:291][301]LogModuleManager: Shutting down and abandoning module SizeMap (398)
[2017.04.08-09.06.06:291][301]LogModuleManager: Shutting down and abandoning module TreeMap (396)
[2017.04.08-09.06.06:292][301]LogModuleManager: Shutting down and abandoning module ReferenceViewer (394)
[2017.04.08-09.06.06:292][301]LogModuleManager: Shutting down and abandoning module LocalizationDashboard (392)
[2017.04.08-09.06.06:293][301]LogModuleManager: Shutting down and abandoning module LocalizationService (391)
[2017.04.08-09.06.06:293][301]LogModuleManager: Shutting down and abandoning module HardwareTargeting (388)
[2017.04.08-09.06.06:294][301]LogModuleManager: Shutting down and abandoning module DeviceProfileEditor (386)
[2017.04.08-09.06.06:294][301]LogModuleManager: Shutting down and abandoning module UndoHistory (384)
[2017.04.08-09.06.06:295][301]LogModuleManager: Shutting down and abandoning module UserFeedback (382)
[2017.04.08-09.06.06:295][301]LogModuleManager: Shutting down and abandoning module XmlParser (380)
[2017.04.08-09.06.06:295][301]LogModuleManager: Shutting down and abandoning module Blutility (378)
[2017.04.08-09.06.06:295][301]LogModuleManager: Shutting down and abandoning module ProjectSettingsViewer (376)
[2017.04.08-09.06.06:295][301]LogModuleManager: Shutting down and abandoning module ProjectTargetPlatformEditor (375)
[2017.04.08-09.06.06:296][301]LogModuleManager: Shutting down and abandoning module EditorSettingsViewer (372)
[2017.04.08-09.06.06:296][301]LogModuleManager: Shutting down and abandoning module SettingsEditor (370)
[2017.04.08-09.06.06:297][301]LogModuleManager: Shutting down and abandoning module ProjectLauncher (368)
[2017.04.08-09.06.06:298][301]LogModuleManager: Shutting down and abandoning module SessionFrontend (366)
[2017.04.08-09.06.06:299][301]LogModuleManager: Shutting down and abandoning module ProfilerClient (364)
[2017.04.08-09.06.06:300][301]LogModuleManager: Shutting down and abandoning module DeviceManager (362)
[2017.04.08-09.06.06:301][301]LogModuleManager: Shutting down and abandoning module TargetDeviceServices (361)
[2017.04.08-09.06.06:343][301]LogModuleManager: Shutting down and abandoning module AutomationController (358)
[2017.04.08-09.06.06:344][301]LogModuleManager: Shutting down and abandoning module AutomationWindow (356)
[2017.04.08-09.06.06:345][301]LogModuleManager: Shutting down and abandoning module Layers (354)
[2017.04.08-09.06.06:347][301]LogModuleManager: Shutting down and abandoning module ComponentVisualizers (352)
[2017.04.08-09.06.06:347][301]LogModuleManager: Shutting down and abandoning module DetailCustomizations (350)
[2017.04.08-09.06.06:349][301]LogModuleManager: Shutting down and abandoning module PackagesDialog (348)
[2017.04.08-09.06.06:349][301]LogModuleManager: Shutting down and abandoning module Persona (346)
[2017.04.08-09.06.06:350][301]LogModuleManager: Shutting down and abandoning module AnimGraph (345)
[2017.04.08-09.06.06:350][301]LogModuleManager: Shutting down and abandoning module Kismet (342)
[2017.04.08-09.06.06:370][301]LogModuleManager: Shutting down and abandoning module GraphEditor (340)
[2017.04.08-09.06.06:370][301]LogModuleManager: Shutting down and abandoning module ClassViewer (338)
[2017.04.08-09.06.06:371][301]LogModuleManager: Shutting down and abandoning module Toolbox (336)
[2017.04.08-09.06.06:371][301]LogModuleManager: Shutting down and abandoning module ModuleUI (334)
[2017.04.08-09.06.06:372][301]LogModuleManager: Shutting down and abandoning module MovieSceneTools (332)
[2017.04.08-09.06.06:372][301]LogModuleManager: Shutting down and abandoning module OutputLog (330)
[2017.04.08-09.06.06:373][301]LogModuleManager: Shutting down and abandoning module GammaUI (328)
[2017.04.08-09.06.06:373][301]LogModuleManager: Shutting down and abandoning module Documentation (326)
[2017.04.08-09.06.06:375][301]LogModuleManager: Shutting down and abandoning module Niagara (324)
[2017.04.08-09.06.06:375][301]LogModuleManager: Shutting down and abandoning module StreamingPauseRendering (322)
[2017.04.08-09.06.06:375][301]LogModuleManager: Shutting down and abandoning module AnalyticsET (320)
[2017.04.08-09.06.06:375][301]LogModuleManager: Shutting down and abandoning module PortalServices (318)
[2017.04.08-09.06.06:375][301]LogModuleManager: Shutting down and abandoning module PortalRpc (316)
[2017.04.08-09.06.06:375][301]LogModuleManager: Shutting down and abandoning module MessagingRpc (314)
[2017.04.08-09.06.06:375][301]LogModuleManager: Shutting down and abandoning module AIModule (312)
[2017.04.08-09.06.06:375][301]LogModuleManager: Shutting down and abandoning module GameplayDebugger (311)
[2017.04.08-09.06.06:376][301]LogModuleManager: Shutting down and abandoning module AITestSuite (309)
[2017.04.08-09.06.06:376][301]LogModuleManager: Shutting down and abandoning module ProfilerService (306)
[2017.04.08-09.06.06:428][301]LogModuleManager: Shutting down and abandoning module TaskGraph (304)
[2017.04.08-09.06.06:430][301]LogModuleManager: Shutting down and abandoning module SteamVRController (302)
[2017.04.08-09.06.06:430][301]LogModuleManager: Shutting down and abandoning module SteamVR (300)
[2017.04.08-09.06.06:430][301]LogModuleManager: Shutting down and abandoning module ProceduralMeshComponentEditor (298)
[2017.04.08-09.06.06:431][301]LogModuleManager: Shutting down and abandoning module ProceduralMeshComponent (296)
[2017.04.08-09.06.06:431][301]LogModuleManager: Shutting down and abandoning module OculusLibrary (294)
[2017.04.08-09.06.06:431][301]LogModuleManager: Shutting down and abandoning module OculusInput (292)
[2017.04.08-09.06.06:431][301]LogModuleManager: Shutting down and abandoning module MobilePatchingUtils (290)
[2017.04.08-09.06.06:431][301]LogModuleManager: Shutting down and abandoning module CustomMeshComponent (288)
[2017.04.08-09.06.06:431][301]LogModuleManager: Shutting down and abandoning module CableComponent (286)
[2017.04.08-09.06.06:431][301]LogModuleManager: Shutting down and abandoning module ArchVisCharacter (284)
[2017.04.08-09.06.06:431][301]LogModuleManager: Shutting down and abandoning module MediaPlayerEditor (280)
[2017.04.08-09.06.06:434][301]LogModuleManager: Shutting down and abandoning module HTML5Networking (278)
[2017.04.08-09.06.06:434][301]LogModuleManager: Shutting down and abandoning module AlembicImporter (276)
[2017.04.08-09.06.06:434][301]LogModuleManager: Shutting down and abandoning module AlembicLibrary (275)
[2017.04.08-09.06.06:434][301]LogModuleManager: Shutting down and abandoning module GeometryCache (274)
[2017.04.08-09.06.06:434][301]LogModuleManager: Shutting down and abandoning module GeometryCacheEd (273)
[2017.04.08-09.06.06:434][301]LogModuleManager: Shutting down and abandoning module SuperSearchEditor (268)
[2017.04.08-09.06.06:434][301]LogModuleManager: Shutting down and abandoning module SuperSearch (267)
[2017.04.08-09.06.06:434][301]LogModuleManager: Shutting down and abandoning module SpeedTreeImporter (264)
[2017.04.08-09.06.06:434][301]LogModuleManager: Shutting down and abandoning module PluginBrowser (262)
[2017.04.08-09.06.06:436][301]LogModuleManager: Shutting down and abandoning module MobileLauncherProfileWizard (260)
[2017.04.08-09.06.06:438][301]LogModuleManager: Shutting down and abandoning module EpicSurvey (258)
[2017.04.08-09.06.06:438][301]LogModuleManager: Shutting down and abandoning module VisualStudioSourceCodeAccess (256)
[2017.04.08-09.06.06:438][301]LogModuleManager: Shutting down and abandoning module DesktopPlatform (255)
[2017.04.08-09.06.06:438][301]LogModuleManager: Shutting down and abandoning module UObjectPlugin (252)
[2017.04.08-09.06.06:438][301]LogModuleManager: Shutting down and abandoning module SubversionSourceControl (250)
[2017.04.08-09.06.06:438][301]LogModuleManager: Shutting down and abandoning module PerforceSourceControl (248)
[2017.04.08-09.06.06:440][301]LogModuleManager: Shutting down and abandoning module GitSourceControl (246)
[2017.04.08-09.06.06:440][301]LogModuleManager: Shutting down and abandoning module SourceControl (245)
[2017.04.08-09.06.06:440][301]LogModuleManager: Shutting down and abandoning module LightPropagationVolumeEditor (242)
[2017.04.08-09.06.06:440][301]LogModuleManager: Shutting down and abandoning module PaperTiledImporter (240)
[2017.04.08-09.06.06:441][301]LogModuleManager: Shutting down and abandoning module PaperSpriteSheetImporter (238)
[2017.04.08-09.06.06:441][301]LogModuleManager: Shutting down and abandoning module Paper2DEditor (236)
[2017.04.08-09.06.06:442][301]LogModuleManager: Shutting down and abandoning module MeshPaint (235)
[2017.04.08-09.06.06:442][301]LogModuleManager: Shutting down and abandoning module LevelEditor (233)
[2017.04.08-09.06.06:444][301]LogModuleManager: Shutting down and abandoning module PixelInspectorModule (232)
[2017.04.08-09.06.06:445][301]LogModuleManager: Shutting down and abandoning module MainFrame (230)
[2017.04.08-09.06.06:445][301]LogModuleManager: Shutting down and abandoning module HotReload (229)
[2017.04.08-09.06.06:446][301]LogModuleManager: Shutting down and abandoning module ContentBrowser (225)
[2017.04.08-09.06.06:448][301]LogModuleManager: Shutting down and abandoning module PhysXVehiclesEditor (222)
[2017.04.08-09.06.06:449][301]LogModuleManager: Shutting down and abandoning module PhysXVehicles (220)
[2017.04.08-09.06.06:449][301]LogModuleManager: Shutting down and abandoning module LocationServicesBPLibrary (218)
[2017.04.08-09.06.06:449][301]LogModuleManager: Shutting down and abandoning module UdpMessaging (216)
[2017.04.08-09.06.06:549][301]LogModuleManager: Shutting down and abandoning module TcpMessaging (214)
[2017.04.08-09.06.06:649][301]LogModuleManager: Shutting down and abandoning module GameplayTagsEditor (212)
[2017.04.08-09.06.06:650][301]LogModuleManager: Shutting down and abandoning module FacialAnimationEditor (210)
[2017.04.08-09.06.06:651][301]LogModuleManager: Shutting down and abandoning module FacialAnimation (208)
[2017.04.08-09.06.06:651][301]LogModuleManager: Shutting down and abandoning module LightPropagationVolumeRuntime (206)
[2017.04.08-09.06.06:651][301]LogModuleManager: Shutting down and abandoning module Paper2D (204)
[2017.04.08-09.06.06:651][301]LogModuleManager: Shutting down and abandoning module WindowsMoviePlayer (202)
[2017.04.08-09.06.06:652][301]LogModuleManager: Shutting down and abandoning module WmfMedia (200)
[2017.04.08-09.06.06:652][301]LogModuleManager: Shutting down and abandoning module MfMedia (198)
[2017.04.08-09.06.06:652][301]LogModuleManager: Shutting down and abandoning module MediaAssets (196)
[2017.04.08-09.06.06:652][301]LogModuleManager: Shutting down and abandoning module GameLiveStreaming (194)
[2017.04.08-09.06.06:653][301]LogModuleManager: Shutting down and abandoning module VREditor (192)
[2017.04.08-09.06.06:653][301]LogModuleManager: Shutting down and abandoning module GameplayTasksEditor (190)
[2017.04.08-09.06.06:653][301]LogModuleManager: Shutting down and abandoning module BehaviorTreeEditor (188)
[2017.04.08-09.06.06:655][301]LogModuleManager: Shutting down and abandoning module FunctionalTesting (186)
[2017.04.08-09.06.06:655][301]LogModuleManager: Shutting down and abandoning module CollisionAnalyzer (184)
[2017.04.08-09.06.06:656][301]LogModuleManager: Shutting down and abandoning module UMG (182)
[2017.04.08-09.06.06:657][301]LogModuleManager: Shutting down and abandoning module UMGEditor (181)
[2017.04.08-09.06.06:657][301]LogModuleManager: Shutting down and abandoning module Sequencer (180)
[2017.04.08-09.06.06:657][301]LogModuleManager: Shutting down and abandoning module AssetTools (178)
[2017.04.08-09.06.06:660][301]LogModuleManager: Shutting down and abandoning module MessageLog (177)
[2017.04.08-09.06.06:660][301]LogModuleManager: Shutting down and abandoning module WorkspaceMenuStructure (176)
[2017.04.08-09.06.06:660][301]LogModuleManager: Shutting down and abandoning module SlateReflector (170)
[2017.04.08-09.06.06:663][301]LogModuleManager: Shutting down and abandoning module Slate (168)
[2017.04.08-09.06.06:663][301]LogModuleManager: Shutting down and abandoning module EditorStyle (166)
[2017.04.08-09.06.06:666][301]LogModuleManager: Shutting down and abandoning module SourceCodeAccess (164)
[2017.04.08-09.06.06:667][301]LogModuleManager: Shutting down and abandoning module HeadMountedDisplay (162)
[2017.04.08-09.06.06:667][301]LogModuleManager: Shutting down and abandoning module XAudio2 (160)
[2017.04.08-09.06.06:667][301]LogModuleManager: Shutting down and abandoning module Networking (158)
[2017.04.08-09.06.06:667][301]LogModuleManager: Shutting down and abandoning module Core (154)
[2017.04.08-09.06.06:667][301]LogModuleManager: Shutting down and abandoning module AssetRegistry (152)
[2017.04.08-09.06.06:882][301]LogDirectoryWatcher: A directory notification for '../../../Engine/Content/' was aborted.
[2017.04.08-09.06.06:882][301]LogDirectoryWatcher: A directory notification for 'X:/Aratim/Documents/GitHub/ProjetInfoSolo/IsekaiLife 4.15/Content/' was aborted.
[2017.04.08-09.06.06:882][301]LogDirectoryWatcher: A directory notification for '../../../Engine/Plugins/2D/Paper2D/Content/' was aborted.
[2017.04.08-09.06.06:883][301]LogModuleManager: Shutting down and abandoning module DirectoryWatcher (151)
[2017.04.08-09.06.06:886][301]LogModuleManager: Shutting down and abandoning module KismetCompiler (148)
[2017.04.08-09.06.06:887][301]LogModuleManager: Shutting down and abandoning module PhysXFormats (146)
[2017.04.08-09.06.06:887][301]LogModuleManager: Shutting down and abandoning module MeshUtilities (144)
[2017.04.08-09.06.06:888][301]LogModuleManager: Shutting down and abandoning module SimplygonSwarm (143)
[2017.04.08-09.06.06:889][301]LogModuleManager: Shutting down and abandoning module SimplygonMeshReduction (141)
[2017.04.08-09.06.06:889][301]LogModuleManager: Shutting down and abandoning module QuadricMeshReduction (139)
[2017.04.08-09.06.06:889][301]LogModuleManager: Shutting down and abandoning module PropertyEditor (137)
[2017.04.08-09.06.06:890][301]LogModuleManager: Shutting down and abandoning module DerivedDataCache (134)
[2017.04.08-09.06.06:893][301]LogDerivedDataCache: Shutdown
[2017.04.08-09.06.06:893][301]LogModuleManager: Shutting down and abandoning module TargetPlatform (132)
[2017.04.08-09.06.06:893][301]LogModuleManager: Shutting down and abandoning module VulkanShaderFormat (131)
[2017.04.08-09.06.06:893][301]LogModuleManager: Shutting down and abandoning module ShaderFormatOpenGL (129)
[2017.04.08-09.06.06:894][301]LogModuleManager: Shutting down and abandoning module ShaderFormatD3D (127)
[2017.04.08-09.06.06:894][301]LogModuleManager: Shutting down and abandoning module MetalShaderFormat (125)
[2017.04.08-09.06.06:895][301]LogModuleManager: Shutting down and abandoning module TextureFormatUncompressed (123)
[2017.04.08-09.06.06:895][301]LogModuleManager: Shutting down and abandoning module TextureFormatPVR (121)
[2017.04.08-09.06.06:895][301]LogModuleManager: Shutting down and abandoning module TextureFormatDXT (119)
[2017.04.08-09.06.06:895][301]LogModuleManager: Shutting down and abandoning module TextureFormatIntelISPCTexComp (117)
[2017.04.08-09.06.06:896][301]LogModuleManager: Shutting down and abandoning module TextureFormatASTC (115)
[2017.04.08-09.06.06:896][301]LogModuleManager: Shutting down and abandoning module ImageWrapper (114)
[2017.04.08-09.06.06:896][301]LogModuleManager: Shutting down and abandoning module TextureFormatAndroid (111)
[2017.04.08-09.06.06:896][301]LogModuleManager: Shutting down and abandoning module AudioFormatOpus (109)
[2017.04.08-09.06.06:897][301]LogModuleManager: Shutting down and abandoning module AudioFormatOgg (107)
[2017.04.08-09.06.06:897][301]LogModuleManager: Shutting down and abandoning module AudioFormatADPCM (105)
[2017.04.08-09.06.06:897][301]LogModuleManager: Shutting down and abandoning module LinuxTargetPlatform (103)
[2017.04.08-09.06.06:897][301]LogModuleManager: Shutting down and abandoning module LinuxServerTargetPlatform (101)
[2017.04.08-09.06.06:897][301]LogModuleManager: Shutting down and abandoning module LinuxNoEditorTargetPlatform (99)
[2017.04.08-09.06.06:897][301]LogModuleManager: Shutting down and abandoning module LinuxClientTargetPlatform (97)
[2017.04.08-09.06.06:897][301]LogModuleManager: Shutting down and abandoning module TVOSTargetPlatform (95)
[2017.04.08-09.06.06:897][301]LogModuleManager: Shutting down and abandoning module Messaging (93)
[2017.04.08-09.06.06:897][301]LogModuleManager: Shutting down and abandoning module IOSTargetPlatform (91)
[2017.04.08-09.06.06:897][301]LogModuleManager: Shutting down and abandoning module HTML5TargetPlatform (89)
[2017.04.08-09.06.06:897][301]LogModuleManager: Shutting down and abandoning module Android_PVRTCTargetPlatform (87)
[2017.04.08-09.06.06:897][301]LogModuleManager: Shutting down and abandoning module Android_MultiTargetPlatform (85)
[2017.04.08-09.06.06:897][301]LogModuleManager: Shutting down and abandoning module Android_ETC2TargetPlatform (83)
[2017.04.08-09.06.06:897][301]LogModuleManager: Shutting down and abandoning module Android_ETC1TargetPlatform (81)
[2017.04.08-09.06.06:897][301]LogModuleManager: Shutting down and abandoning module Android_DXTTargetPlatform (79)
[2017.04.08-09.06.06:897][301]LogModuleManager: Shutting down and abandoning module Android_ATCTargetPlatform (77)
[2017.04.08-09.06.06:897][301]LogModuleManager: Shutting down and abandoning module Android_ASTCTargetPlatform (75)
[2017.04.08-09.06.06:897][301]LogModuleManager: Shutting down and abandoning module AndroidTargetPlatform (73)
[2017.04.08-09.06.06:897][301]LogModuleManager: Shutting down and abandoning module WindowsTargetPlatform (71)
[2017.04.08-09.06.06:897][301]LogModuleManager: Shutting down and abandoning module WindowsServerTargetPlatform (69)
[2017.04.08-09.06.06:897][301]LogModuleManager: Shutting down and abandoning module WindowsNoEditorTargetPlatform (67)
[2017.04.08-09.06.06:897][301]LogModuleManager: Shutting down and abandoning module WindowsClientTargetPlatform (65)
[2017.04.08-09.06.06:897][301]LogModuleManager: Shutting down and abandoning module MacTargetPlatform (63)
[2017.04.08-09.06.06:897][301]LogModuleManager: Shutting down and abandoning module MacServerTargetPlatform (61)
[2017.04.08-09.06.06:897][301]LogModuleManager: Shutting down and abandoning module MacNoEditorTargetPlatform (59)
[2017.04.08-09.06.06:897][301]LogModuleManager: Shutting down and abandoning module MacClientTargetPlatform (57)
[2017.04.08-09.06.06:897][301]LogModuleManager: Shutting down and abandoning module AllDesktopTargetPlatform (55)
[2017.04.08-09.06.06:897][301]LogModuleManager: Shutting down and abandoning module InputCore (52)
[2017.04.08-09.06.06:897][301]LogModuleManager: Shutting down and abandoning module Settings (50)
[2017.04.08-09.06.06:897][301]LogModuleManager: Shutting down and abandoning module OculusRift (48)
[2017.04.08-09.06.06:898][301]LogModuleManager: Shutting down and abandoning module GearVR (46)
[2017.04.08-09.06.06:898][301]LogModuleManager: Shutting down and abandoning module ExampleDeviceProfileSelector (44)
[2017.04.08-09.06.06:898][301]LogModuleManager: Shutting down and abandoning module OnlineBlueprintSupport (42)
[2017.04.08-09.06.06:898][301]LogModuleManager: Shutting down and abandoning module OnlineSubsystem (38)
[2017.04.08-09.06.06:898][301]LogOnline:Display: Unloading online subsystem: NULL
[2017.04.08-09.06.06:899][301]LogModuleManager: Shutting down and abandoning module XMPP (37)
[2017.04.08-09.06.06:901][301]LogModuleManager: Shutting down and abandoning module HTTP (35)
[2017.04.08-09.06.06:901][301]LogHttp:Display: Http module shutting down, but needs to wait on 1 outstanding Http requests:
[2017.04.08-09.06.06:901][301]LogHttp:Display: 	verb=[POST] url=[https://datarouter.ol.epicgames.com/datarouter/api/v1/public/data?SessionID=%7B7F717387-4BDE-4ACB-3957-AA8729BD33E0%7D&AppID=UEEditor.Rocket.Release&AppVersion=4.15.1-3348071%2B%2B%2BUE4%2BRelease-4.15&UserID=8c302d144559193dacf57282e4537a6d%7C1d93bd08b07d44d8aee1421bc67e0dd5%7C2f678aea-a734-4285-a967-b3de143619f5&AppEnvironment=datacollector-binary&UploadType=eteventstream] status=Processing
[2017.04.08-09.06.06:910][301]LogModuleManager: Shutting down and abandoning module SSL (34)
[2017.04.08-09.06.06:913][301]LogModuleManager: Shutting down and abandoning module AudioEditor (30)
[2017.04.08-09.06.06:913][301]LogModuleManager: Shutting down and abandoning module TextureCompressor (28)
[2017.04.08-09.06.06:914][301]LogModuleManager: Shutting down and abandoning module ShaderCore (26)
[2017.04.08-09.06.06:914][301]LogModuleManager: Shutting down and abandoning module Landscape (24)
[2017.04.08-09.06.06:914][301]LogModuleManager: Shutting down and abandoning module SlateRHIRenderer (22)
[2017.04.08-09.06.06:958][301]LogModuleManager: Shutting down and abandoning module OpenGLDrv (20)
[2017.04.08-09.06.06:959][301]LogModuleManager: Shutting down and abandoning module D3D11RHI (18)
[2017.04.08-09.06.06:959][301]LogModuleManager: Shutting down and abandoning module AnimGraphRuntime (16)
[2017.04.08-09.06.06:959][301]LogModuleManager: Shutting down and abandoning module Renderer (14)
[2017.04.08-09.06.06:960][301]LogModuleManager: Shutting down and abandoning module Engine (12)
[2017.04.08-09.06.06:960][301]LogModuleManager: Shutting down and abandoning module CoreUObject (10)
[2017.04.08-09.06.06:960][301]LogModuleManager: Shutting down and abandoning module NetworkFile (8)
[2017.04.08-09.06.06:960][301]LogModuleManager: Shutting down and abandoning module StreamingFile (6)
[2017.04.08-09.06.06:960][301]LogModuleManager: Shutting down and abandoning module SandboxFile (4)
[2017.04.08-09.06.06:960][301]LogModuleManager: Shutting down and abandoning module PakFile (2)
[2017.04.08-09.06.06:963][301]LogExit: Exiting.
[2017.04.08-09.06.06:968][301]Log file closed, 04/08/17 11:06:06
