Log file open, 04/20/17 18:39:00
LogInit:Display: Running engine for game: IsekaiLife
LogPlatformFile: Not using cached read wrapper
LogInit:Display: RandInit(-238894184) SRandInit(-238894184).
LogTaskGraph: Started task graph with 5 named threads and 8 total threads with 1 sets of task threads.
LogStats: Stats thread started at 0.075844
LogInit: Using libcurl 7.47.1
LogInit:  - built for x86_64-pc-win32
LogInit:  - supports SSL with OpenSSL/1.0.2g
LogInit:  - supports HTTP deflate (compression) using libz 1.2.8
LogInit:  - other features:
LogInit:      CURL_VERSION_SSL
LogInit:      CURL_VERSION_LIBZ
LogInit:      CURL_VERSION_IPV6
LogInit:      CURL_VERSION_ASYNCHDNS
LogInit:      CURL_VERSION_LARGEFILE
LogInit:      CURL_VERSION_IDN
LogInit:  CurlRequestOptions (configurable via config and command line):
LogInit:  - bVerifyPeer = false  - Libcurl will NOT verify peer certificate
LogInit:  - bUseHttpProxy = false  - Libcurl will NOT use HTTP proxy
LogInit:  - bDontReuseConnections = false  - Libcurl will reuse connections
LogInit:  - CertBundlePath = nullptr  - Libcurl will use whatever was configured at build time.
LogInit: Build: ++UE4+Release-4.15-CL-3348071
LogInit: Engine Version: 4.15.1-3348071+++UE4+Release-4.15
LogInit: Compatible Engine Version: 4.15.0-3299760+++UE4+Release-4.15
LogInit: Net CL: 3299760
LogDevObjectVersion: Number of dev versions registered: 14
LogDevObjectVersion:   Dev-Blueprints (B0D832E4-1F89-4F0D-ACCF-7EB736FD4AA2): 8
LogDevObjectVersion:   Dev-Build (E1C64328-A22C-4D53-A36C-8E866417BD8C): 0
LogDevObjectVersion:   Dev-Core (375EC13C-06E4-48FB-B500-84F0262A717E): 2
LogDevObjectVersion:   Dev-Editor (E4B068ED-F494-42E9-A231-DA0B2E46BB41): 14
LogDevObjectVersion:   Dev-Framework (CFFC743F-43B0-4480-9391-14DF171D2073): 22
LogDevObjectVersion:   Dev-Mobile (B02B49B5-BB20-44E9-A304-32B752E40360): 0
LogDevObjectVersion:   Dev-Networking (A4E4105C-59A1-49B5-A7C5-40C4547EDFEE): 0
LogDevObjectVersion:   Dev-Online (39C831C9-5AE6-47DC-9A44-9C173E1C8E7C): 0
LogDevObjectVersion:   Dev-Physics (78F01B33-EBEA-4F98-B9B4-84EACCB95AA2): 0
LogDevObjectVersion:   Dev-Platform (6631380F-2D4D-43E0-8009-CF276956A95A): 0
LogDevObjectVersion:   Dev-Rendering (12F88B9F-8875-4AFC-A67C-D90C383ABD29): 12
LogDevObjectVersion:   Dev-Sequencer (7B5AE74C-D270-4C10-A958-57980B212A5A): 3
LogDevObjectVersion:   Dev-VR (D7296918-1DD6-4BDD-9DE2-64A83CC13884): 0
LogDevObjectVersion:   Dev-LoadTimes (C2A15278-BFE7-4AFE-6C17-90FF531DF755): 1
LogInit: Compiled (64-bit): Mar 15 2017 16:52:47
LogInit: Compiled with Visual C++: 19.00.23026.00
LogInit: Build Configuration: Development
LogInit: Branch Name: ++UE4+Release-4.15
LogInit: Command line:  
LogInit: Base directory: C:/Program Files/Epic Games/UE_4.15/Engine/Binaries/Win64/
LogInit: Installed Engine Build: 1
LogInit: Presizing for max 8388607 objects, including 0 objects not considered by GC, pre-allocating 0 bytes for permanent pool.
LogInit: Object subsystem initialized
[2017.04.20-16.39.01:471][  0]LogInit: Selected Device Profile: [Windows]
[2017.04.20-16.39.01:471][  0]LogInit: Applying CVar settings loaded from the selected device profile: [Windows]
[2017.04.20-16.39.01:533][  0]LogInit: Computer: DESKTOP-IJKOIIJ
[2017.04.20-16.39.01:533][  0]LogInit: User: Aratim
[2017.04.20-16.39.01:533][  0]LogInit: CPU Page size=65536, Cores=4
[2017.04.20-16.39.01:533][  0]LogInit: High frequency timer resolution =3.417988 MHz
[2017.04.20-16.39.01:533][  0]LogMemory: Memory total: Physical=8.0GB (8GB approx)
[2017.04.20-16.39.01:533][  0]LogMemory: Platform Memory Stats for Windows
[2017.04.20-16.39.01:533][  0]LogMemory: Process Physical Memory: 263.38 MB used, 263.38 MB peak
[2017.04.20-16.39.01:533][  0]LogMemory: Process Virtual Memory: 262.58 MB used, 262.58 MB peak
[2017.04.20-16.39.01:533][  0]LogMemory: Physical Memory: 3801.36 MB used,  4339.50 MB free, 8140.85 MB total
[2017.04.20-16.39.01:533][  0]LogMemory: Virtual Memory: 644.41 MB used,  4339.50 MB free, 134217728.00 MB total
[2017.04.20-16.39.01:677][  0]LogTextLocalizationManager: No translations for ('fr-FR') exist, falling back to 'en' for localization and internationalization data.
[2017.04.20-16.39.03:613][  0]LogD3D11RHI: D3D11 adapters:
[2017.04.20-16.39.04:101][  0]LogD3D11RHI:    0. 'NVIDIA GeForce GTX 1060 6GB' (Feature Level 11_0)
[2017.04.20-16.39.04:101][  0]LogD3D11RHI:       6084/0/4070 MB DedicatedVideo/DedicatedSystem/SharedSystem, Outputs:1, VendorId:0x10de
[2017.04.20-16.39.04:102][  0]LogD3D11RHI:    1. 'Microsoft Basic Render Driver' (Feature Level 11_0)
[2017.04.20-16.39.04:102][  0]LogD3D11RHI:       0/0/4070 MB DedicatedVideo/DedicatedSystem/SharedSystem, Outputs:0, VendorId:0x1414
[2017.04.20-16.39.04:102][  0]LogD3D11RHI: Chosen D3D11 Adapter: 0
[2017.04.20-16.39.04:106][  0]LogD3D11RHI: Creating new Direct3DDevice
[2017.04.20-16.39.04:106][  0]LogD3D11RHI:     GPU DeviceId: 0x1c03 (for the marketing name, search the web for "GPU Device Id")
[2017.04.20-16.39.04:106][  0]LogWindows: EnumDisplayDevices:
[2017.04.20-16.39.04:106][  0]LogWindows:    0. 'NVIDIA GeForce GTX 1060 6GB' (P:1 D:1)
[2017.04.20-16.39.04:106][  0]LogWindows:    1. 'NVIDIA GeForce GTX 1060 6GB' (P:0 D:0)
[2017.04.20-16.39.04:106][  0]LogWindows:    2. 'NVIDIA GeForce GTX 1060 6GB' (P:0 D:0)
[2017.04.20-16.39.04:106][  0]LogWindows:    3. 'NVIDIA GeForce GTX 1060 6GB' (P:0 D:0)
[2017.04.20-16.39.04:106][  0]LogWindows: DebugString: FoundDriverCount:4 
[2017.04.20-16.39.04:106][  0]LogD3D11RHI:     Adapter Name: NVIDIA GeForce GTX 1060 6GB
[2017.04.20-16.39.04:106][  0]LogD3D11RHI:   Driver Version: 381.65 (internal:22.21.13.8165, unified:381.65)
[2017.04.20-16.39.04:106][  0]LogD3D11RHI:      Driver Date: 3-31-2017
[2017.04.20-16.39.04:106][  0]LogRHI: Texture pool is 1361 MB (70% of 1945 MB)
[2017.04.20-16.39.04:579][  0]LogD3D11RHI: Async texture creation enabled
[2017.04.20-16.39.04:620][  0]LogD3D11RHI: GPU Timing Frequency: 1000.000000 (Debug: 2 1)
[2017.04.20-16.39.04:669][  0]LogShaderCompilers: Guid format shader working directory is -10 characters bigger than the processId version (X:/Aratim/Documents/GitHub/ProjetInfoSolo/IsekaiLife 4.15/Intermediate/Shaders/WorkingDirectory/3976/).
[2017.04.20-16.39.04:669][  0]LogShaderCompilers: Cleaned the shader compiler working directory 'C:/Users/Aratim/AppData/Local/Temp/UnrealShaderWorkingDir/1AE1BEC24455BDD13A4AD897CC298864/'.
[2017.04.20-16.39.04:669][  0]LogShaderCompilers:Display: Using Local Shader Compiler.
[2017.04.20-16.39.06:386][  0]LogTemp:Display: Loaded TP AllDesktopTargetPlatform
[2017.04.20-16.39.06:433][  0]LogTemp:Display: Loaded TP MacClientTargetPlatform
[2017.04.20-16.39.06:478][  0]LogTemp:Display: Loaded TP MacNoEditorTargetPlatform
[2017.04.20-16.39.06:522][  0]LogTemp:Display: Loaded TP MacServerTargetPlatform
[2017.04.20-16.39.06:571][  0]LogTemp:Display: Loaded TP MacTargetPlatform
[2017.04.20-16.39.06:618][  0]LogTemp:Display: Loaded TP WindowsClientTargetPlatform
[2017.04.20-16.39.06:664][  0]LogTemp:Display: Loaded TP WindowsNoEditorTargetPlatform
[2017.04.20-16.39.06:711][  0]LogTemp:Display: Loaded TP WindowsServerTargetPlatform
[2017.04.20-16.39.06:747][  0]LogTemp:Display: Loaded TP WindowsTargetPlatform
[2017.04.20-16.39.06:797][  0]LogTemp:Display: Loaded TP AndroidTargetPlatform
[2017.04.20-16.39.06:842][  0]LogTemp:Display: Loaded TP Android_ASTCTargetPlatform
[2017.04.20-16.39.06:886][  0]LogTemp:Display: Loaded TP Android_ATCTargetPlatform
[2017.04.20-16.39.06:931][  0]LogTemp:Display: Loaded TP Android_DXTTargetPlatform
[2017.04.20-16.39.06:976][  0]LogTemp:Display: Loaded TP Android_ETC1TargetPlatform
[2017.04.20-16.39.07:019][  0]LogTemp:Display: Loaded TP Android_ETC2TargetPlatform
[2017.04.20-16.39.07:108][  0]LogTemp:Display: Loaded TP Android_MultiTargetPlatform
[2017.04.20-16.39.07:108][  0]LogTemp:Display: Loaded TP Android_PVRTCTargetPlatform
[2017.04.20-16.39.07:139][  0]LogTemp:Display: Loaded TP HTML5TargetPlatform
[2017.04.20-16.39.07:228][  0]LogTemp:Display: Loaded TP IOSTargetPlatform
[2017.04.20-16.39.07:257][  0]LogTemp:Display: Loaded TP TVOSTargetPlatform
[2017.04.20-16.39.07:302][  0]LogTemp:Display: Loaded TP LinuxClientTargetPlatform
[2017.04.20-16.39.07:346][  0]LogTemp:Display: Loaded TP LinuxNoEditorTargetPlatform
[2017.04.20-16.39.07:390][  0]LogTemp:Display: Loaded TP LinuxServerTargetPlatform
[2017.04.20-16.39.07:438][  0]LogTemp:Display: Loaded TP LinuxTargetPlatform
[2017.04.20-16.39.07:438][  0]LogTargetPlatformManager:Display: Building Assets For Windows
[2017.04.20-16.39.07:826][  0]LogDerivedDataCache:Display: Max Cache Size: 512 MB
[2017.04.20-16.39.08:031][  0]LogDerivedDataCache: Loaded boot cache 0.21s 50MB C:/Users/Aratim/AppData/Local/UnrealEngine/4.15/DerivedDataCache/Boot.ddc.
[2017.04.20-16.39.08:031][  0]LogDerivedDataCache:Display: Loaded Boot cache: C:/Users/Aratim/AppData/Local/UnrealEngine/4.15/DerivedDataCache/Boot.ddc
[2017.04.20-16.39.08:032][  0]LogDerivedDataCache: FDerivedDataBackendGraph:  Pak pak cache file X:/Aratim/Documents/GitHub/ProjetInfoSolo/IsekaiLife 4.15/DerivedDataCache/DDC.ddp not found, will not use a pak cache.
[2017.04.20-16.39.08:032][  0]LogDerivedDataCache: Unable to find inner node Pak for hierarchical cache Hierarchy.
[2017.04.20-16.39.08:032][  0]LogDerivedDataCache: FDerivedDataBackendGraph:  CompressedPak pak cache file X:/Aratim/Documents/GitHub/ProjetInfoSolo/IsekaiLife 4.15/DerivedDataCache/Compressed.ddp not found, will not use a pak cache.
[2017.04.20-16.39.08:032][  0]LogDerivedDataCache: Unable to find inner node CompressedPak for hierarchical cache Hierarchy.
[2017.04.20-16.39.08:051][  0]LogDerivedDataCache:Display: Pak cache opened for reading ../../../Engine/DerivedDataCache/Compressed.ddp.
[2017.04.20-16.39.08:064][  0]LogDerivedDataCache: Using Local data cache path C:/Users/Aratim/AppData/Local/UnrealEngine/Common/DerivedDataCache: Writable
[2017.04.20-16.39.08:072][  0]LogSlate: Using Freetype 2.6.0
[2017.04.20-16.39.08:082][  0]LogSlate: SlateFontCache - WITH_FREETYPE: 1, WITH_HARFBUZZ: 1
[2017.04.20-16.39.08:082][  0]LogSlate: SlateFontCache - WITH_FREETYPE: 1, WITH_HARFBUZZ: 1
[2017.04.20-16.39.09:563][  0]LogInit: Selected Device Profile: [Windows]
[2017.04.20-16.39.09:565][  0]LogContentStreaming: Texture pool size is 0.00 MB
[2017.04.20-16.39.09:737][  0]LogMeshUtilities: Using QuadricMeshReduction for automatic static mesh reduction
[2017.04.20-16.39.09:775][  0]LogSimplygon: Simplygon DLL not present - disabling.
[2017.04.20-16.39.09:813][  0]LogMeshUtilities: Using SimplygonSwarm for distributed automatic mesh merging
[2017.04.20-16.39.09:813][  0]LogMeshUtilities: No automatic skeletal mesh reduction module available
[2017.04.20-16.39.09:813][  0]LogMeshUtilities: No automatic mesh merging module available
[2017.04.20-16.39.10:291][  0]LogNetVersion: GetLocalNetworkVersion: CL: 3299760, ProjectName: isekailife, ProjectVersion: , EngineNetworkVersion: 2, GameNetworkVersion: 0, NetworkChecksum: 721096836
[2017.04.20-16.39.10:334][  0]LogAssetRegistry: FAssetRegistry took 0.0221 seconds to start up
[2017.04.20-16.39.10:366][  0]LogPackageLocalizationCache: Processed 3 localized package path(s) for 1 prioritized culture(s) in 0.013649 seconds
[2017.04.20-16.39.10:372][  0]LogUObjectArray: 32493 objects as part of root set at end of initial load.
[2017.04.20-16.39.10:372][  0]LogUObjectAllocator: 7077032 out of 0 bytes used by permanent object pool.
[2017.04.20-16.39.10:372][  0]LogUObjectArray: CloseDisregardForGC: 0/0 objects in disregard for GC pool
[2017.04.20-16.39.10:426][  0]LogInit: WinSock: version 1.1 (2.2), MaxSocks=32767, MaxUdp=65467
[2017.04.20-16.39.12:966][  0]LogTcpMessaging: Initializing TcpMessaging bridge
[2017.04.20-16.39.13:001][  0]LogUdpMessaging: Initializing bridge on interface 0.0.0.0:0 to multicast group 230.0.0.1:6666.
[2017.04.20-16.39.13:493][  0]LogMaterial: Uniform references updated for custom material expression Custom.
[2017.04.20-16.39.13:807][  0]SourceControl: Info Source control is disabled
[2017.04.20-16.39.13:808][  0]SourceControl: Info Source control is disabled
[2017.04.20-16.39.13:848][  0]SourceControl: Info Source control is disabled
[2017.04.20-16.39.13:889][  0]SourceControl: Info Source control is disabled
[2017.04.20-16.39.15:019][  0]LogEngine: Initializing Engine...
[2017.04.20-16.39.15:019][  0]LogHMD: Failed to initialize OpenVR with code 110
[2017.04.20-16.39.15:209][  0]LogAIModule: Creating AISystem for world Untitled
[2017.04.20-16.39.15:216][  0]LogInit: XAudio2 using 'Haut-parleurs (2- USB Audio Device)' : 2 channels at 44.1 kHz using 16 bits per sample (channel mask 0x3)
[2017.04.20-16.39.15:230][  0]LogInit: FAudioDevice initialized.
[2017.04.20-16.39.15:257][  0]LogDerivedDataCache: Saved boot cache 0.03s 50MB C:/Users/Aratim/AppData/Local/UnrealEngine/4.15/DerivedDataCache/Boot.ddc.
[2017.04.20-16.39.15:264][  0]LogInit: Texture streaming: Enabled
[2017.04.20-16.39.15:343][  0]LogEngineSessionManager: EngineSessionManager initialized
[2017.04.20-16.39.15:416][  0]LogInit: Transaction tracking system initialized
[2017.04.20-16.39.15:693][  0]BlueprintLog: New page: Editor Load
[2017.04.20-16.39.16:423][  0]LocalizationService: Info Localization service is disabled
[2017.04.20-16.39.16:986][  0]LogConsoleResponse:Display: 
[2017.04.20-16.39.17:106][  0]LogCook:Display: Max memory allowance for cook 16384mb min free memory 0mb
[2017.04.20-16.39.17:106][  0]LogCook:Display: Mobile HDR setting 1
[2017.04.20-16.39.17:616][  0]LogFileCache: Scanning file cache for directory 'X:/Aratim/Documents/GitHub/ProjetInfoSolo/IsekaiLife 4.15/Content/' took 0.03s
[2017.04.20-16.39.18:005][  0]SourceControl: Info Source control is disabled
[2017.04.20-16.39.18:005][  0]Cmd: MAP LOAD FILE="X:/Aratim/Documents/GitHub/ProjetInfoSolo/IsekaiLife 4.15/Content/ThirdPersonBP/Maps/ThirdPersonExampleMap.umap" TEMPLATE=0 SHOWPROGRESS=1 FEATURELEVEL=3
[2017.04.20-16.39.18:006][  0]LightingResults: New page: Lighting Build
[2017.04.20-16.39.18:039][  0]MapCheck: New page: Map Check
[2017.04.20-16.39.18:039][  0]LightingResults: New page: Lighting Build
[2017.04.20-16.39.18:498][  0]LogProperty:Error: UStructProperty::Serialize Loading: Property 'StructProperty /Game/QuestSystem/Widgets/QuestWidget.QuestWidget_C:GenerateSubWidget.CallFunc_Array_Get_Item'. Unknown structure.
[2017.04.20-16.39.21:290][  0]LogSpawn:Warning: UWorld::DestroyActor: World has no context! World: ThirdPersonExampleMap, Actor: /Game/ThirdPersonBP/Maps/ThirdPersonExampleMap.ThirdPersonExampleMap:PersistentLevel.DESTROYED_MapCapture_C_CHILDACTOR_51
[2017.04.20-16.39.22:128][  0]LogAIModule: Creating AISystem for world ThirdPersonExampleMap
[2017.04.20-16.39.22:167][  0]LogEditorServer: Finished looking for orphan Actors (0.000 secs)
[2017.04.20-16.39.22:167][  0]Cmd: MAP CHECKDEP NOCLEARLOG
[2017.04.20-16.39.22:225][  0]MapCheck: Info Map check complete: 0 Error(s), 0 Warning(s), took 58.18ms to complete.
[2017.04.20-16.39.22:226][  0]LogFileHelpers: Loading map 'ThirdPersonExampleMap' took 4.220
[2017.04.20-16.39.22:277][  0]LogWindowsTextInputMethodSystem:Display: IME system now deactivated.
[2017.04.20-16.39.22:395][  0]LogCollectionManager: Loaded 0 collections in 0.001689 seconds
[2017.04.20-16.39.22:509][  0]LogFileCache: Scanning file cache for directory 'X:/Aratim/Documents/GitHub/ProjetInfoSolo/IsekaiLife 4.15/Saved/Collections/' took 0.01s
[2017.04.20-16.39.22:509][  0]LogFileCache: Scanning file cache for directory 'X:/Aratim/Documents/GitHub/ProjetInfoSolo/IsekaiLife 4.15/Content/Developers/Aratim/Collections/' took 0.01s
[2017.04.20-16.39.22:509][  0]LogFileCache: Scanning file cache for directory 'X:/Aratim/Documents/GitHub/ProjetInfoSolo/IsekaiLife 4.15/Content/Collections/' took 0.01s
[2017.04.20-16.39.22:509][  0]LogCollectionManager: Rebuilt the GUID cache for 0 collections in 0.000001 seconds
[2017.04.20-16.39.22:519][  0]LogContentBrowser: Native class hierarchy populated in 0.0097 seconds. Added 2245 classes and 453 folders.
[2017.04.20-16.39.22:523][  0]LogStats: UGameplayTagsManager::ConstructGameplayTagTree: Construct from data asset -  0.000 s
[2017.04.20-16.39.22:523][  0]LogStats: UGameplayTagsManager::ConstructGameplayTagTree: GameplayTagTreeChangedEvent.Broadcast -  0.000 s
[2017.04.20-16.39.22:575][  0]LogContentBrowser: Native class hierarchy updated for 'WidgetCarousel' in 0.0004 seconds. Added 0 classes and 0 folders.
[2017.04.20-16.39.22:924][  0]LogContentBrowser: Native class hierarchy updated for 'AddContentDialog' in 0.0005 seconds. Added 0 classes and 0 folders.
[2017.04.20-16.39.22:972][  0]LogContentBrowser: Native class hierarchy updated for 'SceneOutliner' in 0.0005 seconds. Added 1 classes and 2 folders.
[2017.04.20-16.39.23:029][  0]LogCrashTracker: Crashtracker disabled due to settings.
[2017.04.20-16.39.23:036][  0]LogUObjectGlobals:Warning: Failed to find object 'Class None.'
[2017.04.20-16.39.23:098][  0]LogContentBrowser: Native class hierarchy updated for 'HierarchicalLODOutliner' in 0.0005 seconds. Added 1 classes and 2 folders.
[2017.04.20-16.39.23:099][  0]LogLoad: (Engine Initialization) Total time: 24.31 seconds
[2017.04.20-16.39.23:099][  0]LogLoad: (Engine Initialization) Total Blueprint compile time: 1.71 seconds
[2017.04.20-16.39.23:099][  0]LogExternalProfiler: Found external profiler: VSPerf
[2017.04.20-16.39.23:099][  0]LogExternalProfiler: Using external profiler: VSPerf
[2017.04.20-16.39.23:108][  0]LogOcInput: OculusInput pre-init called
[2017.04.20-16.39.23:128][  0]LogContentStreaming: Texture pool size now 1000 MB
[2017.04.20-16.39.23:134][  0]LogSlate: Took 0.004490 seconds to synchronously load lazily loaded font '../../../Engine/Content/Slate/Fonts/Roboto-Regular.ttf' (155K)
[2017.04.20-16.39.23:141][  0]LogSlate: Took 0.004499 seconds to synchronously load lazily loaded font '../../../Engine/Content/Slate/Fonts/Roboto-Bold.ttf' (160K)
[2017.04.20-16.39.23:151][  0]LogSlate: Took 0.005001 seconds to synchronously load lazily loaded font '../../../Engine/Content/Editor/Slate/Fonts/FontAwesome.ttf' (139K)
[2017.04.20-16.39.23:319][  0]LogSlate: Took 0.004676 seconds to synchronously load lazily loaded font '../../../Engine/Content/Slate/Fonts/Roboto-Light.ttf' (159K)
[2017.04.20-16.39.23:348][  0]LogRenderer: Reallocating scene render targets to support 300x300 NumSamples 1 (Frame:2).
[2017.04.20-16.39.23:348][  0]LogRenderer: Reallocating scene render targets to support 1208x576 NumSamples 1 (Frame:2).
[2017.04.20-16.39.23:476][  3]LogAssetRegistry: Asset discovery search completed in 13.1649 seconds
[2017.04.20-16.39.23:476][  3]LogCollectionManager: Rebuilt the object cache for 0 collections in 0.000009 seconds (found 0 objects)
[2017.04.20-16.39.23:476][  3]LogCollectionManager: Fixed up redirectors for 0 collections in 0.000026 seconds (updated 0 objects)
[2017.04.20-16.39.24:128][ 72]LogSlate: Took 0.000148 seconds to synchronously load lazily loaded font '../../../Engine/Content/Slate/Fonts/Roboto-Light.ttf' (159K)
[2017.04.20-16.39.33:794][228]LogSlate: Took 0.000207 seconds to synchronously load lazily loaded font '../../../Engine/Content/Slate/Fonts/Roboto-Light.ttf' (159K)
[2017.04.20-16.39.34:201][228]LogContentBrowser: Native class hierarchy updated for 'BlueprintGraph' in 0.0008 seconds. Added 112 classes and 0 folders.
[2017.04.20-16.39.39:671][742]LogActorComponent: UnregisterComponent: (/Engine/Transient.EditorFloorComp) Not registered. Aborting.
[2017.04.20-16.42.04:374][137]LogSlate:Warning: Prevented a slow task dialog from being summoned while a context menu was open
[2017.04.20-16.42.04:647][137]LogTexture:Display: Building textures: T_Enemy_SpiderBoss_E (AutoDXT, 2048X2048) - 163 MB total VRAM
[2017.04.20-16.42.05:337][137]LogTexture:Display: Building textures: T_Enemy_SpiderBoss_Fire_N (BC5, 2048X2048) - 163 MB total VRAM
[2017.04.20-16.42.06:108][137]LogTexture:Display: Building textures: T_Enemy_SpiderBoss_Fire_D (AutoDXT, 2048X2048) - 163 MB total VRAM
[2017.04.20-16.42.11:054][137]LogTexture:Display: Building textures: T_Enemy_SpiderBoss_Fire_M (AutoDXT, 2048X2048) - 163 MB total VRAM
[2017.04.20-16.42.11:468][137]LogMaterial: Missing cached shader map for material CharM_Greater_Spider_BossFire, compiling. 
[2017.04.20-16.42.11:474][137]LogTemp:Display: Added material ShaderMap 0x000002B47581F200 with Material 0x000002B4788A6F80 to ShaderMapsBeingCompiled
[2017.04.20-16.42.11:518][137]LogTemp:Display: Kicking off shader compilation for CharM_Greater_Spider_BossFire, GameThreadShaderMap 0x000002B47581F200
[2017.04.20-16.42.11:573][137]LogTexture:Display: Building textures: T_Enemy_SpiderBoss_Poison_M (AutoDXT, 2048X2048) - 163 MB total VRAM
[2017.04.20-16.42.12:035][137]LogTexture:Display: Building textures: T_Enemy_Elemental_M (AutoDXT, 1024X1024) - 163 MB total VRAM
[2017.04.20-16.42.12:735][137]LogTexture:Display: Building textures: T_Enemy_ElementalIce_N (BC5, 1024X1024) - 163 MB total VRAM
[2017.04.20-16.42.12:952][137]LogTexture:Display: Building textures: T_Enemy_ElementalFire_D (AutoDXT, 1024X1024) - 163 MB total VRAM
[2017.04.20-16.42.14:192][137]LogMaterial: Missing cached shader map for material M_Elemental_Robot_Master, compiling. 
[2017.04.20-16.42.14:193][137]LogTemp:Display: Added material ShaderMap 0x000002B459510800 with Material 0x000002B478C73E80 to ShaderMapsBeingCompiled
[2017.04.20-16.42.14:222][137]LogTemp:Display: Kicking off shader compilation for M_Elemental_Robot_Master, GameThreadShaderMap 0x000002B459510800
[2017.04.20-16.42.14:268][137]LogTexture:Display: Building textures: T_Enemy_ElementalIce_D (AutoDXT, 1024X1024) - 163 MB total VRAM
[2017.04.20-16.42.15:797][137]LogTexture:Display: Building textures: T_Enemy_Wolf_03_D (AutoDXT, 2048X2048) - 163 MB total VRAM
[2017.04.20-16.42.21:008][137]LogTexture:Display: Building textures: T_Gruntling_Glacer_N (BC5, 1024X1024) - 163 MB total VRAM
[2017.04.20-16.42.21:224][137]LogTexture:Display: Building textures: T_Gruntling_Glacer_D (AutoDXT, 1024X1024) - 163 MB total VRAM
[2017.04.20-16.42.22:264][137]LogTexture:Display: Building textures: T_Gruntling_Emissive (AutoDXT, 1024X1024) - 163 MB total VRAM
[2017.04.20-16.42.22:353][137]LogTexture:Display: Building textures: T_Gruntling_M (AutoDXT, 1024X1024) - 163 MB total VRAM
[2017.04.20-16.42.22:432][137]LogMaterial: Missing cached shader map for material CharM_Gruntling_Glacer, compiling. 
[2017.04.20-16.42.22:433][137]LogTemp:Display: Added material ShaderMap 0x000002B488BF2780 with Material 0x000002B477CF5000 to ShaderMapsBeingCompiled
[2017.04.20-16.42.22:462][137]LogTemp:Display: Kicking off shader compilation for CharM_Gruntling_Glacer, GameThreadShaderMap 0x000002B488BF2780
[2017.04.20-16.42.22:482][137]LogTexture:Display: Building textures: T_Golem_Mace_N (BC5, 512X512) - 179 MB total VRAM
[2017.04.20-16.42.22:523][137]LogTexture:Display: Building textures: T_Golem_Mace_M (AutoDXT, 512X512) - 179 MB total VRAM
[2017.04.20-16.42.22:594][137]LogTexture:Display: Building textures: T_Golem_Mace_D (AutoDXT, 512X512) - 179 MB total VRAM
[2017.04.20-16.42.22:866][137]LogMaterial: Missing cached shader map for material CharM_Golem_Weapon, compiling. 
[2017.04.20-16.42.22:867][137]LogTemp:Display: Added material ShaderMap 0x000002B4894D4F00 with Material 0x000002B45C792200 to ShaderMapsBeingCompiled
[2017.04.20-16.42.22:894][137]LogTemp:Display: Kicking off shader compilation for CharM_Golem_Weapon, GameThreadShaderMap 0x000002B4894D4F00
[2017.04.20-16.42.22:903][137]LogTexture:Display: Building textures: T_Survival_CA_Chicken_02_N (BC5, 512X512) - 179 MB total VRAM
[2017.04.20-16.42.22:937][137]LogTexture:Display: Building textures: T_Survival_CA_Chicken_02_Mask (AutoDXT, 512X512) - 179 MB total VRAM
[2017.04.20-16.42.22:952][137]LogTexture:Display: Building textures: T_Survival_CA_Chicken_02_M (DXT1, 128X128) - 179 MB total VRAM
[2017.04.20-16.42.22:971][137]LogTexture:Display: Building textures: T_Survival_CA_Chicken_02_D (DXT1, 512X512) - 179 MB total VRAM
[2017.04.20-16.42.23:154][137]LogMaterial: Missing cached shader map for material M_EnemyChicken, compiling. 
[2017.04.20-16.42.23:155][137]LogTemp:Display: Added material ShaderMap 0x000002B48993FC80 with Material 0x000002B4024FA500 to ShaderMapsBeingCompiled
[2017.04.20-16.42.23:233][137]LogTemp:Display: Kicking off shader compilation for M_EnemyChicken, GameThreadShaderMap 0x000002B48993FC80
[2017.04.20-16.42.23:292][137]LogTexture:Display: Building textures: T_Master_Grunt_M (AutoDXT, 2048X2048) - 179 MB total VRAM
[2017.04.20-16.42.23:847][137]LogTexture:Display: Building textures: T_Master_Grunt_N (BC5, 2048X2048) - 179 MB total VRAM
[2017.04.20-16.42.24:818][137]LogTexture:Display: Building textures: T_Master_Grunt_D (AutoDXT, 2048X2048) - 179 MB total VRAM
[2017.04.20-16.42.30:391][137]LogMaterial: Missing cached shader map for material CharM_Master_Grunt, compiling. 
[2017.04.20-16.42.30:392][137]LogTemp:Display: Added material ShaderMap 0x000002B491034F00 with Material 0x000002B40340A680 to ShaderMapsBeingCompiled
[2017.04.20-16.42.30:429][137]LogTemp:Display: Kicking off shader compilation for CharM_Master_Grunt, GameThreadShaderMap 0x000002B491034F00
[2017.04.20-16.42.30:429][137]LogStaticMesh: Building static mesh SM_Gruntling_Weapon02_Internal...
[2017.04.20-16.42.30:437][137]LogStaticMesh: Built static mesh [0.01s] /Game/InfinityBladeAdversaries/Enemy/Enemy_Gruntling_Weapons/Meshes/SM_Gruntling_Weapon02_Internal.SM_Gruntling_Weapon02_Internal
[2017.04.20-16.42.30:443][137]LogStaticMesh: Building static mesh SM_Gruntling_Weapon01_Internal...
[2017.04.20-16.42.30:446][137]LogStaticMesh: Built static mesh [0.00s] /Game/InfinityBladeAdversaries/Enemy/Enemy_Gruntling_Weapons/Meshes/SM_Gruntling_Weapon01_Internal.SM_Gruntling_Weapon01_Internal
[2017.04.20-16.42.30:447][137]LogStaticMesh: Building static mesh SM_Gruntling_Torch_Internal...
[2017.04.20-16.42.30:448][137]LogStaticMesh: Built static mesh [0.00s] /Game/InfinityBladeAdversaries/Enemy/Enemy_Gruntling_Weapons/Meshes/SM_Gruntling_Torch_Internal.SM_Gruntling_Torch_Internal
[2017.04.20-16.42.30:449][137]LogStaticMesh: Building static mesh SM_Creature_Gruntling_Weapon05_Internal...
[2017.04.20-16.42.30:451][137]LogStaticMesh: Built static mesh [0.00s] /Game/InfinityBladeAdversaries/Enemy/Enemy_Gruntling_Weapons/Meshes/SM_Creature_Gruntling_Weapon05_Internal.SM_Creature_Gruntling_Weapon05_Internal
[2017.04.20-16.42.30:584][137]LogTexture:Display: Building textures: Enemy_Task_Master_N (BC5, 2048X2048) - 179 MB total VRAM
[2017.04.20-16.42.31:483][137]LogTexture:Display: Building textures: Enemy_Task_Master_D (AutoDXT, 2048X2048) - 179 MB total VRAM
[2017.04.20-16.42.35:694][137]LogTexture:Display: Building textures: Enemy_Task_Master_Mask (AutoDXT, 2048X2048) - 179 MB total VRAM
[2017.04.20-16.42.36:053][137]LogMaterial: Missing cached shader map for material M_Enemy_Task_Master, compiling. 
[2017.04.20-16.42.36:054][137]LogTemp:Display: Added material ShaderMap 0x000002B4922DEE80 with Material 0x000002B403AC6B00 to ShaderMapsBeingCompiled
[2017.04.20-16.42.36:082][137]LogTemp:Display: Kicking off shader compilation for M_Enemy_Task_Master, GameThreadShaderMap 0x000002B4922DEE80
[2017.04.20-16.42.36:103][137]LogTexture:Display: Building textures: T_Enemy_Spiderling_Magma_D (AutoDXT, 512X512) - 179 MB total VRAM
[2017.04.20-16.42.36:548][137]LogTexture:Display: Building textures: HQ_Lightmap0_1 (AutoDXT, 256X256) - 179 MB total VRAM
[2017.04.20-16.42.36:559][137]LogTexture:Display: Building textures: LQ_Lightmap_0_1 (DXT1, 256X256) - 179 MB total VRAM
[2017.04.20-16.42.36:562][137]LogTexture:Display: Building textures: ShadowMapTexture2D_0 (BGRA8, 256X128) - 179 MB total VRAM
[2017.04.20-16.42.36:596][137]LogStaticMesh: Building static mesh SM_Creature_Gruntling_Weapon03_Internal...
[2017.04.20-16.42.36:598][137]LogStaticMesh: Built static mesh [0.00s] /Game/InfinityBladeAdversaries/Enemy/Enemy_Gruntling_Weapons/Meshes/SM_Creature_Gruntling_Weapon03_Internal.SM_Creature_Gruntling_Weapon03_Internal
[2017.04.20-16.42.36:598][137]LogStaticMesh: Building static mesh SM_Creature_Gruntling_Weapon04_Internal...
[2017.04.20-16.42.36:600][137]LogStaticMesh: Built static mesh [0.00s] /Game/InfinityBladeAdversaries/Enemy/Enemy_Gruntling_Weapons/Meshes/SM_Creature_Gruntling_Weapon04_Internal.SM_Creature_Gruntling_Weapon04_Internal
[2017.04.20-16.42.36:601][137]LogStaticMesh: Building static mesh SM_Master_Grunt_Blade_Internal...
[2017.04.20-16.42.36:603][137]LogStaticMesh: Built static mesh [0.00s] /Game/InfinityBladeAdversaries/Enemy/Enemy_Master_Grunt/SM_Master_Grunt_Blade_Internal.SM_Master_Grunt_Blade_Internal
[2017.04.20-16.42.36:604][137]LogStaticMesh: Building static mesh SM_Troll_hammer...
[2017.04.20-16.42.36:605][137]LogMeshUtilities: Invalid vertex normals found for mesh. Forcing recomputation of vertex normals for MikkTSpace. Fix mesh or disable "Use MikkTSpace Tangent Space" to avoid forced recomputation of normals.
[2017.04.20-16.42.36:611][137]LogStaticMesh: Built static mesh [0.01s] /Game/InfinityBladeAdversaries/Enemy/Enemy_Troll/Meshes/SM_Troll_hammer.SM_Troll_hammer
[2017.04.20-16.42.36:613][137]LogStaticMesh: Building static mesh Troll_Helmet_Internal...
[2017.04.20-16.42.36:616][137]LogStaticMesh: Built static mesh [0.00s] /Game/InfinityBladeAdversaries/Enemy/Enemy_Troll/Meshes/Troll_Helmet_Internal.Troll_Helmet_Internal
[2017.04.20-16.42.37:306][137]LogTexture:Display: Building textures: T_Forge_King_N (BC5, 4096X4096) - 179 MB total VRAM
[2017.04.20-16.42.40:624][137]LogTexture:Display: Building textures: T_Forge_King_M (AutoDXT, 4096X4096) - 179 MB total VRAM
[2017.04.20-16.42.48:017][137]LogTexture:Display: Building textures: T_Forge_King_E (AutoDXT, 4096X4096) - 179 MB total VRAM
[2017.04.20-16.42.50:194][137]LogTexture:Display: Building textures: T_Forge_King_D (AutoDXT, 4096X4096) - 179 MB total VRAM
[2017.04.20-16.43.11:269][137]LogMaterial: Missing cached shader map for material M_Enemy_Forge_King, compiling. 
[2017.04.20-16.43.11:272][137]LogTemp:Display: Added material ShaderMap 0x000002B492815600 with Material 0x000002B40386A200 to ShaderMapsBeingCompiled
[2017.04.20-16.43.11:348][137]LogTemp:Display: Kicking off shader compilation for M_Enemy_Forge_King, GameThreadShaderMap 0x000002B492815600
[2017.04.20-16.43.11:506][137]LogTexture:Display: Building textures: T_Enemy_Bear_D (AutoDXT, 2048X2048) - 179 MB total VRAM
[2017.04.20-16.43.16:677][137]LogTexture:Display: Building textures: T_Enemy_Polar_Bear_D (AutoDXT, 2048X2048) - 179 MB total VRAM
[2017.04.20-16.43.21:803][137]LogTexture:Display: Building textures: T_Enemy_Bear_M (AutoDXT, 2048X2048) - 179 MB total VRAM
[2017.04.20-16.43.23:324][137]LogTexture:Display: Building textures: T_Enemy_Bear_N (BC5, 2048X2048) - 179 MB total VRAM
[2017.04.20-16.43.23:974][137]LogTexture:Display: Building textures: T_Enemy_Polar_Bear_M (AutoDXT, 2048X2048) - 179 MB total VRAM
[2017.04.20-16.43.25:393][137]LogTexture:Display: Building textures: T_Enemy_SpiderBoss_Poison_Emissive (AutoDXT, 2048X2048) - 179 MB total VRAM
[2017.04.20-16.43.25:801][137]LogTexture:Display: Building textures: T_Enemy_SpiderBoss_Poison_D (AutoDXT, 2048X2048) - 179 MB total VRAM
[2017.04.20-16.43.30:626][137]LogTexture:Display: Building textures: T_Enemy_Spiderling_N (BC5, 512X512) - 179 MB total VRAM
[2017.04.20-16.43.30:706][137]LogTexture:Display: Building textures: T_Enemy_Spiderling_D (AutoDXT, 1024X1024) - 179 MB total VRAM
[2017.04.20-16.43.32:000][137]LogTexture:Display: Building textures: T_Enemy_Spiderling_M (AutoDXT, 1024X1024) - 179 MB total VRAM
[2017.04.20-16.43.32:391][137]LogMaterial: Missing cached shader map for material CharM_Spiderling_redish, compiling. 
[2017.04.20-16.43.32:392][137]LogTemp:Display: Added material ShaderMap 0x000002B4013AB200 with Material 0x000002B472849A80 to ShaderMapsBeingCompiled
[2017.04.20-16.43.32:417][137]LogTemp:Display: Kicking off shader compilation for CharM_Spiderling_redish, GameThreadShaderMap 0x000002B4013AB200
[2017.04.20-16.43.32:436][137]LogTexture:Display: Building textures: T_Enemy_Spiderling_Magma_M (AutoDXT, 1024X1024) - 179 MB total VRAM
[2017.04.20-16.43.32:838][137]LogTexture:Display: Building textures: T_PickAxe_M (AutoDXT, 512X512) - 179 MB total VRAM
[2017.04.20-16.43.32:864][137]LogTexture:Display: Building textures: T_PickAxe_E (AutoDXT, 512X512) - 179 MB total VRAM
[2017.04.20-16.43.32:896][137]LogTexture:Display: Building textures: T_PickAxe_N (AutoDXT, 512X512) - 179 MB total VRAM
[2017.04.20-16.43.33:096][137]LogTexture:Display: Building textures: T_PickAxe_D (AutoDXT, 512X512) - 179 MB total VRAM
[2017.04.20-16.43.33:354][137]LogMaterial: Missing cached shader map for material M_Gruntling_weapons, compiling. 
[2017.04.20-16.43.33:355][137]LogTemp:Display: Added material ShaderMap 0x000002B49BA09D00 with Material 0x000002B477EC6080 to ShaderMapsBeingCompiled
[2017.04.20-16.43.33:378][137]LogTemp:Display: Kicking off shader compilation for M_Gruntling_weapons, GameThreadShaderMap 0x000002B49BA09D00
[2017.04.20-16.43.33:416][137]LogTexture:Display: Building textures: T_Master_Grunt_Blade_N (BC5, 1024X1024) - 179 MB total VRAM
[2017.04.20-16.43.33:648][137]LogTexture:Display: Building textures: T_Master_Grunt_Blade_D (AutoDXT, 1024X1024) - 179 MB total VRAM
[2017.04.20-16.43.35:003][137]LogTexture:Display: Building textures: T_Master_Grunt_Blade_M (AutoDXT, 1024X1024) - 179 MB total VRAM
[2017.04.20-16.43.35:093][137]LogMaterial: Missing cached shader map for material M_Master_Grunt_Weapon, compiling. 
[2017.04.20-16.43.35:093][137]LogTemp:Display: Added material ShaderMap 0x000002B49B4D0F00 with Material 0x000002B4774AE800 to ShaderMapsBeingCompiled
[2017.04.20-16.43.35:110][137]LogTemp:Display: Kicking off shader compilation for M_Master_Grunt_Weapon, GameThreadShaderMap 0x000002B49B4D0F00
[2017.04.20-16.43.35:131][137]LogTexture:Display: Building textures: T_Enemy_Clotworm_M (AutoDXT, 1024X1024) - 179 MB total VRAM
[2017.04.20-16.43.35:559][137]LogTexture:Display: Building textures: T_Enemy_Clotworm_D (AutoDXT, 1024X1024) - 179 MB total VRAM
[2017.04.20-16.43.36:700][137]LogTexture:Display: Building textures: T_Enemy_Clotworm__N (BC5, 2048X2048) - 179 MB total VRAM
[2017.04.20-16.43.37:308][137]LogMaterial: Missing cached shader map for material M_Clot_Worm, compiling. 
[2017.04.20-16.43.37:309][137]LogTemp:Display: Added material ShaderMap 0x000002B496965D00 with Material 0x000002B40386A680 to ShaderMapsBeingCompiled
[2017.04.20-16.43.37:351][137]LogTemp:Display: Kicking off shader compilation for M_Clot_Worm, GameThreadShaderMap 0x000002B496965D00
[2017.04.20-16.43.37:354][137]LogTexture:Display: Building textures: T_Gruntling_Guardian_E (AutoDXT, 512X512) - 179 MB total VRAM
[2017.04.20-16.43.37:410][137]LogTexture:Display: Building textures: T_Gruntling_C_N (BC5, 1024X1024) - 179 MB total VRAM
[2017.04.20-16.43.37:581][137]LogTexture:Display: Building textures: EXO_Gruntling_Scud_M (AutoDXT, 2048X2048) - 179 MB total VRAM
[2017.04.20-16.43.38:008][137]LogTexture:Display: Building textures: T_Gruntling_Emissive (AutoDXT, 1024X1024) - 179 MB total VRAM
[2017.04.20-16.43.38:112][137]LogTexture:Display: Building textures: T_Gruntling_Avalanche_N (BC5, 1024X1024) - 179 MB total VRAM
[2017.04.20-16.43.38:264][137]LogTexture:Display: Building textures: T_Gruntling_Avalanche_M (AutoDXT, 1024X1024) - 179 MB total VRAM
[2017.04.20-16.43.38:365][137]LogTexture:Display: Building textures: T_Gruntling_Avalanche_E (AutoDXT, 1024X1024) - 179 MB total VRAM
[2017.04.20-16.43.38:480][137]LogTexture:Display: Building textures: T_Gruntling_Avalanche_D (AutoDXT, 1024X1024) - 179 MB total VRAM
[2017.04.20-16.43.39:786][137]LogTexture:Display: Building textures: T_Forge_King_Weapon_N (BC5, 2048X2048) - 179 MB total VRAM
[2017.04.20-16.43.40:563][137]LogTexture:Display: Building textures: T_Forge_King_Weapon_M (AutoDXT, 2048X2048) - 179 MB total VRAM
[2017.04.20-16.43.42:308][137]LogTexture:Display: Building textures: T_Forge_King_Weapon_D (AutoDXT, 2048X2048) - 179 MB total VRAM
[2017.04.20-16.43.47:550][137]LogMaterial: Missing cached shader map for material Weapon, compiling. 
[2017.04.20-16.43.47:551][137]LogTemp:Display: Added material ShaderMap 0x000002B496D87580 with Material 0x000002B45551E500 to ShaderMapsBeingCompiled
[2017.04.20-16.43.47:591][137]LogTemp:Display: Kicking off shader compilation for Weapon, GameThreadShaderMap 0x000002B496D87580
[2017.04.20-16.43.47:773][137]LogTexture:Display: Building textures: T_Enemy_SpiderBoss_Ice_D (AutoDXT, 2048X2048) - 179 MB total VRAM
[2017.04.20-16.43.52:989][137]LogTexture:Display: Building textures: T_Enemy_SpiderBoss_Ice_N (BC5, 2048X2048) - 179 MB total VRAM
[2017.04.20-16.43.53:612][137]LogTexture:Display: Building textures: T_Enemy_Spiderling_Ice_D (AutoDXT, 1024X1024) - 179 MB total VRAM
[2017.04.20-16.43.54:874][137]LogMaterial: Missing cached shader map for material CharM_Spiderling, compiling. 
[2017.04.20-16.43.54:874][137]LogTemp:Display: Added material ShaderMap 0x000002B4A3F6DD00 with Material 0x000002B45CC43E80 to ShaderMapsBeingCompiled
[2017.04.20-16.43.54:916][137]LogTemp:Display: Kicking off shader compilation for CharM_Spiderling, GameThreadShaderMap 0x000002B4A3F6DD00
[2017.04.20-16.43.55:096][137]LogTexture:Display: Building textures: T_GolemGold_N (BC5, 2048X2048) - 179 MB total VRAM
[2017.04.20-16.43.55:874][137]LogTexture:Display: Building textures: T_Golem_Gold_M (AutoDXT, 2048X2048) - 179 MB total VRAM
[2017.04.20-16.43.57:563][137]LogTexture:Display: Building textures: T_Golem_DGold (AutoDXT, 2048X2048) - 179 MB total VRAM
[2017.04.20-16.44.01:950][137]LogMaterial: Missing cached shader map for material CharM_Fire_Golem, compiling. 
[2017.04.20-16.44.01:951][137]LogTemp:Display: Added material ShaderMap 0x000002B4A36E8480 with Material 0x000002B403AB9900 to ShaderMapsBeingCompiled
[2017.04.20-16.44.01:979][137]LogTemp:Display: Kicking off shader compilation for CharM_Fire_Golem, GameThreadShaderMap 0x000002B4A36E8480
[2017.04.20-16.44.01:980][137]LogTexture:Display: Building textures: Enemy_Task_Master_lantern_E (AutoDXT, 128X128) - 179 MB total VRAM
[2017.04.20-16.44.01:994][137]LogTexture:Display: Building textures: Enemy_Task_Master_lantern_N (BC5, 512X512) - 179 MB total VRAM
[2017.04.20-16.44.02:050][137]LogTexture:Display: Building textures: Enemy_Task_Master_lantern_D (AutoDXT, 512X512) - 179 MB total VRAM
[2017.04.20-16.44.02:353][137]LogMaterial: Missing cached shader map for material M_Enemy_TaskMaster_Lantern, compiling. 
[2017.04.20-16.44.02:354][137]LogTemp:Display: Added material ShaderMap 0x000002B4A9E86400 with Material 0x000002B40399BE80 to ShaderMapsBeingCompiled
[2017.04.20-16.44.02:381][137]LogTemp:Display: Kicking off shader compilation for M_Enemy_TaskMaster_Lantern, GameThreadShaderMap 0x000002B4A9E86400
[2017.04.20-16.44.02:392][137]LogTexture:Display: Building textures: T_Troll_Poison_M (AutoDXT, 1024X1024) - 179 MB total VRAM
[2017.04.20-16.44.02:527][137]LogTexture:Display: Building textures: T_Creature_Spider_FireBaby_D (AutoDXT, 1024X1024) - 179 MB total VRAM
[2017.04.20-16.44.03:553][137]LogTexture:Display: Building textures: T_Creature_Spider_FireBaby_N (BC5, 1024X1024) - 179 MB total VRAM
[2017.04.20-16.44.03:743][137]LogTexture:Display: Building textures: T_Creature_Spider_Fire (AutoDXT, 1024X1024) - 179 MB total VRAM
[2017.04.20-16.44.04:527][137]LogTexture:Display: Building textures: T_Creature_Spider02a_M (AutoDXT, 512X512) - 179 MB total VRAM
[2017.04.20-16.44.04:625][137]LogMaterial: Missing cached shader map for material CharM_Creature_Spider_Fire, compiling. 
[2017.04.20-16.44.04:625][137]LogTemp:Display: Added material ShaderMap 0x000002B4AA240100 with Material 0x000002B44EB4B580 to ShaderMapsBeingCompiled
[2017.04.20-16.44.04:657][137]LogTemp:Display: Kicking off shader compilation for CharM_Creature_Spider_Fire, GameThreadShaderMap 0x000002B4AA240100
[2017.04.20-16.44.04:659][137]LogMaterial: Missing cached shader map for material M_Bear_Master, compiling. 
[2017.04.20-16.44.04:660][137]LogTemp:Display: Added material ShaderMap 0x000002B4A58F2B00 with Material 0x000002B478C74400 to ShaderMapsBeingCompiled
[2017.04.20-16.44.04:689][137]LogTemp:Display: Kicking off shader compilation for M_Bear_Master, GameThreadShaderMap 0x000002B4A58F2B00
[2017.04.20-16.44.04:690][137]LogTexture:Display: Building textures: T_Troll_Helmet_M (AutoDXT, 256X256) - 179 MB total VRAM
[2017.04.20-16.44.04:708][137]LogTexture:Display: Building textures: T_Troll_Helmet_N (BC5, 256X256) - 179 MB total VRAM
[2017.04.20-16.44.04:718][137]LogTexture:Display: Building textures: T_Troll_Helmet_D (AutoDXT, 256X256) - 179 MB total VRAM
[2017.04.20-16.44.04:758][137]LogMaterial: Missing cached shader map for material CharM_Troll_Helmet, compiling. 
[2017.04.20-16.44.04:759][137]LogTemp:Display: Added material ShaderMap 0x000002B4A618D280 with Material 0x000002B402C1AF80 to ShaderMapsBeingCompiled
[2017.04.20-16.44.04:775][137]LogTemp:Display: Kicking off shader compilation for CharM_Troll_Helmet, GameThreadShaderMap 0x000002B4A618D280
[2017.04.20-16.44.04:941][137]LogTexture:Display: Building textures: T_Enemy_Wolf_N (BC5, 2048X2048) - 179 MB total VRAM
[2017.04.20-16.44.05:609][137]LogTexture:Display: Building textures: T_Enemy_Wolf_04_M (AutoDXT, 2048X2048) - 179 MB total VRAM
[2017.04.20-16.44.06:095][137]LogTexture:Display: Building textures: T_Enemy_Wolf_04_M2 (AutoDXT, 2048X2048) - 179 MB total VRAM
[2017.04.20-16.44.08:298][137]LogTexture:Display: Building textures: T_Enemy_Wolf_01_D (AutoDXT, 2048X2048) - 179 MB total VRAM
[2017.04.20-16.44.13:798][137]LogMaterial: Missing cached shader map for material CharM_Enemy_Wolf, compiling. 
[2017.04.20-16.44.13:798][137]LogTemp:Display: Added material ShaderMap 0x000002B4A5CC8B80 with Material 0x000002B402076080 to ShaderMapsBeingCompiled
[2017.04.20-16.44.13:830][137]LogTemp:Display: Kicking off shader compilation for CharM_Enemy_Wolf, GameThreadShaderMap 0x000002B4A5CC8B80
[2017.04.20-16.44.14:123][137]LogTexture:Display: Building textures: T_Enemy_Wolf_04_D (AutoDXT, 2048X2048) - 179 MB total VRAM
