Log file open, 03/31/17 21:02:06
LogInit:Display: Running engine for game: IsekaiLife
LogPlatformFile: Not using cached read wrapper
LogInit:Display: RandInit(1474950351) SRandInit(1474950351).
LogTaskGraph: Started task graph with 5 named threads and 8 total threads with 1 sets of task threads.
LogStats: Stats thread started at 0.096178
LogInit: Using libcurl 7.47.1
LogInit:  - built for x86_64-pc-win32
LogInit:  - supports SSL with OpenSSL/1.0.2g
LogInit:  - supports HTTP deflate (compression) using libz 1.2.8
LogInit:  - other features:
LogInit:      CURL_VERSION_SSL
LogInit:      CURL_VERSION_LIBZ
LogInit:      CURL_VERSION_IPV6
LogInit:      CURL_VERSION_ASYNCHDNS
LogInit:      CURL_VERSION_LARGEFILE
LogInit:      CURL_VERSION_IDN
LogInit:  CurlRequestOptions (configurable via config and command line):
LogInit:  - bVerifyPeer = false  - Libcurl will NOT verify peer certificate
LogInit:  - bUseHttpProxy = false  - Libcurl will NOT use HTTP proxy
LogInit:  - bDontReuseConnections = false  - Libcurl will reuse connections
LogInit:  - CertBundlePath = nullptr  - Libcurl will use whatever was configured at build time.
LogInit: Build: ++UE4+Release-4.15-CL-3348071
LogInit: Engine Version: 4.15.1-3348071+++UE4+Release-4.15
LogInit: Compatible Engine Version: 4.15.0-3299760+++UE4+Release-4.15
LogInit: Net CL: 3299760
LogDevObjectVersion: Number of dev versions registered: 14
LogDevObjectVersion:   Dev-Blueprints (B0D832E4-1F89-4F0D-ACCF-7EB736FD4AA2): 8
LogDevObjectVersion:   Dev-Build (E1C64328-A22C-4D53-A36C-8E866417BD8C): 0
LogDevObjectVersion:   Dev-Core (375EC13C-06E4-48FB-B500-84F0262A717E): 2
LogDevObjectVersion:   Dev-Editor (E4B068ED-F494-42E9-A231-DA0B2E46BB41): 14
LogDevObjectVersion:   Dev-Framework (CFFC743F-43B0-4480-9391-14DF171D2073): 22
LogDevObjectVersion:   Dev-Mobile (B02B49B5-BB20-44E9-A304-32B752E40360): 0
LogDevObjectVersion:   Dev-Networking (A4E4105C-59A1-49B5-A7C5-40C4547EDFEE): 0
LogDevObjectVersion:   Dev-Online (39C831C9-5AE6-47DC-9A44-9C173E1C8E7C): 0
LogDevObjectVersion:   Dev-Physics (78F01B33-EBEA-4F98-B9B4-84EACCB95AA2): 0
LogDevObjectVersion:   Dev-Platform (6631380F-2D4D-43E0-8009-CF276956A95A): 0
LogDevObjectVersion:   Dev-Rendering (12F88B9F-8875-4AFC-A67C-D90C383ABD29): 12
LogDevObjectVersion:   Dev-Sequencer (7B5AE74C-D270-4C10-A958-57980B212A5A): 3
LogDevObjectVersion:   Dev-VR (D7296918-1DD6-4BDD-9DE2-64A83CC13884): 0
LogDevObjectVersion:   Dev-LoadTimes (C2A15278-BFE7-4AFE-6C17-90FF531DF755): 1
LogInit: Compiled (64-bit): Mar 15 2017 16:52:47
LogInit: Compiled with Visual C++: 19.00.23026.00
LogInit: Build Configuration: Development
LogInit: Branch Name: ++UE4+Release-4.15
LogInit: Command line:  
LogInit: Base directory: C:/Program Files/Epic Games/UE_4.15/Engine/Binaries/Win64/
LogInit: Installed Engine Build: 1
LogInit: Presizing for max 8388607 objects, including 0 objects not considered by GC, pre-allocating 0 bytes for permanent pool.
LogInit: Object subsystem initialized
[2017.03.31-19.02.07:204][  0]LogInit: Selected Device Profile: [Windows]
[2017.03.31-19.02.07:204][  0]LogInit: Applying CVar settings loaded from the selected device profile: [Windows]
[2017.03.31-19.02.07:228][  0]LogInit: Computer: DESKTOP-IJKOIIJ
[2017.03.31-19.02.07:228][  0]LogInit: User: Aratim
[2017.03.31-19.02.07:228][  0]LogInit: CPU Page size=65536, Cores=4
[2017.03.31-19.02.07:228][  0]LogInit: High frequency timer resolution =3.417978 MHz
[2017.03.31-19.02.07:229][  0]LogMemory: Memory total: Physical=8.0GB (8GB approx)
[2017.03.31-19.02.07:229][  0]LogMemory: Platform Memory Stats for Windows
[2017.03.31-19.02.07:229][  0]LogMemory: Process Physical Memory: 263.11 MB used, 263.11 MB peak
[2017.03.31-19.02.07:229][  0]LogMemory: Process Virtual Memory: 262.57 MB used, 262.57 MB peak
[2017.03.31-19.02.07:229][  0]LogMemory: Physical Memory: 3919.20 MB used,  4221.65 MB free, 8140.85 MB total
[2017.03.31-19.02.07:229][  0]LogMemory: Virtual Memory: 644.41 MB used,  4221.65 MB free, 134217728.00 MB total
[2017.03.31-19.02.07:668][  0]LogTextLocalizationManager: No translations for ('fr-FR') exist, falling back to 'en' for localization and internationalization data.
[2017.03.31-19.02.09:581][  0]LogD3D11RHI: D3D11 adapters:
[2017.03.31-19.02.10:064][  0]LogD3D11RHI:    0. 'NVIDIA GeForce GTX 1060 6GB' (Feature Level 11_0)
[2017.03.31-19.02.10:064][  0]LogD3D11RHI:       6084/0/4070 MB DedicatedVideo/DedicatedSystem/SharedSystem, Outputs:1, VendorId:0x10de
[2017.03.31-19.02.10:065][  0]LogD3D11RHI:    1. 'Microsoft Basic Render Driver' (Feature Level 11_0)
[2017.03.31-19.02.10:065][  0]LogD3D11RHI:       0/0/4070 MB DedicatedVideo/DedicatedSystem/SharedSystem, Outputs:0, VendorId:0x1414
[2017.03.31-19.02.10:065][  0]LogD3D11RHI: Chosen D3D11 Adapter: 0
[2017.03.31-19.02.10:075][  0]LogD3D11RHI: Creating new Direct3DDevice
[2017.03.31-19.02.10:075][  0]LogD3D11RHI:     GPU DeviceId: 0x1c03 (for the marketing name, search the web for "GPU Device Id")
[2017.03.31-19.02.10:075][  0]LogWindows: EnumDisplayDevices:
[2017.03.31-19.02.10:075][  0]LogWindows:    0. 'NVIDIA GeForce GTX 1060 6GB' (P:1 D:1)
[2017.03.31-19.02.10:075][  0]LogWindows:    1. 'NVIDIA GeForce GTX 1060 6GB' (P:0 D:0)
[2017.03.31-19.02.10:075][  0]LogWindows:    2. 'NVIDIA GeForce GTX 1060 6GB' (P:0 D:0)
[2017.03.31-19.02.10:076][  0]LogWindows:    3. 'NVIDIA GeForce GTX 1060 6GB' (P:0 D:0)
[2017.03.31-19.02.10:076][  0]LogWindows: DebugString: FoundDriverCount:4 
[2017.03.31-19.02.10:076][  0]LogD3D11RHI:     Adapter Name: NVIDIA GeForce GTX 1060 6GB
[2017.03.31-19.02.10:076][  0]LogD3D11RHI:   Driver Version: 378.92 (internal:21.21.13.7892, unified:378.92)
[2017.03.31-19.02.10:076][  0]LogD3D11RHI:      Driver Date: 3-16-2017
[2017.03.31-19.02.10:076][  0]LogRHI: Texture pool is 1361 MB (70% of 1945 MB)
[2017.03.31-19.02.10:543][  0]LogD3D11RHI: Async texture creation enabled
[2017.03.31-19.02.10:622][  0]LogD3D11RHI: GPU Timing Frequency: 1000.000000 (Debug: 2 1)
[2017.03.31-19.02.10:684][  0]LogShaderCompilers: Guid format shader working directory is -11 characters bigger than the processId version (X:/Aratim/Documents/GitHub/ProjetInfoSolo/IsekaiLife 4.15/Intermediate/Shaders/WorkingDirectory/10412/).
[2017.03.31-19.02.10:684][  0]LogShaderCompilers: Cleaned the shader compiler working directory 'C:/Users/Aratim/AppData/Local/Temp/UnrealShaderWorkingDir/10336A2B4DFBCA09D7A8BD943D32B27B/'.
[2017.03.31-19.02.10:685][  0]LogShaderCompilers:Display: Using Local Shader Compiler.
[2017.03.31-19.02.12:986][  0]LogTemp:Display: Loaded TP AllDesktopTargetPlatform
[2017.03.31-19.02.13:033][  0]LogTemp:Display: Loaded TP MacClientTargetPlatform
[2017.03.31-19.02.13:079][  0]LogTemp:Display: Loaded TP MacNoEditorTargetPlatform
[2017.03.31-19.02.13:127][  0]LogTemp:Display: Loaded TP MacServerTargetPlatform
[2017.03.31-19.02.13:177][  0]LogTemp:Display: Loaded TP MacTargetPlatform
[2017.03.31-19.02.13:225][  0]LogTemp:Display: Loaded TP WindowsClientTargetPlatform
[2017.03.31-19.02.13:271][  0]LogTemp:Display: Loaded TP WindowsNoEditorTargetPlatform
[2017.03.31-19.02.13:317][  0]LogTemp:Display: Loaded TP WindowsServerTargetPlatform
[2017.03.31-19.02.13:355][  0]LogTemp:Display: Loaded TP WindowsTargetPlatform
[2017.03.31-19.02.13:403][  0]LogTemp:Display: Loaded TP AndroidTargetPlatform
[2017.03.31-19.02.13:447][  0]LogTemp:Display: Loaded TP Android_ASTCTargetPlatform
[2017.03.31-19.02.13:493][  0]LogTemp:Display: Loaded TP Android_ATCTargetPlatform
[2017.03.31-19.02.13:537][  0]LogTemp:Display: Loaded TP Android_DXTTargetPlatform
[2017.03.31-19.02.13:583][  0]LogTemp:Display: Loaded TP Android_ETC1TargetPlatform
[2017.03.31-19.02.13:627][  0]LogTemp:Display: Loaded TP Android_ETC2TargetPlatform
[2017.03.31-19.02.13:723][  0]LogTemp:Display: Loaded TP Android_MultiTargetPlatform
[2017.03.31-19.02.13:723][  0]LogTemp:Display: Loaded TP Android_PVRTCTargetPlatform
[2017.03.31-19.02.13:754][  0]LogTemp:Display: Loaded TP HTML5TargetPlatform
[2017.03.31-19.02.13:860][  0]LogTemp:Display: Loaded TP IOSTargetPlatform
[2017.03.31-19.02.13:890][  0]LogTemp:Display: Loaded TP TVOSTargetPlatform
[2017.03.31-19.02.13:935][  0]LogTemp:Display: Loaded TP LinuxClientTargetPlatform
[2017.03.31-19.02.13:980][  0]LogTemp:Display: Loaded TP LinuxNoEditorTargetPlatform
[2017.03.31-19.02.14:025][  0]LogTemp:Display: Loaded TP LinuxServerTargetPlatform
[2017.03.31-19.02.14:079][  0]LogTemp:Display: Loaded TP LinuxTargetPlatform
[2017.03.31-19.02.14:079][  0]LogTargetPlatformManager:Display: Building Assets For Windows
[2017.03.31-19.02.14:719][  0]LogDerivedDataCache:Display: Max Cache Size: 512 MB
[2017.03.31-19.02.14:950][  0]LogDerivedDataCache: Loaded boot cache 0.23s 50MB C:/Users/Aratim/AppData/Local/UnrealEngine/4.15/DerivedDataCache/Boot.ddc.
[2017.03.31-19.02.14:950][  0]LogDerivedDataCache:Display: Loaded Boot cache: C:/Users/Aratim/AppData/Local/UnrealEngine/4.15/DerivedDataCache/Boot.ddc
[2017.03.31-19.02.14:951][  0]LogDerivedDataCache: FDerivedDataBackendGraph:  Pak pak cache file X:/Aratim/Documents/GitHub/ProjetInfoSolo/IsekaiLife 4.15/DerivedDataCache/DDC.ddp not found, will not use a pak cache.
[2017.03.31-19.02.14:951][  0]LogDerivedDataCache: Unable to find inner node Pak for hierarchical cache Hierarchy.
[2017.03.31-19.02.14:951][  0]LogDerivedDataCache: FDerivedDataBackendGraph:  CompressedPak pak cache file X:/Aratim/Documents/GitHub/ProjetInfoSolo/IsekaiLife 4.15/DerivedDataCache/Compressed.ddp not found, will not use a pak cache.
[2017.03.31-19.02.14:951][  0]LogDerivedDataCache: Unable to find inner node CompressedPak for hierarchical cache Hierarchy.
[2017.03.31-19.02.14:985][  0]LogDerivedDataCache:Display: Pak cache opened for reading ../../../Engine/DerivedDataCache/Compressed.ddp.
[2017.03.31-19.02.14:997][  0]LogDerivedDataCache: Using Local data cache path C:/Users/Aratim/AppData/Local/UnrealEngine/Common/DerivedDataCache: Writable
[2017.03.31-19.02.15:031][  0]LogSlate: Using Freetype 2.6.0
[2017.03.31-19.02.15:048][  0]LogSlate: SlateFontCache - WITH_FREETYPE: 1, WITH_HARFBUZZ: 1
[2017.03.31-19.02.15:048][  0]LogSlate: SlateFontCache - WITH_FREETYPE: 1, WITH_HARFBUZZ: 1
[2017.03.31-19.02.18:163][  0]LogInit: Selected Device Profile: [Windows]
[2017.03.31-19.02.18:180][  0]LogContentStreaming: Texture pool size is 0.00 MB
[2017.03.31-19.02.18:467][  0]LogMeshUtilities: Using QuadricMeshReduction for automatic static mesh reduction
[2017.03.31-19.02.18:503][  0]LogSimplygon: Simplygon DLL not present - disabling.
[2017.03.31-19.02.18:544][  0]LogMeshUtilities: Using SimplygonSwarm for distributed automatic mesh merging
[2017.03.31-19.02.18:544][  0]LogMeshUtilities: No automatic skeletal mesh reduction module available
[2017.03.31-19.02.18:544][  0]LogMeshUtilities: No automatic mesh merging module available
[2017.03.31-19.02.19:943][  0]LogNetVersion: GetLocalNetworkVersion: CL: 3299760, ProjectName: isekailife, ProjectVersion: , EngineNetworkVersion: 2, GameNetworkVersion: 0, NetworkChecksum: 721096836
[2017.03.31-19.02.20:004][  0]LogAssetRegistry: FAssetRegistry took 0.0245 seconds to start up
[2017.03.31-19.02.20:041][  0]LogPackageLocalizationCache: Processed 3 localized package path(s) for 1 prioritized culture(s) in 0.014346 seconds
[2017.03.31-19.02.20:049][  0]LogUObjectArray: 32493 objects as part of root set at end of initial load.
[2017.03.31-19.02.20:049][  0]LogUObjectAllocator: 7077032 out of 0 bytes used by permanent object pool.
[2017.03.31-19.02.20:049][  0]LogUObjectArray: CloseDisregardForGC: 0/0 objects in disregard for GC pool
[2017.03.31-19.02.20:109][  0]LogInit: WinSock: version 1.1 (2.2), MaxSocks=32767, MaxUdp=65467
[2017.03.31-19.02.23:002][  0]LogTcpMessaging: Initializing TcpMessaging bridge
[2017.03.31-19.02.23:040][  0]LogUdpMessaging: Initializing bridge on interface 0.0.0.0:0 to multicast group 230.0.0.1:6666.
[2017.03.31-19.02.23:733][  0]LogMaterial: Uniform references updated for custom material expression Custom.
[2017.03.31-19.02.24:181][  0]SourceControl: Info Source control is disabled
[2017.03.31-19.02.24:182][  0]SourceControl: Info Source control is disabled
[2017.03.31-19.02.24:233][  0]SourceControl: Info Source control is disabled
[2017.03.31-19.02.24:278][  0]SourceControl: Info Source control is disabled
[2017.03.31-19.02.25:534][  0]LogEngine: Initializing Engine...
[2017.03.31-19.02.25:537][  0]LogHMD: Failed to initialize OpenVR with code 110
[2017.03.31-19.02.25:954][  0]LogAIModule: Creating AISystem for world Untitled
[2017.03.31-19.02.26:005][  0]LogInit: XAudio2 using 'Haut-parleurs (2- USB Audio Device)' : 2 channels at 44.1 kHz using 16 bits per sample (channel mask 0x3)
[2017.03.31-19.02.26:030][  0]LogInit: FAudioDevice initialized.
[2017.03.31-19.02.26:061][  0]LogDerivedDataCache: Saved boot cache 0.03s 50MB C:/Users/Aratim/AppData/Local/UnrealEngine/4.15/DerivedDataCache/Boot.ddc.
[2017.03.31-19.02.26:069][  0]LogInit: Texture streaming: Enabled
[2017.03.31-19.02.26:159][  0]LogEngineSessionManager: EngineSessionManager initialized
[2017.03.31-19.02.26:255][  0]LogInit: Transaction tracking system initialized
[2017.03.31-19.02.26:584][  0]BlueprintLog: New page: Editor Load
[2017.03.31-19.02.27:472][  0]LocalizationService: Info Localization service is disabled
[2017.03.31-19.02.28:129][  0]LogConsoleResponse:Display: 
[2017.03.31-19.02.28:488][  0]LogCook:Display: Max memory allowance for cook 16384mb min free memory 0mb
[2017.03.31-19.02.28:489][  0]LogCook:Display: Mobile HDR setting 1
[2017.03.31-19.02.28:631][  0]LogFileCache: Scanning file cache for directory 'X:/Aratim/Documents/GitHub/ProjetInfoSolo/IsekaiLife 4.15/Content/' took 0.02s
[2017.03.31-19.02.29:521][  0]SourceControl: Info Source control is disabled
[2017.03.31-19.02.29:524][  0]Cmd: MAP LOAD FILE="X:/Aratim/Documents/GitHub/ProjetInfoSolo/IsekaiLife 4.15/Content/ThirdPersonBP/Maps/ThirdPersonExampleMap.umap" TEMPLATE=0 SHOWPROGRESS=1 FEATURELEVEL=3
[2017.03.31-19.02.29:526][  0]LightingResults: New page: Lighting Build
[2017.03.31-19.02.29:576][  0]MapCheck: New page: Map Check
[2017.03.31-19.02.29:576][  0]LightingResults: New page: Lighting Build
[2017.03.31-19.02.30:264][  0]LogProperty:Error: UStructProperty::Serialize Loading: Property 'StructProperty /Game/InventorySystem/Widgets/DetailWidget.DetailWidget_C:ItemInfo'. Unknown structure.
[2017.03.31-19.02.30:264][  0]LogClass:Warning: Property ItemInfo of ItemInfo has a struct type mismatch (tag STRUCT_REINST_S_ItemInfo_0 != prop FallbackStruct) in package:  X:/Aratim/Documents/GitHub/ProjetInfoSolo/IsekaiLife 4.15/Content/InventorySystem/Widgets/DetailWidget.uasset. If that struct got renamed, add an entry to ActiveStructRedirects.
[2017.03.31-19.02.30:285][  0]LogClass:Warning: Property ItemInfo of ItemInfo has a struct type mismatch (tag FallbackStruct != prop S_ItemInfo) in package:  FObjectReader. If that struct got renamed, add an entry to ActiveStructRedirects.
[2017.03.31-19.02.30:289][  0]LogProperty:Error: UStructProperty::Serialize Loading: Property 'StructProperty /Game/InventorySystem/Widgets/DraggedItem.DraggedItem_C:ItemInfo'. Unknown structure.
[2017.03.31-19.02.30:289][  0]LogClass:Warning: Property ItemInfo of ItemInfo has a struct type mismatch (tag STRUCT_REINST_S_ItemInfo_0 != prop FallbackStruct) in package:  X:/Aratim/Documents/GitHub/ProjetInfoSolo/IsekaiLife 4.15/Content/InventorySystem/Widgets/DraggedItem.uasset. If that struct got renamed, add an entry to ActiveStructRedirects.
[2017.03.31-19.02.30:295][  0]LogClass:Warning: Property ItemInfo of ItemInfo has a struct type mismatch (tag FallbackStruct != prop S_ItemInfo) in package:  FObjectReader. If that struct got renamed, add an entry to ActiveStructRedirects.
[2017.03.31-19.02.30:360][  0]LogProperty:Error: UStructProperty::Serialize Loading: Property 'StructProperty /Game/InventorySystem/Widgets/CraftingMenu.CraftingMenu_C:CurrentItemInfo'. Unknown structure.
[2017.03.31-19.02.30:379][  0]LogProperty:Error: UStructProperty::Serialize Loading: Property 'StructProperty /Game/InventorySystem/Widgets/ThrowWidget.ThrowWidget_C:ExecuteUbergraph_ThrowWidget.CallFunc_GetItemInfoAtIndex_ItemInfo'. Unknown structure.
[2017.03.31-19.02.30:422][  0]LogClass:Warning: Property CurrentItemInfo of CurrentItemInfo has a struct type mismatch (tag STRUCT_REINST_S_ItemInfo_0 != prop FallbackStruct) in package:  X:/Aratim/Documents/GitHub/ProjetInfoSolo/IsekaiLife 4.15/Content/InventorySystem/Widgets/CraftingMenu.uasset. If that struct got renamed, add an entry to ActiveStructRedirects.
[2017.03.31-19.02.30:455][  0]LogClass:Warning: Property CurrentItemInfo of CurrentItemInfo has a struct type mismatch (tag FallbackStruct != prop S_ItemInfo) in package:  FObjectReader. If that struct got renamed, add an entry to ActiveStructRedirects.
[2017.03.31-19.02.32:957][  0]LogAIModule: Creating AISystem for world ThirdPersonExampleMap
[2017.03.31-19.02.33:051][  0]LogEditorServer: Finished looking for orphan Actors (0.000 secs)
[2017.03.31-19.02.33:059][  0]Cmd: MAP CHECKDEP NOCLEARLOG
[2017.03.31-19.02.33:107][  0]MapCheck: Info Map check complete: 0 Error(s), 0 Warning(s), took 48.096ms to complete.
[2017.03.31-19.02.33:108][  0]LogFileHelpers: Loading map 'ThirdPersonExampleMap' took 3.585
[2017.03.31-19.02.33:228][  0]LogWindowsTextInputMethodSystem:Display: IME system now deactivated.
[2017.03.31-19.02.33:526][  0]LogCollectionManager: Loaded 0 collections in 0.001638 seconds
[2017.03.31-19.02.33:653][  0]LogFileCache: Scanning file cache for directory 'X:/Aratim/Documents/GitHub/ProjetInfoSolo/IsekaiLife 4.15/Saved/Collections/' took 0.01s
[2017.03.31-19.02.33:653][  0]LogFileCache: Scanning file cache for directory 'X:/Aratim/Documents/GitHub/ProjetInfoSolo/IsekaiLife 4.15/Content/Developers/Aratim/Collections/' took 0.01s
[2017.03.31-19.02.33:653][  0]LogFileCache: Scanning file cache for directory 'X:/Aratim/Documents/GitHub/ProjetInfoSolo/IsekaiLife 4.15/Content/Collections/' took 0.01s
[2017.03.31-19.02.33:653][  0]LogCollectionManager: Rebuilt the GUID cache for 0 collections in 0.000001 seconds
[2017.03.31-19.02.33:674][  0]LogContentBrowser: Native class hierarchy populated in 0.0169 seconds. Added 2245 classes and 453 folders.
[2017.03.31-19.02.33:688][  0]LogStats: UGameplayTagsManager::ConstructGameplayTagTree: Construct from data asset -  0.000 s
[2017.03.31-19.02.33:689][  0]LogStats: UGameplayTagsManager::ConstructGameplayTagTree: GameplayTagTreeChangedEvent.Broadcast -  0.000 s
[2017.03.31-19.02.33:749][  0]LogContentBrowser: Native class hierarchy updated for 'WidgetCarousel' in 0.0004 seconds. Added 0 classes and 0 folders.
[2017.03.31-19.02.34:050][  0]LogContentBrowser: Native class hierarchy updated for 'AddContentDialog' in 0.0005 seconds. Added 0 classes and 0 folders.
[2017.03.31-19.02.34:106][  0]LogContentBrowser: Native class hierarchy updated for 'SceneOutliner' in 0.0005 seconds. Added 1 classes and 2 folders.
[2017.03.31-19.02.34:257][  0]LogCrashTracker: Crashtracker disabled due to settings.
[2017.03.31-19.02.34:293][  0]LogUObjectGlobals:Warning: Failed to find object 'Class None.'
[2017.03.31-19.02.34:389][  0]LogContentBrowser: Native class hierarchy updated for 'HierarchicalLODOutliner' in 0.0007 seconds. Added 1 classes and 2 folders.
[2017.03.31-19.02.34:391][  0]LogLoad: (Engine Initialization) Total time: 30.42 seconds
[2017.03.31-19.02.34:391][  0]LogLoad: (Engine Initialization) Total Blueprint compile time: 1.26 seconds
[2017.03.31-19.02.34:391][  0]LogExternalProfiler: Found external profiler: VSPerf
[2017.03.31-19.02.34:391][  0]LogExternalProfiler: Using external profiler: VSPerf
[2017.03.31-19.02.34:403][  0]LogOcInput: OculusInput pre-init called
[2017.03.31-19.02.34:443][  0]LogContentStreaming: Texture pool size now 1000 MB
[2017.03.31-19.02.34:455][  0]LogSlate: Took 0.004849 seconds to synchronously load lazily loaded font '../../../Engine/Content/Slate/Fonts/Roboto-Regular.ttf' (155K)
[2017.03.31-19.02.34:464][  0]LogSlate: Took 0.004621 seconds to synchronously load lazily loaded font '../../../Engine/Content/Slate/Fonts/Roboto-Bold.ttf' (160K)
[2017.03.31-19.02.34:477][  0]LogSlate: Took 0.005024 seconds to synchronously load lazily loaded font '../../../Engine/Content/Editor/Slate/Fonts/FontAwesome.ttf' (139K)
[2017.03.31-19.02.34:741][  0]LogSlate: Took 0.004980 seconds to synchronously load lazily loaded font '../../../Engine/Content/Slate/Fonts/Roboto-Light.ttf' (159K)
[2017.03.31-19.02.34:770][  0]LogRenderer: Reallocating scene render targets to support 1208x576 NumSamples 1 (Frame:2).
[2017.03.31-19.02.34:935][  2]LogAssetRegistry: Asset discovery search completed in 14.9535 seconds
[2017.03.31-19.02.34:936][  2]LogCollectionManager: Rebuilt the object cache for 0 collections in 0.000017 seconds (found 0 objects)
[2017.03.31-19.02.34:936][  2]LogCollectionManager: Fixed up redirectors for 0 collections in 0.000047 seconds (updated 0 objects)
[2017.03.31-19.02.35:427][ 47]LogSlate: Took 0.000219 seconds to synchronously load lazily loaded font '../../../Engine/Content/Slate/Fonts/Roboto-Light.ttf' (159K)
[2017.03.31-19.02.38:478][409]LogSlate: Took 0.000123 seconds to synchronously load lazily loaded font '../../../Engine/Content/Slate/Fonts/Roboto-Light.ttf' (159K)
[2017.03.31-19.02.38:966][409]LogContentBrowser: Native class hierarchy updated for 'BlueprintGraph' in 0.0009 seconds. Added 112 classes and 0 folders.
[2017.03.31-19.02.40:280][409]LogSlate: Took 0.003407 seconds to synchronously load lazily loaded font '../../../Engine/Content/Editor/Slate/Fonts/Roboto-BoldCondensed.ttf' (158K)
[2017.03.31-19.02.40:629][410]LogSlate: Took 0.003731 seconds to synchronously load lazily loaded font '../../../Engine/Content/Editor/Slate/Fonts/Roboto-Italic.ttf' (157K)
[2017.03.31-19.02.45:231][766]LogActorComponent: UnregisterComponent: (/Engine/Transient.EditorFloorComp) Not registered. Aborting.
[2017.03.31-19.02.46:431][845]LogActorComponent: UnregisterComponent: (/Engine/Transient.EditorFloorComp) Not registered. Aborting.
[2017.03.31-20.00.38:808][566]LogTemp: Repeting last play command: Selected Viewport
[2017.03.31-20.00.38:838][566]LogBlueprintUserMessages: Early PlayInEditor Detection: Level '/Game/ThirdPersonBP/Maps/ThirdPersonExampleMap.ThirdPersonExampleMap:PersistentLevel' has LevelScriptBlueprint '/Game/ThirdPersonBP/Maps/ThirdPersonExampleMap.ThirdPersonExampleMap:PersistentLevel.ThirdPersonExampleMap' with GeneratedClass '/Game/ThirdPersonBP/Maps/ThirdPersonExampleMap.ThirdPersonExampleMap_C' with ClassGeneratedBy '/Game/ThirdPersonBP/Maps/ThirdPersonExampleMap.ThirdPersonExampleMap:PersistentLevel.ThirdPersonExampleMap'
[2017.03.31-20.00.38:838][566]LogPlayLevel: PlayLevel: No blueprints needed recompiling
[2017.03.31-20.00.38:839][566]PIE: New page: PIE session: ThirdPersonExampleMap (Apr 1, 2017, 12:00:38 AM)
[2017.03.31-20.00.38:840][566]LogPlayLevel: Creating play world package: /Game/ThirdPersonBP/Maps/UEDPIE_0_ThirdPersonExampleMap
[2017.03.31-20.00.38:868][566]LogPlayLevel: PIE: StaticDuplicateObject took: (0.028474s)
[2017.03.31-20.00.38:870][566]LogAIModule: Creating AISystem for world ThirdPersonExampleMap
[2017.03.31-20.00.38:871][566]LogPlayLevel: PIE: World Init took: (0.003059s)
[2017.03.31-20.00.38:872][566]LogPlayLevel: PIE: Created PIE world by copying editor world from /Game/ThirdPersonBP/Maps/ThirdPersonExampleMap.ThirdPersonExampleMap to /Game/ThirdPersonBP/Maps/UEDPIE_0_ThirdPersonExampleMap.ThirdPersonExampleMap (0.031818s)
[2017.03.31-20.00.39:001][566]LogInit: XAudio2 using 'Haut-parleurs (2- USB Audio Device)' : 2 channels at 44.1 kHz using 16 bits per sample (channel mask 0x3)
[2017.03.31-20.00.39:007][566]LogInit: FAudioDevice initialized.
[2017.03.31-20.00.39:154][566]LogBlueprint:Warning: [Compiler ThirdPersonCharacter] Warning InputAction Event references unknown Action 'ResetVR' for  InputAction ResetVR
[2017.03.31-20.00.39:166][566]LogBlueprint:Warning: [Compiler ThirdPersonCharacter] Warning [3515.20] Compile of ThirdPersonCharacter successful, but with 1 Warning(s) [in 28 ms] (/Game/ThirdPersonBP/Blueprints/ThirdPersonCharacter.ThirdPersonCharacter)
[2017.03.31-20.00.39:166][566]LogBlueprint:Warning: [Compiler ThirdPersonCharacter] Warning [3515.20] Compile of ThirdPersonCharacter successful, but with 2 Warning(s) [in 0 ms] (/Game/ThirdPersonBP/Blueprints/ThirdPersonCharacter.ThirdPersonCharacter)
[2017.03.31-20.00.39:166][566]LogBlueprint:Warning: [Compiler ThirdPersonCharacter] Warning [3515.20] Compile of ThirdPersonCharacter successful, but with 3 Warning(s) [in 0 ms] (/Game/ThirdPersonBP/Blueprints/ThirdPersonCharacter.ThirdPersonCharacter)
[2017.03.31-20.00.39:212][566]LogBlueprint:Warning: [Compiler ThirdPersonCharacter] Warning InputAction Event references unknown Action 'ResetVR' for  InputAction ResetVR
[2017.03.31-20.00.39:224][566]LogBlueprint:Warning: [Compiler ThirdPersonCharacter] Warning [3515.26] Compile of ThirdPersonCharacter successful, but with 1 Warning(s) [in 25 ms] (/Game/ThirdPersonBP/Blueprints/ThirdPersonCharacter.ThirdPersonCharacter)
[2017.03.31-20.00.39:224][566]LogBlueprint:Warning: [Compiler ThirdPersonCharacter] Warning [3515.26] Compile of ThirdPersonCharacter successful, but with 2 Warning(s) [in 0 ms] (/Game/ThirdPersonBP/Blueprints/ThirdPersonCharacter.ThirdPersonCharacter)
[2017.03.31-20.00.39:224][566]LogBlueprint:Warning: [Compiler ThirdPersonCharacter] Warning [3515.26] Compile of ThirdPersonCharacter successful, but with 3 Warning(s) [in 0 ms] (/Game/ThirdPersonBP/Blueprints/ThirdPersonCharacter.ThirdPersonCharacter)
[2017.03.31-20.00.39:270][566]LogLoad: Game class is 'ThirdPersonGameMode_C'
[2017.03.31-20.00.39:276][566]LogWorld: Bringing World /Game/ThirdPersonBP/Maps/UEDPIE_0_ThirdPersonExampleMap.ThirdPersonExampleMap up for play (max tick rate 0) at 2017.03.31-22.00.39
[2017.03.31-20.00.39:278][566]LogWorld: Bringing up level for play took: 0.006763
[2017.03.31-20.00.39:320][566]LogContentBrowser: Native class hierarchy updated for 'MovieSceneCapture' in 0.0012 seconds. Added 11 classes and 0 folders.
[2017.03.31-20.00.39:322][566]LogStreaming:Warning: Failed to read file 'X:/Aratim/Documents/GitHub/ProjetInfoSolo/IsekaiLife 4.15/Saved//SaveGames/MyCharSave.sav' error.
[2017.03.31-20.00.39:322][566]LogStreaming:Warning: Failed to read file 'X:/Aratim/Documents/GitHub/ProjetInfoSolo/IsekaiLife 4.15/Saved//SaveGames/InventorySave.sav' error.
[2017.03.31-20.00.39:336][566]PIE: Info Play in editor start time for /Game/ThirdPersonBP/Maps/UEDPIE_0_ThirdPersonExampleMap 0.776
[2017.03.31-20.00.39:336][566]LogBlueprintUserMessages: Late PlayInEditor Detection: Level '/Game/ThirdPersonBP/Maps/ThirdPersonExampleMap.ThirdPersonExampleMap:PersistentLevel' has LevelScriptBlueprint '/Game/ThirdPersonBP/Maps/ThirdPersonExampleMap.ThirdPersonExampleMap:PersistentLevel.ThirdPersonExampleMap' with GeneratedClass '/Game/ThirdPersonBP/Maps/ThirdPersonExampleMap.ThirdPersonExampleMap_C' with ClassGeneratedBy '/Game/ThirdPersonBP/Maps/ThirdPersonExampleMap.ThirdPersonExampleMap:PersistentLevel.ThirdPersonExampleMap'
[2017.03.31-20.00.46:661][424]LogBlueprintUserMessages: Early EndPlayMap Detection: Level '/Game/ThirdPersonBP/Maps/ThirdPersonExampleMap.ThirdPersonExampleMap:PersistentLevel' has LevelScriptBlueprint '/Game/ThirdPersonBP/Maps/ThirdPersonExampleMap.ThirdPersonExampleMap:PersistentLevel.ThirdPersonExampleMap' with GeneratedClass '/Game/ThirdPersonBP/Maps/ThirdPersonExampleMap.ThirdPersonExampleMap_C' with ClassGeneratedBy '/Game/ThirdPersonBP/Maps/ThirdPersonExampleMap.ThirdPersonExampleMap:PersistentLevel.ThirdPersonExampleMap'
[2017.03.31-20.00.46:716][424]LogBlueprintUserMessages: Late EndPlayMap Detection: Level '/Game/ThirdPersonBP/Maps/ThirdPersonExampleMap.ThirdPersonExampleMap:PersistentLevel' has LevelScriptBlueprint '/Game/ThirdPersonBP/Maps/ThirdPersonExampleMap.ThirdPersonExampleMap:PersistentLevel.ThirdPersonExampleMap' with GeneratedClass '/Game/ThirdPersonBP/Maps/ThirdPersonExampleMap.ThirdPersonExampleMap_C' with ClassGeneratedBy '/Game/ThirdPersonBP/Maps/ThirdPersonExampleMap.ThirdPersonExampleMap:PersistentLevel.ThirdPersonExampleMap'
[2017.03.31-20.00.52:429][ 35]LogEditorViewport: Clicking on Actor (LMB): AmbientSound (Steam01_Cue)
[2017.03.31-20.00.53:541][159]Cmd: DELETE
[2017.03.31-20.00.53:541][159]Cmd: ACTOR DELETE
[2017.03.31-20.00.53:546][159]LogEditorActor: Deleted Actor: AmbientSound
[2017.03.31-20.00.53:561][159]LogEditorActor: Deleted 1 Actors (0.015 secs)
[2017.03.31-20.01.13:134][241]LogTemp: Repeting last play command: Selected Viewport
[2017.03.31-20.01.13:149][241]LogBlueprintUserMessages: Early PlayInEditor Detection: Level '/Game/ThirdPersonBP/Maps/ThirdPersonExampleMap.ThirdPersonExampleMap:PersistentLevel' has LevelScriptBlueprint '/Game/ThirdPersonBP/Maps/ThirdPersonExampleMap.ThirdPersonExampleMap:PersistentLevel.ThirdPersonExampleMap' with GeneratedClass '/Game/ThirdPersonBP/Maps/ThirdPersonExampleMap.ThirdPersonExampleMap_C' with ClassGeneratedBy '/Game/ThirdPersonBP/Maps/ThirdPersonExampleMap.ThirdPersonExampleMap:PersistentLevel.ThirdPersonExampleMap'
[2017.03.31-20.01.13:149][241]LogPlayLevel: PlayLevel: No blueprints needed recompiling
[2017.03.31-20.01.13:149][241]PIE: New page: PIE session: ThirdPersonExampleMap (Apr 1, 2017, 12:01:13 AM)
[2017.03.31-20.01.13:149][241]LogPlayLevel: Creating play world package: /Game/ThirdPersonBP/Maps/UEDPIE_0_ThirdPersonExampleMap
[2017.03.31-20.01.13:175][241]LogPlayLevel: PIE: StaticDuplicateObject took: (0.025493s)
[2017.03.31-20.01.13:176][241]LogAIModule: Creating AISystem for world ThirdPersonExampleMap
[2017.03.31-20.01.13:176][241]LogPlayLevel: PIE: World Init took: (0.001197s)
[2017.03.31-20.01.13:176][241]LogPlayLevel: PIE: Created PIE world by copying editor world from /Game/ThirdPersonBP/Maps/ThirdPersonExampleMap.ThirdPersonExampleMap to /Game/ThirdPersonBP/Maps/UEDPIE_0_ThirdPersonExampleMap.ThirdPersonExampleMap (0.026950s)
[2017.03.31-20.01.13:198][241]LogInit: XAudio2 using 'Haut-parleurs (2- USB Audio Device)' : 2 channels at 44.1 kHz using 16 bits per sample (channel mask 0x3)
[2017.03.31-20.01.13:204][241]LogInit: FAudioDevice initialized.
[2017.03.31-20.01.13:233][241]LogLoad: Game class is 'ThirdPersonGameMode_C'
[2017.03.31-20.01.13:238][241]LogWorld: Bringing World /Game/ThirdPersonBP/Maps/UEDPIE_0_ThirdPersonExampleMap.ThirdPersonExampleMap up for play (max tick rate 0) at 2017.03.31-22.01.13
[2017.03.31-20.01.13:238][241]LogWorld: Bringing up level for play took: 0.003951
[2017.03.31-20.01.13:239][241]LogStreaming:Warning: Failed to read file 'X:/Aratim/Documents/GitHub/ProjetInfoSolo/IsekaiLife 4.15/Saved//SaveGames/MyCharSave.sav' error.
[2017.03.31-20.01.13:239][241]LogStreaming:Warning: Failed to read file 'X:/Aratim/Documents/GitHub/ProjetInfoSolo/IsekaiLife 4.15/Saved//SaveGames/InventorySave.sav' error.
[2017.03.31-20.01.13:252][241]PIE: Info Play in editor start time for /Game/ThirdPersonBP/Maps/UEDPIE_0_ThirdPersonExampleMap 0.693
[2017.03.31-20.01.13:252][241]LogBlueprintUserMessages: Late PlayInEditor Detection: Level '/Game/ThirdPersonBP/Maps/ThirdPersonExampleMap.ThirdPersonExampleMap:PersistentLevel' has LevelScriptBlueprint '/Game/ThirdPersonBP/Maps/ThirdPersonExampleMap.ThirdPersonExampleMap:PersistentLevel.ThirdPersonExampleMap' with GeneratedClass '/Game/ThirdPersonBP/Maps/ThirdPersonExampleMap.ThirdPersonExampleMap_C' with ClassGeneratedBy '/Game/ThirdPersonBP/Maps/ThirdPersonExampleMap.ThirdPersonExampleMap:PersistentLevel.ThirdPersonExampleMap'
[2017.03.31-20.01.21:834][260]LogScriptCore:Warning: Script Msg: Attempted to access index 0 from array NearbyPickupActor of length 0!
[2017.03.31-20.01.33:900][695]LogBlueprintUserMessages: Early EndPlayMap Detection: Level '/Game/ThirdPersonBP/Maps/ThirdPersonExampleMap.ThirdPersonExampleMap:PersistentLevel' has LevelScriptBlueprint '/Game/ThirdPersonBP/Maps/ThirdPersonExampleMap.ThirdPersonExampleMap:PersistentLevel.ThirdPersonExampleMap' with GeneratedClass '/Game/ThirdPersonBP/Maps/ThirdPersonExampleMap.ThirdPersonExampleMap_C' with ClassGeneratedBy '/Game/ThirdPersonBP/Maps/ThirdPersonExampleMap.ThirdPersonExampleMap:PersistentLevel.ThirdPersonExampleMap'
[2017.03.31-20.01.33:950][695]LogBlueprintUserMessages: Late EndPlayMap Detection: Level '/Game/ThirdPersonBP/Maps/ThirdPersonExampleMap.ThirdPersonExampleMap:PersistentLevel' has LevelScriptBlueprint '/Game/ThirdPersonBP/Maps/ThirdPersonExampleMap.ThirdPersonExampleMap:PersistentLevel.ThirdPersonExampleMap' with GeneratedClass '/Game/ThirdPersonBP/Maps/ThirdPersonExampleMap.ThirdPersonExampleMap_C' with ClassGeneratedBy '/Game/ThirdPersonBP/Maps/ThirdPersonExampleMap.ThirdPersonExampleMap:PersistentLevel.ThirdPersonExampleMap'
[2017.03.31-20.01.33:971][695]LogActorComponent: ReregisterComponent: (/Game/ThirdPersonBP/Maps/ThirdPersonExampleMap.ThirdPersonExampleMap:PersistentLevel.Steam01_Cue_2.AudioComponent0) Not currently registered. Aborting.
[2017.03.31-20.01.40:302][384]LogEditorViewport: Clicking on Actor (LMB): AmbientSound (Starter_Birds01)
[2017.03.31-20.01.41:502][517]Cmd: DELETE
[2017.03.31-20.01.41:502][517]Cmd: ACTOR DELETE
[2017.03.31-20.01.41:502][517]LogEditorActor: Deleted Actor: AmbientSound
[2017.03.31-20.01.41:518][517]LogEditorActor: Deleted 1 Actors (0.015 secs)
[2017.03.31-20.01.48:224][211]LogTemp: Repeting last play command: Selected Viewport
[2017.03.31-20.01.48:238][211]LogBlueprintUserMessages: Early PlayInEditor Detection: Level '/Game/ThirdPersonBP/Maps/ThirdPersonExampleMap.ThirdPersonExampleMap:PersistentLevel' has LevelScriptBlueprint '/Game/ThirdPersonBP/Maps/ThirdPersonExampleMap.ThirdPersonExampleMap:PersistentLevel.ThirdPersonExampleMap' with GeneratedClass '/Game/ThirdPersonBP/Maps/ThirdPersonExampleMap.ThirdPersonExampleMap_C' with ClassGeneratedBy '/Game/ThirdPersonBP/Maps/ThirdPersonExampleMap.ThirdPersonExampleMap:PersistentLevel.ThirdPersonExampleMap'
[2017.03.31-20.01.48:238][211]LogPlayLevel: PlayLevel: No blueprints needed recompiling
[2017.03.31-20.01.48:238][211]PIE: New page: PIE session: ThirdPersonExampleMap (Apr 1, 2017, 12:01:48 AM)
[2017.03.31-20.01.48:239][211]LogPlayLevel: Creating play world package: /Game/ThirdPersonBP/Maps/UEDPIE_0_ThirdPersonExampleMap
[2017.03.31-20.01.48:262][211]LogPlayLevel: PIE: StaticDuplicateObject took: (0.023240s)
[2017.03.31-20.01.48:263][211]LogAIModule: Creating AISystem for world ThirdPersonExampleMap
[2017.03.31-20.01.48:263][211]LogPlayLevel: PIE: World Init took: (0.001037s)
[2017.03.31-20.01.48:263][211]LogPlayLevel: PIE: Created PIE world by copying editor world from /Game/ThirdPersonBP/Maps/ThirdPersonExampleMap.ThirdPersonExampleMap to /Game/ThirdPersonBP/Maps/UEDPIE_0_ThirdPersonExampleMap.ThirdPersonExampleMap (0.024579s)
[2017.03.31-20.01.48:284][211]LogInit: XAudio2 using 'Haut-parleurs (2- USB Audio Device)' : 2 channels at 44.1 kHz using 16 bits per sample (channel mask 0x3)
[2017.03.31-20.01.48:290][211]LogInit: FAudioDevice initialized.
[2017.03.31-20.01.48:322][211]LogLoad: Game class is 'ThirdPersonGameMode_C'
[2017.03.31-20.01.48:329][211]LogWorld: Bringing World /Game/ThirdPersonBP/Maps/UEDPIE_0_ThirdPersonExampleMap.ThirdPersonExampleMap up for play (max tick rate 0) at 2017.03.31-22.01.48
[2017.03.31-20.01.48:331][211]LogWorld: Bringing up level for play took: 0.007690
[2017.03.31-20.01.48:333][211]LogStreaming:Warning: Failed to read file 'X:/Aratim/Documents/GitHub/ProjetInfoSolo/IsekaiLife 4.15/Saved//SaveGames/MyCharSave.sav' error.
[2017.03.31-20.01.48:333][211]LogStreaming:Warning: Failed to read file 'X:/Aratim/Documents/GitHub/ProjetInfoSolo/IsekaiLife 4.15/Saved//SaveGames/InventorySave.sav' error.
[2017.03.31-20.01.48:366][211]PIE: Info Play in editor start time for /Game/ThirdPersonBP/Maps/UEDPIE_0_ThirdPersonExampleMap -0.194
[2017.03.31-20.01.48:366][211]LogBlueprintUserMessages: Late PlayInEditor Detection: Level '/Game/ThirdPersonBP/Maps/ThirdPersonExampleMap.ThirdPersonExampleMap:PersistentLevel' has LevelScriptBlueprint '/Game/ThirdPersonBP/Maps/ThirdPersonExampleMap.ThirdPersonExampleMap:PersistentLevel.ThirdPersonExampleMap' with GeneratedClass '/Game/ThirdPersonBP/Maps/ThirdPersonExampleMap.ThirdPersonExampleMap_C' with ClassGeneratedBy '/Game/ThirdPersonBP/Maps/ThirdPersonExampleMap.ThirdPersonExampleMap:PersistentLevel.ThirdPersonExampleMap'
[2017.03.31-20.01.57:230][260]LogBlueprintUserMessages: Early EndPlayMap Detection: Level '/Game/ThirdPersonBP/Maps/ThirdPersonExampleMap.ThirdPersonExampleMap:PersistentLevel' has LevelScriptBlueprint '/Game/ThirdPersonBP/Maps/ThirdPersonExampleMap.ThirdPersonExampleMap:PersistentLevel.ThirdPersonExampleMap' with GeneratedClass '/Game/ThirdPersonBP/Maps/ThirdPersonExampleMap.ThirdPersonExampleMap_C' with ClassGeneratedBy '/Game/ThirdPersonBP/Maps/ThirdPersonExampleMap.ThirdPersonExampleMap:PersistentLevel.ThirdPersonExampleMap'
[2017.03.31-20.01.57:315][260]LogBlueprintUserMessages: Late EndPlayMap Detection: Level '/Game/ThirdPersonBP/Maps/ThirdPersonExampleMap.ThirdPersonExampleMap:PersistentLevel' has LevelScriptBlueprint '/Game/ThirdPersonBP/Maps/ThirdPersonExampleMap.ThirdPersonExampleMap:PersistentLevel.ThirdPersonExampleMap' with GeneratedClass '/Game/ThirdPersonBP/Maps/ThirdPersonExampleMap.ThirdPersonExampleMap_C' with ClassGeneratedBy '/Game/ThirdPersonBP/Maps/ThirdPersonExampleMap.ThirdPersonExampleMap:PersistentLevel.ThirdPersonExampleMap'
[2017.03.31-20.01.57:345][260]LogActorComponent: ReregisterComponent: (/Game/ThirdPersonBP/Maps/ThirdPersonExampleMap.ThirdPersonExampleMap:PersistentLevel.Steam01_Cue_2.AudioComponent0) Not currently registered. Aborting.
[2017.03.31-20.01.57:345][260]LogActorComponent: ReregisterComponent: (/Game/ThirdPersonBP/Maps/ThirdPersonExampleMap.ThirdPersonExampleMap:PersistentLevel.Starter_Birds01_5.AudioComponent0) Not currently registered. Aborting.
[2017.03.31-20.02.00:635][581]LogTemp: Repeting last play command: Selected Viewport
[2017.03.31-20.02.00:649][581]LogBlueprintUserMessages: Early PlayInEditor Detection: Level '/Game/ThirdPersonBP/Maps/ThirdPersonExampleMap.ThirdPersonExampleMap:PersistentLevel' has LevelScriptBlueprint '/Game/ThirdPersonBP/Maps/ThirdPersonExampleMap.ThirdPersonExampleMap:PersistentLevel.ThirdPersonExampleMap' with GeneratedClass '/Game/ThirdPersonBP/Maps/ThirdPersonExampleMap.ThirdPersonExampleMap_C' with ClassGeneratedBy '/Game/ThirdPersonBP/Maps/ThirdPersonExampleMap.ThirdPersonExampleMap:PersistentLevel.ThirdPersonExampleMap'
[2017.03.31-20.02.00:649][581]LogPlayLevel: PlayLevel: No blueprints needed recompiling
[2017.03.31-20.02.00:649][581]PIE: New page: PIE session: ThirdPersonExampleMap (Apr 1, 2017, 12:02:00 AM)
[2017.03.31-20.02.00:649][581]LogPlayLevel: Creating play world package: /Game/ThirdPersonBP/Maps/UEDPIE_0_ThirdPersonExampleMap
[2017.03.31-20.02.00:670][581]LogPlayLevel: PIE: StaticDuplicateObject took: (0.020345s)
[2017.03.31-20.02.00:671][581]LogAIModule: Creating AISystem for world ThirdPersonExampleMap
[2017.03.31-20.02.00:671][581]LogPlayLevel: PIE: World Init took: (0.001296s)
[2017.03.31-20.02.00:671][581]LogPlayLevel: PIE: Created PIE world by copying editor world from /Game/ThirdPersonBP/Maps/ThirdPersonExampleMap.ThirdPersonExampleMap to /Game/ThirdPersonBP/Maps/UEDPIE_0_ThirdPersonExampleMap.ThirdPersonExampleMap (0.021928s)
[2017.03.31-20.02.00:692][581]LogInit: XAudio2 using 'Haut-parleurs (2- USB Audio Device)' : 2 channels at 44.1 kHz using 16 bits per sample (channel mask 0x3)
[2017.03.31-20.02.00:698][581]LogInit: FAudioDevice initialized.
[2017.03.31-20.02.00:725][581]LogLoad: Game class is 'ThirdPersonGameMode_C'
[2017.03.31-20.02.00:729][581]LogWorld: Bringing World /Game/ThirdPersonBP/Maps/UEDPIE_0_ThirdPersonExampleMap.ThirdPersonExampleMap up for play (max tick rate 0) at 2017.03.31-22.02.00
[2017.03.31-20.02.00:729][581]LogWorld: Bringing up level for play took: 0.003802
[2017.03.31-20.02.00:730][581]LogStreaming:Warning: Failed to read file 'X:/Aratim/Documents/GitHub/ProjetInfoSolo/IsekaiLife 4.15/Saved//SaveGames/MyCharSave.sav' error.
[2017.03.31-20.02.00:730][581]LogStreaming:Warning: Failed to read file 'X:/Aratim/Documents/GitHub/ProjetInfoSolo/IsekaiLife 4.15/Saved//SaveGames/InventorySave.sav' error.
[2017.03.31-20.02.00:743][581]PIE: Info Play in editor start time for /Game/ThirdPersonBP/Maps/UEDPIE_0_ThirdPersonExampleMap 0.184
[2017.03.31-20.02.00:743][581]LogBlueprintUserMessages: Late PlayInEditor Detection: Level '/Game/ThirdPersonBP/Maps/ThirdPersonExampleMap.ThirdPersonExampleMap:PersistentLevel' has LevelScriptBlueprint '/Game/ThirdPersonBP/Maps/ThirdPersonExampleMap.ThirdPersonExampleMap:PersistentLevel.ThirdPersonExampleMap' with GeneratedClass '/Game/ThirdPersonBP/Maps/ThirdPersonExampleMap.ThirdPersonExampleMap_C' with ClassGeneratedBy '/Game/ThirdPersonBP/Maps/ThirdPersonExampleMap.ThirdPersonExampleMap:PersistentLevel.ThirdPersonExampleMap'
[2017.03.31-20.02.08:417][491]LogBlueprintUserMessages: Early EndPlayMap Detection: Level '/Game/ThirdPersonBP/Maps/ThirdPersonExampleMap.ThirdPersonExampleMap:PersistentLevel' has LevelScriptBlueprint '/Game/ThirdPersonBP/Maps/ThirdPersonExampleMap.ThirdPersonExampleMap:PersistentLevel.ThirdPersonExampleMap' with GeneratedClass '/Game/ThirdPersonBP/Maps/ThirdPersonExampleMap.ThirdPersonExampleMap_C' with ClassGeneratedBy '/Game/ThirdPersonBP/Maps/ThirdPersonExampleMap.ThirdPersonExampleMap:PersistentLevel.ThirdPersonExampleMap'
[2017.03.31-20.02.08:468][491]LogBlueprintUserMessages: Late EndPlayMap Detection: Level '/Game/ThirdPersonBP/Maps/ThirdPersonExampleMap.ThirdPersonExampleMap:PersistentLevel' has LevelScriptBlueprint '/Game/ThirdPersonBP/Maps/ThirdPersonExampleMap.ThirdPersonExampleMap:PersistentLevel.ThirdPersonExampleMap' with GeneratedClass '/Game/ThirdPersonBP/Maps/ThirdPersonExampleMap.ThirdPersonExampleMap_C' with ClassGeneratedBy '/Game/ThirdPersonBP/Maps/ThirdPersonExampleMap.ThirdPersonExampleMap:PersistentLevel.ThirdPersonExampleMap'
[2017.03.31-20.02.08:489][491]LogActorComponent: ReregisterComponent: (/Game/ThirdPersonBP/Maps/ThirdPersonExampleMap.ThirdPersonExampleMap:PersistentLevel.Steam01_Cue_2.AudioComponent0) Not currently registered. Aborting.
[2017.03.31-20.02.08:489][491]LogActorComponent: ReregisterComponent: (/Game/ThirdPersonBP/Maps/ThirdPersonExampleMap.ThirdPersonExampleMap:PersistentLevel.Starter_Birds01_5.AudioComponent0) Not currently registered. Aborting.
[2017.03.31-20.02.26:847][529]LogEditorViewport: Clicking on Actor (LMB): StaticMeshActor (Floor)
[2017.03.31-20.02.37:435][709]Cmd: TRANSACTION UNDO
[2017.03.31-20.02.37:435][709]LogEditorTransaction: Undo Create Actors
[2017.03.31-20.02.38:836][859]LogEditorViewport: Clicking on Actor (LMB): Blueprint_Effect_Sparks_C (Blueprint_Effect_Sparks)
[2017.03.31-20.02.40:379][ 39]Cmd: DELETE
[2017.03.31-20.02.40:379][ 39]Cmd: ACTOR DELETE
[2017.03.31-20.02.40:379][ 39]LogEditorActor: Deleted Actor: Blueprint_Effect_Sparks_C
[2017.03.31-20.02.40:395][ 39]LogEditorActor: Deleted 1 Actors (0.017 secs)
[2017.03.31-20.03.15:894][156]LogEditorViewport: Clicking on Actor (LMB): StaticMeshActor (Wall10)
[2017.03.31-20.03.17:340][321]LogEditorViewport: Clicking on Actor (LMB): Emitter (P_Sparks)
[2017.03.31-20.03.19:773][606]Cmd: DELETE
[2017.03.31-20.03.19:773][606]Cmd: ACTOR DELETE
[2017.03.31-20.03.19:773][606]LogEditorActor: Deleted Actor: Emitter
[2017.03.31-20.03.19:789][606]LogEditorActor: Deleted 1 Actors (0.016 secs)
[2017.03.31-20.03.20:607][704]LogEditorViewport: Clicking on Actor (LMB): Emitter (P_Explosion)
[2017.03.31-20.03.20:925][737]Cmd: DELETE
[2017.03.31-20.03.20:925][737]Cmd: ACTOR DELETE
[2017.03.31-20.03.20:925][737]LogEditorActor: Deleted Actor: Emitter
[2017.03.31-20.03.20:941][737]LogEditorActor: Deleted 1 Actors (0.016 secs)
[2017.03.31-20.03.29:682][764]LogTemp: Repeting last play command: Selected Viewport
[2017.03.31-20.03.29:696][764]LogBlueprintUserMessages: Early PlayInEditor Detection: Level '/Game/ThirdPersonBP/Maps/ThirdPersonExampleMap.ThirdPersonExampleMap:PersistentLevel' has LevelScriptBlueprint '/Game/ThirdPersonBP/Maps/ThirdPersonExampleMap.ThirdPersonExampleMap:PersistentLevel.ThirdPersonExampleMap' with GeneratedClass '/Game/ThirdPersonBP/Maps/ThirdPersonExampleMap.ThirdPersonExampleMap_C' with ClassGeneratedBy '/Game/ThirdPersonBP/Maps/ThirdPersonExampleMap.ThirdPersonExampleMap:PersistentLevel.ThirdPersonExampleMap'
[2017.03.31-20.03.29:696][764]LogPlayLevel: PlayLevel: No blueprints needed recompiling
[2017.03.31-20.03.29:696][764]PIE: New page: PIE session: ThirdPersonExampleMap (Apr 1, 2017, 12:03:29 AM)
[2017.03.31-20.03.29:696][764]LogPlayLevel: Creating play world package: /Game/ThirdPersonBP/Maps/UEDPIE_0_ThirdPersonExampleMap
[2017.03.31-20.03.29:720][764]LogPlayLevel: PIE: StaticDuplicateObject took: (0.024335s)
[2017.03.31-20.03.29:722][764]LogAIModule: Creating AISystem for world ThirdPersonExampleMap
[2017.03.31-20.03.29:722][764]LogPlayLevel: PIE: World Init took: (0.001328s)
[2017.03.31-20.03.29:722][764]LogPlayLevel: PIE: Created PIE world by copying editor world from /Game/ThirdPersonBP/Maps/ThirdPersonExampleMap.ThirdPersonExampleMap to /Game/ThirdPersonBP/Maps/UEDPIE_0_ThirdPersonExampleMap.ThirdPersonExampleMap (0.026042s)
[2017.03.31-20.03.29:745][764]LogInit: XAudio2 using 'Haut-parleurs (2- USB Audio Device)' : 2 channels at 44.1 kHz using 16 bits per sample (channel mask 0x3)
[2017.03.31-20.03.29:752][764]LogInit: FAudioDevice initialized.
[2017.03.31-20.03.29:784][764]LogLoad: Game class is 'ThirdPersonGameMode_C'
[2017.03.31-20.03.29:789][764]LogWorld: Bringing World /Game/ThirdPersonBP/Maps/UEDPIE_0_ThirdPersonExampleMap.ThirdPersonExampleMap up for play (max tick rate 0) at 2017.03.31-22.03.29
[2017.03.31-20.03.29:790][764]LogWorld: Bringing up level for play took: 0.004652
[2017.03.31-20.03.29:791][764]LogStreaming:Warning: Failed to read file 'X:/Aratim/Documents/GitHub/ProjetInfoSolo/IsekaiLife 4.15/Saved//SaveGames/MyCharSave.sav' error.
[2017.03.31-20.03.29:791][764]LogStreaming:Warning: Failed to read file 'X:/Aratim/Documents/GitHub/ProjetInfoSolo/IsekaiLife 4.15/Saved//SaveGames/InventorySave.sav' error.
[2017.03.31-20.03.29:805][764]PIE: Info Play in editor start time for /Game/ThirdPersonBP/Maps/UEDPIE_0_ThirdPersonExampleMap -0.755
[2017.03.31-20.03.29:805][764]LogBlueprintUserMessages: Late PlayInEditor Detection: Level '/Game/ThirdPersonBP/Maps/ThirdPersonExampleMap.ThirdPersonExampleMap:PersistentLevel' has LevelScriptBlueprint '/Game/ThirdPersonBP/Maps/ThirdPersonExampleMap.ThirdPersonExampleMap:PersistentLevel.ThirdPersonExampleMap' with GeneratedClass '/Game/ThirdPersonBP/Maps/ThirdPersonExampleMap.ThirdPersonExampleMap_C' with ClassGeneratedBy '/Game/ThirdPersonBP/Maps/ThirdPersonExampleMap.ThirdPersonExampleMap:PersistentLevel.ThirdPersonExampleMap'
[2017.03.31-20.03.48:696][ 27]LogBlueprintUserMessages: Early EndPlayMap Detection: Level '/Game/ThirdPersonBP/Maps/ThirdPersonExampleMap.ThirdPersonExampleMap:PersistentLevel' has LevelScriptBlueprint '/Game/ThirdPersonBP/Maps/ThirdPersonExampleMap.ThirdPersonExampleMap:PersistentLevel.ThirdPersonExampleMap' with GeneratedClass '/Game/ThirdPersonBP/Maps/ThirdPersonExampleMap.ThirdPersonExampleMap_C' with ClassGeneratedBy '/Game/ThirdPersonBP/Maps/ThirdPersonExampleMap.ThirdPersonExampleMap:PersistentLevel.ThirdPersonExampleMap'
[2017.03.31-20.03.48:741][ 27]LogBlueprintUserMessages: Late EndPlayMap Detection: Level '/Game/ThirdPersonBP/Maps/ThirdPersonExampleMap.ThirdPersonExampleMap:PersistentLevel' has LevelScriptBlueprint '/Game/ThirdPersonBP/Maps/ThirdPersonExampleMap.ThirdPersonExampleMap:PersistentLevel.ThirdPersonExampleMap' with GeneratedClass '/Game/ThirdPersonBP/Maps/ThirdPersonExampleMap.ThirdPersonExampleMap_C' with ClassGeneratedBy '/Game/ThirdPersonBP/Maps/ThirdPersonExampleMap.ThirdPersonExampleMap:PersistentLevel.ThirdPersonExampleMap'
[2017.03.31-20.03.48:764][ 27]LogActorComponent: ReregisterComponent: (/Game/ThirdPersonBP/Maps/ThirdPersonExampleMap.ThirdPersonExampleMap:PersistentLevel.Steam01_Cue_2.AudioComponent0) Not currently registered. Aborting.
[2017.03.31-20.03.48:764][ 27]LogActorComponent: ReregisterComponent: (/Game/ThirdPersonBP/Maps/ThirdPersonExampleMap.ThirdPersonExampleMap:PersistentLevel.Starter_Birds01_5.AudioComponent0) Not currently registered. Aborting.
[2017.03.31-20.03.54:470][702]Cmd: DELETE
[2017.03.31-20.03.54:470][702]Cmd: ACTOR DELETE
[2017.03.31-20.03.54:470][702]LogEditorActor: Deleted Actor: Emitter
[2017.03.31-20.03.54:485][702]LogEditorActor: Deleted 1 Actors (0.015 secs)
[2017.03.31-20.04.06:960][158]LogActorFactory: Actor Factory created SM_Bush
[2017.03.31-20.04.08:058][287]LogActorFactory: Actor Factory created SM_Bush
[2017.03.31-20.04.12:232][774]LogEditorViewport: Clicking on Actor (LMB): StaticMeshActor (Floor)
[2017.03.31-20.04.15:605][138]LogActorFactory: Actor Factory created SM_CornerFrame
[2017.03.31-20.04.16:376][209]LogActorFactory: Actor Factory created SM_CornerFrame
[2017.03.31-20.04.19:339][554]Cmd: DELETE
[2017.03.31-20.04.19:339][554]Cmd: ACTOR DELETE
[2017.03.31-20.04.19:340][554]LogEditorActor: Deleted Actor: StaticMeshActor
[2017.03.31-20.04.19:354][554]LogEditorActor: Deleted 1 Actors (0.015 secs)
[2017.03.31-20.04.39:975][671]Cmd: QUIT_EDITOR
[2017.03.31-20.04.40:227][671]LogWindowsTextInputMethodSystem:Display: IME system now deactivated.
[2017.03.31-20.04.40:249][671]LogExit: Preparing to exit.
[2017.03.31-20.04.41:525][671]LogExit: Editor shut down
[2017.03.31-20.04.41:526][671]LogExit: Transaction tracking system shut down
[2017.03.31-20.04.41:688][671]LogObj: Freed 0b from 0 cluster array pools.
[2017.03.31-20.04.41:688][671]LogExit: Object subsystem successfully closed.
[2017.03.31-20.04.41:706][671]LogD3D11RHI: Shutdown
[2017.03.31-20.04.41:706][671]LogD3D11RHI: CleanupD3DDevice
[2017.03.31-20.04.41:813][671]LogD3D11RHI: ~FD3D11DynamicRHI
[2017.03.31-20.04.41:827][671]LogModuleManager: Shutting down and abandoning module MovieSceneCapture (504)
[2017.03.31-20.04.41:827][671]LogModuleManager: Shutting down and abandoning module BlueprintGraph (502)
[2017.03.31-20.04.41:827][671]LogModuleManager: Shutting down and abandoning module BlueprintProfiler (500)
[2017.03.31-20.04.41:829][671]LogModuleManager: Shutting down and abandoning module HierarchicalLODOutliner (498)
[2017.03.31-20.04.41:829][671]LogModuleManager: Shutting down and abandoning module CrashTracker (496)
[2017.03.31-20.04.41:829][671]LogModuleManager: Shutting down and abandoning module SceneOutliner (494)
[2017.03.31-20.04.41:829][671]LogModuleManager: Shutting down and abandoning module AddContentDialog (492)
[2017.03.31-20.04.41:830][671]LogDirectoryWatcher: A directory notification for 'C:/Program Files/Epic Games/UE_4.15/FeaturePacks/' was aborted.
[2017.03.31-20.04.41:838][671]LogModuleManager: Shutting down and abandoning module WidgetCarousel (491)
[2017.03.31-20.04.41:838][671]LogModuleManager: Shutting down and abandoning module EditorWidgets (488)
[2017.03.31-20.04.41:838][671]LogModuleManager: Shutting down and abandoning module CollectionManager (486)
[2017.03.31-20.04.41:838][671]LogDirectoryWatcher: A directory notification for 'X:/Aratim/Documents/GitHub/ProjetInfoSolo/IsekaiLife 4.15/Content/Collections/' was aborted.
[2017.03.31-20.04.41:838][671]LogDirectoryWatcher: A directory notification for 'X:/Aratim/Documents/GitHub/ProjetInfoSolo/IsekaiLife 4.15/Content/Developers/Aratim/Collections/' was aborted.
[2017.03.31-20.04.41:838][671]LogDirectoryWatcher: A directory notification for 'X:/Aratim/Documents/GitHub/ProjetInfoSolo/IsekaiLife 4.15/Saved/Collections/' was aborted.
[2017.03.31-20.04.41:838][671]LogModuleManager: Shutting down and abandoning module StatsViewer (484)
[2017.03.31-20.04.41:838][671]LogModuleManager: Shutting down and abandoning module FoliageEdit (482)
[2017.03.31-20.04.41:838][671]LogModuleManager: Shutting down and abandoning module LandscapeEditor (480)
[2017.03.31-20.04.41:838][671]LogModuleManager: Shutting down and abandoning module SceneDepthPickerMode (478)
[2017.03.31-20.04.41:838][671]LogModuleManager: Shutting down and abandoning module ActorPickerMode (476)
[2017.03.31-20.04.41:838][671]LogModuleManager: Shutting down and abandoning module GeometryMode (474)
[2017.03.31-20.04.41:838][671]LogModuleManager: Shutting down and abandoning module TextureAlignMode (472)
[2017.03.31-20.04.41:838][671]LogModuleManager: Shutting down and abandoning module BspMode (470)
[2017.03.31-20.04.41:838][671]LogModuleManager: Shutting down and abandoning module HardwareSurvey (468)
[2017.03.31-20.04.41:838][671]LogModuleManager: Shutting down and abandoning module SequenceRecorderSections (466)
[2017.03.31-20.04.41:838][671]LogModuleManager: Shutting down and abandoning module AutomationWorker (464)
[2017.03.31-20.04.41:838][671]LogModuleManager: Shutting down and abandoning module MatineeToLevelSequence (462)
[2017.03.31-20.04.41:838][671]LogModuleManager: Shutting down and abandoning module LevelSequenceEditor (460)
[2017.03.31-20.04.41:838][671]LogModuleManager: Shutting down and abandoning module PlacementMode (459)
[2017.03.31-20.04.41:838][671]LogModuleManager: Shutting down and abandoning module WmfMediaFactory (456)
[2017.03.31-20.04.41:838][671]LogModuleManager: Shutting down and abandoning module WmfMediaEditor (454)
[2017.03.31-20.04.41:838][671]LogModuleManager: Shutting down and abandoning module MfMediaFactory (452)
[2017.03.31-20.04.41:838][671]LogModuleManager: Shutting down and abandoning module MfMediaEditor (450)
[2017.03.31-20.04.41:838][671]LogModuleManager: Shutting down and abandoning module AvfMediaFactory (448)
[2017.03.31-20.04.41:838][671]LogModuleManager: Shutting down and abandoning module AvfMediaEditor (446)
[2017.03.31-20.04.41:838][671]LogModuleManager: Shutting down and abandoning module AndroidMediaFactory (444)
[2017.03.31-20.04.41:838][671]LogModuleManager: Shutting down and abandoning module Media (443)
[2017.03.31-20.04.41:838][671]LogModuleManager: Shutting down and abandoning module AndroidMediaEditor (440)
[2017.03.31-20.04.41:838][671]LogModuleManager: Shutting down and abandoning module CharacterAI (438)
[2017.03.31-20.04.41:838][671]LogModuleManager: Shutting down and abandoning module AudioCapture (436)
[2017.03.31-20.04.41:838][671]LogModuleManager: Shutting down and abandoning module SequenceRecorder (435)
[2017.03.31-20.04.41:838][671]LogModuleManager: Shutting down and abandoning module SmartSnapping (432)
[2017.03.31-20.04.41:838][671]LogModuleManager: Shutting down and abandoning module SessionServices (430)
[2017.03.31-20.04.41:838][671]LogModuleManager: Shutting down and abandoning module ViewportSnapping (428)
[2017.03.31-20.04.41:838][671]LogModuleManager: Shutting down and abandoning module ViewportInteraction (426)
[2017.03.31-20.04.41:838][671]LogModuleManager: Shutting down and abandoning module LogVisualizer (424)
[2017.03.31-20.04.41:838][671]LogModuleManager: Shutting down and abandoning module IntroTutorials (422)
[2017.03.31-20.04.41:839][671]LogModuleManager: Shutting down and abandoning module GameProjectGeneration (421)
[2017.03.31-20.04.41:839][671]LogModuleManager: Shutting down and abandoning module EditorLiveStreaming (418)
[2017.03.31-20.04.41:839][671]LogModuleManager: Shutting down and abandoning module IOSPlatformEditor (416)
[2017.03.31-20.04.41:839][671]LogModuleManager: Shutting down and abandoning module HTML5PlatformEditor (414)
[2017.03.31-20.04.41:839][671]LogModuleManager: Shutting down and abandoning module AndroidPlatformEditor (412)
[2017.03.31-20.04.41:839][671]LogModuleManager: Shutting down and abandoning module AndroidDeviceDetection (411)
[2017.03.31-20.04.42:161][671]LogModuleManager: Shutting down and abandoning module IOSRuntimeSettings (408)
[2017.03.31-20.04.42:161][671]LogModuleManager: Shutting down and abandoning module AndroidRuntimeSettings (406)
[2017.03.31-20.04.42:161][671]LogModuleManager: Shutting down and abandoning module InputBindingEditor (404)
[2017.03.31-20.04.42:161][671]LogModuleManager: Shutting down and abandoning module NiagaraEditor (402)
[2017.03.31-20.04.42:162][671]LogModuleManager: Shutting down and abandoning module MergeActors (400)
[2017.03.31-20.04.42:162][671]LogModuleManager: Shutting down and abandoning module SizeMap (398)
[2017.03.31-20.04.42:162][671]LogModuleManager: Shutting down and abandoning module TreeMap (396)
[2017.03.31-20.04.42:162][671]LogModuleManager: Shutting down and abandoning module ReferenceViewer (394)
[2017.03.31-20.04.42:162][671]LogModuleManager: Shutting down and abandoning module LocalizationDashboard (392)
[2017.03.31-20.04.42:162][671]LogModuleManager: Shutting down and abandoning module LocalizationService (391)
[2017.03.31-20.04.42:162][671]LogModuleManager: Shutting down and abandoning module HardwareTargeting (388)
[2017.03.31-20.04.42:162][671]LogModuleManager: Shutting down and abandoning module DeviceProfileEditor (386)
[2017.03.31-20.04.42:162][671]LogModuleManager: Shutting down and abandoning module UndoHistory (384)
[2017.03.31-20.04.42:162][671]LogModuleManager: Shutting down and abandoning module UserFeedback (382)
[2017.03.31-20.04.42:162][671]LogModuleManager: Shutting down and abandoning module XmlParser (380)
[2017.03.31-20.04.42:162][671]LogModuleManager: Shutting down and abandoning module Blutility (378)
[2017.03.31-20.04.42:162][671]LogModuleManager: Shutting down and abandoning module ProjectSettingsViewer (376)
[2017.03.31-20.04.42:163][671]LogModuleManager: Shutting down and abandoning module ProjectTargetPlatformEditor (375)
[2017.03.31-20.04.42:163][671]LogModuleManager: Shutting down and abandoning module EditorSettingsViewer (372)
[2017.03.31-20.04.42:164][671]LogModuleManager: Shutting down and abandoning module SettingsEditor (370)
[2017.03.31-20.04.42:164][671]LogModuleManager: Shutting down and abandoning module ProjectLauncher (368)
[2017.03.31-20.04.42:164][671]LogModuleManager: Shutting down and abandoning module SessionFrontend (366)
[2017.03.31-20.04.42:164][671]LogModuleManager: Shutting down and abandoning module ProfilerClient (364)
[2017.03.31-20.04.42:164][671]LogModuleManager: Shutting down and abandoning module DeviceManager (362)
[2017.03.31-20.04.42:164][671]LogModuleManager: Shutting down and abandoning module TargetDeviceServices (361)
[2017.03.31-20.04.42:206][671]LogModuleManager: Shutting down and abandoning module AutomationController (358)
[2017.03.31-20.04.42:206][671]LogModuleManager: Shutting down and abandoning module AutomationWindow (356)
[2017.03.31-20.04.42:206][671]LogModuleManager: Shutting down and abandoning module Layers (354)
[2017.03.31-20.04.42:206][671]LogModuleManager: Shutting down and abandoning module ComponentVisualizers (352)
[2017.03.31-20.04.42:206][671]LogModuleManager: Shutting down and abandoning module DetailCustomizations (350)
[2017.03.31-20.04.42:206][671]LogModuleManager: Shutting down and abandoning module PackagesDialog (348)
[2017.03.31-20.04.42:207][671]LogModuleManager: Shutting down and abandoning module Persona (346)
[2017.03.31-20.04.42:207][671]LogModuleManager: Shutting down and abandoning module AnimGraph (345)
[2017.03.31-20.04.42:207][671]LogModuleManager: Shutting down and abandoning module Kismet (342)
[2017.03.31-20.04.42:244][671]LogModuleManager: Shutting down and abandoning module GraphEditor (340)
[2017.03.31-20.04.42:244][671]LogModuleManager: Shutting down and abandoning module ClassViewer (338)
[2017.03.31-20.04.42:244][671]LogModuleManager: Shutting down and abandoning module Toolbox (336)
[2017.03.31-20.04.42:244][671]LogModuleManager: Shutting down and abandoning module ModuleUI (334)
[2017.03.31-20.04.42:244][671]LogModuleManager: Shutting down and abandoning module MovieSceneTools (332)
[2017.03.31-20.04.42:245][671]LogModuleManager: Shutting down and abandoning module OutputLog (330)
[2017.03.31-20.04.42:245][671]LogModuleManager: Shutting down and abandoning module GammaUI (328)
[2017.03.31-20.04.42:245][671]LogModuleManager: Shutting down and abandoning module Documentation (326)
[2017.03.31-20.04.42:245][671]LogModuleManager: Shutting down and abandoning module Niagara (324)
[2017.03.31-20.04.42:245][671]LogModuleManager: Shutting down and abandoning module StreamingPauseRendering (322)
[2017.03.31-20.04.42:245][671]LogModuleManager: Shutting down and abandoning module AnalyticsET (320)
[2017.03.31-20.04.42:245][671]LogModuleManager: Shutting down and abandoning module PortalServices (318)
[2017.03.31-20.04.42:245][671]LogModuleManager: Shutting down and abandoning module PortalRpc (316)
[2017.03.31-20.04.42:245][671]LogModuleManager: Shutting down and abandoning module MessagingRpc (314)
[2017.03.31-20.04.42:245][671]LogModuleManager: Shutting down and abandoning module AIModule (312)
[2017.03.31-20.04.42:245][671]LogModuleManager: Shutting down and abandoning module GameplayDebugger (311)
[2017.03.31-20.04.42:245][671]LogModuleManager: Shutting down and abandoning module AITestSuite (309)
[2017.03.31-20.04.42:245][671]LogModuleManager: Shutting down and abandoning module ProfilerService (306)
[2017.03.31-20.04.42:406][671]LogModuleManager: Shutting down and abandoning module TaskGraph (304)
[2017.03.31-20.04.42:406][671]LogModuleManager: Shutting down and abandoning module SteamVRController (302)
[2017.03.31-20.04.42:406][671]LogModuleManager: Shutting down and abandoning module SteamVR (300)
[2017.03.31-20.04.42:406][671]LogModuleManager: Shutting down and abandoning module ProceduralMeshComponentEditor (298)
[2017.03.31-20.04.42:406][671]LogModuleManager: Shutting down and abandoning module ProceduralMeshComponent (296)
[2017.03.31-20.04.42:406][671]LogModuleManager: Shutting down and abandoning module OculusLibrary (294)
[2017.03.31-20.04.42:406][671]LogModuleManager: Shutting down and abandoning module OculusInput (292)
[2017.03.31-20.04.42:406][671]LogModuleManager: Shutting down and abandoning module MobilePatchingUtils (290)
[2017.03.31-20.04.42:406][671]LogModuleManager: Shutting down and abandoning module CustomMeshComponent (288)
[2017.03.31-20.04.42:406][671]LogModuleManager: Shutting down and abandoning module CableComponent (286)
[2017.03.31-20.04.42:406][671]LogModuleManager: Shutting down and abandoning module ArchVisCharacter (284)
[2017.03.31-20.04.42:406][671]LogModuleManager: Shutting down and abandoning module MediaPlayerEditor (280)
[2017.03.31-20.04.42:406][671]LogModuleManager: Shutting down and abandoning module HTML5Networking (278)
[2017.03.31-20.04.42:406][671]LogModuleManager: Shutting down and abandoning module AlembicImporter (276)
[2017.03.31-20.04.42:406][671]LogModuleManager: Shutting down and abandoning module AlembicLibrary (275)
[2017.03.31-20.04.42:406][671]LogModuleManager: Shutting down and abandoning module GeometryCache (274)
[2017.03.31-20.04.42:406][671]LogModuleManager: Shutting down and abandoning module GeometryCacheEd (273)
[2017.03.31-20.04.42:407][671]LogModuleManager: Shutting down and abandoning module SuperSearchEditor (268)
[2017.03.31-20.04.42:407][671]LogModuleManager: Shutting down and abandoning module SuperSearch (267)
[2017.03.31-20.04.42:407][671]LogModuleManager: Shutting down and abandoning module SpeedTreeImporter (264)
[2017.03.31-20.04.42:407][671]LogModuleManager: Shutting down and abandoning module PluginBrowser (262)
[2017.03.31-20.04.42:407][671]LogModuleManager: Shutting down and abandoning module MobileLauncherProfileWizard (260)
[2017.03.31-20.04.42:407][671]LogModuleManager: Shutting down and abandoning module EpicSurvey (258)
[2017.03.31-20.04.42:407][671]LogModuleManager: Shutting down and abandoning module VisualStudioSourceCodeAccess (256)
[2017.03.31-20.04.42:407][671]LogModuleManager: Shutting down and abandoning module DesktopPlatform (255)
[2017.03.31-20.04.42:407][671]LogModuleManager: Shutting down and abandoning module UObjectPlugin (252)
[2017.03.31-20.04.42:407][671]LogModuleManager: Shutting down and abandoning module SubversionSourceControl (250)
[2017.03.31-20.04.42:407][671]LogModuleManager: Shutting down and abandoning module PerforceSourceControl (248)
[2017.03.31-20.04.42:407][671]LogModuleManager: Shutting down and abandoning module GitSourceControl (246)
[2017.03.31-20.04.42:407][671]LogModuleManager: Shutting down and abandoning module SourceControl (245)
[2017.03.31-20.04.42:408][671]LogModuleManager: Shutting down and abandoning module LightPropagationVolumeEditor (242)
[2017.03.31-20.04.42:408][671]LogModuleManager: Shutting down and abandoning module PaperTiledImporter (240)
[2017.03.31-20.04.42:408][671]LogModuleManager: Shutting down and abandoning module PaperSpriteSheetImporter (238)
[2017.03.31-20.04.42:408][671]LogModuleManager: Shutting down and abandoning module Paper2DEditor (236)
[2017.03.31-20.04.42:409][671]LogModuleManager: Shutting down and abandoning module MeshPaint (235)
[2017.03.31-20.04.42:409][671]LogModuleManager: Shutting down and abandoning module LevelEditor (233)
[2017.03.31-20.04.42:412][671]LogModuleManager: Shutting down and abandoning module PixelInspectorModule (232)
[2017.03.31-20.04.42:412][671]LogModuleManager: Shutting down and abandoning module MainFrame (230)
[2017.03.31-20.04.42:412][671]LogModuleManager: Shutting down and abandoning module HotReload (229)
[2017.03.31-20.04.42:413][671]LogModuleManager: Shutting down and abandoning module ContentBrowser (225)
[2017.03.31-20.04.42:418][671]LogModuleManager: Shutting down and abandoning module PhysXVehiclesEditor (222)
[2017.03.31-20.04.42:419][671]LogModuleManager: Shutting down and abandoning module PhysXVehicles (220)
[2017.03.31-20.04.42:419][671]LogModuleManager: Shutting down and abandoning module LocationServicesBPLibrary (218)
[2017.03.31-20.04.42:419][671]LogModuleManager: Shutting down and abandoning module UdpMessaging (216)
[2017.03.31-20.04.42:520][671]LogModuleManager: Shutting down and abandoning module TcpMessaging (214)
[2017.03.31-20.04.42:621][671]LogModuleManager: Shutting down and abandoning module GameplayTagsEditor (212)
[2017.03.31-20.04.42:621][671]LogModuleManager: Shutting down and abandoning module FacialAnimationEditor (210)
[2017.03.31-20.04.42:621][671]LogModuleManager: Shutting down and abandoning module FacialAnimation (208)
[2017.03.31-20.04.42:621][671]LogModuleManager: Shutting down and abandoning module LightPropagationVolumeRuntime (206)
[2017.03.31-20.04.42:621][671]LogModuleManager: Shutting down and abandoning module Paper2D (204)
[2017.03.31-20.04.42:621][671]LogModuleManager: Shutting down and abandoning module WindowsMoviePlayer (202)
[2017.03.31-20.04.42:621][671]LogModuleManager: Shutting down and abandoning module WmfMedia (200)
[2017.03.31-20.04.42:622][671]LogModuleManager: Shutting down and abandoning module MfMedia (198)
[2017.03.31-20.04.42:622][671]LogModuleManager: Shutting down and abandoning module MediaAssets (196)
[2017.03.31-20.04.42:622][671]LogModuleManager: Shutting down and abandoning module GameLiveStreaming (194)
[2017.03.31-20.04.42:622][671]LogModuleManager: Shutting down and abandoning module VREditor (192)
[2017.03.31-20.04.42:622][671]LogModuleManager: Shutting down and abandoning module GameplayTasksEditor (190)
[2017.03.31-20.04.42:622][671]LogModuleManager: Shutting down and abandoning module BehaviorTreeEditor (188)
[2017.03.31-20.04.42:622][671]LogModuleManager: Shutting down and abandoning module FunctionalTesting (186)
[2017.03.31-20.04.42:622][671]LogModuleManager: Shutting down and abandoning module CollisionAnalyzer (184)
[2017.03.31-20.04.42:622][671]LogModuleManager: Shutting down and abandoning module UMG (182)
[2017.03.31-20.04.42:623][671]LogModuleManager: Shutting down and abandoning module UMGEditor (181)
[2017.03.31-20.04.42:623][671]LogModuleManager: Shutting down and abandoning module Sequencer (180)
[2017.03.31-20.04.42:623][671]LogModuleManager: Shutting down and abandoning module AssetTools (178)
[2017.03.31-20.04.42:623][671]LogModuleManager: Shutting down and abandoning module MessageLog (177)
[2017.03.31-20.04.42:623][671]LogModuleManager: Shutting down and abandoning module WorkspaceMenuStructure (176)
[2017.03.31-20.04.42:623][671]LogModuleManager: Shutting down and abandoning module SlateReflector (170)
[2017.03.31-20.04.42:623][671]LogModuleManager: Shutting down and abandoning module Slate (168)
[2017.03.31-20.04.42:623][671]LogModuleManager: Shutting down and abandoning module EditorStyle (166)
[2017.03.31-20.04.42:636][671]LogModuleManager: Shutting down and abandoning module SourceCodeAccess (164)
[2017.03.31-20.04.42:636][671]LogModuleManager: Shutting down and abandoning module HeadMountedDisplay (162)
[2017.03.31-20.04.42:636][671]LogModuleManager: Shutting down and abandoning module XAudio2 (160)
[2017.03.31-20.04.42:636][671]LogModuleManager: Shutting down and abandoning module Networking (158)
[2017.03.31-20.04.42:636][671]LogModuleManager: Shutting down and abandoning module Core (154)
[2017.03.31-20.04.42:636][671]LogModuleManager: Shutting down and abandoning module AssetRegistry (152)
[2017.03.31-20.04.42:928][671]LogDirectoryWatcher: A directory notification for '../../../Engine/Content/' was aborted.
[2017.03.31-20.04.42:928][671]LogDirectoryWatcher: A directory notification for 'X:/Aratim/Documents/GitHub/ProjetInfoSolo/IsekaiLife 4.15/Content/' was aborted.
[2017.03.31-20.04.42:928][671]LogDirectoryWatcher: A directory notification for '../../../Engine/Plugins/2D/Paper2D/Content/' was aborted.
[2017.03.31-20.04.42:929][671]LogModuleManager: Shutting down and abandoning module DirectoryWatcher (151)
[2017.03.31-20.04.42:932][671]LogModuleManager: Shutting down and abandoning module KismetCompiler (148)
[2017.03.31-20.04.42:932][671]LogModuleManager: Shutting down and abandoning module PhysXFormats (146)
[2017.03.31-20.04.42:932][671]LogModuleManager: Shutting down and abandoning module MeshUtilities (144)
[2017.03.31-20.04.42:932][671]LogModuleManager: Shutting down and abandoning module SimplygonSwarm (143)
[2017.03.31-20.04.42:932][671]LogModuleManager: Shutting down and abandoning module SimplygonMeshReduction (141)
[2017.03.31-20.04.42:932][671]LogModuleManager: Shutting down and abandoning module QuadricMeshReduction (139)
[2017.03.31-20.04.42:932][671]LogModuleManager: Shutting down and abandoning module PropertyEditor (137)
[2017.03.31-20.04.42:932][671]LogModuleManager: Shutting down and abandoning module DerivedDataCache (134)
[2017.03.31-20.04.43:001][671]LogDerivedDataCache: Shutdown
[2017.03.31-20.04.43:001][671]LogModuleManager: Shutting down and abandoning module TargetPlatform (132)
[2017.03.31-20.04.43:001][671]LogModuleManager: Shutting down and abandoning module VulkanShaderFormat (131)
[2017.03.31-20.04.43:001][671]LogModuleManager: Shutting down and abandoning module ShaderFormatOpenGL (129)
[2017.03.31-20.04.43:001][671]LogModuleManager: Shutting down and abandoning module ShaderFormatD3D (127)
[2017.03.31-20.04.43:001][671]LogModuleManager: Shutting down and abandoning module MetalShaderFormat (125)
[2017.03.31-20.04.43:001][671]LogModuleManager: Shutting down and abandoning module TextureFormatUncompressed (123)
[2017.03.31-20.04.43:001][671]LogModuleManager: Shutting down and abandoning module TextureFormatPVR (121)
[2017.03.31-20.04.43:001][671]LogModuleManager: Shutting down and abandoning module TextureFormatDXT (119)
[2017.03.31-20.04.43:001][671]LogModuleManager: Shutting down and abandoning module TextureFormatIntelISPCTexComp (117)
[2017.03.31-20.04.43:002][671]LogModuleManager: Shutting down and abandoning module TextureFormatASTC (115)
[2017.03.31-20.04.43:002][671]LogModuleManager: Shutting down and abandoning module ImageWrapper (114)
[2017.03.31-20.04.43:002][671]LogModuleManager: Shutting down and abandoning module TextureFormatAndroid (111)
[2017.03.31-20.04.43:002][671]LogModuleManager: Shutting down and abandoning module AudioFormatOpus (109)
[2017.03.31-20.04.43:002][671]LogModuleManager: Shutting down and abandoning module AudioFormatOgg (107)
[2017.03.31-20.04.43:002][671]LogModuleManager: Shutting down and abandoning module AudioFormatADPCM (105)
[2017.03.31-20.04.43:002][671]LogModuleManager: Shutting down and abandoning module LinuxTargetPlatform (103)
[2017.03.31-20.04.43:002][671]LogModuleManager: Shutting down and abandoning module LinuxServerTargetPlatform (101)
[2017.03.31-20.04.43:002][671]LogModuleManager: Shutting down and abandoning module LinuxNoEditorTargetPlatform (99)
[2017.03.31-20.04.43:002][671]LogModuleManager: Shutting down and abandoning module LinuxClientTargetPlatform (97)
[2017.03.31-20.04.43:002][671]LogModuleManager: Shutting down and abandoning module TVOSTargetPlatform (95)
[2017.03.31-20.04.43:002][671]LogModuleManager: Shutting down and abandoning module Messaging (93)
[2017.03.31-20.04.43:002][671]LogModuleManager: Shutting down and abandoning module IOSTargetPlatform (91)
[2017.03.31-20.04.43:002][671]LogModuleManager: Shutting down and abandoning module HTML5TargetPlatform (89)
[2017.03.31-20.04.43:002][671]LogModuleManager: Shutting down and abandoning module Android_PVRTCTargetPlatform (87)
[2017.03.31-20.04.43:002][671]LogModuleManager: Shutting down and abandoning module Android_MultiTargetPlatform (85)
[2017.03.31-20.04.43:002][671]LogModuleManager: Shutting down and abandoning module Android_ETC2TargetPlatform (83)
[2017.03.31-20.04.43:002][671]LogModuleManager: Shutting down and abandoning module Android_ETC1TargetPlatform (81)
[2017.03.31-20.04.43:002][671]LogModuleManager: Shutting down and abandoning module Android_DXTTargetPlatform (79)
[2017.03.31-20.04.43:002][671]LogModuleManager: Shutting down and abandoning module Android_ATCTargetPlatform (77)
[2017.03.31-20.04.43:002][671]LogModuleManager: Shutting down and abandoning module Android_ASTCTargetPlatform (75)
[2017.03.31-20.04.43:002][671]LogModuleManager: Shutting down and abandoning module AndroidTargetPlatform (73)
[2017.03.31-20.04.43:002][671]LogModuleManager: Shutting down and abandoning module WindowsTargetPlatform (71)
[2017.03.31-20.04.43:002][671]LogModuleManager: Shutting down and abandoning module WindowsServerTargetPlatform (69)
[2017.03.31-20.04.43:002][671]LogModuleManager: Shutting down and abandoning module WindowsNoEditorTargetPlatform (67)
[2017.03.31-20.04.43:002][671]LogModuleManager: Shutting down and abandoning module WindowsClientTargetPlatform (65)
[2017.03.31-20.04.43:002][671]LogModuleManager: Shutting down and abandoning module MacTargetPlatform (63)
[2017.03.31-20.04.43:002][671]LogModuleManager: Shutting down and abandoning module MacServerTargetPlatform (61)
[2017.03.31-20.04.43:002][671]LogModuleManager: Shutting down and abandoning module MacNoEditorTargetPlatform (59)
[2017.03.31-20.04.43:002][671]LogModuleManager: Shutting down and abandoning module MacClientTargetPlatform (57)
[2017.03.31-20.04.43:002][671]LogModuleManager: Shutting down and abandoning module AllDesktopTargetPlatform (55)
[2017.03.31-20.04.43:002][671]LogModuleManager: Shutting down and abandoning module InputCore (52)
[2017.03.31-20.04.43:002][671]LogModuleManager: Shutting down and abandoning module Settings (50)
[2017.03.31-20.04.43:002][671]LogModuleManager: Shutting down and abandoning module OculusRift (48)
[2017.03.31-20.04.43:002][671]LogModuleManager: Shutting down and abandoning module GearVR (46)
[2017.03.31-20.04.43:002][671]LogModuleManager: Shutting down and abandoning module ExampleDeviceProfileSelector (44)
[2017.03.31-20.04.43:003][671]LogModuleManager: Shutting down and abandoning module OnlineBlueprintSupport (42)
[2017.03.31-20.04.43:003][671]LogModuleManager: Shutting down and abandoning module OnlineSubsystem (38)
[2017.03.31-20.04.43:003][671]LogOnline:Display: Unloading online subsystem: NULL
[2017.03.31-20.04.43:003][671]LogModuleManager: Shutting down and abandoning module XMPP (37)
[2017.03.31-20.04.43:003][671]LogModuleManager: Shutting down and abandoning module HTTP (35)
[2017.03.31-20.04.43:003][671]LogHttp:Display: Http module shutting down, but needs to wait on 1 outstanding Http requests:
[2017.03.31-20.04.43:003][671]LogHttp:Display: 	verb=[POST] url=[https://datarouter.ol.epicgames.com/datarouter/api/v1/public/data?SessionID=%7BC3C43442-48B9-756A-AAE1-30A5C15CEAAB%7D&AppID=UEEditor.Rocket.Release&AppVersion=4.15.1-3348071%2B%2B%2BUE4%2BRelease-4.15&UserID=8c302d144559193dacf57282e4537a6d%7C1d93bd08b07d44d8aee1421bc67e0dd5%7C2f678aea-a734-4285-a967-b3de143619f5&AppEnvironment=datacollector-binary&UploadType=eteventstream] status=Processing
[2017.03.31-20.04.43:027][671]LogModuleManager: Shutting down and abandoning module SSL (34)
[2017.03.31-20.04.43:028][671]LogModuleManager: Shutting down and abandoning module AudioEditor (30)
[2017.03.31-20.04.43:028][671]LogModuleManager: Shutting down and abandoning module TextureCompressor (28)
[2017.03.31-20.04.43:028][671]LogModuleManager: Shutting down and abandoning module ShaderCore (26)
[2017.03.31-20.04.43:028][671]LogModuleManager: Shutting down and abandoning module Landscape (24)
[2017.03.31-20.04.43:028][671]LogModuleManager: Shutting down and abandoning module SlateRHIRenderer (22)
[2017.03.31-20.04.43:034][671]LogModuleManager: Shutting down and abandoning module OpenGLDrv (20)
[2017.03.31-20.04.43:034][671]LogModuleManager: Shutting down and abandoning module D3D11RHI (18)
[2017.03.31-20.04.43:034][671]LogModuleManager: Shutting down and abandoning module AnimGraphRuntime (16)
[2017.03.31-20.04.43:034][671]LogModuleManager: Shutting down and abandoning module Renderer (14)
[2017.03.31-20.04.43:034][671]LogModuleManager: Shutting down and abandoning module Engine (12)
[2017.03.31-20.04.43:034][671]LogModuleManager: Shutting down and abandoning module CoreUObject (10)
[2017.03.31-20.04.43:034][671]LogModuleManager: Shutting down and abandoning module NetworkFile (8)
[2017.03.31-20.04.43:034][671]LogModuleManager: Shutting down and abandoning module StreamingFile (6)
[2017.03.31-20.04.43:034][671]LogModuleManager: Shutting down and abandoning module SandboxFile (4)
[2017.03.31-20.04.43:034][671]LogModuleManager: Shutting down and abandoning module PakFile (2)
[2017.03.31-20.04.43:036][671]LogExit: Exiting.
[2017.03.31-20.04.43:041][671]Log file closed, 03/31/17 22:04:43
