Log file open, 03/23/17 21:37:16
LogInit:Display: Running engine for game: IsekaiLife
LogPlatformFile: Not using cached read wrapper
LogInit:Display: RandInit(-797304609) SRandInit(-797304609).
LogTaskGraph: Started task graph with 5 named threads and 8 total threads with 1 sets of task threads.
LogStats: Stats thread started at 0.701404
LogInit: Using libcurl 7.47.1
LogInit:  - built for x86_64-pc-win32
LogInit:  - supports SSL with OpenSSL/1.0.2g
LogInit:  - supports HTTP deflate (compression) using libz 1.2.8
LogInit:  - other features:
LogInit:      CURL_VERSION_SSL
LogInit:      CURL_VERSION_LIBZ
LogInit:      CURL_VERSION_IPV6
LogInit:      CURL_VERSION_ASYNCHDNS
LogInit:      CURL_VERSION_LARGEFILE
LogInit:      CURL_VERSION_IDN
LogInit:  CurlRequestOptions (configurable via config and command line):
LogInit:  - bVerifyPeer = false  - Libcurl will NOT verify peer certificate
LogInit:  - bUseHttpProxy = false  - Libcurl will NOT use HTTP proxy
LogInit:  - bDontReuseConnections = false  - Libcurl will reuse connections
LogInit:  - CertBundlePath = nullptr  - Libcurl will use whatever was configured at build time.
LogInit: Build: ++UE4+Release-4.15-CL-3348071
LogInit: Engine Version: 4.15.1-3348071+++UE4+Release-4.15
LogInit: Compatible Engine Version: 4.15.0-3299760+++UE4+Release-4.15
LogInit: Net CL: 3299760
LogDevObjectVersion: Number of dev versions registered: 14
LogDevObjectVersion:   Dev-Blueprints (B0D832E4-1F89-4F0D-ACCF-7EB736FD4AA2): 8
LogDevObjectVersion:   Dev-Build (E1C64328-A22C-4D53-A36C-8E866417BD8C): 0
LogDevObjectVersion:   Dev-Core (375EC13C-06E4-48FB-B500-84F0262A717E): 2
LogDevObjectVersion:   Dev-Editor (E4B068ED-F494-42E9-A231-DA0B2E46BB41): 14
LogDevObjectVersion:   Dev-Framework (CFFC743F-43B0-4480-9391-14DF171D2073): 22
LogDevObjectVersion:   Dev-Mobile (B02B49B5-BB20-44E9-A304-32B752E40360): 0
LogDevObjectVersion:   Dev-Networking (A4E4105C-59A1-49B5-A7C5-40C4547EDFEE): 0
LogDevObjectVersion:   Dev-Online (39C831C9-5AE6-47DC-9A44-9C173E1C8E7C): 0
LogDevObjectVersion:   Dev-Physics (78F01B33-EBEA-4F98-B9B4-84EACCB95AA2): 0
LogDevObjectVersion:   Dev-Platform (6631380F-2D4D-43E0-8009-CF276956A95A): 0
LogDevObjectVersion:   Dev-Rendering (12F88B9F-8875-4AFC-A67C-D90C383ABD29): 12
LogDevObjectVersion:   Dev-Sequencer (7B5AE74C-D270-4C10-A958-57980B212A5A): 3
LogDevObjectVersion:   Dev-VR (D7296918-1DD6-4BDD-9DE2-64A83CC13884): 0
LogDevObjectVersion:   Dev-LoadTimes (C2A15278-BFE7-4AFE-6C17-90FF531DF755): 1
LogInit: Compiled (64-bit): Mar 15 2017 16:52:47
LogInit: Compiled with Visual C++: 19.00.23026.00
LogInit: Build Configuration: Development
LogInit: Branch Name: ++UE4+Release-4.15
LogInit: Command line:  
LogInit: Base directory: C:/Program Files/Epic Games/UE_4.15/Engine/Binaries/Win64/
LogInit: Installed Engine Build: 1
LogInit: Presizing for max 8388607 objects, including 0 objects not considered by GC, pre-allocating 0 bytes for permanent pool.
LogInit: Object subsystem initialized
[2017.03.23-20.37.17:081][  0]LogInit: Selected Device Profile: [Windows]
[2017.03.23-20.37.17:081][  0]LogInit: Applying CVar settings loaded from the selected device profile: [Windows]
[2017.03.23-20.37.17:103][  0]LogInit: Computer: DESKTOP-IJKOIIJ
[2017.03.23-20.37.17:103][  0]LogInit: User: Aratim
[2017.03.23-20.37.17:103][  0]LogInit: CPU Page size=65536, Cores=4
[2017.03.23-20.37.17:103][  0]LogInit: High frequency timer resolution =3.417978 MHz
[2017.03.23-20.37.17:103][  0]LogMemory: Memory total: Physical=8.0GB (8GB approx)
[2017.03.23-20.37.17:103][  0]LogMemory: Platform Memory Stats for Windows
[2017.03.23-20.37.17:103][  0]LogMemory: Process Physical Memory: 263.02 MB used, 263.02 MB peak
[2017.03.23-20.37.17:103][  0]LogMemory: Process Virtual Memory: 262.48 MB used, 262.48 MB peak
[2017.03.23-20.37.17:103][  0]LogMemory: Physical Memory: 3745.00 MB used,  4395.85 MB free, 8140.85 MB total
[2017.03.23-20.37.17:103][  0]LogMemory: Virtual Memory: 644.41 MB used,  4395.85 MB free, 134217728.00 MB total
[2017.03.23-20.37.17:555][  0]LogTextLocalizationManager: No translations for ('fr-FR') exist, falling back to 'en' for localization and internationalization data.
[2017.03.23-20.37.19:572][  0]LogD3D11RHI: D3D11 adapters:
[2017.03.23-20.37.20:047][  0]LogD3D11RHI:    0. 'NVIDIA GeForce GTX 1060 6GB' (Feature Level 11_0)
[2017.03.23-20.37.20:047][  0]LogD3D11RHI:       6084/0/4070 MB DedicatedVideo/DedicatedSystem/SharedSystem, Outputs:1, VendorId:0x10de
[2017.03.23-20.37.20:048][  0]LogD3D11RHI:    1. 'Microsoft Basic Render Driver' (Feature Level 11_0)
[2017.03.23-20.37.20:048][  0]LogD3D11RHI:       0/0/4070 MB DedicatedVideo/DedicatedSystem/SharedSystem, Outputs:0, VendorId:0x1414
[2017.03.23-20.37.20:048][  0]LogD3D11RHI: Chosen D3D11 Adapter: 0
[2017.03.23-20.37.20:058][  0]LogD3D11RHI: Creating new Direct3DDevice
[2017.03.23-20.37.20:058][  0]LogD3D11RHI:     GPU DeviceId: 0x1c03 (for the marketing name, search the web for "GPU Device Id")
[2017.03.23-20.37.20:058][  0]LogWindows: EnumDisplayDevices:
[2017.03.23-20.37.20:058][  0]LogWindows:    0. 'NVIDIA GeForce GTX 1060 6GB' (P:1 D:1)
[2017.03.23-20.37.20:058][  0]LogWindows:    1. 'NVIDIA GeForce GTX 1060 6GB' (P:0 D:0)
[2017.03.23-20.37.20:058][  0]LogWindows:    2. 'NVIDIA GeForce GTX 1060 6GB' (P:0 D:0)
[2017.03.23-20.37.20:058][  0]LogWindows:    3. 'NVIDIA GeForce GTX 1060 6GB' (P:0 D:0)
[2017.03.23-20.37.20:058][  0]LogWindows: DebugString: FoundDriverCount:4 
[2017.03.23-20.37.20:058][  0]LogD3D11RHI:     Adapter Name: NVIDIA GeForce GTX 1060 6GB
[2017.03.23-20.37.20:059][  0]LogD3D11RHI:   Driver Version: 378.92 (internal:21.21.13.7892, unified:378.92)
[2017.03.23-20.37.20:059][  0]LogD3D11RHI:      Driver Date: 3-16-2017
[2017.03.23-20.37.20:059][  0]LogRHI: Texture pool is 1361 MB (70% of 1945 MB)
[2017.03.23-20.37.20:518][  0]LogD3D11RHI: Async texture creation enabled
[2017.03.23-20.37.20:921][  0]LogD3D11RHI: GPU Timing Frequency: 1000.000000 (Debug: 2 1)
[2017.03.23-20.37.20:983][  0]LogShaderCompilers: Guid format shader working directory is -10 characters bigger than the processId version (X:/Aratim/Documents/GitHub/ProjetInfoSolo/IsekaiLife 4.15/Intermediate/Shaders/WorkingDirectory/8992/).
[2017.03.23-20.37.20:984][  0]LogShaderCompilers: Cleaned the shader compiler working directory 'C:/Users/Aratim/AppData/Local/Temp/UnrealShaderWorkingDir/CED906AB41FF0167EEB4E9BD8C3FDDDA/'.
[2017.03.23-20.37.20:984][  0]LogShaderCompilers:Display: Using Local Shader Compiler.
[2017.03.23-20.37.23:280][  0]LogTemp:Display: Loaded TP AllDesktopTargetPlatform
[2017.03.23-20.37.23:335][  0]LogTemp:Display: Loaded TP MacClientTargetPlatform
[2017.03.23-20.37.23:387][  0]LogTemp:Display: Loaded TP MacNoEditorTargetPlatform
[2017.03.23-20.37.23:440][  0]LogTemp:Display: Loaded TP MacServerTargetPlatform
[2017.03.23-20.37.23:498][  0]LogTemp:Display: Loaded TP MacTargetPlatform
[2017.03.23-20.37.23:547][  0]LogTemp:Display: Loaded TP WindowsClientTargetPlatform
[2017.03.23-20.37.23:598][  0]LogTemp:Display: Loaded TP WindowsNoEditorTargetPlatform
[2017.03.23-20.37.23:649][  0]LogTemp:Display: Loaded TP WindowsServerTargetPlatform
[2017.03.23-20.37.23:693][  0]LogTemp:Display: Loaded TP WindowsTargetPlatform
[2017.03.23-20.37.23:746][  0]LogTemp:Display: Loaded TP AndroidTargetPlatform
[2017.03.23-20.37.23:798][  0]LogTemp:Display: Loaded TP Android_ASTCTargetPlatform
[2017.03.23-20.37.23:848][  0]LogTemp:Display: Loaded TP Android_ATCTargetPlatform
[2017.03.23-20.37.23:899][  0]LogTemp:Display: Loaded TP Android_DXTTargetPlatform
[2017.03.23-20.37.23:950][  0]LogTemp:Display: Loaded TP Android_ETC1TargetPlatform
[2017.03.23-20.37.24:002][  0]LogTemp:Display: Loaded TP Android_ETC2TargetPlatform
[2017.03.23-20.37.24:122][  0]LogTemp:Display: Loaded TP Android_MultiTargetPlatform
[2017.03.23-20.37.24:122][  0]LogTemp:Display: Loaded TP Android_PVRTCTargetPlatform
[2017.03.23-20.37.24:157][  0]LogTemp:Display: Loaded TP HTML5TargetPlatform
[2017.03.23-20.37.24:274][  0]LogTemp:Display: Loaded TP IOSTargetPlatform
[2017.03.23-20.37.24:309][  0]LogTemp:Display: Loaded TP TVOSTargetPlatform
[2017.03.23-20.37.24:365][  0]LogTemp:Display: Loaded TP LinuxClientTargetPlatform
[2017.03.23-20.37.24:418][  0]LogTemp:Display: Loaded TP LinuxNoEditorTargetPlatform
[2017.03.23-20.37.24:472][  0]LogTemp:Display: Loaded TP LinuxServerTargetPlatform
[2017.03.23-20.37.24:528][  0]LogTemp:Display: Loaded TP LinuxTargetPlatform
[2017.03.23-20.37.24:528][  0]LogTargetPlatformManager:Display: Building Assets For Windows
[2017.03.23-20.37.25:246][  0]LogDerivedDataCache:Display: Max Cache Size: 512 MB
[2017.03.23-20.37.25:464][  0]LogDerivedDataCache: Loaded boot cache 0.22s 50MB C:/Users/Aratim/AppData/Local/UnrealEngine/4.15/DerivedDataCache/Boot.ddc.
[2017.03.23-20.37.25:464][  0]LogDerivedDataCache:Display: Loaded Boot cache: C:/Users/Aratim/AppData/Local/UnrealEngine/4.15/DerivedDataCache/Boot.ddc
[2017.03.23-20.37.25:464][  0]LogDerivedDataCache: FDerivedDataBackendGraph:  Pak pak cache file X:/Aratim/Documents/GitHub/ProjetInfoSolo/IsekaiLife 4.15/DerivedDataCache/DDC.ddp not found, will not use a pak cache.
[2017.03.23-20.37.25:464][  0]LogDerivedDataCache: Unable to find inner node Pak for hierarchical cache Hierarchy.
[2017.03.23-20.37.25:464][  0]LogDerivedDataCache: FDerivedDataBackendGraph:  CompressedPak pak cache file X:/Aratim/Documents/GitHub/ProjetInfoSolo/IsekaiLife 4.15/DerivedDataCache/Compressed.ddp not found, will not use a pak cache.
[2017.03.23-20.37.25:464][  0]LogDerivedDataCache: Unable to find inner node CompressedPak for hierarchical cache Hierarchy.
[2017.03.23-20.37.25:491][  0]LogDerivedDataCache:Display: Pak cache opened for reading ../../../Engine/DerivedDataCache/Compressed.ddp.
[2017.03.23-20.37.25:503][  0]LogDerivedDataCache: Using Local data cache path C:/Users/Aratim/AppData/Local/UnrealEngine/Common/DerivedDataCache: Writable
[2017.03.23-20.37.25:542][  0]LogSlate: Using Freetype 2.6.0
[2017.03.23-20.37.25:555][  0]LogSlate: SlateFontCache - WITH_FREETYPE: 1, WITH_HARFBUZZ: 1
[2017.03.23-20.37.25:555][  0]LogSlate: SlateFontCache - WITH_FREETYPE: 1, WITH_HARFBUZZ: 1
[2017.03.23-20.37.28:842][  0]LogInit: Selected Device Profile: [Windows]
[2017.03.23-20.37.28:857][  0]LogContentStreaming: Texture pool size is 0.00 MB
[2017.03.23-20.37.29:157][  0]LogMeshUtilities: Using QuadricMeshReduction for automatic static mesh reduction
[2017.03.23-20.37.29:201][  0]LogSimplygon: Simplygon DLL not present - disabling.
[2017.03.23-20.37.29:249][  0]LogMeshUtilities: Using SimplygonSwarm for distributed automatic mesh merging
[2017.03.23-20.37.29:249][  0]LogMeshUtilities: No automatic skeletal mesh reduction module available
[2017.03.23-20.37.29:249][  0]LogMeshUtilities: No automatic mesh merging module available
[2017.03.23-20.37.30:750][  0]LogNetVersion: GetLocalNetworkVersion: CL: 3299760, ProjectName: isekailife, ProjectVersion: , EngineNetworkVersion: 2, GameNetworkVersion: 0, NetworkChecksum: 721096836
[2017.03.23-20.37.30:814][  0]LogAssetRegistry: FAssetRegistry took 0.0244 seconds to start up
[2017.03.23-20.37.30:933][  0]LogPackageLocalizationCache: Processed 3 localized package path(s) for 1 prioritized culture(s) in 0.092680 seconds
[2017.03.23-20.37.30:940][  0]LogUObjectArray: 32493 objects as part of root set at end of initial load.
[2017.03.23-20.37.30:940][  0]LogUObjectAllocator: 7077024 out of 0 bytes used by permanent object pool.
[2017.03.23-20.37.30:940][  0]LogUObjectArray: CloseDisregardForGC: 0/0 objects in disregard for GC pool
[2017.03.23-20.37.31:007][  0]LogPackageName:Warning: String asset reference "JW_FlameDungeon.FX.SM_FX_Embers" is in short form, which is unsupported and -- even if valid -- resolving it will be really slow.
[2017.03.23-20.37.31:007][  0]LogPackageName:Warning: Please consider resaving package in order to speed-up loading.
[2017.03.23-20.37.31:007][  0]LogInit: WinSock: version 1.1 (2.2), MaxSocks=32767, MaxUdp=65467
[2017.03.23-20.37.33:687][  0]LogPackageName: SearchForPackageOnDisk took   0.124s, but failed to resolve JW_FlameDungeon.
[2017.03.23-20.37.33:687][  0]LogPackageName:Warning: String asset reference "JW_FlameDungeon.FX.SM_FX_Embers" could not be resolved.
[2017.03.23-20.37.33:687][  0]LogPackageName:Warning: String asset reference "JW_FlameDungeon.FX.SM_FogPlane02" is in short form, which is unsupported and -- even if valid -- resolving it will be really slow.
[2017.03.23-20.37.33:687][  0]LogPackageName:Warning: Please consider resaving package in order to speed-up loading.
[2017.03.23-20.37.33:687][  0]LogPackageName: SearchForPackageOnDisk took   0.111s, but failed to resolve JW_FlameDungeon.
[2017.03.23-20.37.33:687][  0]LogPackageName:Warning: String asset reference "JW_FlameDungeon.FX.SM_FogPlane02" could not be resolved.
[2017.03.23-20.37.33:687][  0]LogPackageName:Warning: String asset reference "StaticMesh'FX_Meshes_IB.SM_Debris_Box_RadialFull'" is in short form, which is unsupported and -- even if valid -- resolving it will be really slow.
[2017.03.23-20.37.33:687][  0]LogPackageName:Warning: Please consider resaving package in order to speed-up loading.
[2017.03.23-20.37.33:687][  0]LogPackageName: SearchForPackageOnDisk took   0.105s, but failed to resolve StaticMesh'FX_Meshes_IB.
[2017.03.23-20.37.33:687][  0]LogPackageName:Warning: String asset reference "StaticMesh'FX_Meshes_IB.SM_Debris_Box_RadialFull'" could not be resolved.
[2017.03.23-20.37.33:893][  0]LogPackageName:Warning: String asset reference "JW_Ice_Mountain.Mesh.SM_SnowBoulder" is in short form, which is unsupported and -- even if valid -- resolving it will be really slow.
[2017.03.23-20.37.33:893][  0]LogPackageName:Warning: Please consider resaving package in order to speed-up loading.
[2017.03.23-20.37.33:893][  0]LogPackageName: SearchForPackageOnDisk took   0.107s, but failed to resolve JW_Ice_Mountain.
[2017.03.23-20.37.33:893][  0]LogPackageName:Warning: String asset reference "JW_Ice_Mountain.Mesh.SM_SnowBoulder" could not be resolved.
[2017.03.23-20.37.34:058][  0]LogPackageName:Warning: String asset reference "FX_Meshes.UI.SM_SelectionMesh_01" is in short form, which is unsupported and -- even if valid -- resolving it will be really slow.
[2017.03.23-20.37.34:058][  0]LogPackageName:Warning: Please consider resaving package in order to speed-up loading.
[2017.03.23-20.37.34:058][  0]LogPackageName: SearchForPackageOnDisk took   0.099s, but failed to resolve FX_Meshes.
[2017.03.23-20.37.34:058][  0]LogPackageName:Warning: String asset reference "FX_Meshes.UI.SM_SelectionMesh_01" could not be resolved.
[2017.03.23-20.37.34:058][  0]LogTcpMessaging: Initializing TcpMessaging bridge
[2017.03.23-20.37.34:106][  0]LogPackageName:Warning: String asset reference "FX_Meshes.UI.SM_SelectionMesh_01" is in short form, which is unsupported and -- even if valid -- resolving it will be really slow.
[2017.03.23-20.37.34:106][  0]LogPackageName:Warning: Please consider resaving package in order to speed-up loading.
[2017.03.23-20.37.34:106][  0]LogUdpMessaging: Initializing bridge on interface 0.0.0.0:0 to multicast group 230.0.0.1:6666.
[2017.03.23-20.37.34:743][  0]LogPackageName: SearchForPackageOnDisk took   0.101s, but failed to resolve FX_Meshes.
[2017.03.23-20.37.34:743][  0]LogPackageName:Warning: String asset reference "FX_Meshes.UI.SM_SelectionMesh_01" could not be resolved.
[2017.03.23-20.37.34:743][  0]LogPackageName:Warning: String asset reference "'FX_Ambient.Meshes.SM_Bats'" is in short form, which is unsupported and -- even if valid -- resolving it will be really slow.
[2017.03.23-20.37.34:743][  0]LogPackageName:Warning: Please consider resaving package in order to speed-up loading.
[2017.03.23-20.37.34:743][  0]LogPackageName: SearchForPackageOnDisk took   0.101s, but failed to resolve 'FX_Ambient.
[2017.03.23-20.37.34:743][  0]LogPackageName:Warning: String asset reference "'FX_Ambient.Meshes.SM_Bats'" could not be resolved.
[2017.03.23-20.37.34:743][  0]LogPackageName:Warning: String asset reference "CastleEffects.TouchToMoveArrow" is in short form, which is unsupported and -- even if valid -- resolving it will be really slow.
[2017.03.23-20.37.34:743][  0]LogPackageName:Warning: Please consider resaving package in order to speed-up loading.
[2017.03.23-20.37.34:743][  0]LogPackageName: SearchForPackageOnDisk took   0.106s, but failed to resolve CastleEffects.
[2017.03.23-20.37.34:743][  0]LogPackageName:Warning: String asset reference "CastleEffects.TouchToMoveArrow" could not be resolved.
[2017.03.23-20.37.34:743][  0]LogMaterial: Uniform references updated for custom material expression Custom.
[2017.03.23-20.37.35:110][  0]LogPackageName:Warning: String asset reference "StaticMesh'FX_Meshes.Fire.SM_Dungeon_Pipes_Lava01_Cool'" is in short form, which is unsupported and -- even if valid -- resolving it will be really slow.
[2017.03.23-20.37.35:110][  0]LogPackageName:Warning: Please consider resaving package in order to speed-up loading.
[2017.03.23-20.37.35:110][  0]LogPackageName: SearchForPackageOnDisk took   0.107s, but failed to resolve StaticMesh'FX_Meshes.
[2017.03.23-20.37.35:110][  0]LogPackageName:Warning: String asset reference "StaticMesh'FX_Meshes.Fire.SM_Dungeon_Pipes_Lava01_Cool'" could not be resolved.
[2017.03.23-20.37.35:110][  0]LogPackageName:Warning: String asset reference "m_FogSheet_02" is in short form, which is unsupported and -- even if valid -- resolving it will be really slow.
[2017.03.23-20.37.35:110][  0]LogPackageName:Warning: Please consider resaving package in order to speed-up loading.
[2017.03.23-20.37.35:110][  0]LogPackageName: SearchForPackageOnDisk took   0.102s to resolve m_FogSheet_02.
[2017.03.23-20.37.35:254][  0]SourceControl: Info Source control is disabled
[2017.03.23-20.37.35:256][  0]SourceControl: Info Source control is disabled
[2017.03.23-20.37.35:315][  0]LogPackageName:Warning: String asset reference "FX_Test_LAN.Meshes.SM_IceWall01" is in short form, which is unsupported and -- even if valid -- resolving it will be really slow.
[2017.03.23-20.37.35:315][  0]LogPackageName:Warning: Please consider resaving package in order to speed-up loading.
[2017.03.23-20.37.35:315][  0]SourceControl: Info Source control is disabled
[2017.03.23-20.37.35:372][  0]SourceControl: Info Source control is disabled
[2017.03.23-20.37.36:269][  0]LogPackageName: SearchForPackageOnDisk took   0.113s, but failed to resolve FX_Test_LAN.
[2017.03.23-20.37.36:269][  0]LogPackageName:Warning: String asset reference "FX_Test_LAN.Meshes.SM_IceWall01" could not be resolved.
[2017.03.23-20.37.36:269][  0]LogPackageName:Warning: String asset reference "m_FogSheet_02" is in short form, which is unsupported and -- even if valid -- resolving it will be really slow.
[2017.03.23-20.37.36:269][  0]LogPackageName:Warning: Please consider resaving package in order to speed-up loading.
[2017.03.23-20.37.36:269][  0]LogPackageName: SearchForPackageOnDisk took   0.117s to resolve m_FogSheet_02.
[2017.03.23-20.37.36:269][  0]LogPackageName:Warning: String asset reference "m_FogSheet_02" is in short form, which is unsupported and -- even if valid -- resolving it will be really slow.
[2017.03.23-20.37.36:269][  0]LogPackageName:Warning: Please consider resaving package in order to speed-up loading.
[2017.03.23-20.37.36:269][  0]LogPackageName: SearchForPackageOnDisk took   0.120s to resolve m_FogSheet_02.
[2017.03.23-20.37.36:269][  0]LogPackageName:Warning: String asset reference "m_FogSheet_02" is in short form, which is unsupported and -- even if valid -- resolving it will be really slow.
[2017.03.23-20.37.36:269][  0]LogPackageName:Warning: Please consider resaving package in order to speed-up loading.
[2017.03.23-20.37.36:269][  0]LogPackageName: SearchForPackageOnDisk took   0.119s to resolve m_FogSheet_02.
[2017.03.23-20.37.36:872][  0]LogEngine: Initializing Engine...
[2017.03.23-20.37.36:874][  0]LogHMD: Failed to initialize OpenVR with code 110
[2017.03.23-20.37.37:299][  0]LogAIModule: Creating AISystem for world Untitled
[2017.03.23-20.37.37:335][  0]LogInit: XAudio2 using 'Haut-parleurs (2- USB Audio Device)' : 2 channels at 44.1 kHz using 16 bits per sample (channel mask 0x3)
[2017.03.23-20.37.37:349][  0]LogInit: FAudioDevice initialized.
[2017.03.23-20.37.37:382][  0]LogDerivedDataCache: Saved boot cache 0.03s 50MB C:/Users/Aratim/AppData/Local/UnrealEngine/4.15/DerivedDataCache/Boot.ddc.
[2017.03.23-20.37.37:396][  0]LogInit: Texture streaming: Enabled
[2017.03.23-20.37.37:512][  0]LogEngineSessionManager: EngineSessionManager initialized
[2017.03.23-20.37.37:623][  0]LogInit: Transaction tracking system initialized
[2017.03.23-20.37.38:000][  0]BlueprintLog: New page: Editor Load
[2017.03.23-20.37.38:997][  0]LocalizationService: Info Localization service is disabled
[2017.03.23-20.37.39:751][  0]LogConsoleResponse:Display: 
[2017.03.23-20.37.40:085][  0]LogCook:Display: Max memory allowance for cook 16384mb min free memory 0mb
[2017.03.23-20.37.40:085][  0]LogCook:Display: Mobile HDR setting 1
[2017.03.23-20.37.40:715][  0]LogFileCache: Scanning file cache for directory 'X:/Aratim/Documents/GitHub/ProjetInfoSolo/IsekaiLife 4.15/Content/' took 0.03s
[2017.03.23-20.37.41:255][  0]SourceControl: Info Source control is disabled
[2017.03.23-20.37.41:331][  0]LogWindowsTextInputMethodSystem:Display: IME system now deactivated.
[2017.03.23-20.37.41:374][  0]LogSlate: Took 0.004548 seconds to synchronously load lazily loaded font '../../../Engine/Content/Slate/Fonts/Roboto-Regular.ttf' (155K)
[2017.03.23-20.37.44:698][  0]LogPackageName:Warning: String asset reference "JW_Ice_Mountain.Mesh.SM_SnowBoulder" is in short form, which is unsupported and -- even if valid -- resolving it will be really slow.
[2017.03.23-20.37.44:698][  0]LogPackageName:Warning: Please consider resaving package in order to speed-up loading.
[2017.03.23-20.37.44:797][  0]LogPackageName: SearchForPackageOnDisk took   0.101s, but failed to resolve JW_Ice_Mountain.
[2017.03.23-20.37.44:797][  0]LogPackageName:Warning: String asset reference "JW_Ice_Mountain.Mesh.SM_SnowBoulder" could not be resolved.
[2017.03.23-20.37.44:863][  0]LogPackageName:Warning: String asset reference "S_Survival_CA_Chicken_02.SM.S_Survival_CA_Chicken_02" is in short form, which is unsupported and -- even if valid -- resolving it will be really slow.
[2017.03.23-20.37.44:863][  0]LogPackageName:Warning: Please consider resaving package in order to speed-up loading.
[2017.03.23-20.37.44:962][  0]LogPackageName: SearchForPackageOnDisk took   0.098s to resolve S_Survival_CA_Chicken_02.
[2017.03.23-20.37.45:626][  0]LogPackageName:Warning: String asset reference "JW_Ice_Mountain.Mesh.SM_SnowBoulder" is in short form, which is unsupported and -- even if valid -- resolving it will be really slow.
[2017.03.23-20.37.45:626][  0]LogPackageName:Warning: Please consider resaving package in order to speed-up loading.
[2017.03.23-20.37.45:726][  0]LogPackageName: SearchForPackageOnDisk took   0.098s, but failed to resolve JW_Ice_Mountain.
[2017.03.23-20.37.45:726][  0]LogPackageName:Warning: String asset reference "JW_Ice_Mountain.Mesh.SM_SnowBoulder" could not be resolved.
[2017.03.23-20.37.45:775][  0]LogPackageName:Warning: String asset reference "Env_ALL_Artifacts.Mesh.Env_ALL_Terminus001" is in short form, which is unsupported and -- even if valid -- resolving it will be really slow.
[2017.03.23-20.37.45:775][  0]LogPackageName:Warning: Please consider resaving package in order to speed-up loading.
[2017.03.23-20.37.45:876][  0]LogPackageName: SearchForPackageOnDisk took   0.108s, but failed to resolve Env_ALL_Artifacts.
[2017.03.23-20.37.45:876][  0]LogPackageName:Warning: String asset reference "Env_ALL_Artifacts.Mesh.Env_ALL_Terminus001" could not be resolved.
[2017.03.23-20.38.28:403][  0]LogWindowsTextInputMethodSystem:Display: IME system now deactivated.
[2017.03.23-20.38.28:416][  0]LogWindowsTextInputMethodSystem:Display: IME system now deactivated.
[2017.03.23-20.38.34:518][  0]LogWindowsTextInputMethodSystem:Display: IME system now deactivated.
[2017.03.23-20.38.34:559][  0]LogWindowsTextInputMethodSystem:Display: IME system now deactivated.
[2017.03.23-20.38.34:565][  0]Cmd: MAP LOAD FILE="X:/Aratim/Documents/GitHub/ProjetInfoSolo/IsekaiLife 4.15/Content/ThirdPersonBP/Maps/ThirdPersonExampleMap.umap" TEMPLATE=0 SHOWPROGRESS=1 FEATURELEVEL=3
[2017.03.23-20.38.34:569][  0]LightingResults: New page: Lighting Build
[2017.03.23-20.38.34:628][  0]MapCheck: New page: Map Check
[2017.03.23-20.38.34:628][  0]LightingResults: New page: Lighting Build
[2017.03.23-20.38.35:043][  0]LogProperty:Error: UStructProperty::Serialize Loading: Property 'StructProperty /Game/InventorySystem/Widgets/DetailWidget.DetailWidget_C:ItemInfo'. Unknown structure.
[2017.03.23-20.38.35:043][  0]LogClass:Warning: Property ItemInfo of ItemInfo has a struct type mismatch (tag STRUCT_REINST_S_ItemInfo_0 != prop FallbackStruct) in package:  X:/Aratim/Documents/GitHub/ProjetInfoSolo/IsekaiLife 4.15/Content/InventorySystem/Widgets/DetailWidget.uasset. If that struct got renamed, add an entry to ActiveStructRedirects.
[2017.03.23-20.38.35:079][  0]LogClass:Warning: Property ItemInfo of ItemInfo has a struct type mismatch (tag FallbackStruct != prop S_ItemInfo) in package:  FObjectReader. If that struct got renamed, add an entry to ActiveStructRedirects.
[2017.03.23-20.38.35:081][  0]LogProperty:Error: UStructProperty::Serialize Loading: Property 'StructProperty /Game/InventorySystem/Widgets/DraggedItem.DraggedItem_C:ItemInfo'. Unknown structure.
[2017.03.23-20.38.35:081][  0]LogClass:Warning: Property ItemInfo of ItemInfo has a struct type mismatch (tag STRUCT_REINST_S_ItemInfo_0 != prop FallbackStruct) in package:  X:/Aratim/Documents/GitHub/ProjetInfoSolo/IsekaiLife 4.15/Content/InventorySystem/Widgets/DraggedItem.uasset. If that struct got renamed, add an entry to ActiveStructRedirects.
[2017.03.23-20.38.35:087][  0]LogClass:Warning: Property ItemInfo of ItemInfo has a struct type mismatch (tag FallbackStruct != prop S_ItemInfo) in package:  FObjectReader. If that struct got renamed, add an entry to ActiveStructRedirects.
[2017.03.23-20.38.36:744][  0]LogAIModule: Creating AISystem for world ThirdPersonExampleMap
[2017.03.23-20.38.36:833][  0]LogEditorServer: Finished looking for orphan Actors (0.000 secs)
[2017.03.23-20.38.36:838][  0]Cmd: MAP CHECKDEP NOCLEARLOG
[2017.03.23-20.38.36:889][  0]MapCheck: Info Map check complete: 0 Error(s), 0 Warning(s), took 51.526ms to complete.
[2017.03.23-20.38.36:889][  0]LogFileHelpers: Loading map 'ThirdPersonExampleMap' took 2.327
[2017.03.23-20.38.37:233][  0]LogStats:Warning: MetaData mismatch. Did you assign a stat to two groups? New //STATGROUP_Threads//SplashScreenThread///Thread_1c4_0///####STATCAT_Advanced#### old //STATGROUP_Threads//SplashScreenThread///Thread_24c0_0///####STATCAT_Advanced####
[2017.03.23-20.38.37:233][  0]LogCollectionManager: Loaded 0 collections in 0.001496 seconds
[2017.03.23-20.38.37:393][  0]LogFileCache: Scanning file cache for directory 'X:/Aratim/Documents/GitHub/ProjetInfoSolo/IsekaiLife 4.15/Saved/Collections/' took 0.01s
[2017.03.23-20.38.37:393][  0]LogFileCache: Scanning file cache for directory 'X:/Aratim/Documents/GitHub/ProjetInfoSolo/IsekaiLife 4.15/Content/Developers/Aratim/Collections/' took 0.01s
[2017.03.23-20.38.37:393][  0]LogFileCache: Scanning file cache for directory 'X:/Aratim/Documents/GitHub/ProjetInfoSolo/IsekaiLife 4.15/Content/Collections/' took 0.01s
[2017.03.23-20.38.37:393][  0]LogCollectionManager: Rebuilt the GUID cache for 0 collections in 0.000002 seconds
[2017.03.23-20.38.37:409][  0]LogContentBrowser: Native class hierarchy populated in 0.0128 seconds. Added 2245 classes and 453 folders.
[2017.03.23-20.38.37:422][  0]LogStats: UGameplayTagsManager::ConstructGameplayTagTree: Construct from data asset -  0.000 s
[2017.03.23-20.38.37:422][  0]LogStats: UGameplayTagsManager::ConstructGameplayTagTree: GameplayTagTreeChangedEvent.Broadcast -  0.000 s
[2017.03.23-20.38.37:508][  0]LogContentBrowser: Native class hierarchy updated for 'WidgetCarousel' in 0.0004 seconds. Added 0 classes and 0 folders.
[2017.03.23-20.38.37:822][  0]LogContentBrowser: Native class hierarchy updated for 'AddContentDialog' in 0.0005 seconds. Added 0 classes and 0 folders.
[2017.03.23-20.38.37:875][  0]LogContentBrowser: Native class hierarchy updated for 'SceneOutliner' in 0.0004 seconds. Added 1 classes and 2 folders.
[2017.03.23-20.38.38:027][  0]LogCrashTracker: Crashtracker disabled due to settings.
[2017.03.23-20.38.38:052][  0]LogUObjectGlobals:Warning: Failed to find object 'Class None.'
[2017.03.23-20.38.38:136][  0]LogContentBrowser: Native class hierarchy updated for 'HierarchicalLODOutliner' in 0.0005 seconds. Added 1 classes and 2 folders.
[2017.03.23-20.38.38:137][  0]LogLoad: (Engine Initialization) Total time: 85.31 seconds
[2017.03.23-20.38.38:137][  0]LogLoad: (Engine Initialization) Total Blueprint compile time: 0.80 seconds
[2017.03.23-20.38.38:137][  0]LogExternalProfiler: Found external profiler: VSPerf
[2017.03.23-20.38.38:137][  0]LogExternalProfiler: Using external profiler: VSPerf
[2017.03.23-20.38.38:149][  0]LogOcInput: OculusInput pre-init called
[2017.03.23-20.38.38:185][  0]LogContentStreaming: Texture pool size now 1000 MB
[2017.03.23-20.38.38:193][  0]LogSlate: Took 0.005051 seconds to synchronously load lazily loaded font '../../../Engine/Content/Slate/Fonts/Roboto-Bold.ttf' (160K)
[2017.03.23-20.38.38:207][  0]LogSlate: Took 0.006600 seconds to synchronously load lazily loaded font '../../../Engine/Content/Editor/Slate/Fonts/FontAwesome.ttf' (139K)
[2017.03.23-20.38.38:418][  0]LogSlate: Took 0.004447 seconds to synchronously load lazily loaded font '../../../Engine/Content/Slate/Fonts/Roboto-Light.ttf' (159K)
[2017.03.23-20.38.38:444][  0]LogRenderer: Reallocating scene render targets to support 1208x576 NumSamples 1 (Frame:2).
[2017.03.23-20.38.38:611][  2]LogEditorViewport: Clicking on Actor (LMB): StaticMeshActor (Floor)
[2017.03.23-20.38.38:775][  2]LogAssetRegistry: Asset discovery search completed in 67.9828 seconds
[2017.03.23-20.38.38:775][  2]LogCollectionManager: Rebuilt the object cache for 0 collections in 0.000008 seconds (found 0 objects)
[2017.03.23-20.38.38:775][  2]LogCollectionManager: Fixed up redirectors for 0 collections in 0.000034 seconds (updated 0 objects)
[2017.03.23-20.38.39:170][ 29]LogSlate: Took 0.000221 seconds to synchronously load lazily loaded font '../../../Engine/Content/Slate/Fonts/Roboto-Light.ttf' (159K)
[2017.03.23-20.38.41:834][337]LogSlate: Took 0.000141 seconds to synchronously load lazily loaded font '../../../Engine/Content/Slate/Fonts/Roboto-Light.ttf' (159K)
[2017.03.23-20.38.42:322][337]LogContentBrowser: Native class hierarchy updated for 'BlueprintGraph' in 0.0010 seconds. Added 112 classes and 0 folders.
[2017.03.23-20.38.44:018][337]LogSlate: Took 0.003370 seconds to synchronously load lazily loaded font '../../../Engine/Content/Editor/Slate/Fonts/Roboto-BoldCondensed.ttf' (158K)
[2017.03.23-20.38.44:274][338]LogSlate: Took 0.005089 seconds to synchronously load lazily loaded font '../../../Engine/Content/Editor/Slate/Fonts/Roboto-Italic.ttf' (157K)
[2017.03.23-20.38.51:154][985]LogTemp: Repeting last play command: Selected Viewport
[2017.03.23-20.38.51:176][985]LogBlueprintUserMessages: Early PlayInEditor Detection: Level '/Game/ThirdPersonBP/Maps/ThirdPersonExampleMap.ThirdPersonExampleMap:PersistentLevel' has LevelScriptBlueprint '/Game/ThirdPersonBP/Maps/ThirdPersonExampleMap.ThirdPersonExampleMap:PersistentLevel.ThirdPersonExampleMap' with GeneratedClass '/Game/ThirdPersonBP/Maps/ThirdPersonExampleMap.ThirdPersonExampleMap_C' with ClassGeneratedBy '/Game/ThirdPersonBP/Maps/ThirdPersonExampleMap.ThirdPersonExampleMap:PersistentLevel.ThirdPersonExampleMap'
[2017.03.23-20.38.51:177][985]LogPlayLevel: PlayLevel: No blueprints needed recompiling
[2017.03.23-20.38.51:181][985]PIE: New page: PIE session: ThirdPersonExampleMap (Mar 23, 2017, 10:38:51 PM)
[2017.03.23-20.38.51:183][985]LogPlayLevel: Creating play world package: /Game/ThirdPersonBP/Maps/UEDPIE_0_ThirdPersonExampleMap
[2017.03.23-20.38.51:214][985]LogPlayLevel: PIE: StaticDuplicateObject took: (0.031805s)
[2017.03.23-20.38.51:216][985]LogAIModule: Creating AISystem for world ThirdPersonExampleMap
[2017.03.23-20.38.51:216][985]LogPlayLevel: PIE: World Init took: (0.001562s)
[2017.03.23-20.38.51:217][985]LogPlayLevel: PIE: Created PIE world by copying editor world from /Game/ThirdPersonBP/Maps/ThirdPersonExampleMap.ThirdPersonExampleMap to /Game/ThirdPersonBP/Maps/UEDPIE_0_ThirdPersonExampleMap.ThirdPersonExampleMap (0.034411s)
[2017.03.23-20.38.51:289][985]LogInit: XAudio2 using 'Haut-parleurs (2- USB Audio Device)' : 2 channels at 44.1 kHz using 16 bits per sample (channel mask 0x3)
[2017.03.23-20.38.51:295][985]LogInit: FAudioDevice initialized.
[2017.03.23-20.38.51:377][985]LogBlueprint:Warning: [Compiler ThirdPersonCharacter] Warning InputAction Event references unknown Action 'ResetVR' for  InputAction ResetVR
[2017.03.23-20.38.51:384][985]LogBlueprint:Warning: [Compiler ThirdPersonCharacter] Warning [0098.56] Compile of ThirdPersonCharacter successful, but with 1 Warning(s) [in 15 ms] (/Game/ThirdPersonBP/Blueprints/ThirdPersonCharacter.ThirdPersonCharacter)
[2017.03.23-20.38.51:385][985]LogBlueprint:Warning: [Compiler ThirdPersonCharacter] Warning [0098.56] Compile of ThirdPersonCharacter successful, but with 2 Warning(s) [in 0 ms] (/Game/ThirdPersonBP/Blueprints/ThirdPersonCharacter.ThirdPersonCharacter)
[2017.03.23-20.38.51:385][985]LogBlueprint:Warning: [Compiler ThirdPersonCharacter] Warning [0098.56] Compile of ThirdPersonCharacter successful, but with 3 Warning(s) [in 0 ms] (/Game/ThirdPersonBP/Blueprints/ThirdPersonCharacter.ThirdPersonCharacter)
[2017.03.23-20.38.51:406][985]LogBlueprint:Warning: [Compiler ThirdPersonCharacter] Warning InputAction Event references unknown Action 'ResetVR' for  InputAction ResetVR
[2017.03.23-20.38.51:413][985]LogBlueprint:Warning: [Compiler ThirdPersonCharacter] Warning [0098.58] Compile of ThirdPersonCharacter successful, but with 1 Warning(s) [in 14 ms] (/Game/ThirdPersonBP/Blueprints/ThirdPersonCharacter.ThirdPersonCharacter)
[2017.03.23-20.38.51:413][985]LogBlueprint:Warning: [Compiler ThirdPersonCharacter] Warning [0098.58] Compile of ThirdPersonCharacter successful, but with 2 Warning(s) [in 0 ms] (/Game/ThirdPersonBP/Blueprints/ThirdPersonCharacter.ThirdPersonCharacter)
[2017.03.23-20.38.51:413][985]LogBlueprint:Warning: [Compiler ThirdPersonCharacter] Warning [0098.58] Compile of ThirdPersonCharacter successful, but with 3 Warning(s) [in 0 ms] (/Game/ThirdPersonBP/Blueprints/ThirdPersonCharacter.ThirdPersonCharacter)
[2017.03.23-20.38.51:434][985]LogLoad: Game class is 'ThirdPersonGameMode_C'
[2017.03.23-20.38.51:440][985]LogWorld: Bringing World /Game/ThirdPersonBP/Maps/UEDPIE_0_ThirdPersonExampleMap.ThirdPersonExampleMap up for play (max tick rate 0) at 2017.03.23-21.38.51
[2017.03.23-20.38.51:444][985]LogWorld: Bringing up level for play took: 0.008004
[2017.03.23-20.38.51:541][985]LogContentBrowser: Native class hierarchy updated for 'MovieSceneCapture' in 0.0009 seconds. Added 11 classes and 0 folders.
[2017.03.23-20.38.51:575][985]PIE: Info Play in editor start time for /Game/ThirdPersonBP/Maps/UEDPIE_0_ThirdPersonExampleMap -0.055
[2017.03.23-20.38.51:576][985]LogBlueprintUserMessages: Late PlayInEditor Detection: Level '/Game/ThirdPersonBP/Maps/ThirdPersonExampleMap.ThirdPersonExampleMap:PersistentLevel' has LevelScriptBlueprint '/Game/ThirdPersonBP/Maps/ThirdPersonExampleMap.ThirdPersonExampleMap:PersistentLevel.ThirdPersonExampleMap' with GeneratedClass '/Game/ThirdPersonBP/Maps/ThirdPersonExampleMap.ThirdPersonExampleMap_C' with ClassGeneratedBy '/Game/ThirdPersonBP/Maps/ThirdPersonExampleMap.ThirdPersonExampleMap:PersistentLevel.ThirdPersonExampleMap'
[2017.03.23-20.38.51:607][985]LogRenderer: Reallocating scene render targets to support 1292x756 NumSamples 1 (Frame:372).
[2017.03.23-20.38.54:153][271]LogScriptCore:Warning: Script Msg: Attempted to access index 0 from array NearbyPickupActor of length 0!
[2017.03.23-20.38.54:154][271]LogScriptCore:Warning: Script Msg: Attempted to access index 0 from array NearbyPickupActor of length 0!
[2017.03.23-20.38.55:885][477]LogScriptCore:Warning: Script Msg: Attempted to access index 0 from array NearbyPickupActor of length 0!
[2017.03.23-20.38.55:885][477]LogScriptCore:Warning: Script Msg: Attempted to access index 0 from array NearbyPickupActor of length 0!
[2017.03.23-20.39.26:209][106]LogScriptCore:Warning: Script Msg: Attempted to access index 0 from array NearbyPickupActor of length 0!
[2017.03.23-20.39.44:158][248]LogBlueprintUserMessages: Early EndPlayMap Detection: Level '/Game/ThirdPersonBP/Maps/ThirdPersonExampleMap.ThirdPersonExampleMap:PersistentLevel' has LevelScriptBlueprint '/Game/ThirdPersonBP/Maps/ThirdPersonExampleMap.ThirdPersonExampleMap:PersistentLevel.ThirdPersonExampleMap' with GeneratedClass '/Game/ThirdPersonBP/Maps/ThirdPersonExampleMap.ThirdPersonExampleMap_C' with ClassGeneratedBy '/Game/ThirdPersonBP/Maps/ThirdPersonExampleMap.ThirdPersonExampleMap:PersistentLevel.ThirdPersonExampleMap'
[2017.03.23-20.39.44:297][248]LogBlueprintUserMessages: Late EndPlayMap Detection: Level '/Game/ThirdPersonBP/Maps/ThirdPersonExampleMap.ThirdPersonExampleMap:PersistentLevel' has LevelScriptBlueprint '/Game/ThirdPersonBP/Maps/ThirdPersonExampleMap.ThirdPersonExampleMap:PersistentLevel.ThirdPersonExampleMap' with GeneratedClass '/Game/ThirdPersonBP/Maps/ThirdPersonExampleMap.ThirdPersonExampleMap_C' with ClassGeneratedBy '/Game/ThirdPersonBP/Maps/ThirdPersonExampleMap.ThirdPersonExampleMap:PersistentLevel.ThirdPersonExampleMap'
[2017.03.23-20.39.51:812][129]LogActorComponent: UnregisterComponent: (/Engine/Transient.EditorFloorComp) Not registered. Aborting.
[2017.03.23-20.39.51:894][129]LogActorComponent: UnregisterComponent: (/Engine/Transient.EditorFloorComp) Not registered. Aborting.
[2017.03.23-20.39.51:942][129]LogWindowsTextInputMethodSystem:Display: IME system now deactivated.
[2017.03.23-20.39.52:146][130]Cmd: QUIT_EDITOR
[2017.03.23-20.39.52:436][130]LogExit: Preparing to exit.
[2017.03.23-20.39.53:367][130]LogExit: Editor shut down
[2017.03.23-20.39.53:368][130]LogExit: Transaction tracking system shut down
[2017.03.23-20.39.53:531][130]LogObj: Freed 0b from 0 cluster array pools.
[2017.03.23-20.39.53:531][130]LogExit: Object subsystem successfully closed.
[2017.03.23-20.39.53:557][130]LogD3D11RHI: Shutdown
[2017.03.23-20.39.53:557][130]LogD3D11RHI: CleanupD3DDevice
[2017.03.23-20.39.53:629][130]LogD3D11RHI: ~FD3D11DynamicRHI
[2017.03.23-20.39.53:668][130]LogModuleManager: Shutting down and abandoning module MovieSceneCapture (506)
[2017.03.23-20.39.53:668][130]LogModuleManager: Shutting down and abandoning module SequencerWidgets (504)
[2017.03.23-20.39.53:668][130]LogModuleManager: Shutting down and abandoning module BlueprintGraph (502)
[2017.03.23-20.39.53:668][130]LogModuleManager: Shutting down and abandoning module BlueprintProfiler (500)
[2017.03.23-20.39.53:670][130]LogModuleManager: Shutting down and abandoning module HierarchicalLODOutliner (498)
[2017.03.23-20.39.53:671][130]LogModuleManager: Shutting down and abandoning module CrashTracker (496)
[2017.03.23-20.39.53:671][130]LogModuleManager: Shutting down and abandoning module SceneOutliner (494)
[2017.03.23-20.39.53:671][130]LogModuleManager: Shutting down and abandoning module AddContentDialog (492)
[2017.03.23-20.39.53:671][130]LogDirectoryWatcher: A directory notification for 'C:/Program Files/Epic Games/UE_4.15/FeaturePacks/' was aborted.
[2017.03.23-20.39.53:673][130]LogModuleManager: Shutting down and abandoning module WidgetCarousel (491)
[2017.03.23-20.39.53:673][130]LogModuleManager: Shutting down and abandoning module EditorWidgets (488)
[2017.03.23-20.39.53:673][130]LogModuleManager: Shutting down and abandoning module CollectionManager (486)
[2017.03.23-20.39.53:674][130]LogDirectoryWatcher: A directory notification for 'X:/Aratim/Documents/GitHub/ProjetInfoSolo/IsekaiLife 4.15/Content/Collections/' was aborted.
[2017.03.23-20.39.53:674][130]LogDirectoryWatcher: A directory notification for 'X:/Aratim/Documents/GitHub/ProjetInfoSolo/IsekaiLife 4.15/Content/Developers/Aratim/Collections/' was aborted.
[2017.03.23-20.39.53:674][130]LogDirectoryWatcher: A directory notification for 'X:/Aratim/Documents/GitHub/ProjetInfoSolo/IsekaiLife 4.15/Saved/Collections/' was aborted.
[2017.03.23-20.39.53:674][130]LogModuleManager: Shutting down and abandoning module StatsViewer (484)
[2017.03.23-20.39.53:675][130]LogModuleManager: Shutting down and abandoning module FoliageEdit (482)
[2017.03.23-20.39.53:675][130]LogModuleManager: Shutting down and abandoning module LandscapeEditor (480)
[2017.03.23-20.39.53:675][130]LogModuleManager: Shutting down and abandoning module SceneDepthPickerMode (478)
[2017.03.23-20.39.53:675][130]LogModuleManager: Shutting down and abandoning module ActorPickerMode (476)
[2017.03.23-20.39.53:675][130]LogModuleManager: Shutting down and abandoning module GeometryMode (474)
[2017.03.23-20.39.53:675][130]LogModuleManager: Shutting down and abandoning module TextureAlignMode (472)
[2017.03.23-20.39.53:675][130]LogModuleManager: Shutting down and abandoning module BspMode (470)
[2017.03.23-20.39.53:676][130]LogModuleManager: Shutting down and abandoning module HardwareSurvey (468)
[2017.03.23-20.39.53:676][130]LogModuleManager: Shutting down and abandoning module SequenceRecorderSections (466)
[2017.03.23-20.39.53:676][130]LogModuleManager: Shutting down and abandoning module AutomationWorker (464)
[2017.03.23-20.39.53:676][130]LogModuleManager: Shutting down and abandoning module MatineeToLevelSequence (462)
[2017.03.23-20.39.53:676][130]LogModuleManager: Shutting down and abandoning module LevelSequenceEditor (460)
[2017.03.23-20.39.53:678][130]LogModuleManager: Shutting down and abandoning module PlacementMode (459)
[2017.03.23-20.39.53:678][130]LogModuleManager: Shutting down and abandoning module WmfMediaFactory (456)
[2017.03.23-20.39.53:678][130]LogModuleManager: Shutting down and abandoning module WmfMediaEditor (454)
[2017.03.23-20.39.53:678][130]LogModuleManager: Shutting down and abandoning module MfMediaFactory (452)
[2017.03.23-20.39.53:678][130]LogModuleManager: Shutting down and abandoning module MfMediaEditor (450)
[2017.03.23-20.39.53:678][130]LogModuleManager: Shutting down and abandoning module AvfMediaFactory (448)
[2017.03.23-20.39.53:678][130]LogModuleManager: Shutting down and abandoning module AvfMediaEditor (446)
[2017.03.23-20.39.53:678][130]LogModuleManager: Shutting down and abandoning module AndroidMediaFactory (444)
[2017.03.23-20.39.53:678][130]LogModuleManager: Shutting down and abandoning module Media (443)
[2017.03.23-20.39.53:678][130]LogModuleManager: Shutting down and abandoning module AndroidMediaEditor (440)
[2017.03.23-20.39.53:678][130]LogModuleManager: Shutting down and abandoning module CharacterAI (438)
[2017.03.23-20.39.53:678][130]LogModuleManager: Shutting down and abandoning module AudioCapture (436)
[2017.03.23-20.39.53:678][130]LogModuleManager: Shutting down and abandoning module SequenceRecorder (435)
[2017.03.23-20.39.53:680][130]LogModuleManager: Shutting down and abandoning module SmartSnapping (432)
[2017.03.23-20.39.53:680][130]LogModuleManager: Shutting down and abandoning module SessionServices (430)
[2017.03.23-20.39.53:680][130]LogModuleManager: Shutting down and abandoning module ViewportSnapping (428)
[2017.03.23-20.39.53:680][130]LogModuleManager: Shutting down and abandoning module ViewportInteraction (426)
[2017.03.23-20.39.53:680][130]LogModuleManager: Shutting down and abandoning module LogVisualizer (424)
[2017.03.23-20.39.53:681][130]LogModuleManager: Shutting down and abandoning module IntroTutorials (422)
[2017.03.23-20.39.53:682][130]LogModuleManager: Shutting down and abandoning module GameProjectGeneration (421)
[2017.03.23-20.39.53:683][130]LogModuleManager: Shutting down and abandoning module EditorLiveStreaming (418)
[2017.03.23-20.39.53:683][130]LogModuleManager: Shutting down and abandoning module IOSPlatformEditor (416)
[2017.03.23-20.39.53:683][130]LogModuleManager: Shutting down and abandoning module HTML5PlatformEditor (414)
[2017.03.23-20.39.53:683][130]LogModuleManager: Shutting down and abandoning module AndroidPlatformEditor (412)
[2017.03.23-20.39.53:684][130]LogModuleManager: Shutting down and abandoning module AndroidDeviceDetection (411)
[2017.03.23-20.39.54:462][130]LogModuleManager: Shutting down and abandoning module IOSRuntimeSettings (408)
[2017.03.23-20.39.54:462][130]LogModuleManager: Shutting down and abandoning module AndroidRuntimeSettings (406)
[2017.03.23-20.39.54:462][130]LogModuleManager: Shutting down and abandoning module InputBindingEditor (404)
[2017.03.23-20.39.54:463][130]LogModuleManager: Shutting down and abandoning module NiagaraEditor (402)
[2017.03.23-20.39.54:465][130]LogModuleManager: Shutting down and abandoning module MergeActors (400)
[2017.03.23-20.39.54:466][130]LogModuleManager: Shutting down and abandoning module SizeMap (398)
[2017.03.23-20.39.54:466][130]LogModuleManager: Shutting down and abandoning module TreeMap (396)
[2017.03.23-20.39.54:467][130]LogModuleManager: Shutting down and abandoning module ReferenceViewer (394)
[2017.03.23-20.39.54:467][130]LogModuleManager: Shutting down and abandoning module LocalizationDashboard (392)
[2017.03.23-20.39.54:467][130]LogModuleManager: Shutting down and abandoning module LocalizationService (391)
[2017.03.23-20.39.54:468][130]LogModuleManager: Shutting down and abandoning module HardwareTargeting (388)
[2017.03.23-20.39.54:469][130]LogModuleManager: Shutting down and abandoning module DeviceProfileEditor (386)
[2017.03.23-20.39.54:469][130]LogModuleManager: Shutting down and abandoning module UndoHistory (384)
[2017.03.23-20.39.54:470][130]LogModuleManager: Shutting down and abandoning module UserFeedback (382)
[2017.03.23-20.39.54:470][130]LogModuleManager: Shutting down and abandoning module XmlParser (380)
[2017.03.23-20.39.54:470][130]LogModuleManager: Shutting down and abandoning module Blutility (378)
[2017.03.23-20.39.54:470][130]LogModuleManager: Shutting down and abandoning module ProjectSettingsViewer (376)
[2017.03.23-20.39.54:470][130]LogModuleManager: Shutting down and abandoning module ProjectTargetPlatformEditor (375)
[2017.03.23-20.39.54:470][130]LogModuleManager: Shutting down and abandoning module EditorSettingsViewer (372)
[2017.03.23-20.39.54:470][130]LogModuleManager: Shutting down and abandoning module SettingsEditor (370)
[2017.03.23-20.39.54:472][130]LogModuleManager: Shutting down and abandoning module ProjectLauncher (368)
[2017.03.23-20.39.54:472][130]LogModuleManager: Shutting down and abandoning module SessionFrontend (366)
[2017.03.23-20.39.54:474][130]LogModuleManager: Shutting down and abandoning module ProfilerClient (364)
[2017.03.23-20.39.54:474][130]LogModuleManager: Shutting down and abandoning module DeviceManager (362)
[2017.03.23-20.39.54:476][130]LogModuleManager: Shutting down and abandoning module TargetDeviceServices (361)
[2017.03.23-20.39.54:517][130]LogModuleManager: Shutting down and abandoning module AutomationController (358)
[2017.03.23-20.39.54:518][130]LogModuleManager: Shutting down and abandoning module AutomationWindow (356)
[2017.03.23-20.39.54:520][130]LogModuleManager: Shutting down and abandoning module Layers (354)
[2017.03.23-20.39.54:523][130]LogModuleManager: Shutting down and abandoning module ComponentVisualizers (352)
[2017.03.23-20.39.54:523][130]LogModuleManager: Shutting down and abandoning module DetailCustomizations (350)
[2017.03.23-20.39.54:525][130]LogModuleManager: Shutting down and abandoning module PackagesDialog (348)
[2017.03.23-20.39.54:526][130]LogModuleManager: Shutting down and abandoning module Persona (346)
[2017.03.23-20.39.54:529][130]LogModuleManager: Shutting down and abandoning module AnimGraph (345)
[2017.03.23-20.39.54:529][130]LogModuleManager: Shutting down and abandoning module Kismet (342)
[2017.03.23-20.39.54:553][130]LogModuleManager: Shutting down and abandoning module GraphEditor (340)
[2017.03.23-20.39.54:553][130]LogModuleManager: Shutting down and abandoning module ClassViewer (338)
[2017.03.23-20.39.54:553][130]LogModuleManager: Shutting down and abandoning module Toolbox (336)
[2017.03.23-20.39.54:553][130]LogModuleManager: Shutting down and abandoning module ModuleUI (334)
[2017.03.23-20.39.54:554][130]LogModuleManager: Shutting down and abandoning module MovieSceneTools (332)
[2017.03.23-20.39.54:554][130]LogModuleManager: Shutting down and abandoning module OutputLog (330)
[2017.03.23-20.39.54:556][130]LogModuleManager: Shutting down and abandoning module GammaUI (328)
[2017.03.23-20.39.54:556][130]LogModuleManager: Shutting down and abandoning module Documentation (326)
[2017.03.23-20.39.54:556][130]LogModuleManager: Shutting down and abandoning module Niagara (324)
[2017.03.23-20.39.54:556][130]LogModuleManager: Shutting down and abandoning module StreamingPauseRendering (322)
[2017.03.23-20.39.54:556][130]LogModuleManager: Shutting down and abandoning module AnalyticsET (320)
[2017.03.23-20.39.54:556][130]LogModuleManager: Shutting down and abandoning module PortalServices (318)
[2017.03.23-20.39.54:556][130]LogModuleManager: Shutting down and abandoning module PortalRpc (316)
[2017.03.23-20.39.54:556][130]LogModuleManager: Shutting down and abandoning module MessagingRpc (314)
[2017.03.23-20.39.54:557][130]LogModuleManager: Shutting down and abandoning module AIModule (312)
[2017.03.23-20.39.54:557][130]LogModuleManager: Shutting down and abandoning module GameplayDebugger (311)
[2017.03.23-20.39.54:557][130]LogModuleManager: Shutting down and abandoning module AITestSuite (309)
[2017.03.23-20.39.54:557][130]LogModuleManager: Shutting down and abandoning module ProfilerService (306)
[2017.03.23-20.39.54:703][130]LogModuleManager: Shutting down and abandoning module TaskGraph (304)
[2017.03.23-20.39.54:705][130]LogModuleManager: Shutting down and abandoning module SteamVRController (302)
[2017.03.23-20.39.54:705][130]LogModuleManager: Shutting down and abandoning module SteamVR (300)
[2017.03.23-20.39.54:705][130]LogModuleManager: Shutting down and abandoning module ProceduralMeshComponentEditor (298)
[2017.03.23-20.39.54:705][130]LogModuleManager: Shutting down and abandoning module ProceduralMeshComponent (296)
[2017.03.23-20.39.54:706][130]LogModuleManager: Shutting down and abandoning module OculusLibrary (294)
[2017.03.23-20.39.54:706][130]LogModuleManager: Shutting down and abandoning module OculusInput (292)
[2017.03.23-20.39.54:706][130]LogModuleManager: Shutting down and abandoning module MobilePatchingUtils (290)
[2017.03.23-20.39.54:706][130]LogModuleManager: Shutting down and abandoning module CustomMeshComponent (288)
[2017.03.23-20.39.54:706][130]LogModuleManager: Shutting down and abandoning module CableComponent (286)
[2017.03.23-20.39.54:706][130]LogModuleManager: Shutting down and abandoning module ArchVisCharacter (284)
[2017.03.23-20.39.54:706][130]LogModuleManager: Shutting down and abandoning module MediaPlayerEditor (280)
[2017.03.23-20.39.54:709][130]LogModuleManager: Shutting down and abandoning module HTML5Networking (278)
[2017.03.23-20.39.54:709][130]LogModuleManager: Shutting down and abandoning module AlembicImporter (276)
[2017.03.23-20.39.54:709][130]LogModuleManager: Shutting down and abandoning module AlembicLibrary (275)
[2017.03.23-20.39.54:709][130]LogModuleManager: Shutting down and abandoning module GeometryCache (274)
[2017.03.23-20.39.54:709][130]LogModuleManager: Shutting down and abandoning module GeometryCacheEd (273)
[2017.03.23-20.39.54:709][130]LogModuleManager: Shutting down and abandoning module SuperSearchEditor (268)
[2017.03.23-20.39.54:709][130]LogModuleManager: Shutting down and abandoning module SuperSearch (267)
[2017.03.23-20.39.54:709][130]LogModuleManager: Shutting down and abandoning module SpeedTreeImporter (264)
[2017.03.23-20.39.54:709][130]LogModuleManager: Shutting down and abandoning module PluginBrowser (262)
[2017.03.23-20.39.54:711][130]LogModuleManager: Shutting down and abandoning module MobileLauncherProfileWizard (260)
[2017.03.23-20.39.54:712][130]LogModuleManager: Shutting down and abandoning module EpicSurvey (258)
[2017.03.23-20.39.54:712][130]LogModuleManager: Shutting down and abandoning module VisualStudioSourceCodeAccess (256)
[2017.03.23-20.39.54:712][130]LogModuleManager: Shutting down and abandoning module DesktopPlatform (255)
[2017.03.23-20.39.54:712][130]LogModuleManager: Shutting down and abandoning module UObjectPlugin (252)
[2017.03.23-20.39.54:712][130]LogModuleManager: Shutting down and abandoning module SubversionSourceControl (250)
[2017.03.23-20.39.54:714][130]LogModuleManager: Shutting down and abandoning module PerforceSourceControl (248)
[2017.03.23-20.39.54:715][130]LogModuleManager: Shutting down and abandoning module GitSourceControl (246)
[2017.03.23-20.39.54:715][130]LogModuleManager: Shutting down and abandoning module SourceControl (245)
[2017.03.23-20.39.54:716][130]LogModuleManager: Shutting down and abandoning module LightPropagationVolumeEditor (242)
[2017.03.23-20.39.54:716][130]LogModuleManager: Shutting down and abandoning module PaperTiledImporter (240)
[2017.03.23-20.39.54:716][130]LogModuleManager: Shutting down and abandoning module PaperSpriteSheetImporter (238)
[2017.03.23-20.39.54:716][130]LogModuleManager: Shutting down and abandoning module Paper2DEditor (236)
[2017.03.23-20.39.54:717][130]LogModuleManager: Shutting down and abandoning module MeshPaint (235)
[2017.03.23-20.39.54:717][130]LogModuleManager: Shutting down and abandoning module LevelEditor (233)
[2017.03.23-20.39.54:719][130]LogModuleManager: Shutting down and abandoning module PixelInspectorModule (232)
[2017.03.23-20.39.54:720][130]LogModuleManager: Shutting down and abandoning module MainFrame (230)
[2017.03.23-20.39.54:720][130]LogModuleManager: Shutting down and abandoning module HotReload (229)
[2017.03.23-20.39.54:721][130]LogModuleManager: Shutting down and abandoning module ContentBrowser (225)
[2017.03.23-20.39.54:722][130]LogModuleManager: Shutting down and abandoning module PhysXVehiclesEditor (222)
[2017.03.23-20.39.54:722][130]LogModuleManager: Shutting down and abandoning module PhysXVehicles (220)
[2017.03.23-20.39.54:722][130]LogModuleManager: Shutting down and abandoning module LocationServicesBPLibrary (218)
[2017.03.23-20.39.54:722][130]LogModuleManager: Shutting down and abandoning module UdpMessaging (216)
[2017.03.23-20.39.54:822][130]LogModuleManager: Shutting down and abandoning module TcpMessaging (214)
[2017.03.23-20.39.54:923][130]LogModuleManager: Shutting down and abandoning module GameplayTagsEditor (212)
[2017.03.23-20.39.54:924][130]LogModuleManager: Shutting down and abandoning module FacialAnimationEditor (210)
[2017.03.23-20.39.54:925][130]LogModuleManager: Shutting down and abandoning module FacialAnimation (208)
[2017.03.23-20.39.54:925][130]LogModuleManager: Shutting down and abandoning module LightPropagationVolumeRuntime (206)
[2017.03.23-20.39.54:925][130]LogModuleManager: Shutting down and abandoning module Paper2D (204)
[2017.03.23-20.39.54:925][130]LogModuleManager: Shutting down and abandoning module WindowsMoviePlayer (202)
[2017.03.23-20.39.54:925][130]LogModuleManager: Shutting down and abandoning module WmfMedia (200)
[2017.03.23-20.39.54:926][130]LogModuleManager: Shutting down and abandoning module MfMedia (198)
[2017.03.23-20.39.54:926][130]LogModuleManager: Shutting down and abandoning module MediaAssets (196)
[2017.03.23-20.39.54:926][130]LogModuleManager: Shutting down and abandoning module GameLiveStreaming (194)
[2017.03.23-20.39.54:926][130]LogModuleManager: Shutting down and abandoning module VREditor (192)
[2017.03.23-20.39.54:926][130]LogModuleManager: Shutting down and abandoning module GameplayTasksEditor (190)
[2017.03.23-20.39.54:926][130]LogModuleManager: Shutting down and abandoning module BehaviorTreeEditor (188)
[2017.03.23-20.39.54:929][130]LogModuleManager: Shutting down and abandoning module FunctionalTesting (186)
[2017.03.23-20.39.54:929][130]LogModuleManager: Shutting down and abandoning module CollisionAnalyzer (184)
[2017.03.23-20.39.54:931][130]LogModuleManager: Shutting down and abandoning module UMG (182)
[2017.03.23-20.39.54:931][130]LogModuleManager: Shutting down and abandoning module UMGEditor (181)
[2017.03.23-20.39.54:931][130]LogModuleManager: Shutting down and abandoning module Sequencer (180)
[2017.03.23-20.39.54:931][130]LogModuleManager: Shutting down and abandoning module AssetTools (178)
[2017.03.23-20.39.54:936][130]LogModuleManager: Shutting down and abandoning module MessageLog (177)
[2017.03.23-20.39.54:936][130]LogModuleManager: Shutting down and abandoning module WorkspaceMenuStructure (176)
[2017.03.23-20.39.54:936][130]LogModuleManager: Shutting down and abandoning module SlateReflector (170)
[2017.03.23-20.39.54:939][130]LogModuleManager: Shutting down and abandoning module Slate (168)
[2017.03.23-20.39.54:940][130]LogModuleManager: Shutting down and abandoning module EditorStyle (166)
[2017.03.23-20.39.54:949][130]LogModuleManager: Shutting down and abandoning module SourceCodeAccess (164)
[2017.03.23-20.39.54:950][130]LogModuleManager: Shutting down and abandoning module HeadMountedDisplay (162)
[2017.03.23-20.39.54:950][130]LogModuleManager: Shutting down and abandoning module XAudio2 (160)
[2017.03.23-20.39.54:950][130]LogModuleManager: Shutting down and abandoning module Networking (158)
[2017.03.23-20.39.54:950][130]LogModuleManager: Shutting down and abandoning module Core (154)
[2017.03.23-20.39.54:950][130]LogModuleManager: Shutting down and abandoning module AssetRegistry (152)
[2017.03.23-20.39.55:139][130]LogDirectoryWatcher: A directory notification for '../../../Engine/Content/' was aborted.
[2017.03.23-20.39.55:140][130]LogDirectoryWatcher: A directory notification for 'X:/Aratim/Documents/GitHub/ProjetInfoSolo/IsekaiLife 4.15/Content/' was aborted.
[2017.03.23-20.39.55:140][130]LogDirectoryWatcher: A directory notification for '../../../Engine/Plugins/2D/Paper2D/Content/' was aborted.
[2017.03.23-20.39.55:140][130]LogModuleManager: Shutting down and abandoning module DirectoryWatcher (151)
[2017.03.23-20.39.55:141][130]LogModuleManager: Shutting down and abandoning module KismetCompiler (148)
[2017.03.23-20.39.55:141][130]LogModuleManager: Shutting down and abandoning module PhysXFormats (146)
[2017.03.23-20.39.55:141][130]LogModuleManager: Shutting down and abandoning module MeshUtilities (144)
[2017.03.23-20.39.55:143][130]LogModuleManager: Shutting down and abandoning module SimplygonSwarm (143)
[2017.03.23-20.39.55:143][130]LogModuleManager: Shutting down and abandoning module SimplygonMeshReduction (141)
[2017.03.23-20.39.55:143][130]LogModuleManager: Shutting down and abandoning module QuadricMeshReduction (139)
[2017.03.23-20.39.55:143][130]LogModuleManager: Shutting down and abandoning module PropertyEditor (137)
[2017.03.23-20.39.55:143][130]LogModuleManager: Shutting down and abandoning module DerivedDataCache (134)
[2017.03.23-20.39.55:175][130]LogDerivedDataCache: Shutdown
[2017.03.23-20.39.55:176][130]LogModuleManager: Shutting down and abandoning module TargetPlatform (132)
[2017.03.23-20.39.55:176][130]LogModuleManager: Shutting down and abandoning module VulkanShaderFormat (131)
[2017.03.23-20.39.55:176][130]LogModuleManager: Shutting down and abandoning module ShaderFormatOpenGL (129)
[2017.03.23-20.39.55:177][130]LogModuleManager: Shutting down and abandoning module ShaderFormatD3D (127)
[2017.03.23-20.39.55:177][130]LogModuleManager: Shutting down and abandoning module MetalShaderFormat (125)
[2017.03.23-20.39.55:178][130]LogModuleManager: Shutting down and abandoning module TextureFormatUncompressed (123)
[2017.03.23-20.39.55:178][130]LogModuleManager: Shutting down and abandoning module TextureFormatPVR (121)
[2017.03.23-20.39.55:178][130]LogModuleManager: Shutting down and abandoning module TextureFormatDXT (119)
[2017.03.23-20.39.55:178][130]LogModuleManager: Shutting down and abandoning module TextureFormatIntelISPCTexComp (117)
[2017.03.23-20.39.55:179][130]LogModuleManager: Shutting down and abandoning module TextureFormatASTC (115)
[2017.03.23-20.39.55:179][130]LogModuleManager: Shutting down and abandoning module ImageWrapper (114)
[2017.03.23-20.39.55:179][130]LogModuleManager: Shutting down and abandoning module TextureFormatAndroid (111)
[2017.03.23-20.39.55:179][130]LogModuleManager: Shutting down and abandoning module AudioFormatOpus (109)
[2017.03.23-20.39.55:179][130]LogModuleManager: Shutting down and abandoning module AudioFormatOgg (107)
[2017.03.23-20.39.55:179][130]LogModuleManager: Shutting down and abandoning module AudioFormatADPCM (105)
[2017.03.23-20.39.55:179][130]LogModuleManager: Shutting down and abandoning module LinuxTargetPlatform (103)
[2017.03.23-20.39.55:179][130]LogModuleManager: Shutting down and abandoning module LinuxServerTargetPlatform (101)
[2017.03.23-20.39.55:179][130]LogModuleManager: Shutting down and abandoning module LinuxNoEditorTargetPlatform (99)
[2017.03.23-20.39.55:179][130]LogModuleManager: Shutting down and abandoning module LinuxClientTargetPlatform (97)
[2017.03.23-20.39.55:179][130]LogModuleManager: Shutting down and abandoning module TVOSTargetPlatform (95)
[2017.03.23-20.39.55:179][130]LogModuleManager: Shutting down and abandoning module Messaging (93)
[2017.03.23-20.39.55:179][130]LogModuleManager: Shutting down and abandoning module IOSTargetPlatform (91)
[2017.03.23-20.39.55:179][130]LogModuleManager: Shutting down and abandoning module HTML5TargetPlatform (89)
[2017.03.23-20.39.55:179][130]LogModuleManager: Shutting down and abandoning module Android_PVRTCTargetPlatform (87)
[2017.03.23-20.39.55:179][130]LogModuleManager: Shutting down and abandoning module Android_MultiTargetPlatform (85)
[2017.03.23-20.39.55:179][130]LogModuleManager: Shutting down and abandoning module Android_ETC2TargetPlatform (83)
[2017.03.23-20.39.55:179][130]LogModuleManager: Shutting down and abandoning module Android_ETC1TargetPlatform (81)
[2017.03.23-20.39.55:179][130]LogModuleManager: Shutting down and abandoning module Android_DXTTargetPlatform (79)
[2017.03.23-20.39.55:179][130]LogModuleManager: Shutting down and abandoning module Android_ATCTargetPlatform (77)
[2017.03.23-20.39.55:179][130]LogModuleManager: Shutting down and abandoning module Android_ASTCTargetPlatform (75)
[2017.03.23-20.39.55:179][130]LogModuleManager: Shutting down and abandoning module AndroidTargetPlatform (73)
[2017.03.23-20.39.55:179][130]LogModuleManager: Shutting down and abandoning module WindowsTargetPlatform (71)
[2017.03.23-20.39.55:179][130]LogModuleManager: Shutting down and abandoning module WindowsServerTargetPlatform (69)
[2017.03.23-20.39.55:179][130]LogModuleManager: Shutting down and abandoning module WindowsNoEditorTargetPlatform (67)
[2017.03.23-20.39.55:179][130]LogModuleManager: Shutting down and abandoning module WindowsClientTargetPlatform (65)
[2017.03.23-20.39.55:179][130]LogModuleManager: Shutting down and abandoning module MacTargetPlatform (63)
[2017.03.23-20.39.55:179][130]LogModuleManager: Shutting down and abandoning module MacServerTargetPlatform (61)
[2017.03.23-20.39.55:180][130]LogModuleManager: Shutting down and abandoning module MacNoEditorTargetPlatform (59)
[2017.03.23-20.39.55:180][130]LogModuleManager: Shutting down and abandoning module MacClientTargetPlatform (57)
[2017.03.23-20.39.55:180][130]LogModuleManager: Shutting down and abandoning module AllDesktopTargetPlatform (55)
[2017.03.23-20.39.55:180][130]LogModuleManager: Shutting down and abandoning module InputCore (52)
[2017.03.23-20.39.55:180][130]LogModuleManager: Shutting down and abandoning module Settings (50)
[2017.03.23-20.39.55:180][130]LogModuleManager: Shutting down and abandoning module OculusRift (48)
[2017.03.23-20.39.55:180][130]LogModuleManager: Shutting down and abandoning module GearVR (46)
[2017.03.23-20.39.55:180][130]LogModuleManager: Shutting down and abandoning module ExampleDeviceProfileSelector (44)
[2017.03.23-20.39.55:180][130]LogModuleManager: Shutting down and abandoning module OnlineBlueprintSupport (42)
[2017.03.23-20.39.55:180][130]LogModuleManager: Shutting down and abandoning module OnlineSubsystem (38)
[2017.03.23-20.39.55:180][130]LogOnline:Display: Unloading online subsystem: NULL
[2017.03.23-20.39.55:182][130]LogModuleManager: Shutting down and abandoning module XMPP (37)
[2017.03.23-20.39.55:183][130]LogModuleManager: Shutting down and abandoning module HTTP (35)
[2017.03.23-20.39.55:184][130]LogHttp:Display: Http module shutting down, but needs to wait on 1 outstanding Http requests:
[2017.03.23-20.39.55:184][130]LogHttp:Display: 	verb=[POST] url=[https://datarouter.ol.epicgames.com/datarouter/api/v1/public/data?SessionID=%7BA5066FA2-476E-CF84-5A72-FE967833C057%7D&AppID=UEEditor.Rocket.Release&AppVersion=4.15.1-3348071%2B%2B%2BUE4%2BRelease-4.15&UserID=8c302d144559193dacf57282e4537a6d%7C1d93bd08b07d44d8aee1421bc67e0dd5%7C2f678aea-a734-4285-a967-b3de143619f5&AppEnvironment=datacollector-binary&UploadType=eteventstream] status=Processing
[2017.03.23-20.39.55:213][130]LogModuleManager: Shutting down and abandoning module SSL (34)
[2017.03.23-20.39.55:216][130]LogModuleManager: Shutting down and abandoning module AudioEditor (30)
[2017.03.23-20.39.55:218][130]LogModuleManager: Shutting down and abandoning module TextureCompressor (28)
[2017.03.23-20.39.55:219][130]LogModuleManager: Shutting down and abandoning module ShaderCore (26)
[2017.03.23-20.39.55:219][130]LogModuleManager: Shutting down and abandoning module Landscape (24)
[2017.03.23-20.39.55:219][130]LogModuleManager: Shutting down and abandoning module SlateRHIRenderer (22)
[2017.03.23-20.39.55:225][130]LogModuleManager: Shutting down and abandoning module OpenGLDrv (20)
[2017.03.23-20.39.55:226][130]LogModuleManager: Shutting down and abandoning module D3D11RHI (18)
[2017.03.23-20.39.55:227][130]LogModuleManager: Shutting down and abandoning module AnimGraphRuntime (16)
[2017.03.23-20.39.55:228][130]LogModuleManager: Shutting down and abandoning module Renderer (14)
[2017.03.23-20.39.55:228][130]LogModuleManager: Shutting down and abandoning module Engine (12)
[2017.03.23-20.39.55:228][130]LogModuleManager: Shutting down and abandoning module CoreUObject (10)
[2017.03.23-20.39.55:228][130]LogModuleManager: Shutting down and abandoning module NetworkFile (8)
[2017.03.23-20.39.55:228][130]LogModuleManager: Shutting down and abandoning module StreamingFile (6)
[2017.03.23-20.39.55:228][130]LogModuleManager: Shutting down and abandoning module SandboxFile (4)
[2017.03.23-20.39.55:228][130]LogModuleManager: Shutting down and abandoning module PakFile (2)
[2017.03.23-20.39.55:234][130]LogExit: Exiting.
[2017.03.23-20.39.55:239][130]Log file closed, 03/23/17 21:39:55
