Log file open, 03/16/17 20:09:08
LogInit:Display: Running engine for game: IsekaiLife
LogPlatformFile: Not using cached read wrapper
LogInit:Display: RandInit(1979098964) SRandInit(1979098964).
LogTaskGraph: Started task graph with 5 named threads and 8 total threads with 1 sets of task threads.
LogStats: Stats thread started at 0.080726
LogInit: Using libcurl 7.47.1
LogInit:  - built for x86_64-pc-win32
LogInit:  - supports SSL with OpenSSL/1.0.2g
LogInit:  - supports HTTP deflate (compression) using libz 1.2.8
LogInit:  - other features:
LogInit:      CURL_VERSION_SSL
LogInit:      CURL_VERSION_LIBZ
LogInit:      CURL_VERSION_IPV6
LogInit:      CURL_VERSION_ASYNCHDNS
LogInit:      CURL_VERSION_LARGEFILE
LogInit:      CURL_VERSION_IDN
LogInit:  CurlRequestOptions (configurable via config and command line):
LogInit:  - bVerifyPeer = false  - Libcurl will NOT verify peer certificate
LogInit:  - bUseHttpProxy = false  - Libcurl will NOT use HTTP proxy
LogInit:  - bDontReuseConnections = false  - Libcurl will reuse connections
LogInit:  - CertBundlePath = nullptr  - Libcurl will use whatever was configured at build time.
LogInit: Build: ++UE4+Release-4.15-CL-3299760
LogInit: Engine Version: 4.15.0-3299760+++UE4+Release-4.15
LogInit: Compatible Engine Version: 4.15.0-3299760+++UE4+Release-4.15
LogInit: Net CL: 3299760
LogDevObjectVersion: Number of dev versions registered: 14
LogDevObjectVersion:   Dev-Blueprints (B0D832E4-1F89-4F0D-ACCF-7EB736FD4AA2): 8
LogDevObjectVersion:   Dev-Build (E1C64328-A22C-4D53-A36C-8E866417BD8C): 0
LogDevObjectVersion:   Dev-Core (375EC13C-06E4-48FB-B500-84F0262A717E): 2
LogDevObjectVersion:   Dev-Editor (E4B068ED-F494-42E9-A231-DA0B2E46BB41): 14
LogDevObjectVersion:   Dev-Framework (CFFC743F-43B0-4480-9391-14DF171D2073): 22
LogDevObjectVersion:   Dev-Mobile (B02B49B5-BB20-44E9-A304-32B752E40360): 0
LogDevObjectVersion:   Dev-Networking (A4E4105C-59A1-49B5-A7C5-40C4547EDFEE): 0
LogDevObjectVersion:   Dev-Online (39C831C9-5AE6-47DC-9A44-9C173E1C8E7C): 0
LogDevObjectVersion:   Dev-Physics (78F01B33-EBEA-4F98-B9B4-84EACCB95AA2): 0
LogDevObjectVersion:   Dev-Platform (6631380F-2D4D-43E0-8009-CF276956A95A): 0
LogDevObjectVersion:   Dev-Rendering (12F88B9F-8875-4AFC-A67C-D90C383ABD29): 12
LogDevObjectVersion:   Dev-Sequencer (7B5AE74C-D270-4C10-A958-57980B212A5A): 3
LogDevObjectVersion:   Dev-VR (D7296918-1DD6-4BDD-9DE2-64A83CC13884): 0
LogDevObjectVersion:   Dev-LoadTimes (C2A15278-BFE7-4AFE-6C17-90FF531DF755): 1
LogInit: Compiled (64-bit): Feb 14 2017 02:04:14
LogInit: Compiled with Visual C++: 19.00.23026.00
LogInit: Build Configuration: Development
LogInit: Branch Name: ++UE4+Release-4.15
LogInit: Command line: -EpicPortal 
LogInit: Base directory: C:/Program Files/Epic Games/UE_4.15/Engine/Binaries/Win64/
LogInit: Installed Engine Build: 1
LogInit: Presizing for max 8388607 objects, including 0 objects not considered by GC, pre-allocating 0 bytes for permanent pool.
LogInit: Object subsystem initialized
[2017.03.16-19.09.09:343][  0]LogInit: Selected Device Profile: [Windows]
[2017.03.16-19.09.09:343][  0]LogInit: Applying CVar settings loaded from the selected device profile: [Windows]
[2017.03.16-19.09.09:363][  0]LogInit: Computer: DESKTOP-IJKOIIJ
[2017.03.16-19.09.09:363][  0]LogInit: User: Aratim
[2017.03.16-19.09.09:363][  0]LogInit: CPU Page size=65536, Cores=4
[2017.03.16-19.09.09:363][  0]LogInit: High frequency timer resolution =3.417967 MHz
[2017.03.16-19.09.09:363][  0]LogMemory: Memory total: Physical=8.0GB (8GB approx)
[2017.03.16-19.09.09:363][  0]LogMemory: Platform Memory Stats for Windows
[2017.03.16-19.09.09:363][  0]LogMemory: Process Physical Memory: 262.73 MB used, 262.73 MB peak
[2017.03.16-19.09.09:363][  0]LogMemory: Process Virtual Memory: 262.46 MB used, 262.46 MB peak
[2017.03.16-19.09.09:363][  0]LogMemory: Physical Memory: 5565.90 MB used,  2574.95 MB free, 8140.85 MB total
[2017.03.16-19.09.09:363][  0]LogMemory: Virtual Memory: 643.54 MB used,  2574.95 MB free, 134217728.00 MB total
[2017.03.16-19.09.09:445][  0]LogTextLocalizationManager: No translations for ('fr-FR') exist, falling back to 'en' for localization and internationalization data.
[2017.03.16-19.09.10:089][  0]LogD3D11RHI: D3D11 adapters:
[2017.03.16-19.09.10:646][  0]LogD3D11RHI:    0. 'NVIDIA GeForce GTX 1060 6GB' (Feature Level 11_0)
[2017.03.16-19.09.10:646][  0]LogD3D11RHI:       6084/0/4070 MB DedicatedVideo/DedicatedSystem/SharedSystem, Outputs:1, VendorId:0x10de
[2017.03.16-19.09.10:648][  0]LogD3D11RHI:    1. 'Microsoft Basic Render Driver' (Feature Level 11_0)
[2017.03.16-19.09.10:648][  0]LogD3D11RHI:       0/0/4070 MB DedicatedVideo/DedicatedSystem/SharedSystem, Outputs:0, VendorId:0x1414
[2017.03.16-19.09.10:648][  0]LogD3D11RHI: Chosen D3D11 Adapter: 0
[2017.03.16-19.09.10:652][  0]LogD3D11RHI: Creating new Direct3DDevice
[2017.03.16-19.09.10:652][  0]LogD3D11RHI:     GPU DeviceId: 0x1c03 (for the marketing name, search the web for "GPU Device Id")
[2017.03.16-19.09.10:652][  0]LogWindows: EnumDisplayDevices:
[2017.03.16-19.09.10:652][  0]LogWindows:    0. 'NVIDIA GeForce GTX 1060 6GB' (P:1 D:1)
[2017.03.16-19.09.10:652][  0]LogWindows:    1. 'NVIDIA GeForce GTX 1060 6GB' (P:0 D:0)
[2017.03.16-19.09.10:652][  0]LogWindows:    2. 'NVIDIA GeForce GTX 1060 6GB' (P:0 D:0)
[2017.03.16-19.09.10:652][  0]LogWindows:    3. 'NVIDIA GeForce GTX 1060 6GB' (P:0 D:0)
[2017.03.16-19.09.10:652][  0]LogWindows: DebugString: FoundDriverCount:4 
[2017.03.16-19.09.10:652][  0]LogD3D11RHI:     Adapter Name: NVIDIA GeForce GTX 1060 6GB
[2017.03.16-19.09.10:652][  0]LogD3D11RHI:   Driver Version: 378.78 (internal:21.21.13.7878, unified:378.78)
[2017.03.16-19.09.10:652][  0]LogD3D11RHI:      Driver Date: 2-23-2017
[2017.03.16-19.09.10:652][  0]LogRHI: Texture pool is 1361 MB (70% of 1945 MB)
[2017.03.16-19.09.11:169][  0]LogD3D11RHI: Async texture creation enabled
[2017.03.16-19.09.11:195][  0]LogD3D11RHI: GPU Timing Frequency: 1000.000000 (Debug: 2 1)
[2017.03.16-19.09.11:243][  0]LogShaderCompilers: Guid format shader working directory is -10 characters bigger than the processId version (X:/Aratim/Documents/GitHub/ProjetInfoSolo/IsekaiLife 4.15/Intermediate/Shaders/WorkingDirectory/1324/).
[2017.03.16-19.09.11:243][  0]LogShaderCompilers: Cleaned the shader compiler working directory 'C:/Users/Aratim/AppData/Local/Temp/UnrealShaderWorkingDir/E219FB72449AC67FD42BB3A9100167BB/'.
[2017.03.16-19.09.11:243][  0]LogShaderCompilers:Display: Using Local Shader Compiler.
[2017.03.16-19.09.12:240][  0]LogTemp:Display: Loaded TP AllDesktopTargetPlatform
[2017.03.16-19.09.12:293][  0]LogTemp:Display: Loaded TP MacClientTargetPlatform
[2017.03.16-19.09.12:348][  0]LogTemp:Display: Loaded TP MacNoEditorTargetPlatform
[2017.03.16-19.09.12:402][  0]LogTemp:Display: Loaded TP MacServerTargetPlatform
[2017.03.16-19.09.12:464][  0]LogTemp:Display: Loaded TP MacTargetPlatform
[2017.03.16-19.09.12:518][  0]LogTemp:Display: Loaded TP WindowsClientTargetPlatform
[2017.03.16-19.09.12:573][  0]LogTemp:Display: Loaded TP WindowsNoEditorTargetPlatform
[2017.03.16-19.09.12:627][  0]LogTemp:Display: Loaded TP WindowsServerTargetPlatform
[2017.03.16-19.09.12:671][  0]LogTemp:Display: Loaded TP WindowsTargetPlatform
[2017.03.16-19.09.12:724][  0]LogTemp:Display: Loaded TP AndroidTargetPlatform
[2017.03.16-19.09.12:775][  0]LogTemp:Display: Loaded TP Android_ASTCTargetPlatform
[2017.03.16-19.09.12:831][  0]LogTemp:Display: Loaded TP Android_ATCTargetPlatform
[2017.03.16-19.09.12:885][  0]LogTemp:Display: Loaded TP Android_DXTTargetPlatform
[2017.03.16-19.09.12:941][  0]LogTemp:Display: Loaded TP Android_ETC1TargetPlatform
[2017.03.16-19.09.12:995][  0]LogTemp:Display: Loaded TP Android_ETC2TargetPlatform
[2017.03.16-19.09.13:105][  0]LogTemp:Display: Loaded TP Android_MultiTargetPlatform
[2017.03.16-19.09.13:105][  0]LogTemp:Display: Loaded TP Android_PVRTCTargetPlatform
[2017.03.16-19.09.13:144][  0]LogTemp:Display: Loaded TP HTML5TargetPlatform
[2017.03.16-19.09.13:244][  0]LogTemp:Display: Loaded TP IOSTargetPlatform
[2017.03.16-19.09.13:279][  0]LogTemp:Display: Loaded TP TVOSTargetPlatform
[2017.03.16-19.09.13:333][  0]LogTemp:Display: Loaded TP LinuxClientTargetPlatform
[2017.03.16-19.09.13:384][  0]LogTemp:Display: Loaded TP LinuxNoEditorTargetPlatform
[2017.03.16-19.09.13:437][  0]LogTemp:Display: Loaded TP LinuxServerTargetPlatform
[2017.03.16-19.09.13:492][  0]LogTemp:Display: Loaded TP LinuxTargetPlatform
[2017.03.16-19.09.13:492][  0]LogTargetPlatformManager:Display: Building Assets For Windows
[2017.03.16-19.09.13:936][  0]LogDerivedDataCache:Display: Max Cache Size: 512 MB
[2017.03.16-19.09.13:997][  0]LogDerivedDataCache: Loaded boot cache 0.06s 50MB C:/Users/Aratim/AppData/Local/UnrealEngine/4.15/DerivedDataCache/Boot.ddc.
[2017.03.16-19.09.13:997][  0]LogDerivedDataCache:Display: Loaded Boot cache: C:/Users/Aratim/AppData/Local/UnrealEngine/4.15/DerivedDataCache/Boot.ddc
[2017.03.16-19.09.13:997][  0]LogDerivedDataCache: FDerivedDataBackendGraph:  Pak pak cache file X:/Aratim/Documents/GitHub/ProjetInfoSolo/IsekaiLife 4.15/DerivedDataCache/DDC.ddp not found, will not use a pak cache.
[2017.03.16-19.09.13:997][  0]LogDerivedDataCache: Unable to find inner node Pak for hierarchical cache Hierarchy.
[2017.03.16-19.09.13:997][  0]LogDerivedDataCache: FDerivedDataBackendGraph:  CompressedPak pak cache file X:/Aratim/Documents/GitHub/ProjetInfoSolo/IsekaiLife 4.15/DerivedDataCache/Compressed.ddp not found, will not use a pak cache.
[2017.03.16-19.09.13:997][  0]LogDerivedDataCache: Unable to find inner node CompressedPak for hierarchical cache Hierarchy.
[2017.03.16-19.09.14:015][  0]LogDerivedDataCache:Display: Pak cache opened for reading ../../../Engine/DerivedDataCache/Compressed.ddp.
[2017.03.16-19.09.14:027][  0]LogDerivedDataCache: Using Local data cache path C:/Users/Aratim/AppData/Local/UnrealEngine/Common/DerivedDataCache: Writable
[2017.03.16-19.09.14:036][  0]LogSlate: Using Freetype 2.6.0
[2017.03.16-19.09.14:036][  0]LogSlate: SlateFontCache - WITH_FREETYPE: 1, WITH_HARFBUZZ: 1
[2017.03.16-19.09.14:036][  0]LogSlate: SlateFontCache - WITH_FREETYPE: 1, WITH_HARFBUZZ: 1
[2017.03.16-19.09.14:279][  0]LogInit: Selected Device Profile: [Windows]
[2017.03.16-19.09.14:282][  0]LogContentStreaming: Texture pool size is 0.00 MB
[2017.03.16-19.09.14:486][  0]LogMeshUtilities: Using QuadricMeshReduction for automatic static mesh reduction
[2017.03.16-19.09.14:529][  0]LogSimplygon: Simplygon DLL not present - disabling.
[2017.03.16-19.09.14:578][  0]LogMeshUtilities: Using SimplygonSwarm for distributed automatic mesh merging
[2017.03.16-19.09.14:578][  0]LogMeshUtilities: No automatic skeletal mesh reduction module available
[2017.03.16-19.09.14:578][  0]LogMeshUtilities: No automatic mesh merging module available
[2017.03.16-19.09.15:126][  0]LogNetVersion: GetLocalNetworkVersion: CL: 3299760, ProjectName: isekailife, ProjectVersion: , EngineNetworkVersion: 2, GameNetworkVersion: 0, NetworkChecksum: 721096836
[2017.03.16-19.09.15:172][  0]LogAssetRegistry: FAssetRegistry took 0.0213 seconds to start up
[2017.03.16-19.09.15:231][  0]LogPackageLocalizationCache: Processed 3 localized package path(s) for 1 prioritized culture(s) in 0.037786 seconds
[2017.03.16-19.09.15:238][  0]LogUObjectArray: 32475 objects as part of root set at end of initial load.
[2017.03.16-19.09.15:238][  0]LogUObjectAllocator: 7073368 out of 0 bytes used by permanent object pool.
[2017.03.16-19.09.15:238][  0]LogUObjectArray: CloseDisregardForGC: 0/0 objects in disregard for GC pool
[2017.03.16-19.09.15:300][  0]LogInit: WinSock: version 1.1 (2.2), MaxSocks=32767, MaxUdp=65467
[2017.03.16-19.09.16:836][  0]LogTcpMessaging: Initializing TcpMessaging bridge
[2017.03.16-19.09.16:875][  0]LogUdpMessaging: Initializing bridge on interface 0.0.0.0:0 to multicast group 230.0.0.1:6666.
[2017.03.16-19.09.17:320][  0]LogMaterial: Uniform references updated for custom material expression Custom.
[2017.03.16-19.09.17:696][  0]SourceControl: Info Source control is disabled
[2017.03.16-19.09.17:697][  0]SourceControl: Info Source control is disabled
[2017.03.16-19.09.17:744][  0]SourceControl: Info Source control is disabled
[2017.03.16-19.09.17:789][  0]SourceControl: Info Source control is disabled
[2017.03.16-19.09.19:015][  0]LogEngine: Initializing Engine...
[2017.03.16-19.09.19:015][  0]LogHMD: Failed to initialize OpenVR with code 110
[2017.03.16-19.09.19:241][  0]LogAIModule: Creating AISystem for world Untitled
[2017.03.16-19.09.19:248][  0]LogInit: XAudio2 using 'Haut-parleurs (2- USB Audio Device)' : 2 channels at 44.1 kHz using 16 bits per sample (channel mask 0x3)
[2017.03.16-19.09.19:257][  0]LogInit: FAudioDevice initialized.
[2017.03.16-19.09.19:292][  0]LogDerivedDataCache: Saved boot cache 0.03s 50MB C:/Users/Aratim/AppData/Local/UnrealEngine/4.15/DerivedDataCache/Boot.ddc.
[2017.03.16-19.09.19:305][  0]LogInit: Texture streaming: Enabled
[2017.03.16-19.09.19:402][  0]LogEngineSessionManager: EngineSessionManager initialized
[2017.03.16-19.09.19:490][  0]LogInit: Transaction tracking system initialized
[2017.03.16-19.09.19:832][  0]BlueprintLog: New page: Editor Load
[2017.03.16-19.09.20:701][  0]LocalizationService: Info Localization service is disabled
[2017.03.16-19.09.21:359][  0]LogConsoleResponse:Display: 
[2017.03.16-19.09.21:482][  0]LogCook:Display: Max memory allowance for cook 16384mb min free memory 0mb
[2017.03.16-19.09.21:482][  0]LogCook:Display: Mobile HDR setting 1
[2017.03.16-19.09.21:940][  0]LogFileCache: Scanning file cache for directory 'X:/Aratim/Documents/GitHub/ProjetInfoSolo/IsekaiLife 4.15/Content/' took 0.02s
[2017.03.16-19.09.22:502][  0]SourceControl: Info Source control is disabled
[2017.03.16-19.09.22:502][  0]Cmd: MAP LOAD FILE="X:/Aratim/Documents/GitHub/ProjetInfoSolo/IsekaiLife 4.15/Content/ThirdPersonBP/Maps/ThirdPersonExampleMap.umap" TEMPLATE=0 SHOWPROGRESS=1 FEATURELEVEL=3
[2017.03.16-19.09.22:502][  0]LightingResults: New page: Lighting Build
[2017.03.16-19.09.22:541][  0]MapCheck: New page: Map Check
[2017.03.16-19.09.22:541][  0]LightingResults: New page: Lighting Build
[2017.03.16-19.09.23:692][  0]LogClass:Warning: Enum '/Game/InventorySystem/Blueprints/Enums/E_ItemCategories.E_ItemCategories' was upgraded to use FText to store its display name data. Please re-save this asset to avoid issues with localization and determinstic cooking.
[2017.03.16-19.09.24:033][  0]LogAIModule: Creating AISystem for world ThirdPersonExampleMap
[2017.03.16-19.09.24:042][  0]LogEditorServer: Finished looking for orphan Actors (0.000 secs)
[2017.03.16-19.09.24:042][  0]Cmd: MAP CHECKDEP NOCLEARLOG
[2017.03.16-19.09.24:085][  0]MapCheck: Info Map check complete: 0 Error(s), 0 Warning(s), took 42.68ms to complete.
[2017.03.16-19.09.24:085][  0]LogFileHelpers: Loading map 'ThirdPersonExampleMap' took 1.583
[2017.03.16-19.09.24:136][  0]LogWindowsTextInputMethodSystem:Display: IME system now deactivated.
[2017.03.16-19.09.24:268][  0]LogCollectionManager: Loaded 0 collections in 0.002135 seconds
[2017.03.16-19.09.24:346][  0]LogFileCache: Scanning file cache for directory 'X:/Aratim/Documents/GitHub/ProjetInfoSolo/IsekaiLife 4.15/Saved/Collections/' took 0.01s
[2017.03.16-19.09.24:346][  0]LogFileCache: Scanning file cache for directory 'X:/Aratim/Documents/GitHub/ProjetInfoSolo/IsekaiLife 4.15/Content/Developers/Aratim/Collections/' took 0.01s
[2017.03.16-19.09.24:346][  0]LogFileCache: Scanning file cache for directory 'X:/Aratim/Documents/GitHub/ProjetInfoSolo/IsekaiLife 4.15/Content/Collections/' took 0.01s
[2017.03.16-19.09.24:346][  0]LogCollectionManager: Rebuilt the GUID cache for 0 collections in 0.000002 seconds
[2017.03.16-19.09.24:354][  0]LogContentBrowser: Native class hierarchy populated in 0.0083 seconds. Added 2244 classes and 450 folders.
[2017.03.16-19.09.24:357][  0]LogStats: UGameplayTagsManager::ConstructGameplayTagTree: Construct from data asset -  0.000 s
[2017.03.16-19.09.24:357][  0]LogStats: UGameplayTagsManager::ConstructGameplayTagTree: GameplayTagTreeChangedEvent.Broadcast -  0.000 s
[2017.03.16-19.09.24:421][  0]LogContentBrowser: Native class hierarchy updated for 'WidgetCarousel' in 0.0005 seconds. Added 0 classes and 0 folders.
[2017.03.16-19.09.24:757][  0]LogContentBrowser: Native class hierarchy updated for 'AddContentDialog' in 0.0006 seconds. Added 0 classes and 0 folders.
[2017.03.16-19.09.24:798][  0]LogContentBrowser: Native class hierarchy updated for 'SceneOutliner' in 0.0005 seconds. Added 1 classes and 2 folders.
[2017.03.16-19.09.24:850][  0]LogCrashTracker: Crashtracker disabled due to settings.
[2017.03.16-19.09.24:857][  0]LogUObjectGlobals:Warning: Failed to find object 'Class None.'
[2017.03.16-19.09.24:923][  0]LogContentBrowser: Native class hierarchy updated for 'HierarchicalLODOutliner' in 0.0005 seconds. Added 1 classes and 2 folders.
[2017.03.16-19.09.24:923][  0]LogLoad: (Engine Initialization) Total time: 17.69 seconds
[2017.03.16-19.09.24:923][  0]LogLoad: (Engine Initialization) Total Blueprint compile time: 0.43 seconds
[2017.03.16-19.09.24:923][  0]LogExternalProfiler: Found external profiler: VSPerf
[2017.03.16-19.09.24:923][  0]LogExternalProfiler: Using external profiler: VSPerf
[2017.03.16-19.09.24:932][  0]LogOcInput: OculusInput pre-init called
[2017.03.16-19.09.24:953][  0]LogContentStreaming: Texture pool size now 1000 MB
[2017.03.16-19.09.24:954][  0]LogSlate: Took 0.000303 seconds to synchronously load lazily loaded font '../../../Engine/Content/Slate/Fonts/Roboto-Regular.ttf' (155K)
[2017.03.16-19.09.24:957][  0]LogSlate: Took 0.000271 seconds to synchronously load lazily loaded font '../../../Engine/Content/Slate/Fonts/Roboto-Bold.ttf' (160K)
[2017.03.16-19.09.24:972][  0]LogSlate: Took 0.010366 seconds to synchronously load lazily loaded font '../../../Engine/Content/Editor/Slate/Fonts/FontAwesome.ttf' (139K)
[2017.03.16-19.09.25:140][  0]LogSlate: Took 0.005626 seconds to synchronously load lazily loaded font '../../../Engine/Content/Slate/Fonts/Roboto-Light.ttf' (159K)
[2017.03.16-19.09.25:170][  0]LogRenderer: Reallocating scene render targets to support 1208x576 NumSamples 1 (Frame:2).
[2017.03.16-19.09.25:233][  1]LogAssetRegistry: Asset discovery search completed in 10.0829 seconds
[2017.03.16-19.09.25:233][  1]LogCollectionManager: Rebuilt the object cache for 0 collections in 0.000007 seconds (found 0 objects)
[2017.03.16-19.09.25:233][  1]LogCollectionManager: Fixed up redirectors for 0 collections in 0.000020 seconds (updated 0 objects)
[2017.03.16-19.09.25:954][ 77]LogSlate: Took 0.000294 seconds to synchronously load lazily loaded font '../../../Engine/Content/Slate/Fonts/Roboto-Light.ttf' (159K)
[2017.03.16-19.11.16:487][306]LogSlate: Took 0.000157 seconds to synchronously load lazily loaded font '../../../Engine/Content/Slate/Fonts/Roboto-Light.ttf' (159K)
[2017.03.16-19.11.16:961][306]LogContentBrowser: Native class hierarchy updated for 'BlueprintGraph' in 0.0009 seconds. Added 112 classes and 0 folders.
[2017.03.16-19.11.17:640][306]LogSlate: Took 0.004057 seconds to synchronously load lazily loaded font '../../../Engine/Content/Editor/Slate/Fonts/Roboto-BoldCondensed.ttf' (158K)
[2017.03.16-19.11.20:008][548]LogSlate: Took 0.004324 seconds to synchronously load lazily loaded font '../../../Engine/Content/Editor/Slate/Fonts/Roboto-Italic.ttf' (157K)
[2017.03.16-19.19.25:115][223]LogFileHelpers: Editor autosave (incl. sublevels) for '/Game/ThirdPersonBP/Maps/ThirdPersonExampleMap' took 0.053
[2017.03.16-19.19.25:117][223]OBJ SavePackage: Generating thumbnails for [0] asset(s) in package [/Game/InventorySystem/Widgets/InventorySlot] ([1] browsable assets)...
[2017.03.16-19.19.25:118][223]OBJ SavePackage: Finished generating thumbnails for package [/Game/InventorySystem/Widgets/InventorySlot]
[2017.03.16-19.19.25:440][223]LogSavePackage: Save=75.71ms
[2017.03.16-19.19.25:440][223]LogSavePackage: Moving 'X:/Aratim/Documents/GitHub/ProjetInfoSolo/IsekaiLife 4.15/Saved/InventorySlot_Auto11E59256144474706721E629B1E326BCC.tmp' to 'X:/Aratim/Documents/GitHub/ProjetInfoSolo/IsekaiLife 4.15/Saved/Autosaves/Game/InventorySystem/Widgets/InventorySlot_Auto1.uasset'
[2017.03.16-19.19.25:441][223]LogSavePackage:Display: Finished SavePackage X:/Aratim/Documents/GitHub/ProjetInfoSolo/IsekaiLife 4.15/Saved/Autosaves/Game/InventorySystem/Widgets/InventorySlot_Auto1.uasset
[2017.03.16-19.19.25:441][223]LogFileHelpers: Auto-saving content packages took 0.325
[2017.03.16-20.06.01:059][343]LogFileHelpers: Editor autosave (incl. sublevels) for '/Game/ThirdPersonBP/Maps/ThirdPersonExampleMap' took 0.015
[2017.03.16-20.06.01:060][343]OBJ SavePackage: Generating thumbnails for [0] asset(s) in package [/Game/InventorySystem/Widgets/InventorySlot] ([1] browsable assets)...
[2017.03.16-20.06.01:060][343]OBJ SavePackage: Finished generating thumbnails for package [/Game/InventorySystem/Widgets/InventorySlot]
[2017.03.16-20.06.01:365][343]LogSavePackage: Save=64.52ms
[2017.03.16-20.06.01:365][343]LogSavePackage: Moving 'X:/Aratim/Documents/GitHub/ProjetInfoSolo/IsekaiLife 4.15/Saved/InventorySlot_Auto2E57E372749F53C9FCE887C89824102FA.tmp' to 'X:/Aratim/Documents/GitHub/ProjetInfoSolo/IsekaiLife 4.15/Saved/Autosaves/Game/InventorySystem/Widgets/InventorySlot_Auto2.uasset'
[2017.03.16-20.06.01:366][343]LogSavePackage:Display: Finished SavePackage X:/Aratim/Documents/GitHub/ProjetInfoSolo/IsekaiLife 4.15/Saved/Autosaves/Game/InventorySystem/Widgets/InventorySlot_Auto2.uasset
[2017.03.16-20.06.01:366][343]LogFileHelpers: Auto-saving content packages took 0.307
[2017.03.16-20.06.37:527][ 34]LogEditorTransaction: Undo Move Nodes
[2017.03.16-20.06.55:734][907]BlueprintLog: New page: Compile InventorySlot
[2017.03.16-20.06.56:369][956]Cmd: OBJ SAVEPACKAGE PACKAGE="/Game/InventorySystem/Widgets/InventorySlot" FILE="X:/Aratim/Documents/GitHub/ProjetInfoSolo/IsekaiLife 4.15/Content/InventorySystem/Widgets/InventorySlot.uasset" SILENT=true
[2017.03.16-20.06.56:436][956]LogSavePackage: Save=63.58ms
[2017.03.16-20.06.56:436][956]LogSavePackage: Moving 'X:/Aratim/Documents/GitHub/ProjetInfoSolo/IsekaiLife 4.15/Saved/InventorySlotAE1A02384E9DD6972132DDB74826C6B8.tmp' to 'X:/Aratim/Documents/GitHub/ProjetInfoSolo/IsekaiLife 4.15/Content/InventorySystem/Widgets/InventorySlot.uasset'
[2017.03.16-20.06.56:441][956]LogSavePackage:Display: Finished SavePackage X:/Aratim/Documents/GitHub/ProjetInfoSolo/IsekaiLife 4.15/Content/InventorySystem/Widgets/InventorySlot.uasset
[2017.03.16-20.08.28:477][189]BlueprintLog: New page: Compile MainWidget
[2017.03.16-20.08.28:596][189]BlueprintEditorCompileResults: Info The execution path doesn't end with a return node.  
[2017.03.16-20.08.31:359][358]Cmd: OBJ SAVEPACKAGE PACKAGE="/Game/InventorySystem/Widgets/MainWidget" FILE="X:/Aratim/Documents/GitHub/ProjetInfoSolo/IsekaiLife 4.15/Content/InventorySystem/Widgets/MainWidget.uasset" SILENT=true
[2017.03.16-20.08.31:386][358]LogSavePackage: Save=19.75ms
[2017.03.16-20.08.31:386][358]LogSavePackage: Moving 'X:/Aratim/Documents/GitHub/ProjetInfoSolo/IsekaiLife 4.15/Saved/MainWidget2A2088EF4D435C7482413E92F1232B99.tmp' to 'X:/Aratim/Documents/GitHub/ProjetInfoSolo/IsekaiLife 4.15/Content/InventorySystem/Widgets/MainWidget.uasset'
[2017.03.16-20.08.31:413][358]LogSavePackage:Display: Finished SavePackage X:/Aratim/Documents/GitHub/ProjetInfoSolo/IsekaiLife 4.15/Content/InventorySystem/Widgets/MainWidget.uasset
[2017.03.16-20.09.44:827][751]LogBlueprint:Warning: [MainWidget] 'CurrentIndex' variable not found. Base class was probably changed.
[2017.03.16-20.09.44:827][751]LogBlueprint:Warning: [MainWidget] 'ItemInfo' variable not found. Base class was probably changed.
[2017.03.16-20.09.44:827][751]LogBlueprint:Warning: [MainWidget] 'Amount' variable not found. Base class was probably changed.
[2017.03.16-20.15.42:807][ 39]BlueprintLog: New page: Compile MainWidget
[2017.03.16-20.15.43:352][ 84]Cmd: OBJ SAVEPACKAGE PACKAGE="/Game/InventorySystem/Widgets/MainWidget" FILE="X:/Aratim/Documents/GitHub/ProjetInfoSolo/IsekaiLife 4.15/Content/InventorySystem/Widgets/MainWidget.uasset" SILENT=true
[2017.03.16-20.15.43:388][ 84]LogSavePackage: Save=29.51ms
[2017.03.16-20.15.43:388][ 84]LogSavePackage: Moving 'X:/Aratim/Documents/GitHub/ProjetInfoSolo/IsekaiLife 4.15/Saved/MainWidgetC182AE4848DD4AECF50BD7B9F8542E93.tmp' to 'X:/Aratim/Documents/GitHub/ProjetInfoSolo/IsekaiLife 4.15/Content/InventorySystem/Widgets/MainWidget.uasset'
[2017.03.16-20.15.43:390][ 84]LogSavePackage:Display: Finished SavePackage X:/Aratim/Documents/GitHub/ProjetInfoSolo/IsekaiLife 4.15/Content/InventorySystem/Widgets/MainWidget.uasset
[2017.03.16-20.17.31:112][899]BlueprintLog: New page: Compile Inventory
[2017.03.16-20.17.33:857][188]LogTemp: Repeting last play command: Selected Viewport
[2017.03.16-20.17.33:881][188]LogBlueprintUserMessages: Early PlayInEditor Detection: Level '/Game/ThirdPersonBP/Maps/ThirdPersonExampleMap.ThirdPersonExampleMap:PersistentLevel' has LevelScriptBlueprint '/Game/ThirdPersonBP/Maps/ThirdPersonExampleMap.ThirdPersonExampleMap:PersistentLevel.ThirdPersonExampleMap' with GeneratedClass '/Game/ThirdPersonBP/Maps/ThirdPersonExampleMap.ThirdPersonExampleMap_C' with ClassGeneratedBy '/Game/ThirdPersonBP/Maps/ThirdPersonExampleMap.ThirdPersonExampleMap:PersistentLevel.ThirdPersonExampleMap'
[2017.03.16-20.17.33:883][188]LogPlayLevel: PlayLevel: No blueprints needed recompiling
[2017.03.16-20.17.33:888][188]PIE: New page: PIE session: ThirdPersonExampleMap (Mar 16, 2017, 10:17:33 PM)
[2017.03.16-20.17.33:888][188]LogPlayLevel: Creating play world package: /Game/ThirdPersonBP/Maps/UEDPIE_0_ThirdPersonExampleMap
[2017.03.16-20.17.33:993][188]LogPlayLevel: PIE: StaticDuplicateObject took: (0.105143s)
[2017.03.16-20.17.33:994][188]LogAIModule: Creating AISystem for world ThirdPersonExampleMap
[2017.03.16-20.17.33:994][188]LogPlayLevel: PIE: World Init took: (0.000933s)
[2017.03.16-20.17.33:995][188]LogPlayLevel: PIE: Created PIE world by copying editor world from /Game/ThirdPersonBP/Maps/ThirdPersonExampleMap.ThirdPersonExampleMap to /Game/ThirdPersonBP/Maps/UEDPIE_0_ThirdPersonExampleMap.ThirdPersonExampleMap (0.107138s)
[2017.03.16-20.17.34:025][188]LogInit: XAudio2 using 'Haut-parleurs (2- USB Audio Device)' : 2 channels at 44.1 kHz using 16 bits per sample (channel mask 0x3)
[2017.03.16-20.17.34:033][188]LogInit: FAudioDevice initialized.
[2017.03.16-20.17.34:143][188]LogBlueprint:Warning: [Compiler ThirdPersonCharacter] Warning InputAction Event references unknown Action 'ResetVR' for  InputAction ResetVR
[2017.03.16-20.17.34:146][188]LogBlueprint:Warning: [Compiler ThirdPersonCharacter] Warning [4106.91] Compile of ThirdPersonCharacter successful, but with 1 Warning(s) [in 9 ms] (/Game/ThirdPersonBP/Blueprints/ThirdPersonCharacter.ThirdPersonCharacter)
[2017.03.16-20.17.34:146][188]LogBlueprint:Warning: [Compiler ThirdPersonCharacter] Warning [4106.91] Compile of ThirdPersonCharacter successful, but with 2 Warning(s) [in 0 ms] (/Game/ThirdPersonBP/Blueprints/ThirdPersonCharacter.ThirdPersonCharacter)
[2017.03.16-20.17.34:147][188]LogBlueprint:Warning: [Compiler ThirdPersonCharacter] Warning [4106.91] Compile of ThirdPersonCharacter successful, but with 3 Warning(s) [in 0 ms] (/Game/ThirdPersonBP/Blueprints/ThirdPersonCharacter.ThirdPersonCharacter)
[2017.03.16-20.17.34:153][188]LogBlueprint:Warning: [Compiler ThirdPersonCharacter] Warning InputAction Event references unknown Action 'ResetVR' for  InputAction ResetVR
[2017.03.16-20.17.34:157][188]LogBlueprint:Warning: [Compiler ThirdPersonCharacter] Warning [4106.92] Compile of ThirdPersonCharacter successful, but with 1 Warning(s) [in 8 ms] (/Game/ThirdPersonBP/Blueprints/ThirdPersonCharacter.ThirdPersonCharacter)
[2017.03.16-20.17.34:157][188]LogBlueprint:Warning: [Compiler ThirdPersonCharacter] Warning [4106.92] Compile of ThirdPersonCharacter successful, but with 2 Warning(s) [in 0 ms] (/Game/ThirdPersonBP/Blueprints/ThirdPersonCharacter.ThirdPersonCharacter)
[2017.03.16-20.17.34:157][188]LogBlueprint:Warning: [Compiler ThirdPersonCharacter] Warning [4106.92] Compile of ThirdPersonCharacter successful, but with 3 Warning(s) [in 0 ms] (/Game/ThirdPersonBP/Blueprints/ThirdPersonCharacter.ThirdPersonCharacter)
[2017.03.16-20.17.34:169][188]LogLoad: Game class is 'ThirdPersonGameMode_C'
[2017.03.16-20.17.34:173][188]LogWorld: Bringing World /Game/ThirdPersonBP/Maps/UEDPIE_0_ThirdPersonExampleMap.ThirdPersonExampleMap up for play (max tick rate 0) at 2017.03.16-21.17.34
[2017.03.16-20.17.34:180][188]LogWorld: Bringing up level for play took: 0.010174
[2017.03.16-20.17.34:358][188]LogContentBrowser: Native class hierarchy updated for 'MovieSceneCapture' in 0.0009 seconds. Added 11 classes and 0 folders.
[2017.03.16-20.17.34:380][188]PIE: Info Play in editor start time for /Game/ThirdPersonBP/Maps/UEDPIE_0_ThirdPersonExampleMap -0.157
[2017.03.16-20.17.34:381][188]LogBlueprintUserMessages: Late PlayInEditor Detection: Level '/Game/ThirdPersonBP/Maps/ThirdPersonExampleMap.ThirdPersonExampleMap:PersistentLevel' has LevelScriptBlueprint '/Game/ThirdPersonBP/Maps/ThirdPersonExampleMap.ThirdPersonExampleMap:PersistentLevel.ThirdPersonExampleMap' with GeneratedClass '/Game/ThirdPersonBP/Maps/ThirdPersonExampleMap.ThirdPersonExampleMap_C' with ClassGeneratedBy '/Game/ThirdPersonBP/Maps/ThirdPersonExampleMap.ThirdPersonExampleMap:PersistentLevel.ThirdPersonExampleMap'
[2017.03.16-20.17.34:412][188]LogRenderer: Reallocating scene render targets to support 1292x756 NumSamples 1 (Frame:14061).
[2017.03.16-20.18.46:309][692]LogBlueprintUserMessages: Early EndPlayMap Detection: Level '/Game/ThirdPersonBP/Maps/ThirdPersonExampleMap.ThirdPersonExampleMap:PersistentLevel' has LevelScriptBlueprint '/Game/ThirdPersonBP/Maps/ThirdPersonExampleMap.ThirdPersonExampleMap:PersistentLevel.ThirdPersonExampleMap' with GeneratedClass '/Game/ThirdPersonBP/Maps/ThirdPersonExampleMap.ThirdPersonExampleMap_C' with ClassGeneratedBy '/Game/ThirdPersonBP/Maps/ThirdPersonExampleMap.ThirdPersonExampleMap:PersistentLevel.ThirdPersonExampleMap'
[2017.03.16-20.18.46:352][692]LogBlueprintUserMessages: Late EndPlayMap Detection: Level '/Game/ThirdPersonBP/Maps/ThirdPersonExampleMap.ThirdPersonExampleMap:PersistentLevel' has LevelScriptBlueprint '/Game/ThirdPersonBP/Maps/ThirdPersonExampleMap.ThirdPersonExampleMap:PersistentLevel.ThirdPersonExampleMap' with GeneratedClass '/Game/ThirdPersonBP/Maps/ThirdPersonExampleMap.ThirdPersonExampleMap_C' with ClassGeneratedBy '/Game/ThirdPersonBP/Maps/ThirdPersonExampleMap.ThirdPersonExampleMap:PersistentLevel.ThirdPersonExampleMap'
[2017.03.16-20.18.51:964][332]LogSavePackage: Save=142.21ms
[2017.03.16-20.18.51:964][332]LogSavePackage: Moving 'X:/Aratim/Documents/GitHub/ProjetInfoSolo/IsekaiLife 4.15/Saved/ThirdPersonExampleMapB7378A43433BD9D991DABF9CB20FB2B5.tmp' to 'X:/Aratim/Documents/GitHub/ProjetInfoSolo/IsekaiLife 4.15/Content/ThirdPersonBP/Maps/ThirdPersonExampleMap.umap'
[2017.03.16-20.18.51:965][332]LogSavePackage:Display: Finished SavePackage X:/Aratim/Documents/GitHub/ProjetInfoSolo/IsekaiLife 4.15/Content/ThirdPersonBP/Maps/ThirdPersonExampleMap.umap
[2017.03.16-20.18.52:319][332]LogSavePackage: Save=171.80ms
[2017.03.16-20.18.52:319][332]LogSavePackage: Moving 'X:/Aratim/Documents/GitHub/ProjetInfoSolo/IsekaiLife 4.15/Saved/ThirdPersonExampleMap_BuiltData4C98F2A94ECEBF64D218D79654109521.tmp' to 'X:/Aratim/Documents/GitHub/ProjetInfoSolo/IsekaiLife 4.15/Content/ThirdPersonBP/Maps/ThirdPersonExampleMap_BuiltData.uasset'
[2017.03.16-20.18.52:319][332]LogSavePackage:Display: Finished SavePackage X:/Aratim/Documents/GitHub/ProjetInfoSolo/IsekaiLife 4.15/Content/ThirdPersonBP/Maps/ThirdPersonExampleMap_BuiltData.uasset
[2017.03.16-20.18.56:361][812]Cmd: OBJ SAVEPACKAGE PACKAGE="/Game/InventorySystem/Widgets/Inventory" FILE="X:/Aratim/Documents/GitHub/ProjetInfoSolo/IsekaiLife 4.15/Content/InventorySystem/Widgets/Inventory.uasset" SILENT=true
[2017.03.16-20.18.56:407][812]LogSavePackage: Save=39.33ms
[2017.03.16-20.18.56:407][812]LogSavePackage: Moving 'X:/Aratim/Documents/GitHub/ProjetInfoSolo/IsekaiLife 4.15/Saved/Inventory0A85259B4F411D075B3DB5979D9F96E7.tmp' to 'X:/Aratim/Documents/GitHub/ProjetInfoSolo/IsekaiLife 4.15/Content/InventorySystem/Widgets/Inventory.uasset'
[2017.03.16-20.18.56:409][812]LogSavePackage:Display: Finished SavePackage X:/Aratim/Documents/GitHub/ProjetInfoSolo/IsekaiLife 4.15/Content/InventorySystem/Widgets/Inventory.uasset
[2017.03.16-23.13.36:026][683]LogSavePackage: Save=195.19ms
[2017.03.16-23.13.36:026][683]LogSavePackage: Moving 'X:/Aratim/Documents/GitHub/ProjetInfoSolo/IsekaiLife 4.15/Saved/ThirdPersonExampleMap9FCFFD2445780511E90718A230C99D7D.tmp' to 'X:/Aratim/Documents/GitHub/ProjetInfoSolo/IsekaiLife 4.15/Content/ThirdPersonBP/Maps/ThirdPersonExampleMap.umap'
[2017.03.16-23.13.36:028][683]LogSavePackage:Display: Finished SavePackage X:/Aratim/Documents/GitHub/ProjetInfoSolo/IsekaiLife 4.15/Content/ThirdPersonBP/Maps/ThirdPersonExampleMap.umap
[2017.03.16-23.13.36:404][683]LogSavePackage: Save=145.07ms
[2017.03.16-23.13.36:404][683]LogSavePackage: Moving 'X:/Aratim/Documents/GitHub/ProjetInfoSolo/IsekaiLife 4.15/Saved/ThirdPersonExampleMap_BuiltData9C7B5BA040FBF8BA087E1EA69CC625DA.tmp' to 'X:/Aratim/Documents/GitHub/ProjetInfoSolo/IsekaiLife 4.15/Content/ThirdPersonBP/Maps/ThirdPersonExampleMap_BuiltData.uasset'
[2017.03.16-23.13.36:405][683]LogSavePackage:Display: Finished SavePackage X:/Aratim/Documents/GitHub/ProjetInfoSolo/IsekaiLife 4.15/Content/ThirdPersonBP/Maps/ThirdPersonExampleMap_BuiltData.uasset
[2017.03.16-23.13.37:634][776]Cmd: QUIT_EDITOR
[2017.03.16-23.13.38:492][776]LogWindowsTextInputMethodSystem:Display: IME system now deactivated.
[2017.03.16-23.13.38:530][776]LogExit: Preparing to exit.
[2017.03.16-23.13.39:478][776]LogExit: Editor shut down
[2017.03.16-23.13.39:479][776]LogExit: Transaction tracking system shut down
[2017.03.16-23.13.39:710][776]LogObj: Freed 0b from 0 cluster array pools.
[2017.03.16-23.13.39:710][776]LogExit: Object subsystem successfully closed.
[2017.03.16-23.13.39:746][776]LogD3D11RHI: Shutdown
[2017.03.16-23.13.39:746][776]LogD3D11RHI: CleanupD3DDevice
[2017.03.16-23.13.39:821][776]LogD3D11RHI: ~FD3D11DynamicRHI
[2017.03.16-23.13.39:864][776]LogModuleManager: Shutting down and abandoning module MovieSceneCapture (504)
[2017.03.16-23.13.39:864][776]LogModuleManager: Shutting down and abandoning module SequencerWidgets (502)
[2017.03.16-23.13.39:864][776]LogModuleManager: Shutting down and abandoning module BlueprintGraph (500)
[2017.03.16-23.13.39:864][776]LogModuleManager: Shutting down and abandoning module BlueprintProfiler (498)
[2017.03.16-23.13.39:866][776]LogModuleManager: Shutting down and abandoning module HierarchicalLODOutliner (496)
[2017.03.16-23.13.39:866][776]LogModuleManager: Shutting down and abandoning module CrashTracker (494)
[2017.03.16-23.13.39:866][776]LogModuleManager: Shutting down and abandoning module SceneOutliner (492)
[2017.03.16-23.13.39:867][776]LogModuleManager: Shutting down and abandoning module AddContentDialog (490)
[2017.03.16-23.13.39:867][776]LogDirectoryWatcher: A directory notification for 'C:/Program Files/Epic Games/UE_4.15/FeaturePacks/' was aborted.
[2017.03.16-23.13.39:873][776]LogModuleManager: Shutting down and abandoning module WidgetCarousel (489)
[2017.03.16-23.13.39:873][776]LogModuleManager: Shutting down and abandoning module EditorWidgets (486)
[2017.03.16-23.13.39:873][776]LogModuleManager: Shutting down and abandoning module CollectionManager (484)
[2017.03.16-23.13.39:874][776]LogDirectoryWatcher: A directory notification for 'X:/Aratim/Documents/GitHub/ProjetInfoSolo/IsekaiLife 4.15/Content/Collections/' was aborted.
[2017.03.16-23.13.39:874][776]LogDirectoryWatcher: A directory notification for 'X:/Aratim/Documents/GitHub/ProjetInfoSolo/IsekaiLife 4.15/Content/Developers/Aratim/Collections/' was aborted.
[2017.03.16-23.13.39:874][776]LogDirectoryWatcher: A directory notification for 'X:/Aratim/Documents/GitHub/ProjetInfoSolo/IsekaiLife 4.15/Saved/Collections/' was aborted.
[2017.03.16-23.13.39:874][776]LogModuleManager: Shutting down and abandoning module StatsViewer (482)
[2017.03.16-23.13.39:875][776]LogModuleManager: Shutting down and abandoning module FoliageEdit (480)
[2017.03.16-23.13.39:875][776]LogModuleManager: Shutting down and abandoning module LandscapeEditor (478)
[2017.03.16-23.13.39:876][776]LogModuleManager: Shutting down and abandoning module SceneDepthPickerMode (476)
[2017.03.16-23.13.39:876][776]LogModuleManager: Shutting down and abandoning module ActorPickerMode (474)
[2017.03.16-23.13.39:876][776]LogModuleManager: Shutting down and abandoning module GeometryMode (472)
[2017.03.16-23.13.39:876][776]LogModuleManager: Shutting down and abandoning module TextureAlignMode (470)
[2017.03.16-23.13.39:876][776]LogModuleManager: Shutting down and abandoning module BspMode (468)
[2017.03.16-23.13.39:876][776]LogModuleManager: Shutting down and abandoning module HardwareSurvey (466)
[2017.03.16-23.13.39:877][776]LogModuleManager: Shutting down and abandoning module SequenceRecorderSections (464)
[2017.03.16-23.13.39:877][776]LogModuleManager: Shutting down and abandoning module AutomationWorker (462)
[2017.03.16-23.13.39:878][776]LogModuleManager: Shutting down and abandoning module MatineeToLevelSequence (460)
[2017.03.16-23.13.39:878][776]LogModuleManager: Shutting down and abandoning module LevelSequenceEditor (458)
[2017.03.16-23.13.39:880][776]LogModuleManager: Shutting down and abandoning module PlacementMode (457)
[2017.03.16-23.13.39:880][776]LogModuleManager: Shutting down and abandoning module WmfMediaFactory (454)
[2017.03.16-23.13.39:880][776]LogModuleManager: Shutting down and abandoning module WmfMediaEditor (452)
[2017.03.16-23.13.39:880][776]LogModuleManager: Shutting down and abandoning module MfMediaFactory (450)
[2017.03.16-23.13.39:880][776]LogModuleManager: Shutting down and abandoning module MfMediaEditor (448)
[2017.03.16-23.13.39:880][776]LogModuleManager: Shutting down and abandoning module AvfMediaFactory (446)
[2017.03.16-23.13.39:880][776]LogModuleManager: Shutting down and abandoning module AvfMediaEditor (444)
[2017.03.16-23.13.39:880][776]LogModuleManager: Shutting down and abandoning module AndroidMediaFactory (442)
[2017.03.16-23.13.39:880][776]LogModuleManager: Shutting down and abandoning module Media (441)
[2017.03.16-23.13.39:880][776]LogModuleManager: Shutting down and abandoning module AndroidMediaEditor (438)
[2017.03.16-23.13.39:880][776]LogModuleManager: Shutting down and abandoning module CharacterAI (436)
[2017.03.16-23.13.39:880][776]LogModuleManager: Shutting down and abandoning module AudioCapture (434)
[2017.03.16-23.13.39:880][776]LogModuleManager: Shutting down and abandoning module SequenceRecorder (433)
[2017.03.16-23.13.39:883][776]LogModuleManager: Shutting down and abandoning module SmartSnapping (430)
[2017.03.16-23.13.39:883][776]LogModuleManager: Shutting down and abandoning module SessionServices (428)
[2017.03.16-23.13.39:883][776]LogModuleManager: Shutting down and abandoning module ViewportSnapping (426)
[2017.03.16-23.13.39:883][776]LogModuleManager: Shutting down and abandoning module ViewportInteraction (424)
[2017.03.16-23.13.39:883][776]LogModuleManager: Shutting down and abandoning module LogVisualizer (422)
[2017.03.16-23.13.39:884][776]LogModuleManager: Shutting down and abandoning module IntroTutorials (420)
[2017.03.16-23.13.39:885][776]LogModuleManager: Shutting down and abandoning module GameProjectGeneration (419)
[2017.03.16-23.13.39:886][776]LogModuleManager: Shutting down and abandoning module EditorLiveStreaming (416)
[2017.03.16-23.13.39:886][776]LogModuleManager: Shutting down and abandoning module IOSPlatformEditor (414)
[2017.03.16-23.13.39:886][776]LogModuleManager: Shutting down and abandoning module HTML5PlatformEditor (412)
[2017.03.16-23.13.39:886][776]LogModuleManager: Shutting down and abandoning module AndroidPlatformEditor (410)
[2017.03.16-23.13.39:887][776]LogModuleManager: Shutting down and abandoning module AndroidDeviceDetection (409)
